22:44:18.065 [main                     ] DEBUG Logger               - Configured Logger
22:44:18.082 [main                     ] DEBUG GameApplication      - Logging settings
Title: Untitled
Version: 0.0
Width: 1200
Height: 640
Fullscreen: false
Intro: false
Profiling: false
Single step:false
App Mode: DEVELOPER
Menu Key: ESCAPE
Stage Style: DECORATED
Scene Factory: class com.almasb.fxgl.app.scene.SceneFactory

22:44:18.491 [JavaFX Application Thread] DEBUG FXGLApplication      - Initializing FXGL
22:44:18.495 [JavaFX Application Thread] INFO  Engine               - FXGL-17+dev-SNAPSHOT (22.04.2022 11.52) on WINDOWS (J:18 FX:18)
22:44:18.495 [JavaFX Application Thread] DEBUG Engine               - JRE Vendor Name: Oracle Corporation
22:44:18.495 [JavaFX Application Thread] DEBUG Engine               - Running on OS: Windows 10 version 10.0
22:44:18.495 [JavaFX Application Thread] DEBUG Engine               - Architecture: amd64
22:44:18.495 [JavaFX Application Thread] INFO  Engine               - Source code and latest versions at: https://github.com/AlmasB/FXGL
22:44:18.495 [JavaFX Application Thread] INFO  Engine               -       Ask questions and discuss at: https://github.com/AlmasB/FXGL/discussions
22:44:18.495 [JavaFX Application Thread] INFO  Engine               -              Join the FXGL chat at: https://gitter.im/AlmasB/FXGL
22:44:18.547 [JavaFX Application Thread] DEBUG PrimaryStageWindow   - Creating a JavaFX scene
22:44:18.573 [JavaFX Application Thread] DEBUG PrimaryStageWindow   - Target settings size: 1200.0 x 640.0
22:44:18.573 [JavaFX Application Thread] DEBUG PrimaryStageWindow   - Scaled scene size:    1200.0 x 640.0
22:44:18.573 [JavaFX Application Thread] DEBUG PrimaryStageWindow   - Scaled ratio: (1.0, 1.0)
22:44:18.574 [JavaFX Application Thread] DEBUG PrimaryStageWindow   - Set initial scene to FXGLStartupScene
22:44:18.579 [JavaFX Application Thread] DEBUG PrimaryStageWindow   - Opening main window
22:44:18.689 [JavaFX Application Thread] DEBUG PrimaryStageWindow   - Window border size: (16.0, 39.0)
22:44:18.689 [JavaFX Application Thread] DEBUG PrimaryStageWindow   - Scaled size: 1200.0 x 640.0
22:44:18.689 [JavaFX Application Thread] DEBUG PrimaryStageWindow   - Scaled ratio: (1.0, 1.0)
22:44:18.689 [JavaFX Application Thread] DEBUG PrimaryStageWindow   - Scene size: 1200.0 x 640.0
22:44:18.690 [JavaFX Application Thread] DEBUG PrimaryStageWindow   - Stage size: 1216.0 x 679.0
22:44:18.695 [FXGL Background Thread 1 ] DEBUG Engine               - Initializing environment variables
22:44:18.728 [FXGL Background Thread 1 ] DEBUG FXGLAssetLoaderServi - User app class for loading assets: class com.pioneer10.model.LivGiove
22:44:18.729 [FXGL Background Thread 1 ] DEBUG GameApplicationServi - Applying CSS: fxgl_dark.css
22:44:18.730 [FXGL Background Thread 1 ] DEBUG FXGLAssetLoaderServi - Loading from file system: jar:file:///C:/Users/mattu/.m2/repository/com/github/almasb/fxgl/17+dev-SNAPSHOT/fxgl-17+dev-20220422.115207-44.jar!/fxglassets/ui/css/fxgl_dark.css
22:44:18.768 [FXGL Background Thread 1 ] DEBUG GameApplicationServi - Initializing application scenes
22:44:18.804 [FXGL Background Thread 1 ] DEBUG GameWorld            - Game world initialized
22:44:18.846 [FXGL Background Thread 1 ] DEBUG PhysicsWorld         - Physics world initialized: appHeight=640, physics.ppm=50,0
22:44:18.847 [FXGL Background Thread 1 ] DEBUG PhysicsWorld         - Using strategy: BRUTE_FORCE
22:44:18.853 [FXGL Background Thread 1 ] DEBUG GameScene            - Game scene initialized: 1200x640
22:44:18.862 [FXGL Background Thread 1 ] DEBUG FXGL.DefaultMenu     - createMenuBodyGameMenu()
22:44:18.872 [FXGL Background Thread 1 ] DEBUG FXGL.DefaultMenu     - createOptionsMenu()
22:44:18.884 [FXGL Background Thread 1 ] DEBUG FXGLAssetLoaderServi - Loading from file system: jar:file:///C:/Users/mattu/.m2/repository/com/github/almasb/fxgl/17+dev-SNAPSHOT/fxgl-17+dev-20220422.115207-44.jar!/fxglassets/textures/particles/smoke.png
22:44:18.940 [FXGL Background Thread 1 ] DEBUG FXGLAssetLoaderServi - Loading from file system: jar:file:///C:/Users/mattu/.m2/repository/com/github/almasb/fxgl/17+dev-SNAPSHOT/fxgl-17+dev-20220422.115207-44.jar!/fxglassets/textures/particles/trace_horizontal.png
22:44:18.957 [FXGL Background Thread 1 ] DEBUG GameApplicationServi - Application scenes initialized
22:44:18.967 [FXGL Background Thread 1 ] DEBUG SystemBundleService  - Loading FXGL system data
22:44:18.969 [FXGL Background Thread 1 ] DEBUG FileSystemAccess     - Reading from: D:\FERMI-FEDE\4BIF_2021-2022\Informatica\Giochi\Pioneer-10\system\fxgl.bundle
22:44:18.976 [FXGL Background Thread 1 ] DEBUG SystemBundleService  - Bundle FXGL: {}
22:44:18.976 [FXGL Background Thread 1 ] DEBUG UpdaterService       - Checking for updates
22:44:18.979 [FXGL Background Thread 4 ] DEBUG FXGLApplication      - Loading fonts
22:44:18.980 [FXGL Background Thread 1 ] DEBUG FXGLApplication      - Loading default localization
22:44:18.980 [FXGL Background Thread 4 ] DEBUG FXGLAssetLoaderServi - Loading from file system: jar:file:///C:/Users/mattu/.m2/repository/com/github/almasb/fxgl/17+dev-SNAPSHOT/fxgl-17+dev-20220422.115207-44.jar!/fxglassets/ui/fonts/VarelaRound-Regular.ttf
22:44:18.992 [FXGL Background Thread 1 ] INFO  FXGLApplication      - FXGL initialization took: 0,297 sec
22:44:19.001 [JavaFX Application Thread] DEBUG Input                - Registered new binding: Left - A
22:44:19.001 [JavaFX Application Thread] DEBUG Input                - Registered new binding: Right - D
22:44:19.001 [JavaFX Application Thread] DEBUG Input                - Registered new binding: Jump - Space
22:44:19.001 [JavaFX Application Thread] DEBUG FXGLAssetLoaderServi - Loading from file system: jar:file:///C:/Users/mattu/.m2/repository/com/github/almasb/fxgl/17+dev-SNAPSHOT/fxgl-17+dev-20220422.115207-44.jar!/fxglassets/textures/fxgl_icon.png
22:44:19.012 [JavaFX Application Thread] DEBUG FXGLAssetLoaderServi - Loading from file system: jar:file:///C:/Users/mattu/.m2/repository/com/github/almasb/fxgl/17+dev-SNAPSHOT/fxgl-17+dev-20220422.115207-44.jar!/fxglassets/textures/fxgl_default_cursor.png
22:44:19.013 [JavaFX Application Thread] DEBUG Input                - Registered new binding: Screenshot - CTRL+8
22:44:19.013 [JavaFX Application Thread] DEBUG Input                - Registered new binding: System info dump - CTRL+9
22:44:19.013 [JavaFX Application Thread] DEBUG Input                - Registered new binding: Restart - CTRL+R
22:44:19.014 [JavaFX Application Thread] DEBUG Input                - Registered new binding: Toggle Debug Camera - CTRL+7
22:44:19.015 [JavaFX Application Thread] DEBUG LoopRunner           - Starting loop
22:44:19.015 [JavaFX Application Thread] DEBUG LoopRunner           - Initializing JavaFX AnimationTimerLoop
22:44:19.016 [JavaFX Application Thread] DEBUG GameApplicationServi - Starting new game
22:44:19.016 [JavaFX Application Thread] DEBUG Input                - Clearing active input actions
22:44:19.016 [FXGL Background Thread 4 ] DEBUG FXGLAssetLoaderServi - Loading from file system: jar:file:///C:/Users/mattu/.m2/repository/com/github/almasb/fxgl/17+dev-SNAPSHOT/fxgl-17+dev-20220422.115207-44.jar!/fxglassets/ui/fonts/Abel-Regular.ttf
22:44:19.018 [FXGL Background Thread 4 ] DEBUG FXGLAssetLoaderServi - Loading from file system: jar:file:///C:/Users/mattu/.m2/repository/com/github/almasb/fxgl/17+dev-SNAPSHOT/fxgl-17+dev-20220422.115207-44.jar!/fxglassets/ui/fonts/TerminalLandMono-Regular.otf
22:44:19.020 [FXGL Background Thread 4 ] DEBUG FXGLAssetLoaderServi - Loading from file system: jar:file:///C:/Users/mattu/.m2/repository/com/github/almasb/fxgl/17+dev-SNAPSHOT/fxgl-17+dev-20220422.115207-44.jar!/fxglassets/ui/fonts/Courier-Prime.ttf
22:44:19.022 [JavaFX Application Thread] DEBUG GameApplicationServi - Removing overlay from FXGLStartupScene and adding to FXGLLoadingScene
22:44:19.023 [JavaFX Application Thread] DEBUG PrimaryStageWindow   - FXGLStartupScene -> FXGLLoadingScene
22:44:19.023 [JavaFX Application Thread] DEBUG GameApplicationServi - Clearing previous game
22:44:19.023 [JavaFX Application Thread] DEBUG GameScene            - Clearing game scene
22:44:19.023 [JavaFX Application Thread] DEBUG GameWorld            - Clearing game world
22:44:19.023 [JavaFX Application Thread] DEBUG PhysicsWorld         - Clearing physics world
22:44:19.024 [FXGL Background Thread 4 ] DEBUG FXGLApplication      - Initializing game
22:44:19.024 [JavaFX Application Thread] DEBUG FXGLApplication      - Registering font factories with UI factory
22:44:19.049 [FXGL Background Thread 4 ] WARN  TMXLevelLoader       - TiledMap generated from 1.8.4. Supported version: 1.4.2. Some features may not be parsed fully.
22:44:19.063 [FXGL Background Thread 4 ] DEBUG TMXLevelLoader       - Parsed TiledMap: file:/D:/FERMI-FEDE/4BIF_2021-2022/Informatica/Giochi/Pioneer-10/target/classes/assets/levels/Terra/MappaTerra.tmx
22:44:19.064 [FXGL Background Thread 4 ] DEBUG TMXLevelLoader       - Creating tile layer entities
22:44:19.065 [FXGL Background Thread 4 ] DEBUG TilesetLoader        - Loading view for layer Livello tile 1
22:44:19.073 [FXGL Background Thread 4 ] DEBUG TilesetLoader        - Created buffer with size 4800.0x640.0
22:44:19.091 [FXGL Background Thread 4 ] WARN  TilesetLoader        - Diagonally flipped tiles are not currently supported
22:44:19.096 [FXGL Background Thread 4 ] WARN  TilesetLoader        - Diagonally flipped tiles are not currently supported
22:44:19.096 [FXGL Background Thread 4 ] WARN  TilesetLoader        - Diagonally flipped tiles are not currently supported
22:44:19.119 [FXGL Background Thread 4 ] WARN  TilesetLoader        - Diagonally flipped tiles are not currently supported
22:44:19.123 [FXGL Background Thread 4 ] WARN  TilesetLoader        - Diagonally flipped tiles are not currently supported
22:44:19.125 [FXGL Background Thread 4 ] DEBUG TMXLevelLoader       - Creating object layer entities
22:44:19.148 [FXGL Background Thread 4 ] WARN  FXGLAssetLoaderServi - Asset "/assets/textures/0xff0000ff" was not found!
22:44:19.149 [FXGL Background Thread 4 ] WARN  FXGLAssetLoaderServi - Failed to load IMAGE
22:44:19.163 [FXGL Background Thread 4 ] DEBUG GameWorld            - Clearing removable entities
22:44:19.163 [FXGL Background Thread 4 ] DEBUG GameWorld            - Setting level: com.almasb.fxgl.entity.level.Level@1748ed9a
22:44:19.222 [FXGL Background Thread 4 ] INFO  FXGLApplication      - Game initialization took: 0,197 sec
22:44:19.224 [JavaFX Application Thread] DEBUG Input                - Clearing active input actions
22:44:19.231 [JavaFX Application Thread] DEBUG GameApplicationServi - Removing overlay from FXGLLoadingScene and adding to GameScene
22:44:19.231 [JavaFX Application Thread] DEBUG PrimaryStageWindow   - FXGLLoadingScene -> GameScene
22:44:19.251 [FXGL Background Thread 2 ] INFO  UpdaterService       - Your current version:  17+dev-SNAPSHOT
22:44:19.251 [FXGL Background Thread 2 ] INFO  UpdaterService       - Latest stable version: 17.1
22:44:21.979 [FXGL Background Thread 3 ] DEBUG Engine               - Logging environment variables
22:44:21.979 [FXGL Background Thread 3 ] DEBUG Engine               - achievements: []
22:44:21.979 [FXGL Background Thread 3 ] DEBUG Engine               - actualHeight: 640.0
22:44:21.979 [FXGL Background Thread 3 ] DEBUG Engine               - actualHeightProperty: ReadOnlyDoubleProperty [value: 640.0]
22:44:21.979 [FXGL Background Thread 3 ] DEBUG Engine               - actualWidth: 1200.0
22:44:21.979 [FXGL Background Thread 3 ] DEBUG Engine               - actualWidthProperty: ReadOnlyDoubleProperty [value: 1200.0]
22:44:21.980 [FXGL Background Thread 3 ] DEBUG Engine               - appIcon: fxgl_icon.png
22:44:21.980 [FXGL Background Thread 3 ] DEBUG Engine               - applicationMode: DEVELOPER
22:44:21.980 [FXGL Background Thread 3 ] DEBUG Engine               - cSSList: [fxgl_dark.css]
22:44:21.980 [FXGL Background Thread 3 ] DEBUG Engine               - collisionDetectionStrategy: BRUTE_FORCE
22:44:21.980 [FXGL Background Thread 3 ] DEBUG Engine               - configClass: Optional.empty
22:44:21.980 [FXGL Background Thread 3 ] DEBUG Engine               - credits: []
22:44:21.980 [FXGL Background Thread 3 ] DEBUG Engine               - defaultCursor: CursorInfo(imageName=fxgl_default_cursor.png, hotspotX=7.0, hotspotY=6.0)
22:44:21.980 [FXGL Background Thread 3 ] DEBUG Engine               - devBBoxColorProperty: ObjectProperty [value: 0xff0000ff]
22:44:21.980 [FXGL Background Thread 3 ] DEBUG Engine               - devEnableDebugCameraProperty: BooleanProperty [value: false]
22:44:21.980 [FXGL Background Thread 3 ] DEBUG Engine               - devSensorColorProperty: ObjectProperty [value: 0xffff00ff]
22:44:21.980 [FXGL Background Thread 3 ] DEBUG Engine               - devShowBBoxProperty: BooleanProperty [value: false]
22:44:21.980 [FXGL Background Thread 3 ] DEBUG Engine               - devShowPositionProperty: BooleanProperty [value: false]
22:44:21.980 [FXGL Background Thread 3 ] DEBUG Engine               - enabledMenuItems: []
22:44:21.980 [FXGL Background Thread 3 ] DEBUG Engine               - engineServices: [class com.almasb.fxgl.app.services.FXGLAssetLoaderService, class com.almasb.fxgl.app.FXGLApplication$GameApplicationService, class com.almasb.fxgl.app.services.FXGLDialogService, class com.almasb.fxgl.app.services.IOTaskExecutorService, class com.almasb.fxgl.io.FileSystemService, class com.almasb.fxgl.localization.LocalizationService, class com.almasb.fxgl.app.services.SystemBundleService, class com.almasb.fxgl.profile.SaveLoadService, class com.almasb.fxgl.ui.FXGLUIFactoryServiceProvider, class com.almasb.fxgl.ui.FXGLDialogFactoryServiceProvider, class com.almasb.fxgl.audio.AudioPlayer, class com.almasb.fxgl.notification.impl.NotificationServiceProvider, class com.almasb.fxgl.achievement.AchievementService, class com.almasb.fxgl.cutscene.CutsceneService, class com.almasb.fxgl.minigames.MiniGameService, class com.almasb.fxgl.net.NetService, class com.almasb.fxgl.app.services.UpdaterService, class com.almasb.fxgl.dev.DevService]
22:44:21.980 [FXGL Background Thread 3 ] DEBUG Engine               - fontGame: Abel-Regular.ttf
22:44:21.980 [FXGL Background Thread 3 ] DEBUG Engine               - fontMono: TerminalLandMono-Regular.otf
22:44:21.980 [FXGL Background Thread 3 ] DEBUG Engine               - fontText: Courier-Prime.ttf
22:44:21.980 [FXGL Background Thread 3 ] DEBUG Engine               - fontUI: VarelaRound-Regular.ttf
22:44:21.981 [FXGL Background Thread 3 ] DEBUG Engine               - fullScreen: BooleanProperty [value: false]
22:44:21.981 [FXGL Background Thread 3 ] DEBUG Engine               - gameDifficulty: MEDIUM
22:44:21.981 [FXGL Background Thread 3 ] DEBUG Engine               - gameDifficultyProperty: ObjectProperty [value: MEDIUM]
22:44:21.981 [FXGL Background Thread 3 ] DEBUG Engine               - globalMusicVolume: 0.5
22:44:21.981 [FXGL Background Thread 3 ] DEBUG Engine               - globalMusicVolumeProperty: DoubleProperty [value: 0.5]
22:44:21.981 [FXGL Background Thread 3 ] DEBUG Engine               - globalSoundVolume: 0.5
22:44:21.981 [FXGL Background Thread 3 ] DEBUG Engine               - globalSoundVolumeProperty: DoubleProperty [value: 0.5]
22:44:21.981 [FXGL Background Thread 3 ] DEBUG Engine               - height: 640
22:44:21.981 [FXGL Background Thread 3 ] DEBUG Engine               - is3D: false
22:44:21.981 [FXGL Background Thread 3 ] DEBUG Engine               - isAndroid: false
22:44:21.981 [FXGL Background Thread 3 ] DEBUG Engine               - isBrowser: false
22:44:21.981 [FXGL Background Thread 3 ] DEBUG Engine               - isClickFeedbackEnabled: false
22:44:21.981 [FXGL Background Thread 3 ] DEBUG Engine               - isCloseConfirmation: false
22:44:21.981 [FXGL Background Thread 3 ] DEBUG Engine               - isDesktop: true
22:44:21.981 [FXGL Background Thread 3 ] DEBUG Engine               - isDeveloperMenuEnabled: false
22:44:21.981 [FXGL Background Thread 3 ] DEBUG Engine               - isEmbedded: false
22:44:21.981 [FXGL Background Thread 3 ] DEBUG Engine               - isEntityPreloadEnabled: true
22:44:21.981 [FXGL Background Thread 3 ] DEBUG Engine               - isExperimentalTiledLargeMap: false
22:44:21.981 [FXGL Background Thread 3 ] DEBUG Engine               - isFileSystemWriteAllowed: true
22:44:21.981 [FXGL Background Thread 3 ] DEBUG Engine               - isFullScreenAllowed: false
22:44:21.981 [FXGL Background Thread 3 ] DEBUG Engine               - isFullScreenFromStart: false
22:44:21.981 [FXGL Background Thread 3 ] DEBUG Engine               - isGameMenuEnabled: true
22:44:21.981 [FXGL Background Thread 3 ] DEBUG Engine               - isIOS: false
22:44:21.981 [FXGL Background Thread 3 ] DEBUG Engine               - isIntroEnabled: false
22:44:21.981 [FXGL Background Thread 3 ] DEBUG Engine               - isLinux: false
22:44:21.981 [FXGL Background Thread 3 ] DEBUG Engine               - isMac: false
22:44:21.981 [FXGL Background Thread 3 ] DEBUG Engine               - isMainMenuEnabled: false
22:44:21.981 [FXGL Background Thread 3 ] DEBUG Engine               - isManualResizeEnabled: false
22:44:21.981 [FXGL Background Thread 3 ] DEBUG Engine               - isMobile: false
22:44:21.981 [FXGL Background Thread 3 ] DEBUG Engine               - isNative: false
22:44:21.982 [FXGL Background Thread 3 ] DEBUG Engine               - isPauseMusicWhenMinimized: true
22:44:21.982 [FXGL Background Thread 3 ] DEBUG Engine               - isPreserveResizeRatio: false
22:44:21.982 [FXGL Background Thread 3 ] DEBUG Engine               - isProfilingEnabled: false
22:44:21.982 [FXGL Background Thread 3 ] DEBUG Engine               - isScaleAffectedOnResize: true
22:44:21.982 [FXGL Background Thread 3 ] DEBUG Engine               - isSingleStep: false
22:44:21.982 [FXGL Background Thread 3 ] DEBUG Engine               - isUserProfileEnabled: false
22:44:21.982 [FXGL Background Thread 3 ] DEBUG Engine               - isWindows: true
22:44:21.982 [FXGL Background Thread 3 ] DEBUG Engine               - language: ObjectProperty [value: ENGLISH]
22:44:21.982 [FXGL Background Thread 3 ] DEBUG Engine               - menuKey: ESCAPE
22:44:21.982 [FXGL Background Thread 3 ] DEBUG Engine               - mouseSensitivity: 0.2
22:44:21.982 [FXGL Background Thread 3 ] DEBUG Engine               - notificationViewClass: class com.almasb.fxgl.notification.view.XboxNotificationView
22:44:21.982 [FXGL Background Thread 3 ] DEBUG Engine               - pixelsPerMeter: 50.0
22:44:21.982 [FXGL Background Thread 3 ] DEBUG Engine               - platform: WINDOWS
22:44:21.982 [FXGL Background Thread 3 ] DEBUG Engine               - prefHeightProperty: ReadOnlyDoubleProperty [value: 640.0]
22:44:21.982 [FXGL Background Thread 3 ] DEBUG Engine               - prefWidthProperty: ReadOnlyDoubleProperty [value: 1200.0]
22:44:21.982 [FXGL Background Thread 3 ] DEBUG Engine               - profileDir: profiles/
22:44:21.982 [FXGL Background Thread 3 ] DEBUG Engine               - profileName: StringProperty [value: DEFAULT]
22:44:21.982 [FXGL Background Thread 3 ] DEBUG Engine               - randomSeed: -1
22:44:21.982 [FXGL Background Thread 3 ] DEBUG Engine               - runtimeInfo: RuntimeInfo(platform=WINDOWS, version=17+dev-SNAPSHOT, build=22.04.2022 11.52)
22:44:21.982 [FXGL Background Thread 3 ] DEBUG Engine               - saveFileExt: sav
22:44:21.982 [FXGL Background Thread 3 ] DEBUG Engine               - scaledHeightProp$fxgl: DoubleProperty [bound, value: 640.0]
22:44:21.982 [FXGL Background Thread 3 ] DEBUG Engine               - scaledWidthProp$fxgl: DoubleProperty [bound, value: 1200.0]
22:44:21.982 [FXGL Background Thread 3 ] DEBUG Engine               - sceneFactory: com.almasb.fxgl.app.scene.SceneFactory@62b12842
22:44:21.982 [FXGL Background Thread 3 ] DEBUG Engine               - secondsIn24h: 60
22:44:21.982 [FXGL Background Thread 3 ] DEBUG Engine               - soundMenuBack: menu/back.wav
22:44:21.982 [FXGL Background Thread 3 ] DEBUG Engine               - soundMenuPress: menu/press.wav
22:44:21.982 [FXGL Background Thread 3 ] DEBUG Engine               - soundMenuSelect: menu/select.wav
22:44:21.982 [FXGL Background Thread 3 ] DEBUG Engine               - soundNotification: core/notification.wav
22:44:21.983 [FXGL Background Thread 3 ] DEBUG Engine               - stageStyle: DECORATED
22:44:21.983 [FXGL Background Thread 3 ] DEBUG Engine               - supportedLanguages: [ENGLISH, FRENCH, GERMAN, HUNGARIAN, RUSSIAN]
22:44:21.983 [FXGL Background Thread 3 ] DEBUG Engine               - ticksPerSecond: -1
22:44:21.983 [FXGL Background Thread 3 ] DEBUG Engine               - title: Untitled
22:44:21.983 [FXGL Background Thread 3 ] DEBUG Engine               - urlGithub: https://github.com/AlmasB/FXGL
22:44:21.983 [FXGL Background Thread 3 ] DEBUG Engine               - urlLeaderboard: http://fxgl-top.herokuapp.com/
22:44:21.983 [FXGL Background Thread 3 ] DEBUG Engine               - urlPOM: https://raw.githubusercontent.com/AlmasB/FXGL/release/README.md
22:44:21.983 [FXGL Background Thread 3 ] DEBUG Engine               - userAppClass: class com.pioneer10.model.LivGiove
22:44:21.983 [FXGL Background Thread 3 ] DEBUG Engine               - version: 0.0
22:44:21.983 [FXGL Background Thread 3 ] DEBUG Engine               - versionCheckDays: 7
22:44:21.983 [FXGL Background Thread 3 ] DEBUG Engine               - width: 1200
22:44:21.983 [FXGL Background Thread 3 ] DEBUG Engine               - Logging services
22:44:21.983 [FXGL Background Thread 3 ] DEBUG Engine               - class com.almasb.fxgl.app.services.FXGLAssetLoaderService
22:44:21.983 [FXGL Background Thread 3 ] DEBUG Engine               - class com.almasb.fxgl.app.FXGLApplication$GameApplicationService
22:44:21.983 [FXGL Background Thread 3 ] DEBUG Engine               - class com.almasb.fxgl.app.services.FXGLDialogService
22:44:21.983 [FXGL Background Thread 3 ] DEBUG Engine               - class com.almasb.fxgl.app.services.IOTaskExecutorService
22:44:21.983 [FXGL Background Thread 3 ] DEBUG Engine               - class com.almasb.fxgl.io.FileSystemService
22:44:21.983 [FXGL Background Thread 3 ] DEBUG Engine               - class com.almasb.fxgl.localization.LocalizationService
22:44:21.983 [FXGL Background Thread 3 ] DEBUG Engine               - class com.almasb.fxgl.app.services.SystemBundleService
22:44:21.983 [FXGL Background Thread 3 ] DEBUG Engine               - class com.almasb.fxgl.profile.SaveLoadService
22:44:21.983 [FXGL Background Thread 3 ] DEBUG Engine               - class com.almasb.fxgl.ui.FXGLUIFactoryServiceProvider
22:44:21.983 [FXGL Background Thread 3 ] DEBUG Engine               - class com.almasb.fxgl.ui.FXGLDialogFactoryServiceProvider
22:44:21.983 [FXGL Background Thread 3 ] DEBUG Engine               - class com.almasb.fxgl.audio.AudioPlayer
22:44:21.983 [FXGL Background Thread 3 ] DEBUG Engine               - class com.almasb.fxgl.notification.impl.NotificationServiceProvider
22:44:21.983 [FXGL Background Thread 3 ] DEBUG Engine               - class com.almasb.fxgl.achievement.AchievementService
22:44:21.983 [FXGL Background Thread 3 ] DEBUG Engine               - class com.almasb.fxgl.cutscene.CutsceneService
22:44:21.983 [FXGL Background Thread 3 ] DEBUG Engine               - class com.almasb.fxgl.minigames.MiniGameService
22:44:21.983 [FXGL Background Thread 3 ] DEBUG Engine               - class com.almasb.fxgl.net.NetService
22:44:21.983 [FXGL Background Thread 3 ] DEBUG Engine               - class com.almasb.fxgl.app.services.UpdaterService
22:44:21.983 [FXGL Background Thread 3 ] DEBUG Engine               - class com.almasb.fxgl.dev.DevService
22:44:24.214 [JavaFX Application Thread] DEBUG FXGLApplication      - Exiting FXGL
22:44:24.214 [JavaFX Application Thread] DEBUG LoopRunner           - Stopping loop
22:44:24.214 [JavaFX Application Thread] DEBUG SystemBundleService  - Saving FXGL system data
22:44:24.215 [JavaFX Application Thread] DEBUG FileSystemAccess     - Writing to: D:\FERMI-FEDE\4BIF_2021-2022\Informatica\Giochi\Pioneer-10\system\fxgl.bundle
22:44:24.217 [JavaFX Application Thread] DEBUG Async                - Shutting down background threads
22:44:24.217 [JavaFX Application Thread] DEBUG PrimaryStageWindow   - Closing main window
22:44:24.225 [JavaFX Application Thread] DEBUG Logger               - Closing Logger
