00:08:00.251 [main                     ] DEBUG Logger               - Configured Logger
00:08:00.326 [main                     ] DEBUG GameApplication      - Logging settings
Title: Untitled
Version: 0.0
Width: 960
Height: 640
Fullscreen: false
Intro: false
Profiling: false
Single step:false
App Mode: DEVELOPER
Menu Key: ESCAPE
Stage Style: DECORATED
Scene Factory: class com.almasb.fxgl.app.scene.SceneFactory

00:08:00.968 [JavaFX Application Thread] DEBUG FXGLApplication      - Initializing FXGL
00:08:00.990 [JavaFX Application Thread] INFO  Engine               - FXGL-17+dev-SNAPSHOT (22.04.2022 11.52) on WINDOWS (J:18.0.1 FX:18)
00:08:00.992 [JavaFX Application Thread] DEBUG Engine               - JRE Vendor Name: Oracle Corporation
00:08:00.992 [JavaFX Application Thread] DEBUG Engine               - Running on OS: Windows 10 version 10.0
00:08:00.993 [JavaFX Application Thread] DEBUG Engine               - Architecture: amd64
00:08:00.993 [JavaFX Application Thread] INFO  Engine               - Source code and latest versions at: https://github.com/AlmasB/FXGL
00:08:00.994 [JavaFX Application Thread] INFO  Engine               -       Ask questions and discuss at: https://github.com/AlmasB/FXGL/discussions
00:08:00.994 [JavaFX Application Thread] INFO  Engine               -              Join the FXGL chat at: https://gitter.im/AlmasB/FXGL
00:08:01.183 [JavaFX Application Thread] DEBUG PrimaryStageWindow   - Creating a JavaFX scene
00:08:01.293 [JavaFX Application Thread] DEBUG PrimaryStageWindow   - Target settings size: 960.0 x 640.0
00:08:01.294 [JavaFX Application Thread] DEBUG PrimaryStageWindow   - Scaled scene size:    960.0 x 640.0
00:08:01.294 [JavaFX Application Thread] DEBUG PrimaryStageWindow   - Scaled ratio: (1.0, 1.0)
00:08:01.296 [JavaFX Application Thread] DEBUG PrimaryStageWindow   - Set initial scene to FXGLStartupScene
00:08:01.313 [JavaFX Application Thread] DEBUG PrimaryStageWindow   - Opening main window
00:08:01.479 [JavaFX Application Thread] DEBUG PrimaryStageWindow   - Window border size: (16.0, 39.0)
00:08:01.480 [JavaFX Application Thread] DEBUG PrimaryStageWindow   - Scaled size: 960.0 x 640.0
00:08:01.480 [JavaFX Application Thread] DEBUG PrimaryStageWindow   - Scaled ratio: (1.0, 1.0)
00:08:01.482 [JavaFX Application Thread] DEBUG PrimaryStageWindow   - Scene size: 960.0 x 640.0
00:08:01.482 [JavaFX Application Thread] DEBUG PrimaryStageWindow   - Stage size: 976.0 x 679.0
00:08:01.555 [FXGL Background Thread 1 ] DEBUG Engine               - Initializing environment variables
00:08:01.700 [FXGL Background Thread 1 ] DEBUG FXGLAssetLoaderServi - User app class for loading assets: class com.pioneer10.model.sdrubale
00:08:01.700 [FXGL Background Thread 1 ] DEBUG GameApplicationServi - Applying CSS: fxgl_dark.css
00:08:01.702 [FXGL Background Thread 1 ] DEBUG FXGLAssetLoaderServi - Loading from file system: jar:file:///C:/Users/Manuel/.m2/repository/com/github/almasb/fxgl/17+dev-SNAPSHOT/fxgl-17+dev-20220422.115207-44.jar!/fxglassets/ui/css/fxgl_dark.css
00:08:01.854 [FXGL Background Thread 1 ] DEBUG GameApplicationServi - Initializing application scenes
00:08:02.014 [FXGL Background Thread 1 ] DEBUG GameWorld            - Game world initialized
00:08:02.170 [FXGL Background Thread 1 ] DEBUG PhysicsWorld         - Physics world initialized: appHeight=640, physics.ppm=50,0
00:08:02.171 [FXGL Background Thread 1 ] DEBUG PhysicsWorld         - Using strategy: BRUTE_FORCE
00:08:02.181 [FXGL Background Thread 1 ] DEBUG GameScene            - Game scene initialized: 960x640
00:08:02.209 [FXGL Background Thread 1 ] DEBUG FXGL.DefaultMenu     - createMenuBodyGameMenu()
00:08:02.244 [FXGL Background Thread 1 ] DEBUG FXGL.DefaultMenu     - createOptionsMenu()
00:08:02.267 [FXGL Background Thread 1 ] DEBUG FXGLAssetLoaderServi - Loading from file system: jar:file:///C:/Users/Manuel/.m2/repository/com/github/almasb/fxgl/17+dev-SNAPSHOT/fxgl-17+dev-20220422.115207-44.jar!/fxglassets/textures/particles/smoke.png
00:08:02.470 [FXGL Background Thread 1 ] DEBUG FXGLAssetLoaderServi - Loading from file system: jar:file:///C:/Users/Manuel/.m2/repository/com/github/almasb/fxgl/17+dev-SNAPSHOT/fxgl-17+dev-20220422.115207-44.jar!/fxglassets/textures/particles/trace_horizontal.png
00:08:02.554 [FXGL Background Thread 1 ] DEBUG GameApplicationServi - Application scenes initialized
00:08:02.578 [FXGL Background Thread 1 ] DEBUG SystemBundleService  - Loading FXGL system data
00:08:02.586 [FXGL Background Thread 1 ] DEBUG FileSystemAccess     - Reading from: C:\javafx-FXGL\pioneer-10\system\fxgl.bundle
00:08:02.604 [FXGL Background Thread 1 ] DEBUG SystemBundleService  - Bundle FXGL: {}
00:08:02.604 [FXGL Background Thread 1 ] DEBUG UpdaterService       - Checking for updates
00:08:02.629 [FXGL Background Thread 1 ] DEBUG FXGLApplication      - Loading default localization
00:08:02.630 [FXGL Background Thread 1 ] DEBUG FXGLAssetLoaderServi - Loading from file system: jar:file:///C:/Users/Manuel/.m2/repository/com/github/almasb/fxgl/17+dev-SNAPSHOT/fxgl-17+dev-20220422.115207-44.jar!/fxglassets/languages/english.lang
00:08:02.660 [FXGL Background Thread 1 ] INFO  FXGLApplication      - FXGL initialization took: 1,104 sec
00:08:02.679 [JavaFX Application Thread] DEBUG Input                - Registered new binding: Left - A
00:08:02.680 [JavaFX Application Thread] DEBUG Input                - Registered new binding: Right - D
00:08:02.680 [JavaFX Application Thread] DEBUG Input                - Registered new binding: Jump - W
00:08:02.681 [JavaFX Application Thread] DEBUG FXGLAssetLoaderServi - Loading from file system: jar:file:///C:/Users/Manuel/.m2/repository/com/github/almasb/fxgl/17+dev-SNAPSHOT/fxgl-17+dev-20220422.115207-44.jar!/fxglassets/textures/fxgl_icon.png
00:08:02.720 [JavaFX Application Thread] DEBUG FXGLAssetLoaderServi - Loading from file system: jar:file:///C:/Users/Manuel/.m2/repository/com/github/almasb/fxgl/17+dev-SNAPSHOT/fxgl-17+dev-20220422.115207-44.jar!/fxglassets/textures/fxgl_default_cursor.png
00:08:02.724 [JavaFX Application Thread] DEBUG Input                - Registered new binding: Screenshot - CTRL+8
00:08:02.724 [JavaFX Application Thread] DEBUG Input                - Registered new binding: System info dump - CTRL+9
00:08:02.725 [JavaFX Application Thread] DEBUG Input                - Registered new binding: Restart - CTRL+R
00:08:02.725 [JavaFX Application Thread] DEBUG Input                - Registered new binding: Toggle Debug Camera - CTRL+7
00:08:02.729 [JavaFX Application Thread] DEBUG LoopRunner           - Starting loop
00:08:02.729 [JavaFX Application Thread] DEBUG LoopRunner           - Initializing JavaFX AnimationTimerLoop
00:08:02.731 [JavaFX Application Thread] DEBUG GameApplicationServi - Starting new game
00:08:02.732 [JavaFX Application Thread] DEBUG Input                - Clearing active input actions
00:08:02.760 [JavaFX Application Thread] DEBUG GameApplicationServi - Removing overlay from FXGLStartupScene and adding to FXGLLoadingScene
00:08:02.760 [JavaFX Application Thread] DEBUG PrimaryStageWindow   - FXGLStartupScene -> FXGLLoadingScene
00:08:02.761 [JavaFX Application Thread] DEBUG GameApplicationServi - Clearing previous game
00:08:02.761 [JavaFX Application Thread] DEBUG GameScene            - Clearing game scene
00:08:02.761 [JavaFX Application Thread] DEBUG GameWorld            - Clearing game world
00:08:02.761 [JavaFX Application Thread] DEBUG PhysicsWorld         - Clearing physics world
00:08:02.971 [FXGL Background Thread 1 ] DEBUG FXGLApplication      - Initializing game
00:08:03.012 [FXGL Background Thread 4 ] DEBUG FXGLApplication      - Loading fonts
00:08:03.013 [FXGL Background Thread 4 ] DEBUG FXGLAssetLoaderServi - Loading from file system: jar:file:///C:/Users/Manuel/.m2/repository/com/github/almasb/fxgl/17+dev-SNAPSHOT/fxgl-17+dev-20220422.115207-44.jar!/fxglassets/ui/fonts/VarelaRound-Regular.ttf
00:08:03.157 [FXGL Background Thread 1 ] WARN  TMXLevelLoader       - TiledMap generated from 1.8.4. Supported version: 1.4.2. Some features may not be parsed fully.
00:08:03.169 [FXGL Background Thread 1 ] DEBUG TMXLevelLoader       - Parsed TiledMap: file:/C:/javafx-FXGL/pioneer-10/target/classes/assets/levels/tmx/PrimaMappadecente.tmx
00:08:03.171 [FXGL Background Thread 1 ] DEBUG TMXLevelLoader       - Creating tile layer entities
00:08:03.192 [FXGL Background Thread 1 ] DEBUG TilesetLoader        - Loading view for layer Livello tile 1
00:08:03.193 [FXGL Background Thread 1 ] DEBUG TilesetLoader        - Created buffer with size 480.0x160.0
00:08:03.203 [FXGL Background Thread 1 ] DEBUG TMXLevelLoader       - Creating object layer entities
00:08:03.217 [FXGL Background Thread 1 ] DEBUG GameWorld            - Clearing removable entities
00:08:03.231 [FXGL Background Thread 1 ] DEBUG GameWorld            - Setting level: com.almasb.fxgl.entity.level.Level@717024b2
00:08:03.239 [FXGL Background Thread 1 ] INFO  FXGLApplication      - Game initialization took: 0,268 sec
00:08:03.306 [JavaFX Application Thread] DEBUG Input                - Clearing active input actions
00:08:03.323 [JavaFX Application Thread] DEBUG GameApplicationServi - Removing overlay from FXGLLoadingScene and adding to GameScene
00:08:03.323 [JavaFX Application Thread] DEBUG PrimaryStageWindow   - FXGLLoadingScene -> GameScene
00:08:03.762 [FXGL Background Thread 4 ] DEBUG FXGLAssetLoaderServi - Loading from file system: jar:file:///C:/Users/Manuel/.m2/repository/com/github/almasb/fxgl/17+dev-SNAPSHOT/fxgl-17+dev-20220422.115207-44.jar!/fxglassets/ui/fonts/Abel-Regular.ttf
00:08:03.782 [FXGL Background Thread 4 ] DEBUG FXGLAssetLoaderServi - Loading from file system: jar:file:///C:/Users/Manuel/.m2/repository/com/github/almasb/fxgl/17+dev-SNAPSHOT/fxgl-17+dev-20220422.115207-44.jar!/fxglassets/ui/fonts/TerminalLandMono-Regular.otf
00:08:03.804 [FXGL Background Thread 4 ] DEBUG FXGLAssetLoaderServi - Loading from file system: jar:file:///C:/Users/Manuel/.m2/repository/com/github/almasb/fxgl/17+dev-SNAPSHOT/fxgl-17+dev-20220422.115207-44.jar!/fxglassets/ui/fonts/Courier-Prime.ttf
00:08:03.837 [JavaFX Application Thread] DEBUG FXGLApplication      - Registering font factories with UI factory
00:08:04.545 [FXGL Background Thread 2 ] INFO  UpdaterService       - Your current version:  17+dev-SNAPSHOT
00:08:04.545 [FXGL Background Thread 2 ] INFO  UpdaterService       - Latest stable version: 17.1
00:08:05.626 [FXGL Background Thread 3 ] DEBUG Engine               - Logging environment variables
00:08:05.627 [FXGL Background Thread 3 ] DEBUG Engine               - achievements: []
00:08:05.627 [FXGL Background Thread 3 ] DEBUG Engine               - actualHeight: 640.0
00:08:05.627 [FXGL Background Thread 3 ] DEBUG Engine               - actualHeightProperty: ReadOnlyDoubleProperty [value: 640.0]
00:08:05.627 [FXGL Background Thread 3 ] DEBUG Engine               - actualWidth: 960.0
00:08:05.627 [FXGL Background Thread 3 ] DEBUG Engine               - actualWidthProperty: ReadOnlyDoubleProperty [value: 960.0]
00:08:05.627 [FXGL Background Thread 3 ] DEBUG Engine               - appIcon: fxgl_icon.png
00:08:05.628 [FXGL Background Thread 3 ] DEBUG Engine               - applicationMode: DEVELOPER
00:08:05.628 [FXGL Background Thread 3 ] DEBUG Engine               - cSSList: [fxgl_dark.css]
00:08:05.628 [FXGL Background Thread 3 ] DEBUG Engine               - collisionDetectionStrategy: BRUTE_FORCE
00:08:05.628 [FXGL Background Thread 3 ] DEBUG Engine               - configClass: Optional.empty
00:08:05.628 [FXGL Background Thread 3 ] DEBUG Engine               - credits: []
00:08:05.629 [FXGL Background Thread 3 ] DEBUG Engine               - defaultCursor: CursorInfo(imageName=fxgl_default_cursor.png, hotspotX=7.0, hotspotY=6.0)
00:08:05.629 [FXGL Background Thread 3 ] DEBUG Engine               - devBBoxColorProperty: ObjectProperty [value: 0xff0000ff]
00:08:05.629 [FXGL Background Thread 3 ] DEBUG Engine               - devEnableDebugCameraProperty: BooleanProperty [value: false]
00:08:05.629 [FXGL Background Thread 3 ] DEBUG Engine               - devSensorColorProperty: ObjectProperty [value: 0xffff00ff]
00:08:05.629 [FXGL Background Thread 3 ] DEBUG Engine               - devShowBBoxProperty: BooleanProperty [value: false]
00:08:05.630 [FXGL Background Thread 3 ] DEBUG Engine               - devShowPositionProperty: BooleanProperty [value: false]
00:08:05.630 [FXGL Background Thread 3 ] DEBUG Engine               - enabledMenuItems: []
00:08:05.630 [FXGL Background Thread 3 ] DEBUG Engine               - engineServices: [class com.almasb.fxgl.app.services.FXGLAssetLoaderService, class com.almasb.fxgl.app.FXGLApplication$GameApplicationService, class com.almasb.fxgl.app.services.FXGLDialogService, class com.almasb.fxgl.app.services.IOTaskExecutorService, class com.almasb.fxgl.io.FileSystemService, class com.almasb.fxgl.localization.LocalizationService, class com.almasb.fxgl.app.services.SystemBundleService, class com.almasb.fxgl.profile.SaveLoadService, class com.almasb.fxgl.ui.FXGLUIFactoryServiceProvider, class com.almasb.fxgl.ui.FXGLDialogFactoryServiceProvider, class com.almasb.fxgl.audio.AudioPlayer, class com.almasb.fxgl.notification.impl.NotificationServiceProvider, class com.almasb.fxgl.achievement.AchievementService, class com.almasb.fxgl.cutscene.CutsceneService, class com.almasb.fxgl.minigames.MiniGameService, class com.almasb.fxgl.net.NetService, class com.almasb.fxgl.app.services.UpdaterService, class com.almasb.fxgl.dev.DevService]
00:08:05.630 [FXGL Background Thread 3 ] DEBUG Engine               - fontGame: Abel-Regular.ttf
00:08:05.630 [FXGL Background Thread 3 ] DEBUG Engine               - fontMono: TerminalLandMono-Regular.otf
00:08:05.630 [FXGL Background Thread 3 ] DEBUG Engine               - fontText: Courier-Prime.ttf
00:08:05.630 [FXGL Background Thread 3 ] DEBUG Engine               - fontUI: VarelaRound-Regular.ttf
00:08:05.630 [FXGL Background Thread 3 ] DEBUG Engine               - fullScreen: BooleanProperty [value: false]
00:08:05.631 [FXGL Background Thread 3 ] DEBUG Engine               - gameDifficulty: MEDIUM
00:08:05.631 [FXGL Background Thread 3 ] DEBUG Engine               - gameDifficultyProperty: ObjectProperty [value: MEDIUM]
00:08:05.631 [FXGL Background Thread 3 ] DEBUG Engine               - globalMusicVolume: 0.5
00:08:05.632 [FXGL Background Thread 3 ] DEBUG Engine               - globalMusicVolumeProperty: DoubleProperty [value: 0.5]
00:08:05.632 [FXGL Background Thread 3 ] DEBUG Engine               - globalSoundVolume: 0.5
00:08:05.632 [FXGL Background Thread 3 ] DEBUG Engine               - globalSoundVolumeProperty: DoubleProperty [value: 0.5]
00:08:05.632 [FXGL Background Thread 3 ] DEBUG Engine               - height: 640
00:08:05.632 [FXGL Background Thread 3 ] DEBUG Engine               - is3D: false
00:08:05.633 [FXGL Background Thread 3 ] DEBUG Engine               - isAndroid: false
00:08:05.633 [FXGL Background Thread 3 ] DEBUG Engine               - isBrowser: false
00:08:05.633 [FXGL Background Thread 3 ] DEBUG Engine               - isClickFeedbackEnabled: false
00:08:05.633 [FXGL Background Thread 3 ] DEBUG Engine               - isCloseConfirmation: false
00:08:05.633 [FXGL Background Thread 3 ] DEBUG Engine               - isDesktop: true
00:08:05.633 [FXGL Background Thread 3 ] DEBUG Engine               - isDeveloperMenuEnabled: false
00:08:05.633 [FXGL Background Thread 3 ] DEBUG Engine               - isEmbedded: false
00:08:05.634 [FXGL Background Thread 3 ] DEBUG Engine               - isEntityPreloadEnabled: true
00:08:05.634 [FXGL Background Thread 3 ] DEBUG Engine               - isExperimentalTiledLargeMap: false
00:08:05.634 [FXGL Background Thread 3 ] DEBUG Engine               - isFileSystemWriteAllowed: true
00:08:05.634 [FXGL Background Thread 3 ] DEBUG Engine               - isFullScreenAllowed: false
00:08:05.634 [FXGL Background Thread 3 ] DEBUG Engine               - isFullScreenFromStart: false
00:08:05.634 [FXGL Background Thread 3 ] DEBUG Engine               - isGameMenuEnabled: true
00:08:05.634 [FXGL Background Thread 3 ] DEBUG Engine               - isIOS: false
00:08:05.635 [FXGL Background Thread 3 ] DEBUG Engine               - isIntroEnabled: false
00:08:05.635 [FXGL Background Thread 3 ] DEBUG Engine               - isLinux: false
00:08:05.635 [FXGL Background Thread 3 ] DEBUG Engine               - isMac: false
00:08:05.635 [FXGL Background Thread 3 ] DEBUG Engine               - isMainMenuEnabled: false
00:08:05.635 [FXGL Background Thread 3 ] DEBUG Engine               - isManualResizeEnabled: false
00:08:05.635 [FXGL Background Thread 3 ] DEBUG Engine               - isMobile: false
00:08:05.635 [FXGL Background Thread 3 ] DEBUG Engine               - isNative: false
00:08:05.635 [FXGL Background Thread 3 ] DEBUG Engine               - isPauseMusicWhenMinimized: true
00:08:05.636 [FXGL Background Thread 3 ] DEBUG Engine               - isPreserveResizeRatio: false
00:08:05.636 [FXGL Background Thread 3 ] DEBUG Engine               - isProfilingEnabled: false
00:08:05.636 [FXGL Background Thread 3 ] DEBUG Engine               - isScaleAffectedOnResize: true
00:08:05.637 [FXGL Background Thread 3 ] DEBUG Engine               - isSingleStep: false
00:08:05.637 [FXGL Background Thread 3 ] DEBUG Engine               - isUserProfileEnabled: false
00:08:05.637 [FXGL Background Thread 3 ] DEBUG Engine               - isWindows: true
00:08:05.638 [FXGL Background Thread 3 ] DEBUG Engine               - language: ObjectProperty [value: ENGLISH]
00:08:05.638 [FXGL Background Thread 3 ] DEBUG Engine               - menuKey: ESCAPE
00:08:05.638 [FXGL Background Thread 3 ] DEBUG Engine               - mouseSensitivity: 0.2
00:08:05.639 [FXGL Background Thread 3 ] DEBUG Engine               - notificationViewClass: class com.almasb.fxgl.notification.view.XboxNotificationView
00:08:05.639 [FXGL Background Thread 3 ] DEBUG Engine               - pixelsPerMeter: 50.0
00:08:05.639 [FXGL Background Thread 3 ] DEBUG Engine               - platform: WINDOWS
00:08:05.639 [FXGL Background Thread 3 ] DEBUG Engine               - prefHeightProperty: ReadOnlyDoubleProperty [value: 640.0]
00:08:05.639 [FXGL Background Thread 3 ] DEBUG Engine               - prefWidthProperty: ReadOnlyDoubleProperty [value: 960.0]
00:08:05.639 [FXGL Background Thread 3 ] DEBUG Engine               - profileDir: profiles/
00:08:05.640 [FXGL Background Thread 3 ] DEBUG Engine               - profileName: StringProperty [value: DEFAULT]
00:08:05.640 [FXGL Background Thread 3 ] DEBUG Engine               - randomSeed: -1
00:08:05.640 [FXGL Background Thread 3 ] DEBUG Engine               - runtimeInfo: RuntimeInfo(platform=WINDOWS, version=17+dev-SNAPSHOT, build=22.04.2022 11.52)
00:08:05.640 [FXGL Background Thread 3 ] DEBUG Engine               - saveFileExt: sav
00:08:05.641 [FXGL Background Thread 3 ] DEBUG Engine               - scaledHeightProp$fxgl: DoubleProperty [bound, value: 640.0]
00:08:05.641 [FXGL Background Thread 3 ] DEBUG Engine               - scaledWidthProp$fxgl: DoubleProperty [bound, value: 960.0]
00:08:05.641 [FXGL Background Thread 3 ] DEBUG Engine               - sceneFactory: com.almasb.fxgl.app.scene.SceneFactory@192a9268
00:08:05.641 [FXGL Background Thread 3 ] DEBUG Engine               - secondsIn24h: 60
00:08:05.641 [FXGL Background Thread 3 ] DEBUG Engine               - soundMenuBack: menu/back.wav
00:08:05.641 [FXGL Background Thread 3 ] DEBUG Engine               - soundMenuPress: menu/press.wav
00:08:05.641 [FXGL Background Thread 3 ] DEBUG Engine               - soundMenuSelect: menu/select.wav
00:08:05.641 [FXGL Background Thread 3 ] DEBUG Engine               - soundNotification: core/notification.wav
00:08:05.641 [FXGL Background Thread 3 ] DEBUG Engine               - stageStyle: DECORATED
00:08:05.642 [FXGL Background Thread 3 ] DEBUG Engine               - supportedLanguages: [ENGLISH, FRENCH, GERMAN, HUNGARIAN, RUSSIAN]
00:08:05.642 [FXGL Background Thread 3 ] DEBUG Engine               - ticksPerSecond: -1
00:08:05.642 [FXGL Background Thread 3 ] DEBUG Engine               - title: Untitled
00:08:05.642 [FXGL Background Thread 3 ] DEBUG Engine               - urlGithub: https://github.com/AlmasB/FXGL
00:08:05.642 [FXGL Background Thread 3 ] DEBUG Engine               - urlLeaderboard: http://fxgl-top.herokuapp.com/
00:08:05.642 [FXGL Background Thread 3 ] DEBUG Engine               - urlPOM: https://raw.githubusercontent.com/AlmasB/FXGL/release/README.md
00:08:05.642 [FXGL Background Thread 3 ] DEBUG Engine               - userAppClass: class com.pioneer10.model.sdrubale
00:08:05.642 [FXGL Background Thread 3 ] DEBUG Engine               - version: 0.0
00:08:05.642 [FXGL Background Thread 3 ] DEBUG Engine               - versionCheckDays: 7
00:08:05.643 [FXGL Background Thread 3 ] DEBUG Engine               - width: 960
00:08:05.643 [FXGL Background Thread 3 ] DEBUG Engine               - Logging services
00:08:05.643 [FXGL Background Thread 3 ] DEBUG Engine               - class com.almasb.fxgl.app.services.FXGLAssetLoaderService
00:08:05.643 [FXGL Background Thread 3 ] DEBUG Engine               - class com.almasb.fxgl.app.FXGLApplication$GameApplicationService
00:08:05.643 [FXGL Background Thread 3 ] DEBUG Engine               - class com.almasb.fxgl.app.services.FXGLDialogService
00:08:05.643 [FXGL Background Thread 3 ] DEBUG Engine               - class com.almasb.fxgl.app.services.IOTaskExecutorService
00:08:05.643 [FXGL Background Thread 3 ] DEBUG Engine               - class com.almasb.fxgl.io.FileSystemService
00:08:05.643 [FXGL Background Thread 3 ] DEBUG Engine               - class com.almasb.fxgl.localization.LocalizationService
00:08:05.643 [FXGL Background Thread 3 ] DEBUG Engine               - class com.almasb.fxgl.app.services.SystemBundleService
00:08:05.643 [FXGL Background Thread 3 ] DEBUG Engine               - class com.almasb.fxgl.profile.SaveLoadService
00:08:05.643 [FXGL Background Thread 3 ] DEBUG Engine               - class com.almasb.fxgl.ui.FXGLUIFactoryServiceProvider
00:08:05.644 [FXGL Background Thread 3 ] DEBUG Engine               - class com.almasb.fxgl.ui.FXGLDialogFactoryServiceProvider
00:08:05.644 [FXGL Background Thread 3 ] DEBUG Engine               - class com.almasb.fxgl.audio.AudioPlayer
00:08:05.644 [FXGL Background Thread 3 ] DEBUG Engine               - class com.almasb.fxgl.notification.impl.NotificationServiceProvider
00:08:05.644 [FXGL Background Thread 3 ] DEBUG Engine               - class com.almasb.fxgl.achievement.AchievementService
00:08:05.644 [FXGL Background Thread 3 ] DEBUG Engine               - class com.almasb.fxgl.cutscene.CutsceneService
00:08:05.644 [FXGL Background Thread 3 ] DEBUG Engine               - class com.almasb.fxgl.minigames.MiniGameService
00:08:05.644 [FXGL Background Thread 3 ] DEBUG Engine               - class com.almasb.fxgl.net.NetService
00:08:05.644 [FXGL Background Thread 3 ] DEBUG Engine               - class com.almasb.fxgl.app.services.UpdaterService
00:08:05.644 [FXGL Background Thread 3 ] DEBUG Engine               - class com.almasb.fxgl.dev.DevService
00:08:06.769 [JavaFX Application Thread] DEBUG FXGLApplication      - Exiting FXGL
00:08:06.769 [JavaFX Application Thread] DEBUG LoopRunner           - Stopping loop
00:08:06.770 [JavaFX Application Thread] DEBUG SystemBundleService  - Saving FXGL system data
00:08:06.773 [JavaFX Application Thread] DEBUG FileSystemAccess     - Writing to: C:\javafx-FXGL\pioneer-10\system\fxgl.bundle
00:08:06.778 [JavaFX Application Thread] DEBUG Async                - Shutting down background threads
00:08:06.778 [JavaFX Application Thread] DEBUG PrimaryStageWindow   - Closing main window
00:08:06.810 [JavaFX Application Thread] DEBUG Logger               - Closing Logger
