11:15:30.253 [main                     ] DEBUG Logger               - Configured Logger
11:15:30.307 [main                     ] DEBUG GameApplication      - Logging settings
Title: Pioneer-10
Terra
Version: 0.0
Width: 1200
Height: 640
Fullscreen: false
Intro: false
Profiling: false
Single step:false
App Mode: DEVELOPER
Menu Key: ESCAPE
Stage Style: DECORATED
Scene Factory: class com.almasb.fxgl.app.scene.SceneFactory

11:15:30.903 [JavaFX Application Thread] DEBUG FXGLApplication      - Initializing FXGL
11:15:30.912 [JavaFX Application Thread] INFO  Engine               - FXGL-17+dev-SNAPSHOT (22.04.2022 11.52) on WINDOWS (J:18.0.1 FX:18)
11:15:30.913 [JavaFX Application Thread] DEBUG Engine               - JRE Vendor Name: Oracle Corporation
11:15:30.913 [JavaFX Application Thread] DEBUG Engine               - Running on OS: Windows 10 version 10.0
11:15:30.914 [JavaFX Application Thread] DEBUG Engine               - Architecture: amd64
11:15:30.914 [JavaFX Application Thread] INFO  Engine               - Source code and latest versions at: https://github.com/AlmasB/FXGL
11:15:30.914 [JavaFX Application Thread] INFO  Engine               -       Ask questions and discuss at: https://github.com/AlmasB/FXGL/discussions
11:15:30.915 [JavaFX Application Thread] INFO  Engine               -              Join the FXGL chat at: https://gitter.im/AlmasB/FXGL
11:15:31.089 [JavaFX Application Thread] DEBUG PrimaryStageWindow   - Creating a JavaFX scene
11:15:31.169 [JavaFX Application Thread] DEBUG PrimaryStageWindow   - Target settings size: 1200.0 x 640.0
11:15:31.170 [JavaFX Application Thread] DEBUG PrimaryStageWindow   - Scaled scene size:    1200.0 x 640.0
11:15:31.170 [JavaFX Application Thread] DEBUG PrimaryStageWindow   - Scaled ratio: (1.0, 1.0)
11:15:31.172 [JavaFX Application Thread] DEBUG PrimaryStageWindow   - Set initial scene to FXGLStartupScene
11:15:31.186 [JavaFX Application Thread] DEBUG PrimaryStageWindow   - Opening main window
11:15:31.345 [JavaFX Application Thread] DEBUG PrimaryStageWindow   - Window border size: (16.0, 39.0)
11:15:31.345 [JavaFX Application Thread] DEBUG PrimaryStageWindow   - Scaled size: 1200.0 x 640.0
11:15:31.346 [JavaFX Application Thread] DEBUG PrimaryStageWindow   - Scaled ratio: (1.0, 1.0)
11:15:31.348 [JavaFX Application Thread] DEBUG PrimaryStageWindow   - Scene size: 1200.0 x 640.0
11:15:31.349 [JavaFX Application Thread] DEBUG PrimaryStageWindow   - Stage size: 1216.0 x 679.0
11:15:31.407 [FXGL Background Thread 1 ] DEBUG Engine               - Initializing environment variables
11:15:31.526 [FXGL Background Thread 1 ] DEBUG FXGLAssetLoaderServi - User app class for loading assets: class com.pioneer10.model.LivTerra
11:15:31.527 [FXGL Background Thread 1 ] DEBUG GameApplicationServi - Applying CSS: fxgl_dark.css
11:15:31.528 [FXGL Background Thread 1 ] DEBUG FXGLAssetLoaderServi - Loading from file system: jar:file:///C:/Users/Manuel/.m2/repository/com/github/almasb/fxgl/17+dev-SNAPSHOT/fxgl-17+dev-20220422.115207-44.jar!/fxglassets/ui/css/fxgl_dark.css
11:15:31.639 [FXGL Background Thread 1 ] DEBUG GameApplicationServi - Initializing application scenes
11:15:31.770 [FXGL Background Thread 1 ] DEBUG GameWorld            - Game world initialized
11:15:31.881 [FXGL Background Thread 1 ] DEBUG PhysicsWorld         - Physics world initialized: appHeight=640, physics.ppm=50,0
11:15:31.882 [FXGL Background Thread 1 ] DEBUG PhysicsWorld         - Using strategy: BRUTE_FORCE
11:15:31.889 [FXGL Background Thread 1 ] DEBUG GameScene            - Game scene initialized: 1200x640
11:15:31.912 [FXGL Background Thread 1 ] DEBUG FXGL.DefaultMenu     - createMenuBodyGameMenu()
11:15:31.941 [FXGL Background Thread 1 ] DEBUG FXGL.DefaultMenu     - createOptionsMenu()
11:15:31.962 [FXGL Background Thread 1 ] DEBUG FXGLAssetLoaderServi - Loading from file system: jar:file:///C:/Users/Manuel/.m2/repository/com/github/almasb/fxgl/17+dev-SNAPSHOT/fxgl-17+dev-20220422.115207-44.jar!/fxglassets/textures/particles/smoke.png
11:15:32.151 [FXGL Background Thread 1 ] DEBUG FXGLAssetLoaderServi - Loading from file system: jar:file:///C:/Users/Manuel/.m2/repository/com/github/almasb/fxgl/17+dev-SNAPSHOT/fxgl-17+dev-20220422.115207-44.jar!/fxglassets/textures/particles/trace_horizontal.png
11:15:32.257 [FXGL Background Thread 1 ] DEBUG GameApplicationServi - Application scenes initialized
11:15:32.281 [FXGL Background Thread 1 ] DEBUG SystemBundleService  - Loading FXGL system data
11:15:32.289 [FXGL Background Thread 1 ] DEBUG FileSystemAccess     - Reading from: C:\javafx-FXGL\pioneer-10\system\fxgl.bundle
11:15:32.305 [FXGL Background Thread 1 ] DEBUG SystemBundleService  - Bundle FXGL: {}
11:15:32.305 [FXGL Background Thread 1 ] DEBUG UpdaterService       - Checking for updates
11:15:32.314 [FXGL Background Thread 1 ] DEBUG FXGLApplication      - Loading default localization
11:15:32.315 [FXGL Background Thread 1 ] DEBUG FXGLAssetLoaderServi - Loading from file system: jar:file:///C:/Users/Manuel/.m2/repository/com/github/almasb/fxgl/17+dev-SNAPSHOT/fxgl-17+dev-20220422.115207-44.jar!/fxglassets/languages/english.lang
11:15:32.322 [FXGL Background Thread 4 ] DEBUG FXGLApplication      - Loading fonts
11:15:32.324 [FXGL Background Thread 4 ] DEBUG FXGLAssetLoaderServi - Loading from file system: jar:file:///C:/Users/Manuel/.m2/repository/com/github/almasb/fxgl/17+dev-SNAPSHOT/fxgl-17+dev-20220422.115207-44.jar!/fxglassets/ui/fonts/VarelaRound-Regular.ttf
11:15:32.352 [FXGL Background Thread 1 ] INFO  FXGLApplication      - FXGL initialization took: 0,943 sec
11:15:32.371 [JavaFX Application Thread] DEBUG Input                - Registered new binding: Left - A
11:15:32.372 [JavaFX Application Thread] DEBUG Input                - Registered new binding: Right - D
11:15:32.372 [JavaFX Application Thread] DEBUG Input                - Registered new binding: Jump - Space
11:15:32.373 [JavaFX Application Thread] DEBUG FXGLAssetLoaderServi - Loading from file system: file:/C:/javafx-FXGL/pioneer-10/target/classes/assets/music/Minecraft.mp3
11:15:32.660 [JavaFX Application Thread] DEBUG AudioPlayer          - Playing music com.almasb.fxgl.audio.Music@2fecca36
11:15:32.661 [JavaFX Application Thread] DEBUG FXGLAssetLoaderServi - Loading from file system: jar:file:///C:/Users/Manuel/.m2/repository/com/github/almasb/fxgl/17+dev-SNAPSHOT/fxgl-17+dev-20220422.115207-44.jar!/fxglassets/textures/fxgl_icon.png
11:15:32.706 [FXGL Background Thread 4 ] DEBUG FXGLAssetLoaderServi - Loading from file system: jar:file:///C:/Users/Manuel/.m2/repository/com/github/almasb/fxgl/17+dev-SNAPSHOT/fxgl-17+dev-20220422.115207-44.jar!/fxglassets/ui/fonts/Abel-Regular.ttf
11:15:32.723 [FXGL Background Thread 4 ] DEBUG FXGLAssetLoaderServi - Loading from file system: jar:file:///C:/Users/Manuel/.m2/repository/com/github/almasb/fxgl/17+dev-SNAPSHOT/fxgl-17+dev-20220422.115207-44.jar!/fxglassets/ui/fonts/TerminalLandMono-Regular.otf
11:15:32.740 [FXGL Background Thread 4 ] DEBUG FXGLAssetLoaderServi - Loading from file system: jar:file:///C:/Users/Manuel/.m2/repository/com/github/almasb/fxgl/17+dev-SNAPSHOT/fxgl-17+dev-20220422.115207-44.jar!/fxglassets/ui/fonts/Courier-Prime.ttf
11:15:32.772 [JavaFX Application Thread] DEBUG FXGLAssetLoaderServi - Loading from file system: jar:file:///C:/Users/Manuel/.m2/repository/com/github/almasb/fxgl/17+dev-SNAPSHOT/fxgl-17+dev-20220422.115207-44.jar!/fxglassets/textures/fxgl_default_cursor.png
11:15:32.776 [JavaFX Application Thread] DEBUG Input                - Registered new binding: Screenshot - CTRL+8
11:15:32.781 [JavaFX Application Thread] DEBUG Input                - Registered new binding: System info dump - CTRL+9
11:15:32.782 [JavaFX Application Thread] DEBUG Input                - Registered new binding: Restart - CTRL+R
11:15:32.783 [JavaFX Application Thread] DEBUG Input                - Registered new binding: Toggle Debug Camera - CTRL+7
11:15:32.786 [JavaFX Application Thread] DEBUG LoopRunner           - Starting loop
11:15:32.787 [JavaFX Application Thread] DEBUG LoopRunner           - Initializing JavaFX AnimationTimerLoop
11:15:32.789 [JavaFX Application Thread] DEBUG GameApplicationServi - Starting new game
11:15:32.790 [JavaFX Application Thread] DEBUG Input                - Clearing active input actions
11:15:32.812 [JavaFX Application Thread] DEBUG GameApplicationServi - Removing overlay from FXGLStartupScene and adding to FXGLLoadingScene
11:15:32.813 [JavaFX Application Thread] DEBUG PrimaryStageWindow   - FXGLStartupScene -> FXGLLoadingScene
11:15:32.813 [JavaFX Application Thread] DEBUG GameApplicationServi - Clearing previous game
11:15:32.813 [JavaFX Application Thread] DEBUG GameScene            - Clearing game scene
11:15:32.814 [JavaFX Application Thread] DEBUG GameWorld            - Clearing game world
11:15:32.814 [JavaFX Application Thread] DEBUG PhysicsWorld         - Clearing physics world
11:15:32.820 [FXGL Background Thread 4 ] DEBUG FXGLApplication      - Initializing game
11:15:32.821 [JavaFX Application Thread] DEBUG FXGLApplication      - Registering font factories with UI factory
11:15:32.908 [FXGL Background Thread 4 ] WARN  TMXLevelLoader       - TiledMap generated from 1.8.4. Supported version: 1.4.2. Some features may not be parsed fully.
11:15:32.992 [FXGL Background Thread 4 ] DEBUG TMXLevelLoader       - Parsed TiledMap: file:/C:/javafx-FXGL/pioneer-10/target/classes/assets/levels/Terra/MappaTerra.tmx
11:15:32.994 [FXGL Background Thread 4 ] DEBUG TMXLevelLoader       - Creating tile layer entities
11:15:32.996 [FXGL Background Thread 4 ] DEBUG TilesetLoader        - Loading view for layer Livello tile 1
11:15:33.007 [FXGL Background Thread 4 ] DEBUG TilesetLoader        - Created buffer with size 4800.0x640.0
11:15:33.218 [FXGL Background Thread 4 ] WARN  TilesetLoader        - Diagonally flipped tiles are not currently supported
11:15:33.239 [FXGL Background Thread 4 ] WARN  TilesetLoader        - Diagonally flipped tiles are not currently supported
11:15:33.240 [FXGL Background Thread 4 ] WARN  TilesetLoader        - Diagonally flipped tiles are not currently supported
11:15:33.352 [FXGL Background Thread 4 ] WARN  TilesetLoader        - Diagonally flipped tiles are not currently supported
11:15:33.398 [FXGL Background Thread 2 ] INFO  UpdaterService       - Your current version:  17+dev-SNAPSHOT
11:15:33.399 [FXGL Background Thread 2 ] INFO  UpdaterService       - Latest stable version: 17.1
11:15:33.404 [FXGL Background Thread 4 ] WARN  TilesetLoader        - Diagonally flipped tiles are not currently supported
11:15:33.407 [FXGL Background Thread 4 ] DEBUG TilesetLoader        - Loading view for layer Livello tile 2
11:15:33.441 [FXGL Background Thread 4 ] DEBUG TilesetLoader        - Created buffer with size 4800.0x640.0
11:15:33.445 [FXGL Background Thread 4 ] DEBUG TilesetLoader        - Loading view for layer Livello tile 3
11:15:33.454 [FXGL Background Thread 4 ] DEBUG TilesetLoader        - Created buffer with size 4800.0x640.0
11:15:33.457 [FXGL Background Thread 4 ] DEBUG TMXLevelLoader       - Creating object layer entities
11:15:33.847 [FXGL Background Thread 4 ] DEBUG GameWorld            - Clearing removable entities
11:15:33.848 [FXGL Background Thread 4 ] DEBUG GameWorld            - Setting level: com.almasb.fxgl.entity.level.Level@3a5c9409
11:15:34.001 [FXGL Background Thread 4 ] INFO  FXGLApplication      - Game initialization took: 1,185 sec
11:15:34.037 [JavaFX Application Thread] DEBUG Input                - Clearing active input actions
11:15:34.058 [JavaFX Application Thread] DEBUG GameApplicationServi - Removing overlay from FXGLLoadingScene and adding to GameScene
11:15:34.058 [JavaFX Application Thread] DEBUG PrimaryStageWindow   - FXGLLoadingScene -> GameScene
11:15:35.313 [FXGL Background Thread 3 ] DEBUG Engine               - Logging environment variables
11:15:35.320 [FXGL Background Thread 3 ] DEBUG Engine               - achievements: []
11:15:35.320 [FXGL Background Thread 3 ] DEBUG Engine               - actualHeight: 640.0
11:15:35.321 [FXGL Background Thread 3 ] DEBUG Engine               - actualHeightProperty: ReadOnlyDoubleProperty [value: 640.0]
11:15:35.321 [FXGL Background Thread 3 ] DEBUG Engine               - actualWidth: 1200.0
11:15:35.321 [FXGL Background Thread 3 ] DEBUG Engine               - actualWidthProperty: ReadOnlyDoubleProperty [value: 1200.0]
11:15:35.321 [FXGL Background Thread 3 ] DEBUG Engine               - appIcon: fxgl_icon.png
11:15:35.321 [FXGL Background Thread 3 ] DEBUG Engine               - applicationMode: DEVELOPER
11:15:35.321 [FXGL Background Thread 3 ] DEBUG Engine               - cSSList: [fxgl_dark.css]
11:15:35.322 [FXGL Background Thread 3 ] DEBUG Engine               - collisionDetectionStrategy: BRUTE_FORCE
11:15:35.322 [FXGL Background Thread 3 ] DEBUG Engine               - configClass: Optional.empty
11:15:35.322 [FXGL Background Thread 3 ] DEBUG Engine               - credits: []
11:15:35.323 [FXGL Background Thread 3 ] DEBUG Engine               - defaultCursor: CursorInfo(imageName=fxgl_default_cursor.png, hotspotX=7.0, hotspotY=6.0)
11:15:35.323 [FXGL Background Thread 3 ] DEBUG Engine               - devBBoxColorProperty: ObjectProperty [value: 0xff0000ff]
11:15:35.323 [FXGL Background Thread 3 ] DEBUG Engine               - devEnableDebugCameraProperty: BooleanProperty [value: false]
11:15:35.324 [FXGL Background Thread 3 ] DEBUG Engine               - devSensorColorProperty: ObjectProperty [value: 0xffff00ff]
11:15:35.324 [FXGL Background Thread 3 ] DEBUG Engine               - devShowBBoxProperty: BooleanProperty [value: false]
11:15:35.324 [FXGL Background Thread 3 ] DEBUG Engine               - devShowPositionProperty: BooleanProperty [value: false]
11:15:35.324 [FXGL Background Thread 3 ] DEBUG Engine               - enabledMenuItems: []
11:15:35.324 [FXGL Background Thread 3 ] DEBUG Engine               - engineServices: [class com.almasb.fxgl.app.services.FXGLAssetLoaderService, class com.almasb.fxgl.app.FXGLApplication$GameApplicationService, class com.almasb.fxgl.app.services.FXGLDialogService, class com.almasb.fxgl.app.services.IOTaskExecutorService, class com.almasb.fxgl.io.FileSystemService, class com.almasb.fxgl.localization.LocalizationService, class com.almasb.fxgl.app.services.SystemBundleService, class com.almasb.fxgl.profile.SaveLoadService, class com.almasb.fxgl.ui.FXGLUIFactoryServiceProvider, class com.almasb.fxgl.ui.FXGLDialogFactoryServiceProvider, class com.almasb.fxgl.audio.AudioPlayer, class com.almasb.fxgl.notification.impl.NotificationServiceProvider, class com.almasb.fxgl.achievement.AchievementService, class com.almasb.fxgl.cutscene.CutsceneService, class com.almasb.fxgl.minigames.MiniGameService, class com.almasb.fxgl.net.NetService, class com.almasb.fxgl.app.services.UpdaterService, class com.almasb.fxgl.dev.DevService]
11:15:35.324 [FXGL Background Thread 3 ] DEBUG Engine               - fontGame: Abel-Regular.ttf
11:15:35.324 [FXGL Background Thread 3 ] DEBUG Engine               - fontMono: TerminalLandMono-Regular.otf
11:15:35.324 [FXGL Background Thread 3 ] DEBUG Engine               - fontText: Courier-Prime.ttf
11:15:35.324 [FXGL Background Thread 3 ] DEBUG Engine               - fontUI: VarelaRound-Regular.ttf
11:15:35.325 [FXGL Background Thread 3 ] DEBUG Engine               - fullScreen: BooleanProperty [value: false]
11:15:35.325 [FXGL Background Thread 3 ] DEBUG Engine               - gameDifficulty: MEDIUM
11:15:35.325 [FXGL Background Thread 3 ] DEBUG Engine               - gameDifficultyProperty: ObjectProperty [value: MEDIUM]
11:15:35.325 [FXGL Background Thread 3 ] DEBUG Engine               - globalMusicVolume: 0.5
11:15:35.325 [FXGL Background Thread 3 ] DEBUG Engine               - globalMusicVolumeProperty: DoubleProperty [value: 0.25]
11:15:35.325 [FXGL Background Thread 3 ] DEBUG Engine               - globalSoundVolume: 0.5
11:15:35.325 [FXGL Background Thread 3 ] DEBUG Engine               - globalSoundVolumeProperty: DoubleProperty [value: 0.5]
11:15:35.325 [FXGL Background Thread 3 ] DEBUG Engine               - height: 640
11:15:35.325 [FXGL Background Thread 3 ] DEBUG Engine               - is3D: false
11:15:35.326 [FXGL Background Thread 3 ] DEBUG Engine               - isAndroid: false
11:15:35.326 [FXGL Background Thread 3 ] DEBUG Engine               - isBrowser: false
11:15:35.326 [FXGL Background Thread 3 ] DEBUG Engine               - isClickFeedbackEnabled: false
11:15:35.326 [FXGL Background Thread 3 ] DEBUG Engine               - isCloseConfirmation: false
11:15:35.326 [FXGL Background Thread 3 ] DEBUG Engine               - isDesktop: true
11:15:35.326 [FXGL Background Thread 3 ] DEBUG Engine               - isDeveloperMenuEnabled: false
11:15:35.326 [FXGL Background Thread 3 ] DEBUG Engine               - isEmbedded: false
11:15:35.326 [FXGL Background Thread 3 ] DEBUG Engine               - isEntityPreloadEnabled: true
11:15:35.326 [FXGL Background Thread 3 ] DEBUG Engine               - isExperimentalTiledLargeMap: false
11:15:35.327 [FXGL Background Thread 3 ] DEBUG Engine               - isFileSystemWriteAllowed: true
11:15:35.327 [FXGL Background Thread 3 ] DEBUG Engine               - isFullScreenAllowed: false
11:15:35.327 [FXGL Background Thread 3 ] DEBUG Engine               - isFullScreenFromStart: false
11:15:35.327 [FXGL Background Thread 3 ] DEBUG Engine               - isGameMenuEnabled: true
11:15:35.327 [FXGL Background Thread 3 ] DEBUG Engine               - isIOS: false
11:15:35.328 [FXGL Background Thread 3 ] DEBUG Engine               - isIntroEnabled: false
11:15:35.328 [FXGL Background Thread 3 ] DEBUG Engine               - isLinux: false
11:15:35.328 [FXGL Background Thread 3 ] DEBUG Engine               - isMac: false
11:15:35.328 [FXGL Background Thread 3 ] DEBUG Engine               - isMainMenuEnabled: false
11:15:35.328 [FXGL Background Thread 3 ] DEBUG Engine               - isManualResizeEnabled: false
11:15:35.328 [FXGL Background Thread 3 ] DEBUG Engine               - isMobile: false
11:15:35.328 [FXGL Background Thread 3 ] DEBUG Engine               - isNative: false
11:15:35.328 [FXGL Background Thread 3 ] DEBUG Engine               - isPauseMusicWhenMinimized: true
11:15:35.329 [FXGL Background Thread 3 ] DEBUG Engine               - isPreserveResizeRatio: false
11:15:35.329 [FXGL Background Thread 3 ] DEBUG Engine               - isProfilingEnabled: false
11:15:35.330 [FXGL Background Thread 3 ] DEBUG Engine               - isScaleAffectedOnResize: true
11:15:35.332 [FXGL Background Thread 3 ] DEBUG Engine               - isSingleStep: false
11:15:35.332 [FXGL Background Thread 3 ] DEBUG Engine               - isUserProfileEnabled: false
11:15:35.332 [FXGL Background Thread 3 ] DEBUG Engine               - isWindows: true
11:15:35.332 [FXGL Background Thread 3 ] DEBUG Engine               - language: ObjectProperty [value: ENGLISH]
11:15:35.332 [FXGL Background Thread 3 ] DEBUG Engine               - menuKey: ESCAPE
11:15:35.332 [FXGL Background Thread 3 ] DEBUG Engine               - mouseSensitivity: 0.2
11:15:35.332 [FXGL Background Thread 3 ] DEBUG Engine               - notificationViewClass: class com.almasb.fxgl.notification.view.XboxNotificationView
11:15:35.333 [FXGL Background Thread 3 ] DEBUG Engine               - pixelsPerMeter: 50.0
11:15:35.333 [FXGL Background Thread 3 ] DEBUG Engine               - platform: WINDOWS
11:15:35.333 [FXGL Background Thread 3 ] DEBUG Engine               - prefHeightProperty: ReadOnlyDoubleProperty [value: 640.0]
11:15:35.333 [FXGL Background Thread 3 ] DEBUG Engine               - prefWidthProperty: ReadOnlyDoubleProperty [value: 1200.0]
11:15:35.333 [FXGL Background Thread 3 ] DEBUG Engine               - profileDir: profiles/
11:15:35.333 [FXGL Background Thread 3 ] DEBUG Engine               - profileName: StringProperty [value: DEFAULT]
11:15:35.333 [FXGL Background Thread 3 ] DEBUG Engine               - randomSeed: -1
11:15:35.334 [FXGL Background Thread 3 ] DEBUG Engine               - runtimeInfo: RuntimeInfo(platform=WINDOWS, version=17+dev-SNAPSHOT, build=22.04.2022 11.52)
11:15:35.334 [FXGL Background Thread 3 ] DEBUG Engine               - saveFileExt: sav
11:15:35.334 [FXGL Background Thread 3 ] DEBUG Engine               - scaledHeightProp$fxgl: DoubleProperty [bound, value: 640.0]
11:15:35.335 [FXGL Background Thread 3 ] DEBUG Engine               - scaledWidthProp$fxgl: DoubleProperty [bound, value: 1200.0]
11:15:35.335 [FXGL Background Thread 3 ] DEBUG Engine               - sceneFactory: com.almasb.fxgl.app.scene.SceneFactory@165e31d9
11:15:35.335 [FXGL Background Thread 3 ] DEBUG Engine               - secondsIn24h: 60
11:15:35.335 [FXGL Background Thread 3 ] DEBUG Engine               - soundMenuBack: menu/back.wav
11:15:35.335 [FXGL Background Thread 3 ] DEBUG Engine               - soundMenuPress: menu/press.wav
11:15:35.335 [FXGL Background Thread 3 ] DEBUG Engine               - soundMenuSelect: menu/select.wav
11:15:35.335 [FXGL Background Thread 3 ] DEBUG Engine               - soundNotification: core/notification.wav
11:15:35.335 [FXGL Background Thread 3 ] DEBUG Engine               - stageStyle: DECORATED
11:15:35.335 [FXGL Background Thread 3 ] DEBUG Engine               - supportedLanguages: [ENGLISH, FRENCH, GERMAN, HUNGARIAN, RUSSIAN]
11:15:35.335 [FXGL Background Thread 3 ] DEBUG Engine               - ticksPerSecond: -1
11:15:35.335 [FXGL Background Thread 3 ] DEBUG Engine               - title: Pioneer-10
Terra
11:15:35.336 [FXGL Background Thread 3 ] DEBUG Engine               - urlGithub: https://github.com/AlmasB/FXGL
11:15:35.336 [FXGL Background Thread 3 ] DEBUG Engine               - urlLeaderboard: http://fxgl-top.herokuapp.com/
11:15:35.336 [FXGL Background Thread 3 ] DEBUG Engine               - urlPOM: https://raw.githubusercontent.com/AlmasB/FXGL/release/README.md
11:15:35.336 [FXGL Background Thread 3 ] DEBUG Engine               - userAppClass: class com.pioneer10.model.LivTerra
11:15:35.336 [FXGL Background Thread 3 ] DEBUG Engine               - version: 0.0
11:15:35.336 [FXGL Background Thread 3 ] DEBUG Engine               - versionCheckDays: 7
11:15:35.336 [FXGL Background Thread 3 ] DEBUG Engine               - width: 1200
11:15:35.336 [FXGL Background Thread 3 ] DEBUG Engine               - Logging services
11:15:35.336 [FXGL Background Thread 3 ] DEBUG Engine               - class com.almasb.fxgl.app.services.FXGLAssetLoaderService
11:15:35.336 [FXGL Background Thread 3 ] DEBUG Engine               - class com.almasb.fxgl.app.FXGLApplication$GameApplicationService
11:15:35.336 [FXGL Background Thread 3 ] DEBUG Engine               - class com.almasb.fxgl.app.services.FXGLDialogService
11:15:35.336 [FXGL Background Thread 3 ] DEBUG Engine               - class com.almasb.fxgl.app.services.IOTaskExecutorService
11:15:35.336 [FXGL Background Thread 3 ] DEBUG Engine               - class com.almasb.fxgl.io.FileSystemService
11:15:35.337 [FXGL Background Thread 3 ] DEBUG Engine               - class com.almasb.fxgl.localization.LocalizationService
11:15:35.337 [FXGL Background Thread 3 ] DEBUG Engine               - class com.almasb.fxgl.app.services.SystemBundleService
11:15:35.337 [FXGL Background Thread 3 ] DEBUG Engine               - class com.almasb.fxgl.profile.SaveLoadService
11:15:35.337 [FXGL Background Thread 3 ] DEBUG Engine               - class com.almasb.fxgl.ui.FXGLUIFactoryServiceProvider
11:15:35.339 [FXGL Background Thread 3 ] DEBUG Engine               - class com.almasb.fxgl.ui.FXGLDialogFactoryServiceProvider
11:15:35.339 [FXGL Background Thread 3 ] DEBUG Engine               - class com.almasb.fxgl.audio.AudioPlayer
11:15:35.339 [FXGL Background Thread 3 ] DEBUG Engine               - class com.almasb.fxgl.notification.impl.NotificationServiceProvider
11:15:35.339 [FXGL Background Thread 3 ] DEBUG Engine               - class com.almasb.fxgl.achievement.AchievementService
11:15:35.339 [FXGL Background Thread 3 ] DEBUG Engine               - class com.almasb.fxgl.cutscene.CutsceneService
11:15:35.339 [FXGL Background Thread 3 ] DEBUG Engine               - class com.almasb.fxgl.minigames.MiniGameService
11:15:35.339 [FXGL Background Thread 3 ] DEBUG Engine               - class com.almasb.fxgl.net.NetService
11:15:35.339 [FXGL Background Thread 3 ] DEBUG Engine               - class com.almasb.fxgl.app.services.UpdaterService
11:15:35.339 [FXGL Background Thread 3 ] DEBUG Engine               - class com.almasb.fxgl.dev.DevService
11:15:36.528 [JavaFX Application Thread] DEBUG FXGLApplication      - Exiting FXGL
11:15:36.529 [JavaFX Application Thread] DEBUG LoopRunner           - Stopping loop
11:15:36.529 [JavaFX Application Thread] DEBUG SystemBundleService  - Saving FXGL system data
11:15:36.535 [JavaFX Application Thread] DEBUG FileSystemAccess     - Writing to: C:\javafx-FXGL\pioneer-10\system\fxgl.bundle
11:15:36.543 [JavaFX Application Thread] DEBUG Async                - Shutting down background threads
11:15:36.543 [JavaFX Application Thread] DEBUG PrimaryStageWindow   - Closing main window
11:15:36.565 [JavaFX Application Thread] DEBUG Logger               - Closing Logger
