17:42:09.897 [main                     ] DEBUG Logger               - Configured Logger
17:42:09.912 [main                     ] DEBUG GameApplication      - Logging settings
Title: Pioneer-10
Terra
Version: 0.0
Width: 1200
Height: 640
Fullscreen: false
Intro: false
Profiling: false
Single step:false
App Mode: DEVELOPER
Menu Key: ESCAPE
Stage Style: DECORATED
Scene Factory: class com.almasb.fxgl.app.scene.SceneFactory

17:42:10.320 [JavaFX Application Thread] DEBUG FXGLApplication      - Initializing FXGL
17:42:10.324 [JavaFX Application Thread] INFO  Engine               - FXGL-17+dev-SNAPSHOT (22.04.2022 11.52) on WINDOWS (J:18 FX:18)
17:42:10.324 [JavaFX Application Thread] DEBUG Engine               - JRE Vendor Name: Oracle Corporation
17:42:10.324 [JavaFX Application Thread] DEBUG Engine               - Running on OS: Windows 10 version 10.0
17:42:10.324 [JavaFX Application Thread] DEBUG Engine               - Architecture: amd64
17:42:10.325 [JavaFX Application Thread] INFO  Engine               - Source code and latest versions at: https://github.com/AlmasB/FXGL
17:42:10.325 [JavaFX Application Thread] INFO  Engine               -       Ask questions and discuss at: https://github.com/AlmasB/FXGL/discussions
17:42:10.325 [JavaFX Application Thread] INFO  Engine               -              Join the FXGL chat at: https://gitter.im/AlmasB/FXGL
17:42:10.379 [JavaFX Application Thread] DEBUG PrimaryStageWindow   - Creating a JavaFX scene
17:42:10.407 [JavaFX Application Thread] DEBUG PrimaryStageWindow   - Target settings size: 1200.0 x 640.0
17:42:10.407 [JavaFX Application Thread] DEBUG PrimaryStageWindow   - Scaled scene size:    1200.0 x 640.0
17:42:10.407 [JavaFX Application Thread] DEBUG PrimaryStageWindow   - Scaled ratio: (1.0, 1.0)
17:42:10.408 [JavaFX Application Thread] DEBUG PrimaryStageWindow   - Set initial scene to FXGLStartupScene
17:42:10.412 [JavaFX Application Thread] DEBUG PrimaryStageWindow   - Opening main window
17:42:10.541 [JavaFX Application Thread] DEBUG PrimaryStageWindow   - Window border size: (16.0, 39.0)
17:42:10.541 [JavaFX Application Thread] DEBUG PrimaryStageWindow   - Scaled size: 1200.0 x 640.0
17:42:10.541 [JavaFX Application Thread] DEBUG PrimaryStageWindow   - Scaled ratio: (1.0, 1.0)
17:42:10.542 [JavaFX Application Thread] DEBUG PrimaryStageWindow   - Scene size: 1200.0 x 640.0
17:42:10.542 [JavaFX Application Thread] DEBUG PrimaryStageWindow   - Stage size: 1216.0 x 679.0
17:42:10.546 [FXGL Background Thread 1 ] DEBUG Engine               - Initializing environment variables
17:42:10.579 [FXGL Background Thread 1 ] DEBUG FXGLAssetLoaderServi - User app class for loading assets: class com.pioneer10.model.LivTerra
17:42:10.579 [FXGL Background Thread 1 ] DEBUG GameApplicationServi - Applying CSS: fxgl_dark.css
17:42:10.580 [FXGL Background Thread 1 ] DEBUG FXGLAssetLoaderServi - Loading from file system: jar:file:///C:/Users/mattu/.m2/repository/com/github/almasb/fxgl/17+dev-SNAPSHOT/fxgl-17+dev-20220422.115207-44.jar!/fxglassets/ui/css/fxgl_dark.css
17:42:10.612 [FXGL Background Thread 1 ] DEBUG GameApplicationServi - Initializing application scenes
17:42:10.639 [FXGL Background Thread 1 ] DEBUG GameWorld            - Game world initialized
17:42:10.682 [FXGL Background Thread 1 ] DEBUG PhysicsWorld         - Physics world initialized: appHeight=640, physics.ppm=50,0
17:42:10.682 [FXGL Background Thread 1 ] DEBUG PhysicsWorld         - Using strategy: BRUTE_FORCE
17:42:10.685 [FXGL Background Thread 1 ] DEBUG GameScene            - Game scene initialized: 1200x640
17:42:10.695 [FXGL Background Thread 1 ] DEBUG FXGL.DefaultMenu     - createMenuBodyGameMenu()
17:42:10.704 [FXGL Background Thread 1 ] DEBUG FXGL.DefaultMenu     - createOptionsMenu()
17:42:10.714 [FXGL Background Thread 1 ] DEBUG FXGLAssetLoaderServi - Loading from file system: jar:file:///C:/Users/mattu/.m2/repository/com/github/almasb/fxgl/17+dev-SNAPSHOT/fxgl-17+dev-20220422.115207-44.jar!/fxglassets/textures/particles/smoke.png
17:42:10.772 [FXGL Background Thread 1 ] DEBUG FXGLAssetLoaderServi - Loading from file system: jar:file:///C:/Users/mattu/.m2/repository/com/github/almasb/fxgl/17+dev-SNAPSHOT/fxgl-17+dev-20220422.115207-44.jar!/fxglassets/textures/particles/trace_horizontal.png
17:42:10.790 [FXGL Background Thread 1 ] DEBUG GameApplicationServi - Application scenes initialized
17:42:10.796 [FXGL Background Thread 1 ] DEBUG SystemBundleService  - Loading FXGL system data
17:42:10.799 [FXGL Background Thread 1 ] DEBUG FileSystemAccess     - Reading from: D:\FERMI-FEDE\4BIF_2021-2022\Informatica\Giochi\Pioneer-10\system\fxgl.bundle
17:42:10.803 [FXGL Background Thread 1 ] DEBUG SystemBundleService  - Bundle FXGL: {}
17:42:10.803 [FXGL Background Thread 1 ] DEBUG UpdaterService       - Checking for updates
17:42:10.805 [FXGL Background Thread 4 ] DEBUG FXGLApplication      - Loading fonts
17:42:10.806 [FXGL Background Thread 1 ] DEBUG FXGLApplication      - Loading default localization
17:42:10.806 [FXGL Background Thread 4 ] DEBUG FXGLAssetLoaderServi - Loading from file system: jar:file:///C:/Users/mattu/.m2/repository/com/github/almasb/fxgl/17+dev-SNAPSHOT/fxgl-17+dev-20220422.115207-44.jar!/fxglassets/ui/fonts/VarelaRound-Regular.ttf
17:42:10.806 [FXGL Background Thread 1 ] DEBUG FXGLAssetLoaderServi - Loading from file system: jar:file:///C:/Users/mattu/.m2/repository/com/github/almasb/fxgl/17+dev-SNAPSHOT/fxgl-17+dev-20220422.115207-44.jar!/fxglassets/languages/english.lang
17:42:10.817 [FXGL Background Thread 1 ] INFO  FXGLApplication      - FXGL initialization took: 0,271 sec
17:42:10.824 [JavaFX Application Thread] DEBUG Input                - Registered new binding: Left - A
17:42:10.824 [JavaFX Application Thread] DEBUG Input                - Registered new binding: Right - D
17:42:10.825 [JavaFX Application Thread] DEBUG Input                - Registered new binding: Jump - Space
17:42:10.825 [JavaFX Application Thread] DEBUG FXGLAssetLoaderServi - Loading from file system: jar:file:///C:/Users/mattu/.m2/repository/com/github/almasb/fxgl/17+dev-SNAPSHOT/fxgl-17+dev-20220422.115207-44.jar!/fxglassets/textures/fxgl_icon.png
17:42:10.836 [JavaFX Application Thread] DEBUG FXGLAssetLoaderServi - Loading from file system: jar:file:///C:/Users/mattu/.m2/repository/com/github/almasb/fxgl/17+dev-SNAPSHOT/fxgl-17+dev-20220422.115207-44.jar!/fxglassets/textures/fxgl_default_cursor.png
17:42:10.838 [JavaFX Application Thread] DEBUG Input                - Registered new binding: Screenshot - CTRL+8
17:42:10.839 [JavaFX Application Thread] DEBUG Input                - Registered new binding: System info dump - CTRL+9
17:42:10.839 [JavaFX Application Thread] DEBUG Input                - Registered new binding: Restart - CTRL+R
17:42:10.840 [JavaFX Application Thread] DEBUG Input                - Registered new binding: Toggle Debug Camera - CTRL+7
17:42:10.841 [JavaFX Application Thread] DEBUG LoopRunner           - Starting loop
17:42:10.841 [JavaFX Application Thread] DEBUG LoopRunner           - Initializing JavaFX AnimationTimerLoop
17:42:10.842 [JavaFX Application Thread] DEBUG GameApplicationServi - Starting new game
17:42:10.843 [JavaFX Application Thread] DEBUG Input                - Clearing active input actions
17:42:10.843 [FXGL Background Thread 4 ] DEBUG FXGLAssetLoaderServi - Loading from file system: jar:file:///C:/Users/mattu/.m2/repository/com/github/almasb/fxgl/17+dev-SNAPSHOT/fxgl-17+dev-20220422.115207-44.jar!/fxglassets/ui/fonts/Abel-Regular.ttf
17:42:10.845 [FXGL Background Thread 4 ] DEBUG FXGLAssetLoaderServi - Loading from file system: jar:file:///C:/Users/mattu/.m2/repository/com/github/almasb/fxgl/17+dev-SNAPSHOT/fxgl-17+dev-20220422.115207-44.jar!/fxglassets/ui/fonts/TerminalLandMono-Regular.otf
17:42:10.848 [FXGL Background Thread 4 ] DEBUG FXGLAssetLoaderServi - Loading from file system: jar:file:///C:/Users/mattu/.m2/repository/com/github/almasb/fxgl/17+dev-SNAPSHOT/fxgl-17+dev-20220422.115207-44.jar!/fxglassets/ui/fonts/Courier-Prime.ttf
17:42:10.851 [JavaFX Application Thread] DEBUG GameApplicationServi - Removing overlay from FXGLStartupScene and adding to FXGLLoadingScene
17:42:10.852 [JavaFX Application Thread] DEBUG PrimaryStageWindow   - FXGLStartupScene -> FXGLLoadingScene
17:42:10.852 [JavaFX Application Thread] DEBUG GameApplicationServi - Clearing previous game
17:42:10.852 [JavaFX Application Thread] DEBUG GameScene            - Clearing game scene
17:42:10.852 [JavaFX Application Thread] DEBUG GameWorld            - Clearing game world
17:42:10.852 [JavaFX Application Thread] DEBUG PhysicsWorld         - Clearing physics world
17:42:10.853 [JavaFX Application Thread] DEBUG FXGLApplication      - Registering font factories with UI factory
17:42:10.853 [FXGL Background Thread 4 ] DEBUG FXGLApplication      - Initializing game
17:42:10.874 [FXGL Background Thread 4 ] WARN  TMXLevelLoader       - TiledMap generated from 1.8.4. Supported version: 1.4.2. Some features may not be parsed fully.
17:42:10.889 [FXGL Background Thread 4 ] DEBUG TMXLevelLoader       - Parsed TiledMap: file:/D:/FERMI-FEDE/4BIF_2021-2022/Informatica/Giochi/Pioneer-10/target/classes/assets/levels/Terra/MappaTerra.tmx
17:42:10.891 [FXGL Background Thread 4 ] DEBUG TMXLevelLoader       - Creating tile layer entities
17:42:10.892 [FXGL Background Thread 4 ] DEBUG TilesetLoader        - Loading view for layer Livello tile 1
17:42:10.900 [FXGL Background Thread 4 ] DEBUG TilesetLoader        - Created buffer with size 4800.0x640.0
17:42:10.901 [FXGL Background Thread 4 ] WARN  TMXLevelLoader       - Parse error
java.lang.IllegalArgumentException: Tileset for gid=61 not found
	at com.almasb.fxgl.entity@17+dev-SNAPSHOT/com.almasb.fxgl.entity.level.tiled.TilesetLoader.findTileset(TilesetLoader.kt:390)
	at com.almasb.fxgl.entity@17+dev-SNAPSHOT/com.almasb.fxgl.entity.level.tiled.TilesetLoader.loadView(TilesetLoader.kt:116)
	at com.almasb.fxgl.entity@17+dev-SNAPSHOT/com.almasb.fxgl.entity.level.tiled.TMXLevelLoader.createTileLayerEntities$lambda-4(TMXLevelLoader.kt:100)
	at java.base/java.util.stream.ReferencePipeline$3$1.accept(ReferencePipeline.java:197)
	at java.base/java.util.ArrayList$ArrayListSpliterator.forEachRemaining(ArrayList.java:1625)
	at java.base/java.util.stream.AbstractPipeline.copyInto(AbstractPipeline.java:509)
	at java.base/java.util.stream.AbstractPipeline.wrapAndCopyInto(AbstractPipeline.java:499)
	at java.base/java.util.stream.ReduceOps$ReduceOp.evaluateSequential(ReduceOps.java:921)
	at java.base/java.util.stream.AbstractPipeline.evaluate(AbstractPipeline.java:234)
	at java.base/java.util.stream.ReferencePipeline.collect(ReferencePipeline.java:682)
	at com.almasb.fxgl.entity@17+dev-SNAPSHOT/com.almasb.fxgl.entity.level.tiled.TMXLevelLoader.createTileLayerEntities(TMXLevelLoader.kt:117)
	at com.almasb.fxgl.entity@17+dev-SNAPSHOT/com.almasb.fxgl.entity.level.tiled.TMXLevelLoader.load(TMXLevelLoader.kt:58)
	at com.almasb.fxgl.all@17+dev-SNAPSHOT/com.almasb.fxgl.app.services.FXGLAssetLoaderService.loadLevel(FXGLAssetLoaderService.kt:446)
	at com.almasb.fxgl.all@17+dev-SNAPSHOT/com.almasb.fxgl.dsl.FXGL$Companion.setLevelFromMap(FXGL.kt:634)
	at com.almasb.fxgl.all@17+dev-SNAPSHOT/com.almasb.fxgl.dsl.FXGL.setLevelFromMap(FXGL.kt)
	at mario.main/com.pioneer10.model.LivTerra.initGame(LivTerra.java:31)
	at com.almasb.fxgl.all@17+dev-SNAPSHOT/com.almasb.fxgl.app.FXGLApplication$InitAppTask.initGame(FXGLApplication.kt:339)
	at com.almasb.fxgl.all@17+dev-SNAPSHOT/com.almasb.fxgl.app.FXGLApplication$InitAppTask.call(FXGLApplication.kt:319)
	at com.almasb.fxgl.all@17+dev-SNAPSHOT/com.almasb.fxgl.app.FXGLApplication$InitAppTask.call(FXGLApplication.kt:311)
	at javafx.graphics@18/javafx.concurrent.Task$TaskCallable.call(Task.java:1426)
	at java.base/java.util.concurrent.FutureTask.run(FutureTask.java:264)
	at java.base/java.util.concurrent.Executors$RunnableAdapter.call(Executors.java:539)
	at java.base/java.util.concurrent.FutureTask.run(FutureTask.java:264)
	at java.base/java.util.concurrent.ThreadPoolExecutor.runWorker(ThreadPoolExecutor.java:1136)
	at java.base/java.util.concurrent.ThreadPoolExecutor$Worker.run(ThreadPoolExecutor.java:635)
	at java.base/java.lang.Thread.run(Thread.java:833)

17:42:10.938 [JavaFX Application Thread] DEBUG LoopRunner           - Stopping loop
17:42:10.939 [JavaFX Application Thread] FATAL FXGLApplication      - Uncaught Exception:
java.lang.RuntimeException: Initialization failed
	at com.almasb.fxgl.all@17+dev-SNAPSHOT/com.almasb.fxgl.app.FXGLApplication$InitAppTask.failed(FXGLApplication.kt:343)
	at javafx.graphics@18/javafx.concurrent.Task.setState(Task.java:710)
	at javafx.graphics@18/javafx.concurrent.Task$TaskCallable.lambda$call$2(Task.java:1456)
	at javafx.graphics@18/com.sun.javafx.application.PlatformImpl.lambda$runLater$10(PlatformImpl.java:457)
	at java.base/java.security.AccessController.doPrivileged(AccessController.java:399)
	at javafx.graphics@18/com.sun.javafx.application.PlatformImpl.lambda$runLater$11(PlatformImpl.java:456)
	at javafx.graphics@18/com.sun.glass.ui.InvokeLaterDispatcher$Future.run(InvokeLaterDispatcher.java:96)
	at javafx.graphics@18/com.sun.glass.ui.win.WinApplication._runLoop(Native Method)
	at javafx.graphics@18/com.sun.glass.ui.win.WinApplication.lambda$runLoop$3(WinApplication.java:184)
	at java.base/java.lang.Thread.run(Thread.java:833)
Caused by: com.almasb.fxgl.entity.level.LevelLoadingException: Tileset for gid=61 not found
	at com.almasb.fxgl.entity@17+dev-SNAPSHOT/com.almasb.fxgl.entity.level.tiled.TMXLevelLoader.load(TMXLevelLoader.kt:78)
	at com.almasb.fxgl.all@17+dev-SNAPSHOT/com.almasb.fxgl.app.services.FXGLAssetLoaderService.loadLevel(FXGLAssetLoaderService.kt:446)
	at com.almasb.fxgl.all@17+dev-SNAPSHOT/com.almasb.fxgl.dsl.FXGL$Companion.setLevelFromMap(FXGL.kt:634)
	at com.almasb.fxgl.all@17+dev-SNAPSHOT/com.almasb.fxgl.dsl.FXGL.setLevelFromMap(FXGL.kt)
	at mario.main/com.pioneer10.model.LivTerra.initGame(LivTerra.java:31)
	at com.almasb.fxgl.all@17+dev-SNAPSHOT/com.almasb.fxgl.app.FXGLApplication$InitAppTask.initGame(FXGLApplication.kt:339)
	at com.almasb.fxgl.all@17+dev-SNAPSHOT/com.almasb.fxgl.app.FXGLApplication$InitAppTask.call(FXGLApplication.kt:319)
	at com.almasb.fxgl.all@17+dev-SNAPSHOT/com.almasb.fxgl.app.FXGLApplication$InitAppTask.call(FXGLApplication.kt:311)
	at javafx.graphics@18/javafx.concurrent.Task$TaskCallable.call(Task.java:1426)
	at java.base/java.util.concurrent.FutureTask.run(FutureTask.java:264)
	at java.base/java.util.concurrent.Executors$RunnableAdapter.call(Executors.java:539)
	at java.base/java.util.concurrent.FutureTask.run(FutureTask.java:264)
	at java.base/java.util.concurrent.ThreadPoolExecutor.runWorker(ThreadPoolExecutor.java:1136)
	at java.base/java.util.concurrent.ThreadPoolExecutor$Worker.run(ThreadPoolExecutor.java:635)
	... 1 more
Caused by: java.lang.IllegalArgumentException: Tileset for gid=61 not found
	at com.almasb.fxgl.entity@17+dev-SNAPSHOT/com.almasb.fxgl.entity.level.tiled.TilesetLoader.findTileset(TilesetLoader.kt:390)
	at com.almasb.fxgl.entity@17+dev-SNAPSHOT/com.almasb.fxgl.entity.level.tiled.TilesetLoader.loadView(TilesetLoader.kt:116)
	at com.almasb.fxgl.entity@17+dev-SNAPSHOT/com.almasb.fxgl.entity.level.tiled.TMXLevelLoader.createTileLayerEntities$lambda-4(TMXLevelLoader.kt:100)
	at java.base/java.util.stream.ReferencePipeline$3$1.accept(ReferencePipeline.java:197)
	at java.base/java.util.ArrayList$ArrayListSpliterator.forEachRemaining(ArrayList.java:1625)
	at java.base/java.util.stream.AbstractPipeline.copyInto(AbstractPipeline.java:509)
	at java.base/java.util.stream.AbstractPipeline.wrapAndCopyInto(AbstractPipeline.java:499)
	at java.base/java.util.stream.ReduceOps$ReduceOp.evaluateSequential(ReduceOps.java:921)
	at java.base/java.util.stream.AbstractPipeline.evaluate(AbstractPipeline.java:234)
	at java.base/java.util.stream.ReferencePipeline.collect(ReferencePipeline.java:682)
	at com.almasb.fxgl.entity@17+dev-SNAPSHOT/com.almasb.fxgl.entity.level.tiled.TMXLevelLoader.createTileLayerEntities(TMXLevelLoader.kt:117)
	at com.almasb.fxgl.entity@17+dev-SNAPSHOT/com.almasb.fxgl.entity.level.tiled.TMXLevelLoader.load(TMXLevelLoader.kt:58)
	... 14 more

17:42:10.939 [JavaFX Application Thread] FATAL FXGLApplication      - Application will now exit
17:42:10.952 [JavaFX Application Thread] DEBUG PrimaryStageWindow   - Push state: ErrorSubScene
17:42:10.952 [JavaFX Application Thread] DEBUG Input                - Clearing active input actions
17:42:10.955 [JavaFX Application Thread] DEBUG GameApplicationServi - Removing overlay from FXGLLoadingScene and adding to ErrorSubScene
17:42:10.956 [JavaFX Application Thread] DEBUG PrimaryStageWindow   - FXGLLoadingScene -> ErrorSubScene
17:42:11.065 [FXGL Background Thread 2 ] INFO  UpdaterService       - Your current version:  17+dev-SNAPSHOT
17:42:11.065 [FXGL Background Thread 2 ] INFO  UpdaterService       - Latest stable version: 17.1
17:42:13.806 [FXGL Background Thread 3 ] DEBUG Engine               - Logging environment variables
17:42:13.806 [FXGL Background Thread 3 ] DEBUG Engine               - achievements: []
17:42:13.806 [FXGL Background Thread 3 ] DEBUG Engine               - actualHeight: 640.0
17:42:13.806 [FXGL Background Thread 3 ] DEBUG Engine               - actualHeightProperty: ReadOnlyDoubleProperty [value: 640.0]
17:42:13.806 [FXGL Background Thread 3 ] DEBUG Engine               - actualWidth: 1200.0
17:42:13.807 [FXGL Background Thread 3 ] DEBUG Engine               - actualWidthProperty: ReadOnlyDoubleProperty [value: 1200.0]
17:42:13.807 [FXGL Background Thread 3 ] DEBUG Engine               - appIcon: fxgl_icon.png
17:42:13.807 [FXGL Background Thread 3 ] DEBUG Engine               - applicationMode: DEVELOPER
17:42:13.807 [FXGL Background Thread 3 ] DEBUG Engine               - cSSList: [fxgl_dark.css]
17:42:13.807 [FXGL Background Thread 3 ] DEBUG Engine               - collisionDetectionStrategy: BRUTE_FORCE
17:42:13.807 [FXGL Background Thread 3 ] DEBUG Engine               - configClass: Optional.empty
17:42:13.807 [FXGL Background Thread 3 ] DEBUG Engine               - credits: []
17:42:13.807 [FXGL Background Thread 3 ] DEBUG Engine               - defaultCursor: CursorInfo(imageName=fxgl_default_cursor.png, hotspotX=7.0, hotspotY=6.0)
17:42:13.807 [FXGL Background Thread 3 ] DEBUG Engine               - devBBoxColorProperty: ObjectProperty [value: 0xff0000ff]
17:42:13.807 [FXGL Background Thread 3 ] DEBUG Engine               - devEnableDebugCameraProperty: BooleanProperty [value: false]
17:42:13.808 [FXGL Background Thread 3 ] DEBUG Engine               - devSensorColorProperty: ObjectProperty [value: 0xffff00ff]
17:42:13.808 [FXGL Background Thread 3 ] DEBUG Engine               - devShowBBoxProperty: BooleanProperty [value: false]
17:42:13.808 [FXGL Background Thread 3 ] DEBUG Engine               - devShowPositionProperty: BooleanProperty [value: false]
17:42:13.808 [FXGL Background Thread 3 ] DEBUG Engine               - enabledMenuItems: []
17:42:13.808 [FXGL Background Thread 3 ] DEBUG Engine               - engineServices: [class com.almasb.fxgl.app.services.FXGLAssetLoaderService, class com.almasb.fxgl.app.FXGLApplication$GameApplicationService, class com.almasb.fxgl.app.services.FXGLDialogService, class com.almasb.fxgl.app.services.IOTaskExecutorService, class com.almasb.fxgl.io.FileSystemService, class com.almasb.fxgl.localization.LocalizationService, class com.almasb.fxgl.app.services.SystemBundleService, class com.almasb.fxgl.profile.SaveLoadService, class com.almasb.fxgl.ui.FXGLUIFactoryServiceProvider, class com.almasb.fxgl.ui.FXGLDialogFactoryServiceProvider, class com.almasb.fxgl.audio.AudioPlayer, class com.almasb.fxgl.notification.impl.NotificationServiceProvider, class com.almasb.fxgl.achievement.AchievementService, class com.almasb.fxgl.cutscene.CutsceneService, class com.almasb.fxgl.minigames.MiniGameService, class com.almasb.fxgl.net.NetService, class com.almasb.fxgl.app.services.UpdaterService, class com.almasb.fxgl.dev.DevService]
17:42:13.808 [FXGL Background Thread 3 ] DEBUG Engine               - fontGame: Abel-Regular.ttf
17:42:13.808 [FXGL Background Thread 3 ] DEBUG Engine               - fontMono: TerminalLandMono-Regular.otf
17:42:13.808 [FXGL Background Thread 3 ] DEBUG Engine               - fontText: Courier-Prime.ttf
17:42:13.808 [FXGL Background Thread 3 ] DEBUG Engine               - fontUI: VarelaRound-Regular.ttf
17:42:13.808 [FXGL Background Thread 3 ] DEBUG Engine               - fullScreen: BooleanProperty [value: false]
17:42:13.808 [FXGL Background Thread 3 ] DEBUG Engine               - gameDifficulty: MEDIUM
17:42:13.808 [FXGL Background Thread 3 ] DEBUG Engine               - gameDifficultyProperty: ObjectProperty [value: MEDIUM]
17:42:13.808 [FXGL Background Thread 3 ] DEBUG Engine               - globalMusicVolume: 0.5
17:42:13.808 [FXGL Background Thread 3 ] DEBUG Engine               - globalMusicVolumeProperty: DoubleProperty [value: 0.5]
17:42:13.808 [FXGL Background Thread 3 ] DEBUG Engine               - globalSoundVolume: 0.5
17:42:13.808 [FXGL Background Thread 3 ] DEBUG Engine               - globalSoundVolumeProperty: DoubleProperty [value: 0.5]
17:42:13.808 [FXGL Background Thread 3 ] DEBUG Engine               - height: 640
17:42:13.809 [FXGL Background Thread 3 ] DEBUG Engine               - is3D: false
17:42:13.809 [FXGL Background Thread 3 ] DEBUG Engine               - isAndroid: false
17:42:13.809 [FXGL Background Thread 3 ] DEBUG Engine               - isBrowser: false
17:42:13.809 [FXGL Background Thread 3 ] DEBUG Engine               - isClickFeedbackEnabled: false
17:42:13.809 [FXGL Background Thread 3 ] DEBUG Engine               - isCloseConfirmation: false
17:42:13.809 [FXGL Background Thread 3 ] DEBUG Engine               - isDesktop: true
17:42:13.809 [FXGL Background Thread 3 ] DEBUG Engine               - isDeveloperMenuEnabled: false
17:42:13.809 [FXGL Background Thread 3 ] DEBUG Engine               - isEmbedded: false
17:42:13.809 [FXGL Background Thread 3 ] DEBUG Engine               - isEntityPreloadEnabled: true
17:42:13.809 [FXGL Background Thread 3 ] DEBUG Engine               - isExperimentalTiledLargeMap: false
17:42:13.809 [FXGL Background Thread 3 ] DEBUG Engine               - isFileSystemWriteAllowed: true
17:42:13.809 [FXGL Background Thread 3 ] DEBUG Engine               - isFullScreenAllowed: false
17:42:13.809 [FXGL Background Thread 3 ] DEBUG Engine               - isFullScreenFromStart: false
17:42:13.809 [FXGL Background Thread 3 ] DEBUG Engine               - isGameMenuEnabled: true
17:42:13.809 [FXGL Background Thread 3 ] DEBUG Engine               - isIOS: false
17:42:13.809 [FXGL Background Thread 3 ] DEBUG Engine               - isIntroEnabled: false
17:42:13.809 [FXGL Background Thread 3 ] DEBUG Engine               - isLinux: false
17:42:13.809 [FXGL Background Thread 3 ] DEBUG Engine               - isMac: false
17:42:13.809 [FXGL Background Thread 3 ] DEBUG Engine               - isMainMenuEnabled: false
17:42:13.809 [FXGL Background Thread 3 ] DEBUG Engine               - isManualResizeEnabled: false
17:42:13.809 [FXGL Background Thread 3 ] DEBUG Engine               - isMobile: false
17:42:13.809 [FXGL Background Thread 3 ] DEBUG Engine               - isNative: false
17:42:13.809 [FXGL Background Thread 3 ] DEBUG Engine               - isPauseMusicWhenMinimized: true
17:42:13.809 [FXGL Background Thread 3 ] DEBUG Engine               - isPreserveResizeRatio: false
17:42:13.809 [FXGL Background Thread 3 ] DEBUG Engine               - isProfilingEnabled: false
17:42:13.809 [FXGL Background Thread 3 ] DEBUG Engine               - isScaleAffectedOnResize: true
17:42:13.809 [FXGL Background Thread 3 ] DEBUG Engine               - isSingleStep: false
17:42:13.810 [FXGL Background Thread 3 ] DEBUG Engine               - isUserProfileEnabled: false
17:42:13.810 [FXGL Background Thread 3 ] DEBUG Engine               - isWindows: true
17:42:13.810 [FXGL Background Thread 3 ] DEBUG Engine               - language: ObjectProperty [value: ENGLISH]
17:42:13.810 [FXGL Background Thread 3 ] DEBUG Engine               - menuKey: ESCAPE
17:42:13.810 [FXGL Background Thread 3 ] DEBUG Engine               - mouseSensitivity: 0.2
17:42:13.810 [FXGL Background Thread 3 ] DEBUG Engine               - notificationViewClass: class com.almasb.fxgl.notification.view.XboxNotificationView
17:42:13.810 [FXGL Background Thread 3 ] DEBUG Engine               - pixelsPerMeter: 50.0
17:42:13.810 [FXGL Background Thread 3 ] DEBUG Engine               - platform: WINDOWS
17:42:13.810 [FXGL Background Thread 3 ] DEBUG Engine               - prefHeightProperty: ReadOnlyDoubleProperty [value: 640.0]
17:42:13.810 [FXGL Background Thread 3 ] DEBUG Engine               - prefWidthProperty: ReadOnlyDoubleProperty [value: 1200.0]
17:42:13.810 [FXGL Background Thread 3 ] DEBUG Engine               - profileDir: profiles/
17:42:13.810 [FXGL Background Thread 3 ] DEBUG Engine               - profileName: StringProperty [value: DEFAULT]
17:42:13.810 [FXGL Background Thread 3 ] DEBUG Engine               - randomSeed: -1
17:42:13.810 [FXGL Background Thread 3 ] DEBUG Engine               - runtimeInfo: RuntimeInfo(platform=WINDOWS, version=17+dev-SNAPSHOT, build=22.04.2022 11.52)
17:42:13.810 [FXGL Background Thread 3 ] DEBUG Engine               - saveFileExt: sav
17:42:13.810 [FXGL Background Thread 3 ] DEBUG Engine               - scaledHeightProp$fxgl: DoubleProperty [bound, value: 640.0]
17:42:13.810 [FXGL Background Thread 3 ] DEBUG Engine               - scaledWidthProp$fxgl: DoubleProperty [bound, value: 1200.0]
17:42:13.810 [FXGL Background Thread 3 ] DEBUG Engine               - sceneFactory: com.almasb.fxgl.app.scene.SceneFactory@5bc1e4ca
17:42:13.810 [FXGL Background Thread 3 ] DEBUG Engine               - secondsIn24h: 60
17:42:13.810 [FXGL Background Thread 3 ] DEBUG Engine               - soundMenuBack: menu/back.wav
17:42:13.810 [FXGL Background Thread 3 ] DEBUG Engine               - soundMenuPress: menu/press.wav
17:42:13.810 [FXGL Background Thread 3 ] DEBUG Engine               - soundMenuSelect: menu/select.wav
17:42:13.810 [FXGL Background Thread 3 ] DEBUG Engine               - soundNotification: core/notification.wav
17:42:13.810 [FXGL Background Thread 3 ] DEBUG Engine               - stageStyle: DECORATED
17:42:13.810 [FXGL Background Thread 3 ] DEBUG Engine               - supportedLanguages: [ENGLISH, FRENCH, GERMAN, HUNGARIAN, RUSSIAN]
17:42:13.811 [FXGL Background Thread 3 ] DEBUG Engine               - ticksPerSecond: -1
17:42:13.811 [FXGL Background Thread 3 ] DEBUG Engine               - title: Pioneer-10
Terra
17:42:13.811 [FXGL Background Thread 3 ] DEBUG Engine               - urlGithub: https://github.com/AlmasB/FXGL
17:42:13.811 [FXGL Background Thread 3 ] DEBUG Engine               - urlLeaderboard: http://fxgl-top.herokuapp.com/
17:42:13.811 [FXGL Background Thread 3 ] DEBUG Engine               - urlPOM: https://raw.githubusercontent.com/AlmasB/FXGL/release/README.md
17:42:13.811 [FXGL Background Thread 3 ] DEBUG Engine               - userAppClass: class com.pioneer10.model.LivTerra
17:42:13.811 [FXGL Background Thread 3 ] DEBUG Engine               - version: 0.0
17:42:13.811 [FXGL Background Thread 3 ] DEBUG Engine               - versionCheckDays: 7
17:42:13.811 [FXGL Background Thread 3 ] DEBUG Engine               - width: 1200
17:42:13.811 [FXGL Background Thread 3 ] DEBUG Engine               - Logging services
17:42:13.811 [FXGL Background Thread 3 ] DEBUG Engine               - class com.almasb.fxgl.app.services.FXGLAssetLoaderService
17:42:13.811 [FXGL Background Thread 3 ] DEBUG Engine               - class com.almasb.fxgl.app.FXGLApplication$GameApplicationService
17:42:13.811 [FXGL Background Thread 3 ] DEBUG Engine               - class com.almasb.fxgl.app.services.FXGLDialogService
17:42:13.811 [FXGL Background Thread 3 ] DEBUG Engine               - class com.almasb.fxgl.app.services.IOTaskExecutorService
17:42:13.811 [FXGL Background Thread 3 ] DEBUG Engine               - class com.almasb.fxgl.io.FileSystemService
17:42:13.811 [FXGL Background Thread 3 ] DEBUG Engine               - class com.almasb.fxgl.localization.LocalizationService
17:42:13.811 [FXGL Background Thread 3 ] DEBUG Engine               - class com.almasb.fxgl.app.services.SystemBundleService
17:42:13.811 [FXGL Background Thread 3 ] DEBUG Engine               - class com.almasb.fxgl.profile.SaveLoadService
17:42:13.811 [FXGL Background Thread 3 ] DEBUG Engine               - class com.almasb.fxgl.ui.FXGLUIFactoryServiceProvider
17:42:13.811 [FXGL Background Thread 3 ] DEBUG Engine               - class com.almasb.fxgl.ui.FXGLDialogFactoryServiceProvider
17:42:13.811 [FXGL Background Thread 3 ] DEBUG Engine               - class com.almasb.fxgl.audio.AudioPlayer
17:42:13.811 [FXGL Background Thread 3 ] DEBUG Engine               - class com.almasb.fxgl.notification.impl.NotificationServiceProvider
17:42:13.811 [FXGL Background Thread 3 ] DEBUG Engine               - class com.almasb.fxgl.achievement.AchievementService
17:42:13.811 [FXGL Background Thread 3 ] DEBUG Engine               - class com.almasb.fxgl.cutscene.CutsceneService
17:42:13.811 [FXGL Background Thread 3 ] DEBUG Engine               - class com.almasb.fxgl.minigames.MiniGameService
17:42:13.811 [FXGL Background Thread 3 ] DEBUG Engine               - class com.almasb.fxgl.net.NetService
17:42:13.811 [FXGL Background Thread 3 ] DEBUG Engine               - class com.almasb.fxgl.app.services.UpdaterService
17:42:13.811 [FXGL Background Thread 3 ] DEBUG Engine               - class com.almasb.fxgl.dev.DevService
17:42:14.559 [JavaFX Application Thread] DEBUG FXGLApplication      - Exiting FXGL
17:42:14.559 [JavaFX Application Thread] DEBUG Async                - Shutting down background threads
17:42:14.559 [JavaFX Application Thread] DEBUG PrimaryStageWindow   - Closing main window
17:42:14.566 [JavaFX Application Thread] DEBUG Logger               - Closing Logger
