00:10:22.175 [main                     ] DEBUG Logger               - Configured Logger
00:10:22.254 [main                     ] DEBUG GameApplication      - Logging settings
Title: Untitled
Version: 0.0
Width: 960
Height: 640
Fullscreen: false
Intro: false
Profiling: false
Single step:false
App Mode: DEVELOPER
Menu Key: ESCAPE
Stage Style: DECORATED
Scene Factory: class com.almasb.fxgl.app.scene.SceneFactory

00:10:22.928 [JavaFX Application Thread] DEBUG FXGLApplication      - Initializing FXGL
00:10:22.947 [JavaFX Application Thread] INFO  Engine               - FXGL-17+dev-SNAPSHOT (22.04.2022 11.52) on WINDOWS (J:18.0.1 FX:18)
00:10:22.948 [JavaFX Application Thread] DEBUG Engine               - JRE Vendor Name: Oracle Corporation
00:10:22.949 [JavaFX Application Thread] DEBUG Engine               - Running on OS: Windows 10 version 10.0
00:10:22.949 [JavaFX Application Thread] DEBUG Engine               - Architecture: amd64
00:10:22.949 [JavaFX Application Thread] INFO  Engine               - Source code and latest versions at: https://github.com/AlmasB/FXGL
00:10:22.950 [JavaFX Application Thread] INFO  Engine               -       Ask questions and discuss at: https://github.com/AlmasB/FXGL/discussions
00:10:22.950 [JavaFX Application Thread] INFO  Engine               -              Join the FXGL chat at: https://gitter.im/AlmasB/FXGL
00:10:23.158 [JavaFX Application Thread] DEBUG PrimaryStageWindow   - Creating a JavaFX scene
00:10:23.261 [JavaFX Application Thread] DEBUG PrimaryStageWindow   - Target settings size: 960.0 x 640.0
00:10:23.262 [JavaFX Application Thread] DEBUG PrimaryStageWindow   - Scaled scene size:    960.0 x 640.0
00:10:23.262 [JavaFX Application Thread] DEBUG PrimaryStageWindow   - Scaled ratio: (1.0, 1.0)
00:10:23.265 [JavaFX Application Thread] DEBUG PrimaryStageWindow   - Set initial scene to FXGLStartupScene
00:10:23.280 [JavaFX Application Thread] DEBUG PrimaryStageWindow   - Opening main window
00:10:23.457 [JavaFX Application Thread] DEBUG PrimaryStageWindow   - Window border size: (16.0, 39.0)
00:10:23.457 [JavaFX Application Thread] DEBUG PrimaryStageWindow   - Scaled size: 960.0 x 640.0
00:10:23.458 [JavaFX Application Thread] DEBUG PrimaryStageWindow   - Scaled ratio: (1.0, 1.0)
00:10:23.458 [JavaFX Application Thread] DEBUG PrimaryStageWindow   - Scene size: 960.0 x 640.0
00:10:23.459 [JavaFX Application Thread] DEBUG PrimaryStageWindow   - Stage size: 976.0 x 679.0
00:10:23.542 [FXGL Background Thread 1 ] DEBUG Engine               - Initializing environment variables
00:10:23.677 [FXGL Background Thread 1 ] DEBUG FXGLAssetLoaderServi - User app class for loading assets: class com.pioneer10.model.sdrubale
00:10:23.678 [FXGL Background Thread 1 ] DEBUG GameApplicationServi - Applying CSS: fxgl_dark.css
00:10:23.680 [FXGL Background Thread 1 ] DEBUG FXGLAssetLoaderServi - Loading from file system: jar:file:///C:/Users/Manuel/.m2/repository/com/github/almasb/fxgl/17+dev-SNAPSHOT/fxgl-17+dev-20220422.115207-44.jar!/fxglassets/ui/css/fxgl_dark.css
00:10:23.830 [FXGL Background Thread 1 ] DEBUG GameApplicationServi - Initializing application scenes
00:10:24.035 [FXGL Background Thread 1 ] DEBUG GameWorld            - Game world initialized
00:10:24.208 [FXGL Background Thread 1 ] DEBUG PhysicsWorld         - Physics world initialized: appHeight=640, physics.ppm=50,0
00:10:24.210 [FXGL Background Thread 1 ] DEBUG PhysicsWorld         - Using strategy: BRUTE_FORCE
00:10:24.220 [FXGL Background Thread 1 ] DEBUG GameScene            - Game scene initialized: 960x640
00:10:24.246 [FXGL Background Thread 1 ] DEBUG FXGL.DefaultMenu     - createMenuBodyGameMenu()
00:10:24.273 [FXGL Background Thread 1 ] DEBUG FXGL.DefaultMenu     - createOptionsMenu()
00:10:24.296 [FXGL Background Thread 1 ] DEBUG FXGLAssetLoaderServi - Loading from file system: jar:file:///C:/Users/Manuel/.m2/repository/com/github/almasb/fxgl/17+dev-SNAPSHOT/fxgl-17+dev-20220422.115207-44.jar!/fxglassets/textures/particles/smoke.png
00:10:24.514 [FXGL Background Thread 1 ] DEBUG FXGLAssetLoaderServi - Loading from file system: jar:file:///C:/Users/Manuel/.m2/repository/com/github/almasb/fxgl/17+dev-SNAPSHOT/fxgl-17+dev-20220422.115207-44.jar!/fxglassets/textures/particles/trace_horizontal.png
00:10:24.591 [FXGL Background Thread 1 ] DEBUG GameApplicationServi - Application scenes initialized
00:10:24.616 [FXGL Background Thread 1 ] DEBUG SystemBundleService  - Loading FXGL system data
00:10:24.625 [FXGL Background Thread 1 ] DEBUG FileSystemAccess     - Reading from: C:\javafx-FXGL\pioneer-10\system\fxgl.bundle
00:10:24.644 [FXGL Background Thread 1 ] DEBUG SystemBundleService  - Bundle FXGL: {}
00:10:24.644 [FXGL Background Thread 1 ] DEBUG UpdaterService       - Checking for updates
00:10:24.654 [FXGL Background Thread 1 ] DEBUG FXGLApplication      - Loading default localization
00:10:24.655 [FXGL Background Thread 1 ] DEBUG FXGLAssetLoaderServi - Loading from file system: jar:file:///C:/Users/Manuel/.m2/repository/com/github/almasb/fxgl/17+dev-SNAPSHOT/fxgl-17+dev-20220422.115207-44.jar!/fxglassets/languages/english.lang
00:10:24.683 [FXGL Background Thread 4 ] DEBUG FXGLApplication      - Loading fonts
00:10:24.684 [FXGL Background Thread 4 ] DEBUG FXGLAssetLoaderServi - Loading from file system: jar:file:///C:/Users/Manuel/.m2/repository/com/github/almasb/fxgl/17+dev-SNAPSHOT/fxgl-17+dev-20220422.115207-44.jar!/fxglassets/ui/fonts/VarelaRound-Regular.ttf
00:10:24.718 [FXGL Background Thread 1 ] INFO  FXGLApplication      - FXGL initialization took: 1,175 sec
00:10:24.736 [JavaFX Application Thread] DEBUG Input                - Registered new binding: Left - A
00:10:24.737 [JavaFX Application Thread] DEBUG Input                - Registered new binding: Right - D
00:10:24.737 [JavaFX Application Thread] DEBUG Input                - Registered new binding: Jump - W
00:10:24.738 [JavaFX Application Thread] DEBUG FXGLAssetLoaderServi - Loading from file system: jar:file:///C:/Users/Manuel/.m2/repository/com/github/almasb/fxgl/17+dev-SNAPSHOT/fxgl-17+dev-20220422.115207-44.jar!/fxglassets/textures/fxgl_icon.png
00:10:24.835 [JavaFX Application Thread] DEBUG FXGLAssetLoaderServi - Loading from file system: jar:file:///C:/Users/Manuel/.m2/repository/com/github/almasb/fxgl/17+dev-SNAPSHOT/fxgl-17+dev-20220422.115207-44.jar!/fxglassets/textures/fxgl_default_cursor.png
00:10:24.839 [JavaFX Application Thread] DEBUG Input                - Registered new binding: Screenshot - CTRL+8
00:10:24.840 [JavaFX Application Thread] DEBUG Input                - Registered new binding: System info dump - CTRL+9
00:10:24.841 [JavaFX Application Thread] DEBUG Input                - Registered new binding: Restart - CTRL+R
00:10:24.844 [JavaFX Application Thread] DEBUG Input                - Registered new binding: Toggle Debug Camera - CTRL+7
00:10:24.847 [JavaFX Application Thread] DEBUG LoopRunner           - Starting loop
00:10:24.848 [JavaFX Application Thread] DEBUG LoopRunner           - Initializing JavaFX AnimationTimerLoop
00:10:24.855 [JavaFX Application Thread] DEBUG GameApplicationServi - Starting new game
00:10:24.856 [JavaFX Application Thread] DEBUG Input                - Clearing active input actions
00:10:24.906 [JavaFX Application Thread] DEBUG GameApplicationServi - Removing overlay from FXGLStartupScene and adding to FXGLLoadingScene
00:10:24.907 [JavaFX Application Thread] DEBUG PrimaryStageWindow   - FXGLStartupScene -> FXGLLoadingScene
00:10:24.907 [JavaFX Application Thread] DEBUG GameApplicationServi - Clearing previous game
00:10:24.907 [JavaFX Application Thread] DEBUG GameScene            - Clearing game scene
00:10:24.907 [JavaFX Application Thread] DEBUG GameWorld            - Clearing game world
00:10:24.908 [JavaFX Application Thread] DEBUG PhysicsWorld         - Clearing physics world
00:10:24.911 [FXGL Background Thread 1 ] DEBUG FXGLApplication      - Initializing game
00:10:25.078 [FXGL Background Thread 1 ] WARN  TMXLevelLoader       - TiledMap generated from 1.8.4. Supported version: 1.4.2. Some features may not be parsed fully.
00:10:25.106 [FXGL Background Thread 1 ] DEBUG TMXLevelLoader       - Parsed TiledMap: file:/C:/javafx-FXGL/pioneer-10/target/classes/assets/levels/tmx/PrimaMappadecente.tmx
00:10:25.108 [FXGL Background Thread 1 ] DEBUG TMXLevelLoader       - Creating tile layer entities
00:10:25.110 [FXGL Background Thread 1 ] DEBUG TilesetLoader        - Loading view for layer Livello tile 1
00:10:25.111 [FXGL Background Thread 1 ] DEBUG TilesetLoader        - Created buffer with size 480.0x160.0
00:10:25.126 [FXGL Background Thread 1 ] DEBUG TMXLevelLoader       - Creating object layer entities
00:10:25.142 [FXGL Background Thread 1 ] DEBUG GameWorld            - Clearing removable entities
00:10:25.147 [FXGL Background Thread 1 ] DEBUG GameWorld            - Setting level: com.almasb.fxgl.entity.level.Level@1f7cbb39
00:10:25.150 [FXGL Background Thread 1 ] INFO  FXGLApplication      - Game initialization took: 0,238 sec
00:10:25.187 [JavaFX Application Thread] DEBUG Input                - Clearing active input actions
00:10:25.265 [JavaFX Application Thread] DEBUG GameApplicationServi - Removing overlay from FXGLLoadingScene and adding to GameScene
00:10:25.266 [JavaFX Application Thread] DEBUG PrimaryStageWindow   - FXGLLoadingScene -> GameScene
00:10:25.666 [FXGL Background Thread 4 ] DEBUG FXGLAssetLoaderServi - Loading from file system: jar:file:///C:/Users/Manuel/.m2/repository/com/github/almasb/fxgl/17+dev-SNAPSHOT/fxgl-17+dev-20220422.115207-44.jar!/fxglassets/ui/fonts/Abel-Regular.ttf
00:10:25.694 [FXGL Background Thread 4 ] DEBUG FXGLAssetLoaderServi - Loading from file system: jar:file:///C:/Users/Manuel/.m2/repository/com/github/almasb/fxgl/17+dev-SNAPSHOT/fxgl-17+dev-20220422.115207-44.jar!/fxglassets/ui/fonts/TerminalLandMono-Regular.otf
00:10:25.718 [FXGL Background Thread 4 ] DEBUG FXGLAssetLoaderServi - Loading from file system: jar:file:///C:/Users/Manuel/.m2/repository/com/github/almasb/fxgl/17+dev-SNAPSHOT/fxgl-17+dev-20220422.115207-44.jar!/fxglassets/ui/fonts/Courier-Prime.ttf
00:10:25.745 [JavaFX Application Thread] DEBUG FXGLApplication      - Registering font factories with UI factory
00:10:26.254 [FXGL Background Thread 2 ] INFO  UpdaterService       - Your current version:  17+dev-SNAPSHOT
00:10:26.257 [FXGL Background Thread 2 ] INFO  UpdaterService       - Latest stable version: 17.1
00:10:27.655 [FXGL Background Thread 3 ] DEBUG Engine               - Logging environment variables
00:10:27.655 [FXGL Background Thread 3 ] DEBUG Engine               - achievements: []
00:10:27.656 [FXGL Background Thread 3 ] DEBUG Engine               - actualHeight: 640.0
00:10:27.656 [FXGL Background Thread 3 ] DEBUG Engine               - actualHeightProperty: ReadOnlyDoubleProperty [value: 640.0]
00:10:27.656 [FXGL Background Thread 3 ] DEBUG Engine               - actualWidth: 960.0
00:10:27.656 [FXGL Background Thread 3 ] DEBUG Engine               - actualWidthProperty: ReadOnlyDoubleProperty [value: 960.0]
00:10:27.656 [FXGL Background Thread 3 ] DEBUG Engine               - appIcon: fxgl_icon.png
00:10:27.656 [FXGL Background Thread 3 ] DEBUG Engine               - applicationMode: DEVELOPER
00:10:27.657 [FXGL Background Thread 3 ] DEBUG Engine               - cSSList: [fxgl_dark.css]
00:10:27.657 [FXGL Background Thread 3 ] DEBUG Engine               - collisionDetectionStrategy: BRUTE_FORCE
00:10:27.657 [FXGL Background Thread 3 ] DEBUG Engine               - configClass: Optional.empty
00:10:27.657 [FXGL Background Thread 3 ] DEBUG Engine               - credits: []
00:10:27.658 [FXGL Background Thread 3 ] DEBUG Engine               - defaultCursor: CursorInfo(imageName=fxgl_default_cursor.png, hotspotX=7.0, hotspotY=6.0)
00:10:27.658 [FXGL Background Thread 3 ] DEBUG Engine               - devBBoxColorProperty: ObjectProperty [value: 0xff0000ff]
00:10:27.658 [FXGL Background Thread 3 ] DEBUG Engine               - devEnableDebugCameraProperty: BooleanProperty [value: false]
00:10:27.659 [FXGL Background Thread 3 ] DEBUG Engine               - devSensorColorProperty: ObjectProperty [value: 0xffff00ff]
00:10:27.659 [FXGL Background Thread 3 ] DEBUG Engine               - devShowBBoxProperty: BooleanProperty [value: false]
00:10:27.659 [FXGL Background Thread 3 ] DEBUG Engine               - devShowPositionProperty: BooleanProperty [value: false]
00:10:27.659 [FXGL Background Thread 3 ] DEBUG Engine               - enabledMenuItems: []
00:10:27.659 [FXGL Background Thread 3 ] DEBUG Engine               - engineServices: [class com.almasb.fxgl.app.services.FXGLAssetLoaderService, class com.almasb.fxgl.app.FXGLApplication$GameApplicationService, class com.almasb.fxgl.app.services.FXGLDialogService, class com.almasb.fxgl.app.services.IOTaskExecutorService, class com.almasb.fxgl.io.FileSystemService, class com.almasb.fxgl.localization.LocalizationService, class com.almasb.fxgl.app.services.SystemBundleService, class com.almasb.fxgl.profile.SaveLoadService, class com.almasb.fxgl.ui.FXGLUIFactoryServiceProvider, class com.almasb.fxgl.ui.FXGLDialogFactoryServiceProvider, class com.almasb.fxgl.audio.AudioPlayer, class com.almasb.fxgl.notification.impl.NotificationServiceProvider, class com.almasb.fxgl.achievement.AchievementService, class com.almasb.fxgl.cutscene.CutsceneService, class com.almasb.fxgl.minigames.MiniGameService, class com.almasb.fxgl.net.NetService, class com.almasb.fxgl.app.services.UpdaterService, class com.almasb.fxgl.dev.DevService]
00:10:27.659 [FXGL Background Thread 3 ] DEBUG Engine               - fontGame: Abel-Regular.ttf
00:10:27.659 [FXGL Background Thread 3 ] DEBUG Engine               - fontMono: TerminalLandMono-Regular.otf
00:10:27.659 [FXGL Background Thread 3 ] DEBUG Engine               - fontText: Courier-Prime.ttf
00:10:27.660 [FXGL Background Thread 3 ] DEBUG Engine               - fontUI: VarelaRound-Regular.ttf
00:10:27.660 [FXGL Background Thread 3 ] DEBUG Engine               - fullScreen: BooleanProperty [value: false]
00:10:27.660 [FXGL Background Thread 3 ] DEBUG Engine               - gameDifficulty: MEDIUM
00:10:27.660 [FXGL Background Thread 3 ] DEBUG Engine               - gameDifficultyProperty: ObjectProperty [value: MEDIUM]
00:10:27.660 [FXGL Background Thread 3 ] DEBUG Engine               - globalMusicVolume: 0.5
00:10:27.660 [FXGL Background Thread 3 ] DEBUG Engine               - globalMusicVolumeProperty: DoubleProperty [value: 0.5]
00:10:27.660 [FXGL Background Thread 3 ] DEBUG Engine               - globalSoundVolume: 0.5
00:10:27.660 [FXGL Background Thread 3 ] DEBUG Engine               - globalSoundVolumeProperty: DoubleProperty [value: 0.5]
00:10:27.661 [FXGL Background Thread 3 ] DEBUG Engine               - height: 640
00:10:27.661 [FXGL Background Thread 3 ] DEBUG Engine               - is3D: false
00:10:27.661 [FXGL Background Thread 3 ] DEBUG Engine               - isAndroid: false
00:10:27.661 [FXGL Background Thread 3 ] DEBUG Engine               - isBrowser: false
00:10:27.661 [FXGL Background Thread 3 ] DEBUG Engine               - isClickFeedbackEnabled: false
00:10:27.661 [FXGL Background Thread 3 ] DEBUG Engine               - isCloseConfirmation: false
00:10:27.661 [FXGL Background Thread 3 ] DEBUG Engine               - isDesktop: true
00:10:27.661 [FXGL Background Thread 3 ] DEBUG Engine               - isDeveloperMenuEnabled: false
00:10:27.661 [FXGL Background Thread 3 ] DEBUG Engine               - isEmbedded: false
00:10:27.662 [FXGL Background Thread 3 ] DEBUG Engine               - isEntityPreloadEnabled: true
00:10:27.662 [FXGL Background Thread 3 ] DEBUG Engine               - isExperimentalTiledLargeMap: false
00:10:27.662 [FXGL Background Thread 3 ] DEBUG Engine               - isFileSystemWriteAllowed: true
00:10:27.662 [FXGL Background Thread 3 ] DEBUG Engine               - isFullScreenAllowed: false
00:10:27.662 [FXGL Background Thread 3 ] DEBUG Engine               - isFullScreenFromStart: false
00:10:27.662 [FXGL Background Thread 3 ] DEBUG Engine               - isGameMenuEnabled: true
00:10:27.663 [FXGL Background Thread 3 ] DEBUG Engine               - isIOS: false
00:10:27.663 [FXGL Background Thread 3 ] DEBUG Engine               - isIntroEnabled: false
00:10:27.663 [FXGL Background Thread 3 ] DEBUG Engine               - isLinux: false
00:10:27.663 [FXGL Background Thread 3 ] DEBUG Engine               - isMac: false
00:10:27.663 [FXGL Background Thread 3 ] DEBUG Engine               - isMainMenuEnabled: false
00:10:27.663 [FXGL Background Thread 3 ] DEBUG Engine               - isManualResizeEnabled: false
00:10:27.663 [FXGL Background Thread 3 ] DEBUG Engine               - isMobile: false
00:10:27.663 [FXGL Background Thread 3 ] DEBUG Engine               - isNative: false
00:10:27.664 [FXGL Background Thread 3 ] DEBUG Engine               - isPauseMusicWhenMinimized: true
00:10:27.664 [FXGL Background Thread 3 ] DEBUG Engine               - isPreserveResizeRatio: false
00:10:27.664 [FXGL Background Thread 3 ] DEBUG Engine               - isProfilingEnabled: false
00:10:27.664 [FXGL Background Thread 3 ] DEBUG Engine               - isScaleAffectedOnResize: true
00:10:27.664 [FXGL Background Thread 3 ] DEBUG Engine               - isSingleStep: false
00:10:27.664 [FXGL Background Thread 3 ] DEBUG Engine               - isUserProfileEnabled: false
00:10:27.664 [FXGL Background Thread 3 ] DEBUG Engine               - isWindows: true
00:10:27.664 [FXGL Background Thread 3 ] DEBUG Engine               - language: ObjectProperty [value: ENGLISH]
00:10:27.665 [FXGL Background Thread 3 ] DEBUG Engine               - menuKey: ESCAPE
00:10:27.665 [FXGL Background Thread 3 ] DEBUG Engine               - mouseSensitivity: 0.2
00:10:27.665 [FXGL Background Thread 3 ] DEBUG Engine               - notificationViewClass: class com.almasb.fxgl.notification.view.XboxNotificationView
00:10:27.665 [FXGL Background Thread 3 ] DEBUG Engine               - pixelsPerMeter: 50.0
00:10:27.665 [FXGL Background Thread 3 ] DEBUG Engine               - platform: WINDOWS
00:10:27.665 [FXGL Background Thread 3 ] DEBUG Engine               - prefHeightProperty: ReadOnlyDoubleProperty [value: 640.0]
00:10:27.665 [FXGL Background Thread 3 ] DEBUG Engine               - prefWidthProperty: ReadOnlyDoubleProperty [value: 960.0]
00:10:27.666 [FXGL Background Thread 3 ] DEBUG Engine               - profileDir: profiles/
00:10:27.666 [FXGL Background Thread 3 ] DEBUG Engine               - profileName: StringProperty [value: DEFAULT]
00:10:27.667 [FXGL Background Thread 3 ] DEBUG Engine               - randomSeed: -1
00:10:27.668 [FXGL Background Thread 3 ] DEBUG Engine               - runtimeInfo: RuntimeInfo(platform=WINDOWS, version=17+dev-SNAPSHOT, build=22.04.2022 11.52)
00:10:27.669 [FXGL Background Thread 3 ] DEBUG Engine               - saveFileExt: sav
00:10:27.669 [FXGL Background Thread 3 ] DEBUG Engine               - scaledHeightProp$fxgl: DoubleProperty [bound, value: 640.0]
00:10:27.669 [FXGL Background Thread 3 ] DEBUG Engine               - scaledWidthProp$fxgl: DoubleProperty [bound, value: 960.0]
00:10:27.669 [FXGL Background Thread 3 ] DEBUG Engine               - sceneFactory: com.almasb.fxgl.app.scene.SceneFactory@6b2b8114
00:10:27.670 [FXGL Background Thread 3 ] DEBUG Engine               - secondsIn24h: 60
00:10:27.670 [FXGL Background Thread 3 ] DEBUG Engine               - soundMenuBack: menu/back.wav
00:10:27.670 [FXGL Background Thread 3 ] DEBUG Engine               - soundMenuPress: menu/press.wav
00:10:27.670 [FXGL Background Thread 3 ] DEBUG Engine               - soundMenuSelect: menu/select.wav
00:10:27.670 [FXGL Background Thread 3 ] DEBUG Engine               - soundNotification: core/notification.wav
00:10:27.670 [FXGL Background Thread 3 ] DEBUG Engine               - stageStyle: DECORATED
00:10:27.670 [FXGL Background Thread 3 ] DEBUG Engine               - supportedLanguages: [ENGLISH, FRENCH, GERMAN, HUNGARIAN, RUSSIAN]
00:10:27.671 [FXGL Background Thread 3 ] DEBUG Engine               - ticksPerSecond: -1
00:10:27.671 [FXGL Background Thread 3 ] DEBUG Engine               - title: Untitled
00:10:27.671 [FXGL Background Thread 3 ] DEBUG Engine               - urlGithub: https://github.com/AlmasB/FXGL
00:10:27.671 [FXGL Background Thread 3 ] DEBUG Engine               - urlLeaderboard: http://fxgl-top.herokuapp.com/
00:10:27.671 [FXGL Background Thread 3 ] DEBUG Engine               - urlPOM: https://raw.githubusercontent.com/AlmasB/FXGL/release/README.md
00:10:27.671 [FXGL Background Thread 3 ] DEBUG Engine               - userAppClass: class com.pioneer10.model.sdrubale
00:10:27.672 [FXGL Background Thread 3 ] DEBUG Engine               - version: 0.0
00:10:27.672 [FXGL Background Thread 3 ] DEBUG Engine               - versionCheckDays: 7
00:10:27.672 [FXGL Background Thread 3 ] DEBUG Engine               - width: 960
00:10:27.672 [FXGL Background Thread 3 ] DEBUG Engine               - Logging services
00:10:27.672 [FXGL Background Thread 3 ] DEBUG Engine               - class com.almasb.fxgl.app.services.FXGLAssetLoaderService
00:10:27.672 [FXGL Background Thread 3 ] DEBUG Engine               - class com.almasb.fxgl.app.FXGLApplication$GameApplicationService
00:10:27.672 [FXGL Background Thread 3 ] DEBUG Engine               - class com.almasb.fxgl.app.services.FXGLDialogService
00:10:27.673 [FXGL Background Thread 3 ] DEBUG Engine               - class com.almasb.fxgl.app.services.IOTaskExecutorService
00:10:27.673 [FXGL Background Thread 3 ] DEBUG Engine               - class com.almasb.fxgl.io.FileSystemService
00:10:27.673 [FXGL Background Thread 3 ] DEBUG Engine               - class com.almasb.fxgl.localization.LocalizationService
00:10:27.673 [FXGL Background Thread 3 ] DEBUG Engine               - class com.almasb.fxgl.app.services.SystemBundleService
00:10:27.673 [FXGL Background Thread 3 ] DEBUG Engine               - class com.almasb.fxgl.profile.SaveLoadService
00:10:27.673 [FXGL Background Thread 3 ] DEBUG Engine               - class com.almasb.fxgl.ui.FXGLUIFactoryServiceProvider
00:10:27.673 [FXGL Background Thread 3 ] DEBUG Engine               - class com.almasb.fxgl.ui.FXGLDialogFactoryServiceProvider
00:10:27.673 [FXGL Background Thread 3 ] DEBUG Engine               - class com.almasb.fxgl.audio.AudioPlayer
00:10:27.673 [FXGL Background Thread 3 ] DEBUG Engine               - class com.almasb.fxgl.notification.impl.NotificationServiceProvider
00:10:27.673 [FXGL Background Thread 3 ] DEBUG Engine               - class com.almasb.fxgl.achievement.AchievementService
00:10:27.673 [FXGL Background Thread 3 ] DEBUG Engine               - class com.almasb.fxgl.cutscene.CutsceneService
00:10:27.674 [FXGL Background Thread 3 ] DEBUG Engine               - class com.almasb.fxgl.minigames.MiniGameService
00:10:27.674 [FXGL Background Thread 3 ] DEBUG Engine               - class com.almasb.fxgl.net.NetService
00:10:27.674 [FXGL Background Thread 3 ] DEBUG Engine               - class com.almasb.fxgl.app.services.UpdaterService
00:10:27.674 [FXGL Background Thread 3 ] DEBUG Engine               - class com.almasb.fxgl.dev.DevService
00:10:28.382 [JavaFX Application Thread] DEBUG FXGLApplication      - Exiting FXGL
00:10:28.383 [JavaFX Application Thread] DEBUG LoopRunner           - Stopping loop
00:10:28.383 [JavaFX Application Thread] DEBUG SystemBundleService  - Saving FXGL system data
00:10:28.386 [JavaFX Application Thread] DEBUG FileSystemAccess     - Writing to: C:\javafx-FXGL\pioneer-10\system\fxgl.bundle
00:10:28.391 [JavaFX Application Thread] DEBUG Async                - Shutting down background threads
00:10:28.391 [JavaFX Application Thread] DEBUG PrimaryStageWindow   - Closing main window
00:10:28.454 [JavaFX Application Thread] DEBUG Logger               - Closing Logger
