23:46:02.727 [main                     ] DEBUG Logger               - Configured Logger
23:46:02.791 [main                     ] DEBUG GameApplication      - Logging settings
Title: Untitled
Version: 0.0
Width: 960
Height: 640
Fullscreen: false
Intro: false
Profiling: false
Single step:false
App Mode: DEVELOPER
Menu Key: ESCAPE
Stage Style: DECORATED
Scene Factory: class com.almasb.fxgl.app.scene.SceneFactory

23:46:03.428 [JavaFX Application Thread] DEBUG FXGLApplication      - Initializing FXGL
23:46:03.442 [JavaFX Application Thread] INFO  Engine               - FXGL-17+dev-SNAPSHOT (22.04.2022 11.52) on WINDOWS (J:18.0.1 FX:18)
23:46:03.443 [JavaFX Application Thread] DEBUG Engine               - JRE Vendor Name: Oracle Corporation
23:46:03.444 [JavaFX Application Thread] DEBUG Engine               - Running on OS: Windows 10 version 10.0
23:46:03.444 [JavaFX Application Thread] DEBUG Engine               - Architecture: amd64
23:46:03.444 [JavaFX Application Thread] INFO  Engine               - Source code and latest versions at: https://github.com/AlmasB/FXGL
23:46:03.447 [JavaFX Application Thread] INFO  Engine               -       Ask questions and discuss at: https://github.com/AlmasB/FXGL/discussions
23:46:03.448 [JavaFX Application Thread] INFO  Engine               -              Join the FXGL chat at: https://gitter.im/AlmasB/FXGL
23:46:03.659 [JavaFX Application Thread] DEBUG PrimaryStageWindow   - Creating a JavaFX scene
23:46:03.760 [JavaFX Application Thread] DEBUG PrimaryStageWindow   - Target settings size: 960.0 x 640.0
23:46:03.761 [JavaFX Application Thread] DEBUG PrimaryStageWindow   - Scaled scene size:    960.0 x 640.0
23:46:03.761 [JavaFX Application Thread] DEBUG PrimaryStageWindow   - Scaled ratio: (1.0, 1.0)
23:46:03.763 [JavaFX Application Thread] DEBUG PrimaryStageWindow   - Set initial scene to FXGLStartupScene
23:46:03.779 [JavaFX Application Thread] DEBUG PrimaryStageWindow   - Opening main window
23:46:03.974 [JavaFX Application Thread] DEBUG PrimaryStageWindow   - Window border size: (16.0, 39.0)
23:46:03.974 [JavaFX Application Thread] DEBUG PrimaryStageWindow   - Scaled size: 960.0 x 640.0
23:46:03.975 [JavaFX Application Thread] DEBUG PrimaryStageWindow   - Scaled ratio: (1.0, 1.0)
23:46:03.976 [JavaFX Application Thread] DEBUG PrimaryStageWindow   - Scene size: 960.0 x 640.0
23:46:03.976 [JavaFX Application Thread] DEBUG PrimaryStageWindow   - Stage size: 976.0 x 679.0
23:46:04.047 [FXGL Background Thread 1 ] DEBUG Engine               - Initializing environment variables
23:46:04.176 [FXGL Background Thread 1 ] DEBUG FXGLAssetLoaderServi - User app class for loading assets: class com.pioneer10.model.MarioAppTarocco
23:46:04.177 [FXGL Background Thread 1 ] DEBUG GameApplicationServi - Applying CSS: fxgl_dark.css
23:46:04.178 [FXGL Background Thread 1 ] DEBUG FXGLAssetLoaderServi - Loading from file system: jar:file:///C:/Users/Manuel/.m2/repository/com/github/almasb/fxgl/17+dev-SNAPSHOT/fxgl-17+dev-20220422.115207-44.jar!/fxglassets/ui/css/fxgl_dark.css
23:46:04.306 [FXGL Background Thread 1 ] DEBUG GameApplicationServi - Initializing application scenes
23:46:04.470 [FXGL Background Thread 1 ] DEBUG GameWorld            - Game world initialized
23:46:04.621 [FXGL Background Thread 1 ] DEBUG PhysicsWorld         - Physics world initialized: appHeight=640, physics.ppm=50,0
23:46:04.622 [FXGL Background Thread 1 ] DEBUG PhysicsWorld         - Using strategy: BRUTE_FORCE
23:46:04.630 [FXGL Background Thread 1 ] DEBUG GameScene            - Game scene initialized: 960x640
23:46:04.654 [FXGL Background Thread 1 ] DEBUG FXGL.DefaultMenu     - createMenuBodyGameMenu()
23:46:04.682 [FXGL Background Thread 1 ] DEBUG FXGL.DefaultMenu     - createOptionsMenu()
23:46:04.705 [FXGL Background Thread 1 ] DEBUG FXGLAssetLoaderServi - Loading from file system: jar:file:///C:/Users/Manuel/.m2/repository/com/github/almasb/fxgl/17+dev-SNAPSHOT/fxgl-17+dev-20220422.115207-44.jar!/fxglassets/textures/particles/smoke.png
23:46:04.923 [FXGL Background Thread 1 ] DEBUG FXGLAssetLoaderServi - Loading from file system: jar:file:///C:/Users/Manuel/.m2/repository/com/github/almasb/fxgl/17+dev-SNAPSHOT/fxgl-17+dev-20220422.115207-44.jar!/fxglassets/textures/particles/trace_horizontal.png
23:46:05.003 [FXGL Background Thread 1 ] DEBUG GameApplicationServi - Application scenes initialized
23:46:05.029 [FXGL Background Thread 1 ] DEBUG SystemBundleService  - Loading FXGL system data
23:46:05.055 [FXGL Background Thread 1 ] DEBUG FileSystemAccess     - Reading from: C:\javafx-FXGL\pioneer-10\system\fxgl.bundle
23:46:05.072 [FXGL Background Thread 1 ] DEBUG SystemBundleService  - Bundle FXGL: {}
23:46:05.073 [FXGL Background Thread 1 ] DEBUG UpdaterService       - Checking for updates
23:46:05.081 [FXGL Background Thread 1 ] DEBUG FXGLApplication      - Loading default localization
23:46:05.083 [FXGL Background Thread 1 ] DEBUG FXGLAssetLoaderServi - Loading from file system: jar:file:///C:/Users/Manuel/.m2/repository/com/github/almasb/fxgl/17+dev-SNAPSHOT/fxgl-17+dev-20220422.115207-44.jar!/fxglassets/languages/english.lang
23:46:05.115 [FXGL Background Thread 1 ] INFO  FXGLApplication      - FXGL initialization took: 1,069 sec
23:46:05.119 [FXGL Background Thread 4 ] DEBUG FXGLApplication      - Loading fonts
23:46:05.121 [FXGL Background Thread 4 ] DEBUG FXGLAssetLoaderServi - Loading from file system: jar:file:///C:/Users/Manuel/.m2/repository/com/github/almasb/fxgl/17+dev-SNAPSHOT/fxgl-17+dev-20220422.115207-44.jar!/fxglassets/ui/fonts/VarelaRound-Regular.ttf
23:46:05.135 [JavaFX Application Thread] DEBUG Input                - Registered new binding: Left - A
23:46:05.135 [JavaFX Application Thread] DEBUG Input                - Registered new binding: Right - D
23:46:05.136 [JavaFX Application Thread] DEBUG Input                - Registered new binding: Jump - W
23:46:05.136 [JavaFX Application Thread] DEBUG FXGLAssetLoaderServi - Loading from file system: jar:file:///C:/Users/Manuel/.m2/repository/com/github/almasb/fxgl/17+dev-SNAPSHOT/fxgl-17+dev-20220422.115207-44.jar!/fxglassets/textures/fxgl_icon.png
23:46:05.200 [JavaFX Application Thread] DEBUG FXGLAssetLoaderServi - Loading from file system: jar:file:///C:/Users/Manuel/.m2/repository/com/github/almasb/fxgl/17+dev-SNAPSHOT/fxgl-17+dev-20220422.115207-44.jar!/fxglassets/textures/fxgl_default_cursor.png
23:46:05.205 [JavaFX Application Thread] DEBUG Input                - Registered new binding: Screenshot - CTRL+8
23:46:05.205 [JavaFX Application Thread] DEBUG Input                - Registered new binding: System info dump - CTRL+9
23:46:05.206 [JavaFX Application Thread] DEBUG Input                - Registered new binding: Restart - CTRL+R
23:46:05.207 [JavaFX Application Thread] DEBUG Input                - Registered new binding: Toggle Debug Camera - CTRL+7
23:46:05.211 [JavaFX Application Thread] DEBUG LoopRunner           - Starting loop
23:46:05.211 [JavaFX Application Thread] DEBUG LoopRunner           - Initializing JavaFX AnimationTimerLoop
23:46:05.260 [JavaFX Application Thread] DEBUG GameApplicationServi - Starting new game
23:46:05.262 [JavaFX Application Thread] DEBUG Input                - Clearing active input actions
23:46:05.288 [JavaFX Application Thread] DEBUG GameApplicationServi - Removing overlay from FXGLStartupScene and adding to FXGLLoadingScene
23:46:05.289 [JavaFX Application Thread] DEBUG PrimaryStageWindow   - FXGLStartupScene -> FXGLLoadingScene
23:46:05.289 [JavaFX Application Thread] DEBUG GameApplicationServi - Clearing previous game
23:46:05.289 [JavaFX Application Thread] DEBUG GameScene            - Clearing game scene
23:46:05.289 [JavaFX Application Thread] DEBUG GameWorld            - Clearing game world
23:46:05.290 [JavaFX Application Thread] DEBUG PhysicsWorld         - Clearing physics world
23:46:05.294 [FXGL Background Thread 1 ] DEBUG FXGLApplication      - Initializing game
23:46:05.426 [FXGL Background Thread 1 ] WARN  TMXLevelLoader       - TiledMap generated from 1.8.4. Supported version: 1.4.2. Some features may not be parsed fully.
23:46:05.489 [FXGL Background Thread 1 ] DEBUG TMXLevelLoader       - Parsed TiledMap: file:/C:/javafx-FXGL/pioneer-10/target/classes/assets/levels/Terra/MappaTerra.tmx
23:46:05.491 [FXGL Background Thread 1 ] DEBUG TMXLevelLoader       - Creating tile layer entities
23:46:05.493 [FXGL Background Thread 1 ] DEBUG TilesetLoader        - Loading view for layer Livello tile 1
23:46:05.534 [FXGL Background Thread 1 ] DEBUG TilesetLoader        - Created buffer with size 4800.0x640.0
23:46:05.607 [FXGL Background Thread 1 ] WARN  TilesetLoader        - Diagonally flipped tiles are not currently supported
23:46:05.621 [FXGL Background Thread 1 ] WARN  TilesetLoader        - Diagonally flipped tiles are not currently supported
23:46:05.622 [FXGL Background Thread 1 ] WARN  TilesetLoader        - Diagonally flipped tiles are not currently supported
23:46:05.806 [FXGL Background Thread 1 ] WARN  TilesetLoader        - Diagonally flipped tiles are not currently supported
23:46:05.820 [FXGL Background Thread 1 ] WARN  TilesetLoader        - Diagonally flipped tiles are not currently supported
23:46:05.823 [FXGL Background Thread 1 ] DEBUG TMXLevelLoader       - Creating object layer entities
23:46:05.858 [FXGL Background Thread 1 ] WARN  TMXLevelLoader       - Parse error
java.lang.IllegalArgumentException: No EntityFactory has a method annotated @Spawns()
	at com.almasb.fxgl.entity@17+dev-SNAPSHOT/com.almasb.fxgl.entity.GameWorld.create(GameWorld.kt:413)
	at com.almasb.fxgl.entity@17+dev-SNAPSHOT/com.almasb.fxgl.entity.level.tiled.TMXLevelLoader.createObjectLayerEntities(TMXLevelLoader.kt:154)
	at com.almasb.fxgl.entity@17+dev-SNAPSHOT/com.almasb.fxgl.entity.level.tiled.TMXLevelLoader.load(TMXLevelLoader.kt:60)
	at com.almasb.fxgl.all@17+dev-SNAPSHOT/com.almasb.fxgl.app.services.FXGLAssetLoaderService.loadLevel(FXGLAssetLoaderService.kt:446)
	at com.almasb.fxgl.all@17+dev-SNAPSHOT/com.almasb.fxgl.dsl.FXGL$Companion.setLevelFromMap(FXGL.kt:634)
	at com.almasb.fxgl.all@17+dev-SNAPSHOT/com.almasb.fxgl.dsl.FXGL.setLevelFromMap(FXGL.kt)
	at mario.main/com.pioneer10.model.MarioAppTarocco.initGame(MarioAppTarocco.java:87)
	at com.almasb.fxgl.all@17+dev-SNAPSHOT/com.almasb.fxgl.app.FXGLApplication$InitAppTask.initGame(FXGLApplication.kt:339)
	at com.almasb.fxgl.all@17+dev-SNAPSHOT/com.almasb.fxgl.app.FXGLApplication$InitAppTask.call(FXGLApplication.kt:319)
	at com.almasb.fxgl.all@17+dev-SNAPSHOT/com.almasb.fxgl.app.FXGLApplication$InitAppTask.call(FXGLApplication.kt:311)
	at javafx.graphics@18/javafx.concurrent.Task$TaskCallable.call(Task.java:1426)
	at java.base/java.util.concurrent.FutureTask.run(FutureTask.java:264)
	at java.base/java.util.concurrent.Executors$RunnableAdapter.call(Executors.java:539)
	at java.base/java.util.concurrent.FutureTask.run(FutureTask.java:264)
	at java.base/java.util.concurrent.ThreadPoolExecutor.runWorker(ThreadPoolExecutor.java:1136)
	at java.base/java.util.concurrent.ThreadPoolExecutor$Worker.run(ThreadPoolExecutor.java:635)
	at java.base/java.lang.Thread.run(Thread.java:833)

23:46:05.875 [JavaFX Application Thread] DEBUG LoopRunner           - Stopping loop
23:46:05.876 [JavaFX Application Thread] FATAL FXGLApplication      - Uncaught Exception:
java.lang.RuntimeException: Initialization failed
	at com.almasb.fxgl.all@17+dev-SNAPSHOT/com.almasb.fxgl.app.FXGLApplication$InitAppTask.failed(FXGLApplication.kt:343)
	at javafx.graphics@18/javafx.concurrent.Task.setState(Task.java:710)
	at javafx.graphics@18/javafx.concurrent.Task$TaskCallable.lambda$call$2(Task.java:1456)
	at javafx.graphics@18/com.sun.javafx.application.PlatformImpl.lambda$runLater$10(PlatformImpl.java:457)
	at java.base/java.security.AccessController.doPrivileged(AccessController.java:399)
	at javafx.graphics@18/com.sun.javafx.application.PlatformImpl.lambda$runLater$11(PlatformImpl.java:456)
	at javafx.graphics@18/com.sun.glass.ui.InvokeLaterDispatcher$Future.run(InvokeLaterDispatcher.java:96)
	at javafx.graphics@18/com.sun.glass.ui.win.WinApplication._runLoop(Native Method)
	at javafx.graphics@18/com.sun.glass.ui.win.WinApplication.lambda$runLoop$3(WinApplication.java:184)
	at java.base/java.lang.Thread.run(Thread.java:833)
Caused by: com.almasb.fxgl.entity.level.LevelLoadingException: No EntityFactory has a method annotated @Spawns()
	at com.almasb.fxgl.entity@17+dev-SNAPSHOT/com.almasb.fxgl.entity.level.tiled.TMXLevelLoader.load(TMXLevelLoader.kt:78)
	at com.almasb.fxgl.all@17+dev-SNAPSHOT/com.almasb.fxgl.app.services.FXGLAssetLoaderService.loadLevel(FXGLAssetLoaderService.kt:446)
	at com.almasb.fxgl.all@17+dev-SNAPSHOT/com.almasb.fxgl.dsl.FXGL$Companion.setLevelFromMap(FXGL.kt:634)
	at com.almasb.fxgl.all@17+dev-SNAPSHOT/com.almasb.fxgl.dsl.FXGL.setLevelFromMap(FXGL.kt)
	at mario.main/com.pioneer10.model.MarioAppTarocco.initGame(MarioAppTarocco.java:87)
	at com.almasb.fxgl.all@17+dev-SNAPSHOT/com.almasb.fxgl.app.FXGLApplication$InitAppTask.initGame(FXGLApplication.kt:339)
	at com.almasb.fxgl.all@17+dev-SNAPSHOT/com.almasb.fxgl.app.FXGLApplication$InitAppTask.call(FXGLApplication.kt:319)
	at com.almasb.fxgl.all@17+dev-SNAPSHOT/com.almasb.fxgl.app.FXGLApplication$InitAppTask.call(FXGLApplication.kt:311)
	at javafx.graphics@18/javafx.concurrent.Task$TaskCallable.call(Task.java:1426)
	at java.base/java.util.concurrent.FutureTask.run(FutureTask.java:264)
	at java.base/java.util.concurrent.Executors$RunnableAdapter.call(Executors.java:539)
	at java.base/java.util.concurrent.FutureTask.run(FutureTask.java:264)
	at java.base/java.util.concurrent.ThreadPoolExecutor.runWorker(ThreadPoolExecutor.java:1136)
	at java.base/java.util.concurrent.ThreadPoolExecutor$Worker.run(ThreadPoolExecutor.java:635)
	... 1 more
Caused by: java.lang.IllegalArgumentException: No EntityFactory has a method annotated @Spawns()
	at com.almasb.fxgl.entity@17+dev-SNAPSHOT/com.almasb.fxgl.entity.GameWorld.create(GameWorld.kt:413)
	at com.almasb.fxgl.entity@17+dev-SNAPSHOT/com.almasb.fxgl.entity.level.tiled.TMXLevelLoader.createObjectLayerEntities(TMXLevelLoader.kt:154)
	at com.almasb.fxgl.entity@17+dev-SNAPSHOT/com.almasb.fxgl.entity.level.tiled.TMXLevelLoader.load(TMXLevelLoader.kt:60)
	... 14 more

23:46:05.987 [JavaFX Application Thread] FATAL FXGLApplication      - Application will now exit
23:46:06.023 [JavaFX Application Thread] DEBUG PrimaryStageWindow   - Push state: ErrorSubScene
23:46:06.023 [JavaFX Application Thread] DEBUG Input                - Clearing active input actions
23:46:06.032 [JavaFX Application Thread] DEBUG GameApplicationServi - Removing overlay from FXGLLoadingScene and adding to ErrorSubScene
23:46:06.033 [JavaFX Application Thread] DEBUG PrimaryStageWindow   - FXGLLoadingScene -> ErrorSubScene
23:46:06.172 [FXGL Background Thread 4 ] DEBUG FXGLAssetLoaderServi - Loading from file system: jar:file:///C:/Users/Manuel/.m2/repository/com/github/almasb/fxgl/17+dev-SNAPSHOT/fxgl-17+dev-20220422.115207-44.jar!/fxglassets/ui/fonts/Abel-Regular.ttf
23:46:06.188 [FXGL Background Thread 4 ] DEBUG FXGLAssetLoaderServi - Loading from file system: jar:file:///C:/Users/Manuel/.m2/repository/com/github/almasb/fxgl/17+dev-SNAPSHOT/fxgl-17+dev-20220422.115207-44.jar!/fxglassets/ui/fonts/TerminalLandMono-Regular.otf
23:46:06.204 [FXGL Background Thread 4 ] DEBUG FXGLAssetLoaderServi - Loading from file system: jar:file:///C:/Users/Manuel/.m2/repository/com/github/almasb/fxgl/17+dev-SNAPSHOT/fxgl-17+dev-20220422.115207-44.jar!/fxglassets/ui/fonts/Courier-Prime.ttf
23:46:06.506 [JavaFX Application Thread] DEBUG FXGLApplication      - Registering font factories with UI factory
23:46:06.822 [FXGL Background Thread 2 ] INFO  UpdaterService       - Your current version:  17+dev-SNAPSHOT
23:46:06.823 [FXGL Background Thread 2 ] INFO  UpdaterService       - Latest stable version: 17.1
23:46:08.079 [FXGL Background Thread 3 ] DEBUG Engine               - Logging environment variables
23:46:08.080 [FXGL Background Thread 3 ] DEBUG Engine               - achievements: []
23:46:08.080 [FXGL Background Thread 3 ] DEBUG Engine               - actualHeight: 640.0
23:46:08.080 [FXGL Background Thread 3 ] DEBUG Engine               - actualHeightProperty: ReadOnlyDoubleProperty [value: 640.0]
23:46:08.081 [FXGL Background Thread 3 ] DEBUG Engine               - actualWidth: 960.0
23:46:08.081 [FXGL Background Thread 3 ] DEBUG Engine               - actualWidthProperty: ReadOnlyDoubleProperty [value: 960.0]
23:46:08.081 [FXGL Background Thread 3 ] DEBUG Engine               - appIcon: fxgl_icon.png
23:46:08.081 [FXGL Background Thread 3 ] DEBUG Engine               - applicationMode: DEVELOPER
23:46:08.082 [FXGL Background Thread 3 ] DEBUG Engine               - cSSList: [fxgl_dark.css]
23:46:08.082 [FXGL Background Thread 3 ] DEBUG Engine               - collisionDetectionStrategy: BRUTE_FORCE
23:46:08.082 [FXGL Background Thread 3 ] DEBUG Engine               - configClass: Optional.empty
23:46:08.082 [FXGL Background Thread 3 ] DEBUG Engine               - credits: []
23:46:08.084 [FXGL Background Thread 3 ] DEBUG Engine               - defaultCursor: CursorInfo(imageName=fxgl_default_cursor.png, hotspotX=7.0, hotspotY=6.0)
23:46:08.084 [FXGL Background Thread 3 ] DEBUG Engine               - devBBoxColorProperty: ObjectProperty [value: 0xff0000ff]
23:46:08.085 [FXGL Background Thread 3 ] DEBUG Engine               - devEnableDebugCameraProperty: BooleanProperty [value: false]
23:46:08.085 [FXGL Background Thread 3 ] DEBUG Engine               - devSensorColorProperty: ObjectProperty [value: 0xffff00ff]
23:46:08.085 [FXGL Background Thread 3 ] DEBUG Engine               - devShowBBoxProperty: BooleanProperty [value: false]
23:46:08.085 [FXGL Background Thread 3 ] DEBUG Engine               - devShowPositionProperty: BooleanProperty [value: false]
23:46:08.085 [FXGL Background Thread 3 ] DEBUG Engine               - enabledMenuItems: []
23:46:08.085 [FXGL Background Thread 3 ] DEBUG Engine               - engineServices: [class com.almasb.fxgl.app.services.FXGLAssetLoaderService, class com.almasb.fxgl.app.FXGLApplication$GameApplicationService, class com.almasb.fxgl.app.services.FXGLDialogService, class com.almasb.fxgl.app.services.IOTaskExecutorService, class com.almasb.fxgl.io.FileSystemService, class com.almasb.fxgl.localization.LocalizationService, class com.almasb.fxgl.app.services.SystemBundleService, class com.almasb.fxgl.profile.SaveLoadService, class com.almasb.fxgl.ui.FXGLUIFactoryServiceProvider, class com.almasb.fxgl.ui.FXGLDialogFactoryServiceProvider, class com.almasb.fxgl.audio.AudioPlayer, class com.almasb.fxgl.notification.impl.NotificationServiceProvider, class com.almasb.fxgl.achievement.AchievementService, class com.almasb.fxgl.cutscene.CutsceneService, class com.almasb.fxgl.minigames.MiniGameService, class com.almasb.fxgl.net.NetService, class com.almasb.fxgl.app.services.UpdaterService, class com.almasb.fxgl.dev.DevService]
23:46:08.086 [FXGL Background Thread 3 ] DEBUG Engine               - fontGame: Abel-Regular.ttf
23:46:08.086 [FXGL Background Thread 3 ] DEBUG Engine               - fontMono: TerminalLandMono-Regular.otf
23:46:08.086 [FXGL Background Thread 3 ] DEBUG Engine               - fontText: Courier-Prime.ttf
23:46:08.086 [FXGL Background Thread 3 ] DEBUG Engine               - fontUI: VarelaRound-Regular.ttf
23:46:08.086 [FXGL Background Thread 3 ] DEBUG Engine               - fullScreen: BooleanProperty [value: false]
23:46:08.086 [FXGL Background Thread 3 ] DEBUG Engine               - gameDifficulty: MEDIUM
23:46:08.086 [FXGL Background Thread 3 ] DEBUG Engine               - gameDifficultyProperty: ObjectProperty [value: MEDIUM]
23:46:08.087 [FXGL Background Thread 3 ] DEBUG Engine               - globalMusicVolume: 0.5
23:46:08.087 [FXGL Background Thread 3 ] DEBUG Engine               - globalMusicVolumeProperty: DoubleProperty [value: 0.5]
23:46:08.087 [FXGL Background Thread 3 ] DEBUG Engine               - globalSoundVolume: 0.5
23:46:08.087 [FXGL Background Thread 3 ] DEBUG Engine               - globalSoundVolumeProperty: DoubleProperty [value: 0.5]
23:46:08.087 [FXGL Background Thread 3 ] DEBUG Engine               - height: 640
23:46:08.087 [FXGL Background Thread 3 ] DEBUG Engine               - is3D: false
23:46:08.087 [FXGL Background Thread 3 ] DEBUG Engine               - isAndroid: false
23:46:08.087 [FXGL Background Thread 3 ] DEBUG Engine               - isBrowser: false
23:46:08.088 [FXGL Background Thread 3 ] DEBUG Engine               - isClickFeedbackEnabled: false
23:46:08.088 [FXGL Background Thread 3 ] DEBUG Engine               - isCloseConfirmation: false
23:46:08.088 [FXGL Background Thread 3 ] DEBUG Engine               - isDesktop: true
23:46:08.088 [FXGL Background Thread 3 ] DEBUG Engine               - isDeveloperMenuEnabled: false
23:46:08.088 [FXGL Background Thread 3 ] DEBUG Engine               - isEmbedded: false
23:46:08.088 [FXGL Background Thread 3 ] DEBUG Engine               - isEntityPreloadEnabled: true
23:46:08.088 [FXGL Background Thread 3 ] DEBUG Engine               - isExperimentalTiledLargeMap: false
23:46:08.088 [FXGL Background Thread 3 ] DEBUG Engine               - isFileSystemWriteAllowed: true
23:46:08.088 [FXGL Background Thread 3 ] DEBUG Engine               - isFullScreenAllowed: false
23:46:08.089 [FXGL Background Thread 3 ] DEBUG Engine               - isFullScreenFromStart: false
23:46:08.089 [FXGL Background Thread 3 ] DEBUG Engine               - isGameMenuEnabled: true
23:46:08.089 [FXGL Background Thread 3 ] DEBUG Engine               - isIOS: false
23:46:08.089 [FXGL Background Thread 3 ] DEBUG Engine               - isIntroEnabled: false
23:46:08.089 [FXGL Background Thread 3 ] DEBUG Engine               - isLinux: false
23:46:08.089 [FXGL Background Thread 3 ] DEBUG Engine               - isMac: false
23:46:08.089 [FXGL Background Thread 3 ] DEBUG Engine               - isMainMenuEnabled: false
23:46:08.089 [FXGL Background Thread 3 ] DEBUG Engine               - isManualResizeEnabled: false
23:46:08.089 [FXGL Background Thread 3 ] DEBUG Engine               - isMobile: false
23:46:08.090 [FXGL Background Thread 3 ] DEBUG Engine               - isNative: false
23:46:08.090 [FXGL Background Thread 3 ] DEBUG Engine               - isPauseMusicWhenMinimized: true
23:46:08.090 [FXGL Background Thread 3 ] DEBUG Engine               - isPreserveResizeRatio: false
23:46:08.090 [FXGL Background Thread 3 ] DEBUG Engine               - isProfilingEnabled: false
23:46:08.090 [FXGL Background Thread 3 ] DEBUG Engine               - isScaleAffectedOnResize: true
23:46:08.090 [FXGL Background Thread 3 ] DEBUG Engine               - isSingleStep: false
23:46:08.090 [FXGL Background Thread 3 ] DEBUG Engine               - isUserProfileEnabled: false
23:46:08.090 [FXGL Background Thread 3 ] DEBUG Engine               - isWindows: true
23:46:08.090 [FXGL Background Thread 3 ] DEBUG Engine               - language: ObjectProperty [value: ENGLISH]
23:46:08.091 [FXGL Background Thread 3 ] DEBUG Engine               - menuKey: ESCAPE
23:46:08.091 [FXGL Background Thread 3 ] DEBUG Engine               - mouseSensitivity: 0.2
23:46:08.091 [FXGL Background Thread 3 ] DEBUG Engine               - notificationViewClass: class com.almasb.fxgl.notification.view.XboxNotificationView
23:46:08.091 [FXGL Background Thread 3 ] DEBUG Engine               - pixelsPerMeter: 50.0
23:46:08.091 [FXGL Background Thread 3 ] DEBUG Engine               - platform: WINDOWS
23:46:08.091 [FXGL Background Thread 3 ] DEBUG Engine               - prefHeightProperty: ReadOnlyDoubleProperty [value: 640.0]
23:46:08.091 [FXGL Background Thread 3 ] DEBUG Engine               - prefWidthProperty: ReadOnlyDoubleProperty [value: 960.0]
23:46:08.091 [FXGL Background Thread 3 ] DEBUG Engine               - profileDir: profiles/
23:46:08.092 [FXGL Background Thread 3 ] DEBUG Engine               - profileName: StringProperty [value: DEFAULT]
23:46:08.092 [FXGL Background Thread 3 ] DEBUG Engine               - randomSeed: -1
23:46:08.092 [FXGL Background Thread 3 ] DEBUG Engine               - runtimeInfo: RuntimeInfo(platform=WINDOWS, version=17+dev-SNAPSHOT, build=22.04.2022 11.52)
23:46:08.092 [FXGL Background Thread 3 ] DEBUG Engine               - saveFileExt: sav
23:46:08.093 [FXGL Background Thread 3 ] DEBUG Engine               - scaledHeightProp$fxgl: DoubleProperty [bound, value: 640.0]
23:46:08.093 [FXGL Background Thread 3 ] DEBUG Engine               - scaledWidthProp$fxgl: DoubleProperty [bound, value: 960.0]
23:46:08.093 [FXGL Background Thread 3 ] DEBUG Engine               - sceneFactory: com.almasb.fxgl.app.scene.SceneFactory@1a1c8b7e
23:46:08.093 [FXGL Background Thread 3 ] DEBUG Engine               - secondsIn24h: 60
23:46:08.093 [FXGL Background Thread 3 ] DEBUG Engine               - soundMenuBack: menu/back.wav
23:46:08.093 [FXGL Background Thread 3 ] DEBUG Engine               - soundMenuPress: menu/press.wav
23:46:08.093 [FXGL Background Thread 3 ] DEBUG Engine               - soundMenuSelect: menu/select.wav
23:46:08.094 [FXGL Background Thread 3 ] DEBUG Engine               - soundNotification: core/notification.wav
23:46:08.094 [FXGL Background Thread 3 ] DEBUG Engine               - stageStyle: DECORATED
23:46:08.094 [FXGL Background Thread 3 ] DEBUG Engine               - supportedLanguages: [ENGLISH, FRENCH, GERMAN, HUNGARIAN, RUSSIAN]
23:46:08.094 [FXGL Background Thread 3 ] DEBUG Engine               - ticksPerSecond: -1
23:46:08.094 [FXGL Background Thread 3 ] DEBUG Engine               - title: Untitled
23:46:08.094 [FXGL Background Thread 3 ] DEBUG Engine               - urlGithub: https://github.com/AlmasB/FXGL
23:46:08.094 [FXGL Background Thread 3 ] DEBUG Engine               - urlLeaderboard: http://fxgl-top.herokuapp.com/
23:46:08.094 [FXGL Background Thread 3 ] DEBUG Engine               - urlPOM: https://raw.githubusercontent.com/AlmasB/FXGL/release/README.md
23:46:08.094 [FXGL Background Thread 3 ] DEBUG Engine               - userAppClass: class com.pioneer10.model.MarioAppTarocco
23:46:08.095 [FXGL Background Thread 3 ] DEBUG Engine               - version: 0.0
23:46:08.095 [FXGL Background Thread 3 ] DEBUG Engine               - versionCheckDays: 7
23:46:08.095 [FXGL Background Thread 3 ] DEBUG Engine               - width: 960
23:46:08.095 [FXGL Background Thread 3 ] DEBUG Engine               - Logging services
23:46:08.095 [FXGL Background Thread 3 ] DEBUG Engine               - class com.almasb.fxgl.app.services.FXGLAssetLoaderService
23:46:08.095 [FXGL Background Thread 3 ] DEBUG Engine               - class com.almasb.fxgl.app.FXGLApplication$GameApplicationService
23:46:08.095 [FXGL Background Thread 3 ] DEBUG Engine               - class com.almasb.fxgl.app.services.FXGLDialogService
23:46:08.095 [FXGL Background Thread 3 ] DEBUG Engine               - class com.almasb.fxgl.app.services.IOTaskExecutorService
23:46:08.095 [FXGL Background Thread 3 ] DEBUG Engine               - class com.almasb.fxgl.io.FileSystemService
23:46:08.095 [FXGL Background Thread 3 ] DEBUG Engine               - class com.almasb.fxgl.localization.LocalizationService
23:46:08.095 [FXGL Background Thread 3 ] DEBUG Engine               - class com.almasb.fxgl.app.services.SystemBundleService
23:46:08.096 [FXGL Background Thread 3 ] DEBUG Engine               - class com.almasb.fxgl.profile.SaveLoadService
23:46:08.096 [FXGL Background Thread 3 ] DEBUG Engine               - class com.almasb.fxgl.ui.FXGLUIFactoryServiceProvider
23:46:08.096 [FXGL Background Thread 3 ] DEBUG Engine               - class com.almasb.fxgl.ui.FXGLDialogFactoryServiceProvider
23:46:08.096 [FXGL Background Thread 3 ] DEBUG Engine               - class com.almasb.fxgl.audio.AudioPlayer
23:46:08.096 [FXGL Background Thread 3 ] DEBUG Engine               - class com.almasb.fxgl.notification.impl.NotificationServiceProvider
23:46:08.096 [FXGL Background Thread 3 ] DEBUG Engine               - class com.almasb.fxgl.achievement.AchievementService
23:46:08.096 [FXGL Background Thread 3 ] DEBUG Engine               - class com.almasb.fxgl.cutscene.CutsceneService
23:46:08.096 [FXGL Background Thread 3 ] DEBUG Engine               - class com.almasb.fxgl.minigames.MiniGameService
23:46:08.096 [FXGL Background Thread 3 ] DEBUG Engine               - class com.almasb.fxgl.net.NetService
23:46:08.096 [FXGL Background Thread 3 ] DEBUG Engine               - class com.almasb.fxgl.app.services.UpdaterService
23:46:08.096 [FXGL Background Thread 3 ] DEBUG Engine               - class com.almasb.fxgl.dev.DevService
23:46:21.794 [JavaFX Application Thread] DEBUG FXGLApplication      - Exiting FXGL
23:46:21.795 [JavaFX Application Thread] DEBUG Async                - Shutting down background threads
23:46:21.795 [JavaFX Application Thread] DEBUG PrimaryStageWindow   - Closing main window
23:46:21.851 [JavaFX Application Thread] DEBUG Logger               - Closing Logger
