18:34:45.718 [main                     ] DEBUG Logger               - Configured Logger
18:34:45.813 [main                     ] DEBUG GameApplication      - Logging settings
Title: Pioneer-10
Terra
Version: 0.0
Width: 1200
Height: 640
Fullscreen: false
Intro: false
Profiling: false
Single step:false
App Mode: DEVELOPER
Menu Key: ESCAPE
Stage Style: DECORATED
Scene Factory: class com.almasb.fxgl.app.scene.SceneFactory

18:34:46.477 [JavaFX Application Thread] DEBUG FXGLApplication      - Initializing FXGL
18:34:46.500 [JavaFX Application Thread] INFO  Engine               - FXGL-17+dev-SNAPSHOT (22.04.2022 11.52) on WINDOWS (J:18.0.1 FX:18)
18:34:46.501 [JavaFX Application Thread] DEBUG Engine               - JRE Vendor Name: Oracle Corporation
18:34:46.501 [JavaFX Application Thread] DEBUG Engine               - Running on OS: Windows 10 version 10.0
18:34:46.501 [JavaFX Application Thread] DEBUG Engine               - Architecture: amd64
18:34:46.501 [JavaFX Application Thread] INFO  Engine               - Source code and latest versions at: https://github.com/AlmasB/FXGL
18:34:46.502 [JavaFX Application Thread] INFO  Engine               -       Ask questions and discuss at: https://github.com/AlmasB/FXGL/discussions
18:34:46.503 [JavaFX Application Thread] INFO  Engine               -              Join the FXGL chat at: https://gitter.im/AlmasB/FXGL
18:34:46.697 [JavaFX Application Thread] DEBUG PrimaryStageWindow   - Creating a JavaFX scene
18:34:46.798 [JavaFX Application Thread] DEBUG PrimaryStageWindow   - Target settings size: 1200.0 x 640.0
18:34:46.799 [JavaFX Application Thread] DEBUG PrimaryStageWindow   - Scaled scene size:    1200.0 x 640.0
18:34:46.799 [JavaFX Application Thread] DEBUG PrimaryStageWindow   - Scaled ratio: (1.0, 1.0)
18:34:46.801 [JavaFX Application Thread] DEBUG PrimaryStageWindow   - Set initial scene to FXGLStartupScene
18:34:46.818 [JavaFX Application Thread] DEBUG PrimaryStageWindow   - Opening main window
18:34:47.002 [JavaFX Application Thread] DEBUG PrimaryStageWindow   - Window border size: (16.0, 39.0)
18:34:47.003 [JavaFX Application Thread] DEBUG PrimaryStageWindow   - Scaled size: 1200.0 x 640.0
18:34:47.004 [JavaFX Application Thread] DEBUG PrimaryStageWindow   - Scaled ratio: (1.0, 1.0)
18:34:47.004 [JavaFX Application Thread] DEBUG PrimaryStageWindow   - Scene size: 1200.0 x 640.0
18:34:47.005 [JavaFX Application Thread] DEBUG PrimaryStageWindow   - Stage size: 1216.0 x 679.0
18:34:47.039 [FXGL Background Thread 1 ] DEBUG Engine               - Initializing environment variables
18:34:47.190 [FXGL Background Thread 1 ] DEBUG FXGLAssetLoaderServi - User app class for loading assets: class com.pioneer10.model.LivTerra
18:34:47.191 [FXGL Background Thread 1 ] DEBUG GameApplicationServi - Applying CSS: fxgl_dark.css
18:34:47.195 [FXGL Background Thread 1 ] DEBUG FXGLAssetLoaderServi - Loading from file system: jar:file:///C:/Users/Manuel/.m2/repository/com/github/almasb/fxgl/17+dev-SNAPSHOT/fxgl-17+dev-20220422.115207-44.jar!/fxglassets/ui/css/fxgl_dark.css
18:34:47.351 [FXGL Background Thread 1 ] DEBUG GameApplicationServi - Initializing application scenes
18:34:47.528 [FXGL Background Thread 1 ] DEBUG GameWorld            - Game world initialized
18:34:47.657 [FXGL Background Thread 1 ] DEBUG PhysicsWorld         - Physics world initialized: appHeight=640, physics.ppm=50,0
18:34:47.658 [FXGL Background Thread 1 ] DEBUG PhysicsWorld         - Using strategy: BRUTE_FORCE
18:34:47.668 [FXGL Background Thread 1 ] DEBUG GameScene            - Game scene initialized: 1200x640
18:34:47.697 [FXGL Background Thread 1 ] DEBUG FXGL.DefaultMenu     - createMenuBodyGameMenu()
18:34:47.729 [FXGL Background Thread 1 ] DEBUG FXGL.DefaultMenu     - createOptionsMenu()
18:34:47.765 [FXGL Background Thread 1 ] DEBUG FXGLAssetLoaderServi - Loading from file system: jar:file:///C:/Users/Manuel/.m2/repository/com/github/almasb/fxgl/17+dev-SNAPSHOT/fxgl-17+dev-20220422.115207-44.jar!/fxglassets/textures/particles/smoke.png
18:34:48.003 [FXGL Background Thread 1 ] DEBUG FXGLAssetLoaderServi - Loading from file system: jar:file:///C:/Users/Manuel/.m2/repository/com/github/almasb/fxgl/17+dev-SNAPSHOT/fxgl-17+dev-20220422.115207-44.jar!/fxglassets/textures/particles/trace_horizontal.png
18:34:48.067 [FXGL Background Thread 1 ] DEBUG GameApplicationServi - Application scenes initialized
18:34:48.123 [FXGL Background Thread 1 ] DEBUG SystemBundleService  - Loading FXGL system data
18:34:48.131 [FXGL Background Thread 1 ] DEBUG FileSystemAccess     - Reading from: C:\javafx-FXGL\pioneer-10\system\fxgl.bundle
18:34:48.150 [FXGL Background Thread 1 ] DEBUG SystemBundleService  - Bundle FXGL: {}
18:34:48.150 [FXGL Background Thread 1 ] DEBUG UpdaterService       - Checking for updates
18:34:48.160 [FXGL Background Thread 1 ] DEBUG FXGLApplication      - Loading default localization
18:34:48.162 [FXGL Background Thread 1 ] DEBUG FXGLAssetLoaderServi - Loading from file system: jar:file:///C:/Users/Manuel/.m2/repository/com/github/almasb/fxgl/17+dev-SNAPSHOT/fxgl-17+dev-20220422.115207-44.jar!/fxglassets/languages/english.lang
18:34:48.184 [FXGL Background Thread 4 ] DEBUG FXGLApplication      - Loading fonts
18:34:48.185 [FXGL Background Thread 4 ] DEBUG FXGLAssetLoaderServi - Loading from file system: jar:file:///C:/Users/Manuel/.m2/repository/com/github/almasb/fxgl/17+dev-SNAPSHOT/fxgl-17+dev-20220422.115207-44.jar!/fxglassets/ui/fonts/VarelaRound-Regular.ttf
18:34:48.193 [FXGL Background Thread 1 ] INFO  FXGLApplication      - FXGL initialization took: 1,153 sec
18:34:48.213 [JavaFX Application Thread] DEBUG Input                - Registered new binding: Left - A
18:34:48.214 [JavaFX Application Thread] DEBUG Input                - Registered new binding: Right - D
18:34:48.214 [JavaFX Application Thread] DEBUG Input                - Registered new binding: Jump - Space
18:34:48.215 [JavaFX Application Thread] DEBUG FXGLAssetLoaderServi - Loading from file system: jar:file:///C:/Users/Manuel/.m2/repository/com/github/almasb/fxgl/17+dev-SNAPSHOT/fxgl-17+dev-20220422.115207-44.jar!/fxglassets/textures/fxgl_icon.png
18:34:48.289 [JavaFX Application Thread] DEBUG FXGLAssetLoaderServi - Loading from file system: jar:file:///C:/Users/Manuel/.m2/repository/com/github/almasb/fxgl/17+dev-SNAPSHOT/fxgl-17+dev-20220422.115207-44.jar!/fxglassets/textures/fxgl_default_cursor.png
18:34:48.293 [JavaFX Application Thread] DEBUG Input                - Registered new binding: Screenshot - CTRL+8
18:34:48.294 [JavaFX Application Thread] DEBUG Input                - Registered new binding: System info dump - CTRL+9
18:34:48.295 [JavaFX Application Thread] DEBUG Input                - Registered new binding: Restart - CTRL+R
18:34:48.302 [JavaFX Application Thread] DEBUG Input                - Registered new binding: Toggle Debug Camera - CTRL+7
18:34:48.313 [JavaFX Application Thread] DEBUG LoopRunner           - Starting loop
18:34:48.313 [JavaFX Application Thread] DEBUG LoopRunner           - Initializing JavaFX AnimationTimerLoop
18:34:48.318 [JavaFX Application Thread] DEBUG GameApplicationServi - Starting new game
18:34:48.320 [JavaFX Application Thread] DEBUG Input                - Clearing active input actions
18:34:48.342 [JavaFX Application Thread] DEBUG GameApplicationServi - Removing overlay from FXGLStartupScene and adding to FXGLLoadingScene
18:34:48.343 [JavaFX Application Thread] DEBUG PrimaryStageWindow   - FXGLStartupScene -> FXGLLoadingScene
18:34:48.343 [JavaFX Application Thread] DEBUG GameApplicationServi - Clearing previous game
18:34:48.343 [JavaFX Application Thread] DEBUG GameScene            - Clearing game scene
18:34:48.343 [JavaFX Application Thread] DEBUG GameWorld            - Clearing game world
18:34:48.343 [JavaFX Application Thread] DEBUG PhysicsWorld         - Clearing physics world
18:34:48.346 [FXGL Background Thread 1 ] DEBUG FXGLApplication      - Initializing game
18:34:48.467 [FXGL Background Thread 1 ] WARN  TMXLevelLoader       - TiledMap generated from 1.8.4. Supported version: 1.4.2. Some features may not be parsed fully.
18:34:48.613 [FXGL Background Thread 1 ] DEBUG TMXLevelLoader       - Parsed TiledMap: file:/C:/javafx-FXGL/pioneer-10/target/classes/assets/levels/Terra/MappaTerra.tmx
18:34:48.616 [FXGL Background Thread 1 ] DEBUG TMXLevelLoader       - Creating tile layer entities
18:34:48.618 [FXGL Background Thread 1 ] DEBUG TilesetLoader        - Loading view for layer Livello tile 1
18:34:48.632 [FXGL Background Thread 1 ] DEBUG TilesetLoader        - Created buffer with size 4800.0x640.0
18:34:48.758 [FXGL Background Thread 1 ] WARN  TilesetLoader        - Diagonally flipped tiles are not currently supported
18:34:48.770 [FXGL Background Thread 1 ] WARN  TilesetLoader        - Diagonally flipped tiles are not currently supported
18:34:48.771 [FXGL Background Thread 1 ] WARN  TilesetLoader        - Diagonally flipped tiles are not currently supported
18:34:48.840 [FXGL Background Thread 1 ] WARN  TilesetLoader        - Diagonally flipped tiles are not currently supported
18:34:48.854 [FXGL Background Thread 1 ] WARN  TilesetLoader        - Diagonally flipped tiles are not currently supported
18:34:48.859 [FXGL Background Thread 1 ] DEBUG TilesetLoader        - Loading view for layer Livello tile 2
18:34:48.869 [FXGL Background Thread 1 ] DEBUG TilesetLoader        - Created buffer with size 4800.0x640.0
18:34:48.874 [FXGL Background Thread 1 ] DEBUG TilesetLoader        - Loading view for layer Livello tile 3
18:34:48.892 [FXGL Background Thread 1 ] DEBUG TilesetLoader        - Created buffer with size 4800.0x640.0
18:34:48.893 [FXGL Background Thread 1 ] DEBUG TMXLevelLoader       - Creating object layer entities
18:34:49.188 [FXGL Background Thread 1 ] DEBUG GameWorld            - Clearing removable entities
18:34:49.193 [FXGL Background Thread 1 ] DEBUG GameWorld            - Setting level: com.almasb.fxgl.entity.level.Level@6055cbba
18:34:49.395 [FXGL Background Thread 1 ] INFO  FXGLApplication      - Game initialization took: 1,048 sec
18:34:49.396 [JavaFX Application Thread] DEBUG Input                - Clearing active input actions
18:34:49.421 [JavaFX Application Thread] DEBUG GameApplicationServi - Removing overlay from FXGLLoadingScene and adding to GameScene
18:34:49.422 [JavaFX Application Thread] DEBUG PrimaryStageWindow   - FXGLLoadingScene -> GameScene
18:34:49.422 [FXGL Background Thread 4 ] DEBUG FXGLAssetLoaderServi - Loading from file system: jar:file:///C:/Users/Manuel/.m2/repository/com/github/almasb/fxgl/17+dev-SNAPSHOT/fxgl-17+dev-20220422.115207-44.jar!/fxglassets/ui/fonts/Abel-Regular.ttf
18:34:49.439 [FXGL Background Thread 4 ] DEBUG FXGLAssetLoaderServi - Loading from file system: jar:file:///C:/Users/Manuel/.m2/repository/com/github/almasb/fxgl/17+dev-SNAPSHOT/fxgl-17+dev-20220422.115207-44.jar!/fxglassets/ui/fonts/TerminalLandMono-Regular.otf
18:34:49.454 [FXGL Background Thread 4 ] DEBUG FXGLAssetLoaderServi - Loading from file system: jar:file:///C:/Users/Manuel/.m2/repository/com/github/almasb/fxgl/17+dev-SNAPSHOT/fxgl-17+dev-20220422.115207-44.jar!/fxglassets/ui/fonts/Courier-Prime.ttf
18:34:49.477 [JavaFX Application Thread] DEBUG FXGLApplication      - Registering font factories with UI factory
18:34:49.948 [FXGL Background Thread 2 ] INFO  UpdaterService       - Your current version:  17+dev-SNAPSHOT
18:34:49.948 [FXGL Background Thread 2 ] INFO  UpdaterService       - Latest stable version: 17.1
18:34:51.158 [FXGL Background Thread 3 ] DEBUG Engine               - Logging environment variables
18:34:51.161 [FXGL Background Thread 3 ] DEBUG Engine               - achievements: []
18:34:51.161 [FXGL Background Thread 3 ] DEBUG Engine               - actualHeight: 640.0
18:34:51.162 [FXGL Background Thread 3 ] DEBUG Engine               - actualHeightProperty: ReadOnlyDoubleProperty [value: 640.0]
18:34:51.162 [FXGL Background Thread 3 ] DEBUG Engine               - actualWidth: 1200.0
18:34:51.162 [FXGL Background Thread 3 ] DEBUG Engine               - actualWidthProperty: ReadOnlyDoubleProperty [value: 1200.0]
18:34:51.162 [FXGL Background Thread 3 ] DEBUG Engine               - appIcon: fxgl_icon.png
18:34:51.163 [FXGL Background Thread 3 ] DEBUG Engine               - applicationMode: DEVELOPER
18:34:51.163 [FXGL Background Thread 3 ] DEBUG Engine               - cSSList: [fxgl_dark.css]
18:34:51.163 [FXGL Background Thread 3 ] DEBUG Engine               - collisionDetectionStrategy: BRUTE_FORCE
18:34:51.163 [FXGL Background Thread 3 ] DEBUG Engine               - configClass: Optional.empty
18:34:51.163 [FXGL Background Thread 3 ] DEBUG Engine               - credits: []
18:34:51.164 [FXGL Background Thread 3 ] DEBUG Engine               - defaultCursor: CursorInfo(imageName=fxgl_default_cursor.png, hotspotX=7.0, hotspotY=6.0)
18:34:51.164 [FXGL Background Thread 3 ] DEBUG Engine               - devBBoxColorProperty: ObjectProperty [value: 0xff0000ff]
18:34:51.164 [FXGL Background Thread 3 ] DEBUG Engine               - devEnableDebugCameraProperty: BooleanProperty [value: false]
18:34:51.165 [FXGL Background Thread 3 ] DEBUG Engine               - devSensorColorProperty: ObjectProperty [value: 0xffff00ff]
18:34:51.165 [FXGL Background Thread 3 ] DEBUG Engine               - devShowBBoxProperty: BooleanProperty [value: false]
18:34:51.166 [FXGL Background Thread 3 ] DEBUG Engine               - devShowPositionProperty: BooleanProperty [value: false]
18:34:51.166 [FXGL Background Thread 3 ] DEBUG Engine               - enabledMenuItems: []
18:34:51.166 [FXGL Background Thread 3 ] DEBUG Engine               - engineServices: [class com.almasb.fxgl.app.services.FXGLAssetLoaderService, class com.almasb.fxgl.app.FXGLApplication$GameApplicationService, class com.almasb.fxgl.app.services.FXGLDialogService, class com.almasb.fxgl.app.services.IOTaskExecutorService, class com.almasb.fxgl.io.FileSystemService, class com.almasb.fxgl.localization.LocalizationService, class com.almasb.fxgl.app.services.SystemBundleService, class com.almasb.fxgl.profile.SaveLoadService, class com.almasb.fxgl.ui.FXGLUIFactoryServiceProvider, class com.almasb.fxgl.ui.FXGLDialogFactoryServiceProvider, class com.almasb.fxgl.audio.AudioPlayer, class com.almasb.fxgl.notification.impl.NotificationServiceProvider, class com.almasb.fxgl.achievement.AchievementService, class com.almasb.fxgl.cutscene.CutsceneService, class com.almasb.fxgl.minigames.MiniGameService, class com.almasb.fxgl.net.NetService, class com.almasb.fxgl.app.services.UpdaterService, class com.almasb.fxgl.dev.DevService]
18:34:51.166 [FXGL Background Thread 3 ] DEBUG Engine               - fontGame: Abel-Regular.ttf
18:34:51.166 [FXGL Background Thread 3 ] DEBUG Engine               - fontMono: TerminalLandMono-Regular.otf
18:34:51.166 [FXGL Background Thread 3 ] DEBUG Engine               - fontText: Courier-Prime.ttf
18:34:51.167 [FXGL Background Thread 3 ] DEBUG Engine               - fontUI: VarelaRound-Regular.ttf
18:34:51.167 [FXGL Background Thread 3 ] DEBUG Engine               - fullScreen: BooleanProperty [value: false]
18:34:51.167 [FXGL Background Thread 3 ] DEBUG Engine               - gameDifficulty: MEDIUM
18:34:51.167 [FXGL Background Thread 3 ] DEBUG Engine               - gameDifficultyProperty: ObjectProperty [value: MEDIUM]
18:34:51.167 [FXGL Background Thread 3 ] DEBUG Engine               - globalMusicVolume: 0.5
18:34:51.167 [FXGL Background Thread 3 ] DEBUG Engine               - globalMusicVolumeProperty: DoubleProperty [value: 0.5]
18:34:51.167 [FXGL Background Thread 3 ] DEBUG Engine               - globalSoundVolume: 0.5
18:34:51.167 [FXGL Background Thread 3 ] DEBUG Engine               - globalSoundVolumeProperty: DoubleProperty [value: 0.5]
18:34:51.167 [FXGL Background Thread 3 ] DEBUG Engine               - height: 640
18:34:51.168 [FXGL Background Thread 3 ] DEBUG Engine               - is3D: false
18:34:51.168 [FXGL Background Thread 3 ] DEBUG Engine               - isAndroid: false
18:34:51.168 [FXGL Background Thread 3 ] DEBUG Engine               - isBrowser: false
18:34:51.168 [FXGL Background Thread 3 ] DEBUG Engine               - isClickFeedbackEnabled: false
18:34:51.168 [FXGL Background Thread 3 ] DEBUG Engine               - isCloseConfirmation: false
18:34:51.169 [FXGL Background Thread 3 ] DEBUG Engine               - isDesktop: true
18:34:51.169 [FXGL Background Thread 3 ] DEBUG Engine               - isDeveloperMenuEnabled: false
18:34:51.170 [FXGL Background Thread 3 ] DEBUG Engine               - isEmbedded: false
18:34:51.171 [FXGL Background Thread 3 ] DEBUG Engine               - isEntityPreloadEnabled: true
18:34:51.171 [FXGL Background Thread 3 ] DEBUG Engine               - isExperimentalTiledLargeMap: false
18:34:51.172 [FXGL Background Thread 3 ] DEBUG Engine               - isFileSystemWriteAllowed: true
18:34:51.172 [FXGL Background Thread 3 ] DEBUG Engine               - isFullScreenAllowed: false
18:34:51.173 [FXGL Background Thread 3 ] DEBUG Engine               - isFullScreenFromStart: false
18:34:51.173 [FXGL Background Thread 3 ] DEBUG Engine               - isGameMenuEnabled: true
18:34:51.173 [FXGL Background Thread 3 ] DEBUG Engine               - isIOS: false
18:34:51.173 [FXGL Background Thread 3 ] DEBUG Engine               - isIntroEnabled: false
18:34:51.173 [FXGL Background Thread 3 ] DEBUG Engine               - isLinux: false
18:34:51.173 [FXGL Background Thread 3 ] DEBUG Engine               - isMac: false
18:34:51.173 [FXGL Background Thread 3 ] DEBUG Engine               - isMainMenuEnabled: false
18:34:51.174 [FXGL Background Thread 3 ] DEBUG Engine               - isManualResizeEnabled: false
18:34:51.174 [FXGL Background Thread 3 ] DEBUG Engine               - isMobile: false
18:34:51.174 [FXGL Background Thread 3 ] DEBUG Engine               - isNative: false
18:34:51.174 [FXGL Background Thread 3 ] DEBUG Engine               - isPauseMusicWhenMinimized: true
18:34:51.174 [FXGL Background Thread 3 ] DEBUG Engine               - isPreserveResizeRatio: false
18:34:51.174 [FXGL Background Thread 3 ] DEBUG Engine               - isProfilingEnabled: false
18:34:51.174 [FXGL Background Thread 3 ] DEBUG Engine               - isScaleAffectedOnResize: true
18:34:51.174 [FXGL Background Thread 3 ] DEBUG Engine               - isSingleStep: false
18:34:51.174 [FXGL Background Thread 3 ] DEBUG Engine               - isUserProfileEnabled: false
18:34:51.174 [FXGL Background Thread 3 ] DEBUG Engine               - isWindows: true
18:34:51.174 [FXGL Background Thread 3 ] DEBUG Engine               - language: ObjectProperty [value: ENGLISH]
18:34:51.174 [FXGL Background Thread 3 ] DEBUG Engine               - menuKey: ESCAPE
18:34:51.174 [FXGL Background Thread 3 ] DEBUG Engine               - mouseSensitivity: 0.2
18:34:51.175 [FXGL Background Thread 3 ] DEBUG Engine               - notificationViewClass: class com.almasb.fxgl.notification.view.XboxNotificationView
18:34:51.175 [FXGL Background Thread 3 ] DEBUG Engine               - pixelsPerMeter: 50.0
18:34:51.175 [FXGL Background Thread 3 ] DEBUG Engine               - platform: WINDOWS
18:34:51.175 [FXGL Background Thread 3 ] DEBUG Engine               - prefHeightProperty: ReadOnlyDoubleProperty [value: 640.0]
18:34:51.176 [FXGL Background Thread 3 ] DEBUG Engine               - prefWidthProperty: ReadOnlyDoubleProperty [value: 1200.0]
18:34:51.176 [FXGL Background Thread 3 ] DEBUG Engine               - profileDir: profiles/
18:34:51.176 [FXGL Background Thread 3 ] DEBUG Engine               - profileName: StringProperty [value: DEFAULT]
18:34:51.176 [FXGL Background Thread 3 ] DEBUG Engine               - randomSeed: -1
18:34:51.177 [FXGL Background Thread 3 ] DEBUG Engine               - runtimeInfo: RuntimeInfo(platform=WINDOWS, version=17+dev-SNAPSHOT, build=22.04.2022 11.52)
18:34:51.177 [FXGL Background Thread 3 ] DEBUG Engine               - saveFileExt: sav
18:34:51.177 [FXGL Background Thread 3 ] DEBUG Engine               - scaledHeightProp$fxgl: DoubleProperty [bound, value: 640.0]
18:34:51.177 [FXGL Background Thread 3 ] DEBUG Engine               - scaledWidthProp$fxgl: DoubleProperty [bound, value: 1200.0]
18:34:51.177 [FXGL Background Thread 3 ] DEBUG Engine               - sceneFactory: com.almasb.fxgl.app.scene.SceneFactory@34fabff7
18:34:51.178 [FXGL Background Thread 3 ] DEBUG Engine               - secondsIn24h: 60
18:34:51.178 [FXGL Background Thread 3 ] DEBUG Engine               - soundMenuBack: menu/back.wav
18:34:51.178 [FXGL Background Thread 3 ] DEBUG Engine               - soundMenuPress: menu/press.wav
18:34:51.178 [FXGL Background Thread 3 ] DEBUG Engine               - soundMenuSelect: menu/select.wav
18:34:51.178 [FXGL Background Thread 3 ] DEBUG Engine               - soundNotification: core/notification.wav
18:34:51.178 [FXGL Background Thread 3 ] DEBUG Engine               - stageStyle: DECORATED
18:34:51.179 [FXGL Background Thread 3 ] DEBUG Engine               - supportedLanguages: [ENGLISH, FRENCH, GERMAN, HUNGARIAN, RUSSIAN]
18:34:51.179 [FXGL Background Thread 3 ] DEBUG Engine               - ticksPerSecond: -1
18:34:51.179 [FXGL Background Thread 3 ] DEBUG Engine               - title: Pioneer-10
Terra
18:34:51.179 [FXGL Background Thread 3 ] DEBUG Engine               - urlGithub: https://github.com/AlmasB/FXGL
18:34:51.179 [FXGL Background Thread 3 ] DEBUG Engine               - urlLeaderboard: http://fxgl-top.herokuapp.com/
18:34:51.179 [FXGL Background Thread 3 ] DEBUG Engine               - urlPOM: https://raw.githubusercontent.com/AlmasB/FXGL/release/README.md
18:34:51.179 [FXGL Background Thread 3 ] DEBUG Engine               - userAppClass: class com.pioneer10.model.LivTerra
18:34:51.179 [FXGL Background Thread 3 ] DEBUG Engine               - version: 0.0
18:34:51.179 [FXGL Background Thread 3 ] DEBUG Engine               - versionCheckDays: 7
18:34:51.179 [FXGL Background Thread 3 ] DEBUG Engine               - width: 1200
18:34:51.180 [FXGL Background Thread 3 ] DEBUG Engine               - Logging services
18:34:51.180 [FXGL Background Thread 3 ] DEBUG Engine               - class com.almasb.fxgl.app.services.FXGLAssetLoaderService
18:34:51.180 [FXGL Background Thread 3 ] DEBUG Engine               - class com.almasb.fxgl.app.FXGLApplication$GameApplicationService
18:34:51.180 [FXGL Background Thread 3 ] DEBUG Engine               - class com.almasb.fxgl.app.services.FXGLDialogService
18:34:51.180 [FXGL Background Thread 3 ] DEBUG Engine               - class com.almasb.fxgl.app.services.IOTaskExecutorService
18:34:51.180 [FXGL Background Thread 3 ] DEBUG Engine               - class com.almasb.fxgl.io.FileSystemService
18:34:51.180 [FXGL Background Thread 3 ] DEBUG Engine               - class com.almasb.fxgl.localization.LocalizationService
18:34:51.180 [FXGL Background Thread 3 ] DEBUG Engine               - class com.almasb.fxgl.app.services.SystemBundleService
18:34:51.180 [FXGL Background Thread 3 ] DEBUG Engine               - class com.almasb.fxgl.profile.SaveLoadService
18:34:51.180 [FXGL Background Thread 3 ] DEBUG Engine               - class com.almasb.fxgl.ui.FXGLUIFactoryServiceProvider
18:34:51.181 [FXGL Background Thread 3 ] DEBUG Engine               - class com.almasb.fxgl.ui.FXGLDialogFactoryServiceProvider
18:34:51.181 [FXGL Background Thread 3 ] DEBUG Engine               - class com.almasb.fxgl.audio.AudioPlayer
18:34:51.181 [FXGL Background Thread 3 ] DEBUG Engine               - class com.almasb.fxgl.notification.impl.NotificationServiceProvider
18:34:51.181 [FXGL Background Thread 3 ] DEBUG Engine               - class com.almasb.fxgl.achievement.AchievementService
18:34:51.181 [FXGL Background Thread 3 ] DEBUG Engine               - class com.almasb.fxgl.cutscene.CutsceneService
18:34:51.181 [FXGL Background Thread 3 ] DEBUG Engine               - class com.almasb.fxgl.minigames.MiniGameService
18:34:51.181 [FXGL Background Thread 3 ] DEBUG Engine               - class com.almasb.fxgl.net.NetService
18:34:51.181 [FXGL Background Thread 3 ] DEBUG Engine               - class com.almasb.fxgl.app.services.UpdaterService
18:34:51.181 [FXGL Background Thread 3 ] DEBUG Engine               - class com.almasb.fxgl.dev.DevService
18:35:21.104 [JavaFX Application Thread] DEBUG FXGLApplication      - Exiting FXGL
18:35:21.105 [JavaFX Application Thread] DEBUG LoopRunner           - Stopping loop
18:35:21.105 [JavaFX Application Thread] DEBUG SystemBundleService  - Saving FXGL system data
18:35:21.109 [JavaFX Application Thread] DEBUG FileSystemAccess     - Writing to: C:\javafx-FXGL\pioneer-10\system\fxgl.bundle
18:35:21.114 [JavaFX Application Thread] DEBUG Async                - Shutting down background threads
18:35:21.114 [JavaFX Application Thread] DEBUG PrimaryStageWindow   - Closing main window
18:35:21.147 [JavaFX Application Thread] DEBUG Logger               - Closing Logger
