17:35:54.610 [main                     ] DEBUG Logger               - Configured Logger
17:35:54.625 [main                     ] DEBUG GameApplication      - Logging settings
Title: Pioneer-10
Giove
Version: 0.0
Width: 1440
Height: 800
Fullscreen: false
Intro: false
Profiling: false
Single step:false
App Mode: DEVELOPER
Menu Key: ESCAPE
Stage Style: DECORATED
Scene Factory: class com.almasb.fxgl.app.scene.SceneFactory

17:35:55.028 [JavaFX Application Thread] DEBUG FXGLApplication      - Initializing FXGL
17:35:55.031 [JavaFX Application Thread] INFO  Engine               - FXGL-17+dev-SNAPSHOT (22.04.2022 11.52) on WINDOWS (J:18 FX:18)
17:35:55.031 [JavaFX Application Thread] DEBUG Engine               - JRE Vendor Name: Oracle Corporation
17:35:55.031 [JavaFX Application Thread] DEBUG Engine               - Running on OS: Windows 10 version 10.0
17:35:55.032 [JavaFX Application Thread] DEBUG Engine               - Architecture: amd64
17:35:55.032 [JavaFX Application Thread] INFO  Engine               - Source code and latest versions at: https://github.com/AlmasB/FXGL
17:35:55.032 [JavaFX Application Thread] INFO  Engine               -       Ask questions and discuss at: https://github.com/AlmasB/FXGL/discussions
17:35:55.032 [JavaFX Application Thread] INFO  Engine               -              Join the FXGL chat at: https://gitter.im/AlmasB/FXGL
17:35:55.089 [JavaFX Application Thread] DEBUG PrimaryStageWindow   - Creating a JavaFX scene
17:35:55.118 [JavaFX Application Thread] DEBUG PrimaryStageWindow   - Target settings size: 1440.0 x 800.0
17:35:55.118 [JavaFX Application Thread] DEBUG PrimaryStageWindow   - Scaled scene size:    1440.0 x 800.0
17:35:55.118 [JavaFX Application Thread] DEBUG PrimaryStageWindow   - Scaled ratio: (1.0, 1.0)
17:35:55.118 [JavaFX Application Thread] DEBUG PrimaryStageWindow   - Set initial scene to FXGLStartupScene
17:35:55.123 [JavaFX Application Thread] DEBUG PrimaryStageWindow   - Opening main window
17:35:55.254 [JavaFX Application Thread] DEBUG PrimaryStageWindow   - Window border size: (16.0, 39.0)
17:35:55.255 [JavaFX Application Thread] DEBUG PrimaryStageWindow   - Scaled size: 1440.0 x 800.0
17:35:55.255 [JavaFX Application Thread] DEBUG PrimaryStageWindow   - Scaled ratio: (1.0, 1.0)
17:35:55.255 [JavaFX Application Thread] DEBUG PrimaryStageWindow   - Scene size: 1440.0 x 800.0
17:35:55.255 [JavaFX Application Thread] DEBUG PrimaryStageWindow   - Stage size: 1456.0 x 839.0
17:35:55.259 [FXGL Background Thread 1 ] DEBUG Engine               - Initializing environment variables
17:35:55.287 [FXGL Background Thread 1 ] DEBUG FXGLAssetLoaderServi - User app class for loading assets: class com.pioneer10.model.LivGiove
17:35:55.288 [FXGL Background Thread 1 ] DEBUG GameApplicationServi - Applying CSS: fxgl_dark.css
17:35:55.288 [FXGL Background Thread 1 ] DEBUG FXGLAssetLoaderServi - Loading from file system: jar:file:///C:/Users/mattu/.m2/repository/com/github/almasb/fxgl/17+dev-SNAPSHOT/fxgl-17+dev-20220422.115207-44.jar!/fxglassets/ui/css/fxgl_dark.css
17:35:55.321 [FXGL Background Thread 1 ] DEBUG GameApplicationServi - Initializing application scenes
17:35:55.345 [FXGL Background Thread 1 ] DEBUG GameWorld            - Game world initialized
17:35:55.389 [FXGL Background Thread 1 ] DEBUG PhysicsWorld         - Physics world initialized: appHeight=800, physics.ppm=50,0
17:35:55.390 [FXGL Background Thread 1 ] DEBUG PhysicsWorld         - Using strategy: BRUTE_FORCE
17:35:55.392 [FXGL Background Thread 1 ] DEBUG GameScene            - Game scene initialized: 1440x800
17:35:55.402 [FXGL Background Thread 1 ] DEBUG FXGL.DefaultMenu     - createMenuBodyGameMenu()
17:35:55.410 [FXGL Background Thread 1 ] DEBUG FXGL.DefaultMenu     - createOptionsMenu()
17:35:55.423 [FXGL Background Thread 1 ] DEBUG FXGLAssetLoaderServi - Loading from file system: jar:file:///C:/Users/mattu/.m2/repository/com/github/almasb/fxgl/17+dev-SNAPSHOT/fxgl-17+dev-20220422.115207-44.jar!/fxglassets/textures/particles/smoke.png
17:35:55.476 [FXGL Background Thread 1 ] DEBUG FXGLAssetLoaderServi - Loading from file system: jar:file:///C:/Users/mattu/.m2/repository/com/github/almasb/fxgl/17+dev-SNAPSHOT/fxgl-17+dev-20220422.115207-44.jar!/fxglassets/textures/particles/trace_horizontal.png
17:35:55.496 [FXGL Background Thread 1 ] DEBUG GameApplicationServi - Application scenes initialized
17:35:55.505 [FXGL Background Thread 1 ] DEBUG SystemBundleService  - Loading FXGL system data
17:35:55.507 [FXGL Background Thread 1 ] DEBUG FileSystemAccess     - Reading from: D:\FERMI-FEDE\4BIF_2021-2022\Informatica\Giochi\Pioneer-10\system\fxgl.bundle
17:35:55.512 [FXGL Background Thread 1 ] DEBUG SystemBundleService  - Bundle FXGL: {}
17:35:55.512 [FXGL Background Thread 1 ] DEBUG UpdaterService       - Checking for updates
17:35:55.515 [FXGL Background Thread 4 ] DEBUG FXGLApplication      - Loading fonts
17:35:55.515 [FXGL Background Thread 1 ] DEBUG FXGLApplication      - Loading default localization
17:35:55.516 [FXGL Background Thread 4 ] DEBUG FXGLAssetLoaderServi - Loading from file system: jar:file:///C:/Users/mattu/.m2/repository/com/github/almasb/fxgl/17+dev-SNAPSHOT/fxgl-17+dev-20220422.115207-44.jar!/fxglassets/ui/fonts/VarelaRound-Regular.ttf
17:35:55.516 [FXGL Background Thread 1 ] DEBUG FXGLAssetLoaderServi - Loading from file system: jar:file:///C:/Users/mattu/.m2/repository/com/github/almasb/fxgl/17+dev-SNAPSHOT/fxgl-17+dev-20220422.115207-44.jar!/fxglassets/languages/english.lang
17:35:55.526 [FXGL Background Thread 1 ] INFO  FXGLApplication      - FXGL initialization took: 0,267 sec
17:35:55.532 [JavaFX Application Thread] DEBUG Input                - Registered new binding: Left - A
17:35:55.532 [JavaFX Application Thread] DEBUG Input                - Registered new binding: Right - D
17:35:55.532 [JavaFX Application Thread] DEBUG Input                - Registered new binding: Jump - Space
17:35:55.532 [JavaFX Application Thread] DEBUG FXGLAssetLoaderServi - Loading from file system: jar:file:///C:/Users/mattu/.m2/repository/com/github/almasb/fxgl/17+dev-SNAPSHOT/fxgl-17+dev-20220422.115207-44.jar!/fxglassets/textures/fxgl_icon.png
17:35:55.545 [JavaFX Application Thread] DEBUG FXGLAssetLoaderServi - Loading from file system: jar:file:///C:/Users/mattu/.m2/repository/com/github/almasb/fxgl/17+dev-SNAPSHOT/fxgl-17+dev-20220422.115207-44.jar!/fxglassets/textures/fxgl_default_cursor.png
17:35:55.547 [JavaFX Application Thread] DEBUG Input                - Registered new binding: Screenshot - CTRL+8
17:35:55.548 [JavaFX Application Thread] DEBUG Input                - Registered new binding: System info dump - CTRL+9
17:35:55.548 [JavaFX Application Thread] DEBUG Input                - Registered new binding: Restart - CTRL+R
17:35:55.549 [FXGL Background Thread 4 ] DEBUG FXGLAssetLoaderServi - Loading from file system: jar:file:///C:/Users/mattu/.m2/repository/com/github/almasb/fxgl/17+dev-SNAPSHOT/fxgl-17+dev-20220422.115207-44.jar!/fxglassets/ui/fonts/Abel-Regular.ttf
17:35:55.549 [JavaFX Application Thread] DEBUG Input                - Registered new binding: Toggle Debug Camera - CTRL+7
17:35:55.551 [JavaFX Application Thread] DEBUG LoopRunner           - Starting loop
17:35:55.551 [JavaFX Application Thread] DEBUG LoopRunner           - Initializing JavaFX AnimationTimerLoop
17:35:55.552 [JavaFX Application Thread] DEBUG GameApplicationServi - Starting new game
17:35:55.552 [JavaFX Application Thread] DEBUG Input                - Clearing active input actions
17:35:55.554 [FXGL Background Thread 4 ] DEBUG FXGLAssetLoaderServi - Loading from file system: jar:file:///C:/Users/mattu/.m2/repository/com/github/almasb/fxgl/17+dev-SNAPSHOT/fxgl-17+dev-20220422.115207-44.jar!/fxglassets/ui/fonts/Courier-Prime.ttf
17:35:55.561 [JavaFX Application Thread] DEBUG GameApplicationServi - Removing overlay from FXGLStartupScene and adding to FXGLLoadingScene
17:35:55.561 [JavaFX Application Thread] DEBUG PrimaryStageWindow   - FXGLStartupScene -> FXGLLoadingScene
17:35:55.561 [JavaFX Application Thread] DEBUG GameApplicationServi - Clearing previous game
17:35:55.561 [JavaFX Application Thread] DEBUG GameScene            - Clearing game scene
17:35:55.561 [JavaFX Application Thread] DEBUG GameWorld            - Clearing game world
17:35:55.562 [JavaFX Application Thread] DEBUG PhysicsWorld         - Clearing physics world
17:35:55.563 [FXGL Background Thread 4 ] DEBUG FXGLApplication      - Initializing game
17:35:55.565 [JavaFX Application Thread] DEBUG FXGLApplication      - Registering font factories with UI factory
17:35:55.587 [FXGL Background Thread 4 ] WARN  TMXLevelLoader       - TiledMap generated from 1.8.4. Supported version: 1.4.2. Some features may not be parsed fully.
17:35:55.611 [FXGL Background Thread 4 ] DEBUG TMXLevelLoader       - Parsed TiledMap: file:/D:/FERMI-FEDE/4BIF_2021-2022/Informatica/Giochi/Pioneer-10/target/classes/assets/levels/Giove/Giove.tmx
17:35:55.612 [FXGL Background Thread 4 ] DEBUG TMXLevelLoader       - Creating tile layer entities
17:35:55.613 [FXGL Background Thread 4 ] DEBUG TilesetLoader        - Loading view for layer Livello tile 1
17:35:55.618 [FXGL Background Thread 4 ] DEBUG TilesetLoader        - Created buffer with size 5760.0x800.0
17:35:55.632 [FXGL Background Thread 4 ] DEBUG TMXLevelLoader       - Creating object layer entities
17:35:55.714 [FXGL Background Thread 4 ] DEBUG GameWorld            - Clearing removable entities
17:35:55.714 [FXGL Background Thread 4 ] DEBUG GameWorld            - Setting level: com.almasb.fxgl.entity.level.Level@70579160
17:35:55.765 [FXGL Background Thread 4 ] INFO  FXGLApplication      - Game initialization took: 0,202 sec
17:35:55.766 [JavaFX Application Thread] DEBUG Input                - Clearing active input actions
17:35:55.773 [JavaFX Application Thread] DEBUG GameApplicationServi - Removing overlay from FXGLLoadingScene and adding to GameScene
17:35:55.774 [JavaFX Application Thread] DEBUG PrimaryStageWindow   - FXGLLoadingScene -> GameScene
17:35:55.776 [FXGL Background Thread 2 ] INFO  UpdaterService       - Your current version:  17+dev-SNAPSHOT
17:35:55.776 [FXGL Background Thread 2 ] INFO  UpdaterService       - Latest stable version: 17.1
17:35:56.621 [JavaFX Application Thread] DEBUG FXGLApplication      - Exiting FXGL
17:35:56.621 [JavaFX Application Thread] DEBUG LoopRunner           - Stopping loop
17:35:56.621 [JavaFX Application Thread] DEBUG SystemBundleService  - Saving FXGL system data
17:35:56.623 [JavaFX Application Thread] DEBUG FileSystemAccess     - Writing to: D:\FERMI-FEDE\4BIF_2021-2022\Informatica\Giochi\Pioneer-10\system\fxgl.bundle
17:35:56.625 [JavaFX Application Thread] DEBUG Async                - Shutting down background threads
17:35:56.625 [JavaFX Application Thread] DEBUG PrimaryStageWindow   - Closing main window
17:35:56.633 [JavaFX Application Thread] DEBUG Logger               - Closing Logger
