11:30:18.632 [main                     ] DEBUG Logger               - Configured Logger
11:30:18.648 [main                     ] DEBUG GameApplication      - Logging settings
Title: Pioneer-10
Marte
Version: 0.0
Width: 1200
Height: 640
Fullscreen: false
Intro: false
Profiling: false
Single step:false
App Mode: DEVELOPER
Menu Key: ESCAPE
Stage Style: DECORATED
Scene Factory: class com.almasb.fxgl.app.scene.SceneFactory

11:30:19.034 [JavaFX Application Thread] DEBUG FXGLApplication      - Initializing FXGL
11:30:19.037 [JavaFX Application Thread] INFO  Engine               - FXGL-17+dev-SNAPSHOT (22.04.2022 11.52) on WINDOWS (J:18 FX:18)
11:30:19.037 [JavaFX Application Thread] DEBUG Engine               - JRE Vendor Name: Oracle Corporation
11:30:19.038 [JavaFX Application Thread] DEBUG Engine               - Running on OS: Windows 10 version 10.0
11:30:19.038 [JavaFX Application Thread] DEBUG Engine               - Architecture: amd64
11:30:19.038 [JavaFX Application Thread] INFO  Engine               - Source code and latest versions at: https://github.com/AlmasB/FXGL
11:30:19.038 [JavaFX Application Thread] INFO  Engine               -       Ask questions and discuss at: https://github.com/AlmasB/FXGL/discussions
11:30:19.038 [JavaFX Application Thread] INFO  Engine               -              Join the FXGL chat at: https://gitter.im/AlmasB/FXGL
11:30:19.092 [JavaFX Application Thread] DEBUG PrimaryStageWindow   - Creating a JavaFX scene
11:30:19.118 [JavaFX Application Thread] DEBUG PrimaryStageWindow   - Target settings size: 1200.0 x 640.0
11:30:19.118 [JavaFX Application Thread] DEBUG PrimaryStageWindow   - Scaled scene size:    1200.0 x 640.0
11:30:19.118 [JavaFX Application Thread] DEBUG PrimaryStageWindow   - Scaled ratio: (1.0, 1.0)
11:30:19.119 [JavaFX Application Thread] DEBUG PrimaryStageWindow   - Set initial scene to FXGLStartupScene
11:30:19.123 [JavaFX Application Thread] DEBUG PrimaryStageWindow   - Opening main window
11:30:19.221 [JavaFX Application Thread] DEBUG PrimaryStageWindow   - Window border size: (16.0, 39.0)
11:30:19.222 [JavaFX Application Thread] DEBUG PrimaryStageWindow   - Scaled size: 1200.0 x 640.0
11:30:19.222 [JavaFX Application Thread] DEBUG PrimaryStageWindow   - Scaled ratio: (1.0, 1.0)
11:30:19.222 [JavaFX Application Thread] DEBUG PrimaryStageWindow   - Scene size: 1200.0 x 640.0
11:30:19.222 [JavaFX Application Thread] DEBUG PrimaryStageWindow   - Stage size: 1216.0 x 679.0
11:30:19.226 [FXGL Background Thread 1 ] DEBUG Engine               - Initializing environment variables
11:30:19.253 [FXGL Background Thread 1 ] DEBUG FXGLAssetLoaderServi - User app class for loading assets: class com.pioneer10.model.LivNettuno
11:30:19.254 [FXGL Background Thread 1 ] DEBUG GameApplicationServi - Applying CSS: fxgl_dark.css
11:30:19.254 [FXGL Background Thread 1 ] DEBUG FXGLAssetLoaderServi - Loading from file system: jar:file:///C:/Users/mattu/.m2/repository/com/github/almasb/fxgl/17+dev-SNAPSHOT/fxgl-17+dev-20220422.115207-44.jar!/fxglassets/ui/css/fxgl_dark.css
11:30:19.287 [FXGL Background Thread 1 ] DEBUG GameApplicationServi - Initializing application scenes
11:30:19.310 [FXGL Background Thread 1 ] DEBUG GameWorld            - Game world initialized
11:30:19.352 [FXGL Background Thread 1 ] DEBUG PhysicsWorld         - Physics world initialized: appHeight=640, physics.ppm=50,0
11:30:19.352 [FXGL Background Thread 1 ] DEBUG PhysicsWorld         - Using strategy: BRUTE_FORCE
11:30:19.355 [FXGL Background Thread 1 ] DEBUG GameScene            - Game scene initialized: 1200x640
11:30:19.362 [FXGL Background Thread 1 ] DEBUG FXGL.DefaultMenu     - createMenuBodyGameMenu()
11:30:19.369 [FXGL Background Thread 1 ] DEBUG FXGL.DefaultMenu     - createOptionsMenu()
11:30:19.376 [FXGL Background Thread 1 ] DEBUG FXGLAssetLoaderServi - Loading from file system: jar:file:///C:/Users/mattu/.m2/repository/com/github/almasb/fxgl/17+dev-SNAPSHOT/fxgl-17+dev-20220422.115207-44.jar!/fxglassets/textures/particles/smoke.png
11:30:19.423 [FXGL Background Thread 1 ] DEBUG FXGLAssetLoaderServi - Loading from file system: jar:file:///C:/Users/mattu/.m2/repository/com/github/almasb/fxgl/17+dev-SNAPSHOT/fxgl-17+dev-20220422.115207-44.jar!/fxglassets/textures/particles/trace_horizontal.png
11:30:19.440 [FXGL Background Thread 1 ] DEBUG GameApplicationServi - Application scenes initialized
11:30:19.448 [FXGL Background Thread 1 ] DEBUG SystemBundleService  - Loading FXGL system data
11:30:19.451 [FXGL Background Thread 1 ] DEBUG FileSystemAccess     - Reading from: D:\FERMI-FEDE\4BIF_2021-2022\Informatica\Giochi\Pioneer-10\system\fxgl.bundle
11:30:19.456 [FXGL Background Thread 1 ] DEBUG SystemBundleService  - Bundle FXGL: {}
11:30:19.456 [FXGL Background Thread 1 ] DEBUG UpdaterService       - Checking for updates
11:30:19.459 [FXGL Background Thread 4 ] DEBUG FXGLApplication      - Loading fonts
11:30:19.460 [FXGL Background Thread 1 ] DEBUG FXGLApplication      - Loading default localization
11:30:19.460 [FXGL Background Thread 4 ] DEBUG FXGLAssetLoaderServi - Loading from file system: jar:file:///C:/Users/mattu/.m2/repository/com/github/almasb/fxgl/17+dev-SNAPSHOT/fxgl-17+dev-20220422.115207-44.jar!/fxglassets/ui/fonts/VarelaRound-Regular.ttf
11:30:19.461 [FXGL Background Thread 1 ] DEBUG FXGLAssetLoaderServi - Loading from file system: jar:file:///C:/Users/mattu/.m2/repository/com/github/almasb/fxgl/17+dev-SNAPSHOT/fxgl-17+dev-20220422.115207-44.jar!/fxglassets/languages/english.lang
11:30:19.474 [FXGL Background Thread 1 ] INFO  FXGLApplication      - FXGL initialization took: 0,248 sec
11:30:19.481 [JavaFX Application Thread] DEBUG Input                - Registered new binding: Left - A
11:30:19.481 [JavaFX Application Thread] DEBUG Input                - Registered new binding: Right - D
11:30:19.481 [JavaFX Application Thread] DEBUG Input                - Registered new binding: Jump - Space
11:30:19.481 [JavaFX Application Thread] DEBUG FXGLAssetLoaderServi - Loading from file system: jar:file:///C:/Users/mattu/.m2/repository/com/github/almasb/fxgl/17+dev-SNAPSHOT/fxgl-17+dev-20220422.115207-44.jar!/fxglassets/textures/fxgl_icon.png
11:30:19.493 [JavaFX Application Thread] DEBUG FXGLAssetLoaderServi - Loading from file system: jar:file:///C:/Users/mattu/.m2/repository/com/github/almasb/fxgl/17+dev-SNAPSHOT/fxgl-17+dev-20220422.115207-44.jar!/fxglassets/textures/fxgl_default_cursor.png
11:30:19.494 [JavaFX Application Thread] DEBUG Input                - Registered new binding: Screenshot - CTRL+8
11:30:19.494 [FXGL Background Thread 4 ] DEBUG FXGLAssetLoaderServi - Loading from file system: jar:file:///C:/Users/mattu/.m2/repository/com/github/almasb/fxgl/17+dev-SNAPSHOT/fxgl-17+dev-20220422.115207-44.jar!/fxglassets/ui/fonts/Abel-Regular.ttf
11:30:19.494 [JavaFX Application Thread] DEBUG Input                - Registered new binding: System info dump - CTRL+9
11:30:19.495 [JavaFX Application Thread] DEBUG Input                - Registered new binding: Restart - CTRL+R
11:30:19.496 [JavaFX Application Thread] DEBUG Input                - Registered new binding: Toggle Debug Camera - CTRL+7
11:30:19.496 [FXGL Background Thread 4 ] DEBUG FXGLAssetLoaderServi - Loading from file system: jar:file:///C:/Users/mattu/.m2/repository/com/github/almasb/fxgl/17+dev-SNAPSHOT/fxgl-17+dev-20220422.115207-44.jar!/fxglassets/ui/fonts/TerminalLandMono-Regular.otf
11:30:19.497 [JavaFX Application Thread] DEBUG LoopRunner           - Starting loop
11:30:19.497 [JavaFX Application Thread] DEBUG LoopRunner           - Initializing JavaFX AnimationTimerLoop
11:30:19.497 [JavaFX Application Thread] DEBUG GameApplicationServi - Starting new game
11:30:19.498 [JavaFX Application Thread] DEBUG Input                - Clearing active input actions
11:30:19.498 [FXGL Background Thread 4 ] DEBUG FXGLAssetLoaderServi - Loading from file system: jar:file:///C:/Users/mattu/.m2/repository/com/github/almasb/fxgl/17+dev-SNAPSHOT/fxgl-17+dev-20220422.115207-44.jar!/fxglassets/ui/fonts/Courier-Prime.ttf
11:30:19.504 [JavaFX Application Thread] DEBUG GameApplicationServi - Removing overlay from FXGLStartupScene and adding to FXGLLoadingScene
11:30:19.505 [JavaFX Application Thread] DEBUG PrimaryStageWindow   - FXGLStartupScene -> FXGLLoadingScene
11:30:19.505 [JavaFX Application Thread] DEBUG GameApplicationServi - Clearing previous game
11:30:19.505 [JavaFX Application Thread] DEBUG GameScene            - Clearing game scene
11:30:19.505 [JavaFX Application Thread] DEBUG GameWorld            - Clearing game world
11:30:19.505 [JavaFX Application Thread] DEBUG PhysicsWorld         - Clearing physics world
11:30:19.506 [JavaFX Application Thread] DEBUG FXGLApplication      - Registering font factories with UI factory
11:30:19.506 [FXGL Background Thread 4 ] DEBUG FXGLApplication      - Initializing game
11:30:19.531 [FXGL Background Thread 4 ] WARN  TMXLevelLoader       - TiledMap generated from 1.8.4. Supported version: 1.4.2. Some features may not be parsed fully.
11:30:19.557 [FXGL Background Thread 4 ] DEBUG TMXLevelLoader       - Parsed TiledMap: file:/D:/FERMI-FEDE/4BIF_2021-2022/Informatica/Giochi/Pioneer-10/target/classes/assets/levels/Nettuno/Nettuno.tmx
11:30:19.558 [FXGL Background Thread 4 ] DEBUG TMXLevelLoader       - Creating tile layer entities
11:30:19.559 [FXGL Background Thread 4 ] DEBUG TilesetLoader        - Loading view for layer Livello tile 2
11:30:19.562 [FXGL Background Thread 4 ] DEBUG TilesetLoader        - Created buffer with size 5760.0x640.0
11:30:19.600 [FXGL Background Thread 4 ] DEBUG TilesetLoader        - Loading view for layer Livello tile 1
11:30:19.607 [FXGL Background Thread 4 ] DEBUG TilesetLoader        - Created buffer with size 5760.0x640.0
11:30:19.620 [FXGL Background Thread 4 ] DEBUG TMXLevelLoader       - Creating object layer entities
11:30:19.650 [FXGL Background Thread 4 ] DEBUG GameWorld            - Clearing removable entities
11:30:19.650 [FXGL Background Thread 4 ] DEBUG GameWorld            - Setting level: com.almasb.fxgl.entity.level.Level@84303b0
11:30:19.657 [FXGL Background Thread 4 ] INFO  FXGLApplication      - Game initialization took: 0,151 sec
11:30:19.657 [JavaFX Application Thread] DEBUG Input                - Clearing active input actions
11:30:19.663 [JavaFX Application Thread] DEBUG GameApplicationServi - Removing overlay from FXGLLoadingScene and adding to GameScene
11:30:19.663 [JavaFX Application Thread] DEBUG PrimaryStageWindow   - FXGLLoadingScene -> GameScene
11:30:19.673 [JavaFX Application Thread] DEBUG LoopRunner           - Stopping loop
11:30:19.675 [JavaFX Application Thread] FATAL FXGLApplication      - Uncaught Exception:
java.lang.NullPointerException: Cannot invoke "com.almasb.fxgl.app.scene.Viewport.xProperty()" because "this.viewport" is null
	at mario.main/com.pioneer10.model.LivNettuno.onUpdate(LivNettuno.java:104)
	at com.almasb.fxgl.all@17+dev-SNAPSHOT/com.almasb.fxgl.app.FXGLApplication$GameApplicationService.onGameUpdate(FXGLApplication.kt:421)
	at com.almasb.fxgl.all@17+dev-SNAPSHOT/com.almasb.fxgl.app.Engine.onGameUpdate(Engine.kt:138)
	at com.almasb.fxgl.all@17+dev-SNAPSHOT/com.almasb.fxgl.app.FXGLApplication.postServicesInit$lambda-7(FXGLApplication.kt:182)
	at com.almasb.fxgl.scene@17+dev-SNAPSHOT/com.almasb.fxgl.scene.Scene.update(Scene.kt:113)
	at com.almasb.fxgl.all@17+dev-SNAPSHOT/com.almasb.fxgl.app.MainWindow$update$1.invoke(MainWindow.kt:115)
	at com.almasb.fxgl.all@17+dev-SNAPSHOT/com.almasb.fxgl.app.MainWindow$update$1.invoke(MainWindow.kt:115)
	at com.almasb.fxgl.core@17+dev-SNAPSHOT/com.almasb.fxgl.core.fsm.StateMachine.runOnActiveStates(StateMachine.kt:69)
	at com.almasb.fxgl.all@17+dev-SNAPSHOT/com.almasb.fxgl.app.MainWindow.update(MainWindow.kt:115)
	at com.almasb.fxgl.all@17+dev-SNAPSHOT/com.almasb.fxgl.app.FXGLApplication$GameApplicationService.onUpdate(FXGLApplication.kt:426)
	at com.almasb.fxgl.all@17+dev-SNAPSHOT/com.almasb.fxgl.app.Engine.loop(Engine.kt:134)
	at com.almasb.fxgl.all@17+dev-SNAPSHOT/com.almasb.fxgl.app.Engine.access$loop(Engine.kt:24)
	at com.almasb.fxgl.all@17+dev-SNAPSHOT/com.almasb.fxgl.app.Engine$loop$1.invoke(Engine.kt:28)
	at com.almasb.fxgl.all@17+dev-SNAPSHOT/com.almasb.fxgl.app.Engine$loop$1.invoke(Engine.kt:28)
	at com.almasb.fxgl.all@17+dev-SNAPSHOT/com.almasb.fxgl.app.LoopRunner.frame(LoopRunner.kt:103)
	at com.almasb.fxgl.all@17+dev-SNAPSHOT/com.almasb.fxgl.app.LoopRunner.access$frame(LoopRunner.kt:23)
	at com.almasb.fxgl.all@17+dev-SNAPSHOT/com.almasb.fxgl.app.LoopRunner$impl$2$1.onTick(LoopRunner.kt:57)
	at com.almasb.fxgl.all@17+dev-SNAPSHOT/com.almasb.fxgl.app.AnimationTimerLoop$timer$1.handle(LoopRunner.kt:137)
	at javafx.graphics@18/javafx.animation.AnimationTimer$AnimationTimerReceiver.lambda$handle$0(AnimationTimer.java:58)
	at java.base/java.security.AccessController.doPrivileged(AccessController.java:399)
	at javafx.graphics@18/javafx.animation.AnimationTimer$AnimationTimerReceiver.handle(AnimationTimer.java:57)
	at javafx.graphics@18/com.sun.scenario.animation.AbstractPrimaryTimer.timePulseImpl(AbstractPrimaryTimer.java:356)
	at javafx.graphics@18/com.sun.scenario.animation.AbstractPrimaryTimer$MainLoop.run(AbstractPrimaryTimer.java:266)
	at javafx.graphics@18/com.sun.javafx.tk.quantum.QuantumToolkit.pulse(QuantumToolkit.java:571)
	at javafx.graphics@18/com.sun.javafx.tk.quantum.QuantumToolkit.pulse(QuantumToolkit.java:555)
	at javafx.graphics@18/com.sun.javafx.tk.quantum.QuantumToolkit.pulseFromQueue(QuantumToolkit.java:548)
	at javafx.graphics@18/com.sun.javafx.tk.quantum.QuantumToolkit.lambda$runToolkit$11(QuantumToolkit.java:352)
	at javafx.graphics@18/com.sun.glass.ui.InvokeLaterDispatcher$Future.run(InvokeLaterDispatcher.java:96)
	at javafx.graphics@18/com.sun.glass.ui.win.WinApplication._runLoop(Native Method)
	at javafx.graphics@18/com.sun.glass.ui.win.WinApplication.lambda$runLoop$3(WinApplication.java:184)
	at java.base/java.lang.Thread.run(Thread.java:833)

11:30:19.675 [JavaFX Application Thread] FATAL FXGLApplication      - Application will now exit
11:30:19.690 [JavaFX Application Thread] DEBUG PrimaryStageWindow   - Push state: ErrorSubScene
11:30:19.690 [JavaFX Application Thread] DEBUG Input                - Clearing active input actions
11:30:19.693 [JavaFX Application Thread] DEBUG GameApplicationServi - Removing overlay from GameScene and adding to ErrorSubScene
11:30:19.693 [JavaFX Application Thread] DEBUG PrimaryStageWindow   - GameScene -> ErrorSubScene
11:30:19.759 [FXGL Background Thread 2 ] INFO  UpdaterService       - Your current version:  17+dev-SNAPSHOT
11:30:19.759 [FXGL Background Thread 2 ] INFO  UpdaterService       - Latest stable version: 17.1
11:30:22.046 [JavaFX Application Thread] DEBUG FXGLApplication      - Exiting FXGL
11:30:22.046 [JavaFX Application Thread] DEBUG Async                - Shutting down background threads
11:30:22.046 [JavaFX Application Thread] DEBUG PrimaryStageWindow   - Closing main window
11:30:22.052 [JavaFX Application Thread] DEBUG Logger               - Closing Logger
