11:35:09.605 [main                     ] DEBUG Logger               - Configured Logger
11:35:09.683 [main                     ] DEBUG GameApplication      - Logging settings
Title: Pioneer-10
Terra
Version: 0.0
Width: 1200
Height: 640
Fullscreen: false
Intro: false
Profiling: false
Single step:false
App Mode: DEVELOPER
Menu Key: ESCAPE
Stage Style: DECORATED
Scene Factory: class com.almasb.fxgl.app.scene.SceneFactory

11:35:10.420 [JavaFX Application Thread] DEBUG FXGLApplication      - Initializing FXGL
11:35:10.437 [JavaFX Application Thread] INFO  Engine               - FXGL-17+dev-SNAPSHOT (22.04.2022 11.52) on WINDOWS (J:17 FX:18)
11:35:10.438 [JavaFX Application Thread] DEBUG Engine               - JRE Vendor Name: Oracle Corporation
11:35:10.439 [JavaFX Application Thread] DEBUG Engine               - Running on OS: Windows 10 version 10.0
11:35:10.439 [JavaFX Application Thread] DEBUG Engine               - Architecture: amd64
11:35:10.440 [JavaFX Application Thread] INFO  Engine               - Source code and latest versions at: https://github.com/AlmasB/FXGL
11:35:10.440 [JavaFX Application Thread] INFO  Engine               -       Ask questions and discuss at: https://github.com/AlmasB/FXGL/discussions
11:35:10.440 [JavaFX Application Thread] INFO  Engine               -              Join the FXGL chat at: https://gitter.im/AlmasB/FXGL
11:35:10.615 [JavaFX Application Thread] DEBUG PrimaryStageWindow   - Creating a JavaFX scene
11:35:10.701 [JavaFX Application Thread] DEBUG PrimaryStageWindow   - Target settings size: 1200.0 x 640.0
11:35:10.702 [JavaFX Application Thread] DEBUG PrimaryStageWindow   - Scaled scene size:    1200.0 x 640.0
11:35:10.702 [JavaFX Application Thread] DEBUG PrimaryStageWindow   - Scaled ratio: (1.0, 1.0)
11:35:10.705 [JavaFX Application Thread] DEBUG PrimaryStageWindow   - Set initial scene to FXGLStartupScene
11:35:10.723 [JavaFX Application Thread] DEBUG PrimaryStageWindow   - Opening main window
11:35:10.905 [JavaFX Application Thread] DEBUG PrimaryStageWindow   - Window border size: (14.4000244140625, 37.5999755859375)
11:35:10.907 [JavaFX Application Thread] DEBUG PrimaryStageWindow   - Scaled size: 1200.0 x 640.0
11:35:10.908 [JavaFX Application Thread] DEBUG PrimaryStageWindow   - Scaled ratio: (1.0, 1.0)
11:35:10.909 [JavaFX Application Thread] DEBUG PrimaryStageWindow   - Scene size: 1200.0 x 640.0
11:35:10.910 [JavaFX Application Thread] DEBUG PrimaryStageWindow   - Stage size: 1214.4000244140625 x 677.5999755859375
11:35:10.938 [FXGL Background Thread 1 ] DEBUG Engine               - Initializing environment variables
11:35:11.040 [FXGL Background Thread 1 ] DEBUG FXGLAssetLoaderServi - User app class for loading assets: class com.pioneer10.model.LivTerra
11:35:11.041 [FXGL Background Thread 1 ] DEBUG GameApplicationServi - Applying CSS: fxgl_dark.css
11:35:11.043 [FXGL Background Thread 1 ] DEBUG FXGLAssetLoaderServi - Loading from file system: jar:file:///C:/Users/mattu/.m2/repository/com/github/almasb/fxgl/17+dev-SNAPSHOT/fxgl-17+dev-20220422.115207-44.jar!/fxglassets/ui/css/fxgl_dark.css
11:35:11.173 [FXGL Background Thread 1 ] DEBUG GameApplicationServi - Initializing application scenes
11:35:11.276 [FXGL Background Thread 1 ] DEBUG GameWorld            - Game world initialized
11:35:11.406 [FXGL Background Thread 1 ] DEBUG PhysicsWorld         - Physics world initialized: appHeight=640, physics.ppm=50,0
11:35:11.407 [FXGL Background Thread 1 ] DEBUG PhysicsWorld         - Using strategy: BRUTE_FORCE
11:35:11.420 [FXGL Background Thread 1 ] DEBUG GameScene            - Game scene initialized: 1200x640
11:35:11.454 [FXGL Background Thread 1 ] DEBUG FXGL.DefaultMenu     - createMenuBodyGameMenu()
11:35:11.489 [FXGL Background Thread 1 ] DEBUG FXGL.DefaultMenu     - createOptionsMenu()
11:35:11.515 [FXGL Background Thread 1 ] DEBUG FXGLAssetLoaderServi - Loading from file system: jar:file:///C:/Users/mattu/.m2/repository/com/github/almasb/fxgl/17+dev-SNAPSHOT/fxgl-17+dev-20220422.115207-44.jar!/fxglassets/textures/particles/smoke.png
11:35:11.672 [FXGL Background Thread 1 ] DEBUG FXGLAssetLoaderServi - Loading from file system: jar:file:///C:/Users/mattu/.m2/repository/com/github/almasb/fxgl/17+dev-SNAPSHOT/fxgl-17+dev-20220422.115207-44.jar!/fxglassets/textures/particles/trace_horizontal.png
11:35:11.730 [FXGL Background Thread 1 ] DEBUG GameApplicationServi - Application scenes initialized
11:35:11.754 [FXGL Background Thread 1 ] DEBUG SystemBundleService  - Loading FXGL system data
11:35:11.764 [FXGL Background Thread 1 ] DEBUG FileSystemAccess     - Reading from: D:\FERMI-FEDE\4BIF_2021-2022\Informatica\gioco\system\fxgl.bundle
11:35:11.775 [FXGL Background Thread 1 ] DEBUG SystemBundleService  - Bundle FXGL: {}
11:35:11.775 [FXGL Background Thread 1 ] DEBUG UpdaterService       - Checking for updates
11:35:11.786 [FXGL Background Thread 4 ] DEBUG FXGLApplication      - Loading fonts
11:35:11.787 [FXGL Background Thread 1 ] DEBUG FXGLApplication      - Loading default localization
11:35:11.787 [FXGL Background Thread 4 ] DEBUG FXGLAssetLoaderServi - Loading from file system: jar:file:///C:/Users/mattu/.m2/repository/com/github/almasb/fxgl/17+dev-SNAPSHOT/fxgl-17+dev-20220422.115207-44.jar!/fxglassets/ui/fonts/VarelaRound-Regular.ttf
11:35:11.788 [FXGL Background Thread 1 ] DEBUG FXGLAssetLoaderServi - Loading from file system: jar:file:///C:/Users/mattu/.m2/repository/com/github/almasb/fxgl/17+dev-SNAPSHOT/fxgl-17+dev-20220422.115207-44.jar!/fxglassets/languages/english.lang
11:35:11.831 [FXGL Background Thread 1 ] INFO  FXGLApplication      - FXGL initialization took: 0,891 sec
11:35:11.854 [JavaFX Application Thread] DEBUG Input                - Registered new binding: Left - A
11:35:11.855 [JavaFX Application Thread] DEBUG Input                - Registered new binding: Right - D
11:35:11.856 [JavaFX Application Thread] DEBUG Input                - Registered new binding: Jump - Space
11:35:11.857 [JavaFX Application Thread] DEBUG FXGLAssetLoaderServi - Loading from file system: file:/D:/FERMI-FEDE/4BIF_2021-2022/Informatica/gioco/target/classes/assets/music/Minecraft.mp3
11:35:11.931 [FXGL Background Thread 4 ] DEBUG FXGLAssetLoaderServi - Loading from file system: jar:file:///C:/Users/mattu/.m2/repository/com/github/almasb/fxgl/17+dev-SNAPSHOT/fxgl-17+dev-20220422.115207-44.jar!/fxglassets/ui/fonts/Abel-Regular.ttf
11:35:11.938 [FXGL Background Thread 4 ] DEBUG FXGLAssetLoaderServi - Loading from file system: jar:file:///C:/Users/mattu/.m2/repository/com/github/almasb/fxgl/17+dev-SNAPSHOT/fxgl-17+dev-20220422.115207-44.jar!/fxglassets/ui/fonts/TerminalLandMono-Regular.otf
11:35:11.947 [FXGL Background Thread 4 ] DEBUG FXGLAssetLoaderServi - Loading from file system: jar:file:///C:/Users/mattu/.m2/repository/com/github/almasb/fxgl/17+dev-SNAPSHOT/fxgl-17+dev-20220422.115207-44.jar!/fxglassets/ui/fonts/Courier-Prime.ttf
11:35:12.143 [JavaFX Application Thread] DEBUG AudioPlayer          - Playing music com.almasb.fxgl.audio.Music@6ee0746d
11:35:12.144 [JavaFX Application Thread] DEBUG FXGLAssetLoaderServi - Loading from file system: jar:file:///C:/Users/mattu/.m2/repository/com/github/almasb/fxgl/17+dev-SNAPSHOT/fxgl-17+dev-20220422.115207-44.jar!/fxglassets/textures/fxgl_icon.png
11:35:12.181 [JavaFX Application Thread] DEBUG FXGLAssetLoaderServi - Loading from file system: jar:file:///C:/Users/mattu/.m2/repository/com/github/almasb/fxgl/17+dev-SNAPSHOT/fxgl-17+dev-20220422.115207-44.jar!/fxglassets/textures/fxgl_default_cursor.png
11:35:12.186 [JavaFX Application Thread] DEBUG Input                - Registered new binding: Screenshot - CTRL+8
11:35:12.187 [JavaFX Application Thread] DEBUG Input                - Registered new binding: System info dump - CTRL+9
11:35:12.189 [JavaFX Application Thread] DEBUG Input                - Registered new binding: Restart - CTRL+R
11:35:12.190 [JavaFX Application Thread] DEBUG Input                - Registered new binding: Toggle Debug Camera - CTRL+7
11:35:12.193 [JavaFX Application Thread] DEBUG LoopRunner           - Starting loop
11:35:12.193 [JavaFX Application Thread] DEBUG LoopRunner           - Initializing JavaFX AnimationTimerLoop
11:35:12.195 [JavaFX Application Thread] DEBUG GameApplicationServi - Starting new game
11:35:12.197 [JavaFX Application Thread] DEBUG Input                - Clearing active input actions
11:35:12.231 [JavaFX Application Thread] DEBUG GameApplicationServi - Removing overlay from FXGLStartupScene and adding to FXGLLoadingScene
11:35:12.232 [JavaFX Application Thread] DEBUG PrimaryStageWindow   - FXGLStartupScene -> FXGLLoadingScene
11:35:12.233 [JavaFX Application Thread] DEBUG GameApplicationServi - Clearing previous game
11:35:12.233 [JavaFX Application Thread] DEBUG GameScene            - Clearing game scene
11:35:12.233 [JavaFX Application Thread] DEBUG GameWorld            - Clearing game world
11:35:12.233 [JavaFX Application Thread] DEBUG PhysicsWorld         - Clearing physics world
11:35:12.237 [FXGL Background Thread 4 ] DEBUG FXGLApplication      - Initializing game
11:35:12.240 [JavaFX Application Thread] DEBUG FXGLApplication      - Registering font factories with UI factory
11:35:12.305 [FXGL Background Thread 4 ] WARN  TMXLevelLoader       - TiledMap generated from 1.8.4. Supported version: 1.4.2. Some features may not be parsed fully.
11:35:12.368 [FXGL Background Thread 4 ] DEBUG TMXLevelLoader       - Parsed TiledMap: file:/D:/FERMI-FEDE/4BIF_2021-2022/Informatica/gioco/target/classes/assets/levels/Terra/MappaTerra.tmx
11:35:12.369 [FXGL Background Thread 4 ] DEBUG TMXLevelLoader       - Creating tile layer entities
11:35:12.373 [FXGL Background Thread 4 ] DEBUG TilesetLoader        - Loading view for layer Livello tile 1
11:35:12.382 [FXGL Background Thread 4 ] DEBUG TilesetLoader        - Created buffer with size 4800.0x640.0
11:35:12.464 [FXGL Background Thread 4 ] WARN  TilesetLoader        - Diagonally flipped tiles are not currently supported
11:35:12.485 [FXGL Background Thread 4 ] WARN  TilesetLoader        - Diagonally flipped tiles are not currently supported
11:35:12.486 [FXGL Background Thread 4 ] WARN  TilesetLoader        - Diagonally flipped tiles are not currently supported
11:35:12.562 [FXGL Background Thread 4 ] WARN  TilesetLoader        - Diagonally flipped tiles are not currently supported
11:35:12.579 [FXGL Background Thread 4 ] WARN  TilesetLoader        - Diagonally flipped tiles are not currently supported
11:35:12.583 [FXGL Background Thread 4 ] DEBUG TilesetLoader        - Loading view for layer Livello tile 2
11:35:12.593 [FXGL Background Thread 4 ] DEBUG TilesetLoader        - Created buffer with size 4800.0x640.0
11:35:12.597 [FXGL Background Thread 4 ] DEBUG TilesetLoader        - Loading view for layer Livello tile 3
11:35:12.607 [FXGL Background Thread 4 ] DEBUG TilesetLoader        - Created buffer with size 4800.0x640.0
11:35:12.608 [FXGL Background Thread 4 ] DEBUG TMXLevelLoader       - Creating object layer entities
11:35:12.835 [FXGL Background Thread 4 ] DEBUG GameWorld            - Clearing removable entities
11:35:12.837 [FXGL Background Thread 4 ] DEBUG GameWorld            - Setting level: com.almasb.fxgl.entity.level.Level@22cd13cf
11:35:12.949 [JavaFX Application Thread] DEBUG LoopRunner           - Stopping loop
11:35:12.953 [JavaFX Application Thread] FATAL FXGLApplication      - Uncaught Exception:
java.lang.RuntimeException: Initialization failed
	at com.almasb.fxgl.all@17+dev-SNAPSHOT/com.almasb.fxgl.app.FXGLApplication$InitAppTask.failed(FXGLApplication.kt:343)
	at javafx.graphics@18/javafx.concurrent.Task.setState(Task.java:710)
	at javafx.graphics@18/javafx.concurrent.Task$TaskCallable.lambda$call$2(Task.java:1456)
	at javafx.graphics@18/com.sun.javafx.application.PlatformImpl.lambda$runLater$10(PlatformImpl.java:457)
	at java.base/java.security.AccessController.doPrivileged(AccessController.java:399)
	at javafx.graphics@18/com.sun.javafx.application.PlatformImpl.lambda$runLater$11(PlatformImpl.java:456)
	at javafx.graphics@18/com.sun.glass.ui.InvokeLaterDispatcher$Future.run(InvokeLaterDispatcher.java:96)
	at javafx.graphics@18/com.sun.glass.ui.win.WinApplication._runLoop(Native Method)
	at javafx.graphics@18/com.sun.glass.ui.win.WinApplication.lambda$runLoop$3(WinApplication.java:184)
	at java.base/java.lang.Thread.run(Thread.java:833)
Caused by: java.lang.RuntimeException: A bound value cannot be set.
	at javafx.base@18/javafx.beans.property.DoublePropertyBase.set(DoublePropertyBase.java:144)
	at mario.main/com.pioneer10.model.LivTerra.initGame(LivTerra.java:54)
	at com.almasb.fxgl.all@17+dev-SNAPSHOT/com.almasb.fxgl.app.FXGLApplication$InitAppTask.initGame(FXGLApplication.kt:339)
	at com.almasb.fxgl.all@17+dev-SNAPSHOT/com.almasb.fxgl.app.FXGLApplication$InitAppTask.call(FXGLApplication.kt:319)
	at com.almasb.fxgl.all@17+dev-SNAPSHOT/com.almasb.fxgl.app.FXGLApplication$InitAppTask.call(FXGLApplication.kt:311)
	at javafx.graphics@18/javafx.concurrent.Task$TaskCallable.call(Task.java:1426)
	at java.base/java.util.concurrent.FutureTask.run(FutureTask.java:264)
	at java.base/java.util.concurrent.Executors$RunnableAdapter.call(Executors.java:539)
	at java.base/java.util.concurrent.FutureTask.run(FutureTask.java:264)
	at java.base/java.util.concurrent.ThreadPoolExecutor.runWorker(ThreadPoolExecutor.java:1136)
	at java.base/java.util.concurrent.ThreadPoolExecutor$Worker.run(ThreadPoolExecutor.java:635)
	... 1 more

11:35:12.954 [JavaFX Application Thread] FATAL FXGLApplication      - Application will now exit
11:35:12.992 [JavaFX Application Thread] DEBUG PrimaryStageWindow   - Push state: ErrorSubScene
11:35:12.993 [JavaFX Application Thread] DEBUG Input                - Clearing active input actions
11:35:13.002 [JavaFX Application Thread] DEBUG GameApplicationServi - Removing overlay from FXGLLoadingScene and adding to ErrorSubScene
11:35:13.004 [JavaFX Application Thread] DEBUG PrimaryStageWindow   - FXGLLoadingScene -> ErrorSubScene
11:35:13.659 [FXGL Background Thread 2 ] INFO  UpdaterService       - Your current version:  17+dev-SNAPSHOT
11:35:13.660 [FXGL Background Thread 2 ] INFO  UpdaterService       - Latest stable version: 17.1
11:35:14.783 [FXGL Background Thread 3 ] DEBUG Engine               - Logging environment variables
11:35:14.785 [FXGL Background Thread 3 ] DEBUG Engine               - achievements: []
11:35:14.785 [FXGL Background Thread 3 ] DEBUG Engine               - actualHeight: 640.0
11:35:14.786 [FXGL Background Thread 3 ] DEBUG Engine               - actualHeightProperty: ReadOnlyDoubleProperty [value: 640.0]
11:35:14.786 [FXGL Background Thread 3 ] DEBUG Engine               - actualWidth: 1200.0
11:35:14.786 [FXGL Background Thread 3 ] DEBUG Engine               - actualWidthProperty: ReadOnlyDoubleProperty [value: 1200.0]
11:35:14.787 [FXGL Background Thread 3 ] DEBUG Engine               - appIcon: fxgl_icon.png
11:35:14.787 [FXGL Background Thread 3 ] DEBUG Engine               - applicationMode: DEVELOPER
11:35:14.787 [FXGL Background Thread 3 ] DEBUG Engine               - cSSList: [fxgl_dark.css]
11:35:14.787 [FXGL Background Thread 3 ] DEBUG Engine               - collisionDetectionStrategy: BRUTE_FORCE
11:35:14.788 [FXGL Background Thread 3 ] DEBUG Engine               - configClass: Optional.empty
11:35:14.788 [FXGL Background Thread 3 ] DEBUG Engine               - credits: []
11:35:14.789 [FXGL Background Thread 3 ] DEBUG Engine               - defaultCursor: CursorInfo(imageName=fxgl_default_cursor.png, hotspotX=7.0, hotspotY=6.0)
11:35:14.790 [FXGL Background Thread 3 ] DEBUG Engine               - devBBoxColorProperty: ObjectProperty [value: 0xff0000ff]
11:35:14.790 [FXGL Background Thread 3 ] DEBUG Engine               - devEnableDebugCameraProperty: BooleanProperty [value: false]
11:35:14.790 [FXGL Background Thread 3 ] DEBUG Engine               - devSensorColorProperty: ObjectProperty [value: 0xffff00ff]
11:35:14.791 [FXGL Background Thread 3 ] DEBUG Engine               - devShowBBoxProperty: BooleanProperty [value: false]
11:35:14.791 [FXGL Background Thread 3 ] DEBUG Engine               - devShowPositionProperty: BooleanProperty [value: false]
11:35:14.791 [FXGL Background Thread 3 ] DEBUG Engine               - enabledMenuItems: []
11:35:14.792 [FXGL Background Thread 3 ] DEBUG Engine               - engineServices: [class com.almasb.fxgl.app.services.FXGLAssetLoaderService, class com.almasb.fxgl.app.FXGLApplication$GameApplicationService, class com.almasb.fxgl.app.services.FXGLDialogService, class com.almasb.fxgl.app.services.IOTaskExecutorService, class com.almasb.fxgl.io.FileSystemService, class com.almasb.fxgl.localization.LocalizationService, class com.almasb.fxgl.app.services.SystemBundleService, class com.almasb.fxgl.profile.SaveLoadService, class com.almasb.fxgl.ui.FXGLUIFactoryServiceProvider, class com.almasb.fxgl.ui.FXGLDialogFactoryServiceProvider, class com.almasb.fxgl.audio.AudioPlayer, class com.almasb.fxgl.notification.impl.NotificationServiceProvider, class com.almasb.fxgl.achievement.AchievementService, class com.almasb.fxgl.cutscene.CutsceneService, class com.almasb.fxgl.minigames.MiniGameService, class com.almasb.fxgl.net.NetService, class com.almasb.fxgl.app.services.UpdaterService, class com.almasb.fxgl.dev.DevService]
11:35:14.792 [FXGL Background Thread 3 ] DEBUG Engine               - fontGame: Abel-Regular.ttf
11:35:14.792 [FXGL Background Thread 3 ] DEBUG Engine               - fontMono: TerminalLandMono-Regular.otf
11:35:14.792 [FXGL Background Thread 3 ] DEBUG Engine               - fontText: Courier-Prime.ttf
11:35:14.792 [FXGL Background Thread 3 ] DEBUG Engine               - fontUI: VarelaRound-Regular.ttf
11:35:14.792 [FXGL Background Thread 3 ] DEBUG Engine               - fullScreen: BooleanProperty [value: false]
11:35:14.793 [FXGL Background Thread 3 ] DEBUG Engine               - gameDifficulty: MEDIUM
11:35:14.793 [FXGL Background Thread 3 ] DEBUG Engine               - gameDifficultyProperty: ObjectProperty [value: MEDIUM]
11:35:14.793 [FXGL Background Thread 3 ] DEBUG Engine               - globalMusicVolume: 0.5
11:35:14.793 [FXGL Background Thread 3 ] DEBUG Engine               - globalMusicVolumeProperty: DoubleProperty [value: 0.25]
11:35:14.793 [FXGL Background Thread 3 ] DEBUG Engine               - globalSoundVolume: 0.5
11:35:14.794 [FXGL Background Thread 3 ] DEBUG Engine               - globalSoundVolumeProperty: DoubleProperty [value: 0.5]
11:35:14.794 [FXGL Background Thread 3 ] DEBUG Engine               - height: 640
11:35:14.794 [FXGL Background Thread 3 ] DEBUG Engine               - is3D: false
11:35:14.794 [FXGL Background Thread 3 ] DEBUG Engine               - isAndroid: false
11:35:14.794 [FXGL Background Thread 3 ] DEBUG Engine               - isBrowser: false
11:35:14.794 [FXGL Background Thread 3 ] DEBUG Engine               - isClickFeedbackEnabled: false
11:35:14.794 [FXGL Background Thread 3 ] DEBUG Engine               - isCloseConfirmation: false
11:35:14.795 [FXGL Background Thread 3 ] DEBUG Engine               - isDesktop: true
11:35:14.795 [FXGL Background Thread 3 ] DEBUG Engine               - isDeveloperMenuEnabled: false
11:35:14.795 [FXGL Background Thread 3 ] DEBUG Engine               - isEmbedded: false
11:35:14.795 [FXGL Background Thread 3 ] DEBUG Engine               - isEntityPreloadEnabled: true
11:35:14.795 [FXGL Background Thread 3 ] DEBUG Engine               - isExperimentalTiledLargeMap: false
11:35:14.795 [FXGL Background Thread 3 ] DEBUG Engine               - isFileSystemWriteAllowed: true
11:35:14.796 [FXGL Background Thread 3 ] DEBUG Engine               - isFullScreenAllowed: false
11:35:14.796 [FXGL Background Thread 3 ] DEBUG Engine               - isFullScreenFromStart: false
11:35:14.796 [FXGL Background Thread 3 ] DEBUG Engine               - isGameMenuEnabled: true
11:35:14.796 [FXGL Background Thread 3 ] DEBUG Engine               - isIOS: false
11:35:14.797 [FXGL Background Thread 3 ] DEBUG Engine               - isIntroEnabled: false
11:35:14.797 [FXGL Background Thread 3 ] DEBUG Engine               - isLinux: false
11:35:14.797 [FXGL Background Thread 3 ] DEBUG Engine               - isMac: false
11:35:14.797 [FXGL Background Thread 3 ] DEBUG Engine               - isMainMenuEnabled: false
11:35:14.797 [FXGL Background Thread 3 ] DEBUG Engine               - isManualResizeEnabled: false
11:35:14.797 [FXGL Background Thread 3 ] DEBUG Engine               - isMobile: false
11:35:14.798 [FXGL Background Thread 3 ] DEBUG Engine               - isNative: false
11:35:14.798 [FXGL Background Thread 3 ] DEBUG Engine               - isPauseMusicWhenMinimized: true
11:35:14.798 [FXGL Background Thread 3 ] DEBUG Engine               - isPreserveResizeRatio: false
11:35:14.798 [FXGL Background Thread 3 ] DEBUG Engine               - isProfilingEnabled: false
11:35:14.798 [FXGL Background Thread 3 ] DEBUG Engine               - isScaleAffectedOnResize: true
11:35:14.798 [FXGL Background Thread 3 ] DEBUG Engine               - isSingleStep: false
11:35:14.799 [FXGL Background Thread 3 ] DEBUG Engine               - isUserProfileEnabled: false
11:35:14.799 [FXGL Background Thread 3 ] DEBUG Engine               - isWindows: true
11:35:14.799 [FXGL Background Thread 3 ] DEBUG Engine               - language: ObjectProperty [value: ENGLISH]
11:35:14.799 [FXGL Background Thread 3 ] DEBUG Engine               - menuKey: ESCAPE
11:35:14.799 [FXGL Background Thread 3 ] DEBUG Engine               - mouseSensitivity: 0.2
11:35:14.800 [FXGL Background Thread 3 ] DEBUG Engine               - notificationViewClass: class com.almasb.fxgl.notification.view.XboxNotificationView
11:35:14.800 [FXGL Background Thread 3 ] DEBUG Engine               - pixelsPerMeter: 50.0
11:35:14.800 [FXGL Background Thread 3 ] DEBUG Engine               - platform: WINDOWS
11:35:14.801 [FXGL Background Thread 3 ] DEBUG Engine               - prefHeightProperty: ReadOnlyDoubleProperty [value: 640.0]
11:35:14.801 [FXGL Background Thread 3 ] DEBUG Engine               - prefWidthProperty: ReadOnlyDoubleProperty [value: 1200.0]
11:35:14.801 [FXGL Background Thread 3 ] DEBUG Engine               - profileDir: profiles/
11:35:14.801 [FXGL Background Thread 3 ] DEBUG Engine               - profileName: StringProperty [value: DEFAULT]
11:35:14.801 [FXGL Background Thread 3 ] DEBUG Engine               - randomSeed: -1
11:35:14.802 [FXGL Background Thread 3 ] DEBUG Engine               - runtimeInfo: RuntimeInfo(platform=WINDOWS, version=17+dev-SNAPSHOT, build=22.04.2022 11.52)
11:35:14.803 [FXGL Background Thread 3 ] DEBUG Engine               - saveFileExt: sav
11:35:14.803 [FXGL Background Thread 3 ] DEBUG Engine               - scaledHeightProp$fxgl: DoubleProperty [bound, value: 640.0]
11:35:14.803 [FXGL Background Thread 3 ] DEBUG Engine               - scaledWidthProp$fxgl: DoubleProperty [bound, value: 1200.0]
11:35:14.803 [FXGL Background Thread 3 ] DEBUG Engine               - sceneFactory: com.almasb.fxgl.app.scene.SceneFactory@bea94e6
11:35:14.803 [FXGL Background Thread 3 ] DEBUG Engine               - secondsIn24h: 60
11:35:14.803 [FXGL Background Thread 3 ] DEBUG Engine               - soundMenuBack: menu/back.wav
11:35:14.804 [FXGL Background Thread 3 ] DEBUG Engine               - soundMenuPress: menu/press.wav
11:35:14.804 [FXGL Background Thread 3 ] DEBUG Engine               - soundMenuSelect: menu/select.wav
11:35:14.804 [FXGL Background Thread 3 ] DEBUG Engine               - soundNotification: core/notification.wav
11:35:14.804 [FXGL Background Thread 3 ] DEBUG Engine               - stageStyle: DECORATED
11:35:14.804 [FXGL Background Thread 3 ] DEBUG Engine               - supportedLanguages: [ENGLISH, FRENCH, GERMAN, HUNGARIAN, RUSSIAN]
11:35:14.805 [FXGL Background Thread 3 ] DEBUG Engine               - ticksPerSecond: -1
11:35:14.805 [FXGL Background Thread 3 ] DEBUG Engine               - title: Pioneer-10
Terra
11:35:14.805 [FXGL Background Thread 3 ] DEBUG Engine               - urlGithub: https://github.com/AlmasB/FXGL
11:35:14.805 [FXGL Background Thread 3 ] DEBUG Engine               - urlLeaderboard: http://fxgl-top.herokuapp.com/
11:35:14.805 [FXGL Background Thread 3 ] DEBUG Engine               - urlPOM: https://raw.githubusercontent.com/AlmasB/FXGL/release/README.md
11:35:14.805 [FXGL Background Thread 3 ] DEBUG Engine               - userAppClass: class com.pioneer10.model.LivTerra
11:35:14.805 [FXGL Background Thread 3 ] DEBUG Engine               - version: 0.0
11:35:14.805 [FXGL Background Thread 3 ] DEBUG Engine               - versionCheckDays: 7
11:35:14.805 [FXGL Background Thread 3 ] DEBUG Engine               - width: 1200
11:35:14.806 [FXGL Background Thread 3 ] DEBUG Engine               - Logging services
11:35:14.806 [FXGL Background Thread 3 ] DEBUG Engine               - class com.almasb.fxgl.app.services.FXGLAssetLoaderService
11:35:14.806 [FXGL Background Thread 3 ] DEBUG Engine               - class com.almasb.fxgl.app.FXGLApplication$GameApplicationService
11:35:14.806 [FXGL Background Thread 3 ] DEBUG Engine               - class com.almasb.fxgl.app.services.FXGLDialogService
11:35:14.806 [FXGL Background Thread 3 ] DEBUG Engine               - class com.almasb.fxgl.app.services.IOTaskExecutorService
11:35:14.806 [FXGL Background Thread 3 ] DEBUG Engine               - class com.almasb.fxgl.io.FileSystemService
11:35:14.806 [FXGL Background Thread 3 ] DEBUG Engine               - class com.almasb.fxgl.localization.LocalizationService
11:35:14.807 [FXGL Background Thread 3 ] DEBUG Engine               - class com.almasb.fxgl.app.services.SystemBundleService
11:35:14.807 [FXGL Background Thread 3 ] DEBUG Engine               - class com.almasb.fxgl.profile.SaveLoadService
11:35:14.807 [FXGL Background Thread 3 ] DEBUG Engine               - class com.almasb.fxgl.ui.FXGLUIFactoryServiceProvider
11:35:14.807 [FXGL Background Thread 3 ] DEBUG Engine               - class com.almasb.fxgl.ui.FXGLDialogFactoryServiceProvider
11:35:14.807 [FXGL Background Thread 3 ] DEBUG Engine               - class com.almasb.fxgl.audio.AudioPlayer
11:35:14.807 [FXGL Background Thread 3 ] DEBUG Engine               - class com.almasb.fxgl.notification.impl.NotificationServiceProvider
11:35:14.807 [FXGL Background Thread 3 ] DEBUG Engine               - class com.almasb.fxgl.achievement.AchievementService
11:35:14.807 [FXGL Background Thread 3 ] DEBUG Engine               - class com.almasb.fxgl.cutscene.CutsceneService
11:35:14.808 [FXGL Background Thread 3 ] DEBUG Engine               - class com.almasb.fxgl.minigames.MiniGameService
11:35:14.808 [FXGL Background Thread 3 ] DEBUG Engine               - class com.almasb.fxgl.net.NetService
11:35:14.808 [FXGL Background Thread 3 ] DEBUG Engine               - class com.almasb.fxgl.app.services.UpdaterService
11:35:14.808 [FXGL Background Thread 3 ] DEBUG Engine               - class com.almasb.fxgl.dev.DevService
11:35:15.344 [JavaFX Application Thread] DEBUG FXGLApplication      - Exiting FXGL
11:35:15.344 [JavaFX Application Thread] DEBUG Async                - Shutting down background threads
11:35:15.345 [JavaFX Application Thread] DEBUG PrimaryStageWindow   - Closing main window
11:35:15.369 [JavaFX Application Thread] DEBUG Logger               - Closing Logger
