19:12:45.118 [main                     ] DEBUG Logger               - Configured Logger
19:12:45.133 [main                     ] DEBUG GameApplication      - Logging settings
Title: Untitled
Version: 0.0
Width: 1200
Height: 640
Fullscreen: false
Intro: false
Profiling: false
Single step:false
App Mode: DEVELOPER
Menu Key: ESCAPE
Stage Style: DECORATED
Scene Factory: class com.almasb.fxgl.app.scene.SceneFactory

19:12:45.517 [JavaFX Application Thread] DEBUG FXGLApplication      - Initializing FXGL
19:12:45.520 [JavaFX Application Thread] INFO  Engine               - FXGL-17+dev-SNAPSHOT (22.04.2022 11.52) on WINDOWS (J:18.0.1 FX:18)
19:12:45.520 [JavaFX Application Thread] DEBUG Engine               - JRE Vendor Name: Oracle Corporation
19:12:45.520 [JavaFX Application Thread] DEBUG Engine               - Running on OS: Windows 10 version 10.0
19:12:45.520 [JavaFX Application Thread] DEBUG Engine               - Architecture: amd64
19:12:45.521 [JavaFX Application Thread] INFO  Engine               - Source code and latest versions at: https://github.com/AlmasB/FXGL
19:12:45.521 [JavaFX Application Thread] INFO  Engine               -       Ask questions and discuss at: https://github.com/AlmasB/FXGL/discussions
19:12:45.521 [JavaFX Application Thread] INFO  Engine               -              Join the FXGL chat at: https://gitter.im/AlmasB/FXGL
19:12:45.574 [JavaFX Application Thread] DEBUG PrimaryStageWindow   - Creating a JavaFX scene
19:12:45.600 [JavaFX Application Thread] DEBUG PrimaryStageWindow   - Target settings size: 1200.0 x 640.0
19:12:45.600 [JavaFX Application Thread] DEBUG PrimaryStageWindow   - Scaled scene size:    1200.0 x 640.0
19:12:45.600 [JavaFX Application Thread] DEBUG PrimaryStageWindow   - Scaled ratio: (1.0, 1.0)
19:12:45.601 [JavaFX Application Thread] DEBUG PrimaryStageWindow   - Set initial scene to FXGLStartupScene
19:12:45.605 [JavaFX Application Thread] DEBUG PrimaryStageWindow   - Opening main window
19:12:45.705 [JavaFX Application Thread] DEBUG PrimaryStageWindow   - Window border size: (16.0, 39.0)
19:12:45.705 [JavaFX Application Thread] DEBUG PrimaryStageWindow   - Scaled size: 1200.0 x 640.0
19:12:45.706 [JavaFX Application Thread] DEBUG PrimaryStageWindow   - Scaled ratio: (1.0, 1.0)
19:12:45.706 [JavaFX Application Thread] DEBUG PrimaryStageWindow   - Scene size: 1200.0 x 640.0
19:12:45.706 [JavaFX Application Thread] DEBUG PrimaryStageWindow   - Stage size: 1216.0 x 679.0
19:12:45.710 [FXGL Background Thread 1 ] DEBUG Engine               - Initializing environment variables
19:12:45.741 [FXGL Background Thread 1 ] DEBUG FXGLAssetLoaderServi - User app class for loading assets: class com.pioneer10.model.LivGiove
19:12:45.741 [FXGL Background Thread 1 ] DEBUG GameApplicationServi - Applying CSS: fxgl_dark.css
19:12:45.742 [FXGL Background Thread 1 ] DEBUG FXGLAssetLoaderServi - Loading from file system: jar:file:///C:/Users/mattu/.m2/repository/com/github/almasb/fxgl/17+dev-SNAPSHOT/fxgl-17+dev-20220422.115207-44.jar!/fxglassets/ui/css/fxgl_dark.css
19:12:45.774 [FXGL Background Thread 1 ] DEBUG GameApplicationServi - Initializing application scenes
19:12:45.803 [FXGL Background Thread 1 ] DEBUG GameWorld            - Game world initialized
19:12:45.844 [FXGL Background Thread 1 ] DEBUG PhysicsWorld         - Physics world initialized: appHeight=640, physics.ppm=50,0
19:12:45.844 [FXGL Background Thread 1 ] DEBUG PhysicsWorld         - Using strategy: BRUTE_FORCE
19:12:45.846 [FXGL Background Thread 1 ] DEBUG GameScene            - Game scene initialized: 1200x640
19:12:45.853 [FXGL Background Thread 1 ] DEBUG FXGL.DefaultMenu     - createMenuBodyGameMenu()
19:12:45.862 [FXGL Background Thread 1 ] DEBUG FXGL.DefaultMenu     - createOptionsMenu()
19:12:45.873 [FXGL Background Thread 1 ] DEBUG FXGLAssetLoaderServi - Loading from file system: jar:file:///C:/Users/mattu/.m2/repository/com/github/almasb/fxgl/17+dev-SNAPSHOT/fxgl-17+dev-20220422.115207-44.jar!/fxglassets/textures/particles/smoke.png
19:12:45.924 [FXGL Background Thread 1 ] DEBUG FXGLAssetLoaderServi - Loading from file system: jar:file:///C:/Users/mattu/.m2/repository/com/github/almasb/fxgl/17+dev-SNAPSHOT/fxgl-17+dev-20220422.115207-44.jar!/fxglassets/textures/particles/trace_horizontal.png
19:12:45.943 [FXGL Background Thread 1 ] DEBUG GameApplicationServi - Application scenes initialized
19:12:45.951 [FXGL Background Thread 1 ] DEBUG SystemBundleService  - Loading FXGL system data
19:12:45.953 [FXGL Background Thread 1 ] DEBUG FileSystemAccess     - Reading from: D:\FERMI-FEDE\4BIF_2021-2022\Informatica\Giochi\Pioneer-10\system\fxgl.bundle
19:12:45.959 [FXGL Background Thread 1 ] DEBUG SystemBundleService  - Bundle FXGL: {}
19:12:45.959 [FXGL Background Thread 1 ] DEBUG UpdaterService       - Checking for updates
19:12:45.962 [FXGL Background Thread 4 ] DEBUG FXGLApplication      - Loading fonts
19:12:45.962 [FXGL Background Thread 1 ] DEBUG FXGLApplication      - Loading default localization
19:12:45.962 [FXGL Background Thread 4 ] DEBUG FXGLAssetLoaderServi - Loading from file system: jar:file:///C:/Users/mattu/.m2/repository/com/github/almasb/fxgl/17+dev-SNAPSHOT/fxgl-17+dev-20220422.115207-44.jar!/fxglassets/ui/fonts/VarelaRound-Regular.ttf
19:12:45.962 [FXGL Background Thread 1 ] DEBUG FXGLAssetLoaderServi - Loading from file system: jar:file:///C:/Users/mattu/.m2/repository/com/github/almasb/fxgl/17+dev-SNAPSHOT/fxgl-17+dev-20220422.115207-44.jar!/fxglassets/languages/english.lang
19:12:45.974 [FXGL Background Thread 1 ] INFO  FXGLApplication      - FXGL initialization took: 0,263 sec
19:12:45.981 [JavaFX Application Thread] DEBUG Input                - Registered new binding: Left - A
19:12:45.981 [JavaFX Application Thread] DEBUG Input                - Registered new binding: Right - D
19:12:45.982 [JavaFX Application Thread] DEBUG Input                - Registered new binding: Jump - Space
19:12:45.982 [JavaFX Application Thread] DEBUG FXGLAssetLoaderServi - Loading from file system: jar:file:///C:/Users/mattu/.m2/repository/com/github/almasb/fxgl/17+dev-SNAPSHOT/fxgl-17+dev-20220422.115207-44.jar!/fxglassets/textures/fxgl_icon.png
19:12:45.995 [JavaFX Application Thread] DEBUG FXGLAssetLoaderServi - Loading from file system: jar:file:///C:/Users/mattu/.m2/repository/com/github/almasb/fxgl/17+dev-SNAPSHOT/fxgl-17+dev-20220422.115207-44.jar!/fxglassets/textures/fxgl_default_cursor.png
19:12:45.996 [JavaFX Application Thread] DEBUG Input                - Registered new binding: Screenshot - CTRL+8
19:12:45.996 [JavaFX Application Thread] DEBUG Input                - Registered new binding: System info dump - CTRL+9
19:12:45.996 [JavaFX Application Thread] DEBUG Input                - Registered new binding: Restart - CTRL+R
19:12:45.997 [JavaFX Application Thread] DEBUG Input                - Registered new binding: Toggle Debug Camera - CTRL+7
19:12:45.997 [FXGL Background Thread 4 ] DEBUG FXGLAssetLoaderServi - Loading from file system: jar:file:///C:/Users/mattu/.m2/repository/com/github/almasb/fxgl/17+dev-SNAPSHOT/fxgl-17+dev-20220422.115207-44.jar!/fxglassets/ui/fonts/Abel-Regular.ttf
19:12:45.998 [JavaFX Application Thread] DEBUG LoopRunner           - Starting loop
19:12:45.998 [JavaFX Application Thread] DEBUG LoopRunner           - Initializing JavaFX AnimationTimerLoop
19:12:45.999 [JavaFX Application Thread] DEBUG GameApplicationServi - Starting new game
19:12:45.999 [FXGL Background Thread 4 ] DEBUG FXGLAssetLoaderServi - Loading from file system: jar:file:///C:/Users/mattu/.m2/repository/com/github/almasb/fxgl/17+dev-SNAPSHOT/fxgl-17+dev-20220422.115207-44.jar!/fxglassets/ui/fonts/TerminalLandMono-Regular.otf
19:12:45.999 [JavaFX Application Thread] DEBUG Input                - Clearing active input actions
19:12:46.001 [FXGL Background Thread 4 ] DEBUG FXGLAssetLoaderServi - Loading from file system: jar:file:///C:/Users/mattu/.m2/repository/com/github/almasb/fxgl/17+dev-SNAPSHOT/fxgl-17+dev-20220422.115207-44.jar!/fxglassets/ui/fonts/Courier-Prime.ttf
19:12:46.006 [JavaFX Application Thread] DEBUG GameApplicationServi - Removing overlay from FXGLStartupScene and adding to FXGLLoadingScene
19:12:46.007 [JavaFX Application Thread] DEBUG PrimaryStageWindow   - FXGLStartupScene -> FXGLLoadingScene
19:12:46.007 [JavaFX Application Thread] DEBUG GameApplicationServi - Clearing previous game
19:12:46.007 [JavaFX Application Thread] DEBUG GameScene            - Clearing game scene
19:12:46.007 [JavaFX Application Thread] DEBUG GameWorld            - Clearing game world
19:12:46.007 [JavaFX Application Thread] DEBUG PhysicsWorld         - Clearing physics world
19:12:46.009 [JavaFX Application Thread] DEBUG FXGLApplication      - Registering font factories with UI factory
19:12:46.035 [FXGL Background Thread 4 ] WARN  TMXLevelLoader       - TiledMap generated from 1.8.4. Supported version: 1.4.2. Some features may not be parsed fully.
19:12:46.045 [FXGL Background Thread 4 ] DEBUG TMXLevelLoader       - Parsed TiledMap: file:/D:/FERMI-FEDE/4BIF_2021-2022/Informatica/Giochi/Pioneer-10/target/classes/assets/levels/Marte/Marte.tmx
19:12:46.046 [FXGL Background Thread 4 ] DEBUG TMXLevelLoader       - Creating tile layer entities
19:12:46.047 [FXGL Background Thread 4 ] DEBUG TilesetLoader        - Loading view for layer Livello tile 1
19:12:46.049 [FXGL Background Thread 4 ] DEBUG TilesetLoader        - Created buffer with size 2880.0x400.0
19:12:46.062 [FXGL Background Thread 4 ] DEBUG TMXLevelLoader       - Creating object layer entities
19:12:46.077 [FXGL Background Thread 4 ] WARN  TMXLevelLoader       - Parse error
java.lang.IllegalArgumentException: Key points has no associated value!
	at com.almasb.fxgl.entity@17+dev-SNAPSHOT/com.almasb.fxgl.entity.SpawnData.get(SpawnData.kt:35)
	at mario.main/com.pioneer10.model.PioneerFactory.newAngles(PioneerFactory.java:37)
	at java.base/jdk.internal.reflect.DirectMethodHandleAccessor.invoke(DirectMethodHandleAccessor.java:104)
	at java.base/java.lang.reflect.Method.invoke(Method.java:577)
	at com.almasb.fxgl.core@17+dev-SNAPSHOT/com.almasb.fxgl.core.reflect.ReflectionUtils.call(ReflectionUtils.java:104)
	at com.almasb.fxgl.core@17+dev-SNAPSHOT/com.almasb.fxgl.core.reflect.ReflectionUtils.lambda$mapToFunction$3(ReflectionUtils.java:111)
	at com.almasb.fxgl.entity@17+dev-SNAPSHOT/com.almasb.fxgl.entity.GameWorld$create$2.invoke(GameWorld.kt:430)
	at com.almasb.fxgl.entity@17+dev-SNAPSHOT/com.almasb.fxgl.entity.GameWorld$create$2.invoke(GameWorld.kt:430)
	at com.almasb.fxgl.core@17+dev-SNAPSHOT/com.almasb.fxgl.core.util.DSLKt.tryCatchRoot(DSL.kt:34)
	at com.almasb.fxgl.entity@17+dev-SNAPSHOT/com.almasb.fxgl.entity.GameWorld.create(GameWorld.kt:430)
	at com.almasb.fxgl.entity@17+dev-SNAPSHOT/com.almasb.fxgl.entity.level.tiled.TMXLevelLoader.createObjectLayerEntities(TMXLevelLoader.kt:154)
	at com.almasb.fxgl.entity@17+dev-SNAPSHOT/com.almasb.fxgl.entity.level.tiled.TMXLevelLoader.load(TMXLevelLoader.kt:60)
	at com.almasb.fxgl.all@17+dev-SNAPSHOT/com.almasb.fxgl.app.services.FXGLAssetLoaderService.loadLevel(FXGLAssetLoaderService.kt:446)
	at com.almasb.fxgl.all@17+dev-SNAPSHOT/com.almasb.fxgl.dsl.FXGL$Companion.setLevelFromMap(FXGL.kt:634)
	at com.almasb.fxgl.all@17+dev-SNAPSHOT/com.almasb.fxgl.dsl.FXGL.setLevelFromMap(FXGL.kt)
	at mario.main/com.pioneer10.model.LivGiove.initGame(LivGiove.java:23)
	at com.almasb.fxgl.all@17+dev-SNAPSHOT/com.almasb.fxgl.app.FXGLApplication$InitAppTask.initGame(FXGLApplication.kt:339)
	at com.almasb.fxgl.all@17+dev-SNAPSHOT/com.almasb.fxgl.app.FXGLApplication$InitAppTask.call(FXGLApplication.kt:319)
	at com.almasb.fxgl.all@17+dev-SNAPSHOT/com.almasb.fxgl.app.FXGLApplication$InitAppTask.call(FXGLApplication.kt:311)
	at javafx.graphics@18/javafx.concurrent.Task$TaskCallable.call(Task.java:1426)
	at java.base/java.util.concurrent.FutureTask.run(FutureTask.java:264)
	at java.base/java.util.concurrent.Executors$RunnableAdapter.call(Executors.java:539)
	at java.base/java.util.concurrent.FutureTask.run(FutureTask.java:264)
	at java.base/java.util.concurrent.ThreadPoolExecutor.runWorker(ThreadPoolExecutor.java:1136)
	at java.base/java.util.concurrent.ThreadPoolExecutor$Worker.run(ThreadPoolExecutor.java:635)
	at java.base/java.lang.Thread.run(Thread.java:833)

19:12:46.080 [JavaFX Application Thread] DEBUG LoopRunner           - Stopping loop
19:12:46.080 [JavaFX Application Thread] FATAL FXGLApplication      - Uncaught Exception:
java.lang.RuntimeException: Initialization failed
	at com.almasb.fxgl.all@17+dev-SNAPSHOT/com.almasb.fxgl.app.FXGLApplication$InitAppTask.failed(FXGLApplication.kt:343)
	at javafx.graphics@18/javafx.concurrent.Task.setState(Task.java:710)
	at javafx.graphics@18/javafx.concurrent.Task$TaskCallable.lambda$call$2(Task.java:1456)
	at javafx.graphics@18/com.sun.javafx.application.PlatformImpl.lambda$runLater$10(PlatformImpl.java:457)
	at java.base/java.security.AccessController.doPrivileged(AccessController.java:399)
	at javafx.graphics@18/com.sun.javafx.application.PlatformImpl.lambda$runLater$11(PlatformImpl.java:456)
	at javafx.graphics@18/com.sun.glass.ui.InvokeLaterDispatcher$Future.run(InvokeLaterDispatcher.java:96)
	at javafx.graphics@18/com.sun.glass.ui.win.WinApplication._runLoop(Native Method)
	at javafx.graphics@18/com.sun.glass.ui.win.WinApplication.lambda$runLoop$3(WinApplication.java:184)
	at java.base/java.lang.Thread.run(Thread.java:833)
Caused by: com.almasb.fxgl.entity.level.LevelLoadingException: Key points has no associated value!
	at com.almasb.fxgl.entity@17+dev-SNAPSHOT/com.almasb.fxgl.entity.level.tiled.TMXLevelLoader.load(TMXLevelLoader.kt:78)
	at com.almasb.fxgl.all@17+dev-SNAPSHOT/com.almasb.fxgl.app.services.FXGLAssetLoaderService.loadLevel(FXGLAssetLoaderService.kt:446)
	at com.almasb.fxgl.all@17+dev-SNAPSHOT/com.almasb.fxgl.dsl.FXGL$Companion.setLevelFromMap(FXGL.kt:634)
	at com.almasb.fxgl.all@17+dev-SNAPSHOT/com.almasb.fxgl.dsl.FXGL.setLevelFromMap(FXGL.kt)
	at mario.main/com.pioneer10.model.LivGiove.initGame(LivGiove.java:23)
	at com.almasb.fxgl.all@17+dev-SNAPSHOT/com.almasb.fxgl.app.FXGLApplication$InitAppTask.initGame(FXGLApplication.kt:339)
	at com.almasb.fxgl.all@17+dev-SNAPSHOT/com.almasb.fxgl.app.FXGLApplication$InitAppTask.call(FXGLApplication.kt:319)
	at com.almasb.fxgl.all@17+dev-SNAPSHOT/com.almasb.fxgl.app.FXGLApplication$InitAppTask.call(FXGLApplication.kt:311)
	at javafx.graphics@18/javafx.concurrent.Task$TaskCallable.call(Task.java:1426)
	at java.base/java.util.concurrent.FutureTask.run(FutureTask.java:264)
	at java.base/java.util.concurrent.Executors$RunnableAdapter.call(Executors.java:539)
	at java.base/java.util.concurrent.FutureTask.run(FutureTask.java:264)
	at java.base/java.util.concurrent.ThreadPoolExecutor.runWorker(ThreadPoolExecutor.java:1136)
	at java.base/java.util.concurrent.ThreadPoolExecutor$Worker.run(ThreadPoolExecutor.java:635)
	... 1 more
Caused by: java.lang.IllegalArgumentException: Key points has no associated value!
	at com.almasb.fxgl.entity@17+dev-SNAPSHOT/com.almasb.fxgl.entity.SpawnData.get(SpawnData.kt:35)
	at mario.main/com.pioneer10.model.PioneerFactory.newAngles(PioneerFactory.java:37)
	at java.base/jdk.internal.reflect.DirectMethodHandleAccessor.invoke(DirectMethodHandleAccessor.java:104)
	at java.base/java.lang.reflect.Method.invoke(Method.java:577)
	at com.almasb.fxgl.core@17+dev-SNAPSHOT/com.almasb.fxgl.core.reflect.ReflectionUtils.call(ReflectionUtils.java:104)
	at com.almasb.fxgl.core@17+dev-SNAPSHOT/com.almasb.fxgl.core.reflect.ReflectionUtils.lambda$mapToFunction$3(ReflectionUtils.java:111)
	at com.almasb.fxgl.entity@17+dev-SNAPSHOT/com.almasb.fxgl.entity.GameWorld$create$2.invoke(GameWorld.kt:430)
	at com.almasb.fxgl.entity@17+dev-SNAPSHOT/com.almasb.fxgl.entity.GameWorld$create$2.invoke(GameWorld.kt:430)
	at com.almasb.fxgl.core@17+dev-SNAPSHOT/com.almasb.fxgl.core.util.DSLKt.tryCatchRoot(DSL.kt:34)
	at com.almasb.fxgl.entity@17+dev-SNAPSHOT/com.almasb.fxgl.entity.GameWorld.create(GameWorld.kt:430)
	at com.almasb.fxgl.entity@17+dev-SNAPSHOT/com.almasb.fxgl.entity.level.tiled.TMXLevelLoader.createObjectLayerEntities(TMXLevelLoader.kt:154)
	at com.almasb.fxgl.entity@17+dev-SNAPSHOT/com.almasb.fxgl.entity.level.tiled.TMXLevelLoader.load(TMXLevelLoader.kt:60)
	... 14 more

19:12:46.081 [JavaFX Application Thread] FATAL FXGLApplication      - Application will now exit
19:12:46.093 [JavaFX Application Thread] DEBUG PrimaryStageWindow   - Push state: ErrorSubScene
19:12:46.093 [JavaFX Application Thread] DEBUG Input                - Clearing active input actions
19:12:46.096 [JavaFX Application Thread] DEBUG GameApplicationServi - Removing overlay from FXGLLoadingScene and adding to ErrorSubScene
19:12:46.096 [JavaFX Application Thread] DEBUG PrimaryStageWindow   - FXGLLoadingScene -> ErrorSubScene
19:12:46.247 [FXGL Background Thread 2 ] INFO  UpdaterService       - Your current version:  17+dev-SNAPSHOT
19:12:46.247 [FXGL Background Thread 2 ] INFO  UpdaterService       - Latest stable version: 17.1
19:12:48.962 [FXGL Background Thread 3 ] DEBUG Engine               - Logging environment variables
19:12:48.962 [FXGL Background Thread 3 ] DEBUG Engine               - achievements: []
19:12:48.962 [FXGL Background Thread 3 ] DEBUG Engine               - actualHeight: 640.0
19:12:48.962 [FXGL Background Thread 3 ] DEBUG Engine               - actualHeightProperty: ReadOnlyDoubleProperty [value: 640.0]
19:12:48.962 [FXGL Background Thread 3 ] DEBUG Engine               - actualWidth: 1200.0
19:12:48.962 [FXGL Background Thread 3 ] DEBUG Engine               - actualWidthProperty: ReadOnlyDoubleProperty [value: 1200.0]
19:12:48.962 [FXGL Background Thread 3 ] DEBUG Engine               - appIcon: fxgl_icon.png
19:12:48.962 [FXGL Background Thread 3 ] DEBUG Engine               - applicationMode: DEVELOPER
19:12:48.962 [FXGL Background Thread 3 ] DEBUG Engine               - cSSList: [fxgl_dark.css]
19:12:48.962 [FXGL Background Thread 3 ] DEBUG Engine               - collisionDetectionStrategy: BRUTE_FORCE
19:12:48.962 [FXGL Background Thread 3 ] DEBUG Engine               - configClass: Optional.empty
19:12:48.962 [FXGL Background Thread 3 ] DEBUG Engine               - credits: []
19:12:48.964 [FXGL Background Thread 3 ] DEBUG Engine               - defaultCursor: CursorInfo(imageName=fxgl_default_cursor.png, hotspotX=7.0, hotspotY=6.0)
19:12:48.964 [FXGL Background Thread 3 ] DEBUG Engine               - devBBoxColorProperty: ObjectProperty [value: 0xff0000ff]
19:12:48.964 [FXGL Background Thread 3 ] DEBUG Engine               - devEnableDebugCameraProperty: BooleanProperty [value: false]
19:12:48.964 [FXGL Background Thread 3 ] DEBUG Engine               - devSensorColorProperty: ObjectProperty [value: 0xffff00ff]
19:12:48.964 [FXGL Background Thread 3 ] DEBUG Engine               - devShowBBoxProperty: BooleanProperty [value: false]
19:12:48.964 [FXGL Background Thread 3 ] DEBUG Engine               - devShowPositionProperty: BooleanProperty [value: false]
19:12:48.964 [FXGL Background Thread 3 ] DEBUG Engine               - enabledMenuItems: []
19:12:48.964 [FXGL Background Thread 3 ] DEBUG Engine               - engineServices: [class com.almasb.fxgl.app.services.FXGLAssetLoaderService, class com.almasb.fxgl.app.FXGLApplication$GameApplicationService, class com.almasb.fxgl.app.services.FXGLDialogService, class com.almasb.fxgl.app.services.IOTaskExecutorService, class com.almasb.fxgl.io.FileSystemService, class com.almasb.fxgl.localization.LocalizationService, class com.almasb.fxgl.app.services.SystemBundleService, class com.almasb.fxgl.profile.SaveLoadService, class com.almasb.fxgl.ui.FXGLUIFactoryServiceProvider, class com.almasb.fxgl.ui.FXGLDialogFactoryServiceProvider, class com.almasb.fxgl.audio.AudioPlayer, class com.almasb.fxgl.notification.impl.NotificationServiceProvider, class com.almasb.fxgl.achievement.AchievementService, class com.almasb.fxgl.cutscene.CutsceneService, class com.almasb.fxgl.minigames.MiniGameService, class com.almasb.fxgl.net.NetService, class com.almasb.fxgl.app.services.UpdaterService, class com.almasb.fxgl.dev.DevService]
19:12:48.964 [FXGL Background Thread 3 ] DEBUG Engine               - fontGame: Abel-Regular.ttf
19:12:48.964 [FXGL Background Thread 3 ] DEBUG Engine               - fontMono: TerminalLandMono-Regular.otf
19:12:48.964 [FXGL Background Thread 3 ] DEBUG Engine               - fontText: Courier-Prime.ttf
19:12:48.964 [FXGL Background Thread 3 ] DEBUG Engine               - fontUI: VarelaRound-Regular.ttf
19:12:48.964 [FXGL Background Thread 3 ] DEBUG Engine               - fullScreen: BooleanProperty [value: false]
19:12:48.964 [FXGL Background Thread 3 ] DEBUG Engine               - gameDifficulty: MEDIUM
19:12:48.964 [FXGL Background Thread 3 ] DEBUG Engine               - gameDifficultyProperty: ObjectProperty [value: MEDIUM]
19:12:48.965 [FXGL Background Thread 3 ] DEBUG Engine               - globalMusicVolume: 0.5
19:12:48.965 [FXGL Background Thread 3 ] DEBUG Engine               - globalMusicVolumeProperty: DoubleProperty [value: 0.5]
19:12:48.965 [FXGL Background Thread 3 ] DEBUG Engine               - globalSoundVolume: 0.5
19:12:48.965 [FXGL Background Thread 3 ] DEBUG Engine               - globalSoundVolumeProperty: DoubleProperty [value: 0.5]
19:12:48.965 [FXGL Background Thread 3 ] DEBUG Engine               - height: 640
19:12:48.965 [FXGL Background Thread 3 ] DEBUG Engine               - is3D: false
19:12:48.965 [FXGL Background Thread 3 ] DEBUG Engine               - isAndroid: false
19:12:48.965 [FXGL Background Thread 3 ] DEBUG Engine               - isBrowser: false
19:12:48.965 [FXGL Background Thread 3 ] DEBUG Engine               - isClickFeedbackEnabled: false
19:12:48.965 [FXGL Background Thread 3 ] DEBUG Engine               - isCloseConfirmation: false
19:12:48.965 [FXGL Background Thread 3 ] DEBUG Engine               - isDesktop: true
19:12:48.965 [FXGL Background Thread 3 ] DEBUG Engine               - isDeveloperMenuEnabled: false
19:12:48.965 [FXGL Background Thread 3 ] DEBUG Engine               - isEmbedded: false
19:12:48.965 [FXGL Background Thread 3 ] DEBUG Engine               - isEntityPreloadEnabled: true
19:12:48.965 [FXGL Background Thread 3 ] DEBUG Engine               - isExperimentalTiledLargeMap: false
19:12:48.965 [FXGL Background Thread 3 ] DEBUG Engine               - isFileSystemWriteAllowed: true
19:12:48.965 [FXGL Background Thread 3 ] DEBUG Engine               - isFullScreenAllowed: false
19:12:48.965 [FXGL Background Thread 3 ] DEBUG Engine               - isFullScreenFromStart: false
19:12:48.965 [FXGL Background Thread 3 ] DEBUG Engine               - isGameMenuEnabled: true
19:12:48.965 [FXGL Background Thread 3 ] DEBUG Engine               - isIOS: false
19:12:48.965 [FXGL Background Thread 3 ] DEBUG Engine               - isIntroEnabled: false
19:12:48.965 [FXGL Background Thread 3 ] DEBUG Engine               - isLinux: false
19:12:48.965 [FXGL Background Thread 3 ] DEBUG Engine               - isMac: false
19:12:48.965 [FXGL Background Thread 3 ] DEBUG Engine               - isMainMenuEnabled: false
19:12:48.966 [FXGL Background Thread 3 ] DEBUG Engine               - isManualResizeEnabled: false
19:12:48.966 [FXGL Background Thread 3 ] DEBUG Engine               - isMobile: false
19:12:48.966 [FXGL Background Thread 3 ] DEBUG Engine               - isNative: false
19:12:48.966 [FXGL Background Thread 3 ] DEBUG Engine               - isPauseMusicWhenMinimized: true
19:12:48.966 [FXGL Background Thread 3 ] DEBUG Engine               - isPreserveResizeRatio: false
19:12:48.966 [FXGL Background Thread 3 ] DEBUG Engine               - isProfilingEnabled: false
19:12:48.966 [FXGL Background Thread 3 ] DEBUG Engine               - isScaleAffectedOnResize: true
19:12:48.966 [FXGL Background Thread 3 ] DEBUG Engine               - isSingleStep: false
19:12:48.966 [FXGL Background Thread 3 ] DEBUG Engine               - isUserProfileEnabled: false
19:12:48.966 [FXGL Background Thread 3 ] DEBUG Engine               - isWindows: true
19:12:48.966 [FXGL Background Thread 3 ] DEBUG Engine               - language: ObjectProperty [value: ENGLISH]
19:12:48.966 [FXGL Background Thread 3 ] DEBUG Engine               - menuKey: ESCAPE
19:12:48.966 [FXGL Background Thread 3 ] DEBUG Engine               - mouseSensitivity: 0.2
19:12:48.966 [FXGL Background Thread 3 ] DEBUG Engine               - notificationViewClass: class com.almasb.fxgl.notification.view.XboxNotificationView
19:12:48.966 [FXGL Background Thread 3 ] DEBUG Engine               - pixelsPerMeter: 50.0
19:12:48.966 [FXGL Background Thread 3 ] DEBUG Engine               - platform: WINDOWS
19:12:48.966 [FXGL Background Thread 3 ] DEBUG Engine               - prefHeightProperty: ReadOnlyDoubleProperty [value: 640.0]
19:12:48.966 [FXGL Background Thread 3 ] DEBUG Engine               - prefWidthProperty: ReadOnlyDoubleProperty [value: 1200.0]
19:12:48.966 [FXGL Background Thread 3 ] DEBUG Engine               - profileDir: profiles/
19:12:48.966 [FXGL Background Thread 3 ] DEBUG Engine               - profileName: StringProperty [value: DEFAULT]
19:12:48.966 [FXGL Background Thread 3 ] DEBUG Engine               - randomSeed: -1
19:12:48.966 [FXGL Background Thread 3 ] DEBUG Engine               - runtimeInfo: RuntimeInfo(platform=WINDOWS, version=17+dev-SNAPSHOT, build=22.04.2022 11.52)
19:12:48.966 [FXGL Background Thread 3 ] DEBUG Engine               - saveFileExt: sav
19:12:48.967 [FXGL Background Thread 3 ] DEBUG Engine               - scaledHeightProp$fxgl: DoubleProperty [bound, value: 640.0]
19:12:48.967 [FXGL Background Thread 3 ] DEBUG Engine               - scaledWidthProp$fxgl: DoubleProperty [bound, value: 1200.0]
19:12:48.967 [FXGL Background Thread 3 ] DEBUG Engine               - sceneFactory: com.almasb.fxgl.app.scene.SceneFactory@4014653e
19:12:48.967 [FXGL Background Thread 3 ] DEBUG Engine               - secondsIn24h: 60
19:12:48.967 [FXGL Background Thread 3 ] DEBUG Engine               - soundMenuBack: menu/back.wav
19:12:48.967 [FXGL Background Thread 3 ] DEBUG Engine               - soundMenuPress: menu/press.wav
19:12:48.967 [FXGL Background Thread 3 ] DEBUG Engine               - soundMenuSelect: menu/select.wav
19:12:48.967 [FXGL Background Thread 3 ] DEBUG Engine               - soundNotification: core/notification.wav
19:12:48.967 [FXGL Background Thread 3 ] DEBUG Engine               - stageStyle: DECORATED
19:12:48.967 [FXGL Background Thread 3 ] DEBUG Engine               - supportedLanguages: [ENGLISH, FRENCH, GERMAN, HUNGARIAN, RUSSIAN]
19:12:48.967 [FXGL Background Thread 3 ] DEBUG Engine               - ticksPerSecond: -1
19:12:48.967 [FXGL Background Thread 3 ] DEBUG Engine               - title: Untitled
19:12:48.967 [FXGL Background Thread 3 ] DEBUG Engine               - urlGithub: https://github.com/AlmasB/FXGL
19:12:48.967 [FXGL Background Thread 3 ] DEBUG Engine               - urlLeaderboard: http://fxgl-top.herokuapp.com/
19:12:48.967 [FXGL Background Thread 3 ] DEBUG Engine               - urlPOM: https://raw.githubusercontent.com/AlmasB/FXGL/release/README.md
19:12:48.967 [FXGL Background Thread 3 ] DEBUG Engine               - userAppClass: class com.pioneer10.model.LivGiove
19:12:48.967 [FXGL Background Thread 3 ] DEBUG Engine               - version: 0.0
19:12:48.967 [FXGL Background Thread 3 ] DEBUG Engine               - versionCheckDays: 7
19:12:48.967 [FXGL Background Thread 3 ] DEBUG Engine               - width: 1200
19:12:48.967 [FXGL Background Thread 3 ] DEBUG Engine               - Logging services
19:12:48.967 [FXGL Background Thread 3 ] DEBUG Engine               - class com.almasb.fxgl.app.services.FXGLAssetLoaderService
19:12:48.967 [FXGL Background Thread 3 ] DEBUG Engine               - class com.almasb.fxgl.app.FXGLApplication$GameApplicationService
19:12:48.967 [FXGL Background Thread 3 ] DEBUG Engine               - class com.almasb.fxgl.app.services.FXGLDialogService
19:12:48.967 [FXGL Background Thread 3 ] DEBUG Engine               - class com.almasb.fxgl.app.services.IOTaskExecutorService
19:12:48.967 [FXGL Background Thread 3 ] DEBUG Engine               - class com.almasb.fxgl.io.FileSystemService
19:12:48.967 [FXGL Background Thread 3 ] DEBUG Engine               - class com.almasb.fxgl.localization.LocalizationService
19:12:48.967 [FXGL Background Thread 3 ] DEBUG Engine               - class com.almasb.fxgl.app.services.SystemBundleService
19:12:48.968 [FXGL Background Thread 3 ] DEBUG Engine               - class com.almasb.fxgl.profile.SaveLoadService
19:12:48.968 [FXGL Background Thread 3 ] DEBUG Engine               - class com.almasb.fxgl.ui.FXGLUIFactoryServiceProvider
19:12:48.968 [FXGL Background Thread 3 ] DEBUG Engine               - class com.almasb.fxgl.ui.FXGLDialogFactoryServiceProvider
19:12:48.968 [FXGL Background Thread 3 ] DEBUG Engine               - class com.almasb.fxgl.audio.AudioPlayer
19:12:48.968 [FXGL Background Thread 3 ] DEBUG Engine               - class com.almasb.fxgl.notification.impl.NotificationServiceProvider
19:12:48.968 [FXGL Background Thread 3 ] DEBUG Engine               - class com.almasb.fxgl.achievement.AchievementService
19:12:48.968 [FXGL Background Thread 3 ] DEBUG Engine               - class com.almasb.fxgl.cutscene.CutsceneService
19:12:48.968 [FXGL Background Thread 3 ] DEBUG Engine               - class com.almasb.fxgl.minigames.MiniGameService
19:12:48.968 [FXGL Background Thread 3 ] DEBUG Engine               - class com.almasb.fxgl.net.NetService
19:12:48.968 [FXGL Background Thread 3 ] DEBUG Engine               - class com.almasb.fxgl.app.services.UpdaterService
19:12:48.968 [FXGL Background Thread 3 ] DEBUG Engine               - class com.almasb.fxgl.dev.DevService
19:12:59.829 [JavaFX Application Thread] DEBUG FXGLApplication      - Exiting FXGL
19:12:59.829 [JavaFX Application Thread] DEBUG Async                - Shutting down background threads
19:12:59.829 [JavaFX Application Thread] DEBUG PrimaryStageWindow   - Closing main window
19:12:59.857 [JavaFX Application Thread] DEBUG Logger               - Closing Logger
