12:37:12.571 [main                     ] DEBUG Logger               - Configured Logger
12:37:12.587 [main                     ] DEBUG GameApplication      - Logging settings
Title: Pioneer-10
Terra
Version: 0.0
Width: 1500
Height: 640
Fullscreen: false
Intro: false
Profiling: false
Single step:false
App Mode: DEVELOPER
Menu Key: ESCAPE
Stage Style: DECORATED
Scene Factory: class com.almasb.fxgl.app.scene.SceneFactory

12:37:12.953 [JavaFX Application Thread] DEBUG FXGLApplication      - Initializing FXGL
12:37:12.956 [JavaFX Application Thread] INFO  Engine               - FXGL-17+dev-SNAPSHOT (22.04.2022 11.52) on WINDOWS (J:18 FX:18)
12:37:12.957 [JavaFX Application Thread] DEBUG Engine               - JRE Vendor Name: Oracle Corporation
12:37:12.957 [JavaFX Application Thread] DEBUG Engine               - Running on OS: Windows 10 version 10.0
12:37:12.957 [JavaFX Application Thread] DEBUG Engine               - Architecture: amd64
12:37:12.957 [JavaFX Application Thread] INFO  Engine               - Source code and latest versions at: https://github.com/AlmasB/FXGL
12:37:12.957 [JavaFX Application Thread] INFO  Engine               -       Ask questions and discuss at: https://github.com/AlmasB/FXGL/discussions
12:37:12.957 [JavaFX Application Thread] INFO  Engine               -              Join the FXGL chat at: https://gitter.im/AlmasB/FXGL
12:37:13.009 [JavaFX Application Thread] DEBUG PrimaryStageWindow   - Creating a JavaFX scene
12:37:13.034 [JavaFX Application Thread] DEBUG PrimaryStageWindow   - Target settings size: 1500.0 x 640.0
12:37:13.034 [JavaFX Application Thread] DEBUG PrimaryStageWindow   - Scaled scene size:    1500.0 x 640.0
12:37:13.035 [JavaFX Application Thread] DEBUG PrimaryStageWindow   - Scaled ratio: (1.0, 1.0)
12:37:13.035 [JavaFX Application Thread] DEBUG PrimaryStageWindow   - Set initial scene to FXGLStartupScene
12:37:13.040 [JavaFX Application Thread] DEBUG PrimaryStageWindow   - Opening main window
12:37:13.136 [JavaFX Application Thread] DEBUG PrimaryStageWindow   - Window border size: (16.0, 39.0)
12:37:13.136 [JavaFX Application Thread] DEBUG PrimaryStageWindow   - Scaled size: 1500.0 x 640.0
12:37:13.136 [JavaFX Application Thread] DEBUG PrimaryStageWindow   - Scaled ratio: (1.0, 1.0)
12:37:13.136 [JavaFX Application Thread] DEBUG PrimaryStageWindow   - Scene size: 1500.0 x 640.0
12:37:13.137 [JavaFX Application Thread] DEBUG PrimaryStageWindow   - Stage size: 1516.0 x 679.0
12:37:13.141 [FXGL Background Thread 1 ] DEBUG Engine               - Initializing environment variables
12:37:13.170 [FXGL Background Thread 1 ] DEBUG FXGLAssetLoaderServi - User app class for loading assets: class com.pioneer10.model.LivTerra
12:37:13.171 [FXGL Background Thread 1 ] DEBUG GameApplicationServi - Applying CSS: fxgl_dark.css
12:37:13.172 [FXGL Background Thread 1 ] DEBUG FXGLAssetLoaderServi - Loading from file system: jar:file:///C:/Users/mattu/.m2/repository/com/github/almasb/fxgl/17+dev-SNAPSHOT/fxgl-17+dev-20220422.115207-44.jar!/fxglassets/ui/css/fxgl_dark.css
12:37:13.200 [FXGL Background Thread 1 ] DEBUG GameApplicationServi - Initializing application scenes
12:37:13.225 [FXGL Background Thread 1 ] DEBUG GameWorld            - Game world initialized
12:37:13.268 [FXGL Background Thread 1 ] DEBUG PhysicsWorld         - Physics world initialized: appHeight=640, physics.ppm=50,0
12:37:13.268 [FXGL Background Thread 1 ] DEBUG PhysicsWorld         - Using strategy: BRUTE_FORCE
12:37:13.272 [FXGL Background Thread 1 ] DEBUG GameScene            - Game scene initialized: 1500x640
12:37:13.279 [FXGL Background Thread 1 ] DEBUG FXGL.DefaultMenu     - createMenuBodyGameMenu()
12:37:13.286 [FXGL Background Thread 1 ] DEBUG FXGL.DefaultMenu     - createOptionsMenu()
12:37:13.294 [FXGL Background Thread 1 ] DEBUG FXGLAssetLoaderServi - Loading from file system: jar:file:///C:/Users/mattu/.m2/repository/com/github/almasb/fxgl/17+dev-SNAPSHOT/fxgl-17+dev-20220422.115207-44.jar!/fxglassets/textures/particles/smoke.png
12:37:13.343 [FXGL Background Thread 1 ] DEBUG FXGLAssetLoaderServi - Loading from file system: jar:file:///C:/Users/mattu/.m2/repository/com/github/almasb/fxgl/17+dev-SNAPSHOT/fxgl-17+dev-20220422.115207-44.jar!/fxglassets/textures/particles/trace_horizontal.png
12:37:13.360 [FXGL Background Thread 1 ] DEBUG GameApplicationServi - Application scenes initialized
12:37:13.366 [FXGL Background Thread 1 ] DEBUG SystemBundleService  - Loading FXGL system data
12:37:13.368 [FXGL Background Thread 1 ] DEBUG FileSystemAccess     - Reading from: D:\FERMI-FEDE\4BIF_2021-2022\Informatica\Giochi\Pioneer-10\system\fxgl.bundle
12:37:13.375 [FXGL Background Thread 1 ] DEBUG SystemBundleService  - Bundle FXGL: {}
12:37:13.375 [FXGL Background Thread 1 ] DEBUG UpdaterService       - Checking for updates
12:37:13.388 [FXGL Background Thread 4 ] DEBUG FXGLApplication      - Loading fonts
12:37:13.388 [FXGL Background Thread 1 ] DEBUG FXGLApplication      - Loading default localization
12:37:13.389 [FXGL Background Thread 4 ] DEBUG FXGLAssetLoaderServi - Loading from file system: jar:file:///C:/Users/mattu/.m2/repository/com/github/almasb/fxgl/17+dev-SNAPSHOT/fxgl-17+dev-20220422.115207-44.jar!/fxglassets/ui/fonts/VarelaRound-Regular.ttf
12:37:13.389 [FXGL Background Thread 1 ] DEBUG FXGLAssetLoaderServi - Loading from file system: jar:file:///C:/Users/mattu/.m2/repository/com/github/almasb/fxgl/17+dev-SNAPSHOT/fxgl-17+dev-20220422.115207-44.jar!/fxglassets/languages/english.lang
12:37:13.405 [FXGL Background Thread 1 ] INFO  FXGLApplication      - FXGL initialization took: 0,264 sec
12:37:13.411 [JavaFX Application Thread] DEBUG Input                - Registered new binding: Left - A
12:37:13.411 [JavaFX Application Thread] DEBUG Input                - Registered new binding: Right - D
12:37:13.411 [JavaFX Application Thread] DEBUG Input                - Registered new binding: Jump - W
12:37:13.412 [JavaFX Application Thread] DEBUG FXGLAssetLoaderServi - Loading from file system: file:/D:/FERMI-FEDE/4BIF_2021-2022/Informatica/Giochi/Pioneer-10/target/classes/assets/music/Minecraft.mp3
12:37:13.421 [FXGL Background Thread 4 ] DEBUG FXGLAssetLoaderServi - Loading from file system: jar:file:///C:/Users/mattu/.m2/repository/com/github/almasb/fxgl/17+dev-SNAPSHOT/fxgl-17+dev-20220422.115207-44.jar!/fxglassets/ui/fonts/Abel-Regular.ttf
12:37:13.424 [FXGL Background Thread 4 ] DEBUG FXGLAssetLoaderServi - Loading from file system: jar:file:///C:/Users/mattu/.m2/repository/com/github/almasb/fxgl/17+dev-SNAPSHOT/fxgl-17+dev-20220422.115207-44.jar!/fxglassets/ui/fonts/TerminalLandMono-Regular.otf
12:37:13.426 [FXGL Background Thread 4 ] DEBUG FXGLAssetLoaderServi - Loading from file system: jar:file:///C:/Users/mattu/.m2/repository/com/github/almasb/fxgl/17+dev-SNAPSHOT/fxgl-17+dev-20220422.115207-44.jar!/fxglassets/ui/fonts/Courier-Prime.ttf
12:37:13.628 [FXGL Background Thread 2 ] INFO  UpdaterService       - Your current version:  17+dev-SNAPSHOT
12:37:13.628 [FXGL Background Thread 2 ] INFO  UpdaterService       - Latest stable version: 17.1
12:37:13.778 [JavaFX Application Thread] DEBUG AudioPlayer          - Playing music com.almasb.fxgl.audio.Music@7f16c25e
12:37:13.778 [JavaFX Application Thread] DEBUG FXGLAssetLoaderServi - Loading from file system: jar:file:///C:/Users/mattu/.m2/repository/com/github/almasb/fxgl/17+dev-SNAPSHOT/fxgl-17+dev-20220422.115207-44.jar!/fxglassets/textures/fxgl_icon.png
12:37:13.789 [JavaFX Application Thread] DEBUG FXGLAssetLoaderServi - Loading from file system: jar:file:///C:/Users/mattu/.m2/repository/com/github/almasb/fxgl/17+dev-SNAPSHOT/fxgl-17+dev-20220422.115207-44.jar!/fxglassets/textures/fxgl_default_cursor.png
12:37:13.790 [JavaFX Application Thread] DEBUG Input                - Registered new binding: Screenshot - CTRL+8
12:37:13.790 [JavaFX Application Thread] DEBUG Input                - Registered new binding: Dev Options - 1
12:37:13.790 [JavaFX Application Thread] DEBUG Input                - Registered new binding: Dev Console - 2
12:37:13.790 [JavaFX Application Thread] DEBUG Input                - Registered new binding: System info dump - CTRL+9
12:37:13.790 [JavaFX Application Thread] DEBUG Input                - Registered new binding: Restart - CTRL+R
12:37:13.791 [JavaFX Application Thread] DEBUG Input                - Registered new binding: Toggle Debug Camera - CTRL+7
12:37:13.792 [JavaFX Application Thread] DEBUG LoopRunner           - Starting loop
12:37:13.798 [JavaFX Application Thread] DEBUG LoopRunner           - Initializing JavaFX AnimationTimerLoop
12:37:13.799 [JavaFX Application Thread] DEBUG GameApplicationServi - Starting new game
12:37:13.799 [JavaFX Application Thread] DEBUG Input                - Clearing active input actions
12:37:13.804 [JavaFX Application Thread] DEBUG GameApplicationServi - Removing overlay from FXGLStartupScene and adding to FXGLLoadingScene
12:37:13.806 [JavaFX Application Thread] DEBUG PrimaryStageWindow   - FXGLStartupScene -> FXGLLoadingScene
12:37:13.806 [JavaFX Application Thread] DEBUG GameApplicationServi - Clearing previous game
12:37:13.807 [JavaFX Application Thread] DEBUG GameScene            - Clearing game scene
12:37:13.807 [JavaFX Application Thread] DEBUG GameWorld            - Clearing game world
12:37:13.807 [JavaFX Application Thread] DEBUG PhysicsWorld         - Clearing physics world
12:37:13.807 [FXGL Background Thread 2 ] DEBUG FXGLApplication      - Initializing game
12:37:13.809 [JavaFX Application Thread] DEBUG FXGLApplication      - Registering font factories with UI factory
12:37:13.824 [FXGL Background Thread 2 ] WARN  TMXLevelLoader       - TiledMap generated from 1.8.4. Supported version: 1.4.2. Some features may not be parsed fully.
12:37:13.840 [FXGL Background Thread 2 ] DEBUG TMXLevelLoader       - Parsed TiledMap: file:/D:/FERMI-FEDE/4BIF_2021-2022/Informatica/Giochi/Pioneer-10/target/classes/assets/levels/Terra/MappaTerra.tmx
12:37:13.841 [FXGL Background Thread 2 ] DEBUG TMXLevelLoader       - Creating tile layer entities
12:37:13.842 [FXGL Background Thread 2 ] DEBUG TilesetLoader        - Loading view for layer Livello tile 1
12:37:13.845 [FXGL Background Thread 2 ] DEBUG TilesetLoader        - Created buffer with size 4800.0x640.0
12:37:13.869 [FXGL Background Thread 2 ] WARN  TilesetLoader        - Diagonally flipped tiles are not currently supported
12:37:13.872 [FXGL Background Thread 2 ] WARN  TilesetLoader        - Diagonally flipped tiles are not currently supported
12:37:13.872 [FXGL Background Thread 2 ] WARN  TilesetLoader        - Diagonally flipped tiles are not currently supported
12:37:13.892 [FXGL Background Thread 2 ] WARN  TilesetLoader        - Diagonally flipped tiles are not currently supported
12:37:13.895 [FXGL Background Thread 2 ] WARN  TilesetLoader        - Diagonally flipped tiles are not currently supported
12:37:13.896 [FXGL Background Thread 2 ] DEBUG TilesetLoader        - Loading view for layer Livello tile 2
12:37:13.899 [FXGL Background Thread 2 ] DEBUG TilesetLoader        - Created buffer with size 4800.0x640.0
12:37:13.900 [FXGL Background Thread 2 ] DEBUG TilesetLoader        - Loading view for layer Livello tile 3
12:37:13.901 [FXGL Background Thread 2 ] DEBUG TilesetLoader        - Created buffer with size 4800.0x640.0
12:37:13.902 [FXGL Background Thread 2 ] DEBUG TMXLevelLoader       - Creating object layer entities
12:37:13.985 [FXGL Background Thread 2 ] DEBUG GameWorld            - Clearing removable entities
12:37:13.985 [FXGL Background Thread 2 ] DEBUG GameWorld            - Setting level: com.almasb.fxgl.entity.level.Level@1c5e6ce2
12:37:14.027 [FXGL Background Thread 2 ] INFO  FXGLApplication      - Game initialization took: 0,219 sec
12:37:14.027 [JavaFX Application Thread] DEBUG Input                - Clearing active input actions
12:37:14.033 [JavaFX Application Thread] DEBUG GameApplicationServi - Removing overlay from FXGLLoadingScene and adding to GameScene
12:37:14.035 [JavaFX Application Thread] DEBUG PrimaryStageWindow   - FXGLLoadingScene -> GameScene
12:37:16.387 [FXGL Background Thread 3 ] DEBUG Engine               - Logging environment variables
12:37:16.388 [FXGL Background Thread 3 ] DEBUG Engine               - achievements: []
12:37:16.388 [FXGL Background Thread 3 ] DEBUG Engine               - actualHeight: 640.0
12:37:16.388 [FXGL Background Thread 3 ] DEBUG Engine               - actualHeightProperty: ReadOnlyDoubleProperty [value: 640.0]
12:37:16.388 [FXGL Background Thread 3 ] DEBUG Engine               - actualWidth: 1500.0
12:37:16.388 [FXGL Background Thread 3 ] DEBUG Engine               - actualWidthProperty: ReadOnlyDoubleProperty [value: 1500.0]
12:37:16.388 [FXGL Background Thread 3 ] DEBUG Engine               - appIcon: fxgl_icon.png
12:37:16.388 [FXGL Background Thread 3 ] DEBUG Engine               - applicationMode: DEVELOPER
12:37:16.388 [FXGL Background Thread 3 ] DEBUG Engine               - cSSList: [fxgl_dark.css]
12:37:16.388 [FXGL Background Thread 3 ] DEBUG Engine               - collisionDetectionStrategy: BRUTE_FORCE
12:37:16.388 [FXGL Background Thread 3 ] DEBUG Engine               - configClass: Optional.empty
12:37:16.388 [FXGL Background Thread 3 ] DEBUG Engine               - credits: []
12:37:16.388 [FXGL Background Thread 3 ] DEBUG Engine               - defaultCursor: CursorInfo(imageName=fxgl_default_cursor.png, hotspotX=7.0, hotspotY=6.0)
12:37:16.388 [FXGL Background Thread 3 ] DEBUG Engine               - devBBoxColorProperty: ObjectProperty [value: 0xff0000ff]
12:37:16.388 [FXGL Background Thread 3 ] DEBUG Engine               - devEnableDebugCameraProperty: BooleanProperty [value: false]
12:37:16.389 [FXGL Background Thread 3 ] DEBUG Engine               - devSensorColorProperty: ObjectProperty [value: 0xffff00ff]
12:37:16.389 [FXGL Background Thread 3 ] DEBUG Engine               - devShowBBoxProperty: BooleanProperty [value: true]
12:37:16.389 [FXGL Background Thread 3 ] DEBUG Engine               - devShowPositionProperty: BooleanProperty [value: false]
12:37:16.389 [FXGL Background Thread 3 ] DEBUG Engine               - enabledMenuItems: []
12:37:16.389 [FXGL Background Thread 3 ] DEBUG Engine               - engineServices: [class com.almasb.fxgl.app.services.FXGLAssetLoaderService, class com.almasb.fxgl.app.FXGLApplication$GameApplicationService, class com.almasb.fxgl.app.services.FXGLDialogService, class com.almasb.fxgl.app.services.IOTaskExecutorService, class com.almasb.fxgl.io.FileSystemService, class com.almasb.fxgl.localization.LocalizationService, class com.almasb.fxgl.app.services.SystemBundleService, class com.almasb.fxgl.profile.SaveLoadService, class com.almasb.fxgl.ui.FXGLUIFactoryServiceProvider, class com.almasb.fxgl.ui.FXGLDialogFactoryServiceProvider, class com.almasb.fxgl.audio.AudioPlayer, class com.almasb.fxgl.notification.impl.NotificationServiceProvider, class com.almasb.fxgl.achievement.AchievementService, class com.almasb.fxgl.cutscene.CutsceneService, class com.almasb.fxgl.minigames.MiniGameService, class com.almasb.fxgl.net.NetService, class com.almasb.fxgl.app.services.UpdaterService, class com.almasb.fxgl.dev.DevService]
12:37:16.389 [FXGL Background Thread 3 ] DEBUG Engine               - fontGame: Abel-Regular.ttf
12:37:16.389 [FXGL Background Thread 3 ] DEBUG Engine               - fontMono: TerminalLandMono-Regular.otf
12:37:16.389 [FXGL Background Thread 3 ] DEBUG Engine               - fontText: Courier-Prime.ttf
12:37:16.389 [FXGL Background Thread 3 ] DEBUG Engine               - fontUI: VarelaRound-Regular.ttf
12:37:16.389 [FXGL Background Thread 3 ] DEBUG Engine               - fullScreen: BooleanProperty [value: false]
12:37:16.389 [FXGL Background Thread 3 ] DEBUG Engine               - gameDifficulty: MEDIUM
12:37:16.389 [FXGL Background Thread 3 ] DEBUG Engine               - gameDifficultyProperty: ObjectProperty [value: MEDIUM]
12:37:16.389 [FXGL Background Thread 3 ] DEBUG Engine               - globalMusicVolume: 0.5
12:37:16.389 [FXGL Background Thread 3 ] DEBUG Engine               - globalMusicVolumeProperty: DoubleProperty [value: 0.25]
12:37:16.389 [FXGL Background Thread 3 ] DEBUG Engine               - globalSoundVolume: 0.5
12:37:16.389 [FXGL Background Thread 3 ] DEBUG Engine               - globalSoundVolumeProperty: DoubleProperty [value: 0.5]
12:37:16.389 [FXGL Background Thread 3 ] DEBUG Engine               - height: 640
12:37:16.389 [FXGL Background Thread 3 ] DEBUG Engine               - is3D: false
12:37:16.390 [FXGL Background Thread 3 ] DEBUG Engine               - isAndroid: false
12:37:16.390 [FXGL Background Thread 3 ] DEBUG Engine               - isBrowser: false
12:37:16.390 [FXGL Background Thread 3 ] DEBUG Engine               - isClickFeedbackEnabled: false
12:37:16.390 [FXGL Background Thread 3 ] DEBUG Engine               - isCloseConfirmation: false
12:37:16.390 [FXGL Background Thread 3 ] DEBUG Engine               - isDesktop: true
12:37:16.390 [FXGL Background Thread 3 ] DEBUG Engine               - isDeveloperMenuEnabled: true
12:37:16.390 [FXGL Background Thread 3 ] DEBUG Engine               - isEmbedded: false
12:37:16.390 [FXGL Background Thread 3 ] DEBUG Engine               - isEntityPreloadEnabled: true
12:37:16.390 [FXGL Background Thread 3 ] DEBUG Engine               - isExperimentalTiledLargeMap: false
12:37:16.390 [FXGL Background Thread 3 ] DEBUG Engine               - isFileSystemWriteAllowed: true
12:37:16.390 [FXGL Background Thread 3 ] DEBUG Engine               - isFullScreenAllowed: false
12:37:16.390 [FXGL Background Thread 3 ] DEBUG Engine               - isFullScreenFromStart: false
12:37:16.390 [FXGL Background Thread 3 ] DEBUG Engine               - isGameMenuEnabled: true
12:37:16.390 [FXGL Background Thread 3 ] DEBUG Engine               - isIOS: false
12:37:16.390 [FXGL Background Thread 3 ] DEBUG Engine               - isIntroEnabled: false
12:37:16.390 [FXGL Background Thread 3 ] DEBUG Engine               - isLinux: false
12:37:16.390 [FXGL Background Thread 3 ] DEBUG Engine               - isMac: false
12:37:16.391 [FXGL Background Thread 3 ] DEBUG Engine               - isMainMenuEnabled: false
12:37:16.391 [FXGL Background Thread 3 ] DEBUG Engine               - isManualResizeEnabled: false
12:37:16.391 [FXGL Background Thread 3 ] DEBUG Engine               - isMobile: false
12:37:16.391 [FXGL Background Thread 3 ] DEBUG Engine               - isNative: false
12:37:16.391 [FXGL Background Thread 3 ] DEBUG Engine               - isPauseMusicWhenMinimized: true
12:37:16.391 [FXGL Background Thread 3 ] DEBUG Engine               - isPreserveResizeRatio: false
12:37:16.391 [FXGL Background Thread 3 ] DEBUG Engine               - isProfilingEnabled: false
12:37:16.391 [FXGL Background Thread 3 ] DEBUG Engine               - isScaleAffectedOnResize: true
12:37:16.391 [FXGL Background Thread 3 ] DEBUG Engine               - isSingleStep: false
12:37:16.391 [FXGL Background Thread 3 ] DEBUG Engine               - isUserProfileEnabled: false
12:37:16.391 [FXGL Background Thread 3 ] DEBUG Engine               - isWindows: true
12:37:16.391 [FXGL Background Thread 3 ] DEBUG Engine               - language: ObjectProperty [value: ENGLISH]
12:37:16.391 [FXGL Background Thread 3 ] DEBUG Engine               - menuKey: ESCAPE
12:37:16.391 [FXGL Background Thread 3 ] DEBUG Engine               - mouseSensitivity: 0.2
12:37:16.391 [FXGL Background Thread 3 ] DEBUG Engine               - notificationViewClass: class com.almasb.fxgl.notification.view.XboxNotificationView
12:37:16.391 [FXGL Background Thread 3 ] DEBUG Engine               - pixelsPerMeter: 50.0
12:37:16.391 [FXGL Background Thread 3 ] DEBUG Engine               - platform: WINDOWS
12:37:16.391 [FXGL Background Thread 3 ] DEBUG Engine               - prefHeightProperty: ReadOnlyDoubleProperty [value: 640.0]
12:37:16.391 [FXGL Background Thread 3 ] DEBUG Engine               - prefWidthProperty: ReadOnlyDoubleProperty [value: 1500.0]
12:37:16.391 [FXGL Background Thread 3 ] DEBUG Engine               - profileDir: profiles/
12:37:16.391 [FXGL Background Thread 3 ] DEBUG Engine               - profileName: StringProperty [value: DEFAULT]
12:37:16.391 [FXGL Background Thread 3 ] DEBUG Engine               - randomSeed: -1
12:37:16.392 [FXGL Background Thread 3 ] DEBUG Engine               - runtimeInfo: RuntimeInfo(platform=WINDOWS, version=17+dev-SNAPSHOT, build=22.04.2022 11.52)
12:37:16.392 [FXGL Background Thread 3 ] DEBUG Engine               - saveFileExt: sav
12:37:16.392 [FXGL Background Thread 3 ] DEBUG Engine               - scaledHeightProp$fxgl: DoubleProperty [bound, value: 640.0]
12:37:16.392 [FXGL Background Thread 3 ] DEBUG Engine               - scaledWidthProp$fxgl: DoubleProperty [bound, value: 1500.0]
12:37:16.392 [FXGL Background Thread 3 ] DEBUG Engine               - sceneFactory: com.almasb.fxgl.app.scene.SceneFactory@466fafa6
12:37:16.392 [FXGL Background Thread 3 ] DEBUG Engine               - secondsIn24h: 60
12:37:16.392 [FXGL Background Thread 3 ] DEBUG Engine               - soundMenuBack: menu/back.wav
12:37:16.392 [FXGL Background Thread 3 ] DEBUG Engine               - soundMenuPress: menu/press.wav
12:37:16.392 [FXGL Background Thread 3 ] DEBUG Engine               - soundMenuSelect: menu/select.wav
12:37:16.392 [FXGL Background Thread 3 ] DEBUG Engine               - soundNotification: core/notification.wav
12:37:16.392 [FXGL Background Thread 3 ] DEBUG Engine               - stageStyle: DECORATED
12:37:16.392 [FXGL Background Thread 3 ] DEBUG Engine               - supportedLanguages: [ENGLISH, FRENCH, GERMAN, HUNGARIAN, RUSSIAN]
12:37:16.392 [FXGL Background Thread 3 ] DEBUG Engine               - ticksPerSecond: -1
12:37:16.392 [FXGL Background Thread 3 ] DEBUG Engine               - title: Pioneer-10
Terra
12:37:16.392 [FXGL Background Thread 3 ] DEBUG Engine               - urlGithub: https://github.com/AlmasB/FXGL
12:37:16.392 [FXGL Background Thread 3 ] DEBUG Engine               - urlLeaderboard: http://fxgl-top.herokuapp.com/
12:37:16.392 [FXGL Background Thread 3 ] DEBUG Engine               - urlPOM: https://raw.githubusercontent.com/AlmasB/FXGL/release/README.md
12:37:16.392 [FXGL Background Thread 3 ] DEBUG Engine               - userAppClass: class com.pioneer10.model.LivTerra
12:37:16.392 [FXGL Background Thread 3 ] DEBUG Engine               - version: 0.0
12:37:16.392 [FXGL Background Thread 3 ] DEBUG Engine               - versionCheckDays: 7
12:37:16.392 [FXGL Background Thread 3 ] DEBUG Engine               - width: 1500
12:37:16.392 [FXGL Background Thread 3 ] DEBUG Engine               - Logging services
12:37:16.392 [FXGL Background Thread 3 ] DEBUG Engine               - class com.almasb.fxgl.app.services.FXGLAssetLoaderService
12:37:16.392 [FXGL Background Thread 3 ] DEBUG Engine               - class com.almasb.fxgl.app.FXGLApplication$GameApplicationService
12:37:16.392 [FXGL Background Thread 3 ] DEBUG Engine               - class com.almasb.fxgl.app.services.FXGLDialogService
12:37:16.392 [FXGL Background Thread 3 ] DEBUG Engine               - class com.almasb.fxgl.app.services.IOTaskExecutorService
12:37:16.392 [FXGL Background Thread 3 ] DEBUG Engine               - class com.almasb.fxgl.io.FileSystemService
12:37:16.392 [FXGL Background Thread 3 ] DEBUG Engine               - class com.almasb.fxgl.localization.LocalizationService
12:37:16.392 [FXGL Background Thread 3 ] DEBUG Engine               - class com.almasb.fxgl.app.services.SystemBundleService
12:37:16.392 [FXGL Background Thread 3 ] DEBUG Engine               - class com.almasb.fxgl.profile.SaveLoadService
12:37:16.393 [FXGL Background Thread 3 ] DEBUG Engine               - class com.almasb.fxgl.ui.FXGLUIFactoryServiceProvider
12:37:16.393 [FXGL Background Thread 3 ] DEBUG Engine               - class com.almasb.fxgl.ui.FXGLDialogFactoryServiceProvider
12:37:16.393 [FXGL Background Thread 3 ] DEBUG Engine               - class com.almasb.fxgl.audio.AudioPlayer
12:37:16.393 [FXGL Background Thread 3 ] DEBUG Engine               - class com.almasb.fxgl.notification.impl.NotificationServiceProvider
12:37:16.393 [FXGL Background Thread 3 ] DEBUG Engine               - class com.almasb.fxgl.achievement.AchievementService
12:37:16.393 [FXGL Background Thread 3 ] DEBUG Engine               - class com.almasb.fxgl.cutscene.CutsceneService
12:37:16.393 [FXGL Background Thread 3 ] DEBUG Engine               - class com.almasb.fxgl.minigames.MiniGameService
12:37:16.393 [FXGL Background Thread 3 ] DEBUG Engine               - class com.almasb.fxgl.net.NetService
12:37:16.393 [FXGL Background Thread 3 ] DEBUG Engine               - class com.almasb.fxgl.app.services.UpdaterService
12:37:16.393 [FXGL Background Thread 3 ] DEBUG Engine               - class com.almasb.fxgl.dev.DevService
12:37:18.876 [JavaFX Application Thread] DEBUG FXGLApplication      - Exiting FXGL
12:37:18.876 [JavaFX Application Thread] DEBUG LoopRunner           - Stopping loop
12:37:18.876 [JavaFX Application Thread] DEBUG SystemBundleService  - Saving FXGL system data
12:37:18.877 [JavaFX Application Thread] DEBUG FileSystemAccess     - Writing to: D:\FERMI-FEDE\4BIF_2021-2022\Informatica\Giochi\Pioneer-10\system\fxgl.bundle
12:37:18.879 [JavaFX Application Thread] DEBUG Async                - Shutting down background threads
12:37:18.879 [JavaFX Application Thread] DEBUG PrimaryStageWindow   - Closing main window
12:37:18.885 [JavaFX Application Thread] DEBUG Logger               - Closing Logger
