18:31:49.337 [main                     ] DEBUG Logger               - Configured Logger
18:31:49.454 [main                     ] DEBUG GameApplication      - Logging settings
Title: Pioneer-10
Terra
Version: 0.0
Width: 1200
Height: 640
Fullscreen: false
Intro: false
Profiling: false
Single step:false
App Mode: DEVELOPER
Menu Key: ESCAPE
Stage Style: DECORATED
Scene Factory: class com.almasb.fxgl.app.scene.SceneFactory

18:31:50.071 [JavaFX Application Thread] DEBUG FXGLApplication      - Initializing FXGL
18:31:50.091 [JavaFX Application Thread] INFO  Engine               - FXGL-17+dev-SNAPSHOT (22.04.2022 11.52) on WINDOWS (J:18.0.1 FX:18)
18:31:50.091 [JavaFX Application Thread] DEBUG Engine               - JRE Vendor Name: Oracle Corporation
18:31:50.092 [JavaFX Application Thread] DEBUG Engine               - Running on OS: Windows 10 version 10.0
18:31:50.092 [JavaFX Application Thread] DEBUG Engine               - Architecture: amd64
18:31:50.093 [JavaFX Application Thread] INFO  Engine               - Source code and latest versions at: https://github.com/AlmasB/FXGL
18:31:50.093 [JavaFX Application Thread] INFO  Engine               -       Ask questions and discuss at: https://github.com/AlmasB/FXGL/discussions
18:31:50.093 [JavaFX Application Thread] INFO  Engine               -              Join the FXGL chat at: https://gitter.im/AlmasB/FXGL
18:31:50.284 [JavaFX Application Thread] DEBUG PrimaryStageWindow   - Creating a JavaFX scene
18:31:50.378 [JavaFX Application Thread] DEBUG PrimaryStageWindow   - Target settings size: 1200.0 x 640.0
18:31:50.379 [JavaFX Application Thread] DEBUG PrimaryStageWindow   - Scaled scene size:    1200.0 x 640.0
18:31:50.380 [JavaFX Application Thread] DEBUG PrimaryStageWindow   - Scaled ratio: (1.0, 1.0)
18:31:50.382 [JavaFX Application Thread] DEBUG PrimaryStageWindow   - Set initial scene to FXGLStartupScene
18:31:50.401 [JavaFX Application Thread] DEBUG PrimaryStageWindow   - Opening main window
18:31:50.558 [JavaFX Application Thread] DEBUG PrimaryStageWindow   - Window border size: (16.0, 39.0)
18:31:50.559 [JavaFX Application Thread] DEBUG PrimaryStageWindow   - Scaled size: 1200.0 x 640.0
18:31:50.560 [JavaFX Application Thread] DEBUG PrimaryStageWindow   - Scaled ratio: (1.0, 1.0)
18:31:50.560 [JavaFX Application Thread] DEBUG PrimaryStageWindow   - Scene size: 1200.0 x 640.0
18:31:50.561 [JavaFX Application Thread] DEBUG PrimaryStageWindow   - Stage size: 1216.0 x 679.0
18:31:50.641 [FXGL Background Thread 1 ] DEBUG Engine               - Initializing environment variables
18:31:50.790 [FXGL Background Thread 1 ] DEBUG FXGLAssetLoaderServi - User app class for loading assets: class com.pioneer10.model.LivTerra
18:31:50.790 [FXGL Background Thread 1 ] DEBUG GameApplicationServi - Applying CSS: fxgl_dark.css
18:31:50.792 [FXGL Background Thread 1 ] DEBUG FXGLAssetLoaderServi - Loading from file system: jar:file:///C:/Users/Manuel/.m2/repository/com/github/almasb/fxgl/17+dev-SNAPSHOT/fxgl-17+dev-20220422.115207-44.jar!/fxglassets/ui/css/fxgl_dark.css
18:31:50.916 [FXGL Background Thread 1 ] DEBUG GameApplicationServi - Initializing application scenes
18:31:51.149 [FXGL Background Thread 1 ] DEBUG GameWorld            - Game world initialized
18:31:51.320 [FXGL Background Thread 1 ] DEBUG PhysicsWorld         - Physics world initialized: appHeight=640, physics.ppm=50,0
18:31:51.321 [FXGL Background Thread 1 ] DEBUG PhysicsWorld         - Using strategy: BRUTE_FORCE
18:31:51.329 [FXGL Background Thread 1 ] DEBUG GameScene            - Game scene initialized: 1200x640
18:31:51.356 [FXGL Background Thread 1 ] DEBUG FXGL.DefaultMenu     - createMenuBodyGameMenu()
18:31:51.387 [FXGL Background Thread 1 ] DEBUG FXGL.DefaultMenu     - createOptionsMenu()
18:31:51.414 [FXGL Background Thread 1 ] DEBUG FXGLAssetLoaderServi - Loading from file system: jar:file:///C:/Users/Manuel/.m2/repository/com/github/almasb/fxgl/17+dev-SNAPSHOT/fxgl-17+dev-20220422.115207-44.jar!/fxglassets/textures/particles/smoke.png
18:31:51.643 [FXGL Background Thread 1 ] DEBUG FXGLAssetLoaderServi - Loading from file system: jar:file:///C:/Users/Manuel/.m2/repository/com/github/almasb/fxgl/17+dev-SNAPSHOT/fxgl-17+dev-20220422.115207-44.jar!/fxglassets/textures/particles/trace_horizontal.png
18:31:51.718 [FXGL Background Thread 1 ] DEBUG GameApplicationServi - Application scenes initialized
18:31:51.746 [FXGL Background Thread 1 ] DEBUG SystemBundleService  - Loading FXGL system data
18:31:51.754 [FXGL Background Thread 1 ] DEBUG FileSystemAccess     - Reading from: C:\javafx-FXGL\pioneer-10\system\fxgl.bundle
18:31:51.773 [FXGL Background Thread 1 ] DEBUG SystemBundleService  - Bundle FXGL: {}
18:31:51.773 [FXGL Background Thread 1 ] DEBUG UpdaterService       - Checking for updates
18:31:51.782 [FXGL Background Thread 1 ] DEBUG FXGLApplication      - Loading default localization
18:31:51.784 [FXGL Background Thread 1 ] DEBUG FXGLAssetLoaderServi - Loading from file system: jar:file:///C:/Users/Manuel/.m2/repository/com/github/almasb/fxgl/17+dev-SNAPSHOT/fxgl-17+dev-20220422.115207-44.jar!/fxglassets/languages/english.lang
18:31:51.815 [FXGL Background Thread 1 ] INFO  FXGLApplication      - FXGL initialization took: 1,174 sec
18:31:51.833 [JavaFX Application Thread] DEBUG Input                - Registered new binding: Left - A
18:31:51.834 [JavaFX Application Thread] DEBUG Input                - Registered new binding: Right - D
18:31:51.835 [JavaFX Application Thread] DEBUG Input                - Registered new binding: Jump - Space
18:31:51.835 [JavaFX Application Thread] DEBUG FXGLAssetLoaderServi - Loading from file system: jar:file:///C:/Users/Manuel/.m2/repository/com/github/almasb/fxgl/17+dev-SNAPSHOT/fxgl-17+dev-20220422.115207-44.jar!/fxglassets/textures/fxgl_icon.png
18:31:51.882 [JavaFX Application Thread] DEBUG FXGLAssetLoaderServi - Loading from file system: jar:file:///C:/Users/Manuel/.m2/repository/com/github/almasb/fxgl/17+dev-SNAPSHOT/fxgl-17+dev-20220422.115207-44.jar!/fxglassets/textures/fxgl_default_cursor.png
18:31:51.887 [JavaFX Application Thread] DEBUG Input                - Registered new binding: Screenshot - CTRL+8
18:31:51.887 [JavaFX Application Thread] DEBUG Input                - Registered new binding: System info dump - CTRL+9
18:31:51.888 [JavaFX Application Thread] DEBUG Input                - Registered new binding: Restart - CTRL+R
18:31:51.889 [JavaFX Application Thread] DEBUG Input                - Registered new binding: Toggle Debug Camera - CTRL+7
18:31:51.892 [JavaFX Application Thread] DEBUG LoopRunner           - Starting loop
18:31:51.893 [JavaFX Application Thread] DEBUG LoopRunner           - Initializing JavaFX AnimationTimerLoop
18:31:51.897 [JavaFX Application Thread] DEBUG GameApplicationServi - Starting new game
18:31:51.898 [JavaFX Application Thread] DEBUG Input                - Clearing active input actions
18:31:51.920 [JavaFX Application Thread] DEBUG GameApplicationServi - Removing overlay from FXGLStartupScene and adding to FXGLLoadingScene
18:31:51.921 [JavaFX Application Thread] DEBUG PrimaryStageWindow   - FXGLStartupScene -> FXGLLoadingScene
18:31:51.921 [JavaFX Application Thread] DEBUG GameApplicationServi - Clearing previous game
18:31:51.921 [JavaFX Application Thread] DEBUG GameScene            - Clearing game scene
18:31:51.921 [JavaFX Application Thread] DEBUG GameWorld            - Clearing game world
18:31:51.922 [JavaFX Application Thread] DEBUG PhysicsWorld         - Clearing physics world
18:31:52.069 [FXGL Background Thread 1 ] DEBUG FXGLApplication      - Initializing game
18:31:52.144 [FXGL Background Thread 1 ] WARN  TMXLevelLoader       - TiledMap generated from 1.8.4. Supported version: 1.4.2. Some features may not be parsed fully.
18:31:52.219 [FXGL Background Thread 4 ] DEBUG FXGLApplication      - Loading fonts
18:31:52.220 [FXGL Background Thread 4 ] DEBUG FXGLAssetLoaderServi - Loading from file system: jar:file:///C:/Users/Manuel/.m2/repository/com/github/almasb/fxgl/17+dev-SNAPSHOT/fxgl-17+dev-20220422.115207-44.jar!/fxglassets/ui/fonts/VarelaRound-Regular.ttf
18:31:52.239 [FXGL Background Thread 1 ] DEBUG TMXLevelLoader       - Parsed TiledMap: file:/C:/javafx-FXGL/pioneer-10/target/classes/assets/levels/Terra/MappaTerra.tmx
18:31:52.240 [FXGL Background Thread 1 ] DEBUG TMXLevelLoader       - Creating tile layer entities
18:31:52.252 [FXGL Background Thread 1 ] DEBUG TilesetLoader        - Loading view for layer Livello tile 1
18:31:52.268 [FXGL Background Thread 1 ] DEBUG TilesetLoader        - Created buffer with size 4800.0x640.0
18:31:52.342 [FXGL Background Thread 1 ] WARN  TilesetLoader        - Diagonally flipped tiles are not currently supported
18:31:52.394 [FXGL Background Thread 1 ] WARN  TilesetLoader        - Diagonally flipped tiles are not currently supported
18:31:52.395 [FXGL Background Thread 1 ] WARN  TilesetLoader        - Diagonally flipped tiles are not currently supported
18:31:52.502 [FXGL Background Thread 1 ] WARN  TilesetLoader        - Objects (1).png cannot be loaded using mapURL=file:/C:/javafx-FXGL/pioneer-10/target/classes/assets/levels/Terra/MappaTerra.tmx
java.io.FileNotFoundException: C:\javafx-FXGL\pioneer-10\target\classes\assets\levels\Terra\Objects (1).png (Impossibile trovare il file specificato)
	at java.base/java.io.FileInputStream.open0(Native Method)
	at java.base/java.io.FileInputStream.open(FileInputStream.java:216)
	at java.base/java.io.FileInputStream.<init>(FileInputStream.java:157)
	at java.base/java.io.FileInputStream.<init>(FileInputStream.java:111)
	at java.base/sun.net.www.protocol.file.FileURLConnection.connect(FileURLConnection.java:86)
	at java.base/sun.net.www.protocol.file.FileURLConnection.getInputStream(FileURLConnection.java:189)
	at java.base/java.net.URL.openStream(URL.java:1161)
	at com.almasb.fxgl.entity@17+dev-SNAPSHOT/com.almasb.fxgl.entity.level.tiled.TilesetLoader.loadImage(TilesetLoader.kt:403)
	at com.almasb.fxgl.entity@17+dev-SNAPSHOT/com.almasb.fxgl.entity.level.tiled.TilesetLoader.loadView(TilesetLoader.kt:133)
	at com.almasb.fxgl.entity@17+dev-SNAPSHOT/com.almasb.fxgl.entity.level.tiled.TMXLevelLoader.createTileLayerEntities$lambda-4(TMXLevelLoader.kt:100)
	at java.base/java.util.stream.ReferencePipeline$3$1.accept(ReferencePipeline.java:197)
	at java.base/java.util.ArrayList$ArrayListSpliterator.forEachRemaining(ArrayList.java:1625)
	at java.base/java.util.stream.AbstractPipeline.copyInto(AbstractPipeline.java:509)
	at java.base/java.util.stream.AbstractPipeline.wrapAndCopyInto(AbstractPipeline.java:499)
	at java.base/java.util.stream.ReduceOps$ReduceOp.evaluateSequential(ReduceOps.java:921)
	at java.base/java.util.stream.AbstractPipeline.evaluate(AbstractPipeline.java:234)
	at java.base/java.util.stream.ReferencePipeline.collect(ReferencePipeline.java:682)
	at com.almasb.fxgl.entity@17+dev-SNAPSHOT/com.almasb.fxgl.entity.level.tiled.TMXLevelLoader.createTileLayerEntities(TMXLevelLoader.kt:117)
	at com.almasb.fxgl.entity@17+dev-SNAPSHOT/com.almasb.fxgl.entity.level.tiled.TMXLevelLoader.load(TMXLevelLoader.kt:58)
	at com.almasb.fxgl.all@17+dev-SNAPSHOT/com.almasb.fxgl.app.services.FXGLAssetLoaderService.loadLevel(FXGLAssetLoaderService.kt:446)
	at com.almasb.fxgl.all@17+dev-SNAPSHOT/com.almasb.fxgl.dsl.FXGL$Companion.setLevelFromMap(FXGL.kt:634)
	at com.almasb.fxgl.all@17+dev-SNAPSHOT/com.almasb.fxgl.dsl.FXGL.setLevelFromMap(FXGL.kt)
	at mario.main/com.pioneer10.model.LivTerra.initGame(LivTerra.java:35)
	at com.almasb.fxgl.all@17+dev-SNAPSHOT/com.almasb.fxgl.app.FXGLApplication$InitAppTask.initGame(FXGLApplication.kt:339)
	at com.almasb.fxgl.all@17+dev-SNAPSHOT/com.almasb.fxgl.app.FXGLApplication$InitAppTask.call(FXGLApplication.kt:319)
	at com.almasb.fxgl.all@17+dev-SNAPSHOT/com.almasb.fxgl.app.FXGLApplication$InitAppTask.call(FXGLApplication.kt:311)
	at javafx.graphics@18/javafx.concurrent.Task$TaskCallable.call(Task.java:1426)
	at java.base/java.util.concurrent.FutureTask.run(FutureTask.java:264)
	at java.base/java.util.concurrent.Executors$RunnableAdapter.call(Executors.java:539)
	at java.base/java.util.concurrent.FutureTask.run(FutureTask.java:264)
	at java.base/java.util.concurrent.ThreadPoolExecutor.runWorker(ThreadPoolExecutor.java:1136)
	at java.base/java.util.concurrent.ThreadPoolExecutor$Worker.run(ThreadPoolExecutor.java:635)
	at java.base/java.lang.Thread.run(Thread.java:833)

18:31:52.731 [FXGL Background Thread 1 ] WARN  TilesetLoader        - Diagonally flipped tiles are not currently supported
18:31:52.764 [FXGL Background Thread 1 ] WARN  TilesetLoader        - Diagonally flipped tiles are not currently supported
18:31:52.772 [FXGL Background Thread 1 ] DEBUG TilesetLoader        - Loading view for layer Livello tile 2
18:31:52.785 [FXGL Background Thread 1 ] DEBUG TilesetLoader        - Created buffer with size 4800.0x640.0
18:31:52.789 [FXGL Background Thread 1 ] DEBUG TilesetLoader        - Loading view for layer Livello tile 3
18:31:52.794 [FXGL Background Thread 1 ] DEBUG TilesetLoader        - Created buffer with size 4800.0x640.0
18:31:52.796 [FXGL Background Thread 1 ] DEBUG TMXLevelLoader       - Creating object layer entities
18:31:53.142 [FXGL Background Thread 1 ] WARN  TMXLevelLoader       - Parse error
java.lang.IllegalArgumentException: No EntityFactory has a method annotated @Spawns()
	at com.almasb.fxgl.entity@17+dev-SNAPSHOT/com.almasb.fxgl.entity.GameWorld.create(GameWorld.kt:413)
	at com.almasb.fxgl.entity@17+dev-SNAPSHOT/com.almasb.fxgl.entity.level.tiled.TMXLevelLoader.createObjectLayerEntities(TMXLevelLoader.kt:154)
	at com.almasb.fxgl.entity@17+dev-SNAPSHOT/com.almasb.fxgl.entity.level.tiled.TMXLevelLoader.load(TMXLevelLoader.kt:60)
	at com.almasb.fxgl.all@17+dev-SNAPSHOT/com.almasb.fxgl.app.services.FXGLAssetLoaderService.loadLevel(FXGLAssetLoaderService.kt:446)
	at com.almasb.fxgl.all@17+dev-SNAPSHOT/com.almasb.fxgl.dsl.FXGL$Companion.setLevelFromMap(FXGL.kt:634)
	at com.almasb.fxgl.all@17+dev-SNAPSHOT/com.almasb.fxgl.dsl.FXGL.setLevelFromMap(FXGL.kt)
	at mario.main/com.pioneer10.model.LivTerra.initGame(LivTerra.java:35)
	at com.almasb.fxgl.all@17+dev-SNAPSHOT/com.almasb.fxgl.app.FXGLApplication$InitAppTask.initGame(FXGLApplication.kt:339)
	at com.almasb.fxgl.all@17+dev-SNAPSHOT/com.almasb.fxgl.app.FXGLApplication$InitAppTask.call(FXGLApplication.kt:319)
	at com.almasb.fxgl.all@17+dev-SNAPSHOT/com.almasb.fxgl.app.FXGLApplication$InitAppTask.call(FXGLApplication.kt:311)
	at javafx.graphics@18/javafx.concurrent.Task$TaskCallable.call(Task.java:1426)
	at java.base/java.util.concurrent.FutureTask.run(FutureTask.java:264)
	at java.base/java.util.concurrent.Executors$RunnableAdapter.call(Executors.java:539)
	at java.base/java.util.concurrent.FutureTask.run(FutureTask.java:264)
	at java.base/java.util.concurrent.ThreadPoolExecutor.runWorker(ThreadPoolExecutor.java:1136)
	at java.base/java.util.concurrent.ThreadPoolExecutor$Worker.run(ThreadPoolExecutor.java:635)
	at java.base/java.lang.Thread.run(Thread.java:833)

18:31:53.761 [FXGL Background Thread 2 ] INFO  UpdaterService       - Your current version:  17+dev-SNAPSHOT
18:31:53.811 [FXGL Background Thread 2 ] INFO  UpdaterService       - Latest stable version: 17.1
18:31:53.819 [JavaFX Application Thread] DEBUG LoopRunner           - Stopping loop
18:31:53.820 [JavaFX Application Thread] FATAL FXGLApplication      - Uncaught Exception:
java.lang.RuntimeException: Initialization failed
	at com.almasb.fxgl.all@17+dev-SNAPSHOT/com.almasb.fxgl.app.FXGLApplication$InitAppTask.failed(FXGLApplication.kt:343)
	at javafx.graphics@18/javafx.concurrent.Task.setState(Task.java:710)
	at javafx.graphics@18/javafx.concurrent.Task$TaskCallable.lambda$call$2(Task.java:1456)
	at javafx.graphics@18/com.sun.javafx.application.PlatformImpl.lambda$runLater$10(PlatformImpl.java:457)
	at java.base/java.security.AccessController.doPrivileged(AccessController.java:399)
	at javafx.graphics@18/com.sun.javafx.application.PlatformImpl.lambda$runLater$11(PlatformImpl.java:456)
	at javafx.graphics@18/com.sun.glass.ui.InvokeLaterDispatcher$Future.run(InvokeLaterDispatcher.java:96)
	at javafx.graphics@18/com.sun.glass.ui.win.WinApplication._runLoop(Native Method)
	at javafx.graphics@18/com.sun.glass.ui.win.WinApplication.lambda$runLoop$3(WinApplication.java:184)
	at java.base/java.lang.Thread.run(Thread.java:833)
Caused by: com.almasb.fxgl.entity.level.LevelLoadingException: No EntityFactory has a method annotated @Spawns()
	at com.almasb.fxgl.entity@17+dev-SNAPSHOT/com.almasb.fxgl.entity.level.tiled.TMXLevelLoader.load(TMXLevelLoader.kt:78)
	at com.almasb.fxgl.all@17+dev-SNAPSHOT/com.almasb.fxgl.app.services.FXGLAssetLoaderService.loadLevel(FXGLAssetLoaderService.kt:446)
	at com.almasb.fxgl.all@17+dev-SNAPSHOT/com.almasb.fxgl.dsl.FXGL$Companion.setLevelFromMap(FXGL.kt:634)
	at com.almasb.fxgl.all@17+dev-SNAPSHOT/com.almasb.fxgl.dsl.FXGL.setLevelFromMap(FXGL.kt)
	at mario.main/com.pioneer10.model.LivTerra.initGame(LivTerra.java:35)
	at com.almasb.fxgl.all@17+dev-SNAPSHOT/com.almasb.fxgl.app.FXGLApplication$InitAppTask.initGame(FXGLApplication.kt:339)
	at com.almasb.fxgl.all@17+dev-SNAPSHOT/com.almasb.fxgl.app.FXGLApplication$InitAppTask.call(FXGLApplication.kt:319)
	at com.almasb.fxgl.all@17+dev-SNAPSHOT/com.almasb.fxgl.app.FXGLApplication$InitAppTask.call(FXGLApplication.kt:311)
	at javafx.graphics@18/javafx.concurrent.Task$TaskCallable.call(Task.java:1426)
	at java.base/java.util.concurrent.FutureTask.run(FutureTask.java:264)
	at java.base/java.util.concurrent.Executors$RunnableAdapter.call(Executors.java:539)
	at java.base/java.util.concurrent.FutureTask.run(FutureTask.java:264)
	at java.base/java.util.concurrent.ThreadPoolExecutor.runWorker(ThreadPoolExecutor.java:1136)
	at java.base/java.util.concurrent.ThreadPoolExecutor$Worker.run(ThreadPoolExecutor.java:635)
	... 1 more
Caused by: java.lang.IllegalArgumentException: No EntityFactory has a method annotated @Spawns()
	at com.almasb.fxgl.entity@17+dev-SNAPSHOT/com.almasb.fxgl.entity.GameWorld.create(GameWorld.kt:413)
	at com.almasb.fxgl.entity@17+dev-SNAPSHOT/com.almasb.fxgl.entity.level.tiled.TMXLevelLoader.createObjectLayerEntities(TMXLevelLoader.kt:154)
	at com.almasb.fxgl.entity@17+dev-SNAPSHOT/com.almasb.fxgl.entity.level.tiled.TMXLevelLoader.load(TMXLevelLoader.kt:60)
	... 14 more

18:31:53.821 [JavaFX Application Thread] FATAL FXGLApplication      - Application will now exit
18:31:53.860 [JavaFX Application Thread] DEBUG PrimaryStageWindow   - Push state: ErrorSubScene
18:31:53.861 [JavaFX Application Thread] DEBUG Input                - Clearing active input actions
18:31:53.874 [JavaFX Application Thread] DEBUG GameApplicationServi - Removing overlay from FXGLLoadingScene and adding to ErrorSubScene
18:31:53.875 [JavaFX Application Thread] DEBUG PrimaryStageWindow   - FXGLLoadingScene -> ErrorSubScene
18:31:54.782 [FXGL Background Thread 3 ] DEBUG Engine               - Logging environment variables
18:31:54.784 [FXGL Background Thread 3 ] DEBUG Engine               - achievements: []
18:31:54.784 [FXGL Background Thread 3 ] DEBUG Engine               - actualHeight: 640.0
18:31:54.785 [FXGL Background Thread 3 ] DEBUG Engine               - actualHeightProperty: ReadOnlyDoubleProperty [value: 640.0]
18:31:54.785 [FXGL Background Thread 3 ] DEBUG Engine               - actualWidth: 1200.0
18:31:54.786 [FXGL Background Thread 3 ] DEBUG Engine               - actualWidthProperty: ReadOnlyDoubleProperty [value: 1200.0]
18:31:54.786 [FXGL Background Thread 3 ] DEBUG Engine               - appIcon: fxgl_icon.png
18:31:54.786 [FXGL Background Thread 3 ] DEBUG Engine               - applicationMode: DEVELOPER
18:31:54.786 [FXGL Background Thread 3 ] DEBUG Engine               - cSSList: [fxgl_dark.css]
18:31:54.786 [FXGL Background Thread 3 ] DEBUG Engine               - collisionDetectionStrategy: BRUTE_FORCE
18:31:54.786 [FXGL Background Thread 3 ] DEBUG Engine               - configClass: Optional.empty
18:31:54.786 [FXGL Background Thread 3 ] DEBUG Engine               - credits: []
18:31:54.787 [FXGL Background Thread 3 ] DEBUG Engine               - defaultCursor: CursorInfo(imageName=fxgl_default_cursor.png, hotspotX=7.0, hotspotY=6.0)
18:31:54.788 [FXGL Background Thread 3 ] DEBUG Engine               - devBBoxColorProperty: ObjectProperty [value: 0xff0000ff]
18:31:54.788 [FXGL Background Thread 3 ] DEBUG Engine               - devEnableDebugCameraProperty: BooleanProperty [value: false]
18:31:54.788 [FXGL Background Thread 3 ] DEBUG Engine               - devSensorColorProperty: ObjectProperty [value: 0xffff00ff]
18:31:54.788 [FXGL Background Thread 3 ] DEBUG Engine               - devShowBBoxProperty: BooleanProperty [value: false]
18:31:54.788 [FXGL Background Thread 3 ] DEBUG Engine               - devShowPositionProperty: BooleanProperty [value: false]
18:31:54.788 [FXGL Background Thread 3 ] DEBUG Engine               - enabledMenuItems: []
18:31:54.788 [FXGL Background Thread 3 ] DEBUG Engine               - engineServices: [class com.almasb.fxgl.app.services.FXGLAssetLoaderService, class com.almasb.fxgl.app.FXGLApplication$GameApplicationService, class com.almasb.fxgl.app.services.FXGLDialogService, class com.almasb.fxgl.app.services.IOTaskExecutorService, class com.almasb.fxgl.io.FileSystemService, class com.almasb.fxgl.localization.LocalizationService, class com.almasb.fxgl.app.services.SystemBundleService, class com.almasb.fxgl.profile.SaveLoadService, class com.almasb.fxgl.ui.FXGLUIFactoryServiceProvider, class com.almasb.fxgl.ui.FXGLDialogFactoryServiceProvider, class com.almasb.fxgl.audio.AudioPlayer, class com.almasb.fxgl.notification.impl.NotificationServiceProvider, class com.almasb.fxgl.achievement.AchievementService, class com.almasb.fxgl.cutscene.CutsceneService, class com.almasb.fxgl.minigames.MiniGameService, class com.almasb.fxgl.net.NetService, class com.almasb.fxgl.app.services.UpdaterService, class com.almasb.fxgl.dev.DevService]
18:31:54.788 [FXGL Background Thread 3 ] DEBUG Engine               - fontGame: Abel-Regular.ttf
18:31:54.789 [FXGL Background Thread 3 ] DEBUG Engine               - fontMono: TerminalLandMono-Regular.otf
18:31:54.789 [FXGL Background Thread 3 ] DEBUG Engine               - fontText: Courier-Prime.ttf
18:31:54.789 [FXGL Background Thread 3 ] DEBUG Engine               - fontUI: VarelaRound-Regular.ttf
18:31:54.789 [FXGL Background Thread 3 ] DEBUG Engine               - fullScreen: BooleanProperty [value: false]
18:31:54.789 [FXGL Background Thread 3 ] DEBUG Engine               - gameDifficulty: MEDIUM
18:31:54.789 [FXGL Background Thread 3 ] DEBUG Engine               - gameDifficultyProperty: ObjectProperty [value: MEDIUM]
18:31:54.789 [FXGL Background Thread 3 ] DEBUG Engine               - globalMusicVolume: 0.5
18:31:54.789 [FXGL Background Thread 3 ] DEBUG Engine               - globalMusicVolumeProperty: DoubleProperty [value: 0.5]
18:31:54.789 [FXGL Background Thread 3 ] DEBUG Engine               - globalSoundVolume: 0.5
18:31:54.790 [FXGL Background Thread 3 ] DEBUG Engine               - globalSoundVolumeProperty: DoubleProperty [value: 0.5]
18:31:54.790 [FXGL Background Thread 3 ] DEBUG Engine               - height: 640
18:31:54.790 [FXGL Background Thread 3 ] DEBUG Engine               - is3D: false
18:31:54.790 [FXGL Background Thread 3 ] DEBUG Engine               - isAndroid: false
18:31:54.790 [FXGL Background Thread 3 ] DEBUG Engine               - isBrowser: false
18:31:54.790 [FXGL Background Thread 3 ] DEBUG Engine               - isClickFeedbackEnabled: false
18:31:54.790 [FXGL Background Thread 3 ] DEBUG Engine               - isCloseConfirmation: false
18:31:54.790 [FXGL Background Thread 3 ] DEBUG Engine               - isDesktop: true
18:31:54.791 [FXGL Background Thread 3 ] DEBUG Engine               - isDeveloperMenuEnabled: false
18:31:54.791 [FXGL Background Thread 3 ] DEBUG Engine               - isEmbedded: false
18:31:54.791 [FXGL Background Thread 3 ] DEBUG Engine               - isEntityPreloadEnabled: true
18:31:54.791 [FXGL Background Thread 3 ] DEBUG Engine               - isExperimentalTiledLargeMap: false
18:31:54.791 [FXGL Background Thread 3 ] DEBUG Engine               - isFileSystemWriteAllowed: true
18:31:54.791 [FXGL Background Thread 3 ] DEBUG Engine               - isFullScreenAllowed: false
18:31:54.791 [FXGL Background Thread 3 ] DEBUG Engine               - isFullScreenFromStart: false
18:31:54.791 [FXGL Background Thread 3 ] DEBUG Engine               - isGameMenuEnabled: true
18:31:54.791 [FXGL Background Thread 3 ] DEBUG Engine               - isIOS: false
18:31:54.791 [FXGL Background Thread 3 ] DEBUG Engine               - isIntroEnabled: false
18:31:54.791 [FXGL Background Thread 3 ] DEBUG Engine               - isLinux: false
18:31:54.791 [FXGL Background Thread 3 ] DEBUG Engine               - isMac: false
18:31:54.792 [FXGL Background Thread 3 ] DEBUG Engine               - isMainMenuEnabled: false
18:31:54.792 [FXGL Background Thread 3 ] DEBUG Engine               - isManualResizeEnabled: false
18:31:54.792 [FXGL Background Thread 3 ] DEBUG Engine               - isMobile: false
18:31:54.792 [FXGL Background Thread 3 ] DEBUG Engine               - isNative: false
18:31:54.792 [FXGL Background Thread 3 ] DEBUG Engine               - isPauseMusicWhenMinimized: true
18:31:54.792 [FXGL Background Thread 3 ] DEBUG Engine               - isPreserveResizeRatio: false
18:31:54.792 [FXGL Background Thread 3 ] DEBUG Engine               - isProfilingEnabled: false
18:31:54.792 [FXGL Background Thread 3 ] DEBUG Engine               - isScaleAffectedOnResize: true
18:31:54.792 [FXGL Background Thread 3 ] DEBUG Engine               - isSingleStep: false
18:31:54.792 [FXGL Background Thread 3 ] DEBUG Engine               - isUserProfileEnabled: false
18:31:54.792 [FXGL Background Thread 3 ] DEBUG Engine               - isWindows: true
18:31:54.792 [FXGL Background Thread 3 ] DEBUG Engine               - language: ObjectProperty [value: ENGLISH]
18:31:54.793 [FXGL Background Thread 3 ] DEBUG Engine               - menuKey: ESCAPE
18:31:54.794 [FXGL Background Thread 3 ] DEBUG Engine               - mouseSensitivity: 0.2
18:31:54.794 [FXGL Background Thread 3 ] DEBUG Engine               - notificationViewClass: class com.almasb.fxgl.notification.view.XboxNotificationView
18:31:54.794 [FXGL Background Thread 3 ] DEBUG Engine               - pixelsPerMeter: 50.0
18:31:54.794 [FXGL Background Thread 3 ] DEBUG Engine               - platform: WINDOWS
18:31:54.794 [FXGL Background Thread 3 ] DEBUG Engine               - prefHeightProperty: ReadOnlyDoubleProperty [value: 640.0]
18:31:54.794 [FXGL Background Thread 3 ] DEBUG Engine               - prefWidthProperty: ReadOnlyDoubleProperty [value: 1200.0]
18:31:54.794 [FXGL Background Thread 3 ] DEBUG Engine               - profileDir: profiles/
18:31:54.794 [FXGL Background Thread 3 ] DEBUG Engine               - profileName: StringProperty [value: DEFAULT]
18:31:54.795 [FXGL Background Thread 3 ] DEBUG Engine               - randomSeed: -1
18:31:54.795 [FXGL Background Thread 3 ] DEBUG Engine               - runtimeInfo: RuntimeInfo(platform=WINDOWS, version=17+dev-SNAPSHOT, build=22.04.2022 11.52)
18:31:54.795 [FXGL Background Thread 3 ] DEBUG Engine               - saveFileExt: sav
18:31:54.796 [FXGL Background Thread 3 ] DEBUG Engine               - scaledHeightProp$fxgl: DoubleProperty [bound, value: 640.0]
18:31:54.796 [FXGL Background Thread 3 ] DEBUG Engine               - scaledWidthProp$fxgl: DoubleProperty [bound, value: 1200.0]
18:31:54.796 [FXGL Background Thread 3 ] DEBUG Engine               - sceneFactory: com.almasb.fxgl.app.scene.SceneFactory@34fabff7
18:31:54.796 [FXGL Background Thread 3 ] DEBUG Engine               - secondsIn24h: 60
18:31:54.796 [FXGL Background Thread 3 ] DEBUG Engine               - soundMenuBack: menu/back.wav
18:31:54.796 [FXGL Background Thread 3 ] DEBUG Engine               - soundMenuPress: menu/press.wav
18:31:54.796 [FXGL Background Thread 3 ] DEBUG Engine               - soundMenuSelect: menu/select.wav
18:31:54.796 [FXGL Background Thread 3 ] DEBUG Engine               - soundNotification: core/notification.wav
18:31:54.796 [FXGL Background Thread 3 ] DEBUG Engine               - stageStyle: DECORATED
18:31:54.796 [FXGL Background Thread 3 ] DEBUG Engine               - supportedLanguages: [ENGLISH, FRENCH, GERMAN, HUNGARIAN, RUSSIAN]
18:31:54.796 [FXGL Background Thread 3 ] DEBUG Engine               - ticksPerSecond: -1
18:31:54.796 [FXGL Background Thread 3 ] DEBUG Engine               - title: Pioneer-10
Terra
18:31:54.796 [FXGL Background Thread 3 ] DEBUG Engine               - urlGithub: https://github.com/AlmasB/FXGL
18:31:54.796 [FXGL Background Thread 3 ] DEBUG Engine               - urlLeaderboard: http://fxgl-top.herokuapp.com/
18:31:54.798 [FXGL Background Thread 3 ] DEBUG Engine               - urlPOM: https://raw.githubusercontent.com/AlmasB/FXGL/release/README.md
18:31:54.798 [FXGL Background Thread 3 ] DEBUG Engine               - userAppClass: class com.pioneer10.model.LivTerra
18:31:54.799 [FXGL Background Thread 3 ] DEBUG Engine               - version: 0.0
18:31:54.799 [FXGL Background Thread 3 ] DEBUG Engine               - versionCheckDays: 7
18:31:54.800 [FXGL Background Thread 3 ] DEBUG Engine               - width: 1200
18:31:54.800 [FXGL Background Thread 3 ] DEBUG Engine               - Logging services
18:31:54.801 [FXGL Background Thread 3 ] DEBUG Engine               - class com.almasb.fxgl.app.services.FXGLAssetLoaderService
18:31:54.801 [FXGL Background Thread 3 ] DEBUG Engine               - class com.almasb.fxgl.app.FXGLApplication$GameApplicationService
18:31:54.801 [FXGL Background Thread 3 ] DEBUG Engine               - class com.almasb.fxgl.app.services.FXGLDialogService
18:31:54.802 [FXGL Background Thread 3 ] DEBUG Engine               - class com.almasb.fxgl.app.services.IOTaskExecutorService
18:31:54.802 [FXGL Background Thread 3 ] DEBUG Engine               - class com.almasb.fxgl.io.FileSystemService
18:31:54.802 [FXGL Background Thread 3 ] DEBUG Engine               - class com.almasb.fxgl.localization.LocalizationService
18:31:54.802 [FXGL Background Thread 3 ] DEBUG Engine               - class com.almasb.fxgl.app.services.SystemBundleService
18:31:54.802 [FXGL Background Thread 3 ] DEBUG Engine               - class com.almasb.fxgl.profile.SaveLoadService
18:31:54.803 [FXGL Background Thread 3 ] DEBUG Engine               - class com.almasb.fxgl.ui.FXGLUIFactoryServiceProvider
18:31:54.803 [FXGL Background Thread 3 ] DEBUG Engine               - class com.almasb.fxgl.ui.FXGLDialogFactoryServiceProvider
18:31:54.803 [FXGL Background Thread 3 ] DEBUG Engine               - class com.almasb.fxgl.audio.AudioPlayer
18:31:54.803 [FXGL Background Thread 3 ] DEBUG Engine               - class com.almasb.fxgl.notification.impl.NotificationServiceProvider
18:31:54.803 [FXGL Background Thread 3 ] DEBUG Engine               - class com.almasb.fxgl.achievement.AchievementService
18:31:54.803 [FXGL Background Thread 3 ] DEBUG Engine               - class com.almasb.fxgl.cutscene.CutsceneService
18:31:54.803 [FXGL Background Thread 3 ] DEBUG Engine               - class com.almasb.fxgl.minigames.MiniGameService
18:31:54.803 [FXGL Background Thread 3 ] DEBUG Engine               - class com.almasb.fxgl.net.NetService
18:31:54.803 [FXGL Background Thread 3 ] DEBUG Engine               - class com.almasb.fxgl.app.services.UpdaterService
18:31:54.803 [FXGL Background Thread 3 ] DEBUG Engine               - class com.almasb.fxgl.dev.DevService
18:32:00.738 [FXGL Background Thread 4 ] DEBUG FXGLAssetLoaderServi - Loading from file system: jar:file:///C:/Users/Manuel/.m2/repository/com/github/almasb/fxgl/17+dev-SNAPSHOT/fxgl-17+dev-20220422.115207-44.jar!/fxglassets/ui/fonts/Abel-Regular.ttf
18:32:00.755 [FXGL Background Thread 4 ] DEBUG FXGLAssetLoaderServi - Loading from file system: jar:file:///C:/Users/Manuel/.m2/repository/com/github/almasb/fxgl/17+dev-SNAPSHOT/fxgl-17+dev-20220422.115207-44.jar!/fxglassets/ui/fonts/TerminalLandMono-Regular.otf
18:32:00.774 [FXGL Background Thread 4 ] DEBUG FXGLAssetLoaderServi - Loading from file system: jar:file:///C:/Users/Manuel/.m2/repository/com/github/almasb/fxgl/17+dev-SNAPSHOT/fxgl-17+dev-20220422.115207-44.jar!/fxglassets/ui/fonts/Courier-Prime.ttf
18:32:00.798 [JavaFX Application Thread] DEBUG FXGLApplication      - Registering font factories with UI factory
18:32:02.240 [JavaFX Application Thread] DEBUG FXGLApplication      - Exiting FXGL
18:32:02.240 [JavaFX Application Thread] DEBUG Async                - Shutting down background threads
18:32:02.240 [JavaFX Application Thread] DEBUG PrimaryStageWindow   - Closing main window
18:32:02.306 [JavaFX Application Thread] DEBUG Logger               - Closing Logger
