17:44:48.183 [main                     ] DEBUG Logger               - Configured Logger
17:44:48.237 [main                     ] DEBUG GameApplication      - Logging settings
Title: Pioneer-10
Giove
Version: 0.0
Width: 1200
Height: 800
Fullscreen: false
Intro: false
Profiling: false
Single step:false
App Mode: DEVELOPER
Menu Key: ESCAPE
Stage Style: DECORATED
Scene Factory: class com.almasb.fxgl.app.scene.SceneFactory

17:44:48.657 [JavaFX Application Thread] DEBUG FXGLApplication      - Initializing FXGL
17:44:48.665 [JavaFX Application Thread] INFO  Engine               - FXGL-17+dev-SNAPSHOT (22.04.2022 11.52) on WINDOWS (J:17 FX:18)
17:44:48.666 [JavaFX Application Thread] DEBUG Engine               - JRE Vendor Name: Oracle Corporation
17:44:48.666 [JavaFX Application Thread] DEBUG Engine               - Running on OS: Windows 10 version 10.0
17:44:48.666 [JavaFX Application Thread] DEBUG Engine               - Architecture: amd64
17:44:48.667 [JavaFX Application Thread] INFO  Engine               - Source code and latest versions at: https://github.com/AlmasB/FXGL
17:44:48.667 [JavaFX Application Thread] INFO  Engine               -       Ask questions and discuss at: https://github.com/AlmasB/FXGL/discussions
17:44:48.667 [JavaFX Application Thread] INFO  Engine               -              Join the FXGL chat at: https://gitter.im/AlmasB/FXGL
17:44:48.778 [JavaFX Application Thread] DEBUG PrimaryStageWindow   - Creating a JavaFX scene
17:44:48.833 [JavaFX Application Thread] DEBUG PrimaryStageWindow   - Target settings size: 1200.0 x 800.0
17:44:48.834 [JavaFX Application Thread] DEBUG PrimaryStageWindow   - Scaled scene size:    1200.0 x 800.0
17:44:48.835 [JavaFX Application Thread] DEBUG PrimaryStageWindow   - Scaled ratio: (1.0, 1.0)
17:44:48.836 [JavaFX Application Thread] DEBUG PrimaryStageWindow   - Set initial scene to FXGLStartupScene
17:44:48.845 [JavaFX Application Thread] DEBUG PrimaryStageWindow   - Opening main window
17:44:48.955 [JavaFX Application Thread] DEBUG PrimaryStageWindow   - Window border size: (14.4000244140625, 37.5999755859375)
17:44:48.955 [JavaFX Application Thread] DEBUG PrimaryStageWindow   - Scaled size: 1200.0 x 800.0
17:44:48.956 [JavaFX Application Thread] DEBUG PrimaryStageWindow   - Scaled ratio: (1.0, 1.0)
17:44:48.957 [JavaFX Application Thread] DEBUG PrimaryStageWindow   - Scene size: 1200.0 x 800.0
17:44:48.958 [JavaFX Application Thread] DEBUG PrimaryStageWindow   - Stage size: 1214.4000244140625 x 837.5999755859375
17:44:48.972 [FXGL Background Thread 1 ] DEBUG Engine               - Initializing environment variables
17:44:49.027 [FXGL Background Thread 1 ] DEBUG FXGLAssetLoaderServi - User app class for loading assets: class com.pioneer10.model.LivGiove
17:44:49.028 [FXGL Background Thread 1 ] DEBUG GameApplicationServi - Applying CSS: fxgl_dark.css
17:44:49.029 [FXGL Background Thread 1 ] DEBUG FXGLAssetLoaderServi - Loading from file system: jar:file:///C:/Users/mattu/.m2/repository/com/github/almasb/fxgl/17+dev-SNAPSHOT/fxgl-17+dev-20220422.115207-44.jar!/fxglassets/ui/css/fxgl_dark.css
17:44:49.110 [FXGL Background Thread 1 ] DEBUG GameApplicationServi - Initializing application scenes
17:44:49.186 [FXGL Background Thread 1 ] DEBUG GameWorld            - Game world initialized
17:44:49.302 [FXGL Background Thread 1 ] DEBUG PhysicsWorld         - Physics world initialized: appHeight=800, physics.ppm=50,0
17:44:49.303 [FXGL Background Thread 1 ] DEBUG PhysicsWorld         - Using strategy: BRUTE_FORCE
17:44:49.311 [FXGL Background Thread 1 ] DEBUG GameScene            - Game scene initialized: 1200x800
17:44:49.335 [FXGL Background Thread 1 ] DEBUG FXGL.DefaultMenu     - createMenuBodyGameMenu()
17:44:49.357 [FXGL Background Thread 1 ] DEBUG FXGL.DefaultMenu     - createOptionsMenu()
17:44:49.374 [FXGL Background Thread 1 ] DEBUG FXGLAssetLoaderServi - Loading from file system: jar:file:///C:/Users/mattu/.m2/repository/com/github/almasb/fxgl/17+dev-SNAPSHOT/fxgl-17+dev-20220422.115207-44.jar!/fxglassets/textures/particles/smoke.png
17:44:49.492 [FXGL Background Thread 1 ] DEBUG FXGLAssetLoaderServi - Loading from file system: jar:file:///C:/Users/mattu/.m2/repository/com/github/almasb/fxgl/17+dev-SNAPSHOT/fxgl-17+dev-20220422.115207-44.jar!/fxglassets/textures/particles/trace_horizontal.png
17:44:49.534 [FXGL Background Thread 1 ] DEBUG GameApplicationServi - Application scenes initialized
17:44:49.555 [FXGL Background Thread 1 ] DEBUG SystemBundleService  - Loading FXGL system data
17:44:49.565 [FXGL Background Thread 1 ] DEBUG FileSystemAccess     - Reading from: D:\FERMI-FEDE\4BIF_2021-2022\Informatica\gioco\system\fxgl.bundle
17:44:49.577 [FXGL Background Thread 1 ] DEBUG SystemBundleService  - Bundle FXGL: {}
17:44:49.577 [FXGL Background Thread 1 ] DEBUG UpdaterService       - Checking for updates
17:44:49.587 [FXGL Background Thread 1 ] DEBUG FXGLApplication      - Loading default localization
17:44:49.589 [FXGL Background Thread 1 ] DEBUG FXGLAssetLoaderServi - Loading from file system: jar:file:///C:/Users/mattu/.m2/repository/com/github/almasb/fxgl/17+dev-SNAPSHOT/fxgl-17+dev-20220422.115207-44.jar!/fxglassets/languages/english.lang
17:44:49.619 [FXGL Background Thread 1 ] INFO  FXGLApplication      - FXGL initialization took: 0,647 sec
17:44:49.619 [FXGL Background Thread 4 ] DEBUG FXGLApplication      - Loading fonts
17:44:49.620 [FXGL Background Thread 4 ] DEBUG FXGLAssetLoaderServi - Loading from file system: jar:file:///C:/Users/mattu/.m2/repository/com/github/almasb/fxgl/17+dev-SNAPSHOT/fxgl-17+dev-20220422.115207-44.jar!/fxglassets/ui/fonts/VarelaRound-Regular.ttf
17:44:49.635 [JavaFX Application Thread] DEBUG Input                - Registered new binding: Left - A
17:44:49.636 [JavaFX Application Thread] DEBUG Input                - Registered new binding: Right - D
17:44:49.636 [JavaFX Application Thread] DEBUG Input                - Registered new binding: Jump - Space
17:44:49.637 [JavaFX Application Thread] DEBUG FXGLAssetLoaderServi - Loading from file system: jar:file:///C:/Users/mattu/.m2/repository/com/github/almasb/fxgl/17+dev-SNAPSHOT/fxgl-17+dev-20220422.115207-44.jar!/fxglassets/textures/fxgl_icon.png
17:44:49.670 [JavaFX Application Thread] DEBUG FXGLAssetLoaderServi - Loading from file system: jar:file:///C:/Users/mattu/.m2/repository/com/github/almasb/fxgl/17+dev-SNAPSHOT/fxgl-17+dev-20220422.115207-44.jar!/fxglassets/textures/fxgl_default_cursor.png
17:44:49.674 [JavaFX Application Thread] DEBUG Input                - Registered new binding: Screenshot - CTRL+8
17:44:49.677 [JavaFX Application Thread] DEBUG Input                - Registered new binding: System info dump - CTRL+9
17:44:49.678 [JavaFX Application Thread] DEBUG Input                - Registered new binding: Restart - CTRL+R
17:44:49.679 [JavaFX Application Thread] DEBUG Input                - Registered new binding: Toggle Debug Camera - CTRL+7
17:44:49.683 [JavaFX Application Thread] DEBUG LoopRunner           - Starting loop
17:44:49.684 [JavaFX Application Thread] DEBUG LoopRunner           - Initializing JavaFX AnimationTimerLoop
17:44:49.687 [JavaFX Application Thread] DEBUG GameApplicationServi - Starting new game
17:44:49.688 [JavaFX Application Thread] DEBUG Input                - Clearing active input actions
17:44:49.710 [JavaFX Application Thread] DEBUG GameApplicationServi - Removing overlay from FXGLStartupScene and adding to FXGLLoadingScene
17:44:49.711 [JavaFX Application Thread] DEBUG PrimaryStageWindow   - FXGLStartupScene -> FXGLLoadingScene
17:44:49.712 [JavaFX Application Thread] DEBUG GameApplicationServi - Clearing previous game
17:44:49.712 [JavaFX Application Thread] DEBUG GameScene            - Clearing game scene
17:44:49.712 [JavaFX Application Thread] DEBUG GameWorld            - Clearing game world
17:44:49.713 [JavaFX Application Thread] DEBUG PhysicsWorld         - Clearing physics world
17:44:49.716 [FXGL Background Thread 1 ] DEBUG FXGLApplication      - Initializing game
17:44:49.779 [FXGL Background Thread 1 ] WARN  TMXLevelLoader       - TiledMap generated from 1.8.4. Supported version: 1.4.2. Some features may not be parsed fully.
17:44:49.845 [FXGL Background Thread 1 ] DEBUG TMXLevelLoader       - Parsed TiledMap: file:/D:/FERMI-FEDE/4BIF_2021-2022/Informatica/gioco/target/classes/assets/levels/Giove/Giove.tmx
17:44:49.847 [FXGL Background Thread 1 ] DEBUG TMXLevelLoader       - Creating tile layer entities
17:44:49.849 [FXGL Background Thread 1 ] DEBUG TilesetLoader        - Loading view for layer Livello tile 1
17:44:49.860 [FXGL Background Thread 1 ] DEBUG TilesetLoader        - Created buffer with size 5760.0x800.0
17:44:49.882 [FXGL Background Thread 4 ] DEBUG FXGLAssetLoaderServi - Loading from file system: jar:file:///C:/Users/mattu/.m2/repository/com/github/almasb/fxgl/17+dev-SNAPSHOT/fxgl-17+dev-20220422.115207-44.jar!/fxglassets/ui/fonts/Abel-Regular.ttf
17:44:49.914 [FXGL Background Thread 1 ] DEBUG TMXLevelLoader       - Creating object layer entities
17:44:50.024 [FXGL Background Thread 4 ] DEBUG FXGLAssetLoaderServi - Loading from file system: jar:file:///C:/Users/mattu/.m2/repository/com/github/almasb/fxgl/17+dev-SNAPSHOT/fxgl-17+dev-20220422.115207-44.jar!/fxglassets/ui/fonts/TerminalLandMono-Regular.otf
17:44:50.030 [FXGL Background Thread 4 ] DEBUG FXGLAssetLoaderServi - Loading from file system: jar:file:///C:/Users/mattu/.m2/repository/com/github/almasb/fxgl/17+dev-SNAPSHOT/fxgl-17+dev-20220422.115207-44.jar!/fxglassets/ui/fonts/Courier-Prime.ttf
17:44:50.065 [JavaFX Application Thread] DEBUG FXGLApplication      - Registering font factories with UI factory
17:44:50.434 [FXGL Background Thread 1 ] DEBUG GameWorld            - Clearing removable entities
17:44:50.435 [FXGL Background Thread 1 ] DEBUG GameWorld            - Setting level: com.almasb.fxgl.entity.level.Level@9500c93
17:44:50.538 [FXGL Background Thread 1 ] INFO  FXGLApplication      - Game initialization took: 0,822 sec
17:44:50.539 [JavaFX Application Thread] DEBUG Input                - Clearing active input actions
17:44:50.558 [JavaFX Application Thread] DEBUG GameApplicationServi - Removing overlay from FXGLLoadingScene and adding to GameScene
17:44:50.558 [JavaFX Application Thread] DEBUG PrimaryStageWindow   - FXGLLoadingScene -> GameScene
17:44:50.666 [FXGL Background Thread 2 ] INFO  UpdaterService       - Your current version:  17+dev-SNAPSHOT
17:44:50.666 [FXGL Background Thread 2 ] INFO  UpdaterService       - Latest stable version: 17.1
17:44:52.585 [FXGL Background Thread 3 ] DEBUG Engine               - Logging environment variables
17:44:52.586 [FXGL Background Thread 3 ] DEBUG Engine               - achievements: []
17:44:52.586 [FXGL Background Thread 3 ] DEBUG Engine               - actualHeight: 800.0
17:44:52.586 [FXGL Background Thread 3 ] DEBUG Engine               - actualHeightProperty: ReadOnlyDoubleProperty [value: 800.0]
17:44:52.586 [FXGL Background Thread 3 ] DEBUG Engine               - actualWidth: 1200.0
17:44:52.586 [FXGL Background Thread 3 ] DEBUG Engine               - actualWidthProperty: ReadOnlyDoubleProperty [value: 1200.0]
17:44:52.586 [FXGL Background Thread 3 ] DEBUG Engine               - appIcon: fxgl_icon.png
17:44:52.586 [FXGL Background Thread 3 ] DEBUG Engine               - applicationMode: DEVELOPER
17:44:52.587 [FXGL Background Thread 3 ] DEBUG Engine               - cSSList: [fxgl_dark.css]
17:44:52.587 [FXGL Background Thread 3 ] DEBUG Engine               - collisionDetectionStrategy: BRUTE_FORCE
17:44:52.587 [FXGL Background Thread 3 ] DEBUG Engine               - configClass: Optional.empty
17:44:52.587 [FXGL Background Thread 3 ] DEBUG Engine               - credits: []
17:44:52.588 [FXGL Background Thread 3 ] DEBUG Engine               - defaultCursor: CursorInfo(imageName=fxgl_default_cursor.png, hotspotX=7.0, hotspotY=6.0)
17:44:52.588 [FXGL Background Thread 3 ] DEBUG Engine               - devBBoxColorProperty: ObjectProperty [value: 0xff0000ff]
17:44:52.588 [FXGL Background Thread 3 ] DEBUG Engine               - devEnableDebugCameraProperty: BooleanProperty [value: false]
17:44:52.589 [FXGL Background Thread 3 ] DEBUG Engine               - devSensorColorProperty: ObjectProperty [value: 0xffff00ff]
17:44:52.589 [FXGL Background Thread 3 ] DEBUG Engine               - devShowBBoxProperty: BooleanProperty [value: false]
17:44:52.589 [FXGL Background Thread 3 ] DEBUG Engine               - devShowPositionProperty: BooleanProperty [value: false]
17:44:52.589 [FXGL Background Thread 3 ] DEBUG Engine               - enabledMenuItems: []
17:44:52.589 [FXGL Background Thread 3 ] DEBUG Engine               - engineServices: [class com.almasb.fxgl.app.services.FXGLAssetLoaderService, class com.almasb.fxgl.app.FXGLApplication$GameApplicationService, class com.almasb.fxgl.app.services.FXGLDialogService, class com.almasb.fxgl.app.services.IOTaskExecutorService, class com.almasb.fxgl.io.FileSystemService, class com.almasb.fxgl.localization.LocalizationService, class com.almasb.fxgl.app.services.SystemBundleService, class com.almasb.fxgl.profile.SaveLoadService, class com.almasb.fxgl.ui.FXGLUIFactoryServiceProvider, class com.almasb.fxgl.ui.FXGLDialogFactoryServiceProvider, class com.almasb.fxgl.audio.AudioPlayer, class com.almasb.fxgl.notification.impl.NotificationServiceProvider, class com.almasb.fxgl.achievement.AchievementService, class com.almasb.fxgl.cutscene.CutsceneService, class com.almasb.fxgl.minigames.MiniGameService, class com.almasb.fxgl.net.NetService, class com.almasb.fxgl.app.services.UpdaterService, class com.almasb.fxgl.dev.DevService]
17:44:52.589 [FXGL Background Thread 3 ] DEBUG Engine               - fontGame: Abel-Regular.ttf
17:44:52.589 [FXGL Background Thread 3 ] DEBUG Engine               - fontMono: TerminalLandMono-Regular.otf
17:44:52.590 [FXGL Background Thread 3 ] DEBUG Engine               - fontText: Courier-Prime.ttf
17:44:52.590 [FXGL Background Thread 3 ] DEBUG Engine               - fontUI: VarelaRound-Regular.ttf
17:44:52.590 [FXGL Background Thread 3 ] DEBUG Engine               - fullScreen: BooleanProperty [value: false]
17:44:52.590 [FXGL Background Thread 3 ] DEBUG Engine               - gameDifficulty: MEDIUM
17:44:52.590 [FXGL Background Thread 3 ] DEBUG Engine               - gameDifficultyProperty: ObjectProperty [value: MEDIUM]
17:44:52.590 [FXGL Background Thread 3 ] DEBUG Engine               - globalMusicVolume: 0.5
17:44:52.590 [FXGL Background Thread 3 ] DEBUG Engine               - globalMusicVolumeProperty: DoubleProperty [value: 0.5]
17:44:52.591 [FXGL Background Thread 3 ] DEBUG Engine               - globalSoundVolume: 0.5
17:44:52.591 [FXGL Background Thread 3 ] DEBUG Engine               - globalSoundVolumeProperty: DoubleProperty [value: 0.5]
17:44:52.591 [FXGL Background Thread 3 ] DEBUG Engine               - height: 800
17:44:52.591 [FXGL Background Thread 3 ] DEBUG Engine               - is3D: false
17:44:52.591 [FXGL Background Thread 3 ] DEBUG Engine               - isAndroid: false
17:44:52.591 [FXGL Background Thread 3 ] DEBUG Engine               - isBrowser: false
17:44:52.592 [FXGL Background Thread 3 ] DEBUG Engine               - isClickFeedbackEnabled: false
17:44:52.592 [FXGL Background Thread 3 ] DEBUG Engine               - isCloseConfirmation: false
17:44:52.592 [FXGL Background Thread 3 ] DEBUG Engine               - isDesktop: true
17:44:52.592 [FXGL Background Thread 3 ] DEBUG Engine               - isDeveloperMenuEnabled: false
17:44:52.592 [FXGL Background Thread 3 ] DEBUG Engine               - isEmbedded: false
17:44:52.592 [FXGL Background Thread 3 ] DEBUG Engine               - isEntityPreloadEnabled: true
17:44:52.593 [FXGL Background Thread 3 ] DEBUG Engine               - isExperimentalTiledLargeMap: false
17:44:52.593 [FXGL Background Thread 3 ] DEBUG Engine               - isFileSystemWriteAllowed: true
17:44:52.593 [FXGL Background Thread 3 ] DEBUG Engine               - isFullScreenAllowed: false
17:44:52.593 [FXGL Background Thread 3 ] DEBUG Engine               - isFullScreenFromStart: false
17:44:52.593 [FXGL Background Thread 3 ] DEBUG Engine               - isGameMenuEnabled: true
17:44:52.594 [FXGL Background Thread 3 ] DEBUG Engine               - isIOS: false
17:44:52.594 [FXGL Background Thread 3 ] DEBUG Engine               - isIntroEnabled: false
17:44:52.594 [FXGL Background Thread 3 ] DEBUG Engine               - isLinux: false
17:44:52.594 [FXGL Background Thread 3 ] DEBUG Engine               - isMac: false
17:44:52.594 [FXGL Background Thread 3 ] DEBUG Engine               - isMainMenuEnabled: false
17:44:52.594 [FXGL Background Thread 3 ] DEBUG Engine               - isManualResizeEnabled: false
17:44:52.595 [FXGL Background Thread 3 ] DEBUG Engine               - isMobile: false
17:44:52.595 [FXGL Background Thread 3 ] DEBUG Engine               - isNative: false
17:44:52.595 [FXGL Background Thread 3 ] DEBUG Engine               - isPauseMusicWhenMinimized: true
17:44:52.595 [FXGL Background Thread 3 ] DEBUG Engine               - isPreserveResizeRatio: false
17:44:52.595 [FXGL Background Thread 3 ] DEBUG Engine               - isProfilingEnabled: false
17:44:52.595 [FXGL Background Thread 3 ] DEBUG Engine               - isScaleAffectedOnResize: true
17:44:52.595 [FXGL Background Thread 3 ] DEBUG Engine               - isSingleStep: false
17:44:52.596 [FXGL Background Thread 3 ] DEBUG Engine               - isUserProfileEnabled: false
17:44:52.596 [FXGL Background Thread 3 ] DEBUG Engine               - isWindows: true
17:44:52.596 [FXGL Background Thread 3 ] DEBUG Engine               - language: ObjectProperty [value: ENGLISH]
17:44:52.596 [FXGL Background Thread 3 ] DEBUG Engine               - menuKey: ESCAPE
17:44:52.596 [FXGL Background Thread 3 ] DEBUG Engine               - mouseSensitivity: 0.2
17:44:52.596 [FXGL Background Thread 3 ] DEBUG Engine               - notificationViewClass: class com.almasb.fxgl.notification.view.XboxNotificationView
17:44:52.597 [FXGL Background Thread 3 ] DEBUG Engine               - pixelsPerMeter: 50.0
17:44:52.597 [FXGL Background Thread 3 ] DEBUG Engine               - platform: WINDOWS
17:44:52.597 [FXGL Background Thread 3 ] DEBUG Engine               - prefHeightProperty: ReadOnlyDoubleProperty [value: 800.0]
17:44:52.597 [FXGL Background Thread 3 ] DEBUG Engine               - prefWidthProperty: ReadOnlyDoubleProperty [value: 1200.0]
17:44:52.597 [FXGL Background Thread 3 ] DEBUG Engine               - profileDir: profiles/
17:44:52.597 [FXGL Background Thread 3 ] DEBUG Engine               - profileName: StringProperty [value: DEFAULT]
17:44:52.597 [FXGL Background Thread 3 ] DEBUG Engine               - randomSeed: -1
17:44:52.598 [FXGL Background Thread 3 ] DEBUG Engine               - runtimeInfo: RuntimeInfo(platform=WINDOWS, version=17+dev-SNAPSHOT, build=22.04.2022 11.52)
17:44:52.598 [FXGL Background Thread 3 ] DEBUG Engine               - saveFileExt: sav
17:44:52.598 [FXGL Background Thread 3 ] DEBUG Engine               - scaledHeightProp$fxgl: DoubleProperty [bound, value: 800.0]
17:44:52.598 [FXGL Background Thread 3 ] DEBUG Engine               - scaledWidthProp$fxgl: DoubleProperty [bound, value: 1200.0]
17:44:52.598 [FXGL Background Thread 3 ] DEBUG Engine               - sceneFactory: com.almasb.fxgl.app.scene.SceneFactory@316ebf2b
17:44:52.598 [FXGL Background Thread 3 ] DEBUG Engine               - secondsIn24h: 60
17:44:52.599 [FXGL Background Thread 3 ] DEBUG Engine               - soundMenuBack: menu/back.wav
17:44:52.599 [FXGL Background Thread 3 ] DEBUG Engine               - soundMenuPress: menu/press.wav
17:44:52.599 [FXGL Background Thread 3 ] DEBUG Engine               - soundMenuSelect: menu/select.wav
17:44:52.599 [FXGL Background Thread 3 ] DEBUG Engine               - soundNotification: core/notification.wav
17:44:52.599 [FXGL Background Thread 3 ] DEBUG Engine               - stageStyle: DECORATED
17:44:52.599 [FXGL Background Thread 3 ] DEBUG Engine               - supportedLanguages: [ENGLISH, FRENCH, GERMAN, HUNGARIAN, RUSSIAN]
17:44:52.600 [FXGL Background Thread 3 ] DEBUG Engine               - ticksPerSecond: -1
17:44:52.600 [FXGL Background Thread 3 ] DEBUG Engine               - title: Pioneer-10
Giove
17:44:52.600 [FXGL Background Thread 3 ] DEBUG Engine               - urlGithub: https://github.com/AlmasB/FXGL
17:44:52.600 [FXGL Background Thread 3 ] DEBUG Engine               - urlLeaderboard: http://fxgl-top.herokuapp.com/
17:44:52.600 [FXGL Background Thread 3 ] DEBUG Engine               - urlPOM: https://raw.githubusercontent.com/AlmasB/FXGL/release/README.md
17:44:52.600 [FXGL Background Thread 3 ] DEBUG Engine               - userAppClass: class com.pioneer10.model.LivGiove
17:44:52.600 [FXGL Background Thread 3 ] DEBUG Engine               - version: 0.0
17:44:52.601 [FXGL Background Thread 3 ] DEBUG Engine               - versionCheckDays: 7
17:44:52.601 [FXGL Background Thread 3 ] DEBUG Engine               - width: 1200
17:44:52.601 [FXGL Background Thread 3 ] DEBUG Engine               - Logging services
17:44:52.601 [FXGL Background Thread 3 ] DEBUG Engine               - class com.almasb.fxgl.app.services.FXGLAssetLoaderService
17:44:52.601 [FXGL Background Thread 3 ] DEBUG Engine               - class com.almasb.fxgl.app.FXGLApplication$GameApplicationService
17:44:52.601 [FXGL Background Thread 3 ] DEBUG Engine               - class com.almasb.fxgl.app.services.FXGLDialogService
17:44:52.602 [FXGL Background Thread 3 ] DEBUG Engine               - class com.almasb.fxgl.app.services.IOTaskExecutorService
17:44:52.602 [FXGL Background Thread 3 ] DEBUG Engine               - class com.almasb.fxgl.io.FileSystemService
17:44:52.602 [FXGL Background Thread 3 ] DEBUG Engine               - class com.almasb.fxgl.localization.LocalizationService
17:44:52.602 [FXGL Background Thread 3 ] DEBUG Engine               - class com.almasb.fxgl.app.services.SystemBundleService
17:44:52.602 [FXGL Background Thread 3 ] DEBUG Engine               - class com.almasb.fxgl.profile.SaveLoadService
17:44:52.602 [FXGL Background Thread 3 ] DEBUG Engine               - class com.almasb.fxgl.ui.FXGLUIFactoryServiceProvider
17:44:52.602 [FXGL Background Thread 3 ] DEBUG Engine               - class com.almasb.fxgl.ui.FXGLDialogFactoryServiceProvider
17:44:52.602 [FXGL Background Thread 3 ] DEBUG Engine               - class com.almasb.fxgl.audio.AudioPlayer
17:44:52.603 [FXGL Background Thread 3 ] DEBUG Engine               - class com.almasb.fxgl.notification.impl.NotificationServiceProvider
17:44:52.603 [FXGL Background Thread 3 ] DEBUG Engine               - class com.almasb.fxgl.achievement.AchievementService
17:44:52.603 [FXGL Background Thread 3 ] DEBUG Engine               - class com.almasb.fxgl.cutscene.CutsceneService
17:44:52.603 [FXGL Background Thread 3 ] DEBUG Engine               - class com.almasb.fxgl.minigames.MiniGameService
17:44:52.603 [FXGL Background Thread 3 ] DEBUG Engine               - class com.almasb.fxgl.net.NetService
17:44:52.603 [FXGL Background Thread 3 ] DEBUG Engine               - class com.almasb.fxgl.app.services.UpdaterService
17:44:52.603 [FXGL Background Thread 3 ] DEBUG Engine               - class com.almasb.fxgl.dev.DevService
17:44:59.239 [JavaFX Application Thread] WARN  GameWorld            - Attempted to remove entity which is not active
17:45:03.254 [JavaFX Application Thread] WARN  GameWorld            - Attempted to remove entity which is not active
17:45:07.782 [JavaFX Application Thread] WARN  GameWorld            - Attempted to remove entity which is not active
17:45:16.923 [JavaFX Application Thread] DEBUG FXGLApplication      - Exiting FXGL
17:45:16.923 [JavaFX Application Thread] DEBUG LoopRunner           - Stopping loop
17:45:16.923 [JavaFX Application Thread] DEBUG SystemBundleService  - Saving FXGL system data
17:45:16.925 [JavaFX Application Thread] DEBUG FileSystemAccess     - Writing to: D:\FERMI-FEDE\4BIF_2021-2022\Informatica\gioco\system\fxgl.bundle
17:45:16.927 [JavaFX Application Thread] DEBUG Async                - Shutting down background threads
17:45:16.928 [JavaFX Application Thread] DEBUG PrimaryStageWindow   - Closing main window
17:45:16.942 [JavaFX Application Thread] DEBUG Logger               - Closing Logger
