20:16:22.761 [main                     ] DEBUG Logger               - Configured Logger
20:16:22.776 [main                     ] DEBUG GameApplication      - Logging settings
Title: Pioneer-10
Terra
Version: 0.0
Width: 1200
Height: 640
Fullscreen: false
Intro: false
Profiling: false
Single step:false
App Mode: DEVELOPER
Menu Key: ESCAPE
Stage Style: DECORATED
Scene Factory: class com.almasb.fxgl.app.scene.SceneFactory

20:16:23.174 [JavaFX Application Thread] DEBUG FXGLApplication      - Initializing FXGL
20:16:23.177 [JavaFX Application Thread] INFO  Engine               - FXGL-17+dev-SNAPSHOT (22.04.2022 11.52) on WINDOWS (J:18 FX:18)
20:16:23.177 [JavaFX Application Thread] DEBUG Engine               - JRE Vendor Name: Oracle Corporation
20:16:23.177 [JavaFX Application Thread] DEBUG Engine               - Running on OS: Windows 10 version 10.0
20:16:23.177 [JavaFX Application Thread] DEBUG Engine               - Architecture: amd64
20:16:23.177 [JavaFX Application Thread] INFO  Engine               - Source code and latest versions at: https://github.com/AlmasB/FXGL
20:16:23.177 [JavaFX Application Thread] INFO  Engine               -       Ask questions and discuss at: https://github.com/AlmasB/FXGL/discussions
20:16:23.177 [JavaFX Application Thread] INFO  Engine               -              Join the FXGL chat at: https://gitter.im/AlmasB/FXGL
20:16:23.230 [JavaFX Application Thread] DEBUG PrimaryStageWindow   - Creating a JavaFX scene
20:16:23.257 [JavaFX Application Thread] DEBUG PrimaryStageWindow   - Target settings size: 1200.0 x 640.0
20:16:23.257 [JavaFX Application Thread] DEBUG PrimaryStageWindow   - Scaled scene size:    1200.0 x 640.0
20:16:23.257 [JavaFX Application Thread] DEBUG PrimaryStageWindow   - Scaled ratio: (1.0, 1.0)
20:16:23.258 [JavaFX Application Thread] DEBUG PrimaryStageWindow   - Set initial scene to FXGLStartupScene
20:16:23.261 [JavaFX Application Thread] DEBUG PrimaryStageWindow   - Opening main window
20:16:23.386 [JavaFX Application Thread] DEBUG PrimaryStageWindow   - Window border size: (16.0, 39.0)
20:16:23.386 [JavaFX Application Thread] DEBUG PrimaryStageWindow   - Scaled size: 1200.0 x 640.0
20:16:23.386 [JavaFX Application Thread] DEBUG PrimaryStageWindow   - Scaled ratio: (1.0, 1.0)
20:16:23.386 [JavaFX Application Thread] DEBUG PrimaryStageWindow   - Scene size: 1200.0 x 640.0
20:16:23.387 [JavaFX Application Thread] DEBUG PrimaryStageWindow   - Stage size: 1216.0 x 679.0
20:16:23.391 [FXGL Background Thread 1 ] DEBUG Engine               - Initializing environment variables
20:16:23.421 [FXGL Background Thread 1 ] DEBUG FXGLAssetLoaderServi - User app class for loading assets: class com.pioneer10.model.LivTerra
20:16:23.421 [FXGL Background Thread 1 ] DEBUG GameApplicationServi - Applying CSS: fxgl_dark.css
20:16:23.422 [FXGL Background Thread 1 ] DEBUG FXGLAssetLoaderServi - Loading from file system: jar:file:///C:/Users/mattu/.m2/repository/com/github/almasb/fxgl/17+dev-SNAPSHOT/fxgl-17+dev-20220422.115207-44.jar!/fxglassets/ui/css/fxgl_dark.css
20:16:23.451 [FXGL Background Thread 1 ] DEBUG GameApplicationServi - Initializing application scenes
20:16:23.477 [FXGL Background Thread 1 ] DEBUG GameWorld            - Game world initialized
20:16:23.517 [FXGL Background Thread 1 ] DEBUG PhysicsWorld         - Physics world initialized: appHeight=640, physics.ppm=50,0
20:16:23.517 [FXGL Background Thread 1 ] DEBUG PhysicsWorld         - Using strategy: BRUTE_FORCE
20:16:23.520 [FXGL Background Thread 1 ] DEBUG GameScene            - Game scene initialized: 1200x640
20:16:23.528 [FXGL Background Thread 1 ] DEBUG FXGL.DefaultMenu     - createMenuBodyGameMenu()
20:16:23.536 [FXGL Background Thread 1 ] DEBUG FXGL.DefaultMenu     - createOptionsMenu()
20:16:23.544 [FXGL Background Thread 1 ] DEBUG FXGLAssetLoaderServi - Loading from file system: jar:file:///C:/Users/mattu/.m2/repository/com/github/almasb/fxgl/17+dev-SNAPSHOT/fxgl-17+dev-20220422.115207-44.jar!/fxglassets/textures/particles/smoke.png
20:16:23.599 [FXGL Background Thread 1 ] DEBUG FXGLAssetLoaderServi - Loading from file system: jar:file:///C:/Users/mattu/.m2/repository/com/github/almasb/fxgl/17+dev-SNAPSHOT/fxgl-17+dev-20220422.115207-44.jar!/fxglassets/textures/particles/trace_horizontal.png
20:16:23.617 [FXGL Background Thread 1 ] DEBUG GameApplicationServi - Application scenes initialized
20:16:23.625 [FXGL Background Thread 1 ] DEBUG SystemBundleService  - Loading FXGL system data
20:16:23.628 [FXGL Background Thread 1 ] DEBUG FileSystemAccess     - Reading from: D:\FERMI-FEDE\4BIF_2021-2022\Informatica\Giochi\Pioneer-10\system\fxgl.bundle
20:16:23.633 [FXGL Background Thread 1 ] DEBUG SystemBundleService  - Bundle FXGL: {}
20:16:23.633 [FXGL Background Thread 1 ] DEBUG UpdaterService       - Checking for updates
20:16:23.635 [FXGL Background Thread 4 ] DEBUG FXGLApplication      - Loading fonts
20:16:23.635 [FXGL Background Thread 1 ] DEBUG FXGLApplication      - Loading default localization
20:16:23.635 [FXGL Background Thread 1 ] DEBUG FXGLAssetLoaderServi - Loading from file system: jar:file:///C:/Users/mattu/.m2/repository/com/github/almasb/fxgl/17+dev-SNAPSHOT/fxgl-17+dev-20220422.115207-44.jar!/fxglassets/languages/english.lang
20:16:23.635 [FXGL Background Thread 4 ] DEBUG FXGLAssetLoaderServi - Loading from file system: jar:file:///C:/Users/mattu/.m2/repository/com/github/almasb/fxgl/17+dev-SNAPSHOT/fxgl-17+dev-20220422.115207-44.jar!/fxglassets/ui/fonts/VarelaRound-Regular.ttf
20:16:23.643 [FXGL Background Thread 1 ] INFO  FXGLApplication      - FXGL initialization took: 0,252 sec
20:16:23.649 [JavaFX Application Thread] DEBUG Input                - Registered new binding: Left - A
20:16:23.649 [JavaFX Application Thread] DEBUG Input                - Registered new binding: Right - D
20:16:23.649 [JavaFX Application Thread] DEBUG Input                - Registered new binding: Jump - Space
20:16:23.649 [JavaFX Application Thread] DEBUG FXGLAssetLoaderServi - Loading from file system: jar:file:///C:/Users/mattu/.m2/repository/com/github/almasb/fxgl/17+dev-SNAPSHOT/fxgl-17+dev-20220422.115207-44.jar!/fxglassets/textures/fxgl_icon.png
20:16:23.662 [JavaFX Application Thread] DEBUG FXGLAssetLoaderServi - Loading from file system: jar:file:///C:/Users/mattu/.m2/repository/com/github/almasb/fxgl/17+dev-SNAPSHOT/fxgl-17+dev-20220422.115207-44.jar!/fxglassets/textures/fxgl_default_cursor.png
20:16:23.664 [JavaFX Application Thread] DEBUG Input                - Registered new binding: Screenshot - CTRL+8
20:16:23.664 [JavaFX Application Thread] DEBUG Input                - Registered new binding: System info dump - CTRL+9
20:16:23.665 [JavaFX Application Thread] DEBUG Input                - Registered new binding: Restart - CTRL+R
20:16:23.665 [JavaFX Application Thread] DEBUG Input                - Registered new binding: Toggle Debug Camera - CTRL+7
20:16:23.666 [JavaFX Application Thread] DEBUG LoopRunner           - Starting loop
20:16:23.667 [JavaFX Application Thread] DEBUG LoopRunner           - Initializing JavaFX AnimationTimerLoop
20:16:23.667 [JavaFX Application Thread] DEBUG GameApplicationServi - Starting new game
20:16:23.668 [JavaFX Application Thread] DEBUG Input                - Clearing active input actions
20:16:23.668 [FXGL Background Thread 4 ] DEBUG FXGLAssetLoaderServi - Loading from file system: jar:file:///C:/Users/mattu/.m2/repository/com/github/almasb/fxgl/17+dev-SNAPSHOT/fxgl-17+dev-20220422.115207-44.jar!/fxglassets/ui/fonts/Abel-Regular.ttf
20:16:23.670 [FXGL Background Thread 4 ] DEBUG FXGLAssetLoaderServi - Loading from file system: jar:file:///C:/Users/mattu/.m2/repository/com/github/almasb/fxgl/17+dev-SNAPSHOT/fxgl-17+dev-20220422.115207-44.jar!/fxglassets/ui/fonts/TerminalLandMono-Regular.otf
20:16:23.674 [FXGL Background Thread 4 ] DEBUG FXGLAssetLoaderServi - Loading from file system: jar:file:///C:/Users/mattu/.m2/repository/com/github/almasb/fxgl/17+dev-SNAPSHOT/fxgl-17+dev-20220422.115207-44.jar!/fxglassets/ui/fonts/Courier-Prime.ttf
20:16:23.676 [JavaFX Application Thread] DEBUG GameApplicationServi - Removing overlay from FXGLStartupScene and adding to FXGLLoadingScene
20:16:23.677 [JavaFX Application Thread] DEBUG PrimaryStageWindow   - FXGLStartupScene -> FXGLLoadingScene
20:16:23.677 [JavaFX Application Thread] DEBUG GameApplicationServi - Clearing previous game
20:16:23.677 [JavaFX Application Thread] DEBUG GameScene            - Clearing game scene
20:16:23.677 [JavaFX Application Thread] DEBUG GameWorld            - Clearing game world
20:16:23.677 [JavaFX Application Thread] DEBUG PhysicsWorld         - Clearing physics world
20:16:23.678 [JavaFX Application Thread] DEBUG FXGLApplication      - Registering font factories with UI factory
20:16:23.678 [FXGL Background Thread 4 ] DEBUG FXGLApplication      - Initializing game
20:16:23.699 [FXGL Background Thread 4 ] WARN  TMXLevelLoader       - TiledMap generated from 1.8.4. Supported version: 1.4.2. Some features may not be parsed fully.
20:16:23.715 [FXGL Background Thread 4 ] DEBUG TMXLevelLoader       - Parsed TiledMap: file:/D:/FERMI-FEDE/4BIF_2021-2022/Informatica/Giochi/Pioneer-10/target/classes/assets/levels/Terra/MappaTerra.tmx
20:16:23.720 [FXGL Background Thread 4 ] DEBUG TMXLevelLoader       - Creating tile layer entities
20:16:23.722 [FXGL Background Thread 4 ] DEBUG TilesetLoader        - Loading view for layer Livello tile 1
20:16:23.726 [FXGL Background Thread 4 ] DEBUG TilesetLoader        - Created buffer with size 4800.0x640.0
20:16:23.743 [FXGL Background Thread 4 ] WARN  TilesetLoader        - Diagonally flipped tiles are not currently supported
20:16:23.747 [FXGL Background Thread 4 ] WARN  TilesetLoader        - Diagonally flipped tiles are not currently supported
20:16:23.747 [FXGL Background Thread 4 ] WARN  TilesetLoader        - Diagonally flipped tiles are not currently supported
20:16:23.768 [FXGL Background Thread 4 ] WARN  TilesetLoader        - Diagonally flipped tiles are not currently supported
20:16:23.772 [FXGL Background Thread 4 ] WARN  TilesetLoader        - Diagonally flipped tiles are not currently supported
20:16:23.774 [FXGL Background Thread 4 ] DEBUG TilesetLoader        - Loading view for layer Livello tile 2
20:16:23.778 [FXGL Background Thread 4 ] DEBUG TilesetLoader        - Created buffer with size 4800.0x640.0
20:16:23.779 [FXGL Background Thread 4 ] DEBUG TilesetLoader        - Loading view for layer Livello tile 3
20:16:23.782 [FXGL Background Thread 4 ] DEBUG TilesetLoader        - Created buffer with size 4800.0x640.0
20:16:23.783 [FXGL Background Thread 4 ] DEBUG TMXLevelLoader       - Creating object layer entities
20:16:23.847 [FXGL Background Thread 4 ] DEBUG GameWorld            - Clearing removable entities
20:16:23.848 [FXGL Background Thread 4 ] DEBUG GameWorld            - Setting level: com.almasb.fxgl.entity.level.Level@e500fca
20:16:23.889 [FXGL Background Thread 4 ] INFO  FXGLApplication      - Game initialization took: 0,211 sec
20:16:23.890 [JavaFX Application Thread] DEBUG Input                - Clearing active input actions
20:16:23.896 [FXGL Background Thread 2 ] INFO  UpdaterService       - Your current version:  17+dev-SNAPSHOT
20:16:23.896 [FXGL Background Thread 2 ] INFO  UpdaterService       - Latest stable version: 17.1
20:16:23.897 [JavaFX Application Thread] DEBUG GameApplicationServi - Removing overlay from FXGLLoadingScene and adding to GameScene
20:16:23.897 [JavaFX Application Thread] DEBUG PrimaryStageWindow   - FXGLLoadingScene -> GameScene
20:16:24.170 [JavaFX Application Thread] DEBUG FXGLApplication      - Exiting FXGL
20:16:24.170 [JavaFX Application Thread] DEBUG LoopRunner           - Stopping loop
20:16:24.170 [JavaFX Application Thread] DEBUG SystemBundleService  - Saving FXGL system data
20:16:24.172 [JavaFX Application Thread] DEBUG FileSystemAccess     - Writing to: D:\FERMI-FEDE\4BIF_2021-2022\Informatica\Giochi\Pioneer-10\system\fxgl.bundle
20:16:24.174 [JavaFX Application Thread] DEBUG Async                - Shutting down background threads
20:16:24.181 [JavaFX Application Thread] DEBUG PrimaryStageWindow   - Closing main window
20:16:24.188 [JavaFX Application Thread] DEBUG Logger               - Closing Logger
