12:55:11.888 [main                     ] DEBUG Logger               - Configured Logger
12:55:11.903 [main                     ] DEBUG GameApplication      - Logging settings
Title: Pioneer-10
Terra
Version: 0.0
Width: 1500
Height: 640
Fullscreen: false
Intro: false
Profiling: false
Single step:false
App Mode: DEVELOPER
Menu Key: ESCAPE
Stage Style: DECORATED
Scene Factory: class com.almasb.fxgl.app.scene.SceneFactory

12:55:12.278 [JavaFX Application Thread] DEBUG FXGLApplication      - Initializing FXGL
12:55:12.282 [JavaFX Application Thread] INFO  Engine               - FXGL-17+dev-SNAPSHOT (22.04.2022 11.52) on WINDOWS (J:18 FX:18)
12:55:12.282 [JavaFX Application Thread] DEBUG Engine               - JRE Vendor Name: Oracle Corporation
12:55:12.282 [JavaFX Application Thread] DEBUG Engine               - Running on OS: Windows 10 version 10.0
12:55:12.282 [JavaFX Application Thread] DEBUG Engine               - Architecture: amd64
12:55:12.282 [JavaFX Application Thread] INFO  Engine               - Source code and latest versions at: https://github.com/AlmasB/FXGL
12:55:12.283 [JavaFX Application Thread] INFO  Engine               -       Ask questions and discuss at: https://github.com/AlmasB/FXGL/discussions
12:55:12.283 [JavaFX Application Thread] INFO  Engine               -              Join the FXGL chat at: https://gitter.im/AlmasB/FXGL
12:55:12.333 [JavaFX Application Thread] DEBUG PrimaryStageWindow   - Creating a JavaFX scene
12:55:12.357 [JavaFX Application Thread] DEBUG PrimaryStageWindow   - Target settings size: 1500.0 x 640.0
12:55:12.358 [JavaFX Application Thread] DEBUG PrimaryStageWindow   - Scaled scene size:    1500.0 x 640.0
12:55:12.358 [JavaFX Application Thread] DEBUG PrimaryStageWindow   - Scaled ratio: (1.0, 1.0)
12:55:12.359 [JavaFX Application Thread] DEBUG PrimaryStageWindow   - Set initial scene to FXGLStartupScene
12:55:12.362 [JavaFX Application Thread] DEBUG PrimaryStageWindow   - Opening main window
12:55:12.457 [JavaFX Application Thread] DEBUG PrimaryStageWindow   - Window border size: (16.0, 39.0)
12:55:12.457 [JavaFX Application Thread] DEBUG PrimaryStageWindow   - Scaled size: 1500.0 x 640.0
12:55:12.458 [JavaFX Application Thread] DEBUG PrimaryStageWindow   - Scaled ratio: (1.0, 1.0)
12:55:12.458 [JavaFX Application Thread] DEBUG PrimaryStageWindow   - Scene size: 1500.0 x 640.0
12:55:12.458 [JavaFX Application Thread] DEBUG PrimaryStageWindow   - Stage size: 1516.0 x 679.0
12:55:12.462 [FXGL Background Thread 1 ] DEBUG Engine               - Initializing environment variables
12:55:12.490 [FXGL Background Thread 1 ] DEBUG FXGLAssetLoaderServi - User app class for loading assets: class com.pioneer10.model.LivTerra
12:55:12.490 [FXGL Background Thread 1 ] DEBUG GameApplicationServi - Applying CSS: fxgl_dark.css
12:55:12.491 [FXGL Background Thread 1 ] DEBUG FXGLAssetLoaderServi - Loading from file system: jar:file:///C:/Users/mattu/.m2/repository/com/github/almasb/fxgl/17+dev-SNAPSHOT/fxgl-17+dev-20220422.115207-44.jar!/fxglassets/ui/css/fxgl_dark.css
12:55:12.521 [FXGL Background Thread 1 ] DEBUG GameApplicationServi - Initializing application scenes
12:55:12.544 [FXGL Background Thread 1 ] DEBUG GameWorld            - Game world initialized
12:55:12.581 [FXGL Background Thread 1 ] DEBUG PhysicsWorld         - Physics world initialized: appHeight=640, physics.ppm=50,0
12:55:12.581 [FXGL Background Thread 1 ] DEBUG PhysicsWorld         - Using strategy: BRUTE_FORCE
12:55:12.585 [FXGL Background Thread 1 ] DEBUG GameScene            - Game scene initialized: 1500x640
12:55:12.592 [FXGL Background Thread 1 ] DEBUG FXGL.DefaultMenu     - createMenuBodyGameMenu()
12:55:12.599 [FXGL Background Thread 1 ] DEBUG FXGL.DefaultMenu     - createOptionsMenu()
12:55:12.607 [FXGL Background Thread 1 ] DEBUG FXGLAssetLoaderServi - Loading from file system: jar:file:///C:/Users/mattu/.m2/repository/com/github/almasb/fxgl/17+dev-SNAPSHOT/fxgl-17+dev-20220422.115207-44.jar!/fxglassets/textures/particles/smoke.png
12:55:12.662 [FXGL Background Thread 1 ] DEBUG FXGLAssetLoaderServi - Loading from file system: jar:file:///C:/Users/mattu/.m2/repository/com/github/almasb/fxgl/17+dev-SNAPSHOT/fxgl-17+dev-20220422.115207-44.jar!/fxglassets/textures/particles/trace_horizontal.png
12:55:12.682 [FXGL Background Thread 1 ] DEBUG GameApplicationServi - Application scenes initialized
12:55:12.690 [FXGL Background Thread 1 ] DEBUG SystemBundleService  - Loading FXGL system data
12:55:12.692 [FXGL Background Thread 1 ] DEBUG FileSystemAccess     - Reading from: D:\FERMI-FEDE\4BIF_2021-2022\Informatica\Giochi\Pioneer-10\system\fxgl.bundle
12:55:12.697 [FXGL Background Thread 1 ] DEBUG SystemBundleService  - Bundle FXGL: {}
12:55:12.697 [FXGL Background Thread 1 ] DEBUG UpdaterService       - Checking for updates
12:55:12.709 [FXGL Background Thread 4 ] DEBUG FXGLApplication      - Loading fonts
12:55:12.709 [FXGL Background Thread 1 ] DEBUG FXGLApplication      - Loading default localization
12:55:12.709 [FXGL Background Thread 4 ] DEBUG FXGLAssetLoaderServi - Loading from file system: jar:file:///C:/Users/mattu/.m2/repository/com/github/almasb/fxgl/17+dev-SNAPSHOT/fxgl-17+dev-20220422.115207-44.jar!/fxglassets/ui/fonts/VarelaRound-Regular.ttf
12:55:12.710 [FXGL Background Thread 1 ] DEBUG FXGLAssetLoaderServi - Loading from file system: jar:file:///C:/Users/mattu/.m2/repository/com/github/almasb/fxgl/17+dev-SNAPSHOT/fxgl-17+dev-20220422.115207-44.jar!/fxglassets/languages/english.lang
12:55:12.722 [FXGL Background Thread 1 ] INFO  FXGLApplication      - FXGL initialization took: 0,260 sec
12:55:12.727 [JavaFX Application Thread] DEBUG Input                - Registered new binding: Left - A
12:55:12.727 [JavaFX Application Thread] DEBUG Input                - Registered new binding: Right - D
12:55:12.728 [JavaFX Application Thread] DEBUG Input                - Registered new binding: Jump - W
12:55:12.728 [JavaFX Application Thread] DEBUG FXGLAssetLoaderServi - Loading from file system: file:/D:/FERMI-FEDE/4BIF_2021-2022/Informatica/Giochi/Pioneer-10/target/classes/assets/music/Minecraft.mp3
12:55:12.742 [FXGL Background Thread 4 ] DEBUG FXGLAssetLoaderServi - Loading from file system: jar:file:///C:/Users/mattu/.m2/repository/com/github/almasb/fxgl/17+dev-SNAPSHOT/fxgl-17+dev-20220422.115207-44.jar!/fxglassets/ui/fonts/Abel-Regular.ttf
12:55:12.743 [FXGL Background Thread 4 ] DEBUG FXGLAssetLoaderServi - Loading from file system: jar:file:///C:/Users/mattu/.m2/repository/com/github/almasb/fxgl/17+dev-SNAPSHOT/fxgl-17+dev-20220422.115207-44.jar!/fxglassets/ui/fonts/TerminalLandMono-Regular.otf
12:55:12.745 [FXGL Background Thread 4 ] DEBUG FXGLAssetLoaderServi - Loading from file system: jar:file:///C:/Users/mattu/.m2/repository/com/github/almasb/fxgl/17+dev-SNAPSHOT/fxgl-17+dev-20220422.115207-44.jar!/fxglassets/ui/fonts/Courier-Prime.ttf
12:55:12.950 [FXGL Background Thread 2 ] INFO  UpdaterService       - Your current version:  17+dev-SNAPSHOT
12:55:12.950 [FXGL Background Thread 2 ] INFO  UpdaterService       - Latest stable version: 17.1
12:55:13.097 [JavaFX Application Thread] DEBUG AudioPlayer          - Playing music com.almasb.fxgl.audio.Music@2aa5ef1f
12:55:13.097 [JavaFX Application Thread] DEBUG FXGLAssetLoaderServi - Loading from file system: jar:file:///C:/Users/mattu/.m2/repository/com/github/almasb/fxgl/17+dev-SNAPSHOT/fxgl-17+dev-20220422.115207-44.jar!/fxglassets/textures/fxgl_icon.png
12:55:13.110 [JavaFX Application Thread] DEBUG FXGLAssetLoaderServi - Loading from file system: jar:file:///C:/Users/mattu/.m2/repository/com/github/almasb/fxgl/17+dev-SNAPSHOT/fxgl-17+dev-20220422.115207-44.jar!/fxglassets/textures/fxgl_default_cursor.png
12:55:13.111 [JavaFX Application Thread] DEBUG Input                - Registered new binding: Screenshot - CTRL+8
12:55:13.111 [JavaFX Application Thread] DEBUG Input                - Registered new binding: Dev Options - 1
12:55:13.111 [JavaFX Application Thread] DEBUG Input                - Registered new binding: Dev Console - 2
12:55:13.112 [JavaFX Application Thread] DEBUG Input                - Registered new binding: System info dump - CTRL+9
12:55:13.112 [JavaFX Application Thread] DEBUG Input                - Registered new binding: Restart - CTRL+R
12:55:13.112 [JavaFX Application Thread] DEBUG Input                - Registered new binding: Toggle Debug Camera - CTRL+7
12:55:13.113 [JavaFX Application Thread] DEBUG LoopRunner           - Starting loop
12:55:13.119 [JavaFX Application Thread] DEBUG LoopRunner           - Initializing JavaFX AnimationTimerLoop
12:55:13.120 [JavaFX Application Thread] DEBUG GameApplicationServi - Starting new game
12:55:13.120 [JavaFX Application Thread] DEBUG Input                - Clearing active input actions
12:55:13.126 [JavaFX Application Thread] DEBUG GameApplicationServi - Removing overlay from FXGLStartupScene and adding to FXGLLoadingScene
12:55:13.127 [JavaFX Application Thread] DEBUG PrimaryStageWindow   - FXGLStartupScene -> FXGLLoadingScene
12:55:13.127 [JavaFX Application Thread] DEBUG GameApplicationServi - Clearing previous game
12:55:13.127 [JavaFX Application Thread] DEBUG GameScene            - Clearing game scene
12:55:13.127 [JavaFX Application Thread] DEBUG GameWorld            - Clearing game world
12:55:13.127 [JavaFX Application Thread] DEBUG PhysicsWorld         - Clearing physics world
12:55:13.128 [FXGL Background Thread 2 ] DEBUG FXGLApplication      - Initializing game
12:55:13.128 [JavaFX Application Thread] DEBUG FXGLApplication      - Registering font factories with UI factory
12:55:13.144 [FXGL Background Thread 2 ] WARN  TMXLevelLoader       - TiledMap generated from 1.8.4. Supported version: 1.4.2. Some features may not be parsed fully.
12:55:13.159 [FXGL Background Thread 2 ] DEBUG TMXLevelLoader       - Parsed TiledMap: file:/D:/FERMI-FEDE/4BIF_2021-2022/Informatica/Giochi/Pioneer-10/target/classes/assets/levels/Terra/MappaTerra.tmx
12:55:13.159 [FXGL Background Thread 2 ] DEBUG TMXLevelLoader       - Creating tile layer entities
12:55:13.160 [FXGL Background Thread 2 ] DEBUG TilesetLoader        - Loading view for layer Livello tile 1
12:55:13.164 [FXGL Background Thread 2 ] DEBUG TilesetLoader        - Created buffer with size 4800.0x640.0
12:55:13.188 [FXGL Background Thread 2 ] WARN  TilesetLoader        - Diagonally flipped tiles are not currently supported
12:55:13.191 [FXGL Background Thread 2 ] WARN  TilesetLoader        - Diagonally flipped tiles are not currently supported
12:55:13.191 [FXGL Background Thread 2 ] WARN  TilesetLoader        - Diagonally flipped tiles are not currently supported
12:55:13.211 [FXGL Background Thread 2 ] WARN  TilesetLoader        - Diagonally flipped tiles are not currently supported
12:55:13.214 [FXGL Background Thread 2 ] WARN  TilesetLoader        - Diagonally flipped tiles are not currently supported
12:55:13.215 [FXGL Background Thread 2 ] DEBUG TilesetLoader        - Loading view for layer Livello tile 2
12:55:13.218 [FXGL Background Thread 2 ] DEBUG TilesetLoader        - Created buffer with size 4800.0x640.0
12:55:13.219 [FXGL Background Thread 2 ] DEBUG TilesetLoader        - Loading view for layer Livello tile 3
12:55:13.220 [FXGL Background Thread 2 ] DEBUG TilesetLoader        - Created buffer with size 4800.0x640.0
12:55:13.221 [FXGL Background Thread 2 ] DEBUG TMXLevelLoader       - Creating object layer entities
12:55:13.312 [FXGL Background Thread 2 ] DEBUG GameWorld            - Clearing removable entities
12:55:13.312 [FXGL Background Thread 2 ] DEBUG GameWorld            - Setting level: com.almasb.fxgl.entity.level.Level@67de7963
12:55:13.354 [FXGL Background Thread 2 ] INFO  FXGLApplication      - Game initialization took: 0,226 sec
12:55:13.354 [JavaFX Application Thread] DEBUG Input                - Clearing active input actions
12:55:13.360 [JavaFX Application Thread] DEBUG GameApplicationServi - Removing overlay from FXGLLoadingScene and adding to GameScene
12:55:13.362 [JavaFX Application Thread] DEBUG PrimaryStageWindow   - FXGLLoadingScene -> GameScene
12:55:15.710 [FXGL Background Thread 3 ] DEBUG Engine               - Logging environment variables
12:55:15.710 [FXGL Background Thread 3 ] DEBUG Engine               - achievements: []
12:55:15.710 [FXGL Background Thread 3 ] DEBUG Engine               - actualHeight: 640.0
12:55:15.710 [FXGL Background Thread 3 ] DEBUG Engine               - actualHeightProperty: ReadOnlyDoubleProperty [value: 640.0]
12:55:15.710 [FXGL Background Thread 3 ] DEBUG Engine               - actualWidth: 1500.0
12:55:15.710 [FXGL Background Thread 3 ] DEBUG Engine               - actualWidthProperty: ReadOnlyDoubleProperty [value: 1500.0]
12:55:15.710 [FXGL Background Thread 3 ] DEBUG Engine               - appIcon: fxgl_icon.png
12:55:15.710 [FXGL Background Thread 3 ] DEBUG Engine               - applicationMode: DEVELOPER
12:55:15.710 [FXGL Background Thread 3 ] DEBUG Engine               - cSSList: [fxgl_dark.css]
12:55:15.710 [FXGL Background Thread 3 ] DEBUG Engine               - collisionDetectionStrategy: BRUTE_FORCE
12:55:15.710 [FXGL Background Thread 3 ] DEBUG Engine               - configClass: Optional.empty
12:55:15.710 [FXGL Background Thread 3 ] DEBUG Engine               - credits: []
12:55:15.711 [FXGL Background Thread 3 ] DEBUG Engine               - defaultCursor: CursorInfo(imageName=fxgl_default_cursor.png, hotspotX=7.0, hotspotY=6.0)
12:55:15.711 [FXGL Background Thread 3 ] DEBUG Engine               - devBBoxColorProperty: ObjectProperty [value: 0xff0000ff]
12:55:15.711 [FXGL Background Thread 3 ] DEBUG Engine               - devEnableDebugCameraProperty: BooleanProperty [value: false]
12:55:15.711 [FXGL Background Thread 3 ] DEBUG Engine               - devSensorColorProperty: ObjectProperty [value: 0xffff00ff]
12:55:15.711 [FXGL Background Thread 3 ] DEBUG Engine               - devShowBBoxProperty: BooleanProperty [value: true]
12:55:15.711 [FXGL Background Thread 3 ] DEBUG Engine               - devShowPositionProperty: BooleanProperty [value: false]
12:55:15.711 [FXGL Background Thread 3 ] DEBUG Engine               - enabledMenuItems: []
12:55:15.711 [FXGL Background Thread 3 ] DEBUG Engine               - engineServices: [class com.almasb.fxgl.app.services.FXGLAssetLoaderService, class com.almasb.fxgl.app.FXGLApplication$GameApplicationService, class com.almasb.fxgl.app.services.FXGLDialogService, class com.almasb.fxgl.app.services.IOTaskExecutorService, class com.almasb.fxgl.io.FileSystemService, class com.almasb.fxgl.localization.LocalizationService, class com.almasb.fxgl.app.services.SystemBundleService, class com.almasb.fxgl.profile.SaveLoadService, class com.almasb.fxgl.ui.FXGLUIFactoryServiceProvider, class com.almasb.fxgl.ui.FXGLDialogFactoryServiceProvider, class com.almasb.fxgl.audio.AudioPlayer, class com.almasb.fxgl.notification.impl.NotificationServiceProvider, class com.almasb.fxgl.achievement.AchievementService, class com.almasb.fxgl.cutscene.CutsceneService, class com.almasb.fxgl.minigames.MiniGameService, class com.almasb.fxgl.net.NetService, class com.almasb.fxgl.app.services.UpdaterService, class com.almasb.fxgl.dev.DevService]
12:55:15.711 [FXGL Background Thread 3 ] DEBUG Engine               - fontGame: Abel-Regular.ttf
12:55:15.711 [FXGL Background Thread 3 ] DEBUG Engine               - fontMono: TerminalLandMono-Regular.otf
12:55:15.711 [FXGL Background Thread 3 ] DEBUG Engine               - fontText: Courier-Prime.ttf
12:55:15.711 [FXGL Background Thread 3 ] DEBUG Engine               - fontUI: VarelaRound-Regular.ttf
12:55:15.711 [FXGL Background Thread 3 ] DEBUG Engine               - fullScreen: BooleanProperty [value: false]
12:55:15.711 [FXGL Background Thread 3 ] DEBUG Engine               - gameDifficulty: MEDIUM
12:55:15.711 [FXGL Background Thread 3 ] DEBUG Engine               - gameDifficultyProperty: ObjectProperty [value: MEDIUM]
12:55:15.711 [FXGL Background Thread 3 ] DEBUG Engine               - globalMusicVolume: 0.5
12:55:15.711 [FXGL Background Thread 3 ] DEBUG Engine               - globalMusicVolumeProperty: DoubleProperty [value: 0.25]
12:55:15.712 [FXGL Background Thread 3 ] DEBUG Engine               - globalSoundVolume: 0.5
12:55:15.712 [FXGL Background Thread 3 ] DEBUG Engine               - globalSoundVolumeProperty: DoubleProperty [value: 0.5]
12:55:15.712 [FXGL Background Thread 3 ] DEBUG Engine               - height: 640
12:55:15.712 [FXGL Background Thread 3 ] DEBUG Engine               - is3D: false
12:55:15.712 [FXGL Background Thread 3 ] DEBUG Engine               - isAndroid: false
12:55:15.712 [FXGL Background Thread 3 ] DEBUG Engine               - isBrowser: false
12:55:15.712 [FXGL Background Thread 3 ] DEBUG Engine               - isClickFeedbackEnabled: false
12:55:15.712 [FXGL Background Thread 3 ] DEBUG Engine               - isCloseConfirmation: false
12:55:15.712 [FXGL Background Thread 3 ] DEBUG Engine               - isDesktop: true
12:55:15.712 [FXGL Background Thread 3 ] DEBUG Engine               - isDeveloperMenuEnabled: true
12:55:15.712 [FXGL Background Thread 3 ] DEBUG Engine               - isEmbedded: false
12:55:15.712 [FXGL Background Thread 3 ] DEBUG Engine               - isEntityPreloadEnabled: true
12:55:15.712 [FXGL Background Thread 3 ] DEBUG Engine               - isExperimentalTiledLargeMap: false
12:55:15.712 [FXGL Background Thread 3 ] DEBUG Engine               - isFileSystemWriteAllowed: true
12:55:15.712 [FXGL Background Thread 3 ] DEBUG Engine               - isFullScreenAllowed: false
12:55:15.712 [FXGL Background Thread 3 ] DEBUG Engine               - isFullScreenFromStart: false
12:55:15.712 [FXGL Background Thread 3 ] DEBUG Engine               - isGameMenuEnabled: true
12:55:15.712 [FXGL Background Thread 3 ] DEBUG Engine               - isIOS: false
12:55:15.712 [FXGL Background Thread 3 ] DEBUG Engine               - isIntroEnabled: false
12:55:15.713 [FXGL Background Thread 3 ] DEBUG Engine               - isLinux: false
12:55:15.713 [FXGL Background Thread 3 ] DEBUG Engine               - isMac: false
12:55:15.713 [FXGL Background Thread 3 ] DEBUG Engine               - isMainMenuEnabled: false
12:55:15.713 [FXGL Background Thread 3 ] DEBUG Engine               - isManualResizeEnabled: false
12:55:15.713 [FXGL Background Thread 3 ] DEBUG Engine               - isMobile: false
12:55:15.713 [FXGL Background Thread 3 ] DEBUG Engine               - isNative: false
12:55:15.713 [FXGL Background Thread 3 ] DEBUG Engine               - isPauseMusicWhenMinimized: true
12:55:15.713 [FXGL Background Thread 3 ] DEBUG Engine               - isPreserveResizeRatio: false
12:55:15.713 [FXGL Background Thread 3 ] DEBUG Engine               - isProfilingEnabled: false
12:55:15.713 [FXGL Background Thread 3 ] DEBUG Engine               - isScaleAffectedOnResize: true
12:55:15.713 [FXGL Background Thread 3 ] DEBUG Engine               - isSingleStep: false
12:55:15.713 [FXGL Background Thread 3 ] DEBUG Engine               - isUserProfileEnabled: false
12:55:15.713 [FXGL Background Thread 3 ] DEBUG Engine               - isWindows: true
12:55:15.713 [FXGL Background Thread 3 ] DEBUG Engine               - language: ObjectProperty [value: ENGLISH]
12:55:15.713 [FXGL Background Thread 3 ] DEBUG Engine               - menuKey: ESCAPE
12:55:15.713 [FXGL Background Thread 3 ] DEBUG Engine               - mouseSensitivity: 0.2
12:55:15.713 [FXGL Background Thread 3 ] DEBUG Engine               - notificationViewClass: class com.almasb.fxgl.notification.view.XboxNotificationView
12:55:15.713 [FXGL Background Thread 3 ] DEBUG Engine               - pixelsPerMeter: 50.0
12:55:15.713 [FXGL Background Thread 3 ] DEBUG Engine               - platform: WINDOWS
12:55:15.713 [FXGL Background Thread 3 ] DEBUG Engine               - prefHeightProperty: ReadOnlyDoubleProperty [value: 640.0]
12:55:15.713 [FXGL Background Thread 3 ] DEBUG Engine               - prefWidthProperty: ReadOnlyDoubleProperty [value: 1500.0]
12:55:15.713 [FXGL Background Thread 3 ] DEBUG Engine               - profileDir: profiles/
12:55:15.713 [FXGL Background Thread 3 ] DEBUG Engine               - profileName: StringProperty [value: DEFAULT]
12:55:15.714 [FXGL Background Thread 3 ] DEBUG Engine               - randomSeed: -1
12:55:15.714 [FXGL Background Thread 3 ] DEBUG Engine               - runtimeInfo: RuntimeInfo(platform=WINDOWS, version=17+dev-SNAPSHOT, build=22.04.2022 11.52)
12:55:15.714 [FXGL Background Thread 3 ] DEBUG Engine               - saveFileExt: sav
12:55:15.714 [FXGL Background Thread 3 ] DEBUG Engine               - scaledHeightProp$fxgl: DoubleProperty [bound, value: 640.0]
12:55:15.714 [FXGL Background Thread 3 ] DEBUG Engine               - scaledWidthProp$fxgl: DoubleProperty [bound, value: 1500.0]
12:55:15.714 [FXGL Background Thread 3 ] DEBUG Engine               - sceneFactory: com.almasb.fxgl.app.scene.SceneFactory@a5a8f75
12:55:15.714 [FXGL Background Thread 3 ] DEBUG Engine               - secondsIn24h: 60
12:55:15.714 [FXGL Background Thread 3 ] DEBUG Engine               - soundMenuBack: menu/back.wav
12:55:15.714 [FXGL Background Thread 3 ] DEBUG Engine               - soundMenuPress: menu/press.wav
12:55:15.714 [FXGL Background Thread 3 ] DEBUG Engine               - soundMenuSelect: menu/select.wav
12:55:15.714 [FXGL Background Thread 3 ] DEBUG Engine               - soundNotification: core/notification.wav
12:55:15.714 [FXGL Background Thread 3 ] DEBUG Engine               - stageStyle: DECORATED
12:55:15.714 [FXGL Background Thread 3 ] DEBUG Engine               - supportedLanguages: [ENGLISH, FRENCH, GERMAN, HUNGARIAN, RUSSIAN]
12:55:15.714 [FXGL Background Thread 3 ] DEBUG Engine               - ticksPerSecond: -1
12:55:15.714 [FXGL Background Thread 3 ] DEBUG Engine               - title: Pioneer-10
Terra
12:55:15.714 [FXGL Background Thread 3 ] DEBUG Engine               - urlGithub: https://github.com/AlmasB/FXGL
12:55:15.714 [FXGL Background Thread 3 ] DEBUG Engine               - urlLeaderboard: http://fxgl-top.herokuapp.com/
12:55:15.714 [FXGL Background Thread 3 ] DEBUG Engine               - urlPOM: https://raw.githubusercontent.com/AlmasB/FXGL/release/README.md
12:55:15.714 [FXGL Background Thread 3 ] DEBUG Engine               - userAppClass: class com.pioneer10.model.LivTerra
12:55:15.714 [FXGL Background Thread 3 ] DEBUG Engine               - version: 0.0
12:55:15.714 [FXGL Background Thread 3 ] DEBUG Engine               - versionCheckDays: 7
12:55:15.714 [FXGL Background Thread 3 ] DEBUG Engine               - width: 1500
12:55:15.714 [FXGL Background Thread 3 ] DEBUG Engine               - Logging services
12:55:15.714 [FXGL Background Thread 3 ] DEBUG Engine               - class com.almasb.fxgl.app.services.FXGLAssetLoaderService
12:55:15.714 [FXGL Background Thread 3 ] DEBUG Engine               - class com.almasb.fxgl.app.FXGLApplication$GameApplicationService
12:55:15.714 [FXGL Background Thread 3 ] DEBUG Engine               - class com.almasb.fxgl.app.services.FXGLDialogService
12:55:15.714 [FXGL Background Thread 3 ] DEBUG Engine               - class com.almasb.fxgl.app.services.IOTaskExecutorService
12:55:15.715 [FXGL Background Thread 3 ] DEBUG Engine               - class com.almasb.fxgl.io.FileSystemService
12:55:15.715 [FXGL Background Thread 3 ] DEBUG Engine               - class com.almasb.fxgl.localization.LocalizationService
12:55:15.715 [FXGL Background Thread 3 ] DEBUG Engine               - class com.almasb.fxgl.app.services.SystemBundleService
12:55:15.715 [FXGL Background Thread 3 ] DEBUG Engine               - class com.almasb.fxgl.profile.SaveLoadService
12:55:15.715 [FXGL Background Thread 3 ] DEBUG Engine               - class com.almasb.fxgl.ui.FXGLUIFactoryServiceProvider
12:55:15.715 [FXGL Background Thread 3 ] DEBUG Engine               - class com.almasb.fxgl.ui.FXGLDialogFactoryServiceProvider
12:55:15.715 [FXGL Background Thread 3 ] DEBUG Engine               - class com.almasb.fxgl.audio.AudioPlayer
12:55:15.715 [FXGL Background Thread 3 ] DEBUG Engine               - class com.almasb.fxgl.notification.impl.NotificationServiceProvider
12:55:15.715 [FXGL Background Thread 3 ] DEBUG Engine               - class com.almasb.fxgl.achievement.AchievementService
12:55:15.715 [FXGL Background Thread 3 ] DEBUG Engine               - class com.almasb.fxgl.cutscene.CutsceneService
12:55:15.715 [FXGL Background Thread 3 ] DEBUG Engine               - class com.almasb.fxgl.minigames.MiniGameService
12:55:15.715 [FXGL Background Thread 3 ] DEBUG Engine               - class com.almasb.fxgl.net.NetService
12:55:15.715 [FXGL Background Thread 3 ] DEBUG Engine               - class com.almasb.fxgl.app.services.UpdaterService
12:55:15.715 [FXGL Background Thread 3 ] DEBUG Engine               - class com.almasb.fxgl.dev.DevService
12:55:19.948 [JavaFX Application Thread] DEBUG FXGLApplication      - Exiting FXGL
12:55:19.948 [JavaFX Application Thread] DEBUG LoopRunner           - Stopping loop
12:55:19.948 [JavaFX Application Thread] DEBUG SystemBundleService  - Saving FXGL system data
12:55:19.949 [JavaFX Application Thread] DEBUG FileSystemAccess     - Writing to: D:\FERMI-FEDE\4BIF_2021-2022\Informatica\Giochi\Pioneer-10\system\fxgl.bundle
12:55:19.951 [JavaFX Application Thread] DEBUG Async                - Shutting down background threads
12:55:19.952 [JavaFX Application Thread] DEBUG PrimaryStageWindow   - Closing main window
12:55:19.960 [JavaFX Application Thread] DEBUG Logger               - Closing Logger
