19:22:23.382 [main                     ] DEBUG Logger               - Configured Logger
19:22:23.431 [main                     ] DEBUG GameApplication      - Logging settings
Title: Untitled
Version: 0.0
Width: 960
Height: 640
Fullscreen: false
Intro: false
Profiling: false
Single step:false
App Mode: DEVELOPER
Menu Key: ESCAPE
Stage Style: DECORATED
Scene Factory: class com.almasb.fxgl.app.scene.SceneFactory

19:22:25.433 [JavaFX Application Thread] DEBUG FXGLApplication      - Initializing FXGL
19:22:25.453 [JavaFX Application Thread] INFO  Engine               - FXGL-17+dev-SNAPSHOT (22.04.2022 11.52) on WINDOWS (J:18.0.1 FX:18)
19:22:25.453 [JavaFX Application Thread] DEBUG Engine               - JRE Vendor Name: Oracle Corporation
19:22:25.454 [JavaFX Application Thread] DEBUG Engine               - Running on OS: Windows 10 version 10.0
19:22:25.454 [JavaFX Application Thread] DEBUG Engine               - Architecture: amd64
19:22:25.454 [JavaFX Application Thread] INFO  Engine               - Source code and latest versions at: https://github.com/AlmasB/FXGL
19:22:25.455 [JavaFX Application Thread] INFO  Engine               -       Ask questions and discuss at: https://github.com/AlmasB/FXGL/discussions
19:22:25.455 [JavaFX Application Thread] INFO  Engine               -              Join the FXGL chat at: https://gitter.im/AlmasB/FXGL
19:22:25.667 [JavaFX Application Thread] DEBUG PrimaryStageWindow   - Creating a JavaFX scene
19:22:25.807 [JavaFX Application Thread] DEBUG PrimaryStageWindow   - Target settings size: 960.0 x 640.0
19:22:25.808 [JavaFX Application Thread] DEBUG PrimaryStageWindow   - Scaled scene size:    960.0 x 640.0
19:22:25.809 [JavaFX Application Thread] DEBUG PrimaryStageWindow   - Scaled ratio: (1.0, 1.0)
19:22:25.811 [JavaFX Application Thread] DEBUG PrimaryStageWindow   - Set initial scene to FXGLStartupScene
19:22:25.825 [JavaFX Application Thread] DEBUG PrimaryStageWindow   - Opening main window
19:22:26.009 [JavaFX Application Thread] DEBUG PrimaryStageWindow   - Window border size: (16.0, 39.0)
19:22:26.010 [JavaFX Application Thread] DEBUG PrimaryStageWindow   - Scaled size: 960.0 x 640.0
19:22:26.011 [JavaFX Application Thread] DEBUG PrimaryStageWindow   - Scaled ratio: (1.0, 1.0)
19:22:26.011 [JavaFX Application Thread] DEBUG PrimaryStageWindow   - Scene size: 960.0 x 640.0
19:22:26.012 [JavaFX Application Thread] DEBUG PrimaryStageWindow   - Stage size: 976.0 x 679.0
19:22:26.177 [FXGL Background Thread 1 ] DEBUG Engine               - Initializing environment variables
19:22:26.282 [FXGL Background Thread 1 ] DEBUG FXGLAssetLoaderServi - User app class for loading assets: class com.pioneer10.model.sdrubale
19:22:26.283 [FXGL Background Thread 1 ] DEBUG GameApplicationServi - Applying CSS: fxgl_dark.css
19:22:26.291 [FXGL Background Thread 1 ] DEBUG FXGLAssetLoaderServi - Loading from file system: jar:file:///C:/Users/Manuel/.m2/repository/com/github/almasb/fxgl/17+dev-SNAPSHOT/fxgl-17+dev-20220422.115207-44.jar!/fxglassets/ui/css/fxgl_dark.css
19:22:26.393 [FXGL Background Thread 1 ] DEBUG GameApplicationServi - Initializing application scenes
19:22:26.627 [FXGL Background Thread 1 ] DEBUG GameWorld            - Game world initialized
19:22:26.753 [FXGL Background Thread 1 ] DEBUG PhysicsWorld         - Physics world initialized: appHeight=640, physics.ppm=50,0
19:22:26.753 [FXGL Background Thread 1 ] DEBUG PhysicsWorld         - Using strategy: BRUTE_FORCE
19:22:26.760 [FXGL Background Thread 1 ] DEBUG GameScene            - Game scene initialized: 960x640
19:22:26.790 [FXGL Background Thread 1 ] DEBUG FXGL.DefaultMenu     - createMenuBodyGameMenu()
19:22:26.826 [FXGL Background Thread 1 ] DEBUG FXGL.DefaultMenu     - createOptionsMenu()
19:22:26.850 [FXGL Background Thread 1 ] DEBUG FXGLAssetLoaderServi - Loading from file system: jar:file:///C:/Users/Manuel/.m2/repository/com/github/almasb/fxgl/17+dev-SNAPSHOT/fxgl-17+dev-20220422.115207-44.jar!/fxglassets/textures/particles/smoke.png
19:22:27.094 [FXGL Background Thread 1 ] DEBUG FXGLAssetLoaderServi - Loading from file system: jar:file:///C:/Users/Manuel/.m2/repository/com/github/almasb/fxgl/17+dev-SNAPSHOT/fxgl-17+dev-20220422.115207-44.jar!/fxglassets/textures/particles/trace_horizontal.png
19:22:27.197 [FXGL Background Thread 1 ] DEBUG GameApplicationServi - Application scenes initialized
19:22:27.223 [FXGL Background Thread 1 ] DEBUG SystemBundleService  - Loading FXGL system data
19:22:27.241 [FXGL Background Thread 1 ] DEBUG FileSystemAccess     - Reading from: C:\javafx-FXGL\pioneer-10\system\fxgl.bundle
19:22:27.258 [FXGL Background Thread 1 ] DEBUG SystemBundleService  - Bundle FXGL: {}
19:22:27.259 [FXGL Background Thread 1 ] DEBUG UpdaterService       - Checking for updates
19:22:27.267 [FXGL Background Thread 1 ] DEBUG FXGLApplication      - Loading default localization
19:22:27.268 [FXGL Background Thread 1 ] DEBUG FXGLAssetLoaderServi - Loading from file system: jar:file:///C:/Users/Manuel/.m2/repository/com/github/almasb/fxgl/17+dev-SNAPSHOT/fxgl-17+dev-20220422.115207-44.jar!/fxglassets/languages/english.lang
19:22:27.332 [FXGL Background Thread 1 ] INFO  FXGLApplication      - FXGL initialization took: 1,153 sec
19:22:27.338 [FXGL Background Thread 4 ] DEBUG FXGLApplication      - Loading fonts
19:22:27.339 [FXGL Background Thread 4 ] DEBUG FXGLAssetLoaderServi - Loading from file system: jar:file:///C:/Users/Manuel/.m2/repository/com/github/almasb/fxgl/17+dev-SNAPSHOT/fxgl-17+dev-20220422.115207-44.jar!/fxglassets/ui/fonts/VarelaRound-Regular.ttf
19:22:27.361 [JavaFX Application Thread] DEBUG Input                - Registered new binding: Left - A
19:22:27.361 [JavaFX Application Thread] DEBUG Input                - Registered new binding: Right - D
19:22:27.362 [JavaFX Application Thread] DEBUG Input                - Registered new binding: Jump - W
19:22:27.362 [JavaFX Application Thread] DEBUG FXGLAssetLoaderServi - Loading from file system: jar:file:///C:/Users/Manuel/.m2/repository/com/github/almasb/fxgl/17+dev-SNAPSHOT/fxgl-17+dev-20220422.115207-44.jar!/fxglassets/textures/fxgl_icon.png
19:22:27.411 [JavaFX Application Thread] DEBUG FXGLAssetLoaderServi - Loading from file system: jar:file:///C:/Users/Manuel/.m2/repository/com/github/almasb/fxgl/17+dev-SNAPSHOT/fxgl-17+dev-20220422.115207-44.jar!/fxglassets/textures/fxgl_default_cursor.png
19:22:27.414 [JavaFX Application Thread] DEBUG Input                - Registered new binding: Screenshot - CTRL+8
19:22:27.415 [JavaFX Application Thread] DEBUG Input                - Registered new binding: System info dump - CTRL+9
19:22:27.415 [JavaFX Application Thread] DEBUG Input                - Registered new binding: Restart - CTRL+R
19:22:27.416 [JavaFX Application Thread] DEBUG Input                - Registered new binding: Toggle Debug Camera - CTRL+7
19:22:27.420 [JavaFX Application Thread] DEBUG LoopRunner           - Starting loop
19:22:27.420 [JavaFX Application Thread] DEBUG LoopRunner           - Initializing JavaFX AnimationTimerLoop
19:22:27.422 [JavaFX Application Thread] DEBUG GameApplicationServi - Starting new game
19:22:27.423 [JavaFX Application Thread] DEBUG Input                - Clearing active input actions
19:22:27.440 [JavaFX Application Thread] DEBUG GameApplicationServi - Removing overlay from FXGLStartupScene and adding to FXGLLoadingScene
19:22:27.441 [JavaFX Application Thread] DEBUG PrimaryStageWindow   - FXGLStartupScene -> FXGLLoadingScene
19:22:27.441 [JavaFX Application Thread] DEBUG GameApplicationServi - Clearing previous game
19:22:27.441 [JavaFX Application Thread] DEBUG GameScene            - Clearing game scene
19:22:27.442 [JavaFX Application Thread] DEBUG GameWorld            - Clearing game world
19:22:27.442 [JavaFX Application Thread] DEBUG PhysicsWorld         - Clearing physics world
19:22:27.444 [FXGL Background Thread 1 ] DEBUG FXGLApplication      - Initializing game
19:22:27.597 [FXGL Background Thread 1 ] WARN  TMXLevelLoader       - TiledMap generated from 1.8.4. Supported version: 1.4.2. Some features may not be parsed fully.
19:22:27.624 [FXGL Background Thread 1 ] DEBUG TMXLevelLoader       - Parsed TiledMap: file:/C:/javafx-FXGL/pioneer-10/target/classes/assets/levels/tmx/PrimaMappadecente.tmx
19:22:27.628 [FXGL Background Thread 1 ] DEBUG TMXLevelLoader       - Creating tile layer entities
19:22:27.646 [FXGL Background Thread 1 ] DEBUG TilesetLoader        - Loading view for layer Livello tile 1
19:22:27.647 [FXGL Background Thread 1 ] DEBUG TilesetLoader        - Created buffer with size 480.0x160.0
19:22:27.664 [FXGL Background Thread 1 ] DEBUG TMXLevelLoader       - Creating object layer entities
19:22:27.721 [FXGL Background Thread 1 ] DEBUG GameWorld            - Clearing removable entities
19:22:27.722 [FXGL Background Thread 1 ] DEBUG GameWorld            - Setting level: com.almasb.fxgl.entity.level.Level@691aa9a2
19:22:27.739 [FXGL Background Thread 1 ] INFO  FXGLApplication      - Game initialization took: 0,295 sec
19:22:27.907 [JavaFX Application Thread] DEBUG Input                - Clearing active input actions
19:22:27.934 [JavaFX Application Thread] DEBUG GameApplicationServi - Removing overlay from FXGLLoadingScene and adding to GameScene
19:22:27.955 [JavaFX Application Thread] DEBUG PrimaryStageWindow   - FXGLLoadingScene -> GameScene
19:22:28.270 [FXGL Background Thread 4 ] DEBUG FXGLAssetLoaderServi - Loading from file system: jar:file:///C:/Users/Manuel/.m2/repository/com/github/almasb/fxgl/17+dev-SNAPSHOT/fxgl-17+dev-20220422.115207-44.jar!/fxglassets/ui/fonts/Abel-Regular.ttf
19:22:28.288 [FXGL Background Thread 4 ] DEBUG FXGLAssetLoaderServi - Loading from file system: jar:file:///C:/Users/Manuel/.m2/repository/com/github/almasb/fxgl/17+dev-SNAPSHOT/fxgl-17+dev-20220422.115207-44.jar!/fxglassets/ui/fonts/TerminalLandMono-Regular.otf
19:22:28.307 [FXGL Background Thread 4 ] DEBUG FXGLAssetLoaderServi - Loading from file system: jar:file:///C:/Users/Manuel/.m2/repository/com/github/almasb/fxgl/17+dev-SNAPSHOT/fxgl-17+dev-20220422.115207-44.jar!/fxglassets/ui/fonts/Courier-Prime.ttf
19:22:28.333 [JavaFX Application Thread] DEBUG FXGLApplication      - Registering font factories with UI factory
19:22:29.300 [FXGL Background Thread 2 ] INFO  UpdaterService       - Your current version:  17+dev-SNAPSHOT
19:22:29.300 [FXGL Background Thread 2 ] INFO  UpdaterService       - Latest stable version: 17.1
19:22:30.265 [FXGL Background Thread 3 ] DEBUG Engine               - Logging environment variables
19:22:30.266 [FXGL Background Thread 3 ] DEBUG Engine               - achievements: []
19:22:30.266 [FXGL Background Thread 3 ] DEBUG Engine               - actualHeight: 640.0
19:22:30.266 [FXGL Background Thread 3 ] DEBUG Engine               - actualHeightProperty: ReadOnlyDoubleProperty [value: 640.0]
19:22:30.266 [FXGL Background Thread 3 ] DEBUG Engine               - actualWidth: 960.0
19:22:30.267 [FXGL Background Thread 3 ] DEBUG Engine               - actualWidthProperty: ReadOnlyDoubleProperty [value: 960.0]
19:22:30.267 [FXGL Background Thread 3 ] DEBUG Engine               - appIcon: fxgl_icon.png
19:22:30.267 [FXGL Background Thread 3 ] DEBUG Engine               - applicationMode: DEVELOPER
19:22:30.267 [FXGL Background Thread 3 ] DEBUG Engine               - cSSList: [fxgl_dark.css]
19:22:30.267 [FXGL Background Thread 3 ] DEBUG Engine               - collisionDetectionStrategy: BRUTE_FORCE
19:22:30.267 [FXGL Background Thread 3 ] DEBUG Engine               - configClass: Optional.empty
19:22:30.267 [FXGL Background Thread 3 ] DEBUG Engine               - credits: []
19:22:30.268 [FXGL Background Thread 3 ] DEBUG Engine               - defaultCursor: CursorInfo(imageName=fxgl_default_cursor.png, hotspotX=7.0, hotspotY=6.0)
19:22:30.268 [FXGL Background Thread 3 ] DEBUG Engine               - devBBoxColorProperty: ObjectProperty [value: 0xff0000ff]
19:22:30.269 [FXGL Background Thread 3 ] DEBUG Engine               - devEnableDebugCameraProperty: BooleanProperty [value: false]
19:22:30.269 [FXGL Background Thread 3 ] DEBUG Engine               - devSensorColorProperty: ObjectProperty [value: 0xffff00ff]
19:22:30.269 [FXGL Background Thread 3 ] DEBUG Engine               - devShowBBoxProperty: BooleanProperty [value: false]
19:22:30.269 [FXGL Background Thread 3 ] DEBUG Engine               - devShowPositionProperty: BooleanProperty [value: false]
19:22:30.269 [FXGL Background Thread 3 ] DEBUG Engine               - enabledMenuItems: []
19:22:30.270 [FXGL Background Thread 3 ] DEBUG Engine               - engineServices: [class com.almasb.fxgl.app.services.FXGLAssetLoaderService, class com.almasb.fxgl.app.FXGLApplication$GameApplicationService, class com.almasb.fxgl.app.services.FXGLDialogService, class com.almasb.fxgl.app.services.IOTaskExecutorService, class com.almasb.fxgl.io.FileSystemService, class com.almasb.fxgl.localization.LocalizationService, class com.almasb.fxgl.app.services.SystemBundleService, class com.almasb.fxgl.profile.SaveLoadService, class com.almasb.fxgl.ui.FXGLUIFactoryServiceProvider, class com.almasb.fxgl.ui.FXGLDialogFactoryServiceProvider, class com.almasb.fxgl.audio.AudioPlayer, class com.almasb.fxgl.notification.impl.NotificationServiceProvider, class com.almasb.fxgl.achievement.AchievementService, class com.almasb.fxgl.cutscene.CutsceneService, class com.almasb.fxgl.minigames.MiniGameService, class com.almasb.fxgl.net.NetService, class com.almasb.fxgl.app.services.UpdaterService, class com.almasb.fxgl.dev.DevService]
19:22:30.270 [FXGL Background Thread 3 ] DEBUG Engine               - fontGame: Abel-Regular.ttf
19:22:30.270 [FXGL Background Thread 3 ] DEBUG Engine               - fontMono: TerminalLandMono-Regular.otf
19:22:30.270 [FXGL Background Thread 3 ] DEBUG Engine               - fontText: Courier-Prime.ttf
19:22:30.270 [FXGL Background Thread 3 ] DEBUG Engine               - fontUI: VarelaRound-Regular.ttf
19:22:30.271 [FXGL Background Thread 3 ] DEBUG Engine               - fullScreen: BooleanProperty [value: false]
19:22:30.271 [FXGL Background Thread 3 ] DEBUG Engine               - gameDifficulty: MEDIUM
19:22:30.271 [FXGL Background Thread 3 ] DEBUG Engine               - gameDifficultyProperty: ObjectProperty [value: MEDIUM]
19:22:30.272 [FXGL Background Thread 3 ] DEBUG Engine               - globalMusicVolume: 0.5
19:22:30.272 [FXGL Background Thread 3 ] DEBUG Engine               - globalMusicVolumeProperty: DoubleProperty [value: 0.5]
19:22:30.273 [FXGL Background Thread 3 ] DEBUG Engine               - globalSoundVolume: 0.5
19:22:30.273 [FXGL Background Thread 3 ] DEBUG Engine               - globalSoundVolumeProperty: DoubleProperty [value: 0.5]
19:22:30.273 [FXGL Background Thread 3 ] DEBUG Engine               - height: 640
19:22:30.274 [FXGL Background Thread 3 ] DEBUG Engine               - is3D: false
19:22:30.274 [FXGL Background Thread 3 ] DEBUG Engine               - isAndroid: false
19:22:30.274 [FXGL Background Thread 3 ] DEBUG Engine               - isBrowser: false
19:22:30.274 [FXGL Background Thread 3 ] DEBUG Engine               - isClickFeedbackEnabled: false
19:22:30.274 [FXGL Background Thread 3 ] DEBUG Engine               - isCloseConfirmation: false
19:22:30.274 [FXGL Background Thread 3 ] DEBUG Engine               - isDesktop: true
19:22:30.274 [FXGL Background Thread 3 ] DEBUG Engine               - isDeveloperMenuEnabled: false
19:22:30.274 [FXGL Background Thread 3 ] DEBUG Engine               - isEmbedded: false
19:22:30.275 [FXGL Background Thread 3 ] DEBUG Engine               - isEntityPreloadEnabled: true
19:22:30.275 [FXGL Background Thread 3 ] DEBUG Engine               - isExperimentalTiledLargeMap: false
19:22:30.275 [FXGL Background Thread 3 ] DEBUG Engine               - isFileSystemWriteAllowed: true
19:22:30.275 [FXGL Background Thread 3 ] DEBUG Engine               - isFullScreenAllowed: false
19:22:30.275 [FXGL Background Thread 3 ] DEBUG Engine               - isFullScreenFromStart: false
19:22:30.275 [FXGL Background Thread 3 ] DEBUG Engine               - isGameMenuEnabled: true
19:22:30.275 [FXGL Background Thread 3 ] DEBUG Engine               - isIOS: false
19:22:30.276 [FXGL Background Thread 3 ] DEBUG Engine               - isIntroEnabled: false
19:22:30.276 [FXGL Background Thread 3 ] DEBUG Engine               - isLinux: false
19:22:30.276 [FXGL Background Thread 3 ] DEBUG Engine               - isMac: false
19:22:30.276 [FXGL Background Thread 3 ] DEBUG Engine               - isMainMenuEnabled: false
19:22:30.276 [FXGL Background Thread 3 ] DEBUG Engine               - isManualResizeEnabled: false
19:22:30.276 [FXGL Background Thread 3 ] DEBUG Engine               - isMobile: false
19:22:30.276 [FXGL Background Thread 3 ] DEBUG Engine               - isNative: false
19:22:30.276 [FXGL Background Thread 3 ] DEBUG Engine               - isPauseMusicWhenMinimized: true
19:22:30.276 [FXGL Background Thread 3 ] DEBUG Engine               - isPreserveResizeRatio: false
19:22:30.277 [FXGL Background Thread 3 ] DEBUG Engine               - isProfilingEnabled: false
19:22:30.277 [FXGL Background Thread 3 ] DEBUG Engine               - isScaleAffectedOnResize: true
19:22:30.277 [FXGL Background Thread 3 ] DEBUG Engine               - isSingleStep: false
19:22:30.277 [FXGL Background Thread 3 ] DEBUG Engine               - isUserProfileEnabled: false
19:22:30.277 [FXGL Background Thread 3 ] DEBUG Engine               - isWindows: true
19:22:30.277 [FXGL Background Thread 3 ] DEBUG Engine               - language: ObjectProperty [value: ENGLISH]
19:22:30.277 [FXGL Background Thread 3 ] DEBUG Engine               - menuKey: ESCAPE
19:22:30.277 [FXGL Background Thread 3 ] DEBUG Engine               - mouseSensitivity: 0.2
19:22:30.277 [FXGL Background Thread 3 ] DEBUG Engine               - notificationViewClass: class com.almasb.fxgl.notification.view.XboxNotificationView
19:22:30.278 [FXGL Background Thread 3 ] DEBUG Engine               - pixelsPerMeter: 50.0
19:22:30.278 [FXGL Background Thread 3 ] DEBUG Engine               - platform: WINDOWS
19:22:30.278 [FXGL Background Thread 3 ] DEBUG Engine               - prefHeightProperty: ReadOnlyDoubleProperty [value: 640.0]
19:22:30.278 [FXGL Background Thread 3 ] DEBUG Engine               - prefWidthProperty: ReadOnlyDoubleProperty [value: 960.0]
19:22:30.278 [FXGL Background Thread 3 ] DEBUG Engine               - profileDir: profiles/
19:22:30.278 [FXGL Background Thread 3 ] DEBUG Engine               - profileName: StringProperty [value: DEFAULT]
19:22:30.278 [FXGL Background Thread 3 ] DEBUG Engine               - randomSeed: -1
19:22:30.279 [FXGL Background Thread 3 ] DEBUG Engine               - runtimeInfo: RuntimeInfo(platform=WINDOWS, version=17+dev-SNAPSHOT, build=22.04.2022 11.52)
19:22:30.279 [FXGL Background Thread 3 ] DEBUG Engine               - saveFileExt: sav
19:22:30.280 [FXGL Background Thread 3 ] DEBUG Engine               - scaledHeightProp$fxgl: DoubleProperty [bound, value: 640.0]
19:22:30.280 [FXGL Background Thread 3 ] DEBUG Engine               - scaledWidthProp$fxgl: DoubleProperty [bound, value: 960.0]
19:22:30.280 [FXGL Background Thread 3 ] DEBUG Engine               - sceneFactory: com.almasb.fxgl.app.scene.SceneFactory@7970b56e
19:22:30.280 [FXGL Background Thread 3 ] DEBUG Engine               - secondsIn24h: 60
19:22:30.280 [FXGL Background Thread 3 ] DEBUG Engine               - soundMenuBack: menu/back.wav
19:22:30.280 [FXGL Background Thread 3 ] DEBUG Engine               - soundMenuPress: menu/press.wav
19:22:30.280 [FXGL Background Thread 3 ] DEBUG Engine               - soundMenuSelect: menu/select.wav
19:22:30.280 [FXGL Background Thread 3 ] DEBUG Engine               - soundNotification: core/notification.wav
19:22:30.280 [FXGL Background Thread 3 ] DEBUG Engine               - stageStyle: DECORATED
19:22:30.281 [FXGL Background Thread 3 ] DEBUG Engine               - supportedLanguages: [ENGLISH, FRENCH, GERMAN, HUNGARIAN, RUSSIAN]
19:22:30.281 [FXGL Background Thread 3 ] DEBUG Engine               - ticksPerSecond: -1
19:22:30.281 [FXGL Background Thread 3 ] DEBUG Engine               - title: Untitled
19:22:30.281 [FXGL Background Thread 3 ] DEBUG Engine               - urlGithub: https://github.com/AlmasB/FXGL
19:22:30.281 [FXGL Background Thread 3 ] DEBUG Engine               - urlLeaderboard: http://fxgl-top.herokuapp.com/
19:22:30.281 [FXGL Background Thread 3 ] DEBUG Engine               - urlPOM: https://raw.githubusercontent.com/AlmasB/FXGL/release/README.md
19:22:30.281 [FXGL Background Thread 3 ] DEBUG Engine               - userAppClass: class com.pioneer10.model.sdrubale
19:22:30.281 [FXGL Background Thread 3 ] DEBUG Engine               - version: 0.0
19:22:30.281 [FXGL Background Thread 3 ] DEBUG Engine               - versionCheckDays: 7
19:22:30.282 [FXGL Background Thread 3 ] DEBUG Engine               - width: 960
19:22:30.282 [FXGL Background Thread 3 ] DEBUG Engine               - Logging services
19:22:30.282 [FXGL Background Thread 3 ] DEBUG Engine               - class com.almasb.fxgl.app.services.FXGLAssetLoaderService
19:22:30.282 [FXGL Background Thread 3 ] DEBUG Engine               - class com.almasb.fxgl.app.FXGLApplication$GameApplicationService
19:22:30.282 [FXGL Background Thread 3 ] DEBUG Engine               - class com.almasb.fxgl.app.services.FXGLDialogService
19:22:30.282 [FXGL Background Thread 3 ] DEBUG Engine               - class com.almasb.fxgl.app.services.IOTaskExecutorService
19:22:30.282 [FXGL Background Thread 3 ] DEBUG Engine               - class com.almasb.fxgl.io.FileSystemService
19:22:30.282 [FXGL Background Thread 3 ] DEBUG Engine               - class com.almasb.fxgl.localization.LocalizationService
19:22:30.282 [FXGL Background Thread 3 ] DEBUG Engine               - class com.almasb.fxgl.app.services.SystemBundleService
19:22:30.282 [FXGL Background Thread 3 ] DEBUG Engine               - class com.almasb.fxgl.profile.SaveLoadService
19:22:30.283 [FXGL Background Thread 3 ] DEBUG Engine               - class com.almasb.fxgl.ui.FXGLUIFactoryServiceProvider
19:22:30.283 [FXGL Background Thread 3 ] DEBUG Engine               - class com.almasb.fxgl.ui.FXGLDialogFactoryServiceProvider
19:22:30.283 [FXGL Background Thread 3 ] DEBUG Engine               - class com.almasb.fxgl.audio.AudioPlayer
19:22:30.283 [FXGL Background Thread 3 ] DEBUG Engine               - class com.almasb.fxgl.notification.impl.NotificationServiceProvider
19:22:30.283 [FXGL Background Thread 3 ] DEBUG Engine               - class com.almasb.fxgl.achievement.AchievementService
19:22:30.283 [FXGL Background Thread 3 ] DEBUG Engine               - class com.almasb.fxgl.cutscene.CutsceneService
19:22:30.283 [FXGL Background Thread 3 ] DEBUG Engine               - class com.almasb.fxgl.minigames.MiniGameService
19:22:30.284 [FXGL Background Thread 3 ] DEBUG Engine               - class com.almasb.fxgl.net.NetService
19:22:30.284 [FXGL Background Thread 3 ] DEBUG Engine               - class com.almasb.fxgl.app.services.UpdaterService
19:22:30.284 [FXGL Background Thread 3 ] DEBUG Engine               - class com.almasb.fxgl.dev.DevService
19:22:32.221 [JavaFX Application Thread] DEBUG FXGLApplication      - Exiting FXGL
19:22:32.222 [JavaFX Application Thread] DEBUG LoopRunner           - Stopping loop
19:22:32.222 [JavaFX Application Thread] DEBUG SystemBundleService  - Saving FXGL system data
19:22:32.225 [JavaFX Application Thread] DEBUG FileSystemAccess     - Writing to: C:\javafx-FXGL\pioneer-10\system\fxgl.bundle
19:22:32.228 [JavaFX Application Thread] DEBUG Async                - Shutting down background threads
19:22:32.228 [JavaFX Application Thread] DEBUG PrimaryStageWindow   - Closing main window
19:22:32.280 [JavaFX Application Thread] DEBUG Logger               - Closing Logger
