20:16:44.231 [main                     ] DEBUG Logger               - Configured Logger
20:16:44.245 [main                     ] DEBUG GameApplication      - Logging settings
Title: Pioneer-10
Terra
Version: 0.0
Width: 1200
Height: 640
Fullscreen: false
Intro: false
Profiling: false
Single step:false
App Mode: DEVELOPER
Menu Key: ESCAPE
Stage Style: DECORATED
Scene Factory: class com.almasb.fxgl.app.scene.SceneFactory

20:16:44.644 [JavaFX Application Thread] DEBUG FXGLApplication      - Initializing FXGL
20:16:44.647 [JavaFX Application Thread] INFO  Engine               - FXGL-17+dev-SNAPSHOT (22.04.2022 11.52) on WINDOWS (J:18 FX:18)
20:16:44.647 [JavaFX Application Thread] DEBUG Engine               - JRE Vendor Name: Oracle Corporation
20:16:44.647 [JavaFX Application Thread] DEBUG Engine               - Running on OS: Windows 10 version 10.0
20:16:44.647 [JavaFX Application Thread] DEBUG Engine               - Architecture: amd64
20:16:44.647 [JavaFX Application Thread] INFO  Engine               - Source code and latest versions at: https://github.com/AlmasB/FXGL
20:16:44.648 [JavaFX Application Thread] INFO  Engine               -       Ask questions and discuss at: https://github.com/AlmasB/FXGL/discussions
20:16:44.648 [JavaFX Application Thread] INFO  Engine               -              Join the FXGL chat at: https://gitter.im/AlmasB/FXGL
20:16:44.699 [JavaFX Application Thread] DEBUG PrimaryStageWindow   - Creating a JavaFX scene
20:16:44.725 [JavaFX Application Thread] DEBUG PrimaryStageWindow   - Target settings size: 1200.0 x 640.0
20:16:44.725 [JavaFX Application Thread] DEBUG PrimaryStageWindow   - Scaled scene size:    1200.0 x 640.0
20:16:44.725 [JavaFX Application Thread] DEBUG PrimaryStageWindow   - Scaled ratio: (1.0, 1.0)
20:16:44.726 [JavaFX Application Thread] DEBUG PrimaryStageWindow   - Set initial scene to FXGLStartupScene
20:16:44.730 [JavaFX Application Thread] DEBUG PrimaryStageWindow   - Opening main window
20:16:44.835 [JavaFX Application Thread] DEBUG PrimaryStageWindow   - Window border size: (16.0, 39.0)
20:16:44.835 [JavaFX Application Thread] DEBUG PrimaryStageWindow   - Scaled size: 1200.0 x 640.0
20:16:44.835 [JavaFX Application Thread] DEBUG PrimaryStageWindow   - Scaled ratio: (1.0, 1.0)
20:16:44.835 [JavaFX Application Thread] DEBUG PrimaryStageWindow   - Scene size: 1200.0 x 640.0
20:16:44.836 [JavaFX Application Thread] DEBUG PrimaryStageWindow   - Stage size: 1216.0 x 679.0
20:16:44.839 [FXGL Background Thread 1 ] DEBUG Engine               - Initializing environment variables
20:16:44.869 [FXGL Background Thread 1 ] DEBUG FXGLAssetLoaderServi - User app class for loading assets: class com.pioneer10.model.LivTerra
20:16:44.869 [FXGL Background Thread 1 ] DEBUG GameApplicationServi - Applying CSS: fxgl_dark.css
20:16:44.870 [FXGL Background Thread 1 ] DEBUG FXGLAssetLoaderServi - Loading from file system: jar:file:///C:/Users/mattu/.m2/repository/com/github/almasb/fxgl/17+dev-SNAPSHOT/fxgl-17+dev-20220422.115207-44.jar!/fxglassets/ui/css/fxgl_dark.css
20:16:44.900 [FXGL Background Thread 1 ] DEBUG GameApplicationServi - Initializing application scenes
20:16:44.923 [FXGL Background Thread 1 ] DEBUG GameWorld            - Game world initialized
20:16:44.962 [FXGL Background Thread 1 ] DEBUG PhysicsWorld         - Physics world initialized: appHeight=640, physics.ppm=50,0
20:16:44.962 [FXGL Background Thread 1 ] DEBUG PhysicsWorld         - Using strategy: BRUTE_FORCE
20:16:44.965 [FXGL Background Thread 1 ] DEBUG GameScene            - Game scene initialized: 1200x640
20:16:44.972 [FXGL Background Thread 1 ] DEBUG FXGL.DefaultMenu     - createMenuBodyGameMenu()
20:16:44.980 [FXGL Background Thread 1 ] DEBUG FXGL.DefaultMenu     - createOptionsMenu()
20:16:44.987 [FXGL Background Thread 1 ] DEBUG FXGLAssetLoaderServi - Loading from file system: jar:file:///C:/Users/mattu/.m2/repository/com/github/almasb/fxgl/17+dev-SNAPSHOT/fxgl-17+dev-20220422.115207-44.jar!/fxglassets/textures/particles/smoke.png
20:16:45.040 [FXGL Background Thread 1 ] DEBUG FXGLAssetLoaderServi - Loading from file system: jar:file:///C:/Users/mattu/.m2/repository/com/github/almasb/fxgl/17+dev-SNAPSHOT/fxgl-17+dev-20220422.115207-44.jar!/fxglassets/textures/particles/trace_horizontal.png
20:16:45.059 [FXGL Background Thread 1 ] DEBUG GameApplicationServi - Application scenes initialized
20:16:45.067 [FXGL Background Thread 1 ] DEBUG SystemBundleService  - Loading FXGL system data
20:16:45.069 [FXGL Background Thread 1 ] DEBUG FileSystemAccess     - Reading from: D:\FERMI-FEDE\4BIF_2021-2022\Informatica\Giochi\Pioneer-10\system\fxgl.bundle
20:16:45.074 [FXGL Background Thread 1 ] DEBUG SystemBundleService  - Bundle FXGL: {}
20:16:45.074 [FXGL Background Thread 1 ] DEBUG UpdaterService       - Checking for updates
20:16:45.076 [FXGL Background Thread 4 ] DEBUG FXGLApplication      - Loading fonts
20:16:45.076 [FXGL Background Thread 1 ] DEBUG FXGLApplication      - Loading default localization
20:16:45.077 [FXGL Background Thread 4 ] DEBUG FXGLAssetLoaderServi - Loading from file system: jar:file:///C:/Users/mattu/.m2/repository/com/github/almasb/fxgl/17+dev-SNAPSHOT/fxgl-17+dev-20220422.115207-44.jar!/fxglassets/ui/fonts/VarelaRound-Regular.ttf
20:16:45.077 [FXGL Background Thread 1 ] DEBUG FXGLAssetLoaderServi - Loading from file system: jar:file:///C:/Users/mattu/.m2/repository/com/github/almasb/fxgl/17+dev-SNAPSHOT/fxgl-17+dev-20220422.115207-44.jar!/fxglassets/languages/english.lang
20:16:45.090 [FXGL Background Thread 1 ] INFO  FXGLApplication      - FXGL initialization took: 0,250 sec
20:16:45.098 [JavaFX Application Thread] DEBUG Input                - Registered new binding: Left - A
20:16:45.098 [JavaFX Application Thread] DEBUG Input                - Registered new binding: Right - D
20:16:45.098 [JavaFX Application Thread] DEBUG Input                - Registered new binding: Jump - Space
20:16:45.098 [JavaFX Application Thread] DEBUG FXGLAssetLoaderServi - Loading from file system: jar:file:///C:/Users/mattu/.m2/repository/com/github/almasb/fxgl/17+dev-SNAPSHOT/fxgl-17+dev-20220422.115207-44.jar!/fxglassets/textures/fxgl_icon.png
20:16:45.110 [FXGL Background Thread 4 ] DEBUG FXGLAssetLoaderServi - Loading from file system: jar:file:///C:/Users/mattu/.m2/repository/com/github/almasb/fxgl/17+dev-SNAPSHOT/fxgl-17+dev-20220422.115207-44.jar!/fxglassets/ui/fonts/Abel-Regular.ttf
20:16:45.112 [FXGL Background Thread 4 ] DEBUG FXGLAssetLoaderServi - Loading from file system: jar:file:///C:/Users/mattu/.m2/repository/com/github/almasb/fxgl/17+dev-SNAPSHOT/fxgl-17+dev-20220422.115207-44.jar!/fxglassets/ui/fonts/TerminalLandMono-Regular.otf
20:16:45.112 [JavaFX Application Thread] DEBUG FXGLAssetLoaderServi - Loading from file system: jar:file:///C:/Users/mattu/.m2/repository/com/github/almasb/fxgl/17+dev-SNAPSHOT/fxgl-17+dev-20220422.115207-44.jar!/fxglassets/textures/fxgl_default_cursor.png
20:16:45.113 [FXGL Background Thread 4 ] DEBUG FXGLAssetLoaderServi - Loading from file system: jar:file:///C:/Users/mattu/.m2/repository/com/github/almasb/fxgl/17+dev-SNAPSHOT/fxgl-17+dev-20220422.115207-44.jar!/fxglassets/ui/fonts/Courier-Prime.ttf
20:16:45.114 [JavaFX Application Thread] DEBUG Input                - Registered new binding: Screenshot - CTRL+8
20:16:45.114 [JavaFX Application Thread] DEBUG Input                - Registered new binding: System info dump - CTRL+9
20:16:45.114 [JavaFX Application Thread] DEBUG Input                - Registered new binding: Restart - CTRL+R
20:16:45.114 [JavaFX Application Thread] DEBUG Input                - Registered new binding: Toggle Debug Camera - CTRL+7
20:16:45.116 [JavaFX Application Thread] DEBUG LoopRunner           - Starting loop
20:16:45.116 [JavaFX Application Thread] DEBUG LoopRunner           - Initializing JavaFX AnimationTimerLoop
20:16:45.116 [JavaFX Application Thread] DEBUG GameApplicationServi - Starting new game
20:16:45.117 [JavaFX Application Thread] DEBUG Input                - Clearing active input actions
20:16:45.124 [JavaFX Application Thread] DEBUG GameApplicationServi - Removing overlay from FXGLStartupScene and adding to FXGLLoadingScene
20:16:45.125 [JavaFX Application Thread] DEBUG PrimaryStageWindow   - FXGLStartupScene -> FXGLLoadingScene
20:16:45.125 [JavaFX Application Thread] DEBUG GameApplicationServi - Clearing previous game
20:16:45.125 [JavaFX Application Thread] DEBUG GameScene            - Clearing game scene
20:16:45.125 [JavaFX Application Thread] DEBUG GameWorld            - Clearing game world
20:16:45.125 [JavaFX Application Thread] DEBUG PhysicsWorld         - Clearing physics world
20:16:45.126 [FXGL Background Thread 4 ] DEBUG FXGLApplication      - Initializing game
20:16:45.151 [FXGL Background Thread 4 ] WARN  TMXLevelLoader       - TiledMap generated from 1.8.4. Supported version: 1.4.2. Some features may not be parsed fully.
20:16:45.175 [FXGL Background Thread 4 ] DEBUG TMXLevelLoader       - Parsed TiledMap: file:/D:/FERMI-FEDE/4BIF_2021-2022/Informatica/Giochi/Pioneer-10/target/classes/assets/levels/Terra/MappaTerra.tmx
20:16:45.175 [FXGL Background Thread 4 ] DEBUG TMXLevelLoader       - Creating tile layer entities
20:16:45.176 [FXGL Background Thread 4 ] DEBUG TilesetLoader        - Loading view for layer Livello tile 1
20:16:45.179 [FXGL Background Thread 4 ] DEBUG TilesetLoader        - Created buffer with size 4800.0x640.0
20:16:45.197 [FXGL Background Thread 4 ] WARN  TilesetLoader        - Diagonally flipped tiles are not currently supported
20:16:45.201 [FXGL Background Thread 4 ] WARN  TilesetLoader        - Diagonally flipped tiles are not currently supported
20:16:45.202 [FXGL Background Thread 4 ] WARN  TilesetLoader        - Diagonally flipped tiles are not currently supported
20:16:45.220 [FXGL Background Thread 4 ] WARN  TilesetLoader        - Diagonally flipped tiles are not currently supported
20:16:45.224 [FXGL Background Thread 4 ] WARN  TilesetLoader        - Diagonally flipped tiles are not currently supported
20:16:45.225 [FXGL Background Thread 4 ] DEBUG TilesetLoader        - Loading view for layer Livello tile 2
20:16:45.229 [FXGL Background Thread 4 ] DEBUG TilesetLoader        - Created buffer with size 4800.0x640.0
20:16:45.230 [FXGL Background Thread 4 ] DEBUG TilesetLoader        - Loading view for layer Livello tile 3
20:16:45.233 [FXGL Background Thread 4 ] DEBUG TilesetLoader        - Created buffer with size 4800.0x640.0
20:16:45.233 [FXGL Background Thread 4 ] DEBUG TMXLevelLoader       - Creating object layer entities
20:16:45.296 [FXGL Background Thread 4 ] DEBUG GameWorld            - Clearing removable entities
20:16:45.297 [FXGL Background Thread 4 ] DEBUG GameWorld            - Setting level: com.almasb.fxgl.entity.level.Level@ea1da44
20:16:45.348 [FXGL Background Thread 4 ] INFO  FXGLApplication      - Game initialization took: 0,222 sec
20:16:45.349 [JavaFX Application Thread] DEBUG Input                - Clearing active input actions
20:16:45.354 [JavaFX Application Thread] DEBUG GameApplicationServi - Removing overlay from FXGLLoadingScene and adding to GameScene
20:16:45.354 [JavaFX Application Thread] DEBUG PrimaryStageWindow   - FXGLLoadingScene -> GameScene
20:16:45.357 [FXGL Background Thread 2 ] INFO  UpdaterService       - Your current version:  17+dev-SNAPSHOT
20:16:45.357 [FXGL Background Thread 2 ] INFO  UpdaterService       - Latest stable version: 17.1
20:16:48.077 [FXGL Background Thread 3 ] DEBUG Engine               - Logging environment variables
20:16:48.077 [FXGL Background Thread 3 ] DEBUG Engine               - achievements: []
20:16:48.077 [FXGL Background Thread 3 ] DEBUG Engine               - actualHeight: 640.0
20:16:48.077 [FXGL Background Thread 3 ] DEBUG Engine               - actualHeightProperty: ReadOnlyDoubleProperty [value: 640.0]
20:16:48.077 [FXGL Background Thread 3 ] DEBUG Engine               - actualWidth: 1200.0
20:16:48.077 [FXGL Background Thread 3 ] DEBUG Engine               - actualWidthProperty: ReadOnlyDoubleProperty [value: 1200.0]
20:16:48.077 [FXGL Background Thread 3 ] DEBUG Engine               - appIcon: fxgl_icon.png
20:16:48.077 [FXGL Background Thread 3 ] DEBUG Engine               - applicationMode: DEVELOPER
20:16:48.077 [FXGL Background Thread 3 ] DEBUG Engine               - cSSList: [fxgl_dark.css]
20:16:48.077 [FXGL Background Thread 3 ] DEBUG Engine               - collisionDetectionStrategy: BRUTE_FORCE
20:16:48.077 [FXGL Background Thread 3 ] DEBUG Engine               - configClass: Optional.empty
20:16:48.077 [FXGL Background Thread 3 ] DEBUG Engine               - credits: []
20:16:48.078 [FXGL Background Thread 3 ] DEBUG Engine               - defaultCursor: CursorInfo(imageName=fxgl_default_cursor.png, hotspotX=7.0, hotspotY=6.0)
20:16:48.078 [FXGL Background Thread 3 ] DEBUG Engine               - devBBoxColorProperty: ObjectProperty [value: 0xff0000ff]
20:16:48.078 [FXGL Background Thread 3 ] DEBUG Engine               - devEnableDebugCameraProperty: BooleanProperty [value: false]
20:16:48.078 [FXGL Background Thread 3 ] DEBUG Engine               - devSensorColorProperty: ObjectProperty [value: 0xffff00ff]
20:16:48.078 [FXGL Background Thread 3 ] DEBUG Engine               - devShowBBoxProperty: BooleanProperty [value: false]
20:16:48.078 [FXGL Background Thread 3 ] DEBUG Engine               - devShowPositionProperty: BooleanProperty [value: false]
20:16:48.078 [FXGL Background Thread 3 ] DEBUG Engine               - enabledMenuItems: []
20:16:48.078 [FXGL Background Thread 3 ] DEBUG Engine               - engineServices: [class com.almasb.fxgl.app.services.FXGLAssetLoaderService, class com.almasb.fxgl.app.FXGLApplication$GameApplicationService, class com.almasb.fxgl.app.services.FXGLDialogService, class com.almasb.fxgl.app.services.IOTaskExecutorService, class com.almasb.fxgl.io.FileSystemService, class com.almasb.fxgl.localization.LocalizationService, class com.almasb.fxgl.app.services.SystemBundleService, class com.almasb.fxgl.profile.SaveLoadService, class com.almasb.fxgl.ui.FXGLUIFactoryServiceProvider, class com.almasb.fxgl.ui.FXGLDialogFactoryServiceProvider, class com.almasb.fxgl.audio.AudioPlayer, class com.almasb.fxgl.notification.impl.NotificationServiceProvider, class com.almasb.fxgl.achievement.AchievementService, class com.almasb.fxgl.cutscene.CutsceneService, class com.almasb.fxgl.minigames.MiniGameService, class com.almasb.fxgl.net.NetService, class com.almasb.fxgl.app.services.UpdaterService, class com.almasb.fxgl.dev.DevService]
20:16:48.078 [FXGL Background Thread 3 ] DEBUG Engine               - fontGame: Abel-Regular.ttf
20:16:48.078 [FXGL Background Thread 3 ] DEBUG Engine               - fontMono: TerminalLandMono-Regular.otf
20:16:48.078 [FXGL Background Thread 3 ] DEBUG Engine               - fontText: Courier-Prime.ttf
20:16:48.078 [FXGL Background Thread 3 ] DEBUG Engine               - fontUI: VarelaRound-Regular.ttf
20:16:48.078 [FXGL Background Thread 3 ] DEBUG Engine               - fullScreen: BooleanProperty [value: false]
20:16:48.078 [FXGL Background Thread 3 ] DEBUG Engine               - gameDifficulty: MEDIUM
20:16:48.078 [FXGL Background Thread 3 ] DEBUG Engine               - gameDifficultyProperty: ObjectProperty [value: MEDIUM]
20:16:48.078 [FXGL Background Thread 3 ] DEBUG Engine               - globalMusicVolume: 0.5
20:16:48.078 [FXGL Background Thread 3 ] DEBUG Engine               - globalMusicVolumeProperty: DoubleProperty [value: 0.5]
20:16:48.078 [FXGL Background Thread 3 ] DEBUG Engine               - globalSoundVolume: 0.5
20:16:48.078 [FXGL Background Thread 3 ] DEBUG Engine               - globalSoundVolumeProperty: DoubleProperty [value: 0.5]
20:16:48.078 [FXGL Background Thread 3 ] DEBUG Engine               - height: 640
20:16:48.078 [FXGL Background Thread 3 ] DEBUG Engine               - is3D: false
20:16:48.078 [FXGL Background Thread 3 ] DEBUG Engine               - isAndroid: false
20:16:48.079 [FXGL Background Thread 3 ] DEBUG Engine               - isBrowser: false
20:16:48.079 [FXGL Background Thread 3 ] DEBUG Engine               - isClickFeedbackEnabled: false
20:16:48.079 [FXGL Background Thread 3 ] DEBUG Engine               - isCloseConfirmation: false
20:16:48.079 [FXGL Background Thread 3 ] DEBUG Engine               - isDesktop: true
20:16:48.079 [FXGL Background Thread 3 ] DEBUG Engine               - isDeveloperMenuEnabled: false
20:16:48.079 [FXGL Background Thread 3 ] DEBUG Engine               - isEmbedded: false
20:16:48.079 [FXGL Background Thread 3 ] DEBUG Engine               - isEntityPreloadEnabled: true
20:16:48.079 [FXGL Background Thread 3 ] DEBUG Engine               - isExperimentalTiledLargeMap: false
20:16:48.079 [FXGL Background Thread 3 ] DEBUG Engine               - isFileSystemWriteAllowed: true
20:16:48.079 [FXGL Background Thread 3 ] DEBUG Engine               - isFullScreenAllowed: false
20:16:48.079 [FXGL Background Thread 3 ] DEBUG Engine               - isFullScreenFromStart: false
20:16:48.079 [FXGL Background Thread 3 ] DEBUG Engine               - isGameMenuEnabled: true
20:16:48.079 [FXGL Background Thread 3 ] DEBUG Engine               - isIOS: false
20:16:48.079 [FXGL Background Thread 3 ] DEBUG Engine               - isIntroEnabled: false
20:16:48.079 [FXGL Background Thread 3 ] DEBUG Engine               - isLinux: false
20:16:48.079 [FXGL Background Thread 3 ] DEBUG Engine               - isMac: false
20:16:48.079 [FXGL Background Thread 3 ] DEBUG Engine               - isMainMenuEnabled: false
20:16:48.079 [FXGL Background Thread 3 ] DEBUG Engine               - isManualResizeEnabled: false
20:16:48.079 [FXGL Background Thread 3 ] DEBUG Engine               - isMobile: false
20:16:48.079 [FXGL Background Thread 3 ] DEBUG Engine               - isNative: false
20:16:48.079 [FXGL Background Thread 3 ] DEBUG Engine               - isPauseMusicWhenMinimized: true
20:16:48.079 [FXGL Background Thread 3 ] DEBUG Engine               - isPreserveResizeRatio: false
20:16:48.079 [FXGL Background Thread 3 ] DEBUG Engine               - isProfilingEnabled: false
20:16:48.079 [FXGL Background Thread 3 ] DEBUG Engine               - isScaleAffectedOnResize: true
20:16:48.079 [FXGL Background Thread 3 ] DEBUG Engine               - isSingleStep: false
20:16:48.079 [FXGL Background Thread 3 ] DEBUG Engine               - isUserProfileEnabled: false
20:16:48.079 [FXGL Background Thread 3 ] DEBUG Engine               - isWindows: true
20:16:48.079 [FXGL Background Thread 3 ] DEBUG Engine               - language: ObjectProperty [value: ENGLISH]
20:16:48.079 [FXGL Background Thread 3 ] DEBUG Engine               - menuKey: ESCAPE
20:16:48.079 [FXGL Background Thread 3 ] DEBUG Engine               - mouseSensitivity: 0.2
20:16:48.079 [FXGL Background Thread 3 ] DEBUG Engine               - notificationViewClass: class com.almasb.fxgl.notification.view.XboxNotificationView
20:16:48.079 [FXGL Background Thread 3 ] DEBUG Engine               - pixelsPerMeter: 50.0
20:16:48.080 [FXGL Background Thread 3 ] DEBUG Engine               - platform: WINDOWS
20:16:48.080 [FXGL Background Thread 3 ] DEBUG Engine               - prefHeightProperty: ReadOnlyDoubleProperty [value: 640.0]
20:16:48.080 [FXGL Background Thread 3 ] DEBUG Engine               - prefWidthProperty: ReadOnlyDoubleProperty [value: 1200.0]
20:16:48.080 [FXGL Background Thread 3 ] DEBUG Engine               - profileDir: profiles/
20:16:48.080 [FXGL Background Thread 3 ] DEBUG Engine               - profileName: StringProperty [value: DEFAULT]
20:16:48.080 [FXGL Background Thread 3 ] DEBUG Engine               - randomSeed: -1
20:16:48.080 [FXGL Background Thread 3 ] DEBUG Engine               - runtimeInfo: RuntimeInfo(platform=WINDOWS, version=17+dev-SNAPSHOT, build=22.04.2022 11.52)
20:16:48.080 [FXGL Background Thread 3 ] DEBUG Engine               - saveFileExt: sav
20:16:48.080 [FXGL Background Thread 3 ] DEBUG Engine               - scaledHeightProp$fxgl: DoubleProperty [bound, value: 640.0]
20:16:48.081 [FXGL Background Thread 3 ] DEBUG Engine               - scaledWidthProp$fxgl: DoubleProperty [bound, value: 1200.0]
20:16:48.081 [FXGL Background Thread 3 ] DEBUG Engine               - sceneFactory: com.almasb.fxgl.app.scene.SceneFactory@43a3cf78
20:16:48.081 [FXGL Background Thread 3 ] DEBUG Engine               - secondsIn24h: 60
20:16:48.081 [FXGL Background Thread 3 ] DEBUG Engine               - soundMenuBack: menu/back.wav
20:16:48.081 [FXGL Background Thread 3 ] DEBUG Engine               - soundMenuPress: menu/press.wav
20:16:48.081 [FXGL Background Thread 3 ] DEBUG Engine               - soundMenuSelect: menu/select.wav
20:16:48.081 [FXGL Background Thread 3 ] DEBUG Engine               - soundNotification: core/notification.wav
20:16:48.081 [FXGL Background Thread 3 ] DEBUG Engine               - stageStyle: DECORATED
20:16:48.081 [FXGL Background Thread 3 ] DEBUG Engine               - supportedLanguages: [ENGLISH, FRENCH, GERMAN, HUNGARIAN, RUSSIAN]
20:16:48.081 [FXGL Background Thread 3 ] DEBUG Engine               - ticksPerSecond: -1
20:16:48.081 [FXGL Background Thread 3 ] DEBUG Engine               - title: Pioneer-10
Terra
20:16:48.081 [FXGL Background Thread 3 ] DEBUG Engine               - urlGithub: https://github.com/AlmasB/FXGL
20:16:48.081 [FXGL Background Thread 3 ] DEBUG Engine               - urlLeaderboard: http://fxgl-top.herokuapp.com/
20:16:48.081 [FXGL Background Thread 3 ] DEBUG Engine               - urlPOM: https://raw.githubusercontent.com/AlmasB/FXGL/release/README.md
20:16:48.081 [FXGL Background Thread 3 ] DEBUG Engine               - userAppClass: class com.pioneer10.model.LivTerra
20:16:48.081 [FXGL Background Thread 3 ] DEBUG Engine               - version: 0.0
20:16:48.081 [FXGL Background Thread 3 ] DEBUG Engine               - versionCheckDays: 7
20:16:48.081 [FXGL Background Thread 3 ] DEBUG Engine               - width: 1200
20:16:48.081 [FXGL Background Thread 3 ] DEBUG Engine               - Logging services
20:16:48.081 [FXGL Background Thread 3 ] DEBUG Engine               - class com.almasb.fxgl.app.services.FXGLAssetLoaderService
20:16:48.081 [FXGL Background Thread 3 ] DEBUG Engine               - class com.almasb.fxgl.app.FXGLApplication$GameApplicationService
20:16:48.081 [FXGL Background Thread 3 ] DEBUG Engine               - class com.almasb.fxgl.app.services.FXGLDialogService
20:16:48.081 [FXGL Background Thread 3 ] DEBUG Engine               - class com.almasb.fxgl.app.services.IOTaskExecutorService
20:16:48.081 [FXGL Background Thread 3 ] DEBUG Engine               - class com.almasb.fxgl.io.FileSystemService
20:16:48.081 [FXGL Background Thread 3 ] DEBUG Engine               - class com.almasb.fxgl.localization.LocalizationService
20:16:48.081 [FXGL Background Thread 3 ] DEBUG Engine               - class com.almasb.fxgl.app.services.SystemBundleService
20:16:48.081 [FXGL Background Thread 3 ] DEBUG Engine               - class com.almasb.fxgl.profile.SaveLoadService
20:16:48.081 [FXGL Background Thread 3 ] DEBUG Engine               - class com.almasb.fxgl.ui.FXGLUIFactoryServiceProvider
20:16:48.081 [FXGL Background Thread 3 ] DEBUG Engine               - class com.almasb.fxgl.ui.FXGLDialogFactoryServiceProvider
20:16:48.081 [FXGL Background Thread 3 ] DEBUG Engine               - class com.almasb.fxgl.audio.AudioPlayer
20:16:48.081 [FXGL Background Thread 3 ] DEBUG Engine               - class com.almasb.fxgl.notification.impl.NotificationServiceProvider
20:16:48.081 [FXGL Background Thread 3 ] DEBUG Engine               - class com.almasb.fxgl.achievement.AchievementService
20:16:48.081 [FXGL Background Thread 3 ] DEBUG Engine               - class com.almasb.fxgl.cutscene.CutsceneService
20:16:48.081 [FXGL Background Thread 3 ] DEBUG Engine               - class com.almasb.fxgl.minigames.MiniGameService
20:16:48.081 [FXGL Background Thread 3 ] DEBUG Engine               - class com.almasb.fxgl.net.NetService
20:16:48.081 [FXGL Background Thread 3 ] DEBUG Engine               - class com.almasb.fxgl.app.services.UpdaterService
20:16:48.081 [FXGL Background Thread 3 ] DEBUG Engine               - class com.almasb.fxgl.dev.DevService
20:17:02.457 [JavaFX Application Thread] DEBUG FXGLApplication      - Exiting FXGL
20:17:02.457 [JavaFX Application Thread] DEBUG LoopRunner           - Stopping loop
20:17:02.457 [JavaFX Application Thread] DEBUG SystemBundleService  - Saving FXGL system data
20:17:02.459 [JavaFX Application Thread] DEBUG FileSystemAccess     - Writing to: D:\FERMI-FEDE\4BIF_2021-2022\Informatica\Giochi\Pioneer-10\system\fxgl.bundle
20:17:02.461 [JavaFX Application Thread] DEBUG Async                - Shutting down background threads
20:17:02.461 [JavaFX Application Thread] DEBUG PrimaryStageWindow   - Closing main window
20:17:02.469 [JavaFX Application Thread] DEBUG Logger               - Closing Logger
