13:23:28.457 [main                     ] DEBUG Logger               - Configured Logger
13:23:28.519 [main                     ] DEBUG GameApplication      - Logging settings
Title: Untitled
Version: 0.0
Width: 1200
Height: 640
Fullscreen: false
Intro: false
Profiling: false
Single step:false
App Mode: DEVELOPER
Menu Key: ESCAPE
Stage Style: DECORATED
Scene Factory: class com.almasb.fxgl.app.scene.SceneFactory

13:23:29.111 [JavaFX Application Thread] DEBUG FXGLApplication      - Initializing FXGL
13:23:29.126 [JavaFX Application Thread] INFO  Engine               - FXGL-17+dev-SNAPSHOT (22.04.2022 11.52) on WINDOWS (J:17 FX:18)
13:23:29.127 [JavaFX Application Thread] DEBUG Engine               - JRE Vendor Name: Oracle Corporation
13:23:29.128 [JavaFX Application Thread] DEBUG Engine               - Running on OS: Windows 10 version 10.0
13:23:29.128 [JavaFX Application Thread] DEBUG Engine               - Architecture: amd64
13:23:29.128 [JavaFX Application Thread] INFO  Engine               - Source code and latest versions at: https://github.com/AlmasB/FXGL
13:23:29.128 [JavaFX Application Thread] INFO  Engine               -       Ask questions and discuss at: https://github.com/AlmasB/FXGL/discussions
13:23:29.129 [JavaFX Application Thread] INFO  Engine               -              Join the FXGL chat at: https://gitter.im/AlmasB/FXGL
13:23:29.340 [JavaFX Application Thread] DEBUG PrimaryStageWindow   - Creating a JavaFX scene
13:23:29.444 [JavaFX Application Thread] DEBUG PrimaryStageWindow   - Target settings size: 1200.0 x 640.0
13:23:29.446 [JavaFX Application Thread] DEBUG PrimaryStageWindow   - Scaled scene size:    1200.0 x 640.0
13:23:29.447 [JavaFX Application Thread] DEBUG PrimaryStageWindow   - Scaled ratio: (1.0, 1.0)
13:23:29.449 [JavaFX Application Thread] DEBUG PrimaryStageWindow   - Set initial scene to FXGLStartupScene
13:23:29.465 [JavaFX Application Thread] DEBUG PrimaryStageWindow   - Opening main window
13:23:29.628 [JavaFX Application Thread] DEBUG PrimaryStageWindow   - Window border size: (14.4000244140625, 37.5999755859375)
13:23:29.629 [JavaFX Application Thread] DEBUG PrimaryStageWindow   - Scaled size: 1200.0 x 640.0
13:23:29.630 [JavaFX Application Thread] DEBUG PrimaryStageWindow   - Scaled ratio: (1.0, 1.0)
13:23:29.631 [JavaFX Application Thread] DEBUG PrimaryStageWindow   - Scene size: 1200.0 x 640.0
13:23:29.632 [JavaFX Application Thread] DEBUG PrimaryStageWindow   - Stage size: 1214.4000244140625 x 677.5999755859375
13:23:29.657 [FXGL Background Thread 1 ] DEBUG Engine               - Initializing environment variables
13:23:29.727 [FXGL Background Thread 1 ] DEBUG FXGLAssetLoaderServi - User app class for loading assets: class com.pioneer10.model.LivTerra
13:23:29.728 [FXGL Background Thread 1 ] DEBUG GameApplicationServi - Applying CSS: fxgl_dark.css
13:23:29.729 [FXGL Background Thread 1 ] DEBUG FXGLAssetLoaderServi - Loading from file system: jar:file:///C:/Users/mattu/.m2/repository/com/github/almasb/fxgl/17+dev-SNAPSHOT/fxgl-17+dev-20220422.115207-44.jar!/fxglassets/ui/css/fxgl_dark.css
13:23:29.822 [FXGL Background Thread 1 ] DEBUG GameApplicationServi - Initializing application scenes
13:23:29.886 [FXGL Background Thread 1 ] DEBUG GameWorld            - Game world initialized
13:23:29.978 [FXGL Background Thread 1 ] DEBUG PhysicsWorld         - Physics world initialized: appHeight=640, physics.ppm=50,0
13:23:29.979 [FXGL Background Thread 1 ] DEBUG PhysicsWorld         - Using strategy: BRUTE_FORCE
13:23:29.984 [FXGL Background Thread 1 ] DEBUG GameScene            - Game scene initialized: 1200x640
13:23:30.008 [FXGL Background Thread 1 ] DEBUG FXGL.DefaultMenu     - createMenuBodyGameMenu()
13:23:30.024 [FXGL Background Thread 1 ] DEBUG FXGL.DefaultMenu     - createOptionsMenu()
13:23:30.041 [FXGL Background Thread 1 ] DEBUG FXGLAssetLoaderServi - Loading from file system: jar:file:///C:/Users/mattu/.m2/repository/com/github/almasb/fxgl/17+dev-SNAPSHOT/fxgl-17+dev-20220422.115207-44.jar!/fxglassets/textures/particles/smoke.png
13:23:30.167 [FXGL Background Thread 1 ] DEBUG FXGLAssetLoaderServi - Loading from file system: jar:file:///C:/Users/mattu/.m2/repository/com/github/almasb/fxgl/17+dev-SNAPSHOT/fxgl-17+dev-20220422.115207-44.jar!/fxglassets/textures/particles/trace_horizontal.png
13:23:30.199 [FXGL Background Thread 1 ] DEBUG GameApplicationServi - Application scenes initialized
13:23:30.212 [FXGL Background Thread 1 ] DEBUG SystemBundleService  - Loading FXGL system data
13:23:30.217 [FXGL Background Thread 1 ] DEBUG FileSystemAccess     - Reading from: D:\FERMI-FEDE\4BIF_2021-2022\Informatica\gioco\system\fxgl.bundle
13:23:30.224 [FXGL Background Thread 1 ] DEBUG SystemBundleService  - Bundle FXGL: {}
13:23:30.224 [FXGL Background Thread 1 ] DEBUG UpdaterService       - Checking for updates
13:23:30.231 [FXGL Background Thread 4 ] DEBUG FXGLApplication      - Loading fonts
13:23:30.232 [FXGL Background Thread 4 ] DEBUG FXGLAssetLoaderServi - Loading from file system: jar:file:///C:/Users/mattu/.m2/repository/com/github/almasb/fxgl/17+dev-SNAPSHOT/fxgl-17+dev-20220422.115207-44.jar!/fxglassets/ui/fonts/VarelaRound-Regular.ttf
13:23:30.233 [FXGL Background Thread 1 ] DEBUG FXGLAssetLoaderServi - Loading from file system: jar:file:///C:/Users/mattu/.m2/repository/com/github/almasb/fxgl/17+dev-SNAPSHOT/fxgl-17+dev-20220422.115207-44.jar!/fxglassets/languages/english.lang
13:23:30.258 [FXGL Background Thread 1 ] INFO  FXGLApplication      - FXGL initialization took: 0,600 sec
13:23:30.277 [JavaFX Application Thread] DEBUG Input                - Registered new binding: Left - A
13:23:30.277 [JavaFX Application Thread] DEBUG Input                - Registered new binding: Right - D
13:23:30.277 [JavaFX Application Thread] DEBUG Input                - Registered new binding: Jump - Space
13:23:30.278 [JavaFX Application Thread] DEBUG FXGLAssetLoaderServi - Loading from file system: jar:file:///C:/Users/mattu/.m2/repository/com/github/almasb/fxgl/17+dev-SNAPSHOT/fxgl-17+dev-20220422.115207-44.jar!/fxglassets/textures/fxgl_icon.png
13:23:30.301 [JavaFX Application Thread] DEBUG FXGLAssetLoaderServi - Loading from file system: jar:file:///C:/Users/mattu/.m2/repository/com/github/almasb/fxgl/17+dev-SNAPSHOT/fxgl-17+dev-20220422.115207-44.jar!/fxglassets/textures/fxgl_default_cursor.png
13:23:30.305 [JavaFX Application Thread] DEBUG Input                - Registered new binding: Screenshot - CTRL+8
13:23:30.306 [JavaFX Application Thread] DEBUG Input                - Registered new binding: System info dump - CTRL+9
13:23:30.307 [JavaFX Application Thread] DEBUG Input                - Registered new binding: Restart - CTRL+R
13:23:30.308 [JavaFX Application Thread] DEBUG Input                - Registered new binding: Toggle Debug Camera - CTRL+7
13:23:30.312 [JavaFX Application Thread] DEBUG LoopRunner           - Starting loop
13:23:30.312 [JavaFX Application Thread] DEBUG LoopRunner           - Initializing JavaFX AnimationTimerLoop
13:23:30.314 [JavaFX Application Thread] DEBUG GameApplicationServi - Starting new game
13:23:30.315 [JavaFX Application Thread] DEBUG Input                - Clearing active input actions
13:23:30.324 [FXGL Background Thread 4 ] DEBUG FXGLAssetLoaderServi - Loading from file system: jar:file:///C:/Users/mattu/.m2/repository/com/github/almasb/fxgl/17+dev-SNAPSHOT/fxgl-17+dev-20220422.115207-44.jar!/fxglassets/ui/fonts/Abel-Regular.ttf
13:23:30.330 [FXGL Background Thread 4 ] DEBUG FXGLAssetLoaderServi - Loading from file system: jar:file:///C:/Users/mattu/.m2/repository/com/github/almasb/fxgl/17+dev-SNAPSHOT/fxgl-17+dev-20220422.115207-44.jar!/fxglassets/ui/fonts/TerminalLandMono-Regular.otf
13:23:30.331 [JavaFX Application Thread] DEBUG GameApplicationServi - Removing overlay from FXGLStartupScene and adding to FXGLLoadingScene
13:23:30.332 [JavaFX Application Thread] DEBUG PrimaryStageWindow   - FXGLStartupScene -> FXGLLoadingScene
13:23:30.332 [JavaFX Application Thread] DEBUG GameApplicationServi - Clearing previous game
13:23:30.332 [JavaFX Application Thread] DEBUG GameScene            - Clearing game scene
13:23:30.332 [JavaFX Application Thread] DEBUG GameWorld            - Clearing game world
13:23:30.332 [JavaFX Application Thread] DEBUG PhysicsWorld         - Clearing physics world
13:23:30.334 [FXGL Background Thread 1 ] DEBUG FXGLApplication      - Initializing game
13:23:30.335 [FXGL Background Thread 4 ] DEBUG FXGLAssetLoaderServi - Loading from file system: jar:file:///C:/Users/mattu/.m2/repository/com/github/almasb/fxgl/17+dev-SNAPSHOT/fxgl-17+dev-20220422.115207-44.jar!/fxglassets/ui/fonts/Courier-Prime.ttf
13:23:30.387 [JavaFX Application Thread] DEBUG FXGLApplication      - Registering font factories with UI factory
13:23:30.420 [FXGL Background Thread 1 ] DEBUG TMXLevelLoader       - Parsed TiledMap: file:/D:/FERMI-FEDE/4BIF_2021-2022/Informatica/gioco/target/classes/assets/levels/Terra/MappaTerra.tmx
13:23:30.422 [FXGL Background Thread 1 ] DEBUG TMXLevelLoader       - Creating tile layer entities
13:23:30.425 [FXGL Background Thread 1 ] DEBUG TilesetLoader        - Loading view for layer Livello tile 1
13:23:30.430 [FXGL Background Thread 1 ] DEBUG TilesetLoader        - Created buffer with size 4800.0x640.0
13:23:30.495 [FXGL Background Thread 1 ] WARN  TilesetLoader        - Diagonally flipped tiles are not currently supported
13:23:30.509 [FXGL Background Thread 1 ] WARN  TilesetLoader        - Diagonally flipped tiles are not currently supported
13:23:30.510 [FXGL Background Thread 1 ] WARN  TilesetLoader        - Diagonally flipped tiles are not currently supported
13:23:30.582 [FXGL Background Thread 1 ] WARN  TilesetLoader        - Diagonally flipped tiles are not currently supported
13:23:30.591 [FXGL Background Thread 1 ] WARN  TilesetLoader        - Diagonally flipped tiles are not currently supported
13:23:30.593 [FXGL Background Thread 1 ] DEBUG TilesetLoader        - Loading view for layer Livello tile 2
13:23:30.600 [FXGL Background Thread 1 ] DEBUG TilesetLoader        - Created buffer with size 4800.0x640.0
13:23:30.601 [FXGL Background Thread 1 ] DEBUG TMXLevelLoader       - Creating object layer entities
13:23:30.697 [FXGL Background Thread 1 ] WARN  TMXLevelLoader       - Parse error
java.lang.IllegalArgumentException: No EntityFactory has a method annotated @Spawns()
	at com.almasb.fxgl.entity@17+dev-SNAPSHOT/com.almasb.fxgl.entity.GameWorld.create(GameWorld.kt:413)
	at com.almasb.fxgl.entity@17+dev-SNAPSHOT/com.almasb.fxgl.entity.level.tiled.TMXLevelLoader.createObjectLayerEntities(TMXLevelLoader.kt:154)
	at com.almasb.fxgl.entity@17+dev-SNAPSHOT/com.almasb.fxgl.entity.level.tiled.TMXLevelLoader.load(TMXLevelLoader.kt:60)
	at com.almasb.fxgl.all@17+dev-SNAPSHOT/com.almasb.fxgl.app.services.FXGLAssetLoaderService.loadLevel(FXGLAssetLoaderService.kt:446)
	at com.almasb.fxgl.all@17+dev-SNAPSHOT/com.almasb.fxgl.dsl.FXGL$Companion.setLevelFromMap(FXGL.kt:634)
	at com.almasb.fxgl.all@17+dev-SNAPSHOT/com.almasb.fxgl.dsl.FXGL.setLevelFromMap(FXGL.kt)
	at mario.main/com.pioneer10.model.LivTerra.initGame(LivTerra.java:24)
	at com.almasb.fxgl.all@17+dev-SNAPSHOT/com.almasb.fxgl.app.FXGLApplication$InitAppTask.initGame(FXGLApplication.kt:339)
	at com.almasb.fxgl.all@17+dev-SNAPSHOT/com.almasb.fxgl.app.FXGLApplication$InitAppTask.call(FXGLApplication.kt:319)
	at com.almasb.fxgl.all@17+dev-SNAPSHOT/com.almasb.fxgl.app.FXGLApplication$InitAppTask.call(FXGLApplication.kt:311)
	at javafx.graphics@18/javafx.concurrent.Task$TaskCallable.call(Task.java:1426)
	at java.base/java.util.concurrent.FutureTask.run(FutureTask.java:264)
	at java.base/java.util.concurrent.Executors$RunnableAdapter.call(Executors.java:539)
	at java.base/java.util.concurrent.FutureTask.run(FutureTask.java:264)
	at java.base/java.util.concurrent.ThreadPoolExecutor.runWorker(ThreadPoolExecutor.java:1136)
	at java.base/java.util.concurrent.ThreadPoolExecutor$Worker.run(ThreadPoolExecutor.java:635)
	at java.base/java.lang.Thread.run(Thread.java:833)

13:23:30.699 [JavaFX Application Thread] DEBUG LoopRunner           - Stopping loop
13:23:30.700 [JavaFX Application Thread] FATAL FXGLApplication      - Uncaught Exception:
java.lang.RuntimeException: Initialization failed
	at com.almasb.fxgl.all@17+dev-SNAPSHOT/com.almasb.fxgl.app.FXGLApplication$InitAppTask.failed(FXGLApplication.kt:343)
	at javafx.graphics@18/javafx.concurrent.Task.setState(Task.java:710)
	at javafx.graphics@18/javafx.concurrent.Task$TaskCallable.lambda$call$2(Task.java:1456)
	at javafx.graphics@18/com.sun.javafx.application.PlatformImpl.lambda$runLater$10(PlatformImpl.java:457)
	at java.base/java.security.AccessController.doPrivileged(AccessController.java:399)
	at javafx.graphics@18/com.sun.javafx.application.PlatformImpl.lambda$runLater$11(PlatformImpl.java:456)
	at javafx.graphics@18/com.sun.glass.ui.InvokeLaterDispatcher$Future.run(InvokeLaterDispatcher.java:96)
	at javafx.graphics@18/com.sun.glass.ui.win.WinApplication._runLoop(Native Method)
	at javafx.graphics@18/com.sun.glass.ui.win.WinApplication.lambda$runLoop$3(WinApplication.java:184)
	at java.base/java.lang.Thread.run(Thread.java:833)
Caused by: com.almasb.fxgl.entity.level.LevelLoadingException: No EntityFactory has a method annotated @Spawns()
	at com.almasb.fxgl.entity@17+dev-SNAPSHOT/com.almasb.fxgl.entity.level.tiled.TMXLevelLoader.load(TMXLevelLoader.kt:78)
	at com.almasb.fxgl.all@17+dev-SNAPSHOT/com.almasb.fxgl.app.services.FXGLAssetLoaderService.loadLevel(FXGLAssetLoaderService.kt:446)
	at com.almasb.fxgl.all@17+dev-SNAPSHOT/com.almasb.fxgl.dsl.FXGL$Companion.setLevelFromMap(FXGL.kt:634)
	at com.almasb.fxgl.all@17+dev-SNAPSHOT/com.almasb.fxgl.dsl.FXGL.setLevelFromMap(FXGL.kt)
	at mario.main/com.pioneer10.model.LivTerra.initGame(LivTerra.java:24)
	at com.almasb.fxgl.all@17+dev-SNAPSHOT/com.almasb.fxgl.app.FXGLApplication$InitAppTask.initGame(FXGLApplication.kt:339)
	at com.almasb.fxgl.all@17+dev-SNAPSHOT/com.almasb.fxgl.app.FXGLApplication$InitAppTask.call(FXGLApplication.kt:319)
	at com.almasb.fxgl.all@17+dev-SNAPSHOT/com.almasb.fxgl.app.FXGLApplication$InitAppTask.call(FXGLApplication.kt:311)
	at javafx.graphics@18/javafx.concurrent.Task$TaskCallable.call(Task.java:1426)
	at java.base/java.util.concurrent.FutureTask.run(FutureTask.java:264)
	at java.base/java.util.concurrent.Executors$RunnableAdapter.call(Executors.java:539)
	at java.base/java.util.concurrent.FutureTask.run(FutureTask.java:264)
	at java.base/java.util.concurrent.ThreadPoolExecutor.runWorker(ThreadPoolExecutor.java:1136)
	at java.base/java.util.concurrent.ThreadPoolExecutor$Worker.run(ThreadPoolExecutor.java:635)
	... 1 more
Caused by: java.lang.IllegalArgumentException: No EntityFactory has a method annotated @Spawns()
	at com.almasb.fxgl.entity@17+dev-SNAPSHOT/com.almasb.fxgl.entity.GameWorld.create(GameWorld.kt:413)
	at com.almasb.fxgl.entity@17+dev-SNAPSHOT/com.almasb.fxgl.entity.level.tiled.TMXLevelLoader.createObjectLayerEntities(TMXLevelLoader.kt:154)
	at com.almasb.fxgl.entity@17+dev-SNAPSHOT/com.almasb.fxgl.entity.level.tiled.TMXLevelLoader.load(TMXLevelLoader.kt:60)
	... 14 more

13:23:30.700 [JavaFX Application Thread] FATAL FXGLApplication      - Application will now exit
13:23:30.727 [JavaFX Application Thread] DEBUG PrimaryStageWindow   - Push state: ErrorSubScene
13:23:30.727 [JavaFX Application Thread] DEBUG Input                - Clearing active input actions
13:23:30.734 [JavaFX Application Thread] DEBUG GameApplicationServi - Removing overlay from FXGLLoadingScene and adding to ErrorSubScene
13:23:30.734 [JavaFX Application Thread] DEBUG PrimaryStageWindow   - FXGLLoadingScene -> ErrorSubScene
13:23:31.108 [FXGL Background Thread 2 ] INFO  UpdaterService       - Your current version:  17+dev-SNAPSHOT
13:23:31.108 [FXGL Background Thread 2 ] INFO  UpdaterService       - Latest stable version: 17.1
13:23:33.231 [FXGL Background Thread 3 ] DEBUG Engine               - Logging environment variables
13:23:33.232 [FXGL Background Thread 3 ] DEBUG Engine               - achievements: []
13:23:33.232 [FXGL Background Thread 3 ] DEBUG Engine               - actualHeight: 640.0
13:23:33.233 [FXGL Background Thread 3 ] DEBUG Engine               - actualHeightProperty: ReadOnlyDoubleProperty [value: 640.0]
13:23:33.233 [FXGL Background Thread 3 ] DEBUG Engine               - actualWidth: 1200.0
13:23:33.234 [FXGL Background Thread 3 ] DEBUG Engine               - actualWidthProperty: ReadOnlyDoubleProperty [value: 1200.0]
13:23:33.234 [FXGL Background Thread 3 ] DEBUG Engine               - appIcon: fxgl_icon.png
13:23:33.234 [FXGL Background Thread 3 ] DEBUG Engine               - applicationMode: DEVELOPER
13:23:33.234 [FXGL Background Thread 3 ] DEBUG Engine               - cSSList: [fxgl_dark.css]
13:23:33.235 [FXGL Background Thread 3 ] DEBUG Engine               - collisionDetectionStrategy: BRUTE_FORCE
13:23:33.235 [FXGL Background Thread 3 ] DEBUG Engine               - configClass: Optional.empty
13:23:33.235 [FXGL Background Thread 3 ] DEBUG Engine               - credits: []
13:23:33.246 [FXGL Background Thread 3 ] DEBUG Engine               - defaultCursor: CursorInfo(imageName=fxgl_default_cursor.png, hotspotX=7.0, hotspotY=6.0)
13:23:33.247 [FXGL Background Thread 3 ] DEBUG Engine               - devBBoxColorProperty: ObjectProperty [value: 0xff0000ff]
13:23:33.247 [FXGL Background Thread 3 ] DEBUG Engine               - devEnableDebugCameraProperty: BooleanProperty [value: false]
13:23:33.248 [FXGL Background Thread 3 ] DEBUG Engine               - devSensorColorProperty: ObjectProperty [value: 0xffff00ff]
13:23:33.248 [FXGL Background Thread 3 ] DEBUG Engine               - devShowBBoxProperty: BooleanProperty [value: false]
13:23:33.248 [FXGL Background Thread 3 ] DEBUG Engine               - devShowPositionProperty: BooleanProperty [value: false]
13:23:33.249 [FXGL Background Thread 3 ] DEBUG Engine               - enabledMenuItems: []
13:23:33.249 [FXGL Background Thread 3 ] DEBUG Engine               - engineServices: [class com.almasb.fxgl.app.services.FXGLAssetLoaderService, class com.almasb.fxgl.app.FXGLApplication$GameApplicationService, class com.almasb.fxgl.app.services.FXGLDialogService, class com.almasb.fxgl.app.services.IOTaskExecutorService, class com.almasb.fxgl.io.FileSystemService, class com.almasb.fxgl.localization.LocalizationService, class com.almasb.fxgl.app.services.SystemBundleService, class com.almasb.fxgl.profile.SaveLoadService, class com.almasb.fxgl.ui.FXGLUIFactoryServiceProvider, class com.almasb.fxgl.ui.FXGLDialogFactoryServiceProvider, class com.almasb.fxgl.audio.AudioPlayer, class com.almasb.fxgl.notification.impl.NotificationServiceProvider, class com.almasb.fxgl.achievement.AchievementService, class com.almasb.fxgl.cutscene.CutsceneService, class com.almasb.fxgl.minigames.MiniGameService, class com.almasb.fxgl.net.NetService, class com.almasb.fxgl.app.services.UpdaterService, class com.almasb.fxgl.dev.DevService]
13:23:33.249 [FXGL Background Thread 3 ] DEBUG Engine               - fontGame: Abel-Regular.ttf
13:23:33.249 [FXGL Background Thread 3 ] DEBUG Engine               - fontMono: TerminalLandMono-Regular.otf
13:23:33.250 [FXGL Background Thread 3 ] DEBUG Engine               - fontText: Courier-Prime.ttf
13:23:33.250 [FXGL Background Thread 3 ] DEBUG Engine               - fontUI: VarelaRound-Regular.ttf
13:23:33.250 [FXGL Background Thread 3 ] DEBUG Engine               - fullScreen: BooleanProperty [value: false]
13:23:33.250 [FXGL Background Thread 3 ] DEBUG Engine               - gameDifficulty: MEDIUM
13:23:33.251 [FXGL Background Thread 3 ] DEBUG Engine               - gameDifficultyProperty: ObjectProperty [value: MEDIUM]
13:23:33.251 [FXGL Background Thread 3 ] DEBUG Engine               - globalMusicVolume: 0.5
13:23:33.251 [FXGL Background Thread 3 ] DEBUG Engine               - globalMusicVolumeProperty: DoubleProperty [value: 0.5]
13:23:33.251 [FXGL Background Thread 3 ] DEBUG Engine               - globalSoundVolume: 0.5
13:23:33.252 [FXGL Background Thread 3 ] DEBUG Engine               - globalSoundVolumeProperty: DoubleProperty [value: 0.5]
13:23:33.252 [FXGL Background Thread 3 ] DEBUG Engine               - height: 640
13:23:33.252 [FXGL Background Thread 3 ] DEBUG Engine               - is3D: false
13:23:33.252 [FXGL Background Thread 3 ] DEBUG Engine               - isAndroid: false
13:23:33.253 [FXGL Background Thread 3 ] DEBUG Engine               - isBrowser: false
13:23:33.253 [FXGL Background Thread 3 ] DEBUG Engine               - isClickFeedbackEnabled: false
13:23:33.253 [FXGL Background Thread 3 ] DEBUG Engine               - isCloseConfirmation: false
13:23:33.253 [FXGL Background Thread 3 ] DEBUG Engine               - isDesktop: true
13:23:33.254 [FXGL Background Thread 3 ] DEBUG Engine               - isDeveloperMenuEnabled: false
13:23:33.254 [FXGL Background Thread 3 ] DEBUG Engine               - isEmbedded: false
13:23:33.254 [FXGL Background Thread 3 ] DEBUG Engine               - isEntityPreloadEnabled: true
13:23:33.254 [FXGL Background Thread 3 ] DEBUG Engine               - isExperimentalTiledLargeMap: false
13:23:33.255 [FXGL Background Thread 3 ] DEBUG Engine               - isFileSystemWriteAllowed: true
13:23:33.255 [FXGL Background Thread 3 ] DEBUG Engine               - isFullScreenAllowed: false
13:23:33.255 [FXGL Background Thread 3 ] DEBUG Engine               - isFullScreenFromStart: false
13:23:33.255 [FXGL Background Thread 3 ] DEBUG Engine               - isGameMenuEnabled: true
13:23:33.255 [FXGL Background Thread 3 ] DEBUG Engine               - isIOS: false
13:23:33.256 [FXGL Background Thread 3 ] DEBUG Engine               - isIntroEnabled: false
13:23:33.256 [FXGL Background Thread 3 ] DEBUG Engine               - isLinux: false
13:23:33.256 [FXGL Background Thread 3 ] DEBUG Engine               - isMac: false
13:23:33.256 [FXGL Background Thread 3 ] DEBUG Engine               - isMainMenuEnabled: false
13:23:33.256 [FXGL Background Thread 3 ] DEBUG Engine               - isManualResizeEnabled: false
13:23:33.257 [FXGL Background Thread 3 ] DEBUG Engine               - isMobile: false
13:23:33.257 [FXGL Background Thread 3 ] DEBUG Engine               - isNative: false
13:23:33.257 [FXGL Background Thread 3 ] DEBUG Engine               - isPauseMusicWhenMinimized: true
13:23:33.257 [FXGL Background Thread 3 ] DEBUG Engine               - isPreserveResizeRatio: false
13:23:33.257 [FXGL Background Thread 3 ] DEBUG Engine               - isProfilingEnabled: false
13:23:33.258 [FXGL Background Thread 3 ] DEBUG Engine               - isScaleAffectedOnResize: true
13:23:33.258 [FXGL Background Thread 3 ] DEBUG Engine               - isSingleStep: false
13:23:33.258 [FXGL Background Thread 3 ] DEBUG Engine               - isUserProfileEnabled: false
13:23:33.258 [FXGL Background Thread 3 ] DEBUG Engine               - isWindows: true
13:23:33.259 [FXGL Background Thread 3 ] DEBUG Engine               - language: ObjectProperty [value: ENGLISH]
13:23:33.259 [FXGL Background Thread 3 ] DEBUG Engine               - menuKey: ESCAPE
13:23:33.259 [FXGL Background Thread 3 ] DEBUG Engine               - mouseSensitivity: 0.2
13:23:33.260 [FXGL Background Thread 3 ] DEBUG Engine               - notificationViewClass: class com.almasb.fxgl.notification.view.XboxNotificationView
13:23:33.260 [FXGL Background Thread 3 ] DEBUG Engine               - pixelsPerMeter: 50.0
13:23:33.260 [FXGL Background Thread 3 ] DEBUG Engine               - platform: WINDOWS
13:23:33.260 [FXGL Background Thread 3 ] DEBUG Engine               - prefHeightProperty: ReadOnlyDoubleProperty [value: 640.0]
13:23:33.261 [FXGL Background Thread 3 ] DEBUG Engine               - prefWidthProperty: ReadOnlyDoubleProperty [value: 1200.0]
13:23:33.261 [FXGL Background Thread 3 ] DEBUG Engine               - profileDir: profiles/
13:23:33.261 [FXGL Background Thread 3 ] DEBUG Engine               - profileName: StringProperty [value: DEFAULT]
13:23:33.262 [FXGL Background Thread 3 ] DEBUG Engine               - randomSeed: -1
13:23:33.263 [FXGL Background Thread 3 ] DEBUG Engine               - runtimeInfo: RuntimeInfo(platform=WINDOWS, version=17+dev-SNAPSHOT, build=22.04.2022 11.52)
13:23:33.263 [FXGL Background Thread 3 ] DEBUG Engine               - saveFileExt: sav
13:23:33.263 [FXGL Background Thread 3 ] DEBUG Engine               - scaledHeightProp$fxgl: DoubleProperty [bound, value: 640.0]
13:23:33.263 [FXGL Background Thread 3 ] DEBUG Engine               - scaledWidthProp$fxgl: DoubleProperty [bound, value: 1200.0]
13:23:33.264 [FXGL Background Thread 3 ] DEBUG Engine               - sceneFactory: com.almasb.fxgl.app.scene.SceneFactory@685edbdb
13:23:33.264 [FXGL Background Thread 3 ] DEBUG Engine               - secondsIn24h: 60
13:23:33.264 [FXGL Background Thread 3 ] DEBUG Engine               - soundMenuBack: menu/back.wav
13:23:33.264 [FXGL Background Thread 3 ] DEBUG Engine               - soundMenuPress: menu/press.wav
13:23:33.264 [FXGL Background Thread 3 ] DEBUG Engine               - soundMenuSelect: menu/select.wav
13:23:33.265 [FXGL Background Thread 3 ] DEBUG Engine               - soundNotification: core/notification.wav
13:23:33.265 [FXGL Background Thread 3 ] DEBUG Engine               - stageStyle: DECORATED
13:23:33.265 [FXGL Background Thread 3 ] DEBUG Engine               - supportedLanguages: [ENGLISH, FRENCH, GERMAN, HUNGARIAN, RUSSIAN]
13:23:33.265 [FXGL Background Thread 3 ] DEBUG Engine               - ticksPerSecond: -1
13:23:33.265 [FXGL Background Thread 3 ] DEBUG Engine               - title: Untitled
13:23:33.266 [FXGL Background Thread 3 ] DEBUG Engine               - urlGithub: https://github.com/AlmasB/FXGL
13:23:33.266 [FXGL Background Thread 3 ] DEBUG Engine               - urlLeaderboard: http://fxgl-top.herokuapp.com/
13:23:33.266 [FXGL Background Thread 3 ] DEBUG Engine               - urlPOM: https://raw.githubusercontent.com/AlmasB/FXGL/release/README.md
13:23:33.266 [FXGL Background Thread 3 ] DEBUG Engine               - userAppClass: class com.pioneer10.model.LivTerra
13:23:33.267 [FXGL Background Thread 3 ] DEBUG Engine               - version: 0.0
13:23:33.267 [FXGL Background Thread 3 ] DEBUG Engine               - versionCheckDays: 7
13:23:33.267 [FXGL Background Thread 3 ] DEBUG Engine               - width: 1200
13:23:33.267 [FXGL Background Thread 3 ] DEBUG Engine               - Logging services
13:23:33.267 [FXGL Background Thread 3 ] DEBUG Engine               - class com.almasb.fxgl.app.services.FXGLAssetLoaderService
13:23:33.268 [FXGL Background Thread 3 ] DEBUG Engine               - class com.almasb.fxgl.app.FXGLApplication$GameApplicationService
13:23:33.268 [FXGL Background Thread 3 ] DEBUG Engine               - class com.almasb.fxgl.app.services.FXGLDialogService
13:23:33.268 [FXGL Background Thread 3 ] DEBUG Engine               - class com.almasb.fxgl.app.services.IOTaskExecutorService
13:23:33.268 [FXGL Background Thread 3 ] DEBUG Engine               - class com.almasb.fxgl.io.FileSystemService
13:23:33.268 [FXGL Background Thread 3 ] DEBUG Engine               - class com.almasb.fxgl.localization.LocalizationService
13:23:33.268 [FXGL Background Thread 3 ] DEBUG Engine               - class com.almasb.fxgl.app.services.SystemBundleService
13:23:33.269 [FXGL Background Thread 3 ] DEBUG Engine               - class com.almasb.fxgl.profile.SaveLoadService
13:23:33.269 [FXGL Background Thread 3 ] DEBUG Engine               - class com.almasb.fxgl.ui.FXGLUIFactoryServiceProvider
13:23:33.269 [FXGL Background Thread 3 ] DEBUG Engine               - class com.almasb.fxgl.ui.FXGLDialogFactoryServiceProvider
13:23:33.269 [FXGL Background Thread 3 ] DEBUG Engine               - class com.almasb.fxgl.audio.AudioPlayer
13:23:33.270 [FXGL Background Thread 3 ] DEBUG Engine               - class com.almasb.fxgl.notification.impl.NotificationServiceProvider
13:23:33.270 [FXGL Background Thread 3 ] DEBUG Engine               - class com.almasb.fxgl.achievement.AchievementService
13:23:33.270 [FXGL Background Thread 3 ] DEBUG Engine               - class com.almasb.fxgl.cutscene.CutsceneService
13:23:33.270 [FXGL Background Thread 3 ] DEBUG Engine               - class com.almasb.fxgl.minigames.MiniGameService
13:23:33.270 [FXGL Background Thread 3 ] DEBUG Engine               - class com.almasb.fxgl.net.NetService
13:23:33.271 [FXGL Background Thread 3 ] DEBUG Engine               - class com.almasb.fxgl.app.services.UpdaterService
13:23:33.271 [FXGL Background Thread 3 ] DEBUG Engine               - class com.almasb.fxgl.dev.DevService
13:23:38.859 [JavaFX Application Thread] DEBUG FXGLApplication      - Exiting FXGL
13:23:38.860 [JavaFX Application Thread] DEBUG Async                - Shutting down background threads
13:23:38.861 [JavaFX Application Thread] DEBUG PrimaryStageWindow   - Closing main window
13:23:38.915 [JavaFX Application Thread] DEBUG Logger               - Closing Logger
