23:55:41.706 [main                     ] DEBUG Logger               - Configured Logger
23:55:41.774 [main                     ] DEBUG GameApplication      - Logging settings
Title: Untitled
Version: 0.0
Width: 960
Height: 640
Fullscreen: false
Intro: false
Profiling: false
Single step:false
App Mode: DEVELOPER
Menu Key: ESCAPE
Stage Style: DECORATED
Scene Factory: class com.almasb.fxgl.app.scene.SceneFactory

23:55:42.468 [JavaFX Application Thread] DEBUG FXGLApplication      - Initializing FXGL
23:55:42.491 [JavaFX Application Thread] INFO  Engine               - FXGL-17+dev-SNAPSHOT (22.04.2022 11.52) on WINDOWS (J:18.0.1 FX:18)
23:55:42.491 [JavaFX Application Thread] DEBUG Engine               - JRE Vendor Name: Oracle Corporation
23:55:42.492 [JavaFX Application Thread] DEBUG Engine               - Running on OS: Windows 10 version 10.0
23:55:42.493 [JavaFX Application Thread] DEBUG Engine               - Architecture: amd64
23:55:42.494 [JavaFX Application Thread] INFO  Engine               - Source code and latest versions at: https://github.com/AlmasB/FXGL
23:55:42.494 [JavaFX Application Thread] INFO  Engine               -       Ask questions and discuss at: https://github.com/AlmasB/FXGL/discussions
23:55:42.494 [JavaFX Application Thread] INFO  Engine               -              Join the FXGL chat at: https://gitter.im/AlmasB/FXGL
23:55:42.695 [JavaFX Application Thread] DEBUG PrimaryStageWindow   - Creating a JavaFX scene
23:55:42.799 [JavaFX Application Thread] DEBUG PrimaryStageWindow   - Target settings size: 960.0 x 640.0
23:55:42.800 [JavaFX Application Thread] DEBUG PrimaryStageWindow   - Scaled scene size:    960.0 x 640.0
23:55:42.801 [JavaFX Application Thread] DEBUG PrimaryStageWindow   - Scaled ratio: (1.0, 1.0)
23:55:42.803 [JavaFX Application Thread] DEBUG PrimaryStageWindow   - Set initial scene to FXGLStartupScene
23:55:42.818 [JavaFX Application Thread] DEBUG PrimaryStageWindow   - Opening main window
23:55:43.010 [JavaFX Application Thread] DEBUG PrimaryStageWindow   - Window border size: (16.0, 39.0)
23:55:43.011 [JavaFX Application Thread] DEBUG PrimaryStageWindow   - Scaled size: 960.0 x 640.0
23:55:43.012 [JavaFX Application Thread] DEBUG PrimaryStageWindow   - Scaled ratio: (1.0, 1.0)
23:55:43.013 [JavaFX Application Thread] DEBUG PrimaryStageWindow   - Scene size: 960.0 x 640.0
23:55:43.013 [JavaFX Application Thread] DEBUG PrimaryStageWindow   - Stage size: 976.0 x 679.0
23:55:43.146 [FXGL Background Thread 1 ] DEBUG Engine               - Initializing environment variables
23:55:43.279 [FXGL Background Thread 1 ] DEBUG FXGLAssetLoaderServi - User app class for loading assets: class com.pioneer10.model.MarioAppTarocco
23:55:43.279 [FXGL Background Thread 1 ] DEBUG GameApplicationServi - Applying CSS: fxgl_dark.css
23:55:43.284 [FXGL Background Thread 1 ] DEBUG FXGLAssetLoaderServi - Loading from file system: jar:file:///C:/Users/Manuel/.m2/repository/com/github/almasb/fxgl/17+dev-SNAPSHOT/fxgl-17+dev-20220422.115207-44.jar!/fxglassets/ui/css/fxgl_dark.css
23:55:43.434 [FXGL Background Thread 1 ] DEBUG GameApplicationServi - Initializing application scenes
23:55:43.657 [FXGL Background Thread 1 ] DEBUG GameWorld            - Game world initialized
23:55:43.821 [FXGL Background Thread 1 ] DEBUG PhysicsWorld         - Physics world initialized: appHeight=640, physics.ppm=50,0
23:55:43.822 [FXGL Background Thread 1 ] DEBUG PhysicsWorld         - Using strategy: BRUTE_FORCE
23:55:43.829 [FXGL Background Thread 1 ] DEBUG GameScene            - Game scene initialized: 960x640
23:55:43.854 [FXGL Background Thread 1 ] DEBUG FXGL.DefaultMenu     - createMenuBodyGameMenu()
23:55:43.883 [FXGL Background Thread 1 ] DEBUG FXGL.DefaultMenu     - createOptionsMenu()
23:55:43.904 [FXGL Background Thread 1 ] DEBUG FXGLAssetLoaderServi - Loading from file system: jar:file:///C:/Users/Manuel/.m2/repository/com/github/almasb/fxgl/17+dev-SNAPSHOT/fxgl-17+dev-20220422.115207-44.jar!/fxglassets/textures/particles/smoke.png
23:55:44.140 [FXGL Background Thread 1 ] DEBUG FXGLAssetLoaderServi - Loading from file system: jar:file:///C:/Users/Manuel/.m2/repository/com/github/almasb/fxgl/17+dev-SNAPSHOT/fxgl-17+dev-20220422.115207-44.jar!/fxglassets/textures/particles/trace_horizontal.png
23:55:44.233 [FXGL Background Thread 1 ] DEBUG GameApplicationServi - Application scenes initialized
23:55:44.256 [FXGL Background Thread 1 ] DEBUG SystemBundleService  - Loading FXGL system data
23:55:44.264 [FXGL Background Thread 1 ] DEBUG FileSystemAccess     - Reading from: C:\javafx-FXGL\pioneer-10\system\fxgl.bundle
23:55:44.281 [FXGL Background Thread 1 ] DEBUG SystemBundleService  - Bundle FXGL: {}
23:55:44.282 [FXGL Background Thread 1 ] DEBUG UpdaterService       - Checking for updates
23:55:44.290 [FXGL Background Thread 1 ] DEBUG FXGLApplication      - Loading default localization
23:55:44.312 [FXGL Background Thread 1 ] DEBUG FXGLAssetLoaderServi - Loading from file system: jar:file:///C:/Users/Manuel/.m2/repository/com/github/almasb/fxgl/17+dev-SNAPSHOT/fxgl-17+dev-20220422.115207-44.jar!/fxglassets/languages/english.lang
23:55:44.339 [FXGL Background Thread 1 ] INFO  FXGLApplication      - FXGL initialization took: 1,193 sec
23:55:44.358 [JavaFX Application Thread] DEBUG Input                - Registered new binding: Left - A
23:55:44.358 [JavaFX Application Thread] DEBUG Input                - Registered new binding: Right - D
23:55:44.359 [JavaFX Application Thread] DEBUG Input                - Registered new binding: Jump - W
23:55:44.359 [JavaFX Application Thread] DEBUG FXGLAssetLoaderServi - Loading from file system: jar:file:///C:/Users/Manuel/.m2/repository/com/github/almasb/fxgl/17+dev-SNAPSHOT/fxgl-17+dev-20220422.115207-44.jar!/fxglassets/textures/fxgl_icon.png
23:55:44.407 [JavaFX Application Thread] DEBUG FXGLAssetLoaderServi - Loading from file system: jar:file:///C:/Users/Manuel/.m2/repository/com/github/almasb/fxgl/17+dev-SNAPSHOT/fxgl-17+dev-20220422.115207-44.jar!/fxglassets/textures/fxgl_default_cursor.png
23:55:44.410 [JavaFX Application Thread] DEBUG Input                - Registered new binding: Screenshot - CTRL+8
23:55:44.410 [JavaFX Application Thread] DEBUG Input                - Registered new binding: System info dump - CTRL+9
23:55:44.411 [JavaFX Application Thread] DEBUG Input                - Registered new binding: Restart - CTRL+R
23:55:44.412 [JavaFX Application Thread] DEBUG Input                - Registered new binding: Toggle Debug Camera - CTRL+7
23:55:44.416 [JavaFX Application Thread] DEBUG LoopRunner           - Starting loop
23:55:44.416 [JavaFX Application Thread] DEBUG LoopRunner           - Initializing JavaFX AnimationTimerLoop
23:55:44.418 [JavaFX Application Thread] DEBUG GameApplicationServi - Starting new game
23:55:44.419 [JavaFX Application Thread] DEBUG Input                - Clearing active input actions
23:55:44.439 [JavaFX Application Thread] DEBUG GameApplicationServi - Removing overlay from FXGLStartupScene and adding to FXGLLoadingScene
23:55:44.440 [JavaFX Application Thread] DEBUG PrimaryStageWindow   - FXGLStartupScene -> FXGLLoadingScene
23:55:44.440 [JavaFX Application Thread] DEBUG GameApplicationServi - Clearing previous game
23:55:44.440 [JavaFX Application Thread] DEBUG GameScene            - Clearing game scene
23:55:44.440 [JavaFX Application Thread] DEBUG GameWorld            - Clearing game world
23:55:44.440 [JavaFX Application Thread] DEBUG PhysicsWorld         - Clearing physics world
23:55:44.635 [FXGL Background Thread 1 ] DEBUG FXGLApplication      - Initializing game
23:55:44.698 [FXGL Background Thread 1 ] INFO  FXGLApplication      - Game initialization took: 0,062 sec
23:55:44.747 [FXGL Background Thread 4 ] DEBUG FXGLApplication      - Loading fonts
23:55:44.748 [FXGL Background Thread 4 ] DEBUG FXGLAssetLoaderServi - Loading from file system: jar:file:///C:/Users/Manuel/.m2/repository/com/github/almasb/fxgl/17+dev-SNAPSHOT/fxgl-17+dev-20220422.115207-44.jar!/fxglassets/ui/fonts/VarelaRound-Regular.ttf
23:55:44.834 [JavaFX Application Thread] DEBUG Input                - Clearing active input actions
23:55:44.850 [JavaFX Application Thread] DEBUG GameApplicationServi - Removing overlay from FXGLLoadingScene and adding to GameScene
23:55:44.851 [JavaFX Application Thread] DEBUG PrimaryStageWindow   - FXGLLoadingScene -> GameScene
23:55:45.317 [FXGL Background Thread 4 ] DEBUG FXGLAssetLoaderServi - Loading from file system: jar:file:///C:/Users/Manuel/.m2/repository/com/github/almasb/fxgl/17+dev-SNAPSHOT/fxgl-17+dev-20220422.115207-44.jar!/fxglassets/ui/fonts/Abel-Regular.ttf
23:55:45.338 [FXGL Background Thread 4 ] DEBUG FXGLAssetLoaderServi - Loading from file system: jar:file:///C:/Users/Manuel/.m2/repository/com/github/almasb/fxgl/17+dev-SNAPSHOT/fxgl-17+dev-20220422.115207-44.jar!/fxglassets/ui/fonts/TerminalLandMono-Regular.otf
23:55:45.356 [FXGL Background Thread 4 ] DEBUG FXGLAssetLoaderServi - Loading from file system: jar:file:///C:/Users/Manuel/.m2/repository/com/github/almasb/fxgl/17+dev-SNAPSHOT/fxgl-17+dev-20220422.115207-44.jar!/fxglassets/ui/fonts/Courier-Prime.ttf
23:55:45.384 [JavaFX Application Thread] DEBUG FXGLApplication      - Registering font factories with UI factory
23:55:46.026 [FXGL Background Thread 2 ] INFO  UpdaterService       - Your current version:  17+dev-SNAPSHOT
23:55:46.026 [FXGL Background Thread 2 ] INFO  UpdaterService       - Latest stable version: 17.1
23:55:47.289 [FXGL Background Thread 3 ] DEBUG Engine               - Logging environment variables
23:55:47.290 [FXGL Background Thread 3 ] DEBUG Engine               - achievements: []
23:55:47.290 [FXGL Background Thread 3 ] DEBUG Engine               - actualHeight: 640.0
23:55:47.290 [FXGL Background Thread 3 ] DEBUG Engine               - actualHeightProperty: ReadOnlyDoubleProperty [value: 640.0]
23:55:47.290 [FXGL Background Thread 3 ] DEBUG Engine               - actualWidth: 960.0
23:55:47.290 [FXGL Background Thread 3 ] DEBUG Engine               - actualWidthProperty: ReadOnlyDoubleProperty [value: 960.0]
23:55:47.291 [FXGL Background Thread 3 ] DEBUG Engine               - appIcon: fxgl_icon.png
23:55:47.291 [FXGL Background Thread 3 ] DEBUG Engine               - applicationMode: DEVELOPER
23:55:47.291 [FXGL Background Thread 3 ] DEBUG Engine               - cSSList: [fxgl_dark.css]
23:55:47.291 [FXGL Background Thread 3 ] DEBUG Engine               - collisionDetectionStrategy: BRUTE_FORCE
23:55:47.291 [FXGL Background Thread 3 ] DEBUG Engine               - configClass: Optional.empty
23:55:47.292 [FXGL Background Thread 3 ] DEBUG Engine               - credits: []
23:55:47.292 [FXGL Background Thread 3 ] DEBUG Engine               - defaultCursor: CursorInfo(imageName=fxgl_default_cursor.png, hotspotX=7.0, hotspotY=6.0)
23:55:47.293 [FXGL Background Thread 3 ] DEBUG Engine               - devBBoxColorProperty: ObjectProperty [value: 0xff0000ff]
23:55:47.293 [FXGL Background Thread 3 ] DEBUG Engine               - devEnableDebugCameraProperty: BooleanProperty [value: false]
23:55:47.293 [FXGL Background Thread 3 ] DEBUG Engine               - devSensorColorProperty: ObjectProperty [value: 0xffff00ff]
23:55:47.293 [FXGL Background Thread 3 ] DEBUG Engine               - devShowBBoxProperty: BooleanProperty [value: false]
23:55:47.294 [FXGL Background Thread 3 ] DEBUG Engine               - devShowPositionProperty: BooleanProperty [value: false]
23:55:47.294 [FXGL Background Thread 3 ] DEBUG Engine               - enabledMenuItems: []
23:55:47.294 [FXGL Background Thread 3 ] DEBUG Engine               - engineServices: [class com.almasb.fxgl.app.services.FXGLAssetLoaderService, class com.almasb.fxgl.app.FXGLApplication$GameApplicationService, class com.almasb.fxgl.app.services.FXGLDialogService, class com.almasb.fxgl.app.services.IOTaskExecutorService, class com.almasb.fxgl.io.FileSystemService, class com.almasb.fxgl.localization.LocalizationService, class com.almasb.fxgl.app.services.SystemBundleService, class com.almasb.fxgl.profile.SaveLoadService, class com.almasb.fxgl.ui.FXGLUIFactoryServiceProvider, class com.almasb.fxgl.ui.FXGLDialogFactoryServiceProvider, class com.almasb.fxgl.audio.AudioPlayer, class com.almasb.fxgl.notification.impl.NotificationServiceProvider, class com.almasb.fxgl.achievement.AchievementService, class com.almasb.fxgl.cutscene.CutsceneService, class com.almasb.fxgl.minigames.MiniGameService, class com.almasb.fxgl.net.NetService, class com.almasb.fxgl.app.services.UpdaterService, class com.almasb.fxgl.dev.DevService]
23:55:47.294 [FXGL Background Thread 3 ] DEBUG Engine               - fontGame: Abel-Regular.ttf
23:55:47.294 [FXGL Background Thread 3 ] DEBUG Engine               - fontMono: TerminalLandMono-Regular.otf
23:55:47.294 [FXGL Background Thread 3 ] DEBUG Engine               - fontText: Courier-Prime.ttf
23:55:47.294 [FXGL Background Thread 3 ] DEBUG Engine               - fontUI: VarelaRound-Regular.ttf
23:55:47.295 [FXGL Background Thread 3 ] DEBUG Engine               - fullScreen: BooleanProperty [value: false]
23:55:47.295 [FXGL Background Thread 3 ] DEBUG Engine               - gameDifficulty: MEDIUM
23:55:47.295 [FXGL Background Thread 3 ] DEBUG Engine               - gameDifficultyProperty: ObjectProperty [value: MEDIUM]
23:55:47.295 [FXGL Background Thread 3 ] DEBUG Engine               - globalMusicVolume: 0.5
23:55:47.295 [FXGL Background Thread 3 ] DEBUG Engine               - globalMusicVolumeProperty: DoubleProperty [value: 0.5]
23:55:47.295 [FXGL Background Thread 3 ] DEBUG Engine               - globalSoundVolume: 0.5
23:55:47.296 [FXGL Background Thread 3 ] DEBUG Engine               - globalSoundVolumeProperty: DoubleProperty [value: 0.5]
23:55:47.296 [FXGL Background Thread 3 ] DEBUG Engine               - height: 640
23:55:47.296 [FXGL Background Thread 3 ] DEBUG Engine               - is3D: false
23:55:47.296 [FXGL Background Thread 3 ] DEBUG Engine               - isAndroid: false
23:55:47.296 [FXGL Background Thread 3 ] DEBUG Engine               - isBrowser: false
23:55:47.296 [FXGL Background Thread 3 ] DEBUG Engine               - isClickFeedbackEnabled: false
23:55:47.296 [FXGL Background Thread 3 ] DEBUG Engine               - isCloseConfirmation: false
23:55:47.296 [FXGL Background Thread 3 ] DEBUG Engine               - isDesktop: true
23:55:47.296 [FXGL Background Thread 3 ] DEBUG Engine               - isDeveloperMenuEnabled: false
23:55:47.296 [FXGL Background Thread 3 ] DEBUG Engine               - isEmbedded: false
23:55:47.297 [FXGL Background Thread 3 ] DEBUG Engine               - isEntityPreloadEnabled: true
23:55:47.297 [FXGL Background Thread 3 ] DEBUG Engine               - isExperimentalTiledLargeMap: false
23:55:47.297 [FXGL Background Thread 3 ] DEBUG Engine               - isFileSystemWriteAllowed: true
23:55:47.297 [FXGL Background Thread 3 ] DEBUG Engine               - isFullScreenAllowed: false
23:55:47.297 [FXGL Background Thread 3 ] DEBUG Engine               - isFullScreenFromStart: false
23:55:47.297 [FXGL Background Thread 3 ] DEBUG Engine               - isGameMenuEnabled: true
23:55:47.297 [FXGL Background Thread 3 ] DEBUG Engine               - isIOS: false
23:55:47.297 [FXGL Background Thread 3 ] DEBUG Engine               - isIntroEnabled: false
23:55:47.298 [FXGL Background Thread 3 ] DEBUG Engine               - isLinux: false
23:55:47.298 [FXGL Background Thread 3 ] DEBUG Engine               - isMac: false
23:55:47.299 [FXGL Background Thread 3 ] DEBUG Engine               - isMainMenuEnabled: false
23:55:47.300 [FXGL Background Thread 3 ] DEBUG Engine               - isManualResizeEnabled: false
23:55:47.300 [FXGL Background Thread 3 ] DEBUG Engine               - isMobile: false
23:55:47.301 [FXGL Background Thread 3 ] DEBUG Engine               - isNative: false
23:55:47.301 [FXGL Background Thread 3 ] DEBUG Engine               - isPauseMusicWhenMinimized: true
23:55:47.301 [FXGL Background Thread 3 ] DEBUG Engine               - isPreserveResizeRatio: false
23:55:47.302 [FXGL Background Thread 3 ] DEBUG Engine               - isProfilingEnabled: false
23:55:47.302 [FXGL Background Thread 3 ] DEBUG Engine               - isScaleAffectedOnResize: true
23:55:47.302 [FXGL Background Thread 3 ] DEBUG Engine               - isSingleStep: false
23:55:47.302 [FXGL Background Thread 3 ] DEBUG Engine               - isUserProfileEnabled: false
23:55:47.302 [FXGL Background Thread 3 ] DEBUG Engine               - isWindows: true
23:55:47.302 [FXGL Background Thread 3 ] DEBUG Engine               - language: ObjectProperty [value: ENGLISH]
23:55:47.302 [FXGL Background Thread 3 ] DEBUG Engine               - menuKey: ESCAPE
23:55:47.302 [FXGL Background Thread 3 ] DEBUG Engine               - mouseSensitivity: 0.2
23:55:47.303 [FXGL Background Thread 3 ] DEBUG Engine               - notificationViewClass: class com.almasb.fxgl.notification.view.XboxNotificationView
23:55:47.303 [FXGL Background Thread 3 ] DEBUG Engine               - pixelsPerMeter: 50.0
23:55:47.303 [FXGL Background Thread 3 ] DEBUG Engine               - platform: WINDOWS
23:55:47.303 [FXGL Background Thread 3 ] DEBUG Engine               - prefHeightProperty: ReadOnlyDoubleProperty [value: 640.0]
23:55:47.303 [FXGL Background Thread 3 ] DEBUG Engine               - prefWidthProperty: ReadOnlyDoubleProperty [value: 960.0]
23:55:47.303 [FXGL Background Thread 3 ] DEBUG Engine               - profileDir: profiles/
23:55:47.303 [FXGL Background Thread 3 ] DEBUG Engine               - profileName: StringProperty [value: DEFAULT]
23:55:47.304 [FXGL Background Thread 3 ] DEBUG Engine               - randomSeed: -1
23:55:47.304 [FXGL Background Thread 3 ] DEBUG Engine               - runtimeInfo: RuntimeInfo(platform=WINDOWS, version=17+dev-SNAPSHOT, build=22.04.2022 11.52)
23:55:47.304 [FXGL Background Thread 3 ] DEBUG Engine               - saveFileExt: sav
23:55:47.304 [FXGL Background Thread 3 ] DEBUG Engine               - scaledHeightProp$fxgl: DoubleProperty [bound, value: 640.0]
23:55:47.305 [FXGL Background Thread 3 ] DEBUG Engine               - scaledWidthProp$fxgl: DoubleProperty [bound, value: 960.0]
23:55:47.305 [FXGL Background Thread 3 ] DEBUG Engine               - sceneFactory: com.almasb.fxgl.app.scene.SceneFactory@168948a
23:55:47.305 [FXGL Background Thread 3 ] DEBUG Engine               - secondsIn24h: 60
23:55:47.305 [FXGL Background Thread 3 ] DEBUG Engine               - soundMenuBack: menu/back.wav
23:55:47.305 [FXGL Background Thread 3 ] DEBUG Engine               - soundMenuPress: menu/press.wav
23:55:47.305 [FXGL Background Thread 3 ] DEBUG Engine               - soundMenuSelect: menu/select.wav
23:55:47.305 [FXGL Background Thread 3 ] DEBUG Engine               - soundNotification: core/notification.wav
23:55:47.305 [FXGL Background Thread 3 ] DEBUG Engine               - stageStyle: DECORATED
23:55:47.305 [FXGL Background Thread 3 ] DEBUG Engine               - supportedLanguages: [ENGLISH, FRENCH, GERMAN, HUNGARIAN, RUSSIAN]
23:55:47.306 [FXGL Background Thread 3 ] DEBUG Engine               - ticksPerSecond: -1
23:55:47.306 [FXGL Background Thread 3 ] DEBUG Engine               - title: Untitled
23:55:47.306 [FXGL Background Thread 3 ] DEBUG Engine               - urlGithub: https://github.com/AlmasB/FXGL
23:55:47.306 [FXGL Background Thread 3 ] DEBUG Engine               - urlLeaderboard: http://fxgl-top.herokuapp.com/
23:55:47.306 [FXGL Background Thread 3 ] DEBUG Engine               - urlPOM: https://raw.githubusercontent.com/AlmasB/FXGL/release/README.md
23:55:47.306 [FXGL Background Thread 3 ] DEBUG Engine               - userAppClass: class com.pioneer10.model.MarioAppTarocco
23:55:47.306 [FXGL Background Thread 3 ] DEBUG Engine               - version: 0.0
23:55:47.306 [FXGL Background Thread 3 ] DEBUG Engine               - versionCheckDays: 7
23:55:47.307 [FXGL Background Thread 3 ] DEBUG Engine               - width: 960
23:55:47.307 [FXGL Background Thread 3 ] DEBUG Engine               - Logging services
23:55:47.307 [FXGL Background Thread 3 ] DEBUG Engine               - class com.almasb.fxgl.app.services.FXGLAssetLoaderService
23:55:47.307 [FXGL Background Thread 3 ] DEBUG Engine               - class com.almasb.fxgl.app.FXGLApplication$GameApplicationService
23:55:47.307 [FXGL Background Thread 3 ] DEBUG Engine               - class com.almasb.fxgl.app.services.FXGLDialogService
23:55:47.307 [FXGL Background Thread 3 ] DEBUG Engine               - class com.almasb.fxgl.app.services.IOTaskExecutorService
23:55:47.307 [FXGL Background Thread 3 ] DEBUG Engine               - class com.almasb.fxgl.io.FileSystemService
23:55:47.307 [FXGL Background Thread 3 ] DEBUG Engine               - class com.almasb.fxgl.localization.LocalizationService
23:55:47.307 [FXGL Background Thread 3 ] DEBUG Engine               - class com.almasb.fxgl.app.services.SystemBundleService
23:55:47.308 [FXGL Background Thread 3 ] DEBUG Engine               - class com.almasb.fxgl.profile.SaveLoadService
23:55:47.308 [FXGL Background Thread 3 ] DEBUG Engine               - class com.almasb.fxgl.ui.FXGLUIFactoryServiceProvider
23:55:47.308 [FXGL Background Thread 3 ] DEBUG Engine               - class com.almasb.fxgl.ui.FXGLDialogFactoryServiceProvider
23:55:47.308 [FXGL Background Thread 3 ] DEBUG Engine               - class com.almasb.fxgl.audio.AudioPlayer
23:55:47.308 [FXGL Background Thread 3 ] DEBUG Engine               - class com.almasb.fxgl.notification.impl.NotificationServiceProvider
23:55:47.308 [FXGL Background Thread 3 ] DEBUG Engine               - class com.almasb.fxgl.achievement.AchievementService
23:55:47.308 [FXGL Background Thread 3 ] DEBUG Engine               - class com.almasb.fxgl.cutscene.CutsceneService
23:55:47.308 [FXGL Background Thread 3 ] DEBUG Engine               - class com.almasb.fxgl.minigames.MiniGameService
23:55:47.308 [FXGL Background Thread 3 ] DEBUG Engine               - class com.almasb.fxgl.net.NetService
23:55:47.308 [FXGL Background Thread 3 ] DEBUG Engine               - class com.almasb.fxgl.app.services.UpdaterService
23:55:47.308 [FXGL Background Thread 3 ] DEBUG Engine               - class com.almasb.fxgl.dev.DevService
23:55:53.125 [JavaFX Application Thread] DEBUG FXGLApplication      - Exiting FXGL
23:55:53.125 [JavaFX Application Thread] DEBUG LoopRunner           - Stopping loop
23:55:53.125 [JavaFX Application Thread] DEBUG SystemBundleService  - Saving FXGL system data
23:55:53.129 [JavaFX Application Thread] DEBUG FileSystemAccess     - Writing to: C:\javafx-FXGL\pioneer-10\system\fxgl.bundle
23:55:53.133 [JavaFX Application Thread] DEBUG Async                - Shutting down background threads
23:55:53.133 [JavaFX Application Thread] DEBUG PrimaryStageWindow   - Closing main window
23:55:53.157 [JavaFX Application Thread] DEBUG Logger               - Closing Logger
