00:01:41.780 [main                     ] DEBUG Logger               - Configured Logger
00:01:41.920 [main                     ] DEBUG GameApplication      - Logging settings
Title: Untitled
Version: 0.0
Width: 960
Height: 640
Fullscreen: false
Intro: false
Profiling: false
Single step:false
App Mode: DEVELOPER
Menu Key: ESCAPE
Stage Style: DECORATED
Scene Factory: class com.almasb.fxgl.app.scene.SceneFactory

00:01:42.518 [JavaFX Application Thread] DEBUG FXGLApplication      - Initializing FXGL
00:01:42.540 [JavaFX Application Thread] INFO  Engine               - FXGL-17+dev-SNAPSHOT (22.04.2022 11.52) on WINDOWS (J:18.0.1 FX:18)
00:01:42.541 [JavaFX Application Thread] DEBUG Engine               - JRE Vendor Name: Oracle Corporation
00:01:42.542 [JavaFX Application Thread] DEBUG Engine               - Running on OS: Windows 10 version 10.0
00:01:42.542 [JavaFX Application Thread] DEBUG Engine               - Architecture: amd64
00:01:42.543 [JavaFX Application Thread] INFO  Engine               - Source code and latest versions at: https://github.com/AlmasB/FXGL
00:01:42.543 [JavaFX Application Thread] INFO  Engine               -       Ask questions and discuss at: https://github.com/AlmasB/FXGL/discussions
00:01:42.543 [JavaFX Application Thread] INFO  Engine               -              Join the FXGL chat at: https://gitter.im/AlmasB/FXGL
00:01:42.725 [JavaFX Application Thread] DEBUG PrimaryStageWindow   - Creating a JavaFX scene
00:01:42.812 [JavaFX Application Thread] DEBUG PrimaryStageWindow   - Target settings size: 960.0 x 640.0
00:01:42.812 [JavaFX Application Thread] DEBUG PrimaryStageWindow   - Scaled scene size:    960.0 x 640.0
00:01:42.813 [JavaFX Application Thread] DEBUG PrimaryStageWindow   - Scaled ratio: (1.0, 1.0)
00:01:42.815 [JavaFX Application Thread] DEBUG PrimaryStageWindow   - Set initial scene to FXGLStartupScene
00:01:42.829 [JavaFX Application Thread] DEBUG PrimaryStageWindow   - Opening main window
00:01:43.009 [JavaFX Application Thread] DEBUG PrimaryStageWindow   - Window border size: (16.0, 39.0)
00:01:43.010 [JavaFX Application Thread] DEBUG PrimaryStageWindow   - Scaled size: 960.0 x 640.0
00:01:43.011 [JavaFX Application Thread] DEBUG PrimaryStageWindow   - Scaled ratio: (1.0, 1.0)
00:01:43.012 [JavaFX Application Thread] DEBUG PrimaryStageWindow   - Scene size: 960.0 x 640.0
00:01:43.013 [JavaFX Application Thread] DEBUG PrimaryStageWindow   - Stage size: 976.0 x 679.0
00:01:43.050 [FXGL Background Thread 1 ] DEBUG Engine               - Initializing environment variables
00:01:43.204 [FXGL Background Thread 1 ] DEBUG FXGLAssetLoaderServi - User app class for loading assets: class com.pioneer10.model.MarioAppTarocco
00:01:43.205 [FXGL Background Thread 1 ] DEBUG GameApplicationServi - Applying CSS: fxgl_dark.css
00:01:43.209 [FXGL Background Thread 1 ] DEBUG FXGLAssetLoaderServi - Loading from file system: jar:file:///C:/Users/Manuel/.m2/repository/com/github/almasb/fxgl/17+dev-SNAPSHOT/fxgl-17+dev-20220422.115207-44.jar!/fxglassets/ui/css/fxgl_dark.css
00:01:43.342 [FXGL Background Thread 1 ] DEBUG GameApplicationServi - Initializing application scenes
00:01:43.521 [FXGL Background Thread 1 ] DEBUG GameWorld            - Game world initialized
00:01:43.716 [FXGL Background Thread 1 ] DEBUG PhysicsWorld         - Physics world initialized: appHeight=640, physics.ppm=50,0
00:01:43.717 [FXGL Background Thread 1 ] DEBUG PhysicsWorld         - Using strategy: BRUTE_FORCE
00:01:43.724 [FXGL Background Thread 1 ] DEBUG GameScene            - Game scene initialized: 960x640
00:01:43.744 [FXGL Background Thread 1 ] DEBUG FXGL.DefaultMenu     - createMenuBodyGameMenu()
00:01:43.774 [FXGL Background Thread 1 ] DEBUG FXGL.DefaultMenu     - createOptionsMenu()
00:01:43.803 [FXGL Background Thread 1 ] DEBUG FXGLAssetLoaderServi - Loading from file system: jar:file:///C:/Users/Manuel/.m2/repository/com/github/almasb/fxgl/17+dev-SNAPSHOT/fxgl-17+dev-20220422.115207-44.jar!/fxglassets/textures/particles/smoke.png
00:01:44.013 [FXGL Background Thread 1 ] DEBUG FXGLAssetLoaderServi - Loading from file system: jar:file:///C:/Users/Manuel/.m2/repository/com/github/almasb/fxgl/17+dev-SNAPSHOT/fxgl-17+dev-20220422.115207-44.jar!/fxglassets/textures/particles/trace_horizontal.png
00:01:44.090 [FXGL Background Thread 1 ] DEBUG GameApplicationServi - Application scenes initialized
00:01:44.125 [FXGL Background Thread 1 ] DEBUG SystemBundleService  - Loading FXGL system data
00:01:44.134 [FXGL Background Thread 1 ] DEBUG FileSystemAccess     - Reading from: C:\javafx-FXGL\pioneer-10\system\fxgl.bundle
00:01:44.154 [FXGL Background Thread 1 ] DEBUG SystemBundleService  - Bundle FXGL: {}
00:01:44.154 [FXGL Background Thread 1 ] DEBUG UpdaterService       - Checking for updates
00:01:44.163 [FXGL Background Thread 1 ] DEBUG FXGLApplication      - Loading default localization
00:01:44.166 [FXGL Background Thread 1 ] DEBUG FXGLAssetLoaderServi - Loading from file system: jar:file:///C:/Users/Manuel/.m2/repository/com/github/almasb/fxgl/17+dev-SNAPSHOT/fxgl-17+dev-20220422.115207-44.jar!/fxglassets/languages/english.lang
00:01:44.203 [FXGL Background Thread 1 ] INFO  FXGLApplication      - FXGL initialization took: 1,152 sec
00:01:44.222 [JavaFX Application Thread] DEBUG Input                - Registered new binding: Left - A
00:01:44.223 [JavaFX Application Thread] DEBUG Input                - Registered new binding: Right - D
00:01:44.223 [JavaFX Application Thread] DEBUG Input                - Registered new binding: Jump - W
00:01:44.224 [JavaFX Application Thread] DEBUG FXGLAssetLoaderServi - Loading from file system: jar:file:///C:/Users/Manuel/.m2/repository/com/github/almasb/fxgl/17+dev-SNAPSHOT/fxgl-17+dev-20220422.115207-44.jar!/fxglassets/textures/fxgl_icon.png
00:01:44.299 [JavaFX Application Thread] DEBUG FXGLAssetLoaderServi - Loading from file system: jar:file:///C:/Users/Manuel/.m2/repository/com/github/almasb/fxgl/17+dev-SNAPSHOT/fxgl-17+dev-20220422.115207-44.jar!/fxglassets/textures/fxgl_default_cursor.png
00:01:44.307 [JavaFX Application Thread] DEBUG Input                - Registered new binding: Screenshot - CTRL+8
00:01:44.308 [JavaFX Application Thread] DEBUG Input                - Registered new binding: System info dump - CTRL+9
00:01:44.309 [JavaFX Application Thread] DEBUG Input                - Registered new binding: Restart - CTRL+R
00:01:44.310 [JavaFX Application Thread] DEBUG Input                - Registered new binding: Toggle Debug Camera - CTRL+7
00:01:44.313 [JavaFX Application Thread] DEBUG LoopRunner           - Starting loop
00:01:44.314 [JavaFX Application Thread] DEBUG LoopRunner           - Initializing JavaFX AnimationTimerLoop
00:01:44.316 [JavaFX Application Thread] DEBUG GameApplicationServi - Starting new game
00:01:44.317 [JavaFX Application Thread] DEBUG Input                - Clearing active input actions
00:01:44.340 [JavaFX Application Thread] DEBUG GameApplicationServi - Removing overlay from FXGLStartupScene and adding to FXGLLoadingScene
00:01:44.341 [JavaFX Application Thread] DEBUG PrimaryStageWindow   - FXGLStartupScene -> FXGLLoadingScene
00:01:44.341 [JavaFX Application Thread] DEBUG GameApplicationServi - Clearing previous game
00:01:44.341 [JavaFX Application Thread] DEBUG GameScene            - Clearing game scene
00:01:44.341 [JavaFX Application Thread] DEBUG GameWorld            - Clearing game world
00:01:44.341 [JavaFX Application Thread] DEBUG PhysicsWorld         - Clearing physics world
00:01:44.410 [FXGL Background Thread 1 ] DEBUG FXGLApplication      - Initializing game
00:01:44.413 [FXGL Background Thread 4 ] DEBUG FXGLApplication      - Loading fonts
00:01:44.417 [FXGL Background Thread 4 ] DEBUG FXGLAssetLoaderServi - Loading from file system: jar:file:///C:/Users/Manuel/.m2/repository/com/github/almasb/fxgl/17+dev-SNAPSHOT/fxgl-17+dev-20220422.115207-44.jar!/fxglassets/ui/fonts/VarelaRound-Regular.ttf
00:01:44.474 [FXGL Background Thread 1 ] INFO  FXGLApplication      - Game initialization took: 0,063 sec
00:01:44.648 [JavaFX Application Thread] DEBUG Input                - Clearing active input actions
00:01:44.662 [JavaFX Application Thread] DEBUG GameApplicationServi - Removing overlay from FXGLLoadingScene and adding to GameScene
00:01:44.663 [JavaFX Application Thread] DEBUG PrimaryStageWindow   - FXGLLoadingScene -> GameScene
00:01:44.807 [FXGL Background Thread 4 ] DEBUG FXGLAssetLoaderServi - Loading from file system: jar:file:///C:/Users/Manuel/.m2/repository/com/github/almasb/fxgl/17+dev-SNAPSHOT/fxgl-17+dev-20220422.115207-44.jar!/fxglassets/ui/fonts/Abel-Regular.ttf
00:01:44.835 [FXGL Background Thread 4 ] DEBUG FXGLAssetLoaderServi - Loading from file system: jar:file:///C:/Users/Manuel/.m2/repository/com/github/almasb/fxgl/17+dev-SNAPSHOT/fxgl-17+dev-20220422.115207-44.jar!/fxglassets/ui/fonts/TerminalLandMono-Regular.otf
00:01:44.854 [FXGL Background Thread 4 ] DEBUG FXGLAssetLoaderServi - Loading from file system: jar:file:///C:/Users/Manuel/.m2/repository/com/github/almasb/fxgl/17+dev-SNAPSHOT/fxgl-17+dev-20220422.115207-44.jar!/fxglassets/ui/fonts/Courier-Prime.ttf
00:01:44.878 [JavaFX Application Thread] DEBUG FXGLApplication      - Registering font factories with UI factory
00:01:45.463 [FXGL Background Thread 2 ] INFO  UpdaterService       - Your current version:  17+dev-SNAPSHOT
00:01:45.463 [FXGL Background Thread 2 ] INFO  UpdaterService       - Latest stable version: 17.1
00:01:47.171 [FXGL Background Thread 3 ] DEBUG Engine               - Logging environment variables
00:01:47.174 [FXGL Background Thread 3 ] DEBUG Engine               - achievements: []
00:01:47.175 [FXGL Background Thread 3 ] DEBUG Engine               - actualHeight: 640.0
00:01:47.175 [FXGL Background Thread 3 ] DEBUG Engine               - actualHeightProperty: ReadOnlyDoubleProperty [value: 640.0]
00:01:47.175 [FXGL Background Thread 3 ] DEBUG Engine               - actualWidth: 960.0
00:01:47.175 [FXGL Background Thread 3 ] DEBUG Engine               - actualWidthProperty: ReadOnlyDoubleProperty [value: 960.0]
00:01:47.176 [FXGL Background Thread 3 ] DEBUG Engine               - appIcon: fxgl_icon.png
00:01:47.176 [FXGL Background Thread 3 ] DEBUG Engine               - applicationMode: DEVELOPER
00:01:47.176 [FXGL Background Thread 3 ] DEBUG Engine               - cSSList: [fxgl_dark.css]
00:01:47.176 [FXGL Background Thread 3 ] DEBUG Engine               - collisionDetectionStrategy: BRUTE_FORCE
00:01:47.176 [FXGL Background Thread 3 ] DEBUG Engine               - configClass: Optional.empty
00:01:47.176 [FXGL Background Thread 3 ] DEBUG Engine               - credits: []
00:01:47.177 [FXGL Background Thread 3 ] DEBUG Engine               - defaultCursor: CursorInfo(imageName=fxgl_default_cursor.png, hotspotX=7.0, hotspotY=6.0)
00:01:47.177 [FXGL Background Thread 3 ] DEBUG Engine               - devBBoxColorProperty: ObjectProperty [value: 0xff0000ff]
00:01:47.177 [FXGL Background Thread 3 ] DEBUG Engine               - devEnableDebugCameraProperty: BooleanProperty [value: false]
00:01:47.178 [FXGL Background Thread 3 ] DEBUG Engine               - devSensorColorProperty: ObjectProperty [value: 0xffff00ff]
00:01:47.178 [FXGL Background Thread 3 ] DEBUG Engine               - devShowBBoxProperty: BooleanProperty [value: false]
00:01:47.178 [FXGL Background Thread 3 ] DEBUG Engine               - devShowPositionProperty: BooleanProperty [value: false]
00:01:47.178 [FXGL Background Thread 3 ] DEBUG Engine               - enabledMenuItems: []
00:01:47.178 [FXGL Background Thread 3 ] DEBUG Engine               - engineServices: [class com.almasb.fxgl.app.services.FXGLAssetLoaderService, class com.almasb.fxgl.app.FXGLApplication$GameApplicationService, class com.almasb.fxgl.app.services.FXGLDialogService, class com.almasb.fxgl.app.services.IOTaskExecutorService, class com.almasb.fxgl.io.FileSystemService, class com.almasb.fxgl.localization.LocalizationService, class com.almasb.fxgl.app.services.SystemBundleService, class com.almasb.fxgl.profile.SaveLoadService, class com.almasb.fxgl.ui.FXGLUIFactoryServiceProvider, class com.almasb.fxgl.ui.FXGLDialogFactoryServiceProvider, class com.almasb.fxgl.audio.AudioPlayer, class com.almasb.fxgl.notification.impl.NotificationServiceProvider, class com.almasb.fxgl.achievement.AchievementService, class com.almasb.fxgl.cutscene.CutsceneService, class com.almasb.fxgl.minigames.MiniGameService, class com.almasb.fxgl.net.NetService, class com.almasb.fxgl.app.services.UpdaterService, class com.almasb.fxgl.dev.DevService]
00:01:47.178 [FXGL Background Thread 3 ] DEBUG Engine               - fontGame: Abel-Regular.ttf
00:01:47.178 [FXGL Background Thread 3 ] DEBUG Engine               - fontMono: TerminalLandMono-Regular.otf
00:01:47.179 [FXGL Background Thread 3 ] DEBUG Engine               - fontText: Courier-Prime.ttf
00:01:47.179 [FXGL Background Thread 3 ] DEBUG Engine               - fontUI: VarelaRound-Regular.ttf
00:01:47.179 [FXGL Background Thread 3 ] DEBUG Engine               - fullScreen: BooleanProperty [value: false]
00:01:47.179 [FXGL Background Thread 3 ] DEBUG Engine               - gameDifficulty: MEDIUM
00:01:47.179 [FXGL Background Thread 3 ] DEBUG Engine               - gameDifficultyProperty: ObjectProperty [value: MEDIUM]
00:01:47.180 [FXGL Background Thread 3 ] DEBUG Engine               - globalMusicVolume: 0.5
00:01:47.180 [FXGL Background Thread 3 ] DEBUG Engine               - globalMusicVolumeProperty: DoubleProperty [value: 0.5]
00:01:47.180 [FXGL Background Thread 3 ] DEBUG Engine               - globalSoundVolume: 0.5
00:01:47.180 [FXGL Background Thread 3 ] DEBUG Engine               - globalSoundVolumeProperty: DoubleProperty [value: 0.5]
00:01:47.180 [FXGL Background Thread 3 ] DEBUG Engine               - height: 640
00:01:47.180 [FXGL Background Thread 3 ] DEBUG Engine               - is3D: false
00:01:47.181 [FXGL Background Thread 3 ] DEBUG Engine               - isAndroid: false
00:01:47.181 [FXGL Background Thread 3 ] DEBUG Engine               - isBrowser: false
00:01:47.181 [FXGL Background Thread 3 ] DEBUG Engine               - isClickFeedbackEnabled: false
00:01:47.181 [FXGL Background Thread 3 ] DEBUG Engine               - isCloseConfirmation: false
00:01:47.181 [FXGL Background Thread 3 ] DEBUG Engine               - isDesktop: true
00:01:47.181 [FXGL Background Thread 3 ] DEBUG Engine               - isDeveloperMenuEnabled: false
00:01:47.181 [FXGL Background Thread 3 ] DEBUG Engine               - isEmbedded: false
00:01:47.181 [FXGL Background Thread 3 ] DEBUG Engine               - isEntityPreloadEnabled: true
00:01:47.182 [FXGL Background Thread 3 ] DEBUG Engine               - isExperimentalTiledLargeMap: false
00:01:47.182 [FXGL Background Thread 3 ] DEBUG Engine               - isFileSystemWriteAllowed: true
00:01:47.182 [FXGL Background Thread 3 ] DEBUG Engine               - isFullScreenAllowed: false
00:01:47.182 [FXGL Background Thread 3 ] DEBUG Engine               - isFullScreenFromStart: false
00:01:47.182 [FXGL Background Thread 3 ] DEBUG Engine               - isGameMenuEnabled: true
00:01:47.182 [FXGL Background Thread 3 ] DEBUG Engine               - isIOS: false
00:01:47.182 [FXGL Background Thread 3 ] DEBUG Engine               - isIntroEnabled: false
00:01:47.182 [FXGL Background Thread 3 ] DEBUG Engine               - isLinux: false
00:01:47.183 [FXGL Background Thread 3 ] DEBUG Engine               - isMac: false
00:01:47.183 [FXGL Background Thread 3 ] DEBUG Engine               - isMainMenuEnabled: false
00:01:47.183 [FXGL Background Thread 3 ] DEBUG Engine               - isManualResizeEnabled: false
00:01:47.183 [FXGL Background Thread 3 ] DEBUG Engine               - isMobile: false
00:01:47.183 [FXGL Background Thread 3 ] DEBUG Engine               - isNative: false
00:01:47.184 [FXGL Background Thread 3 ] DEBUG Engine               - isPauseMusicWhenMinimized: true
00:01:47.185 [FXGL Background Thread 3 ] DEBUG Engine               - isPreserveResizeRatio: false
00:01:47.185 [FXGL Background Thread 3 ] DEBUG Engine               - isProfilingEnabled: false
00:01:47.185 [FXGL Background Thread 3 ] DEBUG Engine               - isScaleAffectedOnResize: true
00:01:47.185 [FXGL Background Thread 3 ] DEBUG Engine               - isSingleStep: false
00:01:47.185 [FXGL Background Thread 3 ] DEBUG Engine               - isUserProfileEnabled: false
00:01:47.185 [FXGL Background Thread 3 ] DEBUG Engine               - isWindows: true
00:01:47.186 [FXGL Background Thread 3 ] DEBUG Engine               - language: ObjectProperty [value: ENGLISH]
00:01:47.186 [FXGL Background Thread 3 ] DEBUG Engine               - menuKey: ESCAPE
00:01:47.186 [FXGL Background Thread 3 ] DEBUG Engine               - mouseSensitivity: 0.2
00:01:47.187 [FXGL Background Thread 3 ] DEBUG Engine               - notificationViewClass: class com.almasb.fxgl.notification.view.XboxNotificationView
00:01:47.187 [FXGL Background Thread 3 ] DEBUG Engine               - pixelsPerMeter: 50.0
00:01:47.187 [FXGL Background Thread 3 ] DEBUG Engine               - platform: WINDOWS
00:01:47.188 [FXGL Background Thread 3 ] DEBUG Engine               - prefHeightProperty: ReadOnlyDoubleProperty [value: 640.0]
00:01:47.188 [FXGL Background Thread 3 ] DEBUG Engine               - prefWidthProperty: ReadOnlyDoubleProperty [value: 960.0]
00:01:47.189 [FXGL Background Thread 3 ] DEBUG Engine               - profileDir: profiles/
00:01:47.189 [FXGL Background Thread 3 ] DEBUG Engine               - profileName: StringProperty [value: DEFAULT]
00:01:47.189 [FXGL Background Thread 3 ] DEBUG Engine               - randomSeed: -1
00:01:47.191 [FXGL Background Thread 3 ] DEBUG Engine               - runtimeInfo: RuntimeInfo(platform=WINDOWS, version=17+dev-SNAPSHOT, build=22.04.2022 11.52)
00:01:47.191 [FXGL Background Thread 3 ] DEBUG Engine               - saveFileExt: sav
00:01:47.191 [FXGL Background Thread 3 ] DEBUG Engine               - scaledHeightProp$fxgl: DoubleProperty [bound, value: 640.0]
00:01:47.191 [FXGL Background Thread 3 ] DEBUG Engine               - scaledWidthProp$fxgl: DoubleProperty [bound, value: 960.0]
00:01:47.191 [FXGL Background Thread 3 ] DEBUG Engine               - sceneFactory: com.almasb.fxgl.app.scene.SceneFactory@168948a
00:01:47.192 [FXGL Background Thread 3 ] DEBUG Engine               - secondsIn24h: 60
00:01:47.192 [FXGL Background Thread 3 ] DEBUG Engine               - soundMenuBack: menu/back.wav
00:01:47.192 [FXGL Background Thread 3 ] DEBUG Engine               - soundMenuPress: menu/press.wav
00:01:47.192 [FXGL Background Thread 3 ] DEBUG Engine               - soundMenuSelect: menu/select.wav
00:01:47.192 [FXGL Background Thread 3 ] DEBUG Engine               - soundNotification: core/notification.wav
00:01:47.192 [FXGL Background Thread 3 ] DEBUG Engine               - stageStyle: DECORATED
00:01:47.192 [FXGL Background Thread 3 ] DEBUG Engine               - supportedLanguages: [ENGLISH, FRENCH, GERMAN, HUNGARIAN, RUSSIAN]
00:01:47.193 [FXGL Background Thread 3 ] DEBUG Engine               - ticksPerSecond: -1
00:01:47.193 [FXGL Background Thread 3 ] DEBUG Engine               - title: Untitled
00:01:47.193 [FXGL Background Thread 3 ] DEBUG Engine               - urlGithub: https://github.com/AlmasB/FXGL
00:01:47.193 [FXGL Background Thread 3 ] DEBUG Engine               - urlLeaderboard: http://fxgl-top.herokuapp.com/
00:01:47.193 [FXGL Background Thread 3 ] DEBUG Engine               - urlPOM: https://raw.githubusercontent.com/AlmasB/FXGL/release/README.md
00:01:47.193 [FXGL Background Thread 3 ] DEBUG Engine               - userAppClass: class com.pioneer10.model.MarioAppTarocco
00:01:47.193 [FXGL Background Thread 3 ] DEBUG Engine               - version: 0.0
00:01:47.194 [FXGL Background Thread 3 ] DEBUG Engine               - versionCheckDays: 7
00:01:47.194 [FXGL Background Thread 3 ] DEBUG Engine               - width: 960
00:01:47.194 [FXGL Background Thread 3 ] DEBUG Engine               - Logging services
00:01:47.194 [FXGL Background Thread 3 ] DEBUG Engine               - class com.almasb.fxgl.app.services.FXGLAssetLoaderService
00:01:47.194 [FXGL Background Thread 3 ] DEBUG Engine               - class com.almasb.fxgl.app.FXGLApplication$GameApplicationService
00:01:47.194 [FXGL Background Thread 3 ] DEBUG Engine               - class com.almasb.fxgl.app.services.FXGLDialogService
00:01:47.195 [FXGL Background Thread 3 ] DEBUG Engine               - class com.almasb.fxgl.app.services.IOTaskExecutorService
00:01:47.195 [FXGL Background Thread 3 ] DEBUG Engine               - class com.almasb.fxgl.io.FileSystemService
00:01:47.195 [FXGL Background Thread 3 ] DEBUG Engine               - class com.almasb.fxgl.localization.LocalizationService
00:01:47.195 [FXGL Background Thread 3 ] DEBUG Engine               - class com.almasb.fxgl.app.services.SystemBundleService
00:01:47.195 [FXGL Background Thread 3 ] DEBUG Engine               - class com.almasb.fxgl.profile.SaveLoadService
00:01:47.195 [FXGL Background Thread 3 ] DEBUG Engine               - class com.almasb.fxgl.ui.FXGLUIFactoryServiceProvider
00:01:47.195 [FXGL Background Thread 3 ] DEBUG Engine               - class com.almasb.fxgl.ui.FXGLDialogFactoryServiceProvider
00:01:47.195 [FXGL Background Thread 3 ] DEBUG Engine               - class com.almasb.fxgl.audio.AudioPlayer
00:01:47.195 [FXGL Background Thread 3 ] DEBUG Engine               - class com.almasb.fxgl.notification.impl.NotificationServiceProvider
00:01:47.196 [FXGL Background Thread 3 ] DEBUG Engine               - class com.almasb.fxgl.achievement.AchievementService
00:01:47.196 [FXGL Background Thread 3 ] DEBUG Engine               - class com.almasb.fxgl.cutscene.CutsceneService
00:01:47.196 [FXGL Background Thread 3 ] DEBUG Engine               - class com.almasb.fxgl.minigames.MiniGameService
00:01:47.196 [FXGL Background Thread 3 ] DEBUG Engine               - class com.almasb.fxgl.net.NetService
00:01:47.196 [FXGL Background Thread 3 ] DEBUG Engine               - class com.almasb.fxgl.app.services.UpdaterService
00:01:47.196 [FXGL Background Thread 3 ] DEBUG Engine               - class com.almasb.fxgl.dev.DevService
00:01:49.922 [JavaFX Application Thread] DEBUG FXGLApplication      - Exiting FXGL
00:01:49.922 [JavaFX Application Thread] DEBUG LoopRunner           - Stopping loop
00:01:49.922 [JavaFX Application Thread] DEBUG SystemBundleService  - Saving FXGL system data
00:01:49.924 [JavaFX Application Thread] DEBUG FileSystemAccess     - Writing to: C:\javafx-FXGL\pioneer-10\system\fxgl.bundle
00:01:49.928 [JavaFX Application Thread] DEBUG Async                - Shutting down background threads
00:01:49.928 [JavaFX Application Thread] DEBUG PrimaryStageWindow   - Closing main window
00:01:49.996 [JavaFX Application Thread] DEBUG Logger               - Closing Logger
