16:10:33.244 [main                     ] DEBUG Logger               - Configured Logger
16:10:33.263 [main                     ] DEBUG GameApplication      - Logging settings
Title: Untitled
Version: 0.0
Width: 1120
Height: 320
Fullscreen: false
Intro: false
Profiling: false
Single step:false
App Mode: DEVELOPER
Menu Key: ESCAPE
Stage Style: DECORATED
Scene Factory: class com.pioneer10.model.PlatformerApp$1

16:10:33.649 [JavaFX Application Thread] DEBUG FXGLApplication      - Initializing FXGL
16:10:33.653 [JavaFX Application Thread] INFO  Engine               - FXGL-17+dev-SNAPSHOT (22.04.2022 11.52) on WINDOWS (J:17.0.1 FX:18)
16:10:33.653 [JavaFX Application Thread] DEBUG Engine               - JRE Vendor Name: Oracle Corporation
16:10:33.653 [JavaFX Application Thread] DEBUG Engine               - Running on OS: Windows 10 version 10.0
16:10:33.653 [JavaFX Application Thread] DEBUG Engine               - Architecture: amd64
16:10:33.653 [JavaFX Application Thread] INFO  Engine               - Source code and latest versions at: https://github.com/AlmasB/FXGL
16:10:33.653 [JavaFX Application Thread] INFO  Engine               -       Ask questions and discuss at: https://github.com/AlmasB/FXGL/discussions
16:10:33.653 [JavaFX Application Thread] INFO  Engine               -              Join the FXGL chat at: https://gitter.im/AlmasB/FXGL
16:10:33.707 [JavaFX Application Thread] DEBUG PrimaryStageWindow   - Creating a JavaFX scene
16:10:33.733 [JavaFX Application Thread] DEBUG PrimaryStageWindow   - Target settings size: 1120.0 x 320.0
16:10:33.733 [JavaFX Application Thread] DEBUG PrimaryStageWindow   - Scaled scene size:    1120.0 x 320.0
16:10:33.733 [JavaFX Application Thread] DEBUG PrimaryStageWindow   - Scaled ratio: (1.0, 1.0)
16:10:33.734 [JavaFX Application Thread] DEBUG PrimaryStageWindow   - Set initial scene to FXGLStartupScene
16:10:33.738 [JavaFX Application Thread] DEBUG PrimaryStageWindow   - Opening main window
16:10:33.853 [JavaFX Application Thread] DEBUG PrimaryStageWindow   - Window border size: (16.0, 39.0)
16:10:33.853 [JavaFX Application Thread] DEBUG PrimaryStageWindow   - Scaled size: 1120.0 x 320.0
16:10:33.854 [JavaFX Application Thread] DEBUG PrimaryStageWindow   - Scaled ratio: (1.0, 1.0)
16:10:33.854 [JavaFX Application Thread] DEBUG PrimaryStageWindow   - Scene size: 1120.0 x 320.0
16:10:33.854 [JavaFX Application Thread] DEBUG PrimaryStageWindow   - Stage size: 1136.0 x 359.0
16:10:33.859 [FXGL Background Thread 1 ] DEBUG Engine               - Initializing environment variables
16:10:33.877 [FXGL Background Thread 1 ] DEBUG FXGLAssetLoaderServi - User app class for loading assets: class com.pioneer10.model.PlatformerApp
16:10:33.878 [FXGL Background Thread 1 ] DEBUG GameApplicationServi - Applying CSS: fxgl_dark.css
16:10:33.878 [FXGL Background Thread 1 ] DEBUG FXGLAssetLoaderServi - Loading from file system: jar:file:///C:/Users/mattu/.m2/repository/com/github/almasb/fxgl/17+dev-SNAPSHOT/fxgl-17+dev-20220422.115207-44.jar!/fxglassets/ui/css/fxgl_dark.css
16:10:33.907 [FXGL Background Thread 1 ] DEBUG GameApplicationServi - Initializing application scenes
16:10:33.938 [FXGL Background Thread 1 ] DEBUG FXGLAssetLoaderServi - Loading from file system: file:/D:/FERMI-FEDE/4BIF_2021-2022/Informatica/Giochi/Pioneer-10/target/classes/assets/textures/player.png
16:10:33.951 [FXGL Background Thread 1 ] DEBUG GameWorld            - Game world initialized
16:10:33.990 [FXGL Background Thread 1 ] DEBUG PhysicsWorld         - Physics world initialized: appHeight=320, physics.ppm=50,0
16:10:33.990 [FXGL Background Thread 1 ] DEBUG PhysicsWorld         - Using strategy: BRUTE_FORCE
16:10:33.993 [FXGL Background Thread 1 ] DEBUG GameScene            - Game scene initialized: 1120x320
16:10:33.999 [FXGL Background Thread 1 ] WARN  FXGL.DefaultMenu     - FXGLDefaultMenu is not designed for resolutions < 800x600
16:10:33.999 [FXGL Background Thread 1 ] DEBUG FXGL.DefaultMenu     - createMenuBodyGameMenu()
16:10:34.010 [FXGL Background Thread 1 ] DEBUG FXGL.DefaultMenu     - createOptionsMenu()
16:10:34.020 [FXGL Background Thread 1 ] DEBUG FXGLAssetLoaderServi - Loading from file system: jar:file:///C:/Users/mattu/.m2/repository/com/github/almasb/fxgl/17+dev-SNAPSHOT/fxgl-17+dev-20220422.115207-44.jar!/fxglassets/textures/particles/smoke.png
16:10:34.057 [FXGL Background Thread 1 ] DEBUG FXGLAssetLoaderServi - Loading from file system: jar:file:///C:/Users/mattu/.m2/repository/com/github/almasb/fxgl/17+dev-SNAPSHOT/fxgl-17+dev-20220422.115207-44.jar!/fxglassets/textures/particles/trace_horizontal.png
16:10:34.077 [FXGL Background Thread 1 ] DEBUG GameApplicationServi - Application scenes initialized
16:10:34.084 [FXGL Background Thread 1 ] DEBUG SystemBundleService  - Loading FXGL system data
16:10:34.088 [FXGL Background Thread 1 ] DEBUG FileSystemAccess     - Reading from: D:\FERMI-FEDE\4BIF_2021-2022\Informatica\Giochi\Pioneer-10\system\fxgl.bundle
16:10:34.092 [FXGL Background Thread 1 ] DEBUG SystemBundleService  - Bundle FXGL: {}
16:10:34.092 [FXGL Background Thread 1 ] DEBUG UpdaterService       - Checking for updates
16:10:34.094 [FXGL Background Thread 4 ] DEBUG FXGLApplication      - Loading fonts
16:10:34.095 [FXGL Background Thread 1 ] DEBUG FXGLApplication      - Loading default localization
16:10:34.095 [FXGL Background Thread 4 ] DEBUG FXGLAssetLoaderServi - Loading from file system: jar:file:///C:/Users/mattu/.m2/repository/com/github/almasb/fxgl/17+dev-SNAPSHOT/fxgl-17+dev-20220422.115207-44.jar!/fxglassets/ui/fonts/VarelaRound-Regular.ttf
16:10:34.095 [FXGL Background Thread 1 ] DEBUG FXGLAssetLoaderServi - Loading from file system: jar:file:///C:/Users/mattu/.m2/repository/com/github/almasb/fxgl/17+dev-SNAPSHOT/fxgl-17+dev-20220422.115207-44.jar!/fxglassets/languages/english.lang
16:10:34.108 [FXGL Background Thread 1 ] INFO  FXGLApplication      - FXGL initialization took: 0,249 sec
16:10:34.113 [JavaFX Application Thread] DEBUG Input                - Registered new binding: Left - A
16:10:34.114 [JavaFX Application Thread] DEBUG Input                - Registered new binding: Right - D
16:10:34.114 [JavaFX Application Thread] DEBUG Input                - Registered new binding: Jump - Space
16:10:34.114 [JavaFX Application Thread] DEBUG FXGLAssetLoaderServi - Loading from file system: jar:file:///C:/Users/mattu/.m2/repository/com/github/almasb/fxgl/17+dev-SNAPSHOT/fxgl-17+dev-20220422.115207-44.jar!/fxglassets/textures/fxgl_icon.png
16:10:34.129 [JavaFX Application Thread] DEBUG FXGLAssetLoaderServi - Loading from file system: jar:file:///C:/Users/mattu/.m2/repository/com/github/almasb/fxgl/17+dev-SNAPSHOT/fxgl-17+dev-20220422.115207-44.jar!/fxglassets/textures/fxgl_default_cursor.png
16:10:34.129 [FXGL Background Thread 4 ] DEBUG FXGLAssetLoaderServi - Loading from file system: jar:file:///C:/Users/mattu/.m2/repository/com/github/almasb/fxgl/17+dev-SNAPSHOT/fxgl-17+dev-20220422.115207-44.jar!/fxglassets/ui/fonts/Abel-Regular.ttf
16:10:34.131 [JavaFX Application Thread] DEBUG Input                - Registered new binding: Screenshot - CTRL+8
16:10:34.131 [FXGL Background Thread 4 ] DEBUG FXGLAssetLoaderServi - Loading from file system: jar:file:///C:/Users/mattu/.m2/repository/com/github/almasb/fxgl/17+dev-SNAPSHOT/fxgl-17+dev-20220422.115207-44.jar!/fxglassets/ui/fonts/TerminalLandMono-Regular.otf
16:10:34.131 [JavaFX Application Thread] DEBUG Input                - Registered new binding: System info dump - CTRL+9
16:10:34.132 [JavaFX Application Thread] DEBUG Input                - Registered new binding: Restart - CTRL+R
16:10:34.132 [JavaFX Application Thread] DEBUG Input                - Registered new binding: Toggle Debug Camera - CTRL+7
16:10:34.134 [FXGL Background Thread 4 ] DEBUG FXGLAssetLoaderServi - Loading from file system: jar:file:///C:/Users/mattu/.m2/repository/com/github/almasb/fxgl/17+dev-SNAPSHOT/fxgl-17+dev-20220422.115207-44.jar!/fxglassets/ui/fonts/Courier-Prime.ttf
16:10:34.135 [JavaFX Application Thread] DEBUG LoopRunner           - Starting loop
16:10:34.135 [JavaFX Application Thread] DEBUG LoopRunner           - Initializing JavaFX AnimationTimerLoop
16:10:34.137 [JavaFX Application Thread] DEBUG GameApplicationServi - Starting new game
16:10:34.138 [JavaFX Application Thread] DEBUG Input                - Clearing active input actions
16:10:34.148 [JavaFX Application Thread] DEBUG GameApplicationServi - Removing overlay from FXGLStartupScene and adding to MainLoadingScene
16:10:34.148 [JavaFX Application Thread] DEBUG PrimaryStageWindow   - FXGLStartupScene -> MainLoadingScene
16:10:34.149 [JavaFX Application Thread] DEBUG GameApplicationServi - Clearing previous game
16:10:34.149 [JavaFX Application Thread] DEBUG GameScene            - Clearing game scene
16:10:34.149 [JavaFX Application Thread] DEBUG GameWorld            - Clearing game world
16:10:34.149 [JavaFX Application Thread] DEBUG PhysicsWorld         - Clearing physics world
16:10:34.151 [FXGL Background Thread 4 ] DEBUG FXGLApplication      - Initializing game
16:10:34.169 [JavaFX Application Thread] DEBUG FXGLApplication      - Registering font factories with UI factory
16:10:34.190 [FXGL Background Thread 4 ] WARN  TMXLevelLoader       - TiledMap generated from 1.8.4. Supported version: 1.4.2. Some features may not be parsed fully.
16:10:34.199 [FXGL Background Thread 4 ] DEBUG TMXLevelLoader       - Parsed TiledMap: file:/D:/FERMI-FEDE/4BIF_2021-2022/Informatica/Giochi/Pioneer-10/target/classes/assets/levels/tmx/level1.tmx
16:10:34.201 [FXGL Background Thread 4 ] DEBUG TMXLevelLoader       - Creating tile layer entities
16:10:34.203 [FXGL Background Thread 4 ] DEBUG TilesetLoader        - Loading view for layer Livello tile 1
16:10:34.203 [FXGL Background Thread 4 ] DEBUG TilesetLoader        - Created buffer with size 1120.0x320.0
16:10:34.209 [FXGL Background Thread 4 ] DEBUG TMXLevelLoader       - Creating object layer entities
16:10:34.235 [FXGL Background Thread 4 ] DEBUG GameWorld            - Clearing removable entities
16:10:34.235 [FXGL Background Thread 4 ] DEBUG GameWorld            - Setting level: com.almasb.fxgl.entity.level.Level@744f033b
16:10:34.246 [FXGL Background Thread 4 ] DEBUG FXGLAssetLoaderServi - Loading from file system: file:/D:/FERMI-FEDE/4BIF_2021-2022/Informatica/Giochi/Pioneer-10/target/classes/assets/textures/background/forest.png
16:10:34.257 [FXGL Background Thread 4 ] INFO  FXGLApplication      - Game initialization took: 0,106 sec
16:10:34.268 [JavaFX Application Thread] DEBUG Input                - Clearing active input actions
16:10:34.274 [JavaFX Application Thread] DEBUG GameApplicationServi - Removing overlay from MainLoadingScene and adding to GameScene
16:10:34.274 [JavaFX Application Thread] DEBUG PrimaryStageWindow   - MainLoadingScene -> GameScene
16:10:34.440 [FXGL Background Thread 2 ] INFO  UpdaterService       - Your current version:  17+dev-SNAPSHOT
16:10:34.441 [FXGL Background Thread 2 ] INFO  UpdaterService       - Latest stable version: 17.1
16:10:36.290 [JavaFX Application Thread] DEBUG FXGLApplication      - Exiting FXGL
16:10:36.290 [JavaFX Application Thread] DEBUG LoopRunner           - Stopping loop
16:10:36.290 [JavaFX Application Thread] DEBUG SystemBundleService  - Saving FXGL system data
16:10:36.291 [JavaFX Application Thread] DEBUG FileSystemAccess     - Writing to: D:\FERMI-FEDE\4BIF_2021-2022\Informatica\Giochi\Pioneer-10\system\fxgl.bundle
16:10:36.293 [JavaFX Application Thread] DEBUG Async                - Shutting down background threads
16:10:36.294 [JavaFX Application Thread] DEBUG PrimaryStageWindow   - Closing main window
16:10:36.300 [JavaFX Application Thread] DEBUG Logger               - Closing Logger
