22:30:02.374 [main                     ] DEBUG Logger               - Configured Logger
22:30:02.393 [main                     ] DEBUG GameApplication      - Logging settings
Title: Untitled
Version: 0.0
Width: 1200
Height: 640
Fullscreen: false
Intro: false
Profiling: false
Single step:false
App Mode: DEVELOPER
Menu Key: ESCAPE
Stage Style: DECORATED
Scene Factory: class com.almasb.fxgl.app.scene.SceneFactory

22:30:02.835 [JavaFX Application Thread] DEBUG FXGLApplication      - Initializing FXGL
22:30:02.839 [JavaFX Application Thread] INFO  Engine               - FXGL-17+dev-SNAPSHOT (22.04.2022 11.52) on WINDOWS (J:18 FX:18)
22:30:02.839 [JavaFX Application Thread] DEBUG Engine               - JRE Vendor Name: Oracle Corporation
22:30:02.839 [JavaFX Application Thread] DEBUG Engine               - Running on OS: Windows 10 version 10.0
22:30:02.839 [JavaFX Application Thread] DEBUG Engine               - Architecture: amd64
22:30:02.839 [JavaFX Application Thread] INFO  Engine               - Source code and latest versions at: https://github.com/AlmasB/FXGL
22:30:02.839 [JavaFX Application Thread] INFO  Engine               -       Ask questions and discuss at: https://github.com/AlmasB/FXGL/discussions
22:30:02.839 [JavaFX Application Thread] INFO  Engine               -              Join the FXGL chat at: https://gitter.im/AlmasB/FXGL
22:30:02.895 [JavaFX Application Thread] DEBUG PrimaryStageWindow   - Creating a JavaFX scene
22:30:02.922 [JavaFX Application Thread] DEBUG PrimaryStageWindow   - Target settings size: 1200.0 x 640.0
22:30:02.922 [JavaFX Application Thread] DEBUG PrimaryStageWindow   - Scaled scene size:    1200.0 x 640.0
22:30:02.922 [JavaFX Application Thread] DEBUG PrimaryStageWindow   - Scaled ratio: (1.0, 1.0)
22:30:02.923 [JavaFX Application Thread] DEBUG PrimaryStageWindow   - Set initial scene to FXGLStartupScene
22:30:02.927 [JavaFX Application Thread] DEBUG PrimaryStageWindow   - Opening main window
22:30:03.060 [JavaFX Application Thread] DEBUG PrimaryStageWindow   - Window border size: (16.0, 39.0)
22:30:03.061 [JavaFX Application Thread] DEBUG PrimaryStageWindow   - Scaled size: 1200.0 x 640.0
22:30:03.062 [JavaFX Application Thread] DEBUG PrimaryStageWindow   - Scaled ratio: (1.0, 1.0)
22:30:03.062 [JavaFX Application Thread] DEBUG PrimaryStageWindow   - Scene size: 1200.0 x 640.0
22:30:03.063 [JavaFX Application Thread] DEBUG PrimaryStageWindow   - Stage size: 1216.0 x 679.0
22:30:03.073 [FXGL Background Thread 1 ] DEBUG Engine               - Initializing environment variables
22:30:03.138 [FXGL Background Thread 1 ] DEBUG FXGLAssetLoaderServi - User app class for loading assets: class com.pioneer10.model.LivGiove
22:30:03.138 [FXGL Background Thread 1 ] DEBUG GameApplicationServi - Applying CSS: fxgl_dark.css
22:30:03.139 [FXGL Background Thread 1 ] DEBUG FXGLAssetLoaderServi - Loading from file system: jar:file:///C:/Users/mattu/.m2/repository/com/github/almasb/fxgl/17+dev-SNAPSHOT/fxgl-17+dev-20220422.115207-44.jar!/fxglassets/ui/css/fxgl_dark.css
22:30:03.173 [FXGL Background Thread 1 ] DEBUG GameApplicationServi - Initializing application scenes
22:30:03.201 [FXGL Background Thread 1 ] DEBUG GameWorld            - Game world initialized
22:30:03.247 [FXGL Background Thread 1 ] DEBUG PhysicsWorld         - Physics world initialized: appHeight=640, physics.ppm=50,0
22:30:03.248 [FXGL Background Thread 1 ] DEBUG PhysicsWorld         - Using strategy: BRUTE_FORCE
22:30:03.250 [FXGL Background Thread 1 ] DEBUG GameScene            - Game scene initialized: 1200x640
22:30:03.266 [FXGL Background Thread 1 ] DEBUG FXGL.DefaultMenu     - createMenuBodyGameMenu()
22:30:03.282 [FXGL Background Thread 1 ] DEBUG FXGL.DefaultMenu     - createOptionsMenu()
22:30:03.292 [FXGL Background Thread 1 ] DEBUG FXGLAssetLoaderServi - Loading from file system: jar:file:///C:/Users/mattu/.m2/repository/com/github/almasb/fxgl/17+dev-SNAPSHOT/fxgl-17+dev-20220422.115207-44.jar!/fxglassets/textures/particles/smoke.png
22:30:03.344 [FXGL Background Thread 1 ] DEBUG FXGLAssetLoaderServi - Loading from file system: jar:file:///C:/Users/mattu/.m2/repository/com/github/almasb/fxgl/17+dev-SNAPSHOT/fxgl-17+dev-20220422.115207-44.jar!/fxglassets/textures/particles/trace_horizontal.png
22:30:03.361 [FXGL Background Thread 1 ] DEBUG GameApplicationServi - Application scenes initialized
22:30:03.368 [FXGL Background Thread 1 ] DEBUG SystemBundleService  - Loading FXGL system data
22:30:03.371 [FXGL Background Thread 1 ] DEBUG FileSystemAccess     - Reading from: D:\FERMI-FEDE\4BIF_2021-2022\Informatica\Giochi\Pioneer-10\system\fxgl.bundle
22:30:03.377 [FXGL Background Thread 1 ] DEBUG SystemBundleService  - Bundle FXGL: {}
22:30:03.377 [FXGL Background Thread 1 ] DEBUG UpdaterService       - Checking for updates
22:30:03.379 [FXGL Background Thread 4 ] DEBUG FXGLApplication      - Loading fonts
22:30:03.379 [FXGL Background Thread 1 ] DEBUG FXGLApplication      - Loading default localization
22:30:03.379 [FXGL Background Thread 4 ] DEBUG FXGLAssetLoaderServi - Loading from file system: jar:file:///C:/Users/mattu/.m2/repository/com/github/almasb/fxgl/17+dev-SNAPSHOT/fxgl-17+dev-20220422.115207-44.jar!/fxglassets/ui/fonts/VarelaRound-Regular.ttf
22:30:03.380 [FXGL Background Thread 1 ] DEBUG FXGLAssetLoaderServi - Loading from file system: jar:file:///C:/Users/mattu/.m2/repository/com/github/almasb/fxgl/17+dev-SNAPSHOT/fxgl-17+dev-20220422.115207-44.jar!/fxglassets/languages/english.lang
22:30:03.389 [FXGL Background Thread 1 ] INFO  FXGLApplication      - FXGL initialization took: 0,316 sec
22:30:03.395 [JavaFX Application Thread] DEBUG Input                - Registered new binding: Left - A
22:30:03.396 [JavaFX Application Thread] DEBUG Input                - Registered new binding: Right - D
22:30:03.396 [JavaFX Application Thread] DEBUG Input                - Registered new binding: Jump - Space
22:30:03.396 [JavaFX Application Thread] DEBUG FXGLAssetLoaderServi - Loading from file system: jar:file:///C:/Users/mattu/.m2/repository/com/github/almasb/fxgl/17+dev-SNAPSHOT/fxgl-17+dev-20220422.115207-44.jar!/fxglassets/textures/fxgl_icon.png
22:30:03.410 [JavaFX Application Thread] DEBUG FXGLAssetLoaderServi - Loading from file system: jar:file:///C:/Users/mattu/.m2/repository/com/github/almasb/fxgl/17+dev-SNAPSHOT/fxgl-17+dev-20220422.115207-44.jar!/fxglassets/textures/fxgl_default_cursor.png
22:30:03.411 [FXGL Background Thread 4 ] DEBUG FXGLAssetLoaderServi - Loading from file system: jar:file:///C:/Users/mattu/.m2/repository/com/github/almasb/fxgl/17+dev-SNAPSHOT/fxgl-17+dev-20220422.115207-44.jar!/fxglassets/ui/fonts/Abel-Regular.ttf
22:30:03.412 [JavaFX Application Thread] DEBUG Input                - Registered new binding: Screenshot - CTRL+8
22:30:03.412 [JavaFX Application Thread] DEBUG Input                - Registered new binding: System info dump - CTRL+9
22:30:03.413 [JavaFX Application Thread] DEBUG Input                - Registered new binding: Restart - CTRL+R
22:30:03.413 [JavaFX Application Thread] DEBUG Input                - Registered new binding: Toggle Debug Camera - CTRL+7
22:30:03.413 [FXGL Background Thread 4 ] DEBUG FXGLAssetLoaderServi - Loading from file system: jar:file:///C:/Users/mattu/.m2/repository/com/github/almasb/fxgl/17+dev-SNAPSHOT/fxgl-17+dev-20220422.115207-44.jar!/fxglassets/ui/fonts/TerminalLandMono-Regular.otf
22:30:03.414 [JavaFX Application Thread] DEBUG LoopRunner           - Starting loop
22:30:03.415 [JavaFX Application Thread] DEBUG LoopRunner           - Initializing JavaFX AnimationTimerLoop
22:30:03.415 [FXGL Background Thread 4 ] DEBUG FXGLAssetLoaderServi - Loading from file system: jar:file:///C:/Users/mattu/.m2/repository/com/github/almasb/fxgl/17+dev-SNAPSHOT/fxgl-17+dev-20220422.115207-44.jar!/fxglassets/ui/fonts/Courier-Prime.ttf
22:30:03.415 [JavaFX Application Thread] DEBUG GameApplicationServi - Starting new game
22:30:03.415 [JavaFX Application Thread] DEBUG Input                - Clearing active input actions
22:30:03.424 [JavaFX Application Thread] DEBUG GameApplicationServi - Removing overlay from FXGLStartupScene and adding to FXGLLoadingScene
22:30:03.424 [JavaFX Application Thread] DEBUG PrimaryStageWindow   - FXGLStartupScene -> FXGLLoadingScene
22:30:03.425 [JavaFX Application Thread] DEBUG GameApplicationServi - Clearing previous game
22:30:03.425 [JavaFX Application Thread] DEBUG GameScene            - Clearing game scene
22:30:03.425 [JavaFX Application Thread] DEBUG GameWorld            - Clearing game world
22:30:03.425 [JavaFX Application Thread] DEBUG PhysicsWorld         - Clearing physics world
22:30:03.426 [FXGL Background Thread 4 ] DEBUG FXGLApplication      - Initializing game
22:30:03.426 [JavaFX Application Thread] DEBUG FXGLApplication      - Registering font factories with UI factory
22:30:03.449 [FXGL Background Thread 4 ] WARN  TMXLevelLoader       - TiledMap generated from 1.8.4. Supported version: 1.4.2. Some features may not be parsed fully.
22:30:03.463 [FXGL Background Thread 4 ] DEBUG TMXLevelLoader       - Parsed TiledMap: file:/D:/FERMI-FEDE/4BIF_2021-2022/Informatica/Giochi/Pioneer-10/target/classes/assets/levels/Terra/MappaTerra.tmx
22:30:03.464 [FXGL Background Thread 4 ] DEBUG TMXLevelLoader       - Creating tile layer entities
22:30:03.465 [FXGL Background Thread 4 ] DEBUG TilesetLoader        - Loading view for layer Livello tile 1
22:30:03.474 [FXGL Background Thread 4 ] DEBUG TilesetLoader        - Created buffer with size 4800.0x640.0
22:30:03.493 [FXGL Background Thread 4 ] WARN  TilesetLoader        - Diagonally flipped tiles are not currently supported
22:30:03.497 [FXGL Background Thread 4 ] WARN  TilesetLoader        - Diagonally flipped tiles are not currently supported
22:30:03.497 [FXGL Background Thread 4 ] WARN  TilesetLoader        - Diagonally flipped tiles are not currently supported
22:30:03.516 [FXGL Background Thread 4 ] WARN  TilesetLoader        - Diagonally flipped tiles are not currently supported
22:30:03.524 [FXGL Background Thread 4 ] WARN  TilesetLoader        - Diagonally flipped tiles are not currently supported
22:30:03.526 [FXGL Background Thread 4 ] DEBUG TMXLevelLoader       - Creating object layer entities
22:30:03.552 [FXGL Background Thread 4 ] WARN  FXGLAssetLoaderServi - Asset "/assets/textures/0xff0000ff" was not found!
22:30:03.552 [FXGL Background Thread 4 ] WARN  FXGLAssetLoaderServi - Failed to load IMAGE
22:30:03.576 [FXGL Background Thread 4 ] DEBUG GameWorld            - Clearing removable entities
22:30:03.577 [FXGL Background Thread 4 ] DEBUG GameWorld            - Setting level: com.almasb.fxgl.entity.level.Level@3ff83ccb
22:30:03.628 [FXGL Background Thread 4 ] INFO  FXGLApplication      - Game initialization took: 0,203 sec
22:30:03.637 [JavaFX Application Thread] DEBUG Input                - Clearing active input actions
22:30:03.643 [JavaFX Application Thread] DEBUG GameApplicationServi - Removing overlay from FXGLLoadingScene and adding to GameScene
22:30:03.643 [JavaFX Application Thread] DEBUG PrimaryStageWindow   - FXGLLoadingScene -> GameScene
22:30:03.655 [FXGL Background Thread 2 ] INFO  UpdaterService       - Your current version:  17+dev-SNAPSHOT
22:30:03.655 [FXGL Background Thread 2 ] INFO  UpdaterService       - Latest stable version: 17.1
22:30:05.806 [JavaFX Application Thread] DEBUG FXGLApplication      - Exiting FXGL
22:30:05.806 [JavaFX Application Thread] DEBUG LoopRunner           - Stopping loop
22:30:05.806 [JavaFX Application Thread] DEBUG SystemBundleService  - Saving FXGL system data
22:30:05.808 [JavaFX Application Thread] DEBUG FileSystemAccess     - Writing to: D:\FERMI-FEDE\4BIF_2021-2022\Informatica\Giochi\Pioneer-10\system\fxgl.bundle
22:30:05.810 [JavaFX Application Thread] DEBUG Async                - Shutting down background threads
22:30:05.810 [JavaFX Application Thread] DEBUG PrimaryStageWindow   - Closing main window
22:30:05.819 [JavaFX Application Thread] DEBUG Logger               - Closing Logger
