13:06:44.026 [main                     ] DEBUG Logger               - Configured Logger
13:06:44.041 [main                     ] DEBUG GameApplication      - Logging settings
Title: Pioneer-10
Terra
Version: 0.0
Width: 1500
Height: 640
Fullscreen: false
Intro: false
Profiling: false
Single step:false
App Mode: DEVELOPER
Menu Key: ESCAPE
Stage Style: DECORATED
Scene Factory: class com.almasb.fxgl.app.scene.SceneFactory

13:06:44.422 [JavaFX Application Thread] DEBUG FXGLApplication      - Initializing FXGL
13:06:44.425 [JavaFX Application Thread] INFO  Engine               - FXGL-17+dev-SNAPSHOT (22.04.2022 11.52) on WINDOWS (J:18 FX:18)
13:06:44.425 [JavaFX Application Thread] DEBUG Engine               - JRE Vendor Name: Oracle Corporation
13:06:44.426 [JavaFX Application Thread] DEBUG Engine               - Running on OS: Windows 10 version 10.0
13:06:44.426 [JavaFX Application Thread] DEBUG Engine               - Architecture: amd64
13:06:44.426 [JavaFX Application Thread] INFO  Engine               - Source code and latest versions at: https://github.com/AlmasB/FXGL
13:06:44.426 [JavaFX Application Thread] INFO  Engine               -       Ask questions and discuss at: https://github.com/AlmasB/FXGL/discussions
13:06:44.426 [JavaFX Application Thread] INFO  Engine               -              Join the FXGL chat at: https://gitter.im/AlmasB/FXGL
13:06:44.477 [JavaFX Application Thread] DEBUG PrimaryStageWindow   - Creating a JavaFX scene
13:06:44.502 [JavaFX Application Thread] DEBUG PrimaryStageWindow   - Target settings size: 1500.0 x 640.0
13:06:44.503 [JavaFX Application Thread] DEBUG PrimaryStageWindow   - Scaled scene size:    1500.0 x 640.0
13:06:44.503 [JavaFX Application Thread] DEBUG PrimaryStageWindow   - Scaled ratio: (1.0, 1.0)
13:06:44.503 [JavaFX Application Thread] DEBUG PrimaryStageWindow   - Set initial scene to FXGLStartupScene
13:06:44.507 [JavaFX Application Thread] DEBUG PrimaryStageWindow   - Opening main window
13:06:44.606 [JavaFX Application Thread] DEBUG PrimaryStageWindow   - Window border size: (16.0, 39.0)
13:06:44.606 [JavaFX Application Thread] DEBUG PrimaryStageWindow   - Scaled size: 1500.0 x 640.0
13:06:44.606 [JavaFX Application Thread] DEBUG PrimaryStageWindow   - Scaled ratio: (1.0, 1.0)
13:06:44.606 [JavaFX Application Thread] DEBUG PrimaryStageWindow   - Scene size: 1500.0 x 640.0
13:06:44.606 [JavaFX Application Thread] DEBUG PrimaryStageWindow   - Stage size: 1516.0 x 679.0
13:06:44.611 [FXGL Background Thread 1 ] DEBUG Engine               - Initializing environment variables
13:06:44.638 [FXGL Background Thread 1 ] DEBUG FXGLAssetLoaderServi - User app class for loading assets: class com.pioneer10.model.LivTerra
13:06:44.638 [FXGL Background Thread 1 ] DEBUG GameApplicationServi - Applying CSS: fxgl_dark.css
13:06:44.638 [FXGL Background Thread 1 ] DEBUG FXGLAssetLoaderServi - Loading from file system: jar:file:///C:/Users/mattu/.m2/repository/com/github/almasb/fxgl/17+dev-SNAPSHOT/fxgl-17+dev-20220422.115207-44.jar!/fxglassets/ui/css/fxgl_dark.css
13:06:44.669 [FXGL Background Thread 1 ] DEBUG GameApplicationServi - Initializing application scenes
13:06:44.693 [FXGL Background Thread 1 ] DEBUG GameWorld            - Game world initialized
13:06:44.733 [FXGL Background Thread 1 ] DEBUG PhysicsWorld         - Physics world initialized: appHeight=640, physics.ppm=50,0
13:06:44.733 [FXGL Background Thread 1 ] DEBUG PhysicsWorld         - Using strategy: BRUTE_FORCE
13:06:44.736 [FXGL Background Thread 1 ] DEBUG GameScene            - Game scene initialized: 1500x640
13:06:44.743 [FXGL Background Thread 1 ] DEBUG FXGL.DefaultMenu     - createMenuBodyGameMenu()
13:06:44.752 [FXGL Background Thread 1 ] DEBUG FXGL.DefaultMenu     - createOptionsMenu()
13:06:44.762 [FXGL Background Thread 1 ] DEBUG FXGLAssetLoaderServi - Loading from file system: jar:file:///C:/Users/mattu/.m2/repository/com/github/almasb/fxgl/17+dev-SNAPSHOT/fxgl-17+dev-20220422.115207-44.jar!/fxglassets/textures/particles/smoke.png
13:06:44.813 [FXGL Background Thread 1 ] DEBUG FXGLAssetLoaderServi - Loading from file system: jar:file:///C:/Users/mattu/.m2/repository/com/github/almasb/fxgl/17+dev-SNAPSHOT/fxgl-17+dev-20220422.115207-44.jar!/fxglassets/textures/particles/trace_horizontal.png
13:06:44.833 [FXGL Background Thread 1 ] DEBUG GameApplicationServi - Application scenes initialized
13:06:44.839 [FXGL Background Thread 1 ] DEBUG SystemBundleService  - Loading FXGL system data
13:06:44.841 [FXGL Background Thread 1 ] DEBUG FileSystemAccess     - Reading from: D:\FERMI-FEDE\4BIF_2021-2022\Informatica\Giochi\Pioneer-10\system\fxgl.bundle
13:06:44.847 [FXGL Background Thread 1 ] DEBUG SystemBundleService  - Bundle FXGL: {}
13:06:44.847 [FXGL Background Thread 1 ] DEBUG UpdaterService       - Checking for updates
13:06:44.860 [FXGL Background Thread 4 ] DEBUG FXGLApplication      - Loading fonts
13:06:44.860 [FXGL Background Thread 1 ] DEBUG FXGLApplication      - Loading default localization
13:06:44.860 [FXGL Background Thread 4 ] DEBUG FXGLAssetLoaderServi - Loading from file system: jar:file:///C:/Users/mattu/.m2/repository/com/github/almasb/fxgl/17+dev-SNAPSHOT/fxgl-17+dev-20220422.115207-44.jar!/fxglassets/ui/fonts/VarelaRound-Regular.ttf
13:06:44.861 [FXGL Background Thread 1 ] DEBUG FXGLAssetLoaderServi - Loading from file system: jar:file:///C:/Users/mattu/.m2/repository/com/github/almasb/fxgl/17+dev-SNAPSHOT/fxgl-17+dev-20220422.115207-44.jar!/fxglassets/languages/english.lang
13:06:44.874 [FXGL Background Thread 1 ] INFO  FXGLApplication      - FXGL initialization took: 0,263 sec
13:06:44.881 [JavaFX Application Thread] DEBUG Input                - Registered new binding: Left - A
13:06:44.881 [JavaFX Application Thread] DEBUG Input                - Registered new binding: Right - D
13:06:44.882 [JavaFX Application Thread] DEBUG Input                - Registered new binding: Jump - W
13:06:44.882 [JavaFX Application Thread] DEBUG FXGLAssetLoaderServi - Loading from file system: file:/D:/FERMI-FEDE/4BIF_2021-2022/Informatica/Giochi/Pioneer-10/target/classes/assets/music/Minecraft.mp3
13:06:44.892 [FXGL Background Thread 4 ] DEBUG FXGLAssetLoaderServi - Loading from file system: jar:file:///C:/Users/mattu/.m2/repository/com/github/almasb/fxgl/17+dev-SNAPSHOT/fxgl-17+dev-20220422.115207-44.jar!/fxglassets/ui/fonts/Abel-Regular.ttf
13:06:44.894 [FXGL Background Thread 4 ] DEBUG FXGLAssetLoaderServi - Loading from file system: jar:file:///C:/Users/mattu/.m2/repository/com/github/almasb/fxgl/17+dev-SNAPSHOT/fxgl-17+dev-20220422.115207-44.jar!/fxglassets/ui/fonts/TerminalLandMono-Regular.otf
13:06:44.897 [FXGL Background Thread 4 ] DEBUG FXGLAssetLoaderServi - Loading from file system: jar:file:///C:/Users/mattu/.m2/repository/com/github/almasb/fxgl/17+dev-SNAPSHOT/fxgl-17+dev-20220422.115207-44.jar!/fxglassets/ui/fonts/Courier-Prime.ttf
13:06:45.098 [FXGL Background Thread 2 ] INFO  UpdaterService       - Your current version:  17+dev-SNAPSHOT
13:06:45.098 [FXGL Background Thread 2 ] INFO  UpdaterService       - Latest stable version: 17.1
13:06:45.257 [JavaFX Application Thread] DEBUG AudioPlayer          - Playing music com.almasb.fxgl.audio.Music@51ff013
13:06:45.258 [JavaFX Application Thread] DEBUG FXGLAssetLoaderServi - Loading from file system: jar:file:///C:/Users/mattu/.m2/repository/com/github/almasb/fxgl/17+dev-SNAPSHOT/fxgl-17+dev-20220422.115207-44.jar!/fxglassets/textures/fxgl_icon.png
13:06:45.270 [JavaFX Application Thread] DEBUG FXGLAssetLoaderServi - Loading from file system: jar:file:///C:/Users/mattu/.m2/repository/com/github/almasb/fxgl/17+dev-SNAPSHOT/fxgl-17+dev-20220422.115207-44.jar!/fxglassets/textures/fxgl_default_cursor.png
13:06:45.271 [JavaFX Application Thread] DEBUG Input                - Registered new binding: Screenshot - CTRL+8
13:06:45.271 [JavaFX Application Thread] DEBUG Input                - Registered new binding: Dev Options - 1
13:06:45.271 [JavaFX Application Thread] DEBUG Input                - Registered new binding: Dev Console - 2
13:06:45.271 [JavaFX Application Thread] DEBUG Input                - Registered new binding: System info dump - CTRL+9
13:06:45.271 [JavaFX Application Thread] DEBUG Input                - Registered new binding: Restart - CTRL+R
13:06:45.272 [JavaFX Application Thread] DEBUG Input                - Registered new binding: Toggle Debug Camera - CTRL+7
13:06:45.273 [JavaFX Application Thread] DEBUG LoopRunner           - Starting loop
13:06:45.279 [JavaFX Application Thread] DEBUG LoopRunner           - Initializing JavaFX AnimationTimerLoop
13:06:45.279 [JavaFX Application Thread] DEBUG GameApplicationServi - Starting new game
13:06:45.280 [JavaFX Application Thread] DEBUG Input                - Clearing active input actions
13:06:45.285 [JavaFX Application Thread] DEBUG GameApplicationServi - Removing overlay from FXGLStartupScene and adding to FXGLLoadingScene
13:06:45.286 [JavaFX Application Thread] DEBUG PrimaryStageWindow   - FXGLStartupScene -> FXGLLoadingScene
13:06:45.286 [JavaFX Application Thread] DEBUG GameApplicationServi - Clearing previous game
13:06:45.286 [JavaFX Application Thread] DEBUG GameScene            - Clearing game scene
13:06:45.287 [JavaFX Application Thread] DEBUG GameWorld            - Clearing game world
13:06:45.287 [JavaFX Application Thread] DEBUG PhysicsWorld         - Clearing physics world
13:06:45.287 [JavaFX Application Thread] DEBUG FXGLApplication      - Registering font factories with UI factory
13:06:45.287 [FXGL Background Thread 2 ] DEBUG FXGLApplication      - Initializing game
13:06:45.302 [FXGL Background Thread 2 ] WARN  TMXLevelLoader       - TiledMap generated from 1.8.4. Supported version: 1.4.2. Some features may not be parsed fully.
13:06:45.317 [FXGL Background Thread 2 ] DEBUG TMXLevelLoader       - Parsed TiledMap: file:/D:/FERMI-FEDE/4BIF_2021-2022/Informatica/Giochi/Pioneer-10/target/classes/assets/levels/Terra/MappaTerra.tmx
13:06:45.318 [FXGL Background Thread 2 ] DEBUG TMXLevelLoader       - Creating tile layer entities
13:06:45.320 [FXGL Background Thread 2 ] DEBUG TilesetLoader        - Loading view for layer Livello tile 1
13:06:45.323 [FXGL Background Thread 2 ] DEBUG TilesetLoader        - Created buffer with size 4800.0x640.0
13:06:45.348 [FXGL Background Thread 2 ] WARN  TilesetLoader        - Diagonally flipped tiles are not currently supported
13:06:45.351 [FXGL Background Thread 2 ] WARN  TilesetLoader        - Diagonally flipped tiles are not currently supported
13:06:45.351 [FXGL Background Thread 2 ] WARN  TilesetLoader        - Diagonally flipped tiles are not currently supported
13:06:45.371 [FXGL Background Thread 2 ] WARN  TilesetLoader        - Diagonally flipped tiles are not currently supported
13:06:45.375 [FXGL Background Thread 2 ] WARN  TilesetLoader        - Diagonally flipped tiles are not currently supported
13:06:45.375 [FXGL Background Thread 2 ] DEBUG TilesetLoader        - Loading view for layer Livello tile 2
13:06:45.378 [FXGL Background Thread 2 ] DEBUG TilesetLoader        - Created buffer with size 4800.0x640.0
13:06:45.379 [FXGL Background Thread 2 ] DEBUG TilesetLoader        - Loading view for layer Livello tile 3
13:06:45.380 [FXGL Background Thread 2 ] DEBUG TilesetLoader        - Created buffer with size 4800.0x640.0
13:06:45.381 [FXGL Background Thread 2 ] DEBUG TMXLevelLoader       - Creating object layer entities
13:06:45.462 [FXGL Background Thread 2 ] DEBUG GameWorld            - Clearing removable entities
13:06:45.462 [FXGL Background Thread 2 ] DEBUG GameWorld            - Setting level: com.almasb.fxgl.entity.level.Level@720fc5f
13:06:45.503 [FXGL Background Thread 2 ] INFO  FXGLApplication      - Game initialization took: 0,216 sec
13:06:45.504 [JavaFX Application Thread] DEBUG Input                - Clearing active input actions
13:06:45.510 [JavaFX Application Thread] DEBUG GameApplicationServi - Removing overlay from FXGLLoadingScene and adding to GameScene
13:06:45.512 [JavaFX Application Thread] DEBUG PrimaryStageWindow   - FXGLLoadingScene -> GameScene
13:06:47.860 [FXGL Background Thread 3 ] DEBUG Engine               - Logging environment variables
13:06:47.860 [FXGL Background Thread 3 ] DEBUG Engine               - achievements: []
13:06:47.860 [FXGL Background Thread 3 ] DEBUG Engine               - actualHeight: 640.0
13:06:47.860 [FXGL Background Thread 3 ] DEBUG Engine               - actualHeightProperty: ReadOnlyDoubleProperty [value: 640.0]
13:06:47.860 [FXGL Background Thread 3 ] DEBUG Engine               - actualWidth: 1500.0
13:06:47.860 [FXGL Background Thread 3 ] DEBUG Engine               - actualWidthProperty: ReadOnlyDoubleProperty [value: 1500.0]
13:06:47.860 [FXGL Background Thread 3 ] DEBUG Engine               - appIcon: fxgl_icon.png
13:06:47.860 [FXGL Background Thread 3 ] DEBUG Engine               - applicationMode: DEVELOPER
13:06:47.860 [FXGL Background Thread 3 ] DEBUG Engine               - cSSList: [fxgl_dark.css]
13:06:47.860 [FXGL Background Thread 3 ] DEBUG Engine               - collisionDetectionStrategy: BRUTE_FORCE
13:06:47.860 [FXGL Background Thread 3 ] DEBUG Engine               - configClass: Optional.empty
13:06:47.860 [FXGL Background Thread 3 ] DEBUG Engine               - credits: []
13:06:47.861 [FXGL Background Thread 3 ] DEBUG Engine               - defaultCursor: CursorInfo(imageName=fxgl_default_cursor.png, hotspotX=7.0, hotspotY=6.0)
13:06:47.861 [FXGL Background Thread 3 ] DEBUG Engine               - devBBoxColorProperty: ObjectProperty [value: 0xff0000ff]
13:06:47.861 [FXGL Background Thread 3 ] DEBUG Engine               - devEnableDebugCameraProperty: BooleanProperty [value: false]
13:06:47.861 [FXGL Background Thread 3 ] DEBUG Engine               - devSensorColorProperty: ObjectProperty [value: 0xffff00ff]
13:06:47.861 [FXGL Background Thread 3 ] DEBUG Engine               - devShowBBoxProperty: BooleanProperty [value: true]
13:06:47.861 [FXGL Background Thread 3 ] DEBUG Engine               - devShowPositionProperty: BooleanProperty [value: false]
13:06:47.861 [FXGL Background Thread 3 ] DEBUG Engine               - enabledMenuItems: []
13:06:47.861 [FXGL Background Thread 3 ] DEBUG Engine               - engineServices: [class com.almasb.fxgl.app.services.FXGLAssetLoaderService, class com.almasb.fxgl.app.FXGLApplication$GameApplicationService, class com.almasb.fxgl.app.services.FXGLDialogService, class com.almasb.fxgl.app.services.IOTaskExecutorService, class com.almasb.fxgl.io.FileSystemService, class com.almasb.fxgl.localization.LocalizationService, class com.almasb.fxgl.app.services.SystemBundleService, class com.almasb.fxgl.profile.SaveLoadService, class com.almasb.fxgl.ui.FXGLUIFactoryServiceProvider, class com.almasb.fxgl.ui.FXGLDialogFactoryServiceProvider, class com.almasb.fxgl.audio.AudioPlayer, class com.almasb.fxgl.notification.impl.NotificationServiceProvider, class com.almasb.fxgl.achievement.AchievementService, class com.almasb.fxgl.cutscene.CutsceneService, class com.almasb.fxgl.minigames.MiniGameService, class com.almasb.fxgl.net.NetService, class com.almasb.fxgl.app.services.UpdaterService, class com.almasb.fxgl.dev.DevService]
13:06:47.861 [FXGL Background Thread 3 ] DEBUG Engine               - fontGame: Abel-Regular.ttf
13:06:47.861 [FXGL Background Thread 3 ] DEBUG Engine               - fontMono: TerminalLandMono-Regular.otf
13:06:47.861 [FXGL Background Thread 3 ] DEBUG Engine               - fontText: Courier-Prime.ttf
13:06:47.861 [FXGL Background Thread 3 ] DEBUG Engine               - fontUI: VarelaRound-Regular.ttf
13:06:47.861 [FXGL Background Thread 3 ] DEBUG Engine               - fullScreen: BooleanProperty [value: false]
13:06:47.861 [FXGL Background Thread 3 ] DEBUG Engine               - gameDifficulty: MEDIUM
13:06:47.861 [FXGL Background Thread 3 ] DEBUG Engine               - gameDifficultyProperty: ObjectProperty [value: MEDIUM]
13:06:47.861 [FXGL Background Thread 3 ] DEBUG Engine               - globalMusicVolume: 0.5
13:06:47.861 [FXGL Background Thread 3 ] DEBUG Engine               - globalMusicVolumeProperty: DoubleProperty [value: 0.25]
13:06:47.861 [FXGL Background Thread 3 ] DEBUG Engine               - globalSoundVolume: 0.5
13:06:47.862 [FXGL Background Thread 3 ] DEBUG Engine               - globalSoundVolumeProperty: DoubleProperty [value: 0.5]
13:06:47.862 [FXGL Background Thread 3 ] DEBUG Engine               - height: 640
13:06:47.862 [FXGL Background Thread 3 ] DEBUG Engine               - is3D: false
13:06:47.862 [FXGL Background Thread 3 ] DEBUG Engine               - isAndroid: false
13:06:47.862 [FXGL Background Thread 3 ] DEBUG Engine               - isBrowser: false
13:06:47.862 [FXGL Background Thread 3 ] DEBUG Engine               - isClickFeedbackEnabled: false
13:06:47.862 [FXGL Background Thread 3 ] DEBUG Engine               - isCloseConfirmation: false
13:06:47.862 [FXGL Background Thread 3 ] DEBUG Engine               - isDesktop: true
13:06:47.862 [FXGL Background Thread 3 ] DEBUG Engine               - isDeveloperMenuEnabled: true
13:06:47.862 [FXGL Background Thread 3 ] DEBUG Engine               - isEmbedded: false
13:06:47.862 [FXGL Background Thread 3 ] DEBUG Engine               - isEntityPreloadEnabled: true
13:06:47.862 [FXGL Background Thread 3 ] DEBUG Engine               - isExperimentalTiledLargeMap: false
13:06:47.862 [FXGL Background Thread 3 ] DEBUG Engine               - isFileSystemWriteAllowed: true
13:06:47.862 [FXGL Background Thread 3 ] DEBUG Engine               - isFullScreenAllowed: false
13:06:47.862 [FXGL Background Thread 3 ] DEBUG Engine               - isFullScreenFromStart: false
13:06:47.862 [FXGL Background Thread 3 ] DEBUG Engine               - isGameMenuEnabled: true
13:06:47.862 [FXGL Background Thread 3 ] DEBUG Engine               - isIOS: false
13:06:47.862 [FXGL Background Thread 3 ] DEBUG Engine               - isIntroEnabled: false
13:06:47.862 [FXGL Background Thread 3 ] DEBUG Engine               - isLinux: false
13:06:47.863 [FXGL Background Thread 3 ] DEBUG Engine               - isMac: false
13:06:47.863 [FXGL Background Thread 3 ] DEBUG Engine               - isMainMenuEnabled: false
13:06:47.863 [FXGL Background Thread 3 ] DEBUG Engine               - isManualResizeEnabled: false
13:06:47.863 [FXGL Background Thread 3 ] DEBUG Engine               - isMobile: false
13:06:47.863 [FXGL Background Thread 3 ] DEBUG Engine               - isNative: false
13:06:47.863 [FXGL Background Thread 3 ] DEBUG Engine               - isPauseMusicWhenMinimized: true
13:06:47.863 [FXGL Background Thread 3 ] DEBUG Engine               - isPreserveResizeRatio: false
13:06:47.863 [FXGL Background Thread 3 ] DEBUG Engine               - isProfilingEnabled: false
13:06:47.863 [FXGL Background Thread 3 ] DEBUG Engine               - isScaleAffectedOnResize: true
13:06:47.863 [FXGL Background Thread 3 ] DEBUG Engine               - isSingleStep: false
13:06:47.863 [FXGL Background Thread 3 ] DEBUG Engine               - isUserProfileEnabled: false
13:06:47.863 [FXGL Background Thread 3 ] DEBUG Engine               - isWindows: true
13:06:47.863 [FXGL Background Thread 3 ] DEBUG Engine               - language: ObjectProperty [value: ENGLISH]
13:06:47.863 [FXGL Background Thread 3 ] DEBUG Engine               - menuKey: ESCAPE
13:06:47.863 [FXGL Background Thread 3 ] DEBUG Engine               - mouseSensitivity: 0.2
13:06:47.863 [FXGL Background Thread 3 ] DEBUG Engine               - notificationViewClass: class com.almasb.fxgl.notification.view.XboxNotificationView
13:06:47.863 [FXGL Background Thread 3 ] DEBUG Engine               - pixelsPerMeter: 50.0
13:06:47.863 [FXGL Background Thread 3 ] DEBUG Engine               - platform: WINDOWS
13:06:47.863 [FXGL Background Thread 3 ] DEBUG Engine               - prefHeightProperty: ReadOnlyDoubleProperty [value: 640.0]
13:06:47.863 [FXGL Background Thread 3 ] DEBUG Engine               - prefWidthProperty: ReadOnlyDoubleProperty [value: 1500.0]
13:06:47.863 [FXGL Background Thread 3 ] DEBUG Engine               - profileDir: profiles/
13:06:47.863 [FXGL Background Thread 3 ] DEBUG Engine               - profileName: StringProperty [value: DEFAULT]
13:06:47.864 [FXGL Background Thread 3 ] DEBUG Engine               - randomSeed: -1
13:06:47.864 [FXGL Background Thread 3 ] DEBUG Engine               - runtimeInfo: RuntimeInfo(platform=WINDOWS, version=17+dev-SNAPSHOT, build=22.04.2022 11.52)
13:06:47.864 [FXGL Background Thread 3 ] DEBUG Engine               - saveFileExt: sav
13:06:47.864 [FXGL Background Thread 3 ] DEBUG Engine               - scaledHeightProp$fxgl: DoubleProperty [bound, value: 640.0]
13:06:47.864 [FXGL Background Thread 3 ] DEBUG Engine               - scaledWidthProp$fxgl: DoubleProperty [bound, value: 1500.0]
13:06:47.864 [FXGL Background Thread 3 ] DEBUG Engine               - sceneFactory: com.almasb.fxgl.app.scene.SceneFactory@63b43e42
13:06:47.864 [FXGL Background Thread 3 ] DEBUG Engine               - secondsIn24h: 60
13:06:47.864 [FXGL Background Thread 3 ] DEBUG Engine               - soundMenuBack: menu/back.wav
13:06:47.864 [FXGL Background Thread 3 ] DEBUG Engine               - soundMenuPress: menu/press.wav
13:06:47.864 [FXGL Background Thread 3 ] DEBUG Engine               - soundMenuSelect: menu/select.wav
13:06:47.864 [FXGL Background Thread 3 ] DEBUG Engine               - soundNotification: core/notification.wav
13:06:47.864 [FXGL Background Thread 3 ] DEBUG Engine               - stageStyle: DECORATED
13:06:47.864 [FXGL Background Thread 3 ] DEBUG Engine               - supportedLanguages: [ENGLISH, FRENCH, GERMAN, HUNGARIAN, RUSSIAN]
13:06:47.864 [FXGL Background Thread 3 ] DEBUG Engine               - ticksPerSecond: -1
13:06:47.864 [FXGL Background Thread 3 ] DEBUG Engine               - title: Pioneer-10
Terra
13:06:47.864 [FXGL Background Thread 3 ] DEBUG Engine               - urlGithub: https://github.com/AlmasB/FXGL
13:06:47.864 [FXGL Background Thread 3 ] DEBUG Engine               - urlLeaderboard: http://fxgl-top.herokuapp.com/
13:06:47.864 [FXGL Background Thread 3 ] DEBUG Engine               - urlPOM: https://raw.githubusercontent.com/AlmasB/FXGL/release/README.md
13:06:47.864 [FXGL Background Thread 3 ] DEBUG Engine               - userAppClass: class com.pioneer10.model.LivTerra
13:06:47.864 [FXGL Background Thread 3 ] DEBUG Engine               - version: 0.0
13:06:47.864 [FXGL Background Thread 3 ] DEBUG Engine               - versionCheckDays: 7
13:06:47.864 [FXGL Background Thread 3 ] DEBUG Engine               - width: 1500
13:06:47.864 [FXGL Background Thread 3 ] DEBUG Engine               - Logging services
13:06:47.864 [FXGL Background Thread 3 ] DEBUG Engine               - class com.almasb.fxgl.app.services.FXGLAssetLoaderService
13:06:47.864 [FXGL Background Thread 3 ] DEBUG Engine               - class com.almasb.fxgl.app.FXGLApplication$GameApplicationService
13:06:47.865 [FXGL Background Thread 3 ] DEBUG Engine               - class com.almasb.fxgl.app.services.FXGLDialogService
13:06:47.865 [FXGL Background Thread 3 ] DEBUG Engine               - class com.almasb.fxgl.app.services.IOTaskExecutorService
13:06:47.865 [FXGL Background Thread 3 ] DEBUG Engine               - class com.almasb.fxgl.io.FileSystemService
13:06:47.865 [FXGL Background Thread 3 ] DEBUG Engine               - class com.almasb.fxgl.localization.LocalizationService
13:06:47.865 [FXGL Background Thread 3 ] DEBUG Engine               - class com.almasb.fxgl.app.services.SystemBundleService
13:06:47.865 [FXGL Background Thread 3 ] DEBUG Engine               - class com.almasb.fxgl.profile.SaveLoadService
13:06:47.865 [FXGL Background Thread 3 ] DEBUG Engine               - class com.almasb.fxgl.ui.FXGLUIFactoryServiceProvider
13:06:47.865 [FXGL Background Thread 3 ] DEBUG Engine               - class com.almasb.fxgl.ui.FXGLDialogFactoryServiceProvider
13:06:47.865 [FXGL Background Thread 3 ] DEBUG Engine               - class com.almasb.fxgl.audio.AudioPlayer
13:06:47.865 [FXGL Background Thread 3 ] DEBUG Engine               - class com.almasb.fxgl.notification.impl.NotificationServiceProvider
13:06:47.865 [FXGL Background Thread 3 ] DEBUG Engine               - class com.almasb.fxgl.achievement.AchievementService
13:06:47.865 [FXGL Background Thread 3 ] DEBUG Engine               - class com.almasb.fxgl.cutscene.CutsceneService
13:06:47.865 [FXGL Background Thread 3 ] DEBUG Engine               - class com.almasb.fxgl.minigames.MiniGameService
13:06:47.865 [FXGL Background Thread 3 ] DEBUG Engine               - class com.almasb.fxgl.net.NetService
13:06:47.865 [FXGL Background Thread 3 ] DEBUG Engine               - class com.almasb.fxgl.app.services.UpdaterService
13:06:47.865 [FXGL Background Thread 3 ] DEBUG Engine               - class com.almasb.fxgl.dev.DevService
13:06:51.317 [JavaFX Application Thread] DEBUG FXGLApplication      - Exiting FXGL
13:06:51.317 [JavaFX Application Thread] DEBUG LoopRunner           - Stopping loop
13:06:51.317 [JavaFX Application Thread] DEBUG SystemBundleService  - Saving FXGL system data
13:06:51.319 [JavaFX Application Thread] DEBUG FileSystemAccess     - Writing to: D:\FERMI-FEDE\4BIF_2021-2022\Informatica\Giochi\Pioneer-10\system\fxgl.bundle
13:06:51.321 [JavaFX Application Thread] DEBUG Async                - Shutting down background threads
13:06:51.321 [JavaFX Application Thread] DEBUG PrimaryStageWindow   - Closing main window
13:06:51.327 [JavaFX Application Thread] DEBUG Logger               - Closing Logger
