20:06:53.043 [main                     ] DEBUG Logger               - Configured Logger
20:06:53.059 [main                     ] DEBUG GameApplication      - Logging settings
Title: Pioneer-10
Giove
Version: 0.0
Width: 1440
Height: 800
Fullscreen: false
Intro: false
Profiling: false
Single step:false
App Mode: DEVELOPER
Menu Key: ESCAPE
Stage Style: DECORATED
Scene Factory: class com.almasb.fxgl.app.scene.SceneFactory

20:06:53.479 [JavaFX Application Thread] DEBUG FXGLApplication      - Initializing FXGL
20:06:53.483 [JavaFX Application Thread] INFO  Engine               - FXGL-17+dev-SNAPSHOT (22.04.2022 11.52) on WINDOWS (J:18 FX:18)
20:06:53.483 [JavaFX Application Thread] DEBUG Engine               - JRE Vendor Name: Oracle Corporation
20:06:53.483 [JavaFX Application Thread] DEBUG Engine               - Running on OS: Windows 10 version 10.0
20:06:53.483 [JavaFX Application Thread] DEBUG Engine               - Architecture: amd64
20:06:53.483 [JavaFX Application Thread] INFO  Engine               - Source code and latest versions at: https://github.com/AlmasB/FXGL
20:06:53.483 [JavaFX Application Thread] INFO  Engine               -       Ask questions and discuss at: https://github.com/AlmasB/FXGL/discussions
20:06:53.483 [JavaFX Application Thread] INFO  Engine               -              Join the FXGL chat at: https://gitter.im/AlmasB/FXGL
20:06:53.537 [JavaFX Application Thread] DEBUG PrimaryStageWindow   - Creating a JavaFX scene
20:06:53.563 [JavaFX Application Thread] DEBUG PrimaryStageWindow   - Target settings size: 1440.0 x 800.0
20:06:53.564 [JavaFX Application Thread] DEBUG PrimaryStageWindow   - Scaled scene size:    1440.0 x 800.0
20:06:53.564 [JavaFX Application Thread] DEBUG PrimaryStageWindow   - Scaled ratio: (1.0, 1.0)
20:06:53.564 [JavaFX Application Thread] DEBUG PrimaryStageWindow   - Set initial scene to FXGLStartupScene
20:06:53.569 [JavaFX Application Thread] DEBUG PrimaryStageWindow   - Opening main window
20:06:53.679 [JavaFX Application Thread] DEBUG PrimaryStageWindow   - Window border size: (16.0, 39.0)
20:06:53.679 [JavaFX Application Thread] DEBUG PrimaryStageWindow   - Scaled size: 1440.0 x 800.0
20:06:53.679 [JavaFX Application Thread] DEBUG PrimaryStageWindow   - Scaled ratio: (1.0, 1.0)
20:06:53.679 [JavaFX Application Thread] DEBUG PrimaryStageWindow   - Scene size: 1440.0 x 800.0
20:06:53.680 [JavaFX Application Thread] DEBUG PrimaryStageWindow   - Stage size: 1456.0 x 839.0
20:06:53.684 [FXGL Background Thread 1 ] DEBUG Engine               - Initializing environment variables
20:06:53.723 [FXGL Background Thread 1 ] DEBUG FXGLAssetLoaderServi - User app class for loading assets: class com.pioneer10.model.LivGiove
20:06:53.723 [FXGL Background Thread 1 ] DEBUG GameApplicationServi - Applying CSS: fxgl_dark.css
20:06:53.724 [FXGL Background Thread 1 ] DEBUG FXGLAssetLoaderServi - Loading from file system: jar:file:///C:/Users/mattu/.m2/repository/com/github/almasb/fxgl/17+dev-SNAPSHOT/fxgl-17+dev-20220422.115207-44.jar!/fxglassets/ui/css/fxgl_dark.css
20:06:53.762 [FXGL Background Thread 1 ] DEBUG GameApplicationServi - Initializing application scenes
20:06:53.795 [FXGL Background Thread 1 ] DEBUG GameWorld            - Game world initialized
20:06:53.840 [FXGL Background Thread 1 ] DEBUG PhysicsWorld         - Physics world initialized: appHeight=800, physics.ppm=50,0
20:06:53.840 [FXGL Background Thread 1 ] DEBUG PhysicsWorld         - Using strategy: BRUTE_FORCE
20:06:53.844 [FXGL Background Thread 1 ] DEBUG GameScene            - Game scene initialized: 1440x800
20:06:53.853 [FXGL Background Thread 1 ] DEBUG FXGL.DefaultMenu     - createMenuBodyGameMenu()
20:06:53.864 [FXGL Background Thread 1 ] DEBUG FXGL.DefaultMenu     - createOptionsMenu()
20:06:53.873 [FXGL Background Thread 1 ] DEBUG FXGLAssetLoaderServi - Loading from file system: jar:file:///C:/Users/mattu/.m2/repository/com/github/almasb/fxgl/17+dev-SNAPSHOT/fxgl-17+dev-20220422.115207-44.jar!/fxglassets/textures/particles/smoke.png
20:06:53.932 [FXGL Background Thread 1 ] DEBUG FXGLAssetLoaderServi - Loading from file system: jar:file:///C:/Users/mattu/.m2/repository/com/github/almasb/fxgl/17+dev-SNAPSHOT/fxgl-17+dev-20220422.115207-44.jar!/fxglassets/textures/particles/trace_horizontal.png
20:06:53.951 [FXGL Background Thread 1 ] DEBUG GameApplicationServi - Application scenes initialized
20:06:53.957 [FXGL Background Thread 1 ] DEBUG SystemBundleService  - Loading FXGL system data
20:06:53.960 [FXGL Background Thread 1 ] DEBUG FileSystemAccess     - Reading from: D:\FERMI-FEDE\4BIF_2021-2022\Informatica\Giochi\Pioneer-10\system\fxgl.bundle
20:06:53.965 [FXGL Background Thread 1 ] DEBUG SystemBundleService  - Bundle FXGL: {}
20:06:53.965 [FXGL Background Thread 1 ] DEBUG UpdaterService       - Checking for updates
20:06:53.969 [FXGL Background Thread 4 ] DEBUG FXGLApplication      - Loading fonts
20:06:53.969 [FXGL Background Thread 1 ] DEBUG FXGLApplication      - Loading default localization
20:06:53.971 [FXGL Background Thread 4 ] DEBUG FXGLAssetLoaderServi - Loading from file system: jar:file:///C:/Users/mattu/.m2/repository/com/github/almasb/fxgl/17+dev-SNAPSHOT/fxgl-17+dev-20220422.115207-44.jar!/fxglassets/ui/fonts/VarelaRound-Regular.ttf
20:06:53.971 [FXGL Background Thread 1 ] DEBUG FXGLAssetLoaderServi - Loading from file system: jar:file:///C:/Users/mattu/.m2/repository/com/github/almasb/fxgl/17+dev-SNAPSHOT/fxgl-17+dev-20220422.115207-44.jar!/fxglassets/languages/english.lang
20:06:53.981 [FXGL Background Thread 1 ] INFO  FXGLApplication      - FXGL initialization took: 0,297 sec
20:06:53.987 [JavaFX Application Thread] DEBUG Input                - Registered new binding: Left - A
20:06:53.987 [JavaFX Application Thread] DEBUG Input                - Registered new binding: Right - D
20:06:53.988 [JavaFX Application Thread] DEBUG Input                - Registered new binding: Jump - Space
20:06:53.988 [JavaFX Application Thread] DEBUG FXGLAssetLoaderServi - Loading from file system: jar:file:///C:/Users/mattu/.m2/repository/com/github/almasb/fxgl/17+dev-SNAPSHOT/fxgl-17+dev-20220422.115207-44.jar!/fxglassets/textures/fxgl_icon.png
20:06:54.000 [JavaFX Application Thread] DEBUG FXGLAssetLoaderServi - Loading from file system: jar:file:///C:/Users/mattu/.m2/repository/com/github/almasb/fxgl/17+dev-SNAPSHOT/fxgl-17+dev-20220422.115207-44.jar!/fxglassets/textures/fxgl_default_cursor.png
20:06:54.002 [JavaFX Application Thread] DEBUG Input                - Registered new binding: Screenshot - CTRL+8
20:06:54.003 [JavaFX Application Thread] DEBUG Input                - Registered new binding: System info dump - CTRL+9
20:06:54.003 [JavaFX Application Thread] DEBUG Input                - Registered new binding: Restart - CTRL+R
20:06:54.004 [JavaFX Application Thread] DEBUG Input                - Registered new binding: Toggle Debug Camera - CTRL+7
20:06:54.005 [JavaFX Application Thread] DEBUG LoopRunner           - Starting loop
20:06:54.005 [JavaFX Application Thread] DEBUG LoopRunner           - Initializing JavaFX AnimationTimerLoop
20:06:54.005 [FXGL Background Thread 4 ] DEBUG FXGLAssetLoaderServi - Loading from file system: jar:file:///C:/Users/mattu/.m2/repository/com/github/almasb/fxgl/17+dev-SNAPSHOT/fxgl-17+dev-20220422.115207-44.jar!/fxglassets/ui/fonts/Abel-Regular.ttf
20:06:54.006 [JavaFX Application Thread] DEBUG GameApplicationServi - Starting new game
20:06:54.006 [JavaFX Application Thread] DEBUG Input                - Clearing active input actions
20:06:54.007 [FXGL Background Thread 4 ] DEBUG FXGLAssetLoaderServi - Loading from file system: jar:file:///C:/Users/mattu/.m2/repository/com/github/almasb/fxgl/17+dev-SNAPSHOT/fxgl-17+dev-20220422.115207-44.jar!/fxglassets/ui/fonts/TerminalLandMono-Regular.otf
20:06:54.009 [FXGL Background Thread 4 ] DEBUG FXGLAssetLoaderServi - Loading from file system: jar:file:///C:/Users/mattu/.m2/repository/com/github/almasb/fxgl/17+dev-SNAPSHOT/fxgl-17+dev-20220422.115207-44.jar!/fxglassets/ui/fonts/Courier-Prime.ttf
20:06:54.014 [JavaFX Application Thread] DEBUG GameApplicationServi - Removing overlay from FXGLStartupScene and adding to FXGLLoadingScene
20:06:54.015 [JavaFX Application Thread] DEBUG PrimaryStageWindow   - FXGLStartupScene -> FXGLLoadingScene
20:06:54.015 [JavaFX Application Thread] DEBUG GameApplicationServi - Clearing previous game
20:06:54.015 [JavaFX Application Thread] DEBUG GameScene            - Clearing game scene
20:06:54.015 [JavaFX Application Thread] DEBUG GameWorld            - Clearing game world
20:06:54.015 [JavaFX Application Thread] DEBUG PhysicsWorld         - Clearing physics world
20:06:54.016 [FXGL Background Thread 4 ] DEBUG FXGLApplication      - Initializing game
20:06:54.016 [JavaFX Application Thread] DEBUG FXGLApplication      - Registering font factories with UI factory
20:06:54.042 [FXGL Background Thread 4 ] WARN  TMXLevelLoader       - TiledMap generated from 1.8.4. Supported version: 1.4.2. Some features may not be parsed fully.
20:06:54.067 [FXGL Background Thread 4 ] DEBUG TMXLevelLoader       - Parsed TiledMap: file:/D:/FERMI-FEDE/4BIF_2021-2022/Informatica/Giochi/Pioneer-10/target/classes/assets/levels/Giove/Giove.tmx
20:06:54.068 [FXGL Background Thread 4 ] DEBUG TMXLevelLoader       - Creating tile layer entities
20:06:54.069 [FXGL Background Thread 4 ] DEBUG TilesetLoader        - Loading view for layer Livello tile 1
20:06:54.074 [FXGL Background Thread 4 ] DEBUG TilesetLoader        - Created buffer with size 5760.0x800.0
20:06:54.089 [FXGL Background Thread 4 ] DEBUG TMXLevelLoader       - Creating object layer entities
20:06:54.240 [FXGL Background Thread 2 ] INFO  UpdaterService       - Your current version:  17+dev-SNAPSHOT
20:06:54.240 [FXGL Background Thread 2 ] INFO  UpdaterService       - Latest stable version: 17.1
20:06:54.266 [FXGL Background Thread 4 ] DEBUG GameWorld            - Clearing removable entities
20:06:54.266 [FXGL Background Thread 4 ] DEBUG GameWorld            - Setting level: com.almasb.fxgl.entity.level.Level@6ca13a27
20:06:54.323 [FXGL Background Thread 4 ] INFO  FXGLApplication      - Game initialization took: 0,307 sec
20:06:54.336 [JavaFX Application Thread] DEBUG Input                - Clearing active input actions
20:06:54.344 [JavaFX Application Thread] DEBUG GameApplicationServi - Removing overlay from FXGLLoadingScene and adding to GameScene
20:06:54.345 [JavaFX Application Thread] DEBUG PrimaryStageWindow   - FXGLLoadingScene -> GameScene
20:06:56.968 [FXGL Background Thread 3 ] DEBUG Engine               - Logging environment variables
20:06:56.968 [FXGL Background Thread 3 ] DEBUG Engine               - achievements: []
20:06:56.969 [FXGL Background Thread 3 ] DEBUG Engine               - actualHeight: 800.0
20:06:56.969 [FXGL Background Thread 3 ] DEBUG Engine               - actualHeightProperty: ReadOnlyDoubleProperty [value: 800.0]
20:06:56.969 [FXGL Background Thread 3 ] DEBUG Engine               - actualWidth: 1440.0
20:06:56.969 [FXGL Background Thread 3 ] DEBUG Engine               - actualWidthProperty: ReadOnlyDoubleProperty [value: 1440.0]
20:06:56.969 [FXGL Background Thread 3 ] DEBUG Engine               - appIcon: fxgl_icon.png
20:06:56.969 [FXGL Background Thread 3 ] DEBUG Engine               - applicationMode: DEVELOPER
20:06:56.969 [FXGL Background Thread 3 ] DEBUG Engine               - cSSList: [fxgl_dark.css]
20:06:56.969 [FXGL Background Thread 3 ] DEBUG Engine               - collisionDetectionStrategy: BRUTE_FORCE
20:06:56.969 [FXGL Background Thread 3 ] DEBUG Engine               - configClass: Optional.empty
20:06:56.969 [FXGL Background Thread 3 ] DEBUG Engine               - credits: []
20:06:56.969 [FXGL Background Thread 3 ] DEBUG Engine               - defaultCursor: CursorInfo(imageName=fxgl_default_cursor.png, hotspotX=7.0, hotspotY=6.0)
20:06:56.970 [FXGL Background Thread 3 ] DEBUG Engine               - devBBoxColorProperty: ObjectProperty [value: 0xff0000ff]
20:06:56.970 [FXGL Background Thread 3 ] DEBUG Engine               - devEnableDebugCameraProperty: BooleanProperty [value: false]
20:06:56.970 [FXGL Background Thread 3 ] DEBUG Engine               - devSensorColorProperty: ObjectProperty [value: 0xffff00ff]
20:06:56.970 [FXGL Background Thread 3 ] DEBUG Engine               - devShowBBoxProperty: BooleanProperty [value: false]
20:06:56.970 [FXGL Background Thread 3 ] DEBUG Engine               - devShowPositionProperty: BooleanProperty [value: false]
20:06:56.970 [FXGL Background Thread 3 ] DEBUG Engine               - enabledMenuItems: []
20:06:56.970 [FXGL Background Thread 3 ] DEBUG Engine               - engineServices: [class com.almasb.fxgl.app.services.FXGLAssetLoaderService, class com.almasb.fxgl.app.FXGLApplication$GameApplicationService, class com.almasb.fxgl.app.services.FXGLDialogService, class com.almasb.fxgl.app.services.IOTaskExecutorService, class com.almasb.fxgl.io.FileSystemService, class com.almasb.fxgl.localization.LocalizationService, class com.almasb.fxgl.app.services.SystemBundleService, class com.almasb.fxgl.profile.SaveLoadService, class com.almasb.fxgl.ui.FXGLUIFactoryServiceProvider, class com.almasb.fxgl.ui.FXGLDialogFactoryServiceProvider, class com.almasb.fxgl.audio.AudioPlayer, class com.almasb.fxgl.notification.impl.NotificationServiceProvider, class com.almasb.fxgl.achievement.AchievementService, class com.almasb.fxgl.cutscene.CutsceneService, class com.almasb.fxgl.minigames.MiniGameService, class com.almasb.fxgl.net.NetService, class com.almasb.fxgl.app.services.UpdaterService, class com.almasb.fxgl.dev.DevService]
20:06:56.970 [FXGL Background Thread 3 ] DEBUG Engine               - fontGame: Abel-Regular.ttf
20:06:56.970 [FXGL Background Thread 3 ] DEBUG Engine               - fontMono: TerminalLandMono-Regular.otf
20:06:56.970 [FXGL Background Thread 3 ] DEBUG Engine               - fontText: Courier-Prime.ttf
20:06:56.970 [FXGL Background Thread 3 ] DEBUG Engine               - fontUI: VarelaRound-Regular.ttf
20:06:56.970 [FXGL Background Thread 3 ] DEBUG Engine               - fullScreen: BooleanProperty [value: false]
20:06:56.970 [FXGL Background Thread 3 ] DEBUG Engine               - gameDifficulty: MEDIUM
20:06:56.970 [FXGL Background Thread 3 ] DEBUG Engine               - gameDifficultyProperty: ObjectProperty [value: MEDIUM]
20:06:56.970 [FXGL Background Thread 3 ] DEBUG Engine               - globalMusicVolume: 0.5
20:06:56.970 [FXGL Background Thread 3 ] DEBUG Engine               - globalMusicVolumeProperty: DoubleProperty [value: 0.5]
20:06:56.970 [FXGL Background Thread 3 ] DEBUG Engine               - globalSoundVolume: 0.5
20:06:56.970 [FXGL Background Thread 3 ] DEBUG Engine               - globalSoundVolumeProperty: DoubleProperty [value: 0.5]
20:06:56.970 [FXGL Background Thread 3 ] DEBUG Engine               - height: 800
20:06:56.970 [FXGL Background Thread 3 ] DEBUG Engine               - is3D: false
20:06:56.970 [FXGL Background Thread 3 ] DEBUG Engine               - isAndroid: false
20:06:56.971 [FXGL Background Thread 3 ] DEBUG Engine               - isBrowser: false
20:06:56.971 [FXGL Background Thread 3 ] DEBUG Engine               - isClickFeedbackEnabled: false
20:06:56.971 [FXGL Background Thread 3 ] DEBUG Engine               - isCloseConfirmation: false
20:06:56.971 [FXGL Background Thread 3 ] DEBUG Engine               - isDesktop: true
20:06:56.971 [FXGL Background Thread 3 ] DEBUG Engine               - isDeveloperMenuEnabled: false
20:06:56.971 [FXGL Background Thread 3 ] DEBUG Engine               - isEmbedded: false
20:06:56.971 [FXGL Background Thread 3 ] DEBUG Engine               - isEntityPreloadEnabled: true
20:06:56.971 [FXGL Background Thread 3 ] DEBUG Engine               - isExperimentalTiledLargeMap: false
20:06:56.971 [FXGL Background Thread 3 ] DEBUG Engine               - isFileSystemWriteAllowed: true
20:06:56.971 [FXGL Background Thread 3 ] DEBUG Engine               - isFullScreenAllowed: false
20:06:56.971 [FXGL Background Thread 3 ] DEBUG Engine               - isFullScreenFromStart: false
20:06:56.971 [FXGL Background Thread 3 ] DEBUG Engine               - isGameMenuEnabled: true
20:06:56.971 [FXGL Background Thread 3 ] DEBUG Engine               - isIOS: false
20:06:56.971 [FXGL Background Thread 3 ] DEBUG Engine               - isIntroEnabled: false
20:06:56.971 [FXGL Background Thread 3 ] DEBUG Engine               - isLinux: false
20:06:56.971 [FXGL Background Thread 3 ] DEBUG Engine               - isMac: false
20:06:56.971 [FXGL Background Thread 3 ] DEBUG Engine               - isMainMenuEnabled: false
20:06:56.971 [FXGL Background Thread 3 ] DEBUG Engine               - isManualResizeEnabled: false
20:06:56.971 [FXGL Background Thread 3 ] DEBUG Engine               - isMobile: false
20:06:56.971 [FXGL Background Thread 3 ] DEBUG Engine               - isNative: false
20:06:56.971 [FXGL Background Thread 3 ] DEBUG Engine               - isPauseMusicWhenMinimized: true
20:06:56.971 [FXGL Background Thread 3 ] DEBUG Engine               - isPreserveResizeRatio: false
20:06:56.972 [FXGL Background Thread 3 ] DEBUG Engine               - isProfilingEnabled: false
20:06:56.972 [FXGL Background Thread 3 ] DEBUG Engine               - isScaleAffectedOnResize: true
20:06:56.972 [FXGL Background Thread 3 ] DEBUG Engine               - isSingleStep: false
20:06:56.972 [FXGL Background Thread 3 ] DEBUG Engine               - isUserProfileEnabled: false
20:06:56.972 [FXGL Background Thread 3 ] DEBUG Engine               - isWindows: true
20:06:56.972 [FXGL Background Thread 3 ] DEBUG Engine               - language: ObjectProperty [value: ENGLISH]
20:06:56.972 [FXGL Background Thread 3 ] DEBUG Engine               - menuKey: ESCAPE
20:06:56.972 [FXGL Background Thread 3 ] DEBUG Engine               - mouseSensitivity: 0.2
20:06:56.972 [FXGL Background Thread 3 ] DEBUG Engine               - notificationViewClass: class com.almasb.fxgl.notification.view.XboxNotificationView
20:06:56.972 [FXGL Background Thread 3 ] DEBUG Engine               - pixelsPerMeter: 50.0
20:06:56.972 [FXGL Background Thread 3 ] DEBUG Engine               - platform: WINDOWS
20:06:56.972 [FXGL Background Thread 3 ] DEBUG Engine               - prefHeightProperty: ReadOnlyDoubleProperty [value: 800.0]
20:06:56.972 [FXGL Background Thread 3 ] DEBUG Engine               - prefWidthProperty: ReadOnlyDoubleProperty [value: 1440.0]
20:06:56.972 [FXGL Background Thread 3 ] DEBUG Engine               - profileDir: profiles/
20:06:56.972 [FXGL Background Thread 3 ] DEBUG Engine               - profileName: StringProperty [value: DEFAULT]
20:06:56.972 [FXGL Background Thread 3 ] DEBUG Engine               - randomSeed: -1
20:06:56.973 [FXGL Background Thread 3 ] DEBUG Engine               - runtimeInfo: RuntimeInfo(platform=WINDOWS, version=17+dev-SNAPSHOT, build=22.04.2022 11.52)
20:06:56.973 [FXGL Background Thread 3 ] DEBUG Engine               - saveFileExt: sav
20:06:56.973 [FXGL Background Thread 3 ] DEBUG Engine               - scaledHeightProp$fxgl: DoubleProperty [bound, value: 800.0]
20:06:56.973 [FXGL Background Thread 3 ] DEBUG Engine               - scaledWidthProp$fxgl: DoubleProperty [bound, value: 1440.0]
20:06:56.973 [FXGL Background Thread 3 ] DEBUG Engine               - sceneFactory: com.almasb.fxgl.app.scene.SceneFactory@114d1cd7
20:06:56.973 [FXGL Background Thread 3 ] DEBUG Engine               - secondsIn24h: 60
20:06:56.973 [FXGL Background Thread 3 ] DEBUG Engine               - soundMenuBack: menu/back.wav
20:06:56.973 [FXGL Background Thread 3 ] DEBUG Engine               - soundMenuPress: menu/press.wav
20:06:56.973 [FXGL Background Thread 3 ] DEBUG Engine               - soundMenuSelect: menu/select.wav
20:06:56.973 [FXGL Background Thread 3 ] DEBUG Engine               - soundNotification: core/notification.wav
20:06:56.973 [FXGL Background Thread 3 ] DEBUG Engine               - stageStyle: DECORATED
20:06:56.973 [FXGL Background Thread 3 ] DEBUG Engine               - supportedLanguages: [ENGLISH, FRENCH, GERMAN, HUNGARIAN, RUSSIAN]
20:06:56.973 [FXGL Background Thread 3 ] DEBUG Engine               - ticksPerSecond: -1
20:06:56.973 [FXGL Background Thread 3 ] DEBUG Engine               - title: Pioneer-10
Giove
20:06:56.973 [FXGL Background Thread 3 ] DEBUG Engine               - urlGithub: https://github.com/AlmasB/FXGL
20:06:56.973 [FXGL Background Thread 3 ] DEBUG Engine               - urlLeaderboard: http://fxgl-top.herokuapp.com/
20:06:56.973 [FXGL Background Thread 3 ] DEBUG Engine               - urlPOM: https://raw.githubusercontent.com/AlmasB/FXGL/release/README.md
20:06:56.973 [FXGL Background Thread 3 ] DEBUG Engine               - userAppClass: class com.pioneer10.model.LivGiove
20:06:56.973 [FXGL Background Thread 3 ] DEBUG Engine               - version: 0.0
20:06:56.973 [FXGL Background Thread 3 ] DEBUG Engine               - versionCheckDays: 7
20:06:56.973 [FXGL Background Thread 3 ] DEBUG Engine               - width: 1440
20:06:56.973 [FXGL Background Thread 3 ] DEBUG Engine               - Logging services
20:06:56.973 [FXGL Background Thread 3 ] DEBUG Engine               - class com.almasb.fxgl.app.services.FXGLAssetLoaderService
20:06:56.973 [FXGL Background Thread 3 ] DEBUG Engine               - class com.almasb.fxgl.app.FXGLApplication$GameApplicationService
20:06:56.973 [FXGL Background Thread 3 ] DEBUG Engine               - class com.almasb.fxgl.app.services.FXGLDialogService
20:06:56.973 [FXGL Background Thread 3 ] DEBUG Engine               - class com.almasb.fxgl.app.services.IOTaskExecutorService
20:06:56.973 [FXGL Background Thread 3 ] DEBUG Engine               - class com.almasb.fxgl.io.FileSystemService
20:06:56.973 [FXGL Background Thread 3 ] DEBUG Engine               - class com.almasb.fxgl.localization.LocalizationService
20:06:56.973 [FXGL Background Thread 3 ] DEBUG Engine               - class com.almasb.fxgl.app.services.SystemBundleService
20:06:56.973 [FXGL Background Thread 3 ] DEBUG Engine               - class com.almasb.fxgl.profile.SaveLoadService
20:06:56.973 [FXGL Background Thread 3 ] DEBUG Engine               - class com.almasb.fxgl.ui.FXGLUIFactoryServiceProvider
20:06:56.973 [FXGL Background Thread 3 ] DEBUG Engine               - class com.almasb.fxgl.ui.FXGLDialogFactoryServiceProvider
20:06:56.973 [FXGL Background Thread 3 ] DEBUG Engine               - class com.almasb.fxgl.audio.AudioPlayer
20:06:56.973 [FXGL Background Thread 3 ] DEBUG Engine               - class com.almasb.fxgl.notification.impl.NotificationServiceProvider
20:06:56.973 [FXGL Background Thread 3 ] DEBUG Engine               - class com.almasb.fxgl.achievement.AchievementService
20:06:56.973 [FXGL Background Thread 3 ] DEBUG Engine               - class com.almasb.fxgl.cutscene.CutsceneService
20:06:56.974 [FXGL Background Thread 3 ] DEBUG Engine               - class com.almasb.fxgl.minigames.MiniGameService
20:06:56.974 [FXGL Background Thread 3 ] DEBUG Engine               - class com.almasb.fxgl.net.NetService
20:06:56.974 [FXGL Background Thread 3 ] DEBUG Engine               - class com.almasb.fxgl.app.services.UpdaterService
20:06:56.974 [FXGL Background Thread 3 ] DEBUG Engine               - class com.almasb.fxgl.dev.DevService
20:07:07.286 [JavaFX Application Thread] DEBUG FXGLApplication      - Exiting FXGL
20:07:07.286 [JavaFX Application Thread] DEBUG LoopRunner           - Stopping loop
20:07:07.286 [JavaFX Application Thread] DEBUG SystemBundleService  - Saving FXGL system data
20:07:07.287 [JavaFX Application Thread] DEBUG FileSystemAccess     - Writing to: D:\FERMI-FEDE\4BIF_2021-2022\Informatica\Giochi\Pioneer-10\system\fxgl.bundle
20:07:07.289 [JavaFX Application Thread] DEBUG Async                - Shutting down background threads
20:07:07.289 [JavaFX Application Thread] DEBUG PrimaryStageWindow   - Closing main window
20:07:07.297 [JavaFX Application Thread] DEBUG Logger               - Closing Logger
