00:00:38.526 [main                     ] DEBUG Logger               - Configured Logger
00:00:38.598 [main                     ] DEBUG GameApplication      - Logging settings
Title: Untitled
Version: 0.0
Width: 960
Height: 640
Fullscreen: false
Intro: false
Profiling: false
Single step:false
App Mode: DEVELOPER
Menu Key: ESCAPE
Stage Style: DECORATED
Scene Factory: class com.almasb.fxgl.app.scene.SceneFactory

00:00:39.225 [JavaFX Application Thread] DEBUG FXGLApplication      - Initializing FXGL
00:00:39.248 [JavaFX Application Thread] INFO  Engine               - FXGL-17+dev-SNAPSHOT (22.04.2022 11.52) on WINDOWS (J:18.0.1 FX:18)
00:00:39.248 [JavaFX Application Thread] DEBUG Engine               - JRE Vendor Name: Oracle Corporation
00:00:39.249 [JavaFX Application Thread] DEBUG Engine               - Running on OS: Windows 10 version 10.0
00:00:39.249 [JavaFX Application Thread] DEBUG Engine               - Architecture: amd64
00:00:39.249 [JavaFX Application Thread] INFO  Engine               - Source code and latest versions at: https://github.com/AlmasB/FXGL
00:00:39.250 [JavaFX Application Thread] INFO  Engine               -       Ask questions and discuss at: https://github.com/AlmasB/FXGL/discussions
00:00:39.252 [JavaFX Application Thread] INFO  Engine               -              Join the FXGL chat at: https://gitter.im/AlmasB/FXGL
00:00:39.438 [JavaFX Application Thread] DEBUG PrimaryStageWindow   - Creating a JavaFX scene
00:00:39.522 [JavaFX Application Thread] DEBUG PrimaryStageWindow   - Target settings size: 960.0 x 640.0
00:00:39.523 [JavaFX Application Thread] DEBUG PrimaryStageWindow   - Scaled scene size:    960.0 x 640.0
00:00:39.524 [JavaFX Application Thread] DEBUG PrimaryStageWindow   - Scaled ratio: (1.0, 1.0)
00:00:39.527 [JavaFX Application Thread] DEBUG PrimaryStageWindow   - Set initial scene to FXGLStartupScene
00:00:39.542 [JavaFX Application Thread] DEBUG PrimaryStageWindow   - Opening main window
00:00:39.714 [JavaFX Application Thread] DEBUG PrimaryStageWindow   - Window border size: (16.0, 39.0)
00:00:39.715 [JavaFX Application Thread] DEBUG PrimaryStageWindow   - Scaled size: 960.0 x 640.0
00:00:39.715 [JavaFX Application Thread] DEBUG PrimaryStageWindow   - Scaled ratio: (1.0, 1.0)
00:00:39.716 [JavaFX Application Thread] DEBUG PrimaryStageWindow   - Scene size: 960.0 x 640.0
00:00:39.717 [JavaFX Application Thread] DEBUG PrimaryStageWindow   - Stage size: 976.0 x 679.0
00:00:39.787 [FXGL Background Thread 1 ] DEBUG Engine               - Initializing environment variables
00:00:39.930 [FXGL Background Thread 1 ] DEBUG FXGLAssetLoaderServi - User app class for loading assets: class com.pioneer10.model.MarioAppTarocco
00:00:39.930 [FXGL Background Thread 1 ] DEBUG GameApplicationServi - Applying CSS: fxgl_dark.css
00:00:39.932 [FXGL Background Thread 1 ] DEBUG FXGLAssetLoaderServi - Loading from file system: jar:file:///C:/Users/Manuel/.m2/repository/com/github/almasb/fxgl/17+dev-SNAPSHOT/fxgl-17+dev-20220422.115207-44.jar!/fxglassets/ui/css/fxgl_dark.css
00:00:40.066 [FXGL Background Thread 1 ] DEBUG GameApplicationServi - Initializing application scenes
00:00:40.247 [FXGL Background Thread 1 ] DEBUG GameWorld            - Game world initialized
00:00:40.393 [FXGL Background Thread 1 ] DEBUG PhysicsWorld         - Physics world initialized: appHeight=640, physics.ppm=50,0
00:00:40.394 [FXGL Background Thread 1 ] DEBUG PhysicsWorld         - Using strategy: BRUTE_FORCE
00:00:40.402 [FXGL Background Thread 1 ] DEBUG GameScene            - Game scene initialized: 960x640
00:00:40.426 [FXGL Background Thread 1 ] DEBUG FXGL.DefaultMenu     - createMenuBodyGameMenu()
00:00:40.458 [FXGL Background Thread 1 ] DEBUG FXGL.DefaultMenu     - createOptionsMenu()
00:00:40.490 [FXGL Background Thread 1 ] DEBUG FXGLAssetLoaderServi - Loading from file system: jar:file:///C:/Users/Manuel/.m2/repository/com/github/almasb/fxgl/17+dev-SNAPSHOT/fxgl-17+dev-20220422.115207-44.jar!/fxglassets/textures/particles/smoke.png
00:00:40.708 [FXGL Background Thread 1 ] DEBUG FXGLAssetLoaderServi - Loading from file system: jar:file:///C:/Users/Manuel/.m2/repository/com/github/almasb/fxgl/17+dev-SNAPSHOT/fxgl-17+dev-20220422.115207-44.jar!/fxglassets/textures/particles/trace_horizontal.png
00:00:40.773 [FXGL Background Thread 1 ] DEBUG GameApplicationServi - Application scenes initialized
00:00:40.806 [FXGL Background Thread 1 ] DEBUG SystemBundleService  - Loading FXGL system data
00:00:40.815 [FXGL Background Thread 1 ] DEBUG FileSystemAccess     - Reading from: C:\javafx-FXGL\pioneer-10\system\fxgl.bundle
00:00:40.833 [FXGL Background Thread 1 ] DEBUG SystemBundleService  - Bundle FXGL: {}
00:00:40.834 [FXGL Background Thread 1 ] DEBUG UpdaterService       - Checking for updates
00:00:40.843 [FXGL Background Thread 1 ] DEBUG FXGLApplication      - Loading default localization
00:00:40.845 [FXGL Background Thread 1 ] DEBUG FXGLAssetLoaderServi - Loading from file system: jar:file:///C:/Users/Manuel/.m2/repository/com/github/almasb/fxgl/17+dev-SNAPSHOT/fxgl-17+dev-20220422.115207-44.jar!/fxglassets/languages/english.lang
00:00:40.865 [FXGL Background Thread 4 ] DEBUG FXGLApplication      - Loading fonts
00:00:40.866 [FXGL Background Thread 4 ] DEBUG FXGLAssetLoaderServi - Loading from file system: jar:file:///C:/Users/Manuel/.m2/repository/com/github/almasb/fxgl/17+dev-SNAPSHOT/fxgl-17+dev-20220422.115207-44.jar!/fxglassets/ui/fonts/VarelaRound-Regular.ttf
00:00:40.877 [FXGL Background Thread 1 ] INFO  FXGLApplication      - FXGL initialization took: 1,090 sec
00:00:40.899 [JavaFX Application Thread] DEBUG Input                - Registered new binding: Left - A
00:00:40.900 [JavaFX Application Thread] DEBUG Input                - Registered new binding: Right - D
00:00:40.900 [JavaFX Application Thread] DEBUG Input                - Registered new binding: Jump - W
00:00:40.901 [JavaFX Application Thread] DEBUG FXGLAssetLoaderServi - Loading from file system: jar:file:///C:/Users/Manuel/.m2/repository/com/github/almasb/fxgl/17+dev-SNAPSHOT/fxgl-17+dev-20220422.115207-44.jar!/fxglassets/textures/fxgl_icon.png
00:00:40.991 [JavaFX Application Thread] DEBUG FXGLAssetLoaderServi - Loading from file system: jar:file:///C:/Users/Manuel/.m2/repository/com/github/almasb/fxgl/17+dev-SNAPSHOT/fxgl-17+dev-20220422.115207-44.jar!/fxglassets/textures/fxgl_default_cursor.png
00:00:40.994 [JavaFX Application Thread] DEBUG Input                - Registered new binding: Screenshot - CTRL+8
00:00:40.995 [JavaFX Application Thread] DEBUG Input                - Registered new binding: System info dump - CTRL+9
00:00:40.999 [JavaFX Application Thread] DEBUG Input                - Registered new binding: Restart - CTRL+R
00:00:41.000 [JavaFX Application Thread] DEBUG Input                - Registered new binding: Toggle Debug Camera - CTRL+7
00:00:41.005 [JavaFX Application Thread] DEBUG LoopRunner           - Starting loop
00:00:41.005 [JavaFX Application Thread] DEBUG LoopRunner           - Initializing JavaFX AnimationTimerLoop
00:00:41.008 [JavaFX Application Thread] DEBUG GameApplicationServi - Starting new game
00:00:41.009 [JavaFX Application Thread] DEBUG Input                - Clearing active input actions
00:00:41.028 [JavaFX Application Thread] DEBUG GameApplicationServi - Removing overlay from FXGLStartupScene and adding to FXGLLoadingScene
00:00:41.029 [JavaFX Application Thread] DEBUG PrimaryStageWindow   - FXGLStartupScene -> FXGLLoadingScene
00:00:41.029 [JavaFX Application Thread] DEBUG GameApplicationServi - Clearing previous game
00:00:41.029 [JavaFX Application Thread] DEBUG GameScene            - Clearing game scene
00:00:41.030 [JavaFX Application Thread] DEBUG GameWorld            - Clearing game world
00:00:41.030 [JavaFX Application Thread] DEBUG PhysicsWorld         - Clearing physics world
00:00:41.034 [FXGL Background Thread 1 ] DEBUG FXGLApplication      - Initializing game
00:00:41.146 [FXGL Background Thread 1 ] WARN  TMXLevelLoader       - TiledMap generated from 1.8.4. Supported version: 1.4.2. Some features may not be parsed fully.
00:00:41.191 [FXGL Background Thread 1 ] DEBUG TMXLevelLoader       - Parsed TiledMap: file:/C:/javafx-FXGL/pioneer-10/target/classes/assets/levels/Terra/MappaTerra.tmx
00:00:41.192 [FXGL Background Thread 1 ] DEBUG TMXLevelLoader       - Creating tile layer entities
00:00:41.196 [FXGL Background Thread 1 ] DEBUG TilesetLoader        - Loading view for layer Livello tile 1
00:00:41.255 [FXGL Background Thread 1 ] DEBUG TilesetLoader        - Created buffer with size 4800.0x640.0
00:00:41.325 [FXGL Background Thread 1 ] WARN  TilesetLoader        - Diagonally flipped tiles are not currently supported
00:00:41.375 [FXGL Background Thread 1 ] WARN  TilesetLoader        - Diagonally flipped tiles are not currently supported
00:00:41.376 [FXGL Background Thread 1 ] WARN  TilesetLoader        - Diagonally flipped tiles are not currently supported
00:00:41.464 [FXGL Background Thread 1 ] WARN  TilesetLoader        - Diagonally flipped tiles are not currently supported
00:00:41.483 [FXGL Background Thread 1 ] WARN  TilesetLoader        - Diagonally flipped tiles are not currently supported
00:00:41.485 [FXGL Background Thread 1 ] DEBUG TMXLevelLoader       - Creating object layer entities
00:00:41.535 [FXGL Background Thread 1 ] WARN  TMXLevelLoader       - Parse error
java.lang.IllegalArgumentException: No EntityFactory has a method annotated @Spawns()
	at com.almasb.fxgl.entity@17+dev-SNAPSHOT/com.almasb.fxgl.entity.GameWorld.create(GameWorld.kt:413)
	at com.almasb.fxgl.entity@17+dev-SNAPSHOT/com.almasb.fxgl.entity.level.tiled.TMXLevelLoader.createObjectLayerEntities(TMXLevelLoader.kt:154)
	at com.almasb.fxgl.entity@17+dev-SNAPSHOT/com.almasb.fxgl.entity.level.tiled.TMXLevelLoader.load(TMXLevelLoader.kt:60)
	at com.almasb.fxgl.all@17+dev-SNAPSHOT/com.almasb.fxgl.app.services.FXGLAssetLoaderService.loadLevel(FXGLAssetLoaderService.kt:446)
	at com.almasb.fxgl.all@17+dev-SNAPSHOT/com.almasb.fxgl.dsl.FXGL$Companion.setLevelFromMap(FXGL.kt:634)
	at com.almasb.fxgl.all@17+dev-SNAPSHOT/com.almasb.fxgl.dsl.FXGL.setLevelFromMap(FXGL.kt)
	at mario.main/com.pioneer10.model.MarioAppTarocco.initGame(MarioAppTarocco.java:88)
	at com.almasb.fxgl.all@17+dev-SNAPSHOT/com.almasb.fxgl.app.FXGLApplication$InitAppTask.initGame(FXGLApplication.kt:339)
	at com.almasb.fxgl.all@17+dev-SNAPSHOT/com.almasb.fxgl.app.FXGLApplication$InitAppTask.call(FXGLApplication.kt:319)
	at com.almasb.fxgl.all@17+dev-SNAPSHOT/com.almasb.fxgl.app.FXGLApplication$InitAppTask.call(FXGLApplication.kt:311)
	at javafx.graphics@18/javafx.concurrent.Task$TaskCallable.call(Task.java:1426)
	at java.base/java.util.concurrent.FutureTask.run(FutureTask.java:264)
	at java.base/java.util.concurrent.Executors$RunnableAdapter.call(Executors.java:539)
	at java.base/java.util.concurrent.FutureTask.run(FutureTask.java:264)
	at java.base/java.util.concurrent.ThreadPoolExecutor.runWorker(ThreadPoolExecutor.java:1136)
	at java.base/java.util.concurrent.ThreadPoolExecutor$Worker.run(ThreadPoolExecutor.java:635)
	at java.base/java.lang.Thread.run(Thread.java:833)

00:00:41.543 [JavaFX Application Thread] DEBUG LoopRunner           - Stopping loop
00:00:41.544 [JavaFX Application Thread] FATAL FXGLApplication      - Uncaught Exception:
java.lang.RuntimeException: Initialization failed
	at com.almasb.fxgl.all@17+dev-SNAPSHOT/com.almasb.fxgl.app.FXGLApplication$InitAppTask.failed(FXGLApplication.kt:343)
	at javafx.graphics@18/javafx.concurrent.Task.setState(Task.java:710)
	at javafx.graphics@18/javafx.concurrent.Task$TaskCallable.lambda$call$2(Task.java:1456)
	at javafx.graphics@18/com.sun.javafx.application.PlatformImpl.lambda$runLater$10(PlatformImpl.java:457)
	at java.base/java.security.AccessController.doPrivileged(AccessController.java:399)
	at javafx.graphics@18/com.sun.javafx.application.PlatformImpl.lambda$runLater$11(PlatformImpl.java:456)
	at javafx.graphics@18/com.sun.glass.ui.InvokeLaterDispatcher$Future.run(InvokeLaterDispatcher.java:96)
	at javafx.graphics@18/com.sun.glass.ui.win.WinApplication._runLoop(Native Method)
	at javafx.graphics@18/com.sun.glass.ui.win.WinApplication.lambda$runLoop$3(WinApplication.java:184)
	at java.base/java.lang.Thread.run(Thread.java:833)
Caused by: com.almasb.fxgl.entity.level.LevelLoadingException: No EntityFactory has a method annotated @Spawns()
	at com.almasb.fxgl.entity@17+dev-SNAPSHOT/com.almasb.fxgl.entity.level.tiled.TMXLevelLoader.load(TMXLevelLoader.kt:78)
	at com.almasb.fxgl.all@17+dev-SNAPSHOT/com.almasb.fxgl.app.services.FXGLAssetLoaderService.loadLevel(FXGLAssetLoaderService.kt:446)
	at com.almasb.fxgl.all@17+dev-SNAPSHOT/com.almasb.fxgl.dsl.FXGL$Companion.setLevelFromMap(FXGL.kt:634)
	at com.almasb.fxgl.all@17+dev-SNAPSHOT/com.almasb.fxgl.dsl.FXGL.setLevelFromMap(FXGL.kt)
	at mario.main/com.pioneer10.model.MarioAppTarocco.initGame(MarioAppTarocco.java:88)
	at com.almasb.fxgl.all@17+dev-SNAPSHOT/com.almasb.fxgl.app.FXGLApplication$InitAppTask.initGame(FXGLApplication.kt:339)
	at com.almasb.fxgl.all@17+dev-SNAPSHOT/com.almasb.fxgl.app.FXGLApplication$InitAppTask.call(FXGLApplication.kt:319)
	at com.almasb.fxgl.all@17+dev-SNAPSHOT/com.almasb.fxgl.app.FXGLApplication$InitAppTask.call(FXGLApplication.kt:311)
	at javafx.graphics@18/javafx.concurrent.Task$TaskCallable.call(Task.java:1426)
	at java.base/java.util.concurrent.FutureTask.run(FutureTask.java:264)
	at java.base/java.util.concurrent.Executors$RunnableAdapter.call(Executors.java:539)
	at java.base/java.util.concurrent.FutureTask.run(FutureTask.java:264)
	at java.base/java.util.concurrent.ThreadPoolExecutor.runWorker(ThreadPoolExecutor.java:1136)
	at java.base/java.util.concurrent.ThreadPoolExecutor$Worker.run(ThreadPoolExecutor.java:635)
	... 1 more
Caused by: java.lang.IllegalArgumentException: No EntityFactory has a method annotated @Spawns()
	at com.almasb.fxgl.entity@17+dev-SNAPSHOT/com.almasb.fxgl.entity.GameWorld.create(GameWorld.kt:413)
	at com.almasb.fxgl.entity@17+dev-SNAPSHOT/com.almasb.fxgl.entity.level.tiled.TMXLevelLoader.createObjectLayerEntities(TMXLevelLoader.kt:154)
	at com.almasb.fxgl.entity@17+dev-SNAPSHOT/com.almasb.fxgl.entity.level.tiled.TMXLevelLoader.load(TMXLevelLoader.kt:60)
	... 14 more

00:00:41.589 [JavaFX Application Thread] FATAL FXGLApplication      - Application will now exit
00:00:41.625 [JavaFX Application Thread] DEBUG PrimaryStageWindow   - Push state: ErrorSubScene
00:00:41.625 [JavaFX Application Thread] DEBUG Input                - Clearing active input actions
00:00:41.634 [JavaFX Application Thread] DEBUG GameApplicationServi - Removing overlay from FXGLLoadingScene and adding to ErrorSubScene
00:00:41.635 [JavaFX Application Thread] DEBUG PrimaryStageWindow   - FXGLLoadingScene -> ErrorSubScene
00:00:41.819 [FXGL Background Thread 4 ] DEBUG FXGLAssetLoaderServi - Loading from file system: jar:file:///C:/Users/Manuel/.m2/repository/com/github/almasb/fxgl/17+dev-SNAPSHOT/fxgl-17+dev-20220422.115207-44.jar!/fxglassets/ui/fonts/Abel-Regular.ttf
00:00:41.836 [FXGL Background Thread 4 ] DEBUG FXGLAssetLoaderServi - Loading from file system: jar:file:///C:/Users/Manuel/.m2/repository/com/github/almasb/fxgl/17+dev-SNAPSHOT/fxgl-17+dev-20220422.115207-44.jar!/fxglassets/ui/fonts/TerminalLandMono-Regular.otf
00:00:41.852 [FXGL Background Thread 4 ] DEBUG FXGLAssetLoaderServi - Loading from file system: jar:file:///C:/Users/Manuel/.m2/repository/com/github/almasb/fxgl/17+dev-SNAPSHOT/fxgl-17+dev-20220422.115207-44.jar!/fxglassets/ui/fonts/Courier-Prime.ttf
00:00:42.070 [JavaFX Application Thread] DEBUG FXGLApplication      - Registering font factories with UI factory
00:00:42.568 [FXGL Background Thread 2 ] INFO  UpdaterService       - Your current version:  17+dev-SNAPSHOT
00:00:42.568 [FXGL Background Thread 2 ] INFO  UpdaterService       - Latest stable version: 17.1
00:00:43.840 [FXGL Background Thread 3 ] DEBUG Engine               - Logging environment variables
00:00:43.841 [FXGL Background Thread 3 ] DEBUG Engine               - achievements: []
00:00:43.841 [FXGL Background Thread 3 ] DEBUG Engine               - actualHeight: 640.0
00:00:43.842 [FXGL Background Thread 3 ] DEBUG Engine               - actualHeightProperty: ReadOnlyDoubleProperty [value: 640.0]
00:00:43.842 [FXGL Background Thread 3 ] DEBUG Engine               - actualWidth: 960.0
00:00:43.842 [FXGL Background Thread 3 ] DEBUG Engine               - actualWidthProperty: ReadOnlyDoubleProperty [value: 960.0]
00:00:43.842 [FXGL Background Thread 3 ] DEBUG Engine               - appIcon: fxgl_icon.png
00:00:43.842 [FXGL Background Thread 3 ] DEBUG Engine               - applicationMode: DEVELOPER
00:00:43.843 [FXGL Background Thread 3 ] DEBUG Engine               - cSSList: [fxgl_dark.css]
00:00:43.843 [FXGL Background Thread 3 ] DEBUG Engine               - collisionDetectionStrategy: BRUTE_FORCE
00:00:43.843 [FXGL Background Thread 3 ] DEBUG Engine               - configClass: Optional.empty
00:00:43.843 [FXGL Background Thread 3 ] DEBUG Engine               - credits: []
00:00:43.844 [FXGL Background Thread 3 ] DEBUG Engine               - defaultCursor: CursorInfo(imageName=fxgl_default_cursor.png, hotspotX=7.0, hotspotY=6.0)
00:00:43.844 [FXGL Background Thread 3 ] DEBUG Engine               - devBBoxColorProperty: ObjectProperty [value: 0xff0000ff]
00:00:43.844 [FXGL Background Thread 3 ] DEBUG Engine               - devEnableDebugCameraProperty: BooleanProperty [value: false]
00:00:43.844 [FXGL Background Thread 3 ] DEBUG Engine               - devSensorColorProperty: ObjectProperty [value: 0xffff00ff]
00:00:43.845 [FXGL Background Thread 3 ] DEBUG Engine               - devShowBBoxProperty: BooleanProperty [value: false]
00:00:43.845 [FXGL Background Thread 3 ] DEBUG Engine               - devShowPositionProperty: BooleanProperty [value: false]
00:00:43.845 [FXGL Background Thread 3 ] DEBUG Engine               - enabledMenuItems: []
00:00:43.845 [FXGL Background Thread 3 ] DEBUG Engine               - engineServices: [class com.almasb.fxgl.app.services.FXGLAssetLoaderService, class com.almasb.fxgl.app.FXGLApplication$GameApplicationService, class com.almasb.fxgl.app.services.FXGLDialogService, class com.almasb.fxgl.app.services.IOTaskExecutorService, class com.almasb.fxgl.io.FileSystemService, class com.almasb.fxgl.localization.LocalizationService, class com.almasb.fxgl.app.services.SystemBundleService, class com.almasb.fxgl.profile.SaveLoadService, class com.almasb.fxgl.ui.FXGLUIFactoryServiceProvider, class com.almasb.fxgl.ui.FXGLDialogFactoryServiceProvider, class com.almasb.fxgl.audio.AudioPlayer, class com.almasb.fxgl.notification.impl.NotificationServiceProvider, class com.almasb.fxgl.achievement.AchievementService, class com.almasb.fxgl.cutscene.CutsceneService, class com.almasb.fxgl.minigames.MiniGameService, class com.almasb.fxgl.net.NetService, class com.almasb.fxgl.app.services.UpdaterService, class com.almasb.fxgl.dev.DevService]
00:00:43.845 [FXGL Background Thread 3 ] DEBUG Engine               - fontGame: Abel-Regular.ttf
00:00:43.845 [FXGL Background Thread 3 ] DEBUG Engine               - fontMono: TerminalLandMono-Regular.otf
00:00:43.845 [FXGL Background Thread 3 ] DEBUG Engine               - fontText: Courier-Prime.ttf
00:00:43.845 [FXGL Background Thread 3 ] DEBUG Engine               - fontUI: VarelaRound-Regular.ttf
00:00:43.845 [FXGL Background Thread 3 ] DEBUG Engine               - fullScreen: BooleanProperty [value: false]
00:00:43.846 [FXGL Background Thread 3 ] DEBUG Engine               - gameDifficulty: MEDIUM
00:00:43.846 [FXGL Background Thread 3 ] DEBUG Engine               - gameDifficultyProperty: ObjectProperty [value: MEDIUM]
00:00:43.846 [FXGL Background Thread 3 ] DEBUG Engine               - globalMusicVolume: 0.5
00:00:43.846 [FXGL Background Thread 3 ] DEBUG Engine               - globalMusicVolumeProperty: DoubleProperty [value: 0.5]
00:00:43.846 [FXGL Background Thread 3 ] DEBUG Engine               - globalSoundVolume: 0.5
00:00:43.846 [FXGL Background Thread 3 ] DEBUG Engine               - globalSoundVolumeProperty: DoubleProperty [value: 0.5]
00:00:43.846 [FXGL Background Thread 3 ] DEBUG Engine               - height: 640
00:00:43.847 [FXGL Background Thread 3 ] DEBUG Engine               - is3D: false
00:00:43.847 [FXGL Background Thread 3 ] DEBUG Engine               - isAndroid: false
00:00:43.847 [FXGL Background Thread 3 ] DEBUG Engine               - isBrowser: false
00:00:43.847 [FXGL Background Thread 3 ] DEBUG Engine               - isClickFeedbackEnabled: false
00:00:43.847 [FXGL Background Thread 3 ] DEBUG Engine               - isCloseConfirmation: false
00:00:43.847 [FXGL Background Thread 3 ] DEBUG Engine               - isDesktop: true
00:00:43.847 [FXGL Background Thread 3 ] DEBUG Engine               - isDeveloperMenuEnabled: false
00:00:43.848 [FXGL Background Thread 3 ] DEBUG Engine               - isEmbedded: false
00:00:43.848 [FXGL Background Thread 3 ] DEBUG Engine               - isEntityPreloadEnabled: true
00:00:43.848 [FXGL Background Thread 3 ] DEBUG Engine               - isExperimentalTiledLargeMap: false
00:00:43.848 [FXGL Background Thread 3 ] DEBUG Engine               - isFileSystemWriteAllowed: true
00:00:43.848 [FXGL Background Thread 3 ] DEBUG Engine               - isFullScreenAllowed: false
00:00:43.848 [FXGL Background Thread 3 ] DEBUG Engine               - isFullScreenFromStart: false
00:00:43.848 [FXGL Background Thread 3 ] DEBUG Engine               - isGameMenuEnabled: true
00:00:43.848 [FXGL Background Thread 3 ] DEBUG Engine               - isIOS: false
00:00:43.848 [FXGL Background Thread 3 ] DEBUG Engine               - isIntroEnabled: false
00:00:43.849 [FXGL Background Thread 3 ] DEBUG Engine               - isLinux: false
00:00:43.849 [FXGL Background Thread 3 ] DEBUG Engine               - isMac: false
00:00:43.849 [FXGL Background Thread 3 ] DEBUG Engine               - isMainMenuEnabled: false
00:00:43.849 [FXGL Background Thread 3 ] DEBUG Engine               - isManualResizeEnabled: false
00:00:43.849 [FXGL Background Thread 3 ] DEBUG Engine               - isMobile: false
00:00:43.849 [FXGL Background Thread 3 ] DEBUG Engine               - isNative: false
00:00:43.849 [FXGL Background Thread 3 ] DEBUG Engine               - isPauseMusicWhenMinimized: true
00:00:43.849 [FXGL Background Thread 3 ] DEBUG Engine               - isPreserveResizeRatio: false
00:00:43.849 [FXGL Background Thread 3 ] DEBUG Engine               - isProfilingEnabled: false
00:00:43.850 [FXGL Background Thread 3 ] DEBUG Engine               - isScaleAffectedOnResize: true
00:00:43.850 [FXGL Background Thread 3 ] DEBUG Engine               - isSingleStep: false
00:00:43.850 [FXGL Background Thread 3 ] DEBUG Engine               - isUserProfileEnabled: false
00:00:43.850 [FXGL Background Thread 3 ] DEBUG Engine               - isWindows: true
00:00:43.850 [FXGL Background Thread 3 ] DEBUG Engine               - language: ObjectProperty [value: ENGLISH]
00:00:43.850 [FXGL Background Thread 3 ] DEBUG Engine               - menuKey: ESCAPE
00:00:43.850 [FXGL Background Thread 3 ] DEBUG Engine               - mouseSensitivity: 0.2
00:00:43.850 [FXGL Background Thread 3 ] DEBUG Engine               - notificationViewClass: class com.almasb.fxgl.notification.view.XboxNotificationView
00:00:43.851 [FXGL Background Thread 3 ] DEBUG Engine               - pixelsPerMeter: 50.0
00:00:43.851 [FXGL Background Thread 3 ] DEBUG Engine               - platform: WINDOWS
00:00:43.851 [FXGL Background Thread 3 ] DEBUG Engine               - prefHeightProperty: ReadOnlyDoubleProperty [value: 640.0]
00:00:43.851 [FXGL Background Thread 3 ] DEBUG Engine               - prefWidthProperty: ReadOnlyDoubleProperty [value: 960.0]
00:00:43.851 [FXGL Background Thread 3 ] DEBUG Engine               - profileDir: profiles/
00:00:43.851 [FXGL Background Thread 3 ] DEBUG Engine               - profileName: StringProperty [value: DEFAULT]
00:00:43.851 [FXGL Background Thread 3 ] DEBUG Engine               - randomSeed: -1
00:00:43.852 [FXGL Background Thread 3 ] DEBUG Engine               - runtimeInfo: RuntimeInfo(platform=WINDOWS, version=17+dev-SNAPSHOT, build=22.04.2022 11.52)
00:00:43.852 [FXGL Background Thread 3 ] DEBUG Engine               - saveFileExt: sav
00:00:43.852 [FXGL Background Thread 3 ] DEBUG Engine               - scaledHeightProp$fxgl: DoubleProperty [bound, value: 640.0]
00:00:43.852 [FXGL Background Thread 3 ] DEBUG Engine               - scaledWidthProp$fxgl: DoubleProperty [bound, value: 960.0]
00:00:43.853 [FXGL Background Thread 3 ] DEBUG Engine               - sceneFactory: com.almasb.fxgl.app.scene.SceneFactory@1a1c8b7e
00:00:43.853 [FXGL Background Thread 3 ] DEBUG Engine               - secondsIn24h: 60
00:00:43.854 [FXGL Background Thread 3 ] DEBUG Engine               - soundMenuBack: menu/back.wav
00:00:43.855 [FXGL Background Thread 3 ] DEBUG Engine               - soundMenuPress: menu/press.wav
00:00:43.855 [FXGL Background Thread 3 ] DEBUG Engine               - soundMenuSelect: menu/select.wav
00:00:43.855 [FXGL Background Thread 3 ] DEBUG Engine               - soundNotification: core/notification.wav
00:00:43.855 [FXGL Background Thread 3 ] DEBUG Engine               - stageStyle: DECORATED
00:00:43.856 [FXGL Background Thread 3 ] DEBUG Engine               - supportedLanguages: [ENGLISH, FRENCH, GERMAN, HUNGARIAN, RUSSIAN]
00:00:43.857 [FXGL Background Thread 3 ] DEBUG Engine               - ticksPerSecond: -1
00:00:43.857 [FXGL Background Thread 3 ] DEBUG Engine               - title: Untitled
00:00:43.857 [FXGL Background Thread 3 ] DEBUG Engine               - urlGithub: https://github.com/AlmasB/FXGL
00:00:43.857 [FXGL Background Thread 3 ] DEBUG Engine               - urlLeaderboard: http://fxgl-top.herokuapp.com/
00:00:43.857 [FXGL Background Thread 3 ] DEBUG Engine               - urlPOM: https://raw.githubusercontent.com/AlmasB/FXGL/release/README.md
00:00:43.857 [FXGL Background Thread 3 ] DEBUG Engine               - userAppClass: class com.pioneer10.model.MarioAppTarocco
00:00:43.858 [FXGL Background Thread 3 ] DEBUG Engine               - version: 0.0
00:00:43.858 [FXGL Background Thread 3 ] DEBUG Engine               - versionCheckDays: 7
00:00:43.858 [FXGL Background Thread 3 ] DEBUG Engine               - width: 960
00:00:43.858 [FXGL Background Thread 3 ] DEBUG Engine               - Logging services
00:00:43.858 [FXGL Background Thread 3 ] DEBUG Engine               - class com.almasb.fxgl.app.services.FXGLAssetLoaderService
00:00:43.858 [FXGL Background Thread 3 ] DEBUG Engine               - class com.almasb.fxgl.app.FXGLApplication$GameApplicationService
00:00:43.858 [FXGL Background Thread 3 ] DEBUG Engine               - class com.almasb.fxgl.app.services.FXGLDialogService
00:00:43.858 [FXGL Background Thread 3 ] DEBUG Engine               - class com.almasb.fxgl.app.services.IOTaskExecutorService
00:00:43.858 [FXGL Background Thread 3 ] DEBUG Engine               - class com.almasb.fxgl.io.FileSystemService
00:00:43.858 [FXGL Background Thread 3 ] DEBUG Engine               - class com.almasb.fxgl.localization.LocalizationService
00:00:43.859 [FXGL Background Thread 3 ] DEBUG Engine               - class com.almasb.fxgl.app.services.SystemBundleService
00:00:43.859 [FXGL Background Thread 3 ] DEBUG Engine               - class com.almasb.fxgl.profile.SaveLoadService
00:00:43.859 [FXGL Background Thread 3 ] DEBUG Engine               - class com.almasb.fxgl.ui.FXGLUIFactoryServiceProvider
00:00:43.859 [FXGL Background Thread 3 ] DEBUG Engine               - class com.almasb.fxgl.ui.FXGLDialogFactoryServiceProvider
00:00:43.859 [FXGL Background Thread 3 ] DEBUG Engine               - class com.almasb.fxgl.audio.AudioPlayer
00:00:43.859 [FXGL Background Thread 3 ] DEBUG Engine               - class com.almasb.fxgl.notification.impl.NotificationServiceProvider
00:00:43.859 [FXGL Background Thread 3 ] DEBUG Engine               - class com.almasb.fxgl.achievement.AchievementService
00:00:43.859 [FXGL Background Thread 3 ] DEBUG Engine               - class com.almasb.fxgl.cutscene.CutsceneService
00:00:43.859 [FXGL Background Thread 3 ] DEBUG Engine               - class com.almasb.fxgl.minigames.MiniGameService
00:00:43.859 [FXGL Background Thread 3 ] DEBUG Engine               - class com.almasb.fxgl.net.NetService
00:00:43.859 [FXGL Background Thread 3 ] DEBUG Engine               - class com.almasb.fxgl.app.services.UpdaterService
00:00:43.859 [FXGL Background Thread 3 ] DEBUG Engine               - class com.almasb.fxgl.dev.DevService
00:00:52.714 [JavaFX Application Thread] DEBUG FXGLApplication      - Exiting FXGL
00:00:52.715 [JavaFX Application Thread] DEBUG Async                - Shutting down background threads
00:00:52.716 [JavaFX Application Thread] DEBUG PrimaryStageWindow   - Closing main window
00:00:52.766 [JavaFX Application Thread] DEBUG Logger               - Closing Logger
