18:24:02.302 [main                     ] DEBUG Logger               - Configured Logger
18:24:02.349 [main                     ] DEBUG GameApplication      - Logging settings
Title: Pioneer-10
Giove
Version: 0.0
Width: 1200
Height: 800
Fullscreen: false
Intro: false
Profiling: false
Single step:false
App Mode: DEVELOPER
Menu Key: ESCAPE
Stage Style: DECORATED
Scene Factory: class com.almasb.fxgl.app.scene.SceneFactory

18:24:02.777 [JavaFX Application Thread] DEBUG FXGLApplication      - Initializing FXGL
18:24:02.785 [JavaFX Application Thread] INFO  Engine               - FXGL-17+dev-SNAPSHOT (22.04.2022 11.52) on WINDOWS (J:17 FX:18)
18:24:02.785 [JavaFX Application Thread] DEBUG Engine               - JRE Vendor Name: Oracle Corporation
18:24:02.786 [JavaFX Application Thread] DEBUG Engine               - Running on OS: Windows 10 version 10.0
18:24:02.786 [JavaFX Application Thread] DEBUG Engine               - Architecture: amd64
18:24:02.786 [JavaFX Application Thread] INFO  Engine               - Source code and latest versions at: https://github.com/AlmasB/FXGL
18:24:02.786 [JavaFX Application Thread] INFO  Engine               -       Ask questions and discuss at: https://github.com/AlmasB/FXGL/discussions
18:24:02.786 [JavaFX Application Thread] INFO  Engine               -              Join the FXGL chat at: https://gitter.im/AlmasB/FXGL
18:24:02.895 [JavaFX Application Thread] DEBUG PrimaryStageWindow   - Creating a JavaFX scene
18:24:02.953 [JavaFX Application Thread] DEBUG PrimaryStageWindow   - Target settings size: 1200.0 x 800.0
18:24:02.953 [JavaFX Application Thread] DEBUG PrimaryStageWindow   - Scaled scene size:    1200.0 x 800.0
18:24:02.954 [JavaFX Application Thread] DEBUG PrimaryStageWindow   - Scaled ratio: (1.0, 1.0)
18:24:02.955 [JavaFX Application Thread] DEBUG PrimaryStageWindow   - Set initial scene to FXGLStartupScene
18:24:02.964 [JavaFX Application Thread] DEBUG PrimaryStageWindow   - Opening main window
18:24:03.082 [JavaFX Application Thread] DEBUG PrimaryStageWindow   - Window border size: (14.4000244140625, 37.5999755859375)
18:24:03.082 [JavaFX Application Thread] DEBUG PrimaryStageWindow   - Scaled size: 1200.0 x 800.0
18:24:03.083 [JavaFX Application Thread] DEBUG PrimaryStageWindow   - Scaled ratio: (1.0, 1.0)
18:24:03.084 [JavaFX Application Thread] DEBUG PrimaryStageWindow   - Scene size: 1200.0 x 800.0
18:24:03.084 [JavaFX Application Thread] DEBUG PrimaryStageWindow   - Stage size: 1214.4000244140625 x 837.5999755859375
18:24:03.097 [FXGL Background Thread 1 ] DEBUG Engine               - Initializing environment variables
18:24:03.149 [FXGL Background Thread 1 ] DEBUG FXGLAssetLoaderServi - User app class for loading assets: class com.pioneer10.model.LivGiove
18:24:03.150 [FXGL Background Thread 1 ] DEBUG GameApplicationServi - Applying CSS: fxgl_dark.css
18:24:03.151 [FXGL Background Thread 1 ] DEBUG FXGLAssetLoaderServi - Loading from file system: jar:file:///C:/Users/mattu/.m2/repository/com/github/almasb/fxgl/17+dev-SNAPSHOT/fxgl-17+dev-20220422.115207-44.jar!/fxglassets/ui/css/fxgl_dark.css
18:24:03.221 [FXGL Background Thread 1 ] DEBUG GameApplicationServi - Initializing application scenes
18:24:03.277 [FXGL Background Thread 1 ] DEBUG GameWorld            - Game world initialized
18:24:03.390 [FXGL Background Thread 1 ] DEBUG PhysicsWorld         - Physics world initialized: appHeight=800, physics.ppm=50,0
18:24:03.390 [FXGL Background Thread 1 ] DEBUG PhysicsWorld         - Using strategy: BRUTE_FORCE
18:24:03.401 [FXGL Background Thread 1 ] DEBUG GameScene            - Game scene initialized: 1200x800
18:24:03.427 [FXGL Background Thread 1 ] DEBUG FXGL.DefaultMenu     - createMenuBodyGameMenu()
18:24:03.455 [FXGL Background Thread 1 ] DEBUG FXGL.DefaultMenu     - createOptionsMenu()
18:24:03.471 [FXGL Background Thread 1 ] DEBUG FXGLAssetLoaderServi - Loading from file system: jar:file:///C:/Users/mattu/.m2/repository/com/github/almasb/fxgl/17+dev-SNAPSHOT/fxgl-17+dev-20220422.115207-44.jar!/fxglassets/textures/particles/smoke.png
18:24:03.587 [FXGL Background Thread 1 ] DEBUG FXGLAssetLoaderServi - Loading from file system: jar:file:///C:/Users/mattu/.m2/repository/com/github/almasb/fxgl/17+dev-SNAPSHOT/fxgl-17+dev-20220422.115207-44.jar!/fxglassets/textures/particles/trace_horizontal.png
18:24:03.625 [FXGL Background Thread 1 ] DEBUG GameApplicationServi - Application scenes initialized
18:24:03.641 [FXGL Background Thread 1 ] DEBUG SystemBundleService  - Loading FXGL system data
18:24:03.648 [FXGL Background Thread 1 ] DEBUG FileSystemAccess     - Reading from: D:\FERMI-FEDE\4BIF_2021-2022\Informatica\gioco\system\fxgl.bundle
18:24:03.655 [FXGL Background Thread 1 ] DEBUG SystemBundleService  - Bundle FXGL: {}
18:24:03.655 [FXGL Background Thread 1 ] DEBUG UpdaterService       - Checking for updates
18:24:03.661 [FXGL Background Thread 4 ] DEBUG FXGLApplication      - Loading fonts
18:24:03.661 [FXGL Background Thread 1 ] DEBUG FXGLApplication      - Loading default localization
18:24:03.662 [FXGL Background Thread 4 ] DEBUG FXGLAssetLoaderServi - Loading from file system: jar:file:///C:/Users/mattu/.m2/repository/com/github/almasb/fxgl/17+dev-SNAPSHOT/fxgl-17+dev-20220422.115207-44.jar!/fxglassets/ui/fonts/VarelaRound-Regular.ttf
18:24:03.663 [FXGL Background Thread 1 ] DEBUG FXGLAssetLoaderServi - Loading from file system: jar:file:///C:/Users/mattu/.m2/repository/com/github/almasb/fxgl/17+dev-SNAPSHOT/fxgl-17+dev-20220422.115207-44.jar!/fxglassets/languages/english.lang
18:24:03.687 [FXGL Background Thread 1 ] INFO  FXGLApplication      - FXGL initialization took: 0,590 sec
18:24:03.704 [JavaFX Application Thread] DEBUG Input                - Registered new binding: Left - A
18:24:03.705 [JavaFX Application Thread] DEBUG Input                - Registered new binding: Right - D
18:24:03.705 [JavaFX Application Thread] DEBUG Input                - Registered new binding: Jump - Space
18:24:03.706 [JavaFX Application Thread] DEBUG FXGLAssetLoaderServi - Loading from file system: jar:file:///C:/Users/mattu/.m2/repository/com/github/almasb/fxgl/17+dev-SNAPSHOT/fxgl-17+dev-20220422.115207-44.jar!/fxglassets/textures/fxgl_icon.png
18:24:03.740 [JavaFX Application Thread] DEBUG FXGLAssetLoaderServi - Loading from file system: jar:file:///C:/Users/mattu/.m2/repository/com/github/almasb/fxgl/17+dev-SNAPSHOT/fxgl-17+dev-20220422.115207-44.jar!/fxglassets/textures/fxgl_default_cursor.png
18:24:03.743 [JavaFX Application Thread] DEBUG Input                - Registered new binding: Screenshot - CTRL+8
18:24:03.744 [JavaFX Application Thread] DEBUG Input                - Registered new binding: System info dump - CTRL+9
18:24:03.745 [JavaFX Application Thread] DEBUG Input                - Registered new binding: Restart - CTRL+R
18:24:03.746 [JavaFX Application Thread] DEBUG Input                - Registered new binding: Toggle Debug Camera - CTRL+7
18:24:03.750 [JavaFX Application Thread] DEBUG LoopRunner           - Starting loop
18:24:03.750 [JavaFX Application Thread] DEBUG LoopRunner           - Initializing JavaFX AnimationTimerLoop
18:24:03.752 [JavaFX Application Thread] DEBUG GameApplicationServi - Starting new game
18:24:03.753 [JavaFX Application Thread] DEBUG Input                - Clearing active input actions
18:24:03.770 [JavaFX Application Thread] DEBUG GameApplicationServi - Removing overlay from FXGLStartupScene and adding to FXGLLoadingScene
18:24:03.772 [JavaFX Application Thread] DEBUG PrimaryStageWindow   - FXGLStartupScene -> FXGLLoadingScene
18:24:03.772 [JavaFX Application Thread] DEBUG GameApplicationServi - Clearing previous game
18:24:03.772 [JavaFX Application Thread] DEBUG GameScene            - Clearing game scene
18:24:03.772 [JavaFX Application Thread] DEBUG GameWorld            - Clearing game world
18:24:03.772 [JavaFX Application Thread] DEBUG PhysicsWorld         - Clearing physics world
18:24:03.775 [FXGL Background Thread 1 ] DEBUG FXGLApplication      - Initializing game
18:24:03.829 [FXGL Background Thread 1 ] WARN  TMXLevelLoader       - TiledMap generated from 1.8.4. Supported version: 1.4.2. Some features may not be parsed fully.
18:24:03.897 [FXGL Background Thread 1 ] DEBUG TMXLevelLoader       - Parsed TiledMap: file:/D:/FERMI-FEDE/4BIF_2021-2022/Informatica/gioco/target/classes/assets/levels/Giove/Giove.tmx
18:24:03.899 [FXGL Background Thread 1 ] DEBUG TMXLevelLoader       - Creating tile layer entities
18:24:03.902 [FXGL Background Thread 1 ] DEBUG TilesetLoader        - Loading view for layer Livello tile 1
18:24:03.911 [FXGL Background Thread 1 ] DEBUG TilesetLoader        - Created buffer with size 5760.0x800.0
18:24:03.922 [FXGL Background Thread 4 ] DEBUG FXGLAssetLoaderServi - Loading from file system: jar:file:///C:/Users/mattu/.m2/repository/com/github/almasb/fxgl/17+dev-SNAPSHOT/fxgl-17+dev-20220422.115207-44.jar!/fxglassets/ui/fonts/Abel-Regular.ttf
18:24:03.928 [FXGL Background Thread 4 ] DEBUG FXGLAssetLoaderServi - Loading from file system: jar:file:///C:/Users/mattu/.m2/repository/com/github/almasb/fxgl/17+dev-SNAPSHOT/fxgl-17+dev-20220422.115207-44.jar!/fxglassets/ui/fonts/TerminalLandMono-Regular.otf
18:24:03.934 [FXGL Background Thread 4 ] DEBUG FXGLAssetLoaderServi - Loading from file system: jar:file:///C:/Users/mattu/.m2/repository/com/github/almasb/fxgl/17+dev-SNAPSHOT/fxgl-17+dev-20220422.115207-44.jar!/fxglassets/ui/fonts/Courier-Prime.ttf
18:24:03.964 [FXGL Background Thread 1 ] DEBUG TMXLevelLoader       - Creating object layer entities
18:24:04.109 [JavaFX Application Thread] DEBUG FXGLApplication      - Registering font factories with UI factory
18:24:04.453 [FXGL Background Thread 1 ] DEBUG GameWorld            - Clearing removable entities
18:24:04.454 [FXGL Background Thread 1 ] DEBUG GameWorld            - Setting level: com.almasb.fxgl.entity.level.Level@787e8c0e
18:24:04.561 [FXGL Background Thread 1 ] INFO  FXGLApplication      - Game initialization took: 0,786 sec
18:24:04.567 [JavaFX Application Thread] DEBUG Input                - Clearing active input actions
18:24:04.595 [FXGL Background Thread 2 ] INFO  UpdaterService       - Your current version:  17+dev-SNAPSHOT
18:24:04.595 [JavaFX Application Thread] DEBUG GameApplicationServi - Removing overlay from FXGLLoadingScene and adding to GameScene
18:24:04.596 [JavaFX Application Thread] DEBUG PrimaryStageWindow   - FXGLLoadingScene -> GameScene
18:24:04.595 [FXGL Background Thread 2 ] INFO  UpdaterService       - Latest stable version: 17.1
18:24:06.660 [FXGL Background Thread 3 ] DEBUG Engine               - Logging environment variables
18:24:06.661 [FXGL Background Thread 3 ] DEBUG Engine               - achievements: []
18:24:06.661 [FXGL Background Thread 3 ] DEBUG Engine               - actualHeight: 800.0
18:24:06.661 [FXGL Background Thread 3 ] DEBUG Engine               - actualHeightProperty: ReadOnlyDoubleProperty [value: 800.0]
18:24:06.661 [FXGL Background Thread 3 ] DEBUG Engine               - actualWidth: 1200.0
18:24:06.661 [FXGL Background Thread 3 ] DEBUG Engine               - actualWidthProperty: ReadOnlyDoubleProperty [value: 1200.0]
18:24:06.661 [FXGL Background Thread 3 ] DEBUG Engine               - appIcon: fxgl_icon.png
18:24:06.661 [FXGL Background Thread 3 ] DEBUG Engine               - applicationMode: DEVELOPER
18:24:06.663 [FXGL Background Thread 3 ] DEBUG Engine               - cSSList: [fxgl_dark.css]
18:24:06.663 [FXGL Background Thread 3 ] DEBUG Engine               - collisionDetectionStrategy: BRUTE_FORCE
18:24:06.663 [FXGL Background Thread 3 ] DEBUG Engine               - configClass: Optional.empty
18:24:06.663 [FXGL Background Thread 3 ] DEBUG Engine               - credits: []
18:24:06.663 [FXGL Background Thread 3 ] DEBUG Engine               - defaultCursor: CursorInfo(imageName=fxgl_default_cursor.png, hotspotX=7.0, hotspotY=6.0)
18:24:06.664 [FXGL Background Thread 3 ] DEBUG Engine               - devBBoxColorProperty: ObjectProperty [value: 0xff0000ff]
18:24:06.664 [FXGL Background Thread 3 ] DEBUG Engine               - devEnableDebugCameraProperty: BooleanProperty [value: false]
18:24:06.664 [FXGL Background Thread 3 ] DEBUG Engine               - devSensorColorProperty: ObjectProperty [value: 0xffff00ff]
18:24:06.664 [FXGL Background Thread 3 ] DEBUG Engine               - devShowBBoxProperty: BooleanProperty [value: false]
18:24:06.664 [FXGL Background Thread 3 ] DEBUG Engine               - devShowPositionProperty: BooleanProperty [value: false]
18:24:06.664 [FXGL Background Thread 3 ] DEBUG Engine               - enabledMenuItems: []
18:24:06.664 [FXGL Background Thread 3 ] DEBUG Engine               - engineServices: [class com.almasb.fxgl.app.services.FXGLAssetLoaderService, class com.almasb.fxgl.app.FXGLApplication$GameApplicationService, class com.almasb.fxgl.app.services.FXGLDialogService, class com.almasb.fxgl.app.services.IOTaskExecutorService, class com.almasb.fxgl.io.FileSystemService, class com.almasb.fxgl.localization.LocalizationService, class com.almasb.fxgl.app.services.SystemBundleService, class com.almasb.fxgl.profile.SaveLoadService, class com.almasb.fxgl.ui.FXGLUIFactoryServiceProvider, class com.almasb.fxgl.ui.FXGLDialogFactoryServiceProvider, class com.almasb.fxgl.audio.AudioPlayer, class com.almasb.fxgl.notification.impl.NotificationServiceProvider, class com.almasb.fxgl.achievement.AchievementService, class com.almasb.fxgl.cutscene.CutsceneService, class com.almasb.fxgl.minigames.MiniGameService, class com.almasb.fxgl.net.NetService, class com.almasb.fxgl.app.services.UpdaterService, class com.almasb.fxgl.dev.DevService]
18:24:06.664 [FXGL Background Thread 3 ] DEBUG Engine               - fontGame: Abel-Regular.ttf
18:24:06.664 [FXGL Background Thread 3 ] DEBUG Engine               - fontMono: TerminalLandMono-Regular.otf
18:24:06.664 [FXGL Background Thread 3 ] DEBUG Engine               - fontText: Courier-Prime.ttf
18:24:06.664 [FXGL Background Thread 3 ] DEBUG Engine               - fontUI: VarelaRound-Regular.ttf
18:24:06.664 [FXGL Background Thread 3 ] DEBUG Engine               - fullScreen: BooleanProperty [value: false]
18:24:06.666 [FXGL Background Thread 3 ] DEBUG Engine               - gameDifficulty: MEDIUM
18:24:06.666 [FXGL Background Thread 3 ] DEBUG Engine               - gameDifficultyProperty: ObjectProperty [value: MEDIUM]
18:24:06.666 [FXGL Background Thread 3 ] DEBUG Engine               - globalMusicVolume: 0.5
18:24:06.666 [FXGL Background Thread 3 ] DEBUG Engine               - globalMusicVolumeProperty: DoubleProperty [value: 0.5]
18:24:06.666 [FXGL Background Thread 3 ] DEBUG Engine               - globalSoundVolume: 0.5
18:24:06.666 [FXGL Background Thread 3 ] DEBUG Engine               - globalSoundVolumeProperty: DoubleProperty [value: 0.5]
18:24:06.666 [FXGL Background Thread 3 ] DEBUG Engine               - height: 800
18:24:06.667 [FXGL Background Thread 3 ] DEBUG Engine               - is3D: false
18:24:06.667 [FXGL Background Thread 3 ] DEBUG Engine               - isAndroid: false
18:24:06.667 [FXGL Background Thread 3 ] DEBUG Engine               - isBrowser: false
18:24:06.667 [FXGL Background Thread 3 ] DEBUG Engine               - isClickFeedbackEnabled: false
18:24:06.667 [FXGL Background Thread 3 ] DEBUG Engine               - isCloseConfirmation: false
18:24:06.667 [FXGL Background Thread 3 ] DEBUG Engine               - isDesktop: true
18:24:06.667 [FXGL Background Thread 3 ] DEBUG Engine               - isDeveloperMenuEnabled: false
18:24:06.667 [FXGL Background Thread 3 ] DEBUG Engine               - isEmbedded: false
18:24:06.667 [FXGL Background Thread 3 ] DEBUG Engine               - isEntityPreloadEnabled: true
18:24:06.667 [FXGL Background Thread 3 ] DEBUG Engine               - isExperimentalTiledLargeMap: false
18:24:06.667 [FXGL Background Thread 3 ] DEBUG Engine               - isFileSystemWriteAllowed: true
18:24:06.667 [FXGL Background Thread 3 ] DEBUG Engine               - isFullScreenAllowed: false
18:24:06.667 [FXGL Background Thread 3 ] DEBUG Engine               - isFullScreenFromStart: false
18:24:06.667 [FXGL Background Thread 3 ] DEBUG Engine               - isGameMenuEnabled: true
18:24:06.667 [FXGL Background Thread 3 ] DEBUG Engine               - isIOS: false
18:24:06.667 [FXGL Background Thread 3 ] DEBUG Engine               - isIntroEnabled: false
18:24:06.667 [FXGL Background Thread 3 ] DEBUG Engine               - isLinux: false
18:24:06.667 [FXGL Background Thread 3 ] DEBUG Engine               - isMac: false
18:24:06.668 [FXGL Background Thread 3 ] DEBUG Engine               - isMainMenuEnabled: false
18:24:06.668 [FXGL Background Thread 3 ] DEBUG Engine               - isManualResizeEnabled: false
18:24:06.668 [FXGL Background Thread 3 ] DEBUG Engine               - isMobile: false
18:24:06.668 [FXGL Background Thread 3 ] DEBUG Engine               - isNative: false
18:24:06.668 [FXGL Background Thread 3 ] DEBUG Engine               - isPauseMusicWhenMinimized: true
18:24:06.668 [FXGL Background Thread 3 ] DEBUG Engine               - isPreserveResizeRatio: false
18:24:06.668 [FXGL Background Thread 3 ] DEBUG Engine               - isProfilingEnabled: false
18:24:06.668 [FXGL Background Thread 3 ] DEBUG Engine               - isScaleAffectedOnResize: true
18:24:06.668 [FXGL Background Thread 3 ] DEBUG Engine               - isSingleStep: false
18:24:06.668 [FXGL Background Thread 3 ] DEBUG Engine               - isUserProfileEnabled: false
18:24:06.670 [FXGL Background Thread 3 ] DEBUG Engine               - isWindows: true
18:24:06.670 [FXGL Background Thread 3 ] DEBUG Engine               - language: ObjectProperty [value: ENGLISH]
18:24:06.670 [FXGL Background Thread 3 ] DEBUG Engine               - menuKey: ESCAPE
18:24:06.670 [FXGL Background Thread 3 ] DEBUG Engine               - mouseSensitivity: 0.2
18:24:06.670 [FXGL Background Thread 3 ] DEBUG Engine               - notificationViewClass: class com.almasb.fxgl.notification.view.XboxNotificationView
18:24:06.670 [FXGL Background Thread 3 ] DEBUG Engine               - pixelsPerMeter: 50.0
18:24:06.670 [FXGL Background Thread 3 ] DEBUG Engine               - platform: WINDOWS
18:24:06.671 [FXGL Background Thread 3 ] DEBUG Engine               - prefHeightProperty: ReadOnlyDoubleProperty [value: 800.0]
18:24:06.671 [FXGL Background Thread 3 ] DEBUG Engine               - prefWidthProperty: ReadOnlyDoubleProperty [value: 1200.0]
18:24:06.671 [FXGL Background Thread 3 ] DEBUG Engine               - profileDir: profiles/
18:24:06.671 [FXGL Background Thread 3 ] DEBUG Engine               - profileName: StringProperty [value: DEFAULT]
18:24:06.671 [FXGL Background Thread 3 ] DEBUG Engine               - randomSeed: -1
18:24:06.672 [FXGL Background Thread 3 ] DEBUG Engine               - runtimeInfo: RuntimeInfo(platform=WINDOWS, version=17+dev-SNAPSHOT, build=22.04.2022 11.52)
18:24:06.672 [FXGL Background Thread 3 ] DEBUG Engine               - saveFileExt: sav
18:24:06.672 [FXGL Background Thread 3 ] DEBUG Engine               - scaledHeightProp$fxgl: DoubleProperty [bound, value: 800.0]
18:24:06.672 [FXGL Background Thread 3 ] DEBUG Engine               - scaledWidthProp$fxgl: DoubleProperty [bound, value: 1200.0]
18:24:06.672 [FXGL Background Thread 3 ] DEBUG Engine               - sceneFactory: com.almasb.fxgl.app.scene.SceneFactory@5fb20a71
18:24:06.672 [FXGL Background Thread 3 ] DEBUG Engine               - secondsIn24h: 60
18:24:06.672 [FXGL Background Thread 3 ] DEBUG Engine               - soundMenuBack: menu/back.wav
18:24:06.672 [FXGL Background Thread 3 ] DEBUG Engine               - soundMenuPress: menu/press.wav
18:24:06.672 [FXGL Background Thread 3 ] DEBUG Engine               - soundMenuSelect: menu/select.wav
18:24:06.672 [FXGL Background Thread 3 ] DEBUG Engine               - soundNotification: core/notification.wav
18:24:06.672 [FXGL Background Thread 3 ] DEBUG Engine               - stageStyle: DECORATED
18:24:06.672 [FXGL Background Thread 3 ] DEBUG Engine               - supportedLanguages: [ENGLISH, FRENCH, GERMAN, HUNGARIAN, RUSSIAN]
18:24:06.672 [FXGL Background Thread 3 ] DEBUG Engine               - ticksPerSecond: -1
18:24:06.672 [FXGL Background Thread 3 ] DEBUG Engine               - title: Pioneer-10
Giove
18:24:06.672 [FXGL Background Thread 3 ] DEBUG Engine               - urlGithub: https://github.com/AlmasB/FXGL
18:24:06.673 [FXGL Background Thread 3 ] DEBUG Engine               - urlLeaderboard: http://fxgl-top.herokuapp.com/
18:24:06.673 [FXGL Background Thread 3 ] DEBUG Engine               - urlPOM: https://raw.githubusercontent.com/AlmasB/FXGL/release/README.md
18:24:06.673 [FXGL Background Thread 3 ] DEBUG Engine               - userAppClass: class com.pioneer10.model.LivGiove
18:24:06.673 [FXGL Background Thread 3 ] DEBUG Engine               - version: 0.0
18:24:06.673 [FXGL Background Thread 3 ] DEBUG Engine               - versionCheckDays: 7
18:24:06.673 [FXGL Background Thread 3 ] DEBUG Engine               - width: 1200
18:24:06.673 [FXGL Background Thread 3 ] DEBUG Engine               - Logging services
18:24:06.673 [FXGL Background Thread 3 ] DEBUG Engine               - class com.almasb.fxgl.app.services.FXGLAssetLoaderService
18:24:06.673 [FXGL Background Thread 3 ] DEBUG Engine               - class com.almasb.fxgl.app.FXGLApplication$GameApplicationService
18:24:06.673 [FXGL Background Thread 3 ] DEBUG Engine               - class com.almasb.fxgl.app.services.FXGLDialogService
18:24:06.674 [FXGL Background Thread 3 ] DEBUG Engine               - class com.almasb.fxgl.app.services.IOTaskExecutorService
18:24:06.674 [FXGL Background Thread 3 ] DEBUG Engine               - class com.almasb.fxgl.io.FileSystemService
18:24:06.674 [FXGL Background Thread 3 ] DEBUG Engine               - class com.almasb.fxgl.localization.LocalizationService
18:24:06.674 [FXGL Background Thread 3 ] DEBUG Engine               - class com.almasb.fxgl.app.services.SystemBundleService
18:24:06.674 [FXGL Background Thread 3 ] DEBUG Engine               - class com.almasb.fxgl.profile.SaveLoadService
18:24:06.674 [FXGL Background Thread 3 ] DEBUG Engine               - class com.almasb.fxgl.ui.FXGLUIFactoryServiceProvider
18:24:06.674 [FXGL Background Thread 3 ] DEBUG Engine               - class com.almasb.fxgl.ui.FXGLDialogFactoryServiceProvider
18:24:06.674 [FXGL Background Thread 3 ] DEBUG Engine               - class com.almasb.fxgl.audio.AudioPlayer
18:24:06.675 [FXGL Background Thread 3 ] DEBUG Engine               - class com.almasb.fxgl.notification.impl.NotificationServiceProvider
18:24:06.675 [FXGL Background Thread 3 ] DEBUG Engine               - class com.almasb.fxgl.achievement.AchievementService
18:24:06.675 [FXGL Background Thread 3 ] DEBUG Engine               - class com.almasb.fxgl.cutscene.CutsceneService
18:24:06.675 [FXGL Background Thread 3 ] DEBUG Engine               - class com.almasb.fxgl.minigames.MiniGameService
18:24:06.675 [FXGL Background Thread 3 ] DEBUG Engine               - class com.almasb.fxgl.net.NetService
18:24:06.675 [FXGL Background Thread 3 ] DEBUG Engine               - class com.almasb.fxgl.app.services.UpdaterService
18:24:06.675 [FXGL Background Thread 3 ] DEBUG Engine               - class com.almasb.fxgl.dev.DevService
18:24:28.720 [JavaFX Application Thread] WARN  GameWorld            - Attempted to remove entity which is not active
18:25:43.321 [JavaFX Application Thread] DEBUG FXGLApplication      - Exiting FXGL
18:25:43.321 [JavaFX Application Thread] DEBUG LoopRunner           - Stopping loop
18:25:43.321 [JavaFX Application Thread] DEBUG SystemBundleService  - Saving FXGL system data
18:25:43.324 [JavaFX Application Thread] DEBUG FileSystemAccess     - Writing to: D:\FERMI-FEDE\4BIF_2021-2022\Informatica\gioco\system\fxgl.bundle
18:25:43.326 [JavaFX Application Thread] DEBUG Async                - Shutting down background threads
18:25:43.326 [JavaFX Application Thread] DEBUG PrimaryStageWindow   - Closing main window
18:25:43.340 [JavaFX Application Thread] DEBUG Logger               - Closing Logger
