19:47:04.437 [main                     ] DEBUG Logger               - Configured Logger
19:47:04.453 [main                     ] DEBUG GameApplication      - Logging settings
Title: Pioneer-10
Terra
Version: 0.0
Width: 1200
Height: 640
Fullscreen: false
Intro: false
Profiling: false
Single step:false
App Mode: DEVELOPER
Menu Key: ESCAPE
Stage Style: DECORATED
Scene Factory: class com.almasb.fxgl.app.scene.SceneFactory

19:47:04.859 [JavaFX Application Thread] DEBUG FXGLApplication      - Initializing FXGL
19:47:04.863 [JavaFX Application Thread] INFO  Engine               - FXGL-17+dev-SNAPSHOT (22.04.2022 11.52) on WINDOWS (J:18 FX:18)
19:47:04.863 [JavaFX Application Thread] DEBUG Engine               - JRE Vendor Name: Oracle Corporation
19:47:04.863 [JavaFX Application Thread] DEBUG Engine               - Running on OS: Windows 10 version 10.0
19:47:04.863 [JavaFX Application Thread] DEBUG Engine               - Architecture: amd64
19:47:04.863 [JavaFX Application Thread] INFO  Engine               - Source code and latest versions at: https://github.com/AlmasB/FXGL
19:47:04.863 [JavaFX Application Thread] INFO  Engine               -       Ask questions and discuss at: https://github.com/AlmasB/FXGL/discussions
19:47:04.863 [JavaFX Application Thread] INFO  Engine               -              Join the FXGL chat at: https://gitter.im/AlmasB/FXGL
19:47:04.918 [JavaFX Application Thread] DEBUG PrimaryStageWindow   - Creating a JavaFX scene
19:47:04.945 [JavaFX Application Thread] DEBUG PrimaryStageWindow   - Target settings size: 1200.0 x 640.0
19:47:04.946 [JavaFX Application Thread] DEBUG PrimaryStageWindow   - Scaled scene size:    1200.0 x 640.0
19:47:04.946 [JavaFX Application Thread] DEBUG PrimaryStageWindow   - Scaled ratio: (1.0, 1.0)
19:47:04.946 [JavaFX Application Thread] DEBUG PrimaryStageWindow   - Set initial scene to FXGLStartupScene
19:47:04.950 [JavaFX Application Thread] DEBUG PrimaryStageWindow   - Opening main window
19:47:05.074 [JavaFX Application Thread] DEBUG PrimaryStageWindow   - Window border size: (16.0, 39.0)
19:47:05.074 [JavaFX Application Thread] DEBUG PrimaryStageWindow   - Scaled size: 1200.0 x 640.0
19:47:05.074 [JavaFX Application Thread] DEBUG PrimaryStageWindow   - Scaled ratio: (1.0, 1.0)
19:47:05.074 [JavaFX Application Thread] DEBUG PrimaryStageWindow   - Scene size: 1200.0 x 640.0
19:47:05.074 [JavaFX Application Thread] DEBUG PrimaryStageWindow   - Stage size: 1216.0 x 679.0
19:47:05.079 [FXGL Background Thread 1 ] DEBUG Engine               - Initializing environment variables
19:47:05.108 [FXGL Background Thread 1 ] DEBUG FXGLAssetLoaderServi - User app class for loading assets: class com.pioneer10.model.LivTerra
19:47:05.109 [FXGL Background Thread 1 ] DEBUG GameApplicationServi - Applying CSS: fxgl_dark.css
19:47:05.109 [FXGL Background Thread 1 ] DEBUG FXGLAssetLoaderServi - Loading from file system: jar:file:///C:/Users/mattu/.m2/repository/com/github/almasb/fxgl/17+dev-SNAPSHOT/fxgl-17+dev-20220422.115207-44.jar!/fxglassets/ui/css/fxgl_dark.css
19:47:05.147 [FXGL Background Thread 1 ] DEBUG GameApplicationServi - Initializing application scenes
19:47:05.174 [FXGL Background Thread 1 ] DEBUG GameWorld            - Game world initialized
19:47:05.213 [FXGL Background Thread 1 ] DEBUG PhysicsWorld         - Physics world initialized: appHeight=640, physics.ppm=50,0
19:47:05.213 [FXGL Background Thread 1 ] DEBUG PhysicsWorld         - Using strategy: BRUTE_FORCE
19:47:05.216 [FXGL Background Thread 1 ] DEBUG GameScene            - Game scene initialized: 1200x640
19:47:05.223 [FXGL Background Thread 1 ] DEBUG FXGL.DefaultMenu     - createMenuBodyGameMenu()
19:47:05.232 [FXGL Background Thread 1 ] DEBUG FXGL.DefaultMenu     - createOptionsMenu()
19:47:05.241 [FXGL Background Thread 1 ] DEBUG FXGLAssetLoaderServi - Loading from file system: jar:file:///C:/Users/mattu/.m2/repository/com/github/almasb/fxgl/17+dev-SNAPSHOT/fxgl-17+dev-20220422.115207-44.jar!/fxglassets/textures/particles/smoke.png
19:47:05.292 [FXGL Background Thread 1 ] DEBUG FXGLAssetLoaderServi - Loading from file system: jar:file:///C:/Users/mattu/.m2/repository/com/github/almasb/fxgl/17+dev-SNAPSHOT/fxgl-17+dev-20220422.115207-44.jar!/fxglassets/textures/particles/trace_horizontal.png
19:47:05.309 [FXGL Background Thread 1 ] DEBUG GameApplicationServi - Application scenes initialized
19:47:05.317 [FXGL Background Thread 1 ] DEBUG SystemBundleService  - Loading FXGL system data
19:47:05.320 [FXGL Background Thread 1 ] DEBUG FileSystemAccess     - Reading from: D:\FERMI-FEDE\4BIF_2021-2022\Informatica\Giochi\Pioneer-10\system\fxgl.bundle
19:47:05.325 [FXGL Background Thread 1 ] DEBUG SystemBundleService  - Bundle FXGL: {}
19:47:05.325 [FXGL Background Thread 1 ] DEBUG UpdaterService       - Checking for updates
19:47:05.327 [FXGL Background Thread 4 ] DEBUG FXGLApplication      - Loading fonts
19:47:05.327 [FXGL Background Thread 1 ] DEBUG FXGLApplication      - Loading default localization
19:47:05.328 [FXGL Background Thread 4 ] DEBUG FXGLAssetLoaderServi - Loading from file system: jar:file:///C:/Users/mattu/.m2/repository/com/github/almasb/fxgl/17+dev-SNAPSHOT/fxgl-17+dev-20220422.115207-44.jar!/fxglassets/ui/fonts/VarelaRound-Regular.ttf
19:47:05.328 [FXGL Background Thread 1 ] DEBUG FXGLAssetLoaderServi - Loading from file system: jar:file:///C:/Users/mattu/.m2/repository/com/github/almasb/fxgl/17+dev-SNAPSHOT/fxgl-17+dev-20220422.115207-44.jar!/fxglassets/languages/english.lang
19:47:05.339 [FXGL Background Thread 1 ] INFO  FXGLApplication      - FXGL initialization took: 0,259 sec
19:47:05.344 [JavaFX Application Thread] DEBUG Input                - Registered new binding: Left - A
19:47:05.344 [JavaFX Application Thread] DEBUG Input                - Registered new binding: Right - D
19:47:05.345 [JavaFX Application Thread] DEBUG Input                - Registered new binding: Jump - Space
19:47:05.345 [JavaFX Application Thread] DEBUG FXGLAssetLoaderServi - Loading from file system: jar:file:///C:/Users/mattu/.m2/repository/com/github/almasb/fxgl/17+dev-SNAPSHOT/fxgl-17+dev-20220422.115207-44.jar!/fxglassets/textures/fxgl_icon.png
19:47:05.359 [JavaFX Application Thread] DEBUG FXGLAssetLoaderServi - Loading from file system: jar:file:///C:/Users/mattu/.m2/repository/com/github/almasb/fxgl/17+dev-SNAPSHOT/fxgl-17+dev-20220422.115207-44.jar!/fxglassets/textures/fxgl_default_cursor.png
19:47:05.360 [FXGL Background Thread 4 ] DEBUG FXGLAssetLoaderServi - Loading from file system: jar:file:///C:/Users/mattu/.m2/repository/com/github/almasb/fxgl/17+dev-SNAPSHOT/fxgl-17+dev-20220422.115207-44.jar!/fxglassets/ui/fonts/Abel-Regular.ttf
19:47:05.361 [JavaFX Application Thread] DEBUG Input                - Registered new binding: Screenshot - CTRL+8
19:47:05.361 [JavaFX Application Thread] DEBUG Input                - Registered new binding: System info dump - CTRL+9
19:47:05.362 [JavaFX Application Thread] DEBUG Input                - Registered new binding: Restart - CTRL+R
19:47:05.362 [FXGL Background Thread 4 ] DEBUG FXGLAssetLoaderServi - Loading from file system: jar:file:///C:/Users/mattu/.m2/repository/com/github/almasb/fxgl/17+dev-SNAPSHOT/fxgl-17+dev-20220422.115207-44.jar!/fxglassets/ui/fonts/TerminalLandMono-Regular.otf
19:47:05.362 [JavaFX Application Thread] DEBUG Input                - Registered new binding: Toggle Debug Camera - CTRL+7
19:47:05.365 [JavaFX Application Thread] DEBUG LoopRunner           - Starting loop
19:47:05.365 [JavaFX Application Thread] DEBUG LoopRunner           - Initializing JavaFX AnimationTimerLoop
19:47:05.365 [FXGL Background Thread 4 ] DEBUG FXGLAssetLoaderServi - Loading from file system: jar:file:///C:/Users/mattu/.m2/repository/com/github/almasb/fxgl/17+dev-SNAPSHOT/fxgl-17+dev-20220422.115207-44.jar!/fxglassets/ui/fonts/Courier-Prime.ttf
19:47:05.366 [JavaFX Application Thread] DEBUG GameApplicationServi - Starting new game
19:47:05.366 [JavaFX Application Thread] DEBUG Input                - Clearing active input actions
19:47:05.375 [JavaFX Application Thread] DEBUG GameApplicationServi - Removing overlay from FXGLStartupScene and adding to FXGLLoadingScene
19:47:05.375 [JavaFX Application Thread] DEBUG PrimaryStageWindow   - FXGLStartupScene -> FXGLLoadingScene
19:47:05.375 [JavaFX Application Thread] DEBUG GameApplicationServi - Clearing previous game
19:47:05.375 [JavaFX Application Thread] DEBUG GameScene            - Clearing game scene
19:47:05.375 [JavaFX Application Thread] DEBUG GameWorld            - Clearing game world
19:47:05.375 [JavaFX Application Thread] DEBUG PhysicsWorld         - Clearing physics world
19:47:05.376 [FXGL Background Thread 4 ] DEBUG FXGLApplication      - Initializing game
19:47:05.402 [FXGL Background Thread 4 ] WARN  TMXLevelLoader       - TiledMap generated from 1.8.4. Supported version: 1.4.2. Some features may not be parsed fully.
19:47:05.419 [FXGL Background Thread 4 ] DEBUG TMXLevelLoader       - Parsed TiledMap: file:/D:/FERMI-FEDE/4BIF_2021-2022/Informatica/Giochi/Pioneer-10/target/classes/assets/levels/Terra/MappaTerra.tmx
19:47:05.424 [FXGL Background Thread 4 ] DEBUG TMXLevelLoader       - Creating tile layer entities
19:47:05.425 [FXGL Background Thread 4 ] DEBUG TilesetLoader        - Loading view for layer Livello tile 1
19:47:05.430 [FXGL Background Thread 4 ] DEBUG TilesetLoader        - Created buffer with size 4800.0x640.0
19:47:05.448 [FXGL Background Thread 4 ] WARN  TilesetLoader        - Diagonally flipped tiles are not currently supported
19:47:05.454 [FXGL Background Thread 4 ] WARN  TilesetLoader        - Diagonally flipped tiles are not currently supported
19:47:05.454 [FXGL Background Thread 4 ] WARN  TilesetLoader        - Diagonally flipped tiles are not currently supported
19:47:05.478 [FXGL Background Thread 4 ] WARN  TilesetLoader        - Diagonally flipped tiles are not currently supported
19:47:05.485 [FXGL Background Thread 4 ] WARN  TilesetLoader        - Diagonally flipped tiles are not currently supported
19:47:05.486 [FXGL Background Thread 4 ] DEBUG TilesetLoader        - Loading view for layer Livello tile 2
19:47:05.489 [FXGL Background Thread 4 ] DEBUG TilesetLoader        - Created buffer with size 4800.0x640.0
19:47:05.490 [FXGL Background Thread 4 ] DEBUG TilesetLoader        - Loading view for layer Livello tile 3
19:47:05.493 [FXGL Background Thread 4 ] DEBUG TilesetLoader        - Created buffer with size 4800.0x640.0
19:47:05.494 [FXGL Background Thread 4 ] DEBUG TMXLevelLoader       - Creating object layer entities
19:47:05.559 [FXGL Background Thread 4 ] DEBUG GameWorld            - Clearing removable entities
19:47:05.559 [FXGL Background Thread 4 ] DEBUG GameWorld            - Setting level: com.almasb.fxgl.entity.level.Level@448f979d
19:47:05.602 [FXGL Background Thread 2 ] INFO  UpdaterService       - Your current version:  17+dev-SNAPSHOT
19:47:05.603 [FXGL Background Thread 2 ] INFO  UpdaterService       - Latest stable version: 17.1
19:47:05.605 [FXGL Background Thread 4 ] INFO  FXGLApplication      - Game initialization took: 0,228 sec
19:47:05.612 [JavaFX Application Thread] DEBUG Input                - Clearing active input actions
19:47:05.618 [JavaFX Application Thread] DEBUG GameApplicationServi - Removing overlay from FXGLLoadingScene and adding to GameScene
19:47:05.618 [JavaFX Application Thread] DEBUG PrimaryStageWindow   - FXGLLoadingScene -> GameScene
19:47:08.327 [FXGL Background Thread 3 ] DEBUG Engine               - Logging environment variables
19:47:08.328 [FXGL Background Thread 3 ] DEBUG Engine               - achievements: []
19:47:08.328 [FXGL Background Thread 3 ] DEBUG Engine               - actualHeight: 640.0
19:47:08.328 [FXGL Background Thread 3 ] DEBUG Engine               - actualHeightProperty: ReadOnlyDoubleProperty [value: 640.0]
19:47:08.328 [FXGL Background Thread 3 ] DEBUG Engine               - actualWidth: 1200.0
19:47:08.328 [FXGL Background Thread 3 ] DEBUG Engine               - actualWidthProperty: ReadOnlyDoubleProperty [value: 1200.0]
19:47:08.328 [FXGL Background Thread 3 ] DEBUG Engine               - appIcon: fxgl_icon.png
19:47:08.328 [FXGL Background Thread 3 ] DEBUG Engine               - applicationMode: DEVELOPER
19:47:08.328 [FXGL Background Thread 3 ] DEBUG Engine               - cSSList: [fxgl_dark.css]
19:47:08.328 [FXGL Background Thread 3 ] DEBUG Engine               - collisionDetectionStrategy: BRUTE_FORCE
19:47:08.328 [FXGL Background Thread 3 ] DEBUG Engine               - configClass: Optional.empty
19:47:08.328 [FXGL Background Thread 3 ] DEBUG Engine               - credits: []
19:47:08.328 [FXGL Background Thread 3 ] DEBUG Engine               - defaultCursor: CursorInfo(imageName=fxgl_default_cursor.png, hotspotX=7.0, hotspotY=6.0)
19:47:08.328 [FXGL Background Thread 3 ] DEBUG Engine               - devBBoxColorProperty: ObjectProperty [value: 0xff0000ff]
19:47:08.328 [FXGL Background Thread 3 ] DEBUG Engine               - devEnableDebugCameraProperty: BooleanProperty [value: false]
19:47:08.328 [FXGL Background Thread 3 ] DEBUG Engine               - devSensorColorProperty: ObjectProperty [value: 0xffff00ff]
19:47:08.328 [FXGL Background Thread 3 ] DEBUG Engine               - devShowBBoxProperty: BooleanProperty [value: false]
19:47:08.328 [FXGL Background Thread 3 ] DEBUG Engine               - devShowPositionProperty: BooleanProperty [value: false]
19:47:08.329 [FXGL Background Thread 3 ] DEBUG Engine               - enabledMenuItems: []
19:47:08.329 [FXGL Background Thread 3 ] DEBUG Engine               - engineServices: [class com.almasb.fxgl.app.services.FXGLAssetLoaderService, class com.almasb.fxgl.app.FXGLApplication$GameApplicationService, class com.almasb.fxgl.app.services.FXGLDialogService, class com.almasb.fxgl.app.services.IOTaskExecutorService, class com.almasb.fxgl.io.FileSystemService, class com.almasb.fxgl.localization.LocalizationService, class com.almasb.fxgl.app.services.SystemBundleService, class com.almasb.fxgl.profile.SaveLoadService, class com.almasb.fxgl.ui.FXGLUIFactoryServiceProvider, class com.almasb.fxgl.ui.FXGLDialogFactoryServiceProvider, class com.almasb.fxgl.audio.AudioPlayer, class com.almasb.fxgl.notification.impl.NotificationServiceProvider, class com.almasb.fxgl.achievement.AchievementService, class com.almasb.fxgl.cutscene.CutsceneService, class com.almasb.fxgl.minigames.MiniGameService, class com.almasb.fxgl.net.NetService, class com.almasb.fxgl.app.services.UpdaterService, class com.almasb.fxgl.dev.DevService]
19:47:08.329 [FXGL Background Thread 3 ] DEBUG Engine               - fontGame: Abel-Regular.ttf
19:47:08.329 [FXGL Background Thread 3 ] DEBUG Engine               - fontMono: TerminalLandMono-Regular.otf
19:47:08.329 [FXGL Background Thread 3 ] DEBUG Engine               - fontText: Courier-Prime.ttf
19:47:08.329 [FXGL Background Thread 3 ] DEBUG Engine               - fontUI: VarelaRound-Regular.ttf
19:47:08.329 [FXGL Background Thread 3 ] DEBUG Engine               - fullScreen: BooleanProperty [value: false]
19:47:08.329 [FXGL Background Thread 3 ] DEBUG Engine               - gameDifficulty: MEDIUM
19:47:08.329 [FXGL Background Thread 3 ] DEBUG Engine               - gameDifficultyProperty: ObjectProperty [value: MEDIUM]
19:47:08.329 [FXGL Background Thread 3 ] DEBUG Engine               - globalMusicVolume: 0.5
19:47:08.329 [FXGL Background Thread 3 ] DEBUG Engine               - globalMusicVolumeProperty: DoubleProperty [value: 0.5]
19:47:08.329 [FXGL Background Thread 3 ] DEBUG Engine               - globalSoundVolume: 0.5
19:47:08.329 [FXGL Background Thread 3 ] DEBUG Engine               - globalSoundVolumeProperty: DoubleProperty [value: 0.5]
19:47:08.329 [FXGL Background Thread 3 ] DEBUG Engine               - height: 640
19:47:08.329 [FXGL Background Thread 3 ] DEBUG Engine               - is3D: false
19:47:08.329 [FXGL Background Thread 3 ] DEBUG Engine               - isAndroid: false
19:47:08.329 [FXGL Background Thread 3 ] DEBUG Engine               - isBrowser: false
19:47:08.329 [FXGL Background Thread 3 ] DEBUG Engine               - isClickFeedbackEnabled: false
19:47:08.329 [FXGL Background Thread 3 ] DEBUG Engine               - isCloseConfirmation: false
19:47:08.329 [FXGL Background Thread 3 ] DEBUG Engine               - isDesktop: true
19:47:08.329 [FXGL Background Thread 3 ] DEBUG Engine               - isDeveloperMenuEnabled: false
19:47:08.329 [FXGL Background Thread 3 ] DEBUG Engine               - isEmbedded: false
19:47:08.329 [FXGL Background Thread 3 ] DEBUG Engine               - isEntityPreloadEnabled: true
19:47:08.329 [FXGL Background Thread 3 ] DEBUG Engine               - isExperimentalTiledLargeMap: false
19:47:08.329 [FXGL Background Thread 3 ] DEBUG Engine               - isFileSystemWriteAllowed: true
19:47:08.329 [FXGL Background Thread 3 ] DEBUG Engine               - isFullScreenAllowed: false
19:47:08.329 [FXGL Background Thread 3 ] DEBUG Engine               - isFullScreenFromStart: false
19:47:08.329 [FXGL Background Thread 3 ] DEBUG Engine               - isGameMenuEnabled: true
19:47:08.329 [FXGL Background Thread 3 ] DEBUG Engine               - isIOS: false
19:47:08.330 [FXGL Background Thread 3 ] DEBUG Engine               - isIntroEnabled: false
19:47:08.330 [FXGL Background Thread 3 ] DEBUG Engine               - isLinux: false
19:47:08.330 [FXGL Background Thread 3 ] DEBUG Engine               - isMac: false
19:47:08.330 [FXGL Background Thread 3 ] DEBUG Engine               - isMainMenuEnabled: false
19:47:08.330 [FXGL Background Thread 3 ] DEBUG Engine               - isManualResizeEnabled: false
19:47:08.330 [FXGL Background Thread 3 ] DEBUG Engine               - isMobile: false
19:47:08.330 [FXGL Background Thread 3 ] DEBUG Engine               - isNative: false
19:47:08.330 [FXGL Background Thread 3 ] DEBUG Engine               - isPauseMusicWhenMinimized: true
19:47:08.330 [FXGL Background Thread 3 ] DEBUG Engine               - isPreserveResizeRatio: false
19:47:08.330 [FXGL Background Thread 3 ] DEBUG Engine               - isProfilingEnabled: false
19:47:08.330 [FXGL Background Thread 3 ] DEBUG Engine               - isScaleAffectedOnResize: true
19:47:08.330 [FXGL Background Thread 3 ] DEBUG Engine               - isSingleStep: false
19:47:08.330 [FXGL Background Thread 3 ] DEBUG Engine               - isUserProfileEnabled: false
19:47:08.330 [FXGL Background Thread 3 ] DEBUG Engine               - isWindows: true
19:47:08.330 [FXGL Background Thread 3 ] DEBUG Engine               - language: ObjectProperty [value: ENGLISH]
19:47:08.330 [FXGL Background Thread 3 ] DEBUG Engine               - menuKey: ESCAPE
19:47:08.330 [FXGL Background Thread 3 ] DEBUG Engine               - mouseSensitivity: 0.2
19:47:08.330 [FXGL Background Thread 3 ] DEBUG Engine               - notificationViewClass: class com.almasb.fxgl.notification.view.XboxNotificationView
19:47:08.330 [FXGL Background Thread 3 ] DEBUG Engine               - pixelsPerMeter: 50.0
19:47:08.330 [FXGL Background Thread 3 ] DEBUG Engine               - platform: WINDOWS
19:47:08.330 [FXGL Background Thread 3 ] DEBUG Engine               - prefHeightProperty: ReadOnlyDoubleProperty [value: 640.0]
19:47:08.330 [FXGL Background Thread 3 ] DEBUG Engine               - prefWidthProperty: ReadOnlyDoubleProperty [value: 1200.0]
19:47:08.330 [FXGL Background Thread 3 ] DEBUG Engine               - profileDir: profiles/
19:47:08.330 [FXGL Background Thread 3 ] DEBUG Engine               - profileName: StringProperty [value: DEFAULT]
19:47:08.330 [FXGL Background Thread 3 ] DEBUG Engine               - randomSeed: -1
19:47:08.331 [FXGL Background Thread 3 ] DEBUG Engine               - runtimeInfo: RuntimeInfo(platform=WINDOWS, version=17+dev-SNAPSHOT, build=22.04.2022 11.52)
19:47:08.331 [FXGL Background Thread 3 ] DEBUG Engine               - saveFileExt: sav
19:47:08.331 [FXGL Background Thread 3 ] DEBUG Engine               - scaledHeightProp$fxgl: DoubleProperty [bound, value: 640.0]
19:47:08.331 [FXGL Background Thread 3 ] DEBUG Engine               - scaledWidthProp$fxgl: DoubleProperty [bound, value: 1200.0]
19:47:08.331 [FXGL Background Thread 3 ] DEBUG Engine               - sceneFactory: com.almasb.fxgl.app.scene.SceneFactory@1c413618
19:47:08.331 [FXGL Background Thread 3 ] DEBUG Engine               - secondsIn24h: 60
19:47:08.331 [FXGL Background Thread 3 ] DEBUG Engine               - soundMenuBack: menu/back.wav
19:47:08.331 [FXGL Background Thread 3 ] DEBUG Engine               - soundMenuPress: menu/press.wav
19:47:08.331 [FXGL Background Thread 3 ] DEBUG Engine               - soundMenuSelect: menu/select.wav
19:47:08.331 [FXGL Background Thread 3 ] DEBUG Engine               - soundNotification: core/notification.wav
19:47:08.331 [FXGL Background Thread 3 ] DEBUG Engine               - stageStyle: DECORATED
19:47:08.331 [FXGL Background Thread 3 ] DEBUG Engine               - supportedLanguages: [ENGLISH, FRENCH, GERMAN, HUNGARIAN, RUSSIAN]
19:47:08.331 [FXGL Background Thread 3 ] DEBUG Engine               - ticksPerSecond: -1
19:47:08.331 [FXGL Background Thread 3 ] DEBUG Engine               - title: Pioneer-10
Terra
19:47:08.331 [FXGL Background Thread 3 ] DEBUG Engine               - urlGithub: https://github.com/AlmasB/FXGL
19:47:08.331 [FXGL Background Thread 3 ] DEBUG Engine               - urlLeaderboard: http://fxgl-top.herokuapp.com/
19:47:08.331 [FXGL Background Thread 3 ] DEBUG Engine               - urlPOM: https://raw.githubusercontent.com/AlmasB/FXGL/release/README.md
19:47:08.331 [FXGL Background Thread 3 ] DEBUG Engine               - userAppClass: class com.pioneer10.model.LivTerra
19:47:08.331 [FXGL Background Thread 3 ] DEBUG Engine               - version: 0.0
19:47:08.331 [FXGL Background Thread 3 ] DEBUG Engine               - versionCheckDays: 7
19:47:08.331 [FXGL Background Thread 3 ] DEBUG Engine               - width: 1200
19:47:08.331 [FXGL Background Thread 3 ] DEBUG Engine               - Logging services
19:47:08.331 [FXGL Background Thread 3 ] DEBUG Engine               - class com.almasb.fxgl.app.services.FXGLAssetLoaderService
19:47:08.331 [FXGL Background Thread 3 ] DEBUG Engine               - class com.almasb.fxgl.app.FXGLApplication$GameApplicationService
19:47:08.331 [FXGL Background Thread 3 ] DEBUG Engine               - class com.almasb.fxgl.app.services.FXGLDialogService
19:47:08.331 [FXGL Background Thread 3 ] DEBUG Engine               - class com.almasb.fxgl.app.services.IOTaskExecutorService
19:47:08.331 [FXGL Background Thread 3 ] DEBUG Engine               - class com.almasb.fxgl.io.FileSystemService
19:47:08.331 [FXGL Background Thread 3 ] DEBUG Engine               - class com.almasb.fxgl.localization.LocalizationService
19:47:08.331 [FXGL Background Thread 3 ] DEBUG Engine               - class com.almasb.fxgl.app.services.SystemBundleService
19:47:08.331 [FXGL Background Thread 3 ] DEBUG Engine               - class com.almasb.fxgl.profile.SaveLoadService
19:47:08.332 [FXGL Background Thread 3 ] DEBUG Engine               - class com.almasb.fxgl.ui.FXGLUIFactoryServiceProvider
19:47:08.332 [FXGL Background Thread 3 ] DEBUG Engine               - class com.almasb.fxgl.ui.FXGLDialogFactoryServiceProvider
19:47:08.332 [FXGL Background Thread 3 ] DEBUG Engine               - class com.almasb.fxgl.audio.AudioPlayer
19:47:08.332 [FXGL Background Thread 3 ] DEBUG Engine               - class com.almasb.fxgl.notification.impl.NotificationServiceProvider
19:47:08.332 [FXGL Background Thread 3 ] DEBUG Engine               - class com.almasb.fxgl.achievement.AchievementService
19:47:08.332 [FXGL Background Thread 3 ] DEBUG Engine               - class com.almasb.fxgl.cutscene.CutsceneService
19:47:08.332 [FXGL Background Thread 3 ] DEBUG Engine               - class com.almasb.fxgl.minigames.MiniGameService
19:47:08.332 [FXGL Background Thread 3 ] DEBUG Engine               - class com.almasb.fxgl.net.NetService
19:47:08.332 [FXGL Background Thread 3 ] DEBUG Engine               - class com.almasb.fxgl.app.services.UpdaterService
19:47:08.332 [FXGL Background Thread 3 ] DEBUG Engine               - class com.almasb.fxgl.dev.DevService
19:47:12.593 [JavaFX Application Thread] DEBUG FXGLApplication      - Exiting FXGL
19:47:12.593 [JavaFX Application Thread] DEBUG LoopRunner           - Stopping loop
19:47:12.593 [JavaFX Application Thread] DEBUG SystemBundleService  - Saving FXGL system data
19:47:12.594 [JavaFX Application Thread] DEBUG FileSystemAccess     - Writing to: D:\FERMI-FEDE\4BIF_2021-2022\Informatica\Giochi\Pioneer-10\system\fxgl.bundle
19:47:12.596 [JavaFX Application Thread] DEBUG Async                - Shutting down background threads
19:47:12.597 [JavaFX Application Thread] DEBUG PrimaryStageWindow   - Closing main window
19:47:12.605 [JavaFX Application Thread] DEBUG Logger               - Closing Logger
