20:07:11.459 [main                     ] DEBUG Logger               - Configured Logger
20:07:11.475 [main                     ] DEBUG GameApplication      - Logging settings
Title: Pioneer-10
Terra
Version: 0.0
Width: 1200
Height: 640
Fullscreen: false
Intro: false
Profiling: false
Single step:false
App Mode: DEVELOPER
Menu Key: ESCAPE
Stage Style: DECORATED
Scene Factory: class com.almasb.fxgl.app.scene.SceneFactory

20:07:11.907 [JavaFX Application Thread] DEBUG FXGLApplication      - Initializing FXGL
20:07:11.911 [JavaFX Application Thread] INFO  Engine               - FXGL-17+dev-SNAPSHOT (22.04.2022 11.52) on WINDOWS (J:18 FX:18)
20:07:11.911 [JavaFX Application Thread] DEBUG Engine               - JRE Vendor Name: Oracle Corporation
20:07:11.911 [JavaFX Application Thread] DEBUG Engine               - Running on OS: Windows 10 version 10.0
20:07:11.911 [JavaFX Application Thread] DEBUG Engine               - Architecture: amd64
20:07:11.911 [JavaFX Application Thread] INFO  Engine               - Source code and latest versions at: https://github.com/AlmasB/FXGL
20:07:11.911 [JavaFX Application Thread] INFO  Engine               -       Ask questions and discuss at: https://github.com/AlmasB/FXGL/discussions
20:07:11.912 [JavaFX Application Thread] INFO  Engine               -              Join the FXGL chat at: https://gitter.im/AlmasB/FXGL
20:07:11.966 [JavaFX Application Thread] DEBUG PrimaryStageWindow   - Creating a JavaFX scene
20:07:11.992 [JavaFX Application Thread] DEBUG PrimaryStageWindow   - Target settings size: 1200.0 x 640.0
20:07:11.992 [JavaFX Application Thread] DEBUG PrimaryStageWindow   - Scaled scene size:    1200.0 x 640.0
20:07:11.992 [JavaFX Application Thread] DEBUG PrimaryStageWindow   - Scaled ratio: (1.0, 1.0)
20:07:11.993 [JavaFX Application Thread] DEBUG PrimaryStageWindow   - Set initial scene to FXGLStartupScene
20:07:11.997 [JavaFX Application Thread] DEBUG PrimaryStageWindow   - Opening main window
20:07:12.111 [JavaFX Application Thread] DEBUG PrimaryStageWindow   - Window border size: (16.0, 39.0)
20:07:12.111 [JavaFX Application Thread] DEBUG PrimaryStageWindow   - Scaled size: 1200.0 x 640.0
20:07:12.111 [JavaFX Application Thread] DEBUG PrimaryStageWindow   - Scaled ratio: (1.0, 1.0)
20:07:12.111 [JavaFX Application Thread] DEBUG PrimaryStageWindow   - Scene size: 1200.0 x 640.0
20:07:12.112 [JavaFX Application Thread] DEBUG PrimaryStageWindow   - Stage size: 1216.0 x 679.0
20:07:12.116 [FXGL Background Thread 1 ] DEBUG Engine               - Initializing environment variables
20:07:12.148 [FXGL Background Thread 1 ] DEBUG FXGLAssetLoaderServi - User app class for loading assets: class com.pioneer10.model.LivTerra
20:07:12.149 [FXGL Background Thread 1 ] DEBUG GameApplicationServi - Applying CSS: fxgl_dark.css
20:07:12.149 [FXGL Background Thread 1 ] DEBUG FXGLAssetLoaderServi - Loading from file system: jar:file:///C:/Users/mattu/.m2/repository/com/github/almasb/fxgl/17+dev-SNAPSHOT/fxgl-17+dev-20220422.115207-44.jar!/fxglassets/ui/css/fxgl_dark.css
20:07:12.185 [FXGL Background Thread 1 ] DEBUG GameApplicationServi - Initializing application scenes
20:07:12.217 [FXGL Background Thread 1 ] DEBUG GameWorld            - Game world initialized
20:07:12.259 [FXGL Background Thread 1 ] DEBUG PhysicsWorld         - Physics world initialized: appHeight=640, physics.ppm=50,0
20:07:12.259 [FXGL Background Thread 1 ] DEBUG PhysicsWorld         - Using strategy: BRUTE_FORCE
20:07:12.263 [FXGL Background Thread 1 ] DEBUG GameScene            - Game scene initialized: 1200x640
20:07:12.270 [FXGL Background Thread 1 ] DEBUG FXGL.DefaultMenu     - createMenuBodyGameMenu()
20:07:12.280 [FXGL Background Thread 1 ] DEBUG FXGL.DefaultMenu     - createOptionsMenu()
20:07:12.302 [FXGL Background Thread 1 ] DEBUG FXGLAssetLoaderServi - Loading from file system: jar:file:///C:/Users/mattu/.m2/repository/com/github/almasb/fxgl/17+dev-SNAPSHOT/fxgl-17+dev-20220422.115207-44.jar!/fxglassets/textures/particles/smoke.png
20:07:12.360 [FXGL Background Thread 1 ] DEBUG FXGLAssetLoaderServi - Loading from file system: jar:file:///C:/Users/mattu/.m2/repository/com/github/almasb/fxgl/17+dev-SNAPSHOT/fxgl-17+dev-20220422.115207-44.jar!/fxglassets/textures/particles/trace_horizontal.png
20:07:12.382 [FXGL Background Thread 1 ] DEBUG GameApplicationServi - Application scenes initialized
20:07:12.390 [FXGL Background Thread 1 ] DEBUG SystemBundleService  - Loading FXGL system data
20:07:12.392 [FXGL Background Thread 1 ] DEBUG FileSystemAccess     - Reading from: D:\FERMI-FEDE\4BIF_2021-2022\Informatica\Giochi\Pioneer-10\system\fxgl.bundle
20:07:12.398 [FXGL Background Thread 1 ] DEBUG SystemBundleService  - Bundle FXGL: {}
20:07:12.398 [FXGL Background Thread 1 ] DEBUG UpdaterService       - Checking for updates
20:07:12.401 [FXGL Background Thread 4 ] DEBUG FXGLApplication      - Loading fonts
20:07:12.401 [FXGL Background Thread 1 ] DEBUG FXGLApplication      - Loading default localization
20:07:12.401 [FXGL Background Thread 4 ] DEBUG FXGLAssetLoaderServi - Loading from file system: jar:file:///C:/Users/mattu/.m2/repository/com/github/almasb/fxgl/17+dev-SNAPSHOT/fxgl-17+dev-20220422.115207-44.jar!/fxglassets/ui/fonts/VarelaRound-Regular.ttf
20:07:12.402 [FXGL Background Thread 1 ] DEBUG FXGLAssetLoaderServi - Loading from file system: jar:file:///C:/Users/mattu/.m2/repository/com/github/almasb/fxgl/17+dev-SNAPSHOT/fxgl-17+dev-20220422.115207-44.jar!/fxglassets/languages/english.lang
20:07:12.417 [FXGL Background Thread 1 ] INFO  FXGLApplication      - FXGL initialization took: 0,301 sec
20:07:12.427 [JavaFX Application Thread] DEBUG Input                - Registered new binding: Left - A
20:07:12.427 [JavaFX Application Thread] DEBUG Input                - Registered new binding: Right - D
20:07:12.427 [JavaFX Application Thread] DEBUG Input                - Registered new binding: Jump - Space
20:07:12.428 [JavaFX Application Thread] DEBUG FXGLAssetLoaderServi - Loading from file system: jar:file:///C:/Users/mattu/.m2/repository/com/github/almasb/fxgl/17+dev-SNAPSHOT/fxgl-17+dev-20220422.115207-44.jar!/fxglassets/textures/fxgl_icon.png
20:07:12.444 [JavaFX Application Thread] DEBUG FXGLAssetLoaderServi - Loading from file system: jar:file:///C:/Users/mattu/.m2/repository/com/github/almasb/fxgl/17+dev-SNAPSHOT/fxgl-17+dev-20220422.115207-44.jar!/fxglassets/textures/fxgl_default_cursor.png
20:07:12.445 [FXGL Background Thread 4 ] DEBUG FXGLAssetLoaderServi - Loading from file system: jar:file:///C:/Users/mattu/.m2/repository/com/github/almasb/fxgl/17+dev-SNAPSHOT/fxgl-17+dev-20220422.115207-44.jar!/fxglassets/ui/fonts/Abel-Regular.ttf
20:07:12.446 [JavaFX Application Thread] DEBUG Input                - Registered new binding: Screenshot - CTRL+8
20:07:12.446 [JavaFX Application Thread] DEBUG Input                - Registered new binding: System info dump - CTRL+9
20:07:12.447 [JavaFX Application Thread] DEBUG Input                - Registered new binding: Restart - CTRL+R
20:07:12.447 [JavaFX Application Thread] DEBUG Input                - Registered new binding: Toggle Debug Camera - CTRL+7
20:07:12.447 [FXGL Background Thread 4 ] DEBUG FXGLAssetLoaderServi - Loading from file system: jar:file:///C:/Users/mattu/.m2/repository/com/github/almasb/fxgl/17+dev-SNAPSHOT/fxgl-17+dev-20220422.115207-44.jar!/fxglassets/ui/fonts/TerminalLandMono-Regular.otf
20:07:12.448 [JavaFX Application Thread] DEBUG LoopRunner           - Starting loop
20:07:12.448 [JavaFX Application Thread] DEBUG LoopRunner           - Initializing JavaFX AnimationTimerLoop
20:07:12.449 [JavaFX Application Thread] DEBUG GameApplicationServi - Starting new game
20:07:12.449 [FXGL Background Thread 4 ] DEBUG FXGLAssetLoaderServi - Loading from file system: jar:file:///C:/Users/mattu/.m2/repository/com/github/almasb/fxgl/17+dev-SNAPSHOT/fxgl-17+dev-20220422.115207-44.jar!/fxglassets/ui/fonts/Courier-Prime.ttf
20:07:12.450 [JavaFX Application Thread] DEBUG Input                - Clearing active input actions
20:07:12.458 [JavaFX Application Thread] DEBUG GameApplicationServi - Removing overlay from FXGLStartupScene and adding to FXGLLoadingScene
20:07:12.459 [JavaFX Application Thread] DEBUG PrimaryStageWindow   - FXGLStartupScene -> FXGLLoadingScene
20:07:12.459 [JavaFX Application Thread] DEBUG GameApplicationServi - Clearing previous game
20:07:12.459 [JavaFX Application Thread] DEBUG GameScene            - Clearing game scene
20:07:12.459 [JavaFX Application Thread] DEBUG GameWorld            - Clearing game world
20:07:12.459 [JavaFX Application Thread] DEBUG PhysicsWorld         - Clearing physics world
20:07:12.460 [JavaFX Application Thread] DEBUG FXGLApplication      - Registering font factories with UI factory
20:07:12.460 [FXGL Background Thread 4 ] DEBUG FXGLApplication      - Initializing game
20:07:12.482 [FXGL Background Thread 4 ] WARN  TMXLevelLoader       - TiledMap generated from 1.8.4. Supported version: 1.4.2. Some features may not be parsed fully.
20:07:12.509 [FXGL Background Thread 4 ] DEBUG TMXLevelLoader       - Parsed TiledMap: file:/D:/FERMI-FEDE/4BIF_2021-2022/Informatica/Giochi/Pioneer-10/target/classes/assets/levels/Terra/MappaTerra.tmx
20:07:12.510 [FXGL Background Thread 4 ] DEBUG TMXLevelLoader       - Creating tile layer entities
20:07:12.511 [FXGL Background Thread 4 ] DEBUG TilesetLoader        - Loading view for layer Livello tile 1
20:07:12.514 [FXGL Background Thread 4 ] DEBUG TilesetLoader        - Created buffer with size 4800.0x640.0
20:07:12.536 [FXGL Background Thread 4 ] WARN  TilesetLoader        - Diagonally flipped tiles are not currently supported
20:07:12.542 [FXGL Background Thread 4 ] WARN  TilesetLoader        - Diagonally flipped tiles are not currently supported
20:07:12.542 [FXGL Background Thread 4 ] WARN  TilesetLoader        - Diagonally flipped tiles are not currently supported
20:07:12.571 [FXGL Background Thread 4 ] WARN  TilesetLoader        - Diagonally flipped tiles are not currently supported
20:07:12.577 [FXGL Background Thread 4 ] WARN  TilesetLoader        - Diagonally flipped tiles are not currently supported
20:07:12.579 [FXGL Background Thread 4 ] DEBUG TilesetLoader        - Loading view for layer Livello tile 2
20:07:12.580 [FXGL Background Thread 4 ] DEBUG TilesetLoader        - Created buffer with size 4800.0x640.0
20:07:12.582 [FXGL Background Thread 4 ] DEBUG TilesetLoader        - Loading view for layer Livello tile 3
20:07:12.587 [FXGL Background Thread 4 ] DEBUG TilesetLoader        - Created buffer with size 4800.0x640.0
20:07:12.588 [FXGL Background Thread 4 ] DEBUG TMXLevelLoader       - Creating object layer entities
20:07:12.668 [FXGL Background Thread 4 ] DEBUG GameWorld            - Clearing removable entities
20:07:12.668 [FXGL Background Thread 4 ] DEBUG GameWorld            - Setting level: com.almasb.fxgl.entity.level.Level@7f84f351
20:07:12.710 [FXGL Background Thread 2 ] INFO  UpdaterService       - Your current version:  17+dev-SNAPSHOT
20:07:12.710 [FXGL Background Thread 2 ] INFO  UpdaterService       - Latest stable version: 17.1
20:07:12.734 [FXGL Background Thread 4 ] INFO  FXGLApplication      - Game initialization took: 0,274 sec
20:07:12.739 [JavaFX Application Thread] DEBUG Input                - Clearing active input actions
20:07:12.748 [JavaFX Application Thread] DEBUG GameApplicationServi - Removing overlay from FXGLLoadingScene and adding to GameScene
20:07:12.748 [JavaFX Application Thread] DEBUG PrimaryStageWindow   - FXGLLoadingScene -> GameScene
20:07:15.402 [FXGL Background Thread 3 ] DEBUG Engine               - Logging environment variables
20:07:15.402 [FXGL Background Thread 3 ] DEBUG Engine               - achievements: []
20:07:15.402 [FXGL Background Thread 3 ] DEBUG Engine               - actualHeight: 640.0
20:07:15.402 [FXGL Background Thread 3 ] DEBUG Engine               - actualHeightProperty: ReadOnlyDoubleProperty [value: 640.0]
20:07:15.402 [FXGL Background Thread 3 ] DEBUG Engine               - actualWidth: 1200.0
20:07:15.402 [FXGL Background Thread 3 ] DEBUG Engine               - actualWidthProperty: ReadOnlyDoubleProperty [value: 1200.0]
20:07:15.402 [FXGL Background Thread 3 ] DEBUG Engine               - appIcon: fxgl_icon.png
20:07:15.402 [FXGL Background Thread 3 ] DEBUG Engine               - applicationMode: DEVELOPER
20:07:15.402 [FXGL Background Thread 3 ] DEBUG Engine               - cSSList: [fxgl_dark.css]
20:07:15.402 [FXGL Background Thread 3 ] DEBUG Engine               - collisionDetectionStrategy: BRUTE_FORCE
20:07:15.402 [FXGL Background Thread 3 ] DEBUG Engine               - configClass: Optional.empty
20:07:15.403 [FXGL Background Thread 3 ] DEBUG Engine               - credits: []
20:07:15.403 [FXGL Background Thread 3 ] DEBUG Engine               - defaultCursor: CursorInfo(imageName=fxgl_default_cursor.png, hotspotX=7.0, hotspotY=6.0)
20:07:15.403 [FXGL Background Thread 3 ] DEBUG Engine               - devBBoxColorProperty: ObjectProperty [value: 0xff0000ff]
20:07:15.403 [FXGL Background Thread 3 ] DEBUG Engine               - devEnableDebugCameraProperty: BooleanProperty [value: false]
20:07:15.403 [FXGL Background Thread 3 ] DEBUG Engine               - devSensorColorProperty: ObjectProperty [value: 0xffff00ff]
20:07:15.403 [FXGL Background Thread 3 ] DEBUG Engine               - devShowBBoxProperty: BooleanProperty [value: false]
20:07:15.403 [FXGL Background Thread 3 ] DEBUG Engine               - devShowPositionProperty: BooleanProperty [value: false]
20:07:15.403 [FXGL Background Thread 3 ] DEBUG Engine               - enabledMenuItems: []
20:07:15.403 [FXGL Background Thread 3 ] DEBUG Engine               - engineServices: [class com.almasb.fxgl.app.services.FXGLAssetLoaderService, class com.almasb.fxgl.app.FXGLApplication$GameApplicationService, class com.almasb.fxgl.app.services.FXGLDialogService, class com.almasb.fxgl.app.services.IOTaskExecutorService, class com.almasb.fxgl.io.FileSystemService, class com.almasb.fxgl.localization.LocalizationService, class com.almasb.fxgl.app.services.SystemBundleService, class com.almasb.fxgl.profile.SaveLoadService, class com.almasb.fxgl.ui.FXGLUIFactoryServiceProvider, class com.almasb.fxgl.ui.FXGLDialogFactoryServiceProvider, class com.almasb.fxgl.audio.AudioPlayer, class com.almasb.fxgl.notification.impl.NotificationServiceProvider, class com.almasb.fxgl.achievement.AchievementService, class com.almasb.fxgl.cutscene.CutsceneService, class com.almasb.fxgl.minigames.MiniGameService, class com.almasb.fxgl.net.NetService, class com.almasb.fxgl.app.services.UpdaterService, class com.almasb.fxgl.dev.DevService]
20:07:15.403 [FXGL Background Thread 3 ] DEBUG Engine               - fontGame: Abel-Regular.ttf
20:07:15.403 [FXGL Background Thread 3 ] DEBUG Engine               - fontMono: TerminalLandMono-Regular.otf
20:07:15.403 [FXGL Background Thread 3 ] DEBUG Engine               - fontText: Courier-Prime.ttf
20:07:15.403 [FXGL Background Thread 3 ] DEBUG Engine               - fontUI: VarelaRound-Regular.ttf
20:07:15.403 [FXGL Background Thread 3 ] DEBUG Engine               - fullScreen: BooleanProperty [value: false]
20:07:15.403 [FXGL Background Thread 3 ] DEBUG Engine               - gameDifficulty: MEDIUM
20:07:15.403 [FXGL Background Thread 3 ] DEBUG Engine               - gameDifficultyProperty: ObjectProperty [value: MEDIUM]
20:07:15.403 [FXGL Background Thread 3 ] DEBUG Engine               - globalMusicVolume: 0.5
20:07:15.403 [FXGL Background Thread 3 ] DEBUG Engine               - globalMusicVolumeProperty: DoubleProperty [value: 0.5]
20:07:15.403 [FXGL Background Thread 3 ] DEBUG Engine               - globalSoundVolume: 0.5
20:07:15.403 [FXGL Background Thread 3 ] DEBUG Engine               - globalSoundVolumeProperty: DoubleProperty [value: 0.5]
20:07:15.403 [FXGL Background Thread 3 ] DEBUG Engine               - height: 640
20:07:15.403 [FXGL Background Thread 3 ] DEBUG Engine               - is3D: false
20:07:15.403 [FXGL Background Thread 3 ] DEBUG Engine               - isAndroid: false
20:07:15.404 [FXGL Background Thread 3 ] DEBUG Engine               - isBrowser: false
20:07:15.404 [FXGL Background Thread 3 ] DEBUG Engine               - isClickFeedbackEnabled: false
20:07:15.404 [FXGL Background Thread 3 ] DEBUG Engine               - isCloseConfirmation: false
20:07:15.404 [FXGL Background Thread 3 ] DEBUG Engine               - isDesktop: true
20:07:15.404 [FXGL Background Thread 3 ] DEBUG Engine               - isDeveloperMenuEnabled: false
20:07:15.404 [FXGL Background Thread 3 ] DEBUG Engine               - isEmbedded: false
20:07:15.404 [FXGL Background Thread 3 ] DEBUG Engine               - isEntityPreloadEnabled: true
20:07:15.404 [FXGL Background Thread 3 ] DEBUG Engine               - isExperimentalTiledLargeMap: false
20:07:15.404 [FXGL Background Thread 3 ] DEBUG Engine               - isFileSystemWriteAllowed: true
20:07:15.404 [FXGL Background Thread 3 ] DEBUG Engine               - isFullScreenAllowed: false
20:07:15.404 [FXGL Background Thread 3 ] DEBUG Engine               - isFullScreenFromStart: false
20:07:15.404 [FXGL Background Thread 3 ] DEBUG Engine               - isGameMenuEnabled: true
20:07:15.404 [FXGL Background Thread 3 ] DEBUG Engine               - isIOS: false
20:07:15.404 [FXGL Background Thread 3 ] DEBUG Engine               - isIntroEnabled: false
20:07:15.404 [FXGL Background Thread 3 ] DEBUG Engine               - isLinux: false
20:07:15.404 [FXGL Background Thread 3 ] DEBUG Engine               - isMac: false
20:07:15.404 [FXGL Background Thread 3 ] DEBUG Engine               - isMainMenuEnabled: false
20:07:15.404 [FXGL Background Thread 3 ] DEBUG Engine               - isManualResizeEnabled: false
20:07:15.404 [FXGL Background Thread 3 ] DEBUG Engine               - isMobile: false
20:07:15.404 [FXGL Background Thread 3 ] DEBUG Engine               - isNative: false
20:07:15.404 [FXGL Background Thread 3 ] DEBUG Engine               - isPauseMusicWhenMinimized: true
20:07:15.404 [FXGL Background Thread 3 ] DEBUG Engine               - isPreserveResizeRatio: false
20:07:15.404 [FXGL Background Thread 3 ] DEBUG Engine               - isProfilingEnabled: false
20:07:15.404 [FXGL Background Thread 3 ] DEBUG Engine               - isScaleAffectedOnResize: true
20:07:15.404 [FXGL Background Thread 3 ] DEBUG Engine               - isSingleStep: false
20:07:15.404 [FXGL Background Thread 3 ] DEBUG Engine               - isUserProfileEnabled: false
20:07:15.404 [FXGL Background Thread 3 ] DEBUG Engine               - isWindows: true
20:07:15.404 [FXGL Background Thread 3 ] DEBUG Engine               - language: ObjectProperty [value: ENGLISH]
20:07:15.404 [FXGL Background Thread 3 ] DEBUG Engine               - menuKey: ESCAPE
20:07:15.404 [FXGL Background Thread 3 ] DEBUG Engine               - mouseSensitivity: 0.2
20:07:15.404 [FXGL Background Thread 3 ] DEBUG Engine               - notificationViewClass: class com.almasb.fxgl.notification.view.XboxNotificationView
20:07:15.405 [FXGL Background Thread 3 ] DEBUG Engine               - pixelsPerMeter: 50.0
20:07:15.405 [FXGL Background Thread 3 ] DEBUG Engine               - platform: WINDOWS
20:07:15.405 [FXGL Background Thread 3 ] DEBUG Engine               - prefHeightProperty: ReadOnlyDoubleProperty [value: 640.0]
20:07:15.405 [FXGL Background Thread 3 ] DEBUG Engine               - prefWidthProperty: ReadOnlyDoubleProperty [value: 1200.0]
20:07:15.405 [FXGL Background Thread 3 ] DEBUG Engine               - profileDir: profiles/
20:07:15.405 [FXGL Background Thread 3 ] DEBUG Engine               - profileName: StringProperty [value: DEFAULT]
20:07:15.405 [FXGL Background Thread 3 ] DEBUG Engine               - randomSeed: -1
20:07:15.405 [FXGL Background Thread 3 ] DEBUG Engine               - runtimeInfo: RuntimeInfo(platform=WINDOWS, version=17+dev-SNAPSHOT, build=22.04.2022 11.52)
20:07:15.405 [FXGL Background Thread 3 ] DEBUG Engine               - saveFileExt: sav
20:07:15.405 [FXGL Background Thread 3 ] DEBUG Engine               - scaledHeightProp$fxgl: DoubleProperty [bound, value: 640.0]
20:07:15.405 [FXGL Background Thread 3 ] DEBUG Engine               - scaledWidthProp$fxgl: DoubleProperty [bound, value: 1200.0]
20:07:15.405 [FXGL Background Thread 3 ] DEBUG Engine               - sceneFactory: com.almasb.fxgl.app.scene.SceneFactory@23dbab96
20:07:15.405 [FXGL Background Thread 3 ] DEBUG Engine               - secondsIn24h: 60
20:07:15.405 [FXGL Background Thread 3 ] DEBUG Engine               - soundMenuBack: menu/back.wav
20:07:15.405 [FXGL Background Thread 3 ] DEBUG Engine               - soundMenuPress: menu/press.wav
20:07:15.405 [FXGL Background Thread 3 ] DEBUG Engine               - soundMenuSelect: menu/select.wav
20:07:15.405 [FXGL Background Thread 3 ] DEBUG Engine               - soundNotification: core/notification.wav
20:07:15.405 [FXGL Background Thread 3 ] DEBUG Engine               - stageStyle: DECORATED
20:07:15.405 [FXGL Background Thread 3 ] DEBUG Engine               - supportedLanguages: [ENGLISH, FRENCH, GERMAN, HUNGARIAN, RUSSIAN]
20:07:15.405 [FXGL Background Thread 3 ] DEBUG Engine               - ticksPerSecond: -1
20:07:15.405 [FXGL Background Thread 3 ] DEBUG Engine               - title: Pioneer-10
Terra
20:07:15.405 [FXGL Background Thread 3 ] DEBUG Engine               - urlGithub: https://github.com/AlmasB/FXGL
20:07:15.405 [FXGL Background Thread 3 ] DEBUG Engine               - urlLeaderboard: http://fxgl-top.herokuapp.com/
20:07:15.405 [FXGL Background Thread 3 ] DEBUG Engine               - urlPOM: https://raw.githubusercontent.com/AlmasB/FXGL/release/README.md
20:07:15.405 [FXGL Background Thread 3 ] DEBUG Engine               - userAppClass: class com.pioneer10.model.LivTerra
20:07:15.405 [FXGL Background Thread 3 ] DEBUG Engine               - version: 0.0
20:07:15.405 [FXGL Background Thread 3 ] DEBUG Engine               - versionCheckDays: 7
20:07:15.405 [FXGL Background Thread 3 ] DEBUG Engine               - width: 1200
20:07:15.405 [FXGL Background Thread 3 ] DEBUG Engine               - Logging services
20:07:15.405 [FXGL Background Thread 3 ] DEBUG Engine               - class com.almasb.fxgl.app.services.FXGLAssetLoaderService
20:07:15.405 [FXGL Background Thread 3 ] DEBUG Engine               - class com.almasb.fxgl.app.FXGLApplication$GameApplicationService
20:07:15.405 [FXGL Background Thread 3 ] DEBUG Engine               - class com.almasb.fxgl.app.services.FXGLDialogService
20:07:15.405 [FXGL Background Thread 3 ] DEBUG Engine               - class com.almasb.fxgl.app.services.IOTaskExecutorService
20:07:15.405 [FXGL Background Thread 3 ] DEBUG Engine               - class com.almasb.fxgl.io.FileSystemService
20:07:15.405 [FXGL Background Thread 3 ] DEBUG Engine               - class com.almasb.fxgl.localization.LocalizationService
20:07:15.405 [FXGL Background Thread 3 ] DEBUG Engine               - class com.almasb.fxgl.app.services.SystemBundleService
20:07:15.406 [FXGL Background Thread 3 ] DEBUG Engine               - class com.almasb.fxgl.profile.SaveLoadService
20:07:15.406 [FXGL Background Thread 3 ] DEBUG Engine               - class com.almasb.fxgl.ui.FXGLUIFactoryServiceProvider
20:07:15.406 [FXGL Background Thread 3 ] DEBUG Engine               - class com.almasb.fxgl.ui.FXGLDialogFactoryServiceProvider
20:07:15.406 [FXGL Background Thread 3 ] DEBUG Engine               - class com.almasb.fxgl.audio.AudioPlayer
20:07:15.406 [FXGL Background Thread 3 ] DEBUG Engine               - class com.almasb.fxgl.notification.impl.NotificationServiceProvider
20:07:15.406 [FXGL Background Thread 3 ] DEBUG Engine               - class com.almasb.fxgl.achievement.AchievementService
20:07:15.406 [FXGL Background Thread 3 ] DEBUG Engine               - class com.almasb.fxgl.cutscene.CutsceneService
20:07:15.406 [FXGL Background Thread 3 ] DEBUG Engine               - class com.almasb.fxgl.minigames.MiniGameService
20:07:15.406 [FXGL Background Thread 3 ] DEBUG Engine               - class com.almasb.fxgl.net.NetService
20:07:15.406 [FXGL Background Thread 3 ] DEBUG Engine               - class com.almasb.fxgl.app.services.UpdaterService
20:07:15.406 [FXGL Background Thread 3 ] DEBUG Engine               - class com.almasb.fxgl.dev.DevService
20:07:19.053 [JavaFX Application Thread] DEBUG FXGLApplication      - Exiting FXGL
20:07:19.053 [JavaFX Application Thread] DEBUG LoopRunner           - Stopping loop
20:07:19.053 [JavaFX Application Thread] DEBUG SystemBundleService  - Saving FXGL system data
20:07:19.054 [JavaFX Application Thread] DEBUG FileSystemAccess     - Writing to: D:\FERMI-FEDE\4BIF_2021-2022\Informatica\Giochi\Pioneer-10\system\fxgl.bundle
20:07:19.056 [JavaFX Application Thread] DEBUG Async                - Shutting down background threads
20:07:19.056 [JavaFX Application Thread] DEBUG PrimaryStageWindow   - Closing main window
20:07:19.066 [JavaFX Application Thread] DEBUG Logger               - Closing Logger
