11:43:45.600 [main                     ] DEBUG Logger               - Configured Logger
11:43:45.694 [main                     ] DEBUG GameApplication      - Logging settings
Title: Pioneer-10
Marte
Version: 0.0
Width: 1200
Height: 640
Fullscreen: false
Intro: false
Profiling: false
Single step:false
App Mode: DEVELOPER
Menu Key: ESCAPE
Stage Style: DECORATED
Scene Factory: class com.almasb.fxgl.app.scene.SceneFactory

11:43:46.356 [JavaFX Application Thread] DEBUG FXGLApplication      - Initializing FXGL
11:43:46.370 [JavaFX Application Thread] INFO  Engine               - FXGL-17+dev-SNAPSHOT (22.04.2022 11.52) on WINDOWS (J:17 FX:18)
11:43:46.371 [JavaFX Application Thread] DEBUG Engine               - JRE Vendor Name: Oracle Corporation
11:43:46.371 [JavaFX Application Thread] DEBUG Engine               - Running on OS: Windows 10 version 10.0
11:43:46.372 [JavaFX Application Thread] DEBUG Engine               - Architecture: amd64
11:43:46.372 [JavaFX Application Thread] INFO  Engine               - Source code and latest versions at: https://github.com/AlmasB/FXGL
11:43:46.373 [JavaFX Application Thread] INFO  Engine               -       Ask questions and discuss at: https://github.com/AlmasB/FXGL/discussions
11:43:46.373 [JavaFX Application Thread] INFO  Engine               -              Join the FXGL chat at: https://gitter.im/AlmasB/FXGL
11:43:46.539 [JavaFX Application Thread] DEBUG PrimaryStageWindow   - Creating a JavaFX scene
11:43:46.626 [JavaFX Application Thread] DEBUG PrimaryStageWindow   - Target settings size: 1200.0 x 640.0
11:43:46.627 [JavaFX Application Thread] DEBUG PrimaryStageWindow   - Scaled scene size:    1200.0 x 640.0
11:43:46.627 [JavaFX Application Thread] DEBUG PrimaryStageWindow   - Scaled ratio: (1.0, 1.0)
11:43:46.630 [JavaFX Application Thread] DEBUG PrimaryStageWindow   - Set initial scene to FXGLStartupScene
11:43:46.644 [JavaFX Application Thread] DEBUG PrimaryStageWindow   - Opening main window
11:43:46.825 [JavaFX Application Thread] DEBUG PrimaryStageWindow   - Window border size: (14.4000244140625, 37.5999755859375)
11:43:46.827 [JavaFX Application Thread] DEBUG PrimaryStageWindow   - Scaled size: 1200.0 x 640.0
11:43:46.829 [JavaFX Application Thread] DEBUG PrimaryStageWindow   - Scaled ratio: (1.0, 1.0)
11:43:46.830 [JavaFX Application Thread] DEBUG PrimaryStageWindow   - Scene size: 1200.0 x 640.0
11:43:46.832 [JavaFX Application Thread] DEBUG PrimaryStageWindow   - Stage size: 1214.4000244140625 x 677.5999755859375
11:43:46.856 [FXGL Background Thread 1 ] DEBUG Engine               - Initializing environment variables
11:43:46.937 [FXGL Background Thread 1 ] DEBUG FXGLAssetLoaderServi - User app class for loading assets: class com.pioneer10.model.LivMarte
11:43:46.938 [FXGL Background Thread 1 ] DEBUG GameApplicationServi - Applying CSS: fxgl_dark.css
11:43:46.941 [FXGL Background Thread 1 ] DEBUG FXGLAssetLoaderServi - Loading from file system: jar:file:///C:/Users/mattu/.m2/repository/com/github/almasb/fxgl/17+dev-SNAPSHOT/fxgl-17+dev-20220422.115207-44.jar!/fxglassets/ui/css/fxgl_dark.css
11:43:47.058 [FXGL Background Thread 1 ] DEBUG GameApplicationServi - Initializing application scenes
11:43:47.153 [FXGL Background Thread 1 ] DEBUG GameWorld            - Game world initialized
11:43:47.288 [FXGL Background Thread 1 ] DEBUG PhysicsWorld         - Physics world initialized: appHeight=640, physics.ppm=50,0
11:43:47.290 [FXGL Background Thread 1 ] DEBUG PhysicsWorld         - Using strategy: BRUTE_FORCE
11:43:47.303 [FXGL Background Thread 1 ] DEBUG GameScene            - Game scene initialized: 1200x640
11:43:47.335 [FXGL Background Thread 1 ] DEBUG FXGL.DefaultMenu     - createMenuBodyGameMenu()
11:43:47.369 [FXGL Background Thread 1 ] DEBUG FXGL.DefaultMenu     - createOptionsMenu()
11:43:47.400 [FXGL Background Thread 1 ] DEBUG FXGLAssetLoaderServi - Loading from file system: jar:file:///C:/Users/mattu/.m2/repository/com/github/almasb/fxgl/17+dev-SNAPSHOT/fxgl-17+dev-20220422.115207-44.jar!/fxglassets/textures/particles/smoke.png
11:43:47.569 [FXGL Background Thread 1 ] DEBUG FXGLAssetLoaderServi - Loading from file system: jar:file:///C:/Users/mattu/.m2/repository/com/github/almasb/fxgl/17+dev-SNAPSHOT/fxgl-17+dev-20220422.115207-44.jar!/fxglassets/textures/particles/trace_horizontal.png
11:43:47.625 [FXGL Background Thread 1 ] DEBUG GameApplicationServi - Application scenes initialized
11:43:47.649 [FXGL Background Thread 1 ] DEBUG SystemBundleService  - Loading FXGL system data
11:43:47.658 [FXGL Background Thread 1 ] DEBUG FileSystemAccess     - Reading from: D:\FERMI-FEDE\4BIF_2021-2022\Informatica\gioco\system\fxgl.bundle
11:43:47.669 [FXGL Background Thread 1 ] DEBUG SystemBundleService  - Bundle FXGL: {}
11:43:47.669 [FXGL Background Thread 1 ] DEBUG UpdaterService       - Checking for updates
11:43:47.679 [FXGL Background Thread 4 ] DEBUG FXGLApplication      - Loading fonts
11:43:47.681 [FXGL Background Thread 1 ] DEBUG FXGLApplication      - Loading default localization
11:43:47.681 [FXGL Background Thread 4 ] DEBUG FXGLAssetLoaderServi - Loading from file system: jar:file:///C:/Users/mattu/.m2/repository/com/github/almasb/fxgl/17+dev-SNAPSHOT/fxgl-17+dev-20220422.115207-44.jar!/fxglassets/ui/fonts/VarelaRound-Regular.ttf
11:43:47.682 [FXGL Background Thread 1 ] DEBUG FXGLAssetLoaderServi - Loading from file system: jar:file:///C:/Users/mattu/.m2/repository/com/github/almasb/fxgl/17+dev-SNAPSHOT/fxgl-17+dev-20220422.115207-44.jar!/fxglassets/languages/english.lang
11:43:47.721 [FXGL Background Thread 1 ] INFO  FXGLApplication      - FXGL initialization took: 0,864 sec
11:43:47.750 [JavaFX Application Thread] DEBUG Input                - Registered new binding: Left - A
11:43:47.751 [JavaFX Application Thread] DEBUG Input                - Registered new binding: Right - D
11:43:47.752 [JavaFX Application Thread] DEBUG Input                - Registered new binding: Jump - Space
11:43:47.753 [JavaFX Application Thread] DEBUG FXGLAssetLoaderServi - Loading from file system: jar:file:///C:/Users/mattu/.m2/repository/com/github/almasb/fxgl/17+dev-SNAPSHOT/fxgl-17+dev-20220422.115207-44.jar!/fxglassets/textures/fxgl_icon.png
11:43:47.801 [JavaFX Application Thread] DEBUG FXGLAssetLoaderServi - Loading from file system: jar:file:///C:/Users/mattu/.m2/repository/com/github/almasb/fxgl/17+dev-SNAPSHOT/fxgl-17+dev-20220422.115207-44.jar!/fxglassets/textures/fxgl_default_cursor.png
11:43:47.806 [JavaFX Application Thread] DEBUG Input                - Registered new binding: Screenshot - CTRL+8
11:43:47.808 [JavaFX Application Thread] DEBUG Input                - Registered new binding: System info dump - CTRL+9
11:43:47.809 [JavaFX Application Thread] DEBUG Input                - Registered new binding: Restart - CTRL+R
11:43:47.811 [JavaFX Application Thread] DEBUG Input                - Registered new binding: Toggle Debug Camera - CTRL+7
11:43:47.818 [JavaFX Application Thread] DEBUG LoopRunner           - Starting loop
11:43:47.818 [JavaFX Application Thread] DEBUG LoopRunner           - Initializing JavaFX AnimationTimerLoop
11:43:47.821 [JavaFX Application Thread] DEBUG GameApplicationServi - Starting new game
11:43:47.823 [JavaFX Application Thread] DEBUG Input                - Clearing active input actions
11:43:47.830 [FXGL Background Thread 4 ] DEBUG FXGLAssetLoaderServi - Loading from file system: jar:file:///C:/Users/mattu/.m2/repository/com/github/almasb/fxgl/17+dev-SNAPSHOT/fxgl-17+dev-20220422.115207-44.jar!/fxglassets/ui/fonts/Abel-Regular.ttf
11:43:47.838 [FXGL Background Thread 4 ] DEBUG FXGLAssetLoaderServi - Loading from file system: jar:file:///C:/Users/mattu/.m2/repository/com/github/almasb/fxgl/17+dev-SNAPSHOT/fxgl-17+dev-20220422.115207-44.jar!/fxglassets/ui/fonts/TerminalLandMono-Regular.otf
11:43:47.848 [JavaFX Application Thread] DEBUG GameApplicationServi - Removing overlay from FXGLStartupScene and adding to FXGLLoadingScene
11:43:47.848 [FXGL Background Thread 4 ] DEBUG FXGLAssetLoaderServi - Loading from file system: jar:file:///C:/Users/mattu/.m2/repository/com/github/almasb/fxgl/17+dev-SNAPSHOT/fxgl-17+dev-20220422.115207-44.jar!/fxglassets/ui/fonts/Courier-Prime.ttf
11:43:47.849 [JavaFX Application Thread] DEBUG PrimaryStageWindow   - FXGLStartupScene -> FXGLLoadingScene
11:43:47.850 [JavaFX Application Thread] DEBUG GameApplicationServi - Clearing previous game
11:43:47.851 [JavaFX Application Thread] DEBUG GameScene            - Clearing game scene
11:43:47.851 [JavaFX Application Thread] DEBUG GameWorld            - Clearing game world
11:43:47.851 [JavaFX Application Thread] DEBUG PhysicsWorld         - Clearing physics world
11:43:47.855 [FXGL Background Thread 1 ] DEBUG FXGLApplication      - Initializing game
11:43:47.937 [FXGL Background Thread 1 ] WARN  TMXLevelLoader       - TiledMap generated from 1.8.4. Supported version: 1.4.2. Some features may not be parsed fully.
11:43:47.949 [JavaFX Application Thread] DEBUG FXGLApplication      - Registering font factories with UI factory
11:43:47.995 [FXGL Background Thread 1 ] DEBUG TMXLevelLoader       - Parsed TiledMap: file:/D:/FERMI-FEDE/4BIF_2021-2022/Informatica/gioco/target/classes/assets/levels/Marte/Marte.tmx
11:43:47.997 [FXGL Background Thread 1 ] DEBUG TMXLevelLoader       - Creating tile layer entities
11:43:48.001 [FXGL Background Thread 1 ] DEBUG TilesetLoader        - Loading view for layer Livello tile 1
11:43:48.006 [FXGL Background Thread 1 ] DEBUG TilesetLoader        - Created buffer with size 2880.0x400.0
11:43:48.046 [FXGL Background Thread 1 ] DEBUG TMXLevelLoader       - Creating object layer entities
11:43:48.567 [FXGL Background Thread 1 ] DEBUG GameWorld            - Clearing removable entities
11:43:48.568 [FXGL Background Thread 1 ] DEBUG GameWorld            - Setting level: com.almasb.fxgl.entity.level.Level@4e1abed0
11:43:48.575 [FXGL Background Thread 2 ] INFO  UpdaterService       - Your current version:  17+dev-SNAPSHOT
11:43:48.576 [FXGL Background Thread 2 ] INFO  UpdaterService       - Latest stable version: 17.1
11:43:48.603 [FXGL Background Thread 1 ] INFO  FXGLApplication      - Game initialization took: 0,748 sec
11:43:48.605 [JavaFX Application Thread] DEBUG Input                - Clearing active input actions
11:43:48.631 [JavaFX Application Thread] DEBUG GameApplicationServi - Removing overlay from FXGLLoadingScene and adding to GameScene
11:43:48.632 [JavaFX Application Thread] DEBUG PrimaryStageWindow   - FXGLLoadingScene -> GameScene
11:43:50.676 [FXGL Background Thread 3 ] DEBUG Engine               - Logging environment variables
11:43:50.679 [FXGL Background Thread 3 ] DEBUG Engine               - achievements: []
11:43:50.680 [FXGL Background Thread 3 ] DEBUG Engine               - actualHeight: 640.0
11:43:50.680 [FXGL Background Thread 3 ] DEBUG Engine               - actualHeightProperty: ReadOnlyDoubleProperty [value: 640.0]
11:43:50.680 [FXGL Background Thread 3 ] DEBUG Engine               - actualWidth: 1200.0
11:43:50.681 [FXGL Background Thread 3 ] DEBUG Engine               - actualWidthProperty: ReadOnlyDoubleProperty [value: 1200.0]
11:43:50.681 [FXGL Background Thread 3 ] DEBUG Engine               - appIcon: fxgl_icon.png
11:43:50.681 [FXGL Background Thread 3 ] DEBUG Engine               - applicationMode: DEVELOPER
11:43:50.682 [FXGL Background Thread 3 ] DEBUG Engine               - cSSList: [fxgl_dark.css]
11:43:50.682 [FXGL Background Thread 3 ] DEBUG Engine               - collisionDetectionStrategy: BRUTE_FORCE
11:43:50.682 [FXGL Background Thread 3 ] DEBUG Engine               - configClass: Optional.empty
11:43:50.682 [FXGL Background Thread 3 ] DEBUG Engine               - credits: []
11:43:50.684 [FXGL Background Thread 3 ] DEBUG Engine               - defaultCursor: CursorInfo(imageName=fxgl_default_cursor.png, hotspotX=7.0, hotspotY=6.0)
11:43:50.685 [FXGL Background Thread 3 ] DEBUG Engine               - devBBoxColorProperty: ObjectProperty [value: 0xff0000ff]
11:43:50.685 [FXGL Background Thread 3 ] DEBUG Engine               - devEnableDebugCameraProperty: BooleanProperty [value: false]
11:43:50.685 [FXGL Background Thread 3 ] DEBUG Engine               - devSensorColorProperty: ObjectProperty [value: 0xffff00ff]
11:43:50.685 [FXGL Background Thread 3 ] DEBUG Engine               - devShowBBoxProperty: BooleanProperty [value: false]
11:43:50.686 [FXGL Background Thread 3 ] DEBUG Engine               - devShowPositionProperty: BooleanProperty [value: false]
11:43:50.686 [FXGL Background Thread 3 ] DEBUG Engine               - enabledMenuItems: []
11:43:50.686 [FXGL Background Thread 3 ] DEBUG Engine               - engineServices: [class com.almasb.fxgl.app.services.FXGLAssetLoaderService, class com.almasb.fxgl.app.FXGLApplication$GameApplicationService, class com.almasb.fxgl.app.services.FXGLDialogService, class com.almasb.fxgl.app.services.IOTaskExecutorService, class com.almasb.fxgl.io.FileSystemService, class com.almasb.fxgl.localization.LocalizationService, class com.almasb.fxgl.app.services.SystemBundleService, class com.almasb.fxgl.profile.SaveLoadService, class com.almasb.fxgl.ui.FXGLUIFactoryServiceProvider, class com.almasb.fxgl.ui.FXGLDialogFactoryServiceProvider, class com.almasb.fxgl.audio.AudioPlayer, class com.almasb.fxgl.notification.impl.NotificationServiceProvider, class com.almasb.fxgl.achievement.AchievementService, class com.almasb.fxgl.cutscene.CutsceneService, class com.almasb.fxgl.minigames.MiniGameService, class com.almasb.fxgl.net.NetService, class com.almasb.fxgl.app.services.UpdaterService, class com.almasb.fxgl.dev.DevService]
11:43:50.686 [FXGL Background Thread 3 ] DEBUG Engine               - fontGame: Abel-Regular.ttf
11:43:50.687 [FXGL Background Thread 3 ] DEBUG Engine               - fontMono: TerminalLandMono-Regular.otf
11:43:50.687 [FXGL Background Thread 3 ] DEBUG Engine               - fontText: Courier-Prime.ttf
11:43:50.687 [FXGL Background Thread 3 ] DEBUG Engine               - fontUI: VarelaRound-Regular.ttf
11:43:50.687 [FXGL Background Thread 3 ] DEBUG Engine               - fullScreen: BooleanProperty [value: false]
11:43:50.687 [FXGL Background Thread 3 ] DEBUG Engine               - gameDifficulty: MEDIUM
11:43:50.687 [FXGL Background Thread 3 ] DEBUG Engine               - gameDifficultyProperty: ObjectProperty [value: MEDIUM]
11:43:50.687 [FXGL Background Thread 3 ] DEBUG Engine               - globalMusicVolume: 0.5
11:43:50.688 [FXGL Background Thread 3 ] DEBUG Engine               - globalMusicVolumeProperty: DoubleProperty [value: 0.5]
11:43:50.688 [FXGL Background Thread 3 ] DEBUG Engine               - globalSoundVolume: 0.5
11:43:50.688 [FXGL Background Thread 3 ] DEBUG Engine               - globalSoundVolumeProperty: DoubleProperty [value: 0.5]
11:43:50.688 [FXGL Background Thread 3 ] DEBUG Engine               - height: 640
11:43:50.688 [FXGL Background Thread 3 ] DEBUG Engine               - is3D: false
11:43:50.689 [FXGL Background Thread 3 ] DEBUG Engine               - isAndroid: false
11:43:50.689 [FXGL Background Thread 3 ] DEBUG Engine               - isBrowser: false
11:43:50.689 [FXGL Background Thread 3 ] DEBUG Engine               - isClickFeedbackEnabled: false
11:43:50.689 [FXGL Background Thread 3 ] DEBUG Engine               - isCloseConfirmation: false
11:43:50.689 [FXGL Background Thread 3 ] DEBUG Engine               - isDesktop: true
11:43:50.689 [FXGL Background Thread 3 ] DEBUG Engine               - isDeveloperMenuEnabled: false
11:43:50.689 [FXGL Background Thread 3 ] DEBUG Engine               - isEmbedded: false
11:43:50.690 [FXGL Background Thread 3 ] DEBUG Engine               - isEntityPreloadEnabled: true
11:43:50.690 [FXGL Background Thread 3 ] DEBUG Engine               - isExperimentalTiledLargeMap: false
11:43:50.690 [FXGL Background Thread 3 ] DEBUG Engine               - isFileSystemWriteAllowed: true
11:43:50.690 [FXGL Background Thread 3 ] DEBUG Engine               - isFullScreenAllowed: false
11:43:50.691 [FXGL Background Thread 3 ] DEBUG Engine               - isFullScreenFromStart: false
11:43:50.691 [FXGL Background Thread 3 ] DEBUG Engine               - isGameMenuEnabled: true
11:43:50.691 [FXGL Background Thread 3 ] DEBUG Engine               - isIOS: false
11:43:50.691 [FXGL Background Thread 3 ] DEBUG Engine               - isIntroEnabled: false
11:43:50.691 [FXGL Background Thread 3 ] DEBUG Engine               - isLinux: false
11:43:50.691 [FXGL Background Thread 3 ] DEBUG Engine               - isMac: false
11:43:50.691 [FXGL Background Thread 3 ] DEBUG Engine               - isMainMenuEnabled: false
11:43:50.692 [FXGL Background Thread 3 ] DEBUG Engine               - isManualResizeEnabled: false
11:43:50.692 [FXGL Background Thread 3 ] DEBUG Engine               - isMobile: false
11:43:50.692 [FXGL Background Thread 3 ] DEBUG Engine               - isNative: false
11:43:50.692 [FXGL Background Thread 3 ] DEBUG Engine               - isPauseMusicWhenMinimized: true
11:43:50.692 [FXGL Background Thread 3 ] DEBUG Engine               - isPreserveResizeRatio: false
11:43:50.692 [FXGL Background Thread 3 ] DEBUG Engine               - isProfilingEnabled: false
11:43:50.693 [FXGL Background Thread 3 ] DEBUG Engine               - isScaleAffectedOnResize: true
11:43:50.693 [FXGL Background Thread 3 ] DEBUG Engine               - isSingleStep: false
11:43:50.693 [FXGL Background Thread 3 ] DEBUG Engine               - isUserProfileEnabled: false
11:43:50.693 [FXGL Background Thread 3 ] DEBUG Engine               - isWindows: true
11:43:50.693 [FXGL Background Thread 3 ] DEBUG Engine               - language: ObjectProperty [value: ENGLISH]
11:43:50.693 [FXGL Background Thread 3 ] DEBUG Engine               - menuKey: ESCAPE
11:43:50.700 [FXGL Background Thread 3 ] DEBUG Engine               - mouseSensitivity: 0.2
11:43:50.701 [FXGL Background Thread 3 ] DEBUG Engine               - notificationViewClass: class com.almasb.fxgl.notification.view.XboxNotificationView
11:43:50.701 [FXGL Background Thread 3 ] DEBUG Engine               - pixelsPerMeter: 50.0
11:43:50.701 [FXGL Background Thread 3 ] DEBUG Engine               - platform: WINDOWS
11:43:50.702 [FXGL Background Thread 3 ] DEBUG Engine               - prefHeightProperty: ReadOnlyDoubleProperty [value: 640.0]
11:43:50.702 [FXGL Background Thread 3 ] DEBUG Engine               - prefWidthProperty: ReadOnlyDoubleProperty [value: 1200.0]
11:43:50.702 [FXGL Background Thread 3 ] DEBUG Engine               - profileDir: profiles/
11:43:50.703 [FXGL Background Thread 3 ] DEBUG Engine               - profileName: StringProperty [value: DEFAULT]
11:43:50.703 [FXGL Background Thread 3 ] DEBUG Engine               - randomSeed: -1
11:43:50.704 [FXGL Background Thread 3 ] DEBUG Engine               - runtimeInfo: RuntimeInfo(platform=WINDOWS, version=17+dev-SNAPSHOT, build=22.04.2022 11.52)
11:43:50.704 [FXGL Background Thread 3 ] DEBUG Engine               - saveFileExt: sav
11:43:50.705 [FXGL Background Thread 3 ] DEBUG Engine               - scaledHeightProp$fxgl: DoubleProperty [bound, value: 640.0]
11:43:50.705 [FXGL Background Thread 3 ] DEBUG Engine               - scaledWidthProp$fxgl: DoubleProperty [bound, value: 1200.0]
11:43:50.705 [FXGL Background Thread 3 ] DEBUG Engine               - sceneFactory: com.almasb.fxgl.app.scene.SceneFactory@2d08dcfe
11:43:50.705 [FXGL Background Thread 3 ] DEBUG Engine               - secondsIn24h: 60
11:43:50.706 [FXGL Background Thread 3 ] DEBUG Engine               - soundMenuBack: menu/back.wav
11:43:50.706 [FXGL Background Thread 3 ] DEBUG Engine               - soundMenuPress: menu/press.wav
11:43:50.706 [FXGL Background Thread 3 ] DEBUG Engine               - soundMenuSelect: menu/select.wav
11:43:50.706 [FXGL Background Thread 3 ] DEBUG Engine               - soundNotification: core/notification.wav
11:43:50.707 [FXGL Background Thread 3 ] DEBUG Engine               - stageStyle: DECORATED
11:43:50.707 [FXGL Background Thread 3 ] DEBUG Engine               - supportedLanguages: [ENGLISH, FRENCH, GERMAN, HUNGARIAN, RUSSIAN]
11:43:50.707 [FXGL Background Thread 3 ] DEBUG Engine               - ticksPerSecond: -1
11:43:50.707 [FXGL Background Thread 3 ] DEBUG Engine               - title: Pioneer-10
Marte
11:43:50.708 [FXGL Background Thread 3 ] DEBUG Engine               - urlGithub: https://github.com/AlmasB/FXGL
11:43:50.708 [FXGL Background Thread 3 ] DEBUG Engine               - urlLeaderboard: http://fxgl-top.herokuapp.com/
11:43:50.708 [FXGL Background Thread 3 ] DEBUG Engine               - urlPOM: https://raw.githubusercontent.com/AlmasB/FXGL/release/README.md
11:43:50.709 [FXGL Background Thread 3 ] DEBUG Engine               - userAppClass: class com.pioneer10.model.LivMarte
11:43:50.709 [FXGL Background Thread 3 ] DEBUG Engine               - version: 0.0
11:43:50.709 [FXGL Background Thread 3 ] DEBUG Engine               - versionCheckDays: 7
11:43:50.709 [FXGL Background Thread 3 ] DEBUG Engine               - width: 1200
11:43:50.709 [FXGL Background Thread 3 ] DEBUG Engine               - Logging services
11:43:50.710 [FXGL Background Thread 3 ] DEBUG Engine               - class com.almasb.fxgl.app.services.FXGLAssetLoaderService
11:43:50.710 [FXGL Background Thread 3 ] DEBUG Engine               - class com.almasb.fxgl.app.FXGLApplication$GameApplicationService
11:43:50.710 [FXGL Background Thread 3 ] DEBUG Engine               - class com.almasb.fxgl.app.services.FXGLDialogService
11:43:50.710 [FXGL Background Thread 3 ] DEBUG Engine               - class com.almasb.fxgl.app.services.IOTaskExecutorService
11:43:50.710 [FXGL Background Thread 3 ] DEBUG Engine               - class com.almasb.fxgl.io.FileSystemService
11:43:50.710 [FXGL Background Thread 3 ] DEBUG Engine               - class com.almasb.fxgl.localization.LocalizationService
11:43:50.710 [FXGL Background Thread 3 ] DEBUG Engine               - class com.almasb.fxgl.app.services.SystemBundleService
11:43:50.711 [FXGL Background Thread 3 ] DEBUG Engine               - class com.almasb.fxgl.profile.SaveLoadService
11:43:50.711 [FXGL Background Thread 3 ] DEBUG Engine               - class com.almasb.fxgl.ui.FXGLUIFactoryServiceProvider
11:43:50.711 [FXGL Background Thread 3 ] DEBUG Engine               - class com.almasb.fxgl.ui.FXGLDialogFactoryServiceProvider
11:43:50.711 [FXGL Background Thread 3 ] DEBUG Engine               - class com.almasb.fxgl.audio.AudioPlayer
11:43:50.711 [FXGL Background Thread 3 ] DEBUG Engine               - class com.almasb.fxgl.notification.impl.NotificationServiceProvider
11:43:50.711 [FXGL Background Thread 3 ] DEBUG Engine               - class com.almasb.fxgl.achievement.AchievementService
11:43:50.711 [FXGL Background Thread 3 ] DEBUG Engine               - class com.almasb.fxgl.cutscene.CutsceneService
11:43:50.711 [FXGL Background Thread 3 ] DEBUG Engine               - class com.almasb.fxgl.minigames.MiniGameService
11:43:50.712 [FXGL Background Thread 3 ] DEBUG Engine               - class com.almasb.fxgl.net.NetService
11:43:50.712 [FXGL Background Thread 3 ] DEBUG Engine               - class com.almasb.fxgl.app.services.UpdaterService
11:43:50.712 [FXGL Background Thread 3 ] DEBUG Engine               - class com.almasb.fxgl.dev.DevService
11:44:31.383 [JavaFX Application Thread] DEBUG FXGLApplication      - Exiting FXGL
11:44:31.383 [JavaFX Application Thread] DEBUG LoopRunner           - Stopping loop
11:44:31.384 [JavaFX Application Thread] DEBUG SystemBundleService  - Saving FXGL system data
11:44:31.388 [JavaFX Application Thread] DEBUG FileSystemAccess     - Writing to: D:\FERMI-FEDE\4BIF_2021-2022\Informatica\gioco\system\fxgl.bundle
11:44:31.393 [JavaFX Application Thread] DEBUG Async                - Shutting down background threads
11:44:31.393 [JavaFX Application Thread] DEBUG PrimaryStageWindow   - Closing main window
11:44:31.420 [JavaFX Application Thread] DEBUG Logger               - Closing Logger
