17:49:54.425 [main                     ] DEBUG Logger               - Configured Logger
17:49:54.473 [main                     ] DEBUG GameApplication      - Logging settings
Title: Pioneer-10
Marte
Version: 0.0
Width: 1200
Height: 640
Fullscreen: false
Intro: false
Profiling: false
Single step:false
App Mode: DEVELOPER
Menu Key: ESCAPE
Stage Style: DECORATED
Scene Factory: class com.almasb.fxgl.app.scene.SceneFactory

17:49:54.920 [JavaFX Application Thread] DEBUG FXGLApplication      - Initializing FXGL
17:49:54.930 [JavaFX Application Thread] INFO  Engine               - FXGL-17+dev-SNAPSHOT (22.04.2022 11.52) on WINDOWS (J:17 FX:18)
17:49:54.931 [JavaFX Application Thread] DEBUG Engine               - JRE Vendor Name: Oracle Corporation
17:49:54.932 [JavaFX Application Thread] DEBUG Engine               - Running on OS: Windows 10 version 10.0
17:49:54.932 [JavaFX Application Thread] DEBUG Engine               - Architecture: amd64
17:49:54.932 [JavaFX Application Thread] INFO  Engine               - Source code and latest versions at: https://github.com/AlmasB/FXGL
17:49:54.932 [JavaFX Application Thread] INFO  Engine               -       Ask questions and discuss at: https://github.com/AlmasB/FXGL/discussions
17:49:54.933 [JavaFX Application Thread] INFO  Engine               -              Join the FXGL chat at: https://gitter.im/AlmasB/FXGL
17:49:55.055 [JavaFX Application Thread] DEBUG PrimaryStageWindow   - Creating a JavaFX scene
17:49:55.122 [JavaFX Application Thread] DEBUG PrimaryStageWindow   - Target settings size: 1200.0 x 640.0
17:49:55.123 [JavaFX Application Thread] DEBUG PrimaryStageWindow   - Scaled scene size:    1200.0 x 640.0
17:49:55.123 [JavaFX Application Thread] DEBUG PrimaryStageWindow   - Scaled ratio: (1.0, 1.0)
17:49:55.125 [JavaFX Application Thread] DEBUG PrimaryStageWindow   - Set initial scene to FXGLStartupScene
17:49:55.134 [JavaFX Application Thread] DEBUG PrimaryStageWindow   - Opening main window
17:49:55.246 [JavaFX Application Thread] DEBUG PrimaryStageWindow   - Window border size: (14.4000244140625, 37.5999755859375)
17:49:55.246 [JavaFX Application Thread] DEBUG PrimaryStageWindow   - Scaled size: 1200.0 x 640.0
17:49:55.247 [JavaFX Application Thread] DEBUG PrimaryStageWindow   - Scaled ratio: (1.0, 1.0)
17:49:55.247 [JavaFX Application Thread] DEBUG PrimaryStageWindow   - Scene size: 1200.0 x 640.0
17:49:55.248 [JavaFX Application Thread] DEBUG PrimaryStageWindow   - Stage size: 1214.4000244140625 x 677.5999755859375
17:49:55.261 [FXGL Background Thread 1 ] DEBUG Engine               - Initializing environment variables
17:49:55.314 [FXGL Background Thread 1 ] DEBUG FXGLAssetLoaderServi - User app class for loading assets: class com.pioneer10.model.LivNettuno
17:49:55.315 [FXGL Background Thread 1 ] DEBUG GameApplicationServi - Applying CSS: fxgl_dark.css
17:49:55.316 [FXGL Background Thread 1 ] DEBUG FXGLAssetLoaderServi - Loading from file system: jar:file:///C:/Users/mattu/.m2/repository/com/github/almasb/fxgl/17+dev-SNAPSHOT/fxgl-17+dev-20220422.115207-44.jar!/fxglassets/ui/css/fxgl_dark.css
17:49:55.396 [FXGL Background Thread 1 ] DEBUG GameApplicationServi - Initializing application scenes
17:49:55.450 [FXGL Background Thread 1 ] DEBUG GameWorld            - Game world initialized
17:49:55.541 [FXGL Background Thread 1 ] DEBUG PhysicsWorld         - Physics world initialized: appHeight=640, physics.ppm=50,0
17:49:55.542 [FXGL Background Thread 1 ] DEBUG PhysicsWorld         - Using strategy: BRUTE_FORCE
17:49:55.550 [FXGL Background Thread 1 ] DEBUG GameScene            - Game scene initialized: 1200x640
17:49:55.574 [FXGL Background Thread 1 ] DEBUG FXGL.DefaultMenu     - createMenuBodyGameMenu()
17:49:55.605 [FXGL Background Thread 1 ] DEBUG FXGL.DefaultMenu     - createOptionsMenu()
17:49:55.628 [FXGL Background Thread 1 ] DEBUG FXGLAssetLoaderServi - Loading from file system: jar:file:///C:/Users/mattu/.m2/repository/com/github/almasb/fxgl/17+dev-SNAPSHOT/fxgl-17+dev-20220422.115207-44.jar!/fxglassets/textures/particles/smoke.png
17:49:55.741 [FXGL Background Thread 1 ] DEBUG FXGLAssetLoaderServi - Loading from file system: jar:file:///C:/Users/mattu/.m2/repository/com/github/almasb/fxgl/17+dev-SNAPSHOT/fxgl-17+dev-20220422.115207-44.jar!/fxglassets/textures/particles/trace_horizontal.png
17:49:55.781 [FXGL Background Thread 1 ] DEBUG GameApplicationServi - Application scenes initialized
17:49:55.796 [FXGL Background Thread 1 ] DEBUG SystemBundleService  - Loading FXGL system data
17:49:55.801 [FXGL Background Thread 1 ] DEBUG FileSystemAccess     - Reading from: D:\FERMI-FEDE\4BIF_2021-2022\Informatica\gioco\system\fxgl.bundle
17:49:55.809 [FXGL Background Thread 1 ] DEBUG SystemBundleService  - Bundle FXGL: {}
17:49:55.809 [FXGL Background Thread 1 ] DEBUG UpdaterService       - Checking for updates
17:49:55.817 [FXGL Background Thread 4 ] DEBUG FXGLApplication      - Loading fonts
17:49:55.818 [FXGL Background Thread 1 ] DEBUG FXGLApplication      - Loading default localization
17:49:55.818 [FXGL Background Thread 4 ] DEBUG FXGLAssetLoaderServi - Loading from file system: jar:file:///C:/Users/mattu/.m2/repository/com/github/almasb/fxgl/17+dev-SNAPSHOT/fxgl-17+dev-20220422.115207-44.jar!/fxglassets/ui/fonts/VarelaRound-Regular.ttf
17:49:55.819 [FXGL Background Thread 1 ] DEBUG FXGLAssetLoaderServi - Loading from file system: jar:file:///C:/Users/mattu/.m2/repository/com/github/almasb/fxgl/17+dev-SNAPSHOT/fxgl-17+dev-20220422.115207-44.jar!/fxglassets/languages/english.lang
17:49:55.848 [FXGL Background Thread 1 ] INFO  FXGLApplication      - FXGL initialization took: 0,588 sec
17:49:55.866 [JavaFX Application Thread] DEBUG Input                - Registered new binding: Left - A
17:49:55.866 [JavaFX Application Thread] DEBUG Input                - Registered new binding: Right - D
17:49:55.867 [JavaFX Application Thread] DEBUG Input                - Registered new binding: Jump - Space
17:49:55.867 [JavaFX Application Thread] DEBUG FXGLAssetLoaderServi - Loading from file system: jar:file:///C:/Users/mattu/.m2/repository/com/github/almasb/fxgl/17+dev-SNAPSHOT/fxgl-17+dev-20220422.115207-44.jar!/fxglassets/textures/fxgl_icon.png
17:49:55.900 [JavaFX Application Thread] DEBUG FXGLAssetLoaderServi - Loading from file system: jar:file:///C:/Users/mattu/.m2/repository/com/github/almasb/fxgl/17+dev-SNAPSHOT/fxgl-17+dev-20220422.115207-44.jar!/fxglassets/textures/fxgl_default_cursor.png
17:49:55.905 [JavaFX Application Thread] DEBUG Input                - Registered new binding: Screenshot - CTRL+8
17:49:55.907 [JavaFX Application Thread] DEBUG Input                - Registered new binding: System info dump - CTRL+9
17:49:55.908 [JavaFX Application Thread] DEBUG Input                - Registered new binding: Restart - CTRL+R
17:49:55.909 [JavaFX Application Thread] DEBUG Input                - Registered new binding: Toggle Debug Camera - CTRL+7
17:49:55.913 [JavaFX Application Thread] DEBUG LoopRunner           - Starting loop
17:49:55.914 [JavaFX Application Thread] DEBUG LoopRunner           - Initializing JavaFX AnimationTimerLoop
17:49:55.919 [JavaFX Application Thread] DEBUG GameApplicationServi - Starting new game
17:49:55.920 [JavaFX Application Thread] DEBUG Input                - Clearing active input actions
17:49:55.936 [JavaFX Application Thread] DEBUG GameApplicationServi - Removing overlay from FXGLStartupScene and adding to FXGLLoadingScene
17:49:55.937 [JavaFX Application Thread] DEBUG PrimaryStageWindow   - FXGLStartupScene -> FXGLLoadingScene
17:49:55.937 [JavaFX Application Thread] DEBUG GameApplicationServi - Clearing previous game
17:49:55.937 [JavaFX Application Thread] DEBUG GameScene            - Clearing game scene
17:49:55.937 [JavaFX Application Thread] DEBUG GameWorld            - Clearing game world
17:49:55.938 [JavaFX Application Thread] DEBUG PhysicsWorld         - Clearing physics world
17:49:55.940 [FXGL Background Thread 1 ] DEBUG FXGLApplication      - Initializing game
17:49:56.001 [FXGL Background Thread 1 ] WARN  TMXLevelLoader       - TiledMap generated from 1.8.4. Supported version: 1.4.2. Some features may not be parsed fully.
17:49:56.042 [FXGL Background Thread 1 ] DEBUG TMXLevelLoader       - Parsed TiledMap: file:/D:/FERMI-FEDE/4BIF_2021-2022/Informatica/gioco/target/classes/assets/levels/Marte/Marte.tmx
17:49:56.043 [FXGL Background Thread 1 ] DEBUG TMXLevelLoader       - Creating tile layer entities
17:49:56.048 [FXGL Background Thread 1 ] DEBUG TilesetLoader        - Loading view for layer Livello tile 1
17:49:56.052 [FXGL Background Thread 1 ] DEBUG TilesetLoader        - Created buffer with size 2880.0x400.0
17:49:56.075 [FXGL Background Thread 1 ] DEBUG TMXLevelLoader       - Creating object layer entities
17:49:56.077 [FXGL Background Thread 4 ] DEBUG FXGLAssetLoaderServi - Loading from file system: jar:file:///C:/Users/mattu/.m2/repository/com/github/almasb/fxgl/17+dev-SNAPSHOT/fxgl-17+dev-20220422.115207-44.jar!/fxglassets/ui/fonts/Abel-Regular.ttf
17:49:56.314 [FXGL Background Thread 4 ] DEBUG FXGLAssetLoaderServi - Loading from file system: jar:file:///C:/Users/mattu/.m2/repository/com/github/almasb/fxgl/17+dev-SNAPSHOT/fxgl-17+dev-20220422.115207-44.jar!/fxglassets/ui/fonts/TerminalLandMono-Regular.otf
17:49:56.359 [FXGL Background Thread 4 ] DEBUG FXGLAssetLoaderServi - Loading from file system: jar:file:///C:/Users/mattu/.m2/repository/com/github/almasb/fxgl/17+dev-SNAPSHOT/fxgl-17+dev-20220422.115207-44.jar!/fxglassets/ui/fonts/Courier-Prime.ttf
17:49:56.377 [JavaFX Application Thread] DEBUG FXGLApplication      - Registering font factories with UI factory
17:49:56.439 [FXGL Background Thread 1 ] DEBUG GameWorld            - Clearing removable entities
17:49:56.440 [FXGL Background Thread 1 ] DEBUG GameWorld            - Setting level: com.almasb.fxgl.entity.level.Level@4a45ff06
17:49:56.464 [FXGL Background Thread 1 ] INFO  FXGLApplication      - Game initialization took: 0,524 sec
17:49:56.465 [JavaFX Application Thread] DEBUG Input                - Clearing active input actions
17:49:56.483 [JavaFX Application Thread] DEBUG GameApplicationServi - Removing overlay from FXGLLoadingScene and adding to GameScene
17:49:56.484 [JavaFX Application Thread] DEBUG PrimaryStageWindow   - FXGLLoadingScene -> GameScene
17:49:56.914 [FXGL Background Thread 2 ] INFO  UpdaterService       - Your current version:  17+dev-SNAPSHOT
17:49:56.915 [FXGL Background Thread 2 ] INFO  UpdaterService       - Latest stable version: 17.1
17:49:58.815 [FXGL Background Thread 3 ] DEBUG Engine               - Logging environment variables
17:49:58.816 [FXGL Background Thread 3 ] DEBUG Engine               - achievements: []
17:49:58.816 [FXGL Background Thread 3 ] DEBUG Engine               - actualHeight: 640.0
17:49:58.817 [FXGL Background Thread 3 ] DEBUG Engine               - actualHeightProperty: ReadOnlyDoubleProperty [value: 640.0]
17:49:58.817 [FXGL Background Thread 3 ] DEBUG Engine               - actualWidth: 1200.0
17:49:58.818 [FXGL Background Thread 3 ] DEBUG Engine               - actualWidthProperty: ReadOnlyDoubleProperty [value: 1200.0]
17:49:58.818 [FXGL Background Thread 3 ] DEBUG Engine               - appIcon: fxgl_icon.png
17:49:58.818 [FXGL Background Thread 3 ] DEBUG Engine               - applicationMode: DEVELOPER
17:49:58.818 [FXGL Background Thread 3 ] DEBUG Engine               - cSSList: [fxgl_dark.css]
17:49:58.818 [FXGL Background Thread 3 ] DEBUG Engine               - collisionDetectionStrategy: BRUTE_FORCE
17:49:58.819 [FXGL Background Thread 3 ] DEBUG Engine               - configClass: Optional.empty
17:49:58.819 [FXGL Background Thread 3 ] DEBUG Engine               - credits: []
17:49:58.820 [FXGL Background Thread 3 ] DEBUG Engine               - defaultCursor: CursorInfo(imageName=fxgl_default_cursor.png, hotspotX=7.0, hotspotY=6.0)
17:49:58.820 [FXGL Background Thread 3 ] DEBUG Engine               - devBBoxColorProperty: ObjectProperty [value: 0xff0000ff]
17:49:58.820 [FXGL Background Thread 3 ] DEBUG Engine               - devEnableDebugCameraProperty: BooleanProperty [value: false]
17:49:58.821 [FXGL Background Thread 3 ] DEBUG Engine               - devSensorColorProperty: ObjectProperty [value: 0xffff00ff]
17:49:58.821 [FXGL Background Thread 3 ] DEBUG Engine               - devShowBBoxProperty: BooleanProperty [value: false]
17:49:58.821 [FXGL Background Thread 3 ] DEBUG Engine               - devShowPositionProperty: BooleanProperty [value: false]
17:49:58.821 [FXGL Background Thread 3 ] DEBUG Engine               - enabledMenuItems: []
17:49:58.821 [FXGL Background Thread 3 ] DEBUG Engine               - engineServices: [class com.almasb.fxgl.app.services.FXGLAssetLoaderService, class com.almasb.fxgl.app.FXGLApplication$GameApplicationService, class com.almasb.fxgl.app.services.FXGLDialogService, class com.almasb.fxgl.app.services.IOTaskExecutorService, class com.almasb.fxgl.io.FileSystemService, class com.almasb.fxgl.localization.LocalizationService, class com.almasb.fxgl.app.services.SystemBundleService, class com.almasb.fxgl.profile.SaveLoadService, class com.almasb.fxgl.ui.FXGLUIFactoryServiceProvider, class com.almasb.fxgl.ui.FXGLDialogFactoryServiceProvider, class com.almasb.fxgl.audio.AudioPlayer, class com.almasb.fxgl.notification.impl.NotificationServiceProvider, class com.almasb.fxgl.achievement.AchievementService, class com.almasb.fxgl.cutscene.CutsceneService, class com.almasb.fxgl.minigames.MiniGameService, class com.almasb.fxgl.net.NetService, class com.almasb.fxgl.app.services.UpdaterService, class com.almasb.fxgl.dev.DevService]
17:49:58.822 [FXGL Background Thread 3 ] DEBUG Engine               - fontGame: Abel-Regular.ttf
17:49:58.822 [FXGL Background Thread 3 ] DEBUG Engine               - fontMono: TerminalLandMono-Regular.otf
17:49:58.822 [FXGL Background Thread 3 ] DEBUG Engine               - fontText: Courier-Prime.ttf
17:49:58.822 [FXGL Background Thread 3 ] DEBUG Engine               - fontUI: VarelaRound-Regular.ttf
17:49:58.822 [FXGL Background Thread 3 ] DEBUG Engine               - fullScreen: BooleanProperty [value: false]
17:49:58.823 [FXGL Background Thread 3 ] DEBUG Engine               - gameDifficulty: MEDIUM
17:49:58.823 [FXGL Background Thread 3 ] DEBUG Engine               - gameDifficultyProperty: ObjectProperty [value: MEDIUM]
17:49:58.823 [FXGL Background Thread 3 ] DEBUG Engine               - globalMusicVolume: 0.5
17:49:58.823 [FXGL Background Thread 3 ] DEBUG Engine               - globalMusicVolumeProperty: DoubleProperty [value: 0.5]
17:49:58.823 [FXGL Background Thread 3 ] DEBUG Engine               - globalSoundVolume: 0.5
17:49:58.823 [FXGL Background Thread 3 ] DEBUG Engine               - globalSoundVolumeProperty: DoubleProperty [value: 0.5]
17:49:58.824 [FXGL Background Thread 3 ] DEBUG Engine               - height: 640
17:49:58.824 [FXGL Background Thread 3 ] DEBUG Engine               - is3D: false
17:49:58.824 [FXGL Background Thread 3 ] DEBUG Engine               - isAndroid: false
17:49:58.824 [FXGL Background Thread 3 ] DEBUG Engine               - isBrowser: false
17:49:58.824 [FXGL Background Thread 3 ] DEBUG Engine               - isClickFeedbackEnabled: false
17:49:58.824 [FXGL Background Thread 3 ] DEBUG Engine               - isCloseConfirmation: false
17:49:58.824 [FXGL Background Thread 3 ] DEBUG Engine               - isDesktop: true
17:49:58.825 [FXGL Background Thread 3 ] DEBUG Engine               - isDeveloperMenuEnabled: false
17:49:58.825 [FXGL Background Thread 3 ] DEBUG Engine               - isEmbedded: false
17:49:58.825 [FXGL Background Thread 3 ] DEBUG Engine               - isEntityPreloadEnabled: true
17:49:58.825 [FXGL Background Thread 3 ] DEBUG Engine               - isExperimentalTiledLargeMap: false
17:49:58.825 [FXGL Background Thread 3 ] DEBUG Engine               - isFileSystemWriteAllowed: true
17:49:58.825 [FXGL Background Thread 3 ] DEBUG Engine               - isFullScreenAllowed: false
17:49:58.825 [FXGL Background Thread 3 ] DEBUG Engine               - isFullScreenFromStart: false
17:49:58.826 [FXGL Background Thread 3 ] DEBUG Engine               - isGameMenuEnabled: true
17:49:58.826 [FXGL Background Thread 3 ] DEBUG Engine               - isIOS: false
17:49:58.826 [FXGL Background Thread 3 ] DEBUG Engine               - isIntroEnabled: false
17:49:58.826 [FXGL Background Thread 3 ] DEBUG Engine               - isLinux: false
17:49:58.826 [FXGL Background Thread 3 ] DEBUG Engine               - isMac: false
17:49:58.826 [FXGL Background Thread 3 ] DEBUG Engine               - isMainMenuEnabled: false
17:49:58.826 [FXGL Background Thread 3 ] DEBUG Engine               - isManualResizeEnabled: false
17:49:58.826 [FXGL Background Thread 3 ] DEBUG Engine               - isMobile: false
17:49:58.827 [FXGL Background Thread 3 ] DEBUG Engine               - isNative: false
17:49:58.827 [FXGL Background Thread 3 ] DEBUG Engine               - isPauseMusicWhenMinimized: true
17:49:58.827 [FXGL Background Thread 3 ] DEBUG Engine               - isPreserveResizeRatio: false
17:49:58.827 [FXGL Background Thread 3 ] DEBUG Engine               - isProfilingEnabled: false
17:49:58.827 [FXGL Background Thread 3 ] DEBUG Engine               - isScaleAffectedOnResize: true
17:49:58.827 [FXGL Background Thread 3 ] DEBUG Engine               - isSingleStep: false
17:49:58.827 [FXGL Background Thread 3 ] DEBUG Engine               - isUserProfileEnabled: false
17:49:58.827 [FXGL Background Thread 3 ] DEBUG Engine               - isWindows: true
17:49:58.828 [FXGL Background Thread 3 ] DEBUG Engine               - language: ObjectProperty [value: ENGLISH]
17:49:58.828 [FXGL Background Thread 3 ] DEBUG Engine               - menuKey: ESCAPE
17:49:58.828 [FXGL Background Thread 3 ] DEBUG Engine               - mouseSensitivity: 0.2
17:49:58.828 [FXGL Background Thread 3 ] DEBUG Engine               - notificationViewClass: class com.almasb.fxgl.notification.view.XboxNotificationView
17:49:58.828 [FXGL Background Thread 3 ] DEBUG Engine               - pixelsPerMeter: 50.0
17:49:58.828 [FXGL Background Thread 3 ] DEBUG Engine               - platform: WINDOWS
17:49:58.828 [FXGL Background Thread 3 ] DEBUG Engine               - prefHeightProperty: ReadOnlyDoubleProperty [value: 640.0]
17:49:58.829 [FXGL Background Thread 3 ] DEBUG Engine               - prefWidthProperty: ReadOnlyDoubleProperty [value: 1200.0]
17:49:58.829 [FXGL Background Thread 3 ] DEBUG Engine               - profileDir: profiles/
17:49:58.829 [FXGL Background Thread 3 ] DEBUG Engine               - profileName: StringProperty [value: DEFAULT]
17:49:58.829 [FXGL Background Thread 3 ] DEBUG Engine               - randomSeed: -1
17:49:58.829 [FXGL Background Thread 3 ] DEBUG Engine               - runtimeInfo: RuntimeInfo(platform=WINDOWS, version=17+dev-SNAPSHOT, build=22.04.2022 11.52)
17:49:58.829 [FXGL Background Thread 3 ] DEBUG Engine               - saveFileExt: sav
17:49:58.830 [FXGL Background Thread 3 ] DEBUG Engine               - scaledHeightProp$fxgl: DoubleProperty [bound, value: 640.0]
17:49:58.830 [FXGL Background Thread 3 ] DEBUG Engine               - scaledWidthProp$fxgl: DoubleProperty [bound, value: 1200.0]
17:49:58.830 [FXGL Background Thread 3 ] DEBUG Engine               - sceneFactory: com.almasb.fxgl.app.scene.SceneFactory@329142dd
17:49:58.830 [FXGL Background Thread 3 ] DEBUG Engine               - secondsIn24h: 60
17:49:58.830 [FXGL Background Thread 3 ] DEBUG Engine               - soundMenuBack: menu/back.wav
17:49:58.830 [FXGL Background Thread 3 ] DEBUG Engine               - soundMenuPress: menu/press.wav
17:49:58.830 [FXGL Background Thread 3 ] DEBUG Engine               - soundMenuSelect: menu/select.wav
17:49:58.830 [FXGL Background Thread 3 ] DEBUG Engine               - soundNotification: core/notification.wav
17:49:58.831 [FXGL Background Thread 3 ] DEBUG Engine               - stageStyle: DECORATED
17:49:58.831 [FXGL Background Thread 3 ] DEBUG Engine               - supportedLanguages: [ENGLISH, FRENCH, GERMAN, HUNGARIAN, RUSSIAN]
17:49:58.831 [FXGL Background Thread 3 ] DEBUG Engine               - ticksPerSecond: -1
17:49:58.831 [FXGL Background Thread 3 ] DEBUG Engine               - title: Pioneer-10
Marte
17:49:58.831 [FXGL Background Thread 3 ] DEBUG Engine               - urlGithub: https://github.com/AlmasB/FXGL
17:49:58.831 [FXGL Background Thread 3 ] DEBUG Engine               - urlLeaderboard: http://fxgl-top.herokuapp.com/
17:49:58.831 [FXGL Background Thread 3 ] DEBUG Engine               - urlPOM: https://raw.githubusercontent.com/AlmasB/FXGL/release/README.md
17:49:58.831 [FXGL Background Thread 3 ] DEBUG Engine               - userAppClass: class com.pioneer10.model.LivNettuno
17:49:58.831 [FXGL Background Thread 3 ] DEBUG Engine               - version: 0.0
17:49:58.831 [FXGL Background Thread 3 ] DEBUG Engine               - versionCheckDays: 7
17:49:58.832 [FXGL Background Thread 3 ] DEBUG Engine               - width: 1200
17:49:58.832 [FXGL Background Thread 3 ] DEBUG Engine               - Logging services
17:49:58.832 [FXGL Background Thread 3 ] DEBUG Engine               - class com.almasb.fxgl.app.services.FXGLAssetLoaderService
17:49:58.832 [FXGL Background Thread 3 ] DEBUG Engine               - class com.almasb.fxgl.app.FXGLApplication$GameApplicationService
17:49:58.832 [FXGL Background Thread 3 ] DEBUG Engine               - class com.almasb.fxgl.app.services.FXGLDialogService
17:49:58.832 [FXGL Background Thread 3 ] DEBUG Engine               - class com.almasb.fxgl.app.services.IOTaskExecutorService
17:49:58.832 [FXGL Background Thread 3 ] DEBUG Engine               - class com.almasb.fxgl.io.FileSystemService
17:49:58.832 [FXGL Background Thread 3 ] DEBUG Engine               - class com.almasb.fxgl.localization.LocalizationService
17:49:58.833 [FXGL Background Thread 3 ] DEBUG Engine               - class com.almasb.fxgl.app.services.SystemBundleService
17:49:58.833 [FXGL Background Thread 3 ] DEBUG Engine               - class com.almasb.fxgl.profile.SaveLoadService
17:49:58.833 [FXGL Background Thread 3 ] DEBUG Engine               - class com.almasb.fxgl.ui.FXGLUIFactoryServiceProvider
17:49:58.833 [FXGL Background Thread 3 ] DEBUG Engine               - class com.almasb.fxgl.ui.FXGLDialogFactoryServiceProvider
17:49:58.833 [FXGL Background Thread 3 ] DEBUG Engine               - class com.almasb.fxgl.audio.AudioPlayer
17:49:58.833 [FXGL Background Thread 3 ] DEBUG Engine               - class com.almasb.fxgl.notification.impl.NotificationServiceProvider
17:49:58.833 [FXGL Background Thread 3 ] DEBUG Engine               - class com.almasb.fxgl.achievement.AchievementService
17:49:58.833 [FXGL Background Thread 3 ] DEBUG Engine               - class com.almasb.fxgl.cutscene.CutsceneService
17:49:58.833 [FXGL Background Thread 3 ] DEBUG Engine               - class com.almasb.fxgl.minigames.MiniGameService
17:49:58.833 [FXGL Background Thread 3 ] DEBUG Engine               - class com.almasb.fxgl.net.NetService
17:49:58.834 [FXGL Background Thread 3 ] DEBUG Engine               - class com.almasb.fxgl.app.services.UpdaterService
17:49:58.834 [FXGL Background Thread 3 ] DEBUG Engine               - class com.almasb.fxgl.dev.DevService
17:50:01.793 [JavaFX Application Thread] DEBUG FXGLApplication      - Exiting FXGL
17:50:01.794 [JavaFX Application Thread] DEBUG LoopRunner           - Stopping loop
17:50:01.794 [JavaFX Application Thread] DEBUG SystemBundleService  - Saving FXGL system data
17:50:01.796 [JavaFX Application Thread] DEBUG FileSystemAccess     - Writing to: D:\FERMI-FEDE\4BIF_2021-2022\Informatica\gioco\system\fxgl.bundle
17:50:01.798 [JavaFX Application Thread] DEBUG Async                - Shutting down background threads
17:50:01.798 [JavaFX Application Thread] DEBUG PrimaryStageWindow   - Closing main window
17:50:01.809 [JavaFX Application Thread] DEBUG Logger               - Closing Logger
