17:31:39.792 [main                     ] DEBUG Logger               - Configured Logger
17:31:39.838 [main                     ] DEBUG GameApplication      - Logging settings
Title: Pioneer-10
Giove
Version: 0.0
Width: 1200
Height: 800
Fullscreen: false
Intro: false
Profiling: false
Single step:false
App Mode: DEVELOPER
Menu Key: ESCAPE
Stage Style: DECORATED
Scene Factory: class com.almasb.fxgl.app.scene.SceneFactory

17:31:40.275 [JavaFX Application Thread] DEBUG FXGLApplication      - Initializing FXGL
17:31:40.284 [JavaFX Application Thread] INFO  Engine               - FXGL-17+dev-SNAPSHOT (22.04.2022 11.52) on WINDOWS (J:17 FX:18)
17:31:40.285 [JavaFX Application Thread] DEBUG Engine               - JRE Vendor Name: Oracle Corporation
17:31:40.285 [JavaFX Application Thread] DEBUG Engine               - Running on OS: Windows 10 version 10.0
17:31:40.285 [JavaFX Application Thread] DEBUG Engine               - Architecture: amd64
17:31:40.286 [JavaFX Application Thread] INFO  Engine               - Source code and latest versions at: https://github.com/AlmasB/FXGL
17:31:40.286 [JavaFX Application Thread] INFO  Engine               -       Ask questions and discuss at: https://github.com/AlmasB/FXGL/discussions
17:31:40.286 [JavaFX Application Thread] INFO  Engine               -              Join the FXGL chat at: https://gitter.im/AlmasB/FXGL
17:31:40.392 [JavaFX Application Thread] DEBUG PrimaryStageWindow   - Creating a JavaFX scene
17:31:40.441 [JavaFX Application Thread] DEBUG PrimaryStageWindow   - Target settings size: 1200.0 x 800.0
17:31:40.441 [JavaFX Application Thread] DEBUG PrimaryStageWindow   - Scaled scene size:    1200.0 x 800.0
17:31:40.442 [JavaFX Application Thread] DEBUG PrimaryStageWindow   - Scaled ratio: (1.0, 1.0)
17:31:40.444 [JavaFX Application Thread] DEBUG PrimaryStageWindow   - Set initial scene to FXGLStartupScene
17:31:40.454 [JavaFX Application Thread] DEBUG PrimaryStageWindow   - Opening main window
17:31:40.558 [JavaFX Application Thread] DEBUG PrimaryStageWindow   - Window border size: (14.4000244140625, 37.5999755859375)
17:31:40.559 [JavaFX Application Thread] DEBUG PrimaryStageWindow   - Scaled size: 1200.0 x 800.0
17:31:40.560 [JavaFX Application Thread] DEBUG PrimaryStageWindow   - Scaled ratio: (1.0, 1.0)
17:31:40.560 [JavaFX Application Thread] DEBUG PrimaryStageWindow   - Scene size: 1200.0 x 800.0
17:31:40.561 [JavaFX Application Thread] DEBUG PrimaryStageWindow   - Stage size: 1214.4000244140625 x 837.5999755859375
17:31:40.571 [FXGL Background Thread 1 ] DEBUG Engine               - Initializing environment variables
17:31:40.624 [FXGL Background Thread 1 ] DEBUG FXGLAssetLoaderServi - User app class for loading assets: class com.pioneer10.model.LivGiove
17:31:40.625 [FXGL Background Thread 1 ] DEBUG GameApplicationServi - Applying CSS: fxgl_dark.css
17:31:40.626 [FXGL Background Thread 1 ] DEBUG FXGLAssetLoaderServi - Loading from file system: jar:file:///C:/Users/mattu/.m2/repository/com/github/almasb/fxgl/17+dev-SNAPSHOT/fxgl-17+dev-20220422.115207-44.jar!/fxglassets/ui/css/fxgl_dark.css
17:31:40.696 [FXGL Background Thread 1 ] DEBUG GameApplicationServi - Initializing application scenes
17:31:40.746 [FXGL Background Thread 1 ] DEBUG GameWorld            - Game world initialized
17:31:40.834 [FXGL Background Thread 1 ] DEBUG PhysicsWorld         - Physics world initialized: appHeight=800, physics.ppm=50,0
17:31:40.834 [FXGL Background Thread 1 ] DEBUG PhysicsWorld         - Using strategy: BRUTE_FORCE
17:31:40.841 [FXGL Background Thread 1 ] DEBUG GameScene            - Game scene initialized: 1200x800
17:31:40.867 [FXGL Background Thread 1 ] DEBUG FXGL.DefaultMenu     - createMenuBodyGameMenu()
17:31:40.895 [FXGL Background Thread 1 ] DEBUG FXGL.DefaultMenu     - createOptionsMenu()
17:31:40.915 [FXGL Background Thread 1 ] DEBUG FXGLAssetLoaderServi - Loading from file system: jar:file:///C:/Users/mattu/.m2/repository/com/github/almasb/fxgl/17+dev-SNAPSHOT/fxgl-17+dev-20220422.115207-44.jar!/fxglassets/textures/particles/smoke.png
17:31:41.047 [FXGL Background Thread 1 ] DEBUG FXGLAssetLoaderServi - Loading from file system: jar:file:///C:/Users/mattu/.m2/repository/com/github/almasb/fxgl/17+dev-SNAPSHOT/fxgl-17+dev-20220422.115207-44.jar!/fxglassets/textures/particles/trace_horizontal.png
17:31:41.086 [FXGL Background Thread 1 ] DEBUG GameApplicationServi - Application scenes initialized
17:31:41.106 [FXGL Background Thread 1 ] DEBUG SystemBundleService  - Loading FXGL system data
17:31:41.113 [FXGL Background Thread 1 ] DEBUG FileSystemAccess     - Reading from: D:\FERMI-FEDE\4BIF_2021-2022\Informatica\gioco\system\fxgl.bundle
17:31:41.120 [FXGL Background Thread 1 ] DEBUG SystemBundleService  - Bundle FXGL: {}
17:31:41.121 [FXGL Background Thread 1 ] DEBUG UpdaterService       - Checking for updates
17:31:41.127 [FXGL Background Thread 4 ] DEBUG FXGLApplication      - Loading fonts
17:31:41.127 [FXGL Background Thread 1 ] DEBUG FXGLApplication      - Loading default localization
17:31:41.127 [FXGL Background Thread 4 ] DEBUG FXGLAssetLoaderServi - Loading from file system: jar:file:///C:/Users/mattu/.m2/repository/com/github/almasb/fxgl/17+dev-SNAPSHOT/fxgl-17+dev-20220422.115207-44.jar!/fxglassets/ui/fonts/VarelaRound-Regular.ttf
17:31:41.128 [FXGL Background Thread 1 ] DEBUG FXGLAssetLoaderServi - Loading from file system: jar:file:///C:/Users/mattu/.m2/repository/com/github/almasb/fxgl/17+dev-SNAPSHOT/fxgl-17+dev-20220422.115207-44.jar!/fxglassets/languages/english.lang
17:31:41.154 [FXGL Background Thread 1 ] INFO  FXGLApplication      - FXGL initialization took: 0,583 sec
17:31:41.170 [JavaFX Application Thread] DEBUG Input                - Registered new binding: Left - A
17:31:41.171 [JavaFX Application Thread] DEBUG Input                - Registered new binding: Right - D
17:31:41.171 [JavaFX Application Thread] DEBUG Input                - Registered new binding: Jump - Space
17:31:41.172 [JavaFX Application Thread] DEBUG FXGLAssetLoaderServi - Loading from file system: jar:file:///C:/Users/mattu/.m2/repository/com/github/almasb/fxgl/17+dev-SNAPSHOT/fxgl-17+dev-20220422.115207-44.jar!/fxglassets/textures/fxgl_icon.png
17:31:41.208 [JavaFX Application Thread] DEBUG FXGLAssetLoaderServi - Loading from file system: jar:file:///C:/Users/mattu/.m2/repository/com/github/almasb/fxgl/17+dev-SNAPSHOT/fxgl-17+dev-20220422.115207-44.jar!/fxglassets/textures/fxgl_default_cursor.png
17:31:41.216 [JavaFX Application Thread] DEBUG Input                - Registered new binding: Screenshot - CTRL+8
17:31:41.216 [JavaFX Application Thread] DEBUG Input                - Registered new binding: System info dump - CTRL+9
17:31:41.217 [JavaFX Application Thread] DEBUG Input                - Registered new binding: Restart - CTRL+R
17:31:41.218 [JavaFX Application Thread] DEBUG Input                - Registered new binding: Toggle Debug Camera - CTRL+7
17:31:41.222 [JavaFX Application Thread] DEBUG LoopRunner           - Starting loop
17:31:41.222 [JavaFX Application Thread] DEBUG LoopRunner           - Initializing JavaFX AnimationTimerLoop
17:31:41.225 [JavaFX Application Thread] DEBUG GameApplicationServi - Starting new game
17:31:41.227 [JavaFX Application Thread] DEBUG Input                - Clearing active input actions
17:31:41.247 [JavaFX Application Thread] DEBUG GameApplicationServi - Removing overlay from FXGLStartupScene and adding to FXGLLoadingScene
17:31:41.248 [JavaFX Application Thread] DEBUG PrimaryStageWindow   - FXGLStartupScene -> FXGLLoadingScene
17:31:41.248 [JavaFX Application Thread] DEBUG GameApplicationServi - Clearing previous game
17:31:41.248 [JavaFX Application Thread] DEBUG GameScene            - Clearing game scene
17:31:41.248 [JavaFX Application Thread] DEBUG GameWorld            - Clearing game world
17:31:41.249 [JavaFX Application Thread] DEBUG PhysicsWorld         - Clearing physics world
17:31:41.251 [FXGL Background Thread 1 ] DEBUG FXGLApplication      - Initializing game
17:31:41.314 [FXGL Background Thread 1 ] WARN  TMXLevelLoader       - TiledMap generated from 1.8.4. Supported version: 1.4.2. Some features may not be parsed fully.
17:31:41.369 [FXGL Background Thread 1 ] DEBUG TMXLevelLoader       - Parsed TiledMap: file:/D:/FERMI-FEDE/4BIF_2021-2022/Informatica/gioco/target/classes/assets/levels/Giove/Giove.tmx
17:31:41.371 [FXGL Background Thread 1 ] DEBUG TMXLevelLoader       - Creating tile layer entities
17:31:41.373 [FXGL Background Thread 1 ] DEBUG TilesetLoader        - Loading view for layer Livello tile 1
17:31:41.385 [FXGL Background Thread 1 ] DEBUG TilesetLoader        - Created buffer with size 5760.0x800.0
17:31:41.433 [FXGL Background Thread 1 ] DEBUG TMXLevelLoader       - Creating object layer entities
17:31:41.579 [FXGL Background Thread 4 ] DEBUG FXGLAssetLoaderServi - Loading from file system: jar:file:///C:/Users/mattu/.m2/repository/com/github/almasb/fxgl/17+dev-SNAPSHOT/fxgl-17+dev-20220422.115207-44.jar!/fxglassets/ui/fonts/Abel-Regular.ttf
17:31:41.585 [FXGL Background Thread 4 ] DEBUG FXGLAssetLoaderServi - Loading from file system: jar:file:///C:/Users/mattu/.m2/repository/com/github/almasb/fxgl/17+dev-SNAPSHOT/fxgl-17+dev-20220422.115207-44.jar!/fxglassets/ui/fonts/TerminalLandMono-Regular.otf
17:31:41.591 [FXGL Background Thread 4 ] DEBUG FXGLAssetLoaderServi - Loading from file system: jar:file:///C:/Users/mattu/.m2/repository/com/github/almasb/fxgl/17+dev-SNAPSHOT/fxgl-17+dev-20220422.115207-44.jar!/fxglassets/ui/fonts/Courier-Prime.ttf
17:31:41.606 [JavaFX Application Thread] DEBUG FXGLApplication      - Registering font factories with UI factory
17:31:41.904 [FXGL Background Thread 2 ] INFO  UpdaterService       - Your current version:  17+dev-SNAPSHOT
17:31:41.905 [FXGL Background Thread 2 ] INFO  UpdaterService       - Latest stable version: 17.1
17:31:41.956 [FXGL Background Thread 1 ] DEBUG GameWorld            - Clearing removable entities
17:31:41.958 [FXGL Background Thread 1 ] DEBUG GameWorld            - Setting level: com.almasb.fxgl.entity.level.Level@365f32f4
17:31:42.069 [FXGL Background Thread 1 ] INFO  FXGLApplication      - Game initialization took: 0,818 sec
17:31:42.070 [JavaFX Application Thread] DEBUG Input                - Clearing active input actions
17:31:42.094 [JavaFX Application Thread] DEBUG GameApplicationServi - Removing overlay from FXGLLoadingScene and adding to GameScene
17:31:42.095 [JavaFX Application Thread] DEBUG PrimaryStageWindow   - FXGLLoadingScene -> GameScene
17:31:44.125 [FXGL Background Thread 3 ] DEBUG Engine               - Logging environment variables
17:31:44.125 [FXGL Background Thread 3 ] DEBUG Engine               - achievements: []
17:31:44.126 [FXGL Background Thread 3 ] DEBUG Engine               - actualHeight: 800.0
17:31:44.126 [FXGL Background Thread 3 ] DEBUG Engine               - actualHeightProperty: ReadOnlyDoubleProperty [value: 800.0]
17:31:44.126 [FXGL Background Thread 3 ] DEBUG Engine               - actualWidth: 1200.0
17:31:44.126 [FXGL Background Thread 3 ] DEBUG Engine               - actualWidthProperty: ReadOnlyDoubleProperty [value: 1200.0]
17:31:44.126 [FXGL Background Thread 3 ] DEBUG Engine               - appIcon: fxgl_icon.png
17:31:44.126 [FXGL Background Thread 3 ] DEBUG Engine               - applicationMode: DEVELOPER
17:31:44.126 [FXGL Background Thread 3 ] DEBUG Engine               - cSSList: [fxgl_dark.css]
17:31:44.127 [FXGL Background Thread 3 ] DEBUG Engine               - collisionDetectionStrategy: BRUTE_FORCE
17:31:44.127 [FXGL Background Thread 3 ] DEBUG Engine               - configClass: Optional.empty
17:31:44.127 [FXGL Background Thread 3 ] DEBUG Engine               - credits: []
17:31:44.127 [FXGL Background Thread 3 ] DEBUG Engine               - defaultCursor: CursorInfo(imageName=fxgl_default_cursor.png, hotspotX=7.0, hotspotY=6.0)
17:31:44.128 [FXGL Background Thread 3 ] DEBUG Engine               - devBBoxColorProperty: ObjectProperty [value: 0xff0000ff]
17:31:44.128 [FXGL Background Thread 3 ] DEBUG Engine               - devEnableDebugCameraProperty: BooleanProperty [value: false]
17:31:44.128 [FXGL Background Thread 3 ] DEBUG Engine               - devSensorColorProperty: ObjectProperty [value: 0xffff00ff]
17:31:44.128 [FXGL Background Thread 3 ] DEBUG Engine               - devShowBBoxProperty: BooleanProperty [value: false]
17:31:44.129 [FXGL Background Thread 3 ] DEBUG Engine               - devShowPositionProperty: BooleanProperty [value: false]
17:31:44.129 [FXGL Background Thread 3 ] DEBUG Engine               - enabledMenuItems: []
17:31:44.129 [FXGL Background Thread 3 ] DEBUG Engine               - engineServices: [class com.almasb.fxgl.app.services.FXGLAssetLoaderService, class com.almasb.fxgl.app.FXGLApplication$GameApplicationService, class com.almasb.fxgl.app.services.FXGLDialogService, class com.almasb.fxgl.app.services.IOTaskExecutorService, class com.almasb.fxgl.io.FileSystemService, class com.almasb.fxgl.localization.LocalizationService, class com.almasb.fxgl.app.services.SystemBundleService, class com.almasb.fxgl.profile.SaveLoadService, class com.almasb.fxgl.ui.FXGLUIFactoryServiceProvider, class com.almasb.fxgl.ui.FXGLDialogFactoryServiceProvider, class com.almasb.fxgl.audio.AudioPlayer, class com.almasb.fxgl.notification.impl.NotificationServiceProvider, class com.almasb.fxgl.achievement.AchievementService, class com.almasb.fxgl.cutscene.CutsceneService, class com.almasb.fxgl.minigames.MiniGameService, class com.almasb.fxgl.net.NetService, class com.almasb.fxgl.app.services.UpdaterService, class com.almasb.fxgl.dev.DevService]
17:31:44.129 [FXGL Background Thread 3 ] DEBUG Engine               - fontGame: Abel-Regular.ttf
17:31:44.129 [FXGL Background Thread 3 ] DEBUG Engine               - fontMono: TerminalLandMono-Regular.otf
17:31:44.129 [FXGL Background Thread 3 ] DEBUG Engine               - fontText: Courier-Prime.ttf
17:31:44.129 [FXGL Background Thread 3 ] DEBUG Engine               - fontUI: VarelaRound-Regular.ttf
17:31:44.129 [FXGL Background Thread 3 ] DEBUG Engine               - fullScreen: BooleanProperty [value: false]
17:31:44.130 [FXGL Background Thread 3 ] DEBUG Engine               - gameDifficulty: MEDIUM
17:31:44.130 [FXGL Background Thread 3 ] DEBUG Engine               - gameDifficultyProperty: ObjectProperty [value: MEDIUM]
17:31:44.130 [FXGL Background Thread 3 ] DEBUG Engine               - globalMusicVolume: 0.5
17:31:44.130 [FXGL Background Thread 3 ] DEBUG Engine               - globalMusicVolumeProperty: DoubleProperty [value: 0.5]
17:31:44.130 [FXGL Background Thread 3 ] DEBUG Engine               - globalSoundVolume: 0.5
17:31:44.130 [FXGL Background Thread 3 ] DEBUG Engine               - globalSoundVolumeProperty: DoubleProperty [value: 0.5]
17:31:44.130 [FXGL Background Thread 3 ] DEBUG Engine               - height: 800
17:31:44.130 [FXGL Background Thread 3 ] DEBUG Engine               - is3D: false
17:31:44.131 [FXGL Background Thread 3 ] DEBUG Engine               - isAndroid: false
17:31:44.131 [FXGL Background Thread 3 ] DEBUG Engine               - isBrowser: false
17:31:44.131 [FXGL Background Thread 3 ] DEBUG Engine               - isClickFeedbackEnabled: false
17:31:44.131 [FXGL Background Thread 3 ] DEBUG Engine               - isCloseConfirmation: false
17:31:44.131 [FXGL Background Thread 3 ] DEBUG Engine               - isDesktop: true
17:31:44.131 [FXGL Background Thread 3 ] DEBUG Engine               - isDeveloperMenuEnabled: false
17:31:44.131 [FXGL Background Thread 3 ] DEBUG Engine               - isEmbedded: false
17:31:44.131 [FXGL Background Thread 3 ] DEBUG Engine               - isEntityPreloadEnabled: true
17:31:44.131 [FXGL Background Thread 3 ] DEBUG Engine               - isExperimentalTiledLargeMap: false
17:31:44.131 [FXGL Background Thread 3 ] DEBUG Engine               - isFileSystemWriteAllowed: true
17:31:44.132 [FXGL Background Thread 3 ] DEBUG Engine               - isFullScreenAllowed: false
17:31:44.132 [FXGL Background Thread 3 ] DEBUG Engine               - isFullScreenFromStart: false
17:31:44.132 [FXGL Background Thread 3 ] DEBUG Engine               - isGameMenuEnabled: true
17:31:44.132 [FXGL Background Thread 3 ] DEBUG Engine               - isIOS: false
17:31:44.132 [FXGL Background Thread 3 ] DEBUG Engine               - isIntroEnabled: false
17:31:44.132 [FXGL Background Thread 3 ] DEBUG Engine               - isLinux: false
17:31:44.132 [FXGL Background Thread 3 ] DEBUG Engine               - isMac: false
17:31:44.132 [FXGL Background Thread 3 ] DEBUG Engine               - isMainMenuEnabled: false
17:31:44.132 [FXGL Background Thread 3 ] DEBUG Engine               - isManualResizeEnabled: false
17:31:44.133 [FXGL Background Thread 3 ] DEBUG Engine               - isMobile: false
17:31:44.133 [FXGL Background Thread 3 ] DEBUG Engine               - isNative: false
17:31:44.133 [FXGL Background Thread 3 ] DEBUG Engine               - isPauseMusicWhenMinimized: true
17:31:44.133 [FXGL Background Thread 3 ] DEBUG Engine               - isPreserveResizeRatio: false
17:31:44.133 [FXGL Background Thread 3 ] DEBUG Engine               - isProfilingEnabled: false
17:31:44.133 [FXGL Background Thread 3 ] DEBUG Engine               - isScaleAffectedOnResize: true
17:31:44.133 [FXGL Background Thread 3 ] DEBUG Engine               - isSingleStep: false
17:31:44.133 [FXGL Background Thread 3 ] DEBUG Engine               - isUserProfileEnabled: false
17:31:44.133 [FXGL Background Thread 3 ] DEBUG Engine               - isWindows: true
17:31:44.133 [FXGL Background Thread 3 ] DEBUG Engine               - language: ObjectProperty [value: ENGLISH]
17:31:44.134 [FXGL Background Thread 3 ] DEBUG Engine               - menuKey: ESCAPE
17:31:44.134 [FXGL Background Thread 3 ] DEBUG Engine               - mouseSensitivity: 0.2
17:31:44.134 [FXGL Background Thread 3 ] DEBUG Engine               - notificationViewClass: class com.almasb.fxgl.notification.view.XboxNotificationView
17:31:44.134 [FXGL Background Thread 3 ] DEBUG Engine               - pixelsPerMeter: 50.0
17:31:44.134 [FXGL Background Thread 3 ] DEBUG Engine               - platform: WINDOWS
17:31:44.134 [FXGL Background Thread 3 ] DEBUG Engine               - prefHeightProperty: ReadOnlyDoubleProperty [value: 800.0]
17:31:44.134 [FXGL Background Thread 3 ] DEBUG Engine               - prefWidthProperty: ReadOnlyDoubleProperty [value: 1200.0]
17:31:44.134 [FXGL Background Thread 3 ] DEBUG Engine               - profileDir: profiles/
17:31:44.134 [FXGL Background Thread 3 ] DEBUG Engine               - profileName: StringProperty [value: DEFAULT]
17:31:44.135 [FXGL Background Thread 3 ] DEBUG Engine               - randomSeed: -1
17:31:44.135 [FXGL Background Thread 3 ] DEBUG Engine               - runtimeInfo: RuntimeInfo(platform=WINDOWS, version=17+dev-SNAPSHOT, build=22.04.2022 11.52)
17:31:44.135 [FXGL Background Thread 3 ] DEBUG Engine               - saveFileExt: sav
17:31:44.135 [FXGL Background Thread 3 ] DEBUG Engine               - scaledHeightProp$fxgl: DoubleProperty [bound, value: 800.0]
17:31:44.135 [FXGL Background Thread 3 ] DEBUG Engine               - scaledWidthProp$fxgl: DoubleProperty [bound, value: 1200.0]
17:31:44.135 [FXGL Background Thread 3 ] DEBUG Engine               - sceneFactory: com.almasb.fxgl.app.scene.SceneFactory@3344c6e8
17:31:44.136 [FXGL Background Thread 3 ] DEBUG Engine               - secondsIn24h: 60
17:31:44.136 [FXGL Background Thread 3 ] DEBUG Engine               - soundMenuBack: menu/back.wav
17:31:44.136 [FXGL Background Thread 3 ] DEBUG Engine               - soundMenuPress: menu/press.wav
17:31:44.136 [FXGL Background Thread 3 ] DEBUG Engine               - soundMenuSelect: menu/select.wav
17:31:44.136 [FXGL Background Thread 3 ] DEBUG Engine               - soundNotification: core/notification.wav
17:31:44.136 [FXGL Background Thread 3 ] DEBUG Engine               - stageStyle: DECORATED
17:31:44.136 [FXGL Background Thread 3 ] DEBUG Engine               - supportedLanguages: [ENGLISH, FRENCH, GERMAN, HUNGARIAN, RUSSIAN]
17:31:44.136 [FXGL Background Thread 3 ] DEBUG Engine               - ticksPerSecond: -1
17:31:44.136 [FXGL Background Thread 3 ] DEBUG Engine               - title: Pioneer-10
Giove
17:31:44.136 [FXGL Background Thread 3 ] DEBUG Engine               - urlGithub: https://github.com/AlmasB/FXGL
17:31:44.137 [FXGL Background Thread 3 ] DEBUG Engine               - urlLeaderboard: http://fxgl-top.herokuapp.com/
17:31:44.137 [FXGL Background Thread 3 ] DEBUG Engine               - urlPOM: https://raw.githubusercontent.com/AlmasB/FXGL/release/README.md
17:31:44.137 [FXGL Background Thread 3 ] DEBUG Engine               - userAppClass: class com.pioneer10.model.LivGiove
17:31:44.137 [FXGL Background Thread 3 ] DEBUG Engine               - version: 0.0
17:31:44.137 [FXGL Background Thread 3 ] DEBUG Engine               - versionCheckDays: 7
17:31:44.137 [FXGL Background Thread 3 ] DEBUG Engine               - width: 1200
17:31:44.137 [FXGL Background Thread 3 ] DEBUG Engine               - Logging services
17:31:44.137 [FXGL Background Thread 3 ] DEBUG Engine               - class com.almasb.fxgl.app.services.FXGLAssetLoaderService
17:31:44.137 [FXGL Background Thread 3 ] DEBUG Engine               - class com.almasb.fxgl.app.FXGLApplication$GameApplicationService
17:31:44.137 [FXGL Background Thread 3 ] DEBUG Engine               - class com.almasb.fxgl.app.services.FXGLDialogService
17:31:44.137 [FXGL Background Thread 3 ] DEBUG Engine               - class com.almasb.fxgl.app.services.IOTaskExecutorService
17:31:44.137 [FXGL Background Thread 3 ] DEBUG Engine               - class com.almasb.fxgl.io.FileSystemService
17:31:44.137 [FXGL Background Thread 3 ] DEBUG Engine               - class com.almasb.fxgl.localization.LocalizationService
17:31:44.138 [FXGL Background Thread 3 ] DEBUG Engine               - class com.almasb.fxgl.app.services.SystemBundleService
17:31:44.138 [FXGL Background Thread 3 ] DEBUG Engine               - class com.almasb.fxgl.profile.SaveLoadService
17:31:44.138 [FXGL Background Thread 3 ] DEBUG Engine               - class com.almasb.fxgl.ui.FXGLUIFactoryServiceProvider
17:31:44.138 [FXGL Background Thread 3 ] DEBUG Engine               - class com.almasb.fxgl.ui.FXGLDialogFactoryServiceProvider
17:31:44.138 [FXGL Background Thread 3 ] DEBUG Engine               - class com.almasb.fxgl.audio.AudioPlayer
17:31:44.138 [FXGL Background Thread 3 ] DEBUG Engine               - class com.almasb.fxgl.notification.impl.NotificationServiceProvider
17:31:44.138 [FXGL Background Thread 3 ] DEBUG Engine               - class com.almasb.fxgl.achievement.AchievementService
17:31:44.139 [FXGL Background Thread 3 ] DEBUG Engine               - class com.almasb.fxgl.cutscene.CutsceneService
17:31:44.139 [FXGL Background Thread 3 ] DEBUG Engine               - class com.almasb.fxgl.minigames.MiniGameService
17:31:44.139 [FXGL Background Thread 3 ] DEBUG Engine               - class com.almasb.fxgl.net.NetService
17:31:44.139 [FXGL Background Thread 3 ] DEBUG Engine               - class com.almasb.fxgl.app.services.UpdaterService
17:31:44.139 [FXGL Background Thread 3 ] DEBUG Engine               - class com.almasb.fxgl.dev.DevService
17:31:50.427 [JavaFX Application Thread] WARN  GameWorld            - Attempted to remove entity which is not active
17:31:53.866 [JavaFX Application Thread] WARN  GameWorld            - Attempted to remove entity which is not active
17:31:57.002 [JavaFX Application Thread] WARN  GameWorld            - Attempted to remove entity which is not active
17:32:02.491 [JavaFX Application Thread] WARN  GameWorld            - Attempted to remove entity which is not active
17:32:10.571 [JavaFX Application Thread] WARN  GameWorld            - Attempted to remove entity which is not active
17:32:13.802 [JavaFX Application Thread] WARN  GameWorld            - Attempted to remove entity which is not active
17:32:28.778 [JavaFX Application Thread] WARN  GameWorld            - Attempted to remove entity which is not active
17:34:29.081 [JavaFX Application Thread] WARN  GameWorld            - Attempted to remove entity which is not active
17:34:32.745 [JavaFX Application Thread] WARN  GameWorld            - Attempted to remove entity which is not active
17:34:34.649 [JavaFX Application Thread] WARN  GameWorld            - Attempted to remove entity which is not active
17:34:38.041 [JavaFX Application Thread] WARN  GameWorld            - Attempted to remove entity which is not active
17:34:42.298 [JavaFX Application Thread] WARN  GameWorld            - Attempted to remove entity which is not active
17:34:54.570 [JavaFX Application Thread] WARN  GameWorld            - Attempted to remove entity which is not active
17:34:57.818 [JavaFX Application Thread] WARN  GameWorld            - Attempted to remove entity which is not active
17:35:06.554 [JavaFX Application Thread] WARN  GameWorld            - Attempted to remove entity which is not active
17:35:11.001 [JavaFX Application Thread] WARN  GameWorld            - Attempted to remove entity which is not active
17:35:12.633 [JavaFX Application Thread] WARN  GameWorld            - Attempted to remove entity which is not active
17:35:14.265 [JavaFX Application Thread] WARN  GameWorld            - Attempted to remove entity which is not active
17:35:17.219 [JavaFX Application Thread] DEBUG FXGLApplication      - Exiting FXGL
17:35:17.220 [JavaFX Application Thread] DEBUG LoopRunner           - Stopping loop
17:35:17.220 [JavaFX Application Thread] DEBUG SystemBundleService  - Saving FXGL system data
17:35:17.222 [JavaFX Application Thread] DEBUG FileSystemAccess     - Writing to: D:\FERMI-FEDE\4BIF_2021-2022\Informatica\gioco\system\fxgl.bundle
17:35:17.224 [JavaFX Application Thread] DEBUG Async                - Shutting down background threads
17:35:17.225 [JavaFX Application Thread] DEBUG PrimaryStageWindow   - Closing main window
17:35:17.237 [JavaFX Application Thread] DEBUG Logger               - Closing Logger
