19:48:05.789 [main                     ] DEBUG Logger               - Configured Logger
19:48:05.804 [main                     ] DEBUG GameApplication      - Logging settings
Title: Pioneer-10
Terra
Version: 0.0
Width: 1200
Height: 640
Fullscreen: false
Intro: false
Profiling: false
Single step:false
App Mode: DEVELOPER
Menu Key: ESCAPE
Stage Style: DECORATED
Scene Factory: class com.almasb.fxgl.app.scene.SceneFactory

19:48:06.213 [JavaFX Application Thread] DEBUG FXGLApplication      - Initializing FXGL
19:48:06.217 [JavaFX Application Thread] INFO  Engine               - FXGL-17+dev-SNAPSHOT (22.04.2022 11.52) on WINDOWS (J:18 FX:18)
19:48:06.217 [JavaFX Application Thread] DEBUG Engine               - JRE Vendor Name: Oracle Corporation
19:48:06.217 [JavaFX Application Thread] DEBUG Engine               - Running on OS: Windows 10 version 10.0
19:48:06.217 [JavaFX Application Thread] DEBUG Engine               - Architecture: amd64
19:48:06.217 [JavaFX Application Thread] INFO  Engine               - Source code and latest versions at: https://github.com/AlmasB/FXGL
19:48:06.217 [JavaFX Application Thread] INFO  Engine               -       Ask questions and discuss at: https://github.com/AlmasB/FXGL/discussions
19:48:06.217 [JavaFX Application Thread] INFO  Engine               -              Join the FXGL chat at: https://gitter.im/AlmasB/FXGL
19:48:06.273 [JavaFX Application Thread] DEBUG PrimaryStageWindow   - Creating a JavaFX scene
19:48:06.301 [JavaFX Application Thread] DEBUG PrimaryStageWindow   - Target settings size: 1200.0 x 640.0
19:48:06.301 [JavaFX Application Thread] DEBUG PrimaryStageWindow   - Scaled scene size:    1200.0 x 640.0
19:48:06.301 [JavaFX Application Thread] DEBUG PrimaryStageWindow   - Scaled ratio: (1.0, 1.0)
19:48:06.302 [JavaFX Application Thread] DEBUG PrimaryStageWindow   - Set initial scene to FXGLStartupScene
19:48:06.306 [JavaFX Application Thread] DEBUG PrimaryStageWindow   - Opening main window
19:48:06.438 [JavaFX Application Thread] DEBUG PrimaryStageWindow   - Window border size: (16.0, 39.0)
19:48:06.438 [JavaFX Application Thread] DEBUG PrimaryStageWindow   - Scaled size: 1200.0 x 640.0
19:48:06.439 [JavaFX Application Thread] DEBUG PrimaryStageWindow   - Scaled ratio: (1.0, 1.0)
19:48:06.439 [JavaFX Application Thread] DEBUG PrimaryStageWindow   - Scene size: 1200.0 x 640.0
19:48:06.439 [JavaFX Application Thread] DEBUG PrimaryStageWindow   - Stage size: 1216.0 x 679.0
19:48:06.444 [FXGL Background Thread 1 ] DEBUG Engine               - Initializing environment variables
19:48:06.473 [FXGL Background Thread 1 ] DEBUG FXGLAssetLoaderServi - User app class for loading assets: class com.pioneer10.model.LivTerra
19:48:06.473 [FXGL Background Thread 1 ] DEBUG GameApplicationServi - Applying CSS: fxgl_dark.css
19:48:06.475 [FXGL Background Thread 1 ] DEBUG FXGLAssetLoaderServi - Loading from file system: jar:file:///C:/Users/mattu/.m2/repository/com/github/almasb/fxgl/17+dev-SNAPSHOT/fxgl-17+dev-20220422.115207-44.jar!/fxglassets/ui/css/fxgl_dark.css
19:48:06.505 [FXGL Background Thread 1 ] DEBUG GameApplicationServi - Initializing application scenes
19:48:06.530 [FXGL Background Thread 1 ] DEBUG GameWorld            - Game world initialized
19:48:06.569 [FXGL Background Thread 1 ] DEBUG PhysicsWorld         - Physics world initialized: appHeight=640, physics.ppm=50,0
19:48:06.570 [FXGL Background Thread 1 ] DEBUG PhysicsWorld         - Using strategy: BRUTE_FORCE
19:48:06.572 [FXGL Background Thread 1 ] DEBUG GameScene            - Game scene initialized: 1200x640
19:48:06.580 [FXGL Background Thread 1 ] DEBUG FXGL.DefaultMenu     - createMenuBodyGameMenu()
19:48:06.587 [FXGL Background Thread 1 ] DEBUG FXGL.DefaultMenu     - createOptionsMenu()
19:48:06.595 [FXGL Background Thread 1 ] DEBUG FXGLAssetLoaderServi - Loading from file system: jar:file:///C:/Users/mattu/.m2/repository/com/github/almasb/fxgl/17+dev-SNAPSHOT/fxgl-17+dev-20220422.115207-44.jar!/fxglassets/textures/particles/smoke.png
19:48:06.649 [FXGL Background Thread 1 ] DEBUG FXGLAssetLoaderServi - Loading from file system: jar:file:///C:/Users/mattu/.m2/repository/com/github/almasb/fxgl/17+dev-SNAPSHOT/fxgl-17+dev-20220422.115207-44.jar!/fxglassets/textures/particles/trace_horizontal.png
19:48:06.666 [FXGL Background Thread 1 ] DEBUG GameApplicationServi - Application scenes initialized
19:48:06.674 [FXGL Background Thread 1 ] DEBUG SystemBundleService  - Loading FXGL system data
19:48:06.676 [FXGL Background Thread 1 ] DEBUG FileSystemAccess     - Reading from: D:\FERMI-FEDE\4BIF_2021-2022\Informatica\Giochi\Pioneer-10\system\fxgl.bundle
19:48:06.681 [FXGL Background Thread 1 ] DEBUG SystemBundleService  - Bundle FXGL: {}
19:48:06.682 [FXGL Background Thread 1 ] DEBUG UpdaterService       - Checking for updates
19:48:06.684 [FXGL Background Thread 4 ] DEBUG FXGLApplication      - Loading fonts
19:48:06.684 [FXGL Background Thread 1 ] DEBUG FXGLApplication      - Loading default localization
19:48:06.684 [FXGL Background Thread 4 ] DEBUG FXGLAssetLoaderServi - Loading from file system: jar:file:///C:/Users/mattu/.m2/repository/com/github/almasb/fxgl/17+dev-SNAPSHOT/fxgl-17+dev-20220422.115207-44.jar!/fxglassets/ui/fonts/VarelaRound-Regular.ttf
19:48:06.685 [FXGL Background Thread 1 ] DEBUG FXGLAssetLoaderServi - Loading from file system: jar:file:///C:/Users/mattu/.m2/repository/com/github/almasb/fxgl/17+dev-SNAPSHOT/fxgl-17+dev-20220422.115207-44.jar!/fxglassets/languages/english.lang
19:48:06.695 [FXGL Background Thread 1 ] INFO  FXGLApplication      - FXGL initialization took: 0,251 sec
19:48:06.704 [JavaFX Application Thread] DEBUG Input                - Registered new binding: Left - A
19:48:06.704 [JavaFX Application Thread] DEBUG Input                - Registered new binding: Right - D
19:48:06.704 [JavaFX Application Thread] DEBUG Input                - Registered new binding: Jump - Space
19:48:06.705 [JavaFX Application Thread] DEBUG FXGLAssetLoaderServi - Loading from file system: jar:file:///C:/Users/mattu/.m2/repository/com/github/almasb/fxgl/17+dev-SNAPSHOT/fxgl-17+dev-20220422.115207-44.jar!/fxglassets/textures/fxgl_icon.png
19:48:06.723 [JavaFX Application Thread] DEBUG FXGLAssetLoaderServi - Loading from file system: jar:file:///C:/Users/mattu/.m2/repository/com/github/almasb/fxgl/17+dev-SNAPSHOT/fxgl-17+dev-20220422.115207-44.jar!/fxglassets/textures/fxgl_default_cursor.png
19:48:06.724 [JavaFX Application Thread] DEBUG Input                - Registered new binding: Screenshot - CTRL+8
19:48:06.724 [JavaFX Application Thread] DEBUG Input                - Registered new binding: System info dump - CTRL+9
19:48:06.724 [JavaFX Application Thread] DEBUG Input                - Registered new binding: Restart - CTRL+R
19:48:06.725 [JavaFX Application Thread] DEBUG Input                - Registered new binding: Toggle Debug Camera - CTRL+7
19:48:06.727 [JavaFX Application Thread] DEBUG LoopRunner           - Starting loop
19:48:06.727 [JavaFX Application Thread] DEBUG LoopRunner           - Initializing JavaFX AnimationTimerLoop
19:48:06.729 [JavaFX Application Thread] DEBUG GameApplicationServi - Starting new game
19:48:06.730 [JavaFX Application Thread] DEBUG Input                - Clearing active input actions
19:48:06.738 [FXGL Background Thread 4 ] DEBUG FXGLAssetLoaderServi - Loading from file system: jar:file:///C:/Users/mattu/.m2/repository/com/github/almasb/fxgl/17+dev-SNAPSHOT/fxgl-17+dev-20220422.115207-44.jar!/fxglassets/ui/fonts/Abel-Regular.ttf
19:48:06.740 [JavaFX Application Thread] DEBUG GameApplicationServi - Removing overlay from FXGLStartupScene and adding to FXGLLoadingScene
19:48:06.740 [JavaFX Application Thread] DEBUG PrimaryStageWindow   - FXGLStartupScene -> FXGLLoadingScene
19:48:06.740 [JavaFX Application Thread] DEBUG GameApplicationServi - Clearing previous game
19:48:06.740 [JavaFX Application Thread] DEBUG GameScene            - Clearing game scene
19:48:06.741 [JavaFX Application Thread] DEBUG GameWorld            - Clearing game world
19:48:06.741 [JavaFX Application Thread] DEBUG PhysicsWorld         - Clearing physics world
19:48:06.742 [FXGL Background Thread 1 ] DEBUG FXGLApplication      - Initializing game
19:48:06.742 [FXGL Background Thread 4 ] DEBUG FXGLAssetLoaderServi - Loading from file system: jar:file:///C:/Users/mattu/.m2/repository/com/github/almasb/fxgl/17+dev-SNAPSHOT/fxgl-17+dev-20220422.115207-44.jar!/fxglassets/ui/fonts/TerminalLandMono-Regular.otf
19:48:06.744 [FXGL Background Thread 4 ] DEBUG FXGLAssetLoaderServi - Loading from file system: jar:file:///C:/Users/mattu/.m2/repository/com/github/almasb/fxgl/17+dev-SNAPSHOT/fxgl-17+dev-20220422.115207-44.jar!/fxglassets/ui/fonts/Courier-Prime.ttf
19:48:06.764 [JavaFX Application Thread] DEBUG FXGLApplication      - Registering font factories with UI factory
19:48:06.765 [FXGL Background Thread 1 ] WARN  TMXLevelLoader       - TiledMap generated from 1.8.4. Supported version: 1.4.2. Some features may not be parsed fully.
19:48:06.783 [FXGL Background Thread 1 ] DEBUG TMXLevelLoader       - Parsed TiledMap: file:/D:/FERMI-FEDE/4BIF_2021-2022/Informatica/Giochi/Pioneer-10/target/classes/assets/levels/Terra/MappaTerra.tmx
19:48:06.787 [FXGL Background Thread 1 ] DEBUG TMXLevelLoader       - Creating tile layer entities
19:48:06.788 [FXGL Background Thread 1 ] DEBUG TilesetLoader        - Loading view for layer Livello tile 1
19:48:06.793 [FXGL Background Thread 1 ] DEBUG TilesetLoader        - Created buffer with size 4800.0x640.0
19:48:06.810 [FXGL Background Thread 1 ] WARN  TilesetLoader        - Diagonally flipped tiles are not currently supported
19:48:06.814 [FXGL Background Thread 1 ] WARN  TilesetLoader        - Diagonally flipped tiles are not currently supported
19:48:06.814 [FXGL Background Thread 1 ] WARN  TilesetLoader        - Diagonally flipped tiles are not currently supported
19:48:06.839 [FXGL Background Thread 1 ] WARN  TilesetLoader        - Diagonally flipped tiles are not currently supported
19:48:06.843 [FXGL Background Thread 1 ] WARN  TilesetLoader        - Diagonally flipped tiles are not currently supported
19:48:06.844 [FXGL Background Thread 1 ] DEBUG TilesetLoader        - Loading view for layer Livello tile 2
19:48:06.847 [FXGL Background Thread 1 ] DEBUG TilesetLoader        - Created buffer with size 4800.0x640.0
19:48:06.848 [FXGL Background Thread 1 ] DEBUG TilesetLoader        - Loading view for layer Livello tile 3
19:48:06.851 [FXGL Background Thread 1 ] DEBUG TilesetLoader        - Created buffer with size 4800.0x640.0
19:48:06.852 [FXGL Background Thread 1 ] DEBUG TMXLevelLoader       - Creating object layer entities
19:48:06.912 [FXGL Background Thread 1 ] DEBUG GameWorld            - Clearing removable entities
19:48:06.913 [FXGL Background Thread 1 ] DEBUG GameWorld            - Setting level: com.almasb.fxgl.entity.level.Level@4902952a
19:48:06.961 [FXGL Background Thread 1 ] INFO  FXGLApplication      - Game initialization took: 0,219 sec
19:48:06.962 [JavaFX Application Thread] DEBUG Input                - Clearing active input actions
19:48:06.968 [FXGL Background Thread 2 ] INFO  UpdaterService       - Your current version:  17+dev-SNAPSHOT
19:48:06.968 [FXGL Background Thread 2 ] INFO  UpdaterService       - Latest stable version: 17.1
19:48:06.968 [JavaFX Application Thread] DEBUG GameApplicationServi - Removing overlay from FXGLLoadingScene and adding to GameScene
19:48:06.968 [JavaFX Application Thread] DEBUG PrimaryStageWindow   - FXGLLoadingScene -> GameScene
19:48:09.684 [FXGL Background Thread 3 ] DEBUG Engine               - Logging environment variables
19:48:09.684 [FXGL Background Thread 3 ] DEBUG Engine               - achievements: []
19:48:09.684 [FXGL Background Thread 3 ] DEBUG Engine               - actualHeight: 640.0
19:48:09.685 [FXGL Background Thread 3 ] DEBUG Engine               - actualHeightProperty: ReadOnlyDoubleProperty [value: 640.0]
19:48:09.685 [FXGL Background Thread 3 ] DEBUG Engine               - actualWidth: 1200.0
19:48:09.685 [FXGL Background Thread 3 ] DEBUG Engine               - actualWidthProperty: ReadOnlyDoubleProperty [value: 1200.0]
19:48:09.685 [FXGL Background Thread 3 ] DEBUG Engine               - appIcon: fxgl_icon.png
19:48:09.685 [FXGL Background Thread 3 ] DEBUG Engine               - applicationMode: DEVELOPER
19:48:09.685 [FXGL Background Thread 3 ] DEBUG Engine               - cSSList: [fxgl_dark.css]
19:48:09.685 [FXGL Background Thread 3 ] DEBUG Engine               - collisionDetectionStrategy: BRUTE_FORCE
19:48:09.685 [FXGL Background Thread 3 ] DEBUG Engine               - configClass: Optional.empty
19:48:09.685 [FXGL Background Thread 3 ] DEBUG Engine               - credits: []
19:48:09.685 [FXGL Background Thread 3 ] DEBUG Engine               - defaultCursor: CursorInfo(imageName=fxgl_default_cursor.png, hotspotX=7.0, hotspotY=6.0)
19:48:09.685 [FXGL Background Thread 3 ] DEBUG Engine               - devBBoxColorProperty: ObjectProperty [value: 0xff0000ff]
19:48:09.685 [FXGL Background Thread 3 ] DEBUG Engine               - devEnableDebugCameraProperty: BooleanProperty [value: false]
19:48:09.685 [FXGL Background Thread 3 ] DEBUG Engine               - devSensorColorProperty: ObjectProperty [value: 0xffff00ff]
19:48:09.685 [FXGL Background Thread 3 ] DEBUG Engine               - devShowBBoxProperty: BooleanProperty [value: false]
19:48:09.685 [FXGL Background Thread 3 ] DEBUG Engine               - devShowPositionProperty: BooleanProperty [value: false]
19:48:09.685 [FXGL Background Thread 3 ] DEBUG Engine               - enabledMenuItems: []
19:48:09.685 [FXGL Background Thread 3 ] DEBUG Engine               - engineServices: [class com.almasb.fxgl.app.services.FXGLAssetLoaderService, class com.almasb.fxgl.app.FXGLApplication$GameApplicationService, class com.almasb.fxgl.app.services.FXGLDialogService, class com.almasb.fxgl.app.services.IOTaskExecutorService, class com.almasb.fxgl.io.FileSystemService, class com.almasb.fxgl.localization.LocalizationService, class com.almasb.fxgl.app.services.SystemBundleService, class com.almasb.fxgl.profile.SaveLoadService, class com.almasb.fxgl.ui.FXGLUIFactoryServiceProvider, class com.almasb.fxgl.ui.FXGLDialogFactoryServiceProvider, class com.almasb.fxgl.audio.AudioPlayer, class com.almasb.fxgl.notification.impl.NotificationServiceProvider, class com.almasb.fxgl.achievement.AchievementService, class com.almasb.fxgl.cutscene.CutsceneService, class com.almasb.fxgl.minigames.MiniGameService, class com.almasb.fxgl.net.NetService, class com.almasb.fxgl.app.services.UpdaterService, class com.almasb.fxgl.dev.DevService]
19:48:09.686 [FXGL Background Thread 3 ] DEBUG Engine               - fontGame: Abel-Regular.ttf
19:48:09.686 [FXGL Background Thread 3 ] DEBUG Engine               - fontMono: TerminalLandMono-Regular.otf
19:48:09.686 [FXGL Background Thread 3 ] DEBUG Engine               - fontText: Courier-Prime.ttf
19:48:09.686 [FXGL Background Thread 3 ] DEBUG Engine               - fontUI: VarelaRound-Regular.ttf
19:48:09.686 [FXGL Background Thread 3 ] DEBUG Engine               - fullScreen: BooleanProperty [value: false]
19:48:09.686 [FXGL Background Thread 3 ] DEBUG Engine               - gameDifficulty: MEDIUM
19:48:09.686 [FXGL Background Thread 3 ] DEBUG Engine               - gameDifficultyProperty: ObjectProperty [value: MEDIUM]
19:48:09.686 [FXGL Background Thread 3 ] DEBUG Engine               - globalMusicVolume: 0.5
19:48:09.686 [FXGL Background Thread 3 ] DEBUG Engine               - globalMusicVolumeProperty: DoubleProperty [value: 0.5]
19:48:09.686 [FXGL Background Thread 3 ] DEBUG Engine               - globalSoundVolume: 0.5
19:48:09.686 [FXGL Background Thread 3 ] DEBUG Engine               - globalSoundVolumeProperty: DoubleProperty [value: 0.5]
19:48:09.686 [FXGL Background Thread 3 ] DEBUG Engine               - height: 640
19:48:09.686 [FXGL Background Thread 3 ] DEBUG Engine               - is3D: false
19:48:09.686 [FXGL Background Thread 3 ] DEBUG Engine               - isAndroid: false
19:48:09.686 [FXGL Background Thread 3 ] DEBUG Engine               - isBrowser: false
19:48:09.686 [FXGL Background Thread 3 ] DEBUG Engine               - isClickFeedbackEnabled: false
19:48:09.686 [FXGL Background Thread 3 ] DEBUG Engine               - isCloseConfirmation: false
19:48:09.686 [FXGL Background Thread 3 ] DEBUG Engine               - isDesktop: true
19:48:09.686 [FXGL Background Thread 3 ] DEBUG Engine               - isDeveloperMenuEnabled: false
19:48:09.686 [FXGL Background Thread 3 ] DEBUG Engine               - isEmbedded: false
19:48:09.686 [FXGL Background Thread 3 ] DEBUG Engine               - isEntityPreloadEnabled: true
19:48:09.686 [FXGL Background Thread 3 ] DEBUG Engine               - isExperimentalTiledLargeMap: false
19:48:09.686 [FXGL Background Thread 3 ] DEBUG Engine               - isFileSystemWriteAllowed: true
19:48:09.686 [FXGL Background Thread 3 ] DEBUG Engine               - isFullScreenAllowed: false
19:48:09.686 [FXGL Background Thread 3 ] DEBUG Engine               - isFullScreenFromStart: false
19:48:09.686 [FXGL Background Thread 3 ] DEBUG Engine               - isGameMenuEnabled: true
19:48:09.686 [FXGL Background Thread 3 ] DEBUG Engine               - isIOS: false
19:48:09.686 [FXGL Background Thread 3 ] DEBUG Engine               - isIntroEnabled: false
19:48:09.686 [FXGL Background Thread 3 ] DEBUG Engine               - isLinux: false
19:48:09.686 [FXGL Background Thread 3 ] DEBUG Engine               - isMac: false
19:48:09.686 [FXGL Background Thread 3 ] DEBUG Engine               - isMainMenuEnabled: false
19:48:09.687 [FXGL Background Thread 3 ] DEBUG Engine               - isManualResizeEnabled: false
19:48:09.687 [FXGL Background Thread 3 ] DEBUG Engine               - isMobile: false
19:48:09.687 [FXGL Background Thread 3 ] DEBUG Engine               - isNative: false
19:48:09.687 [FXGL Background Thread 3 ] DEBUG Engine               - isPauseMusicWhenMinimized: true
19:48:09.687 [FXGL Background Thread 3 ] DEBUG Engine               - isPreserveResizeRatio: false
19:48:09.687 [FXGL Background Thread 3 ] DEBUG Engine               - isProfilingEnabled: false
19:48:09.687 [FXGL Background Thread 3 ] DEBUG Engine               - isScaleAffectedOnResize: true
19:48:09.687 [FXGL Background Thread 3 ] DEBUG Engine               - isSingleStep: false
19:48:09.687 [FXGL Background Thread 3 ] DEBUG Engine               - isUserProfileEnabled: false
19:48:09.687 [FXGL Background Thread 3 ] DEBUG Engine               - isWindows: true
19:48:09.687 [FXGL Background Thread 3 ] DEBUG Engine               - language: ObjectProperty [value: ENGLISH]
19:48:09.687 [FXGL Background Thread 3 ] DEBUG Engine               - menuKey: ESCAPE
19:48:09.687 [FXGL Background Thread 3 ] DEBUG Engine               - mouseSensitivity: 0.2
19:48:09.687 [FXGL Background Thread 3 ] DEBUG Engine               - notificationViewClass: class com.almasb.fxgl.notification.view.XboxNotificationView
19:48:09.687 [FXGL Background Thread 3 ] DEBUG Engine               - pixelsPerMeter: 50.0
19:48:09.687 [FXGL Background Thread 3 ] DEBUG Engine               - platform: WINDOWS
19:48:09.687 [FXGL Background Thread 3 ] DEBUG Engine               - prefHeightProperty: ReadOnlyDoubleProperty [value: 640.0]
19:48:09.687 [FXGL Background Thread 3 ] DEBUG Engine               - prefWidthProperty: ReadOnlyDoubleProperty [value: 1200.0]
19:48:09.687 [FXGL Background Thread 3 ] DEBUG Engine               - profileDir: profiles/
19:48:09.687 [FXGL Background Thread 3 ] DEBUG Engine               - profileName: StringProperty [value: DEFAULT]
19:48:09.687 [FXGL Background Thread 3 ] DEBUG Engine               - randomSeed: -1
19:48:09.687 [FXGL Background Thread 3 ] DEBUG Engine               - runtimeInfo: RuntimeInfo(platform=WINDOWS, version=17+dev-SNAPSHOT, build=22.04.2022 11.52)
19:48:09.687 [FXGL Background Thread 3 ] DEBUG Engine               - saveFileExt: sav
19:48:09.687 [FXGL Background Thread 3 ] DEBUG Engine               - scaledHeightProp$fxgl: DoubleProperty [bound, value: 640.0]
19:48:09.687 [FXGL Background Thread 3 ] DEBUG Engine               - scaledWidthProp$fxgl: DoubleProperty [bound, value: 1200.0]
19:48:09.687 [FXGL Background Thread 3 ] DEBUG Engine               - sceneFactory: com.almasb.fxgl.app.scene.SceneFactory@51b46221
19:48:09.687 [FXGL Background Thread 3 ] DEBUG Engine               - secondsIn24h: 60
19:48:09.687 [FXGL Background Thread 3 ] DEBUG Engine               - soundMenuBack: menu/back.wav
19:48:09.687 [FXGL Background Thread 3 ] DEBUG Engine               - soundMenuPress: menu/press.wav
19:48:09.688 [FXGL Background Thread 3 ] DEBUG Engine               - soundMenuSelect: menu/select.wav
19:48:09.688 [FXGL Background Thread 3 ] DEBUG Engine               - soundNotification: core/notification.wav
19:48:09.688 [FXGL Background Thread 3 ] DEBUG Engine               - stageStyle: DECORATED
19:48:09.688 [FXGL Background Thread 3 ] DEBUG Engine               - supportedLanguages: [ENGLISH, FRENCH, GERMAN, HUNGARIAN, RUSSIAN]
19:48:09.688 [FXGL Background Thread 3 ] DEBUG Engine               - ticksPerSecond: -1
19:48:09.688 [FXGL Background Thread 3 ] DEBUG Engine               - title: Pioneer-10
Terra
19:48:09.688 [FXGL Background Thread 3 ] DEBUG Engine               - urlGithub: https://github.com/AlmasB/FXGL
19:48:09.688 [FXGL Background Thread 3 ] DEBUG Engine               - urlLeaderboard: http://fxgl-top.herokuapp.com/
19:48:09.688 [FXGL Background Thread 3 ] DEBUG Engine               - urlPOM: https://raw.githubusercontent.com/AlmasB/FXGL/release/README.md
19:48:09.688 [FXGL Background Thread 3 ] DEBUG Engine               - userAppClass: class com.pioneer10.model.LivTerra
19:48:09.688 [FXGL Background Thread 3 ] DEBUG Engine               - version: 0.0
19:48:09.688 [FXGL Background Thread 3 ] DEBUG Engine               - versionCheckDays: 7
19:48:09.688 [FXGL Background Thread 3 ] DEBUG Engine               - width: 1200
19:48:09.688 [FXGL Background Thread 3 ] DEBUG Engine               - Logging services
19:48:09.688 [FXGL Background Thread 3 ] DEBUG Engine               - class com.almasb.fxgl.app.services.FXGLAssetLoaderService
19:48:09.688 [FXGL Background Thread 3 ] DEBUG Engine               - class com.almasb.fxgl.app.FXGLApplication$GameApplicationService
19:48:09.688 [FXGL Background Thread 3 ] DEBUG Engine               - class com.almasb.fxgl.app.services.FXGLDialogService
19:48:09.688 [FXGL Background Thread 3 ] DEBUG Engine               - class com.almasb.fxgl.app.services.IOTaskExecutorService
19:48:09.688 [FXGL Background Thread 3 ] DEBUG Engine               - class com.almasb.fxgl.io.FileSystemService
19:48:09.688 [FXGL Background Thread 3 ] DEBUG Engine               - class com.almasb.fxgl.localization.LocalizationService
19:48:09.688 [FXGL Background Thread 3 ] DEBUG Engine               - class com.almasb.fxgl.app.services.SystemBundleService
19:48:09.688 [FXGL Background Thread 3 ] DEBUG Engine               - class com.almasb.fxgl.profile.SaveLoadService
19:48:09.688 [FXGL Background Thread 3 ] DEBUG Engine               - class com.almasb.fxgl.ui.FXGLUIFactoryServiceProvider
19:48:09.688 [FXGL Background Thread 3 ] DEBUG Engine               - class com.almasb.fxgl.ui.FXGLDialogFactoryServiceProvider
19:48:09.688 [FXGL Background Thread 3 ] DEBUG Engine               - class com.almasb.fxgl.audio.AudioPlayer
19:48:09.688 [FXGL Background Thread 3 ] DEBUG Engine               - class com.almasb.fxgl.notification.impl.NotificationServiceProvider
19:48:09.688 [FXGL Background Thread 3 ] DEBUG Engine               - class com.almasb.fxgl.achievement.AchievementService
19:48:09.688 [FXGL Background Thread 3 ] DEBUG Engine               - class com.almasb.fxgl.cutscene.CutsceneService
19:48:09.688 [FXGL Background Thread 3 ] DEBUG Engine               - class com.almasb.fxgl.minigames.MiniGameService
19:48:09.688 [FXGL Background Thread 3 ] DEBUG Engine               - class com.almasb.fxgl.net.NetService
19:48:09.688 [FXGL Background Thread 3 ] DEBUG Engine               - class com.almasb.fxgl.app.services.UpdaterService
19:48:09.688 [FXGL Background Thread 3 ] DEBUG Engine               - class com.almasb.fxgl.dev.DevService
19:48:38.185 [JavaFX Application Thread] DEBUG FXGLApplication      - Exiting FXGL
19:48:38.185 [JavaFX Application Thread] DEBUG LoopRunner           - Stopping loop
19:48:38.185 [JavaFX Application Thread] DEBUG SystemBundleService  - Saving FXGL system data
19:48:38.186 [JavaFX Application Thread] DEBUG FileSystemAccess     - Writing to: D:\FERMI-FEDE\4BIF_2021-2022\Informatica\Giochi\Pioneer-10\system\fxgl.bundle
19:48:38.188 [JavaFX Application Thread] DEBUG Async                - Shutting down background threads
19:48:38.189 [JavaFX Application Thread] DEBUG PrimaryStageWindow   - Closing main window
19:48:38.195 [JavaFX Application Thread] DEBUG Logger               - Closing Logger
