12:26:54.052 [main                     ] DEBUG Logger               - Configured Logger
12:26:54.073 [main                     ] DEBUG GameApplication      - Logging settings
Title: Untitled
Version: 0.0
Width: 1120
Height: 320
Fullscreen: false
Intro: false
Profiling: false
Single step:false
App Mode: DEVELOPER
Menu Key: ESCAPE
Stage Style: DECORATED
Scene Factory: class com.pioneer10.model.PlatformerApp$1

12:26:54.482 [JavaFX Application Thread] DEBUG FXGLApplication      - Initializing FXGL
12:26:54.485 [JavaFX Application Thread] INFO  Engine               - FXGL-17+dev-SNAPSHOT (22.04.2022 11.52) on WINDOWS (J:17.0.1 FX:18)
12:26:54.485 [JavaFX Application Thread] DEBUG Engine               - JRE Vendor Name: Oracle Corporation
12:26:54.486 [JavaFX Application Thread] DEBUG Engine               - Running on OS: Windows 10 version 10.0
12:26:54.486 [JavaFX Application Thread] DEBUG Engine               - Architecture: amd64
12:26:54.486 [JavaFX Application Thread] INFO  Engine               - Source code and latest versions at: https://github.com/AlmasB/FXGL
12:26:54.486 [JavaFX Application Thread] INFO  Engine               -       Ask questions and discuss at: https://github.com/AlmasB/FXGL/discussions
12:26:54.486 [JavaFX Application Thread] INFO  Engine               -              Join the FXGL chat at: https://gitter.im/AlmasB/FXGL
12:26:54.544 [JavaFX Application Thread] DEBUG PrimaryStageWindow   - Creating a JavaFX scene
12:26:54.574 [JavaFX Application Thread] DEBUG PrimaryStageWindow   - Target settings size: 1120.0 x 320.0
12:26:54.574 [JavaFX Application Thread] DEBUG PrimaryStageWindow   - Scaled scene size:    1120.0 x 320.0
12:26:54.575 [JavaFX Application Thread] DEBUG PrimaryStageWindow   - Scaled ratio: (1.0, 1.0)
12:26:54.575 [JavaFX Application Thread] DEBUG PrimaryStageWindow   - Set initial scene to FXGLStartupScene
12:26:54.580 [JavaFX Application Thread] DEBUG PrimaryStageWindow   - Opening main window
12:26:54.702 [JavaFX Application Thread] DEBUG PrimaryStageWindow   - Window border size: (16.0, 39.0)
12:26:54.702 [JavaFX Application Thread] DEBUG PrimaryStageWindow   - Scaled size: 1120.0 x 320.0
12:26:54.702 [JavaFX Application Thread] DEBUG PrimaryStageWindow   - Scaled ratio: (1.0, 1.0)
12:26:54.703 [JavaFX Application Thread] DEBUG PrimaryStageWindow   - Scene size: 1120.0 x 320.0
12:26:54.703 [JavaFX Application Thread] DEBUG PrimaryStageWindow   - Stage size: 1136.0 x 359.0
12:26:54.708 [FXGL Background Thread 1 ] DEBUG Engine               - Initializing environment variables
12:26:54.728 [FXGL Background Thread 1 ] DEBUG FXGLAssetLoaderServi - User app class for loading assets: class com.pioneer10.model.PlatformerApp
12:26:54.728 [FXGL Background Thread 1 ] DEBUG GameApplicationServi - Applying CSS: fxgl_dark.css
12:26:54.729 [FXGL Background Thread 1 ] DEBUG FXGLAssetLoaderServi - Loading from file system: jar:file:///C:/Users/mattu/.m2/repository/com/github/almasb/fxgl/17+dev-SNAPSHOT/fxgl-17+dev-20220422.115207-44.jar!/fxglassets/ui/css/fxgl_dark.css
12:26:54.770 [FXGL Background Thread 1 ] DEBUG GameApplicationServi - Initializing application scenes
12:26:54.818 [FXGL Background Thread 1 ] DEBUG FXGLAssetLoaderServi - Loading from file system: file:/C:/Users/mattu/Desktop/FXGLGames-master/FXGLGames-master/Mario/target/classes/assets/textures/player.png
12:26:54.838 [FXGL Background Thread 1 ] DEBUG GameWorld            - Game world initialized
12:26:54.879 [FXGL Background Thread 1 ] DEBUG PhysicsWorld         - Physics world initialized: appHeight=320, physics.ppm=50,0
12:26:54.880 [FXGL Background Thread 1 ] DEBUG PhysicsWorld         - Using strategy: BRUTE_FORCE
12:26:54.885 [FXGL Background Thread 1 ] DEBUG GameScene            - Game scene initialized: 1120x320
12:26:54.895 [FXGL Background Thread 1 ] WARN  FXGL.DefaultMenu     - FXGLDefaultMenu is not designed for resolutions < 800x600
12:26:54.895 [FXGL Background Thread 1 ] DEBUG FXGL.DefaultMenu     - createMenuBodyGameMenu()
12:26:54.913 [FXGL Background Thread 1 ] DEBUG FXGL.DefaultMenu     - createOptionsMenu()
12:26:54.925 [FXGL Background Thread 1 ] DEBUG FXGLAssetLoaderServi - Loading from file system: jar:file:///C:/Users/mattu/.m2/repository/com/github/almasb/fxgl/17+dev-SNAPSHOT/fxgl-17+dev-20220422.115207-44.jar!/fxglassets/textures/particles/smoke.png
12:26:54.979 [FXGL Background Thread 1 ] DEBUG FXGLAssetLoaderServi - Loading from file system: jar:file:///C:/Users/mattu/.m2/repository/com/github/almasb/fxgl/17+dev-SNAPSHOT/fxgl-17+dev-20220422.115207-44.jar!/fxglassets/textures/particles/trace_horizontal.png
12:26:54.999 [FXGL Background Thread 1 ] DEBUG GameApplicationServi - Application scenes initialized
12:26:55.010 [FXGL Background Thread 1 ] DEBUG SystemBundleService  - Loading FXGL system data
12:26:55.015 [FXGL Background Thread 1 ] DEBUG FileSystemAccess     - Reading from: C:\Users\mattu\Desktop\FXGLGames-master\FXGLGames-master\Mario\system\fxgl.bundle
12:26:55.020 [FXGL Background Thread 1 ] DEBUG SystemBundleService  - Bundle FXGL: {}
12:26:55.020 [FXGL Background Thread 1 ] DEBUG UpdaterService       - Checking for updates
12:26:55.023 [FXGL Background Thread 4 ] DEBUG FXGLApplication      - Loading fonts
12:26:55.023 [FXGL Background Thread 1 ] DEBUG FXGLApplication      - Loading default localization
12:26:55.023 [FXGL Background Thread 4 ] DEBUG FXGLAssetLoaderServi - Loading from file system: jar:file:///C:/Users/mattu/.m2/repository/com/github/almasb/fxgl/17+dev-SNAPSHOT/fxgl-17+dev-20220422.115207-44.jar!/fxglassets/ui/fonts/VarelaRound-Regular.ttf
12:26:55.023 [FXGL Background Thread 1 ] DEBUG FXGLAssetLoaderServi - Loading from file system: jar:file:///C:/Users/mattu/.m2/repository/com/github/almasb/fxgl/17+dev-SNAPSHOT/fxgl-17+dev-20220422.115207-44.jar!/fxglassets/languages/english.lang
12:26:55.034 [FXGL Background Thread 1 ] INFO  FXGLApplication      - FXGL initialization took: 0,327 sec
12:26:55.042 [JavaFX Application Thread] DEBUG Input                - Registered new binding: Left - A
12:26:55.042 [JavaFX Application Thread] DEBUG Input                - Registered new binding: Right - D
12:26:55.042 [JavaFX Application Thread] DEBUG Input                - Registered new binding: Jump - W
12:26:55.042 [JavaFX Application Thread] DEBUG Input                - Registered new binding: Use - E
12:26:55.043 [JavaFX Application Thread] DEBUG FXGLAssetLoaderServi - Loading from file system: file:/C:/Users/mattu/Desktop/FXGLGames-master/FXGLGames-master/Mario/target/classes/assets/music/BGM_dash_runner.wav
12:26:55.062 [FXGL Background Thread 4 ] DEBUG FXGLAssetLoaderServi - Loading from file system: jar:file:///C:/Users/mattu/.m2/repository/com/github/almasb/fxgl/17+dev-SNAPSHOT/fxgl-17+dev-20220422.115207-44.jar!/fxglassets/ui/fonts/Abel-Regular.ttf
12:26:55.064 [FXGL Background Thread 4 ] DEBUG FXGLAssetLoaderServi - Loading from file system: jar:file:///C:/Users/mattu/.m2/repository/com/github/almasb/fxgl/17+dev-SNAPSHOT/fxgl-17+dev-20220422.115207-44.jar!/fxglassets/ui/fonts/TerminalLandMono-Regular.otf
12:26:55.067 [FXGL Background Thread 4 ] DEBUG FXGLAssetLoaderServi - Loading from file system: jar:file:///C:/Users/mattu/.m2/repository/com/github/almasb/fxgl/17+dev-SNAPSHOT/fxgl-17+dev-20220422.115207-44.jar!/fxglassets/ui/fonts/Courier-Prime.ttf
12:26:55.287 [FXGL Background Thread 2 ] INFO  UpdaterService       - Your current version:  17+dev-SNAPSHOT
12:26:55.288 [FXGL Background Thread 2 ] INFO  UpdaterService       - Latest stable version: 17.1
12:26:55.471 [JavaFX Application Thread] DEBUG AudioPlayer          - Playing music com.almasb.fxgl.audio.Music@2f5ab465
12:26:55.471 [JavaFX Application Thread] DEBUG FXGLAssetLoaderServi - Loading from file system: jar:file:///C:/Users/mattu/.m2/repository/com/github/almasb/fxgl/17+dev-SNAPSHOT/fxgl-17+dev-20220422.115207-44.jar!/fxglassets/textures/fxgl_icon.png
12:26:55.481 [JavaFX Application Thread] DEBUG FXGLAssetLoaderServi - Loading from file system: jar:file:///C:/Users/mattu/.m2/repository/com/github/almasb/fxgl/17+dev-SNAPSHOT/fxgl-17+dev-20220422.115207-44.jar!/fxglassets/textures/fxgl_default_cursor.png
12:26:55.483 [JavaFX Application Thread] DEBUG Input                - Registered new binding: Screenshot - CTRL+8
12:26:55.483 [JavaFX Application Thread] DEBUG Input                - Registered new binding: System info dump - CTRL+9
12:26:55.483 [JavaFX Application Thread] DEBUG Input                - Registered new binding: Restart - CTRL+R
12:26:55.483 [JavaFX Application Thread] DEBUG Input                - Registered new binding: Toggle Debug Camera - CTRL+7
12:26:55.485 [JavaFX Application Thread] DEBUG LoopRunner           - Starting loop
12:26:55.485 [JavaFX Application Thread] DEBUG LoopRunner           - Initializing JavaFX AnimationTimerLoop
12:26:55.486 [JavaFX Application Thread] DEBUG GameApplicationServi - Starting new game
12:26:55.486 [JavaFX Application Thread] DEBUG Input                - Clearing active input actions
12:26:55.492 [JavaFX Application Thread] DEBUG GameApplicationServi - Removing overlay from FXGLStartupScene and adding to MainLoadingScene
12:26:55.493 [JavaFX Application Thread] DEBUG PrimaryStageWindow   - FXGLStartupScene -> MainLoadingScene
12:26:55.493 [JavaFX Application Thread] DEBUG GameApplicationServi - Clearing previous game
12:26:55.493 [JavaFX Application Thread] DEBUG GameScene            - Clearing game scene
12:26:55.493 [JavaFX Application Thread] DEBUG GameWorld            - Clearing game world
12:26:55.493 [JavaFX Application Thread] DEBUG PhysicsWorld         - Clearing physics world
12:26:55.494 [FXGL Background Thread 2 ] DEBUG FXGLApplication      - Initializing game
12:26:55.496 [JavaFX Application Thread] DEBUG FXGLApplication      - Registering font factories with UI factory
12:26:55.518 [FXGL Background Thread 2 ] WARN  TMXLevelLoader       - TiledMap generated from 1.8.4. Supported version: 1.4.2. Some features may not be parsed fully.
12:26:55.526 [FXGL Background Thread 2 ] DEBUG TMXLevelLoader       - Parsed TiledMap: file:/C:/Users/mattu/Desktop/FXGLGames-master/FXGLGames-master/Mario/target/classes/assets/levels/tmx/level1.tmx
12:26:55.527 [FXGL Background Thread 2 ] DEBUG TMXLevelLoader       - Creating tile layer entities
12:26:55.528 [FXGL Background Thread 2 ] DEBUG TilesetLoader        - Loading view for layer Livello tile 1
12:26:55.529 [FXGL Background Thread 2 ] DEBUG TilesetLoader        - Created buffer with size 1120.0x320.0
12:26:55.537 [FXGL Background Thread 2 ] DEBUG TMXLevelLoader       - Creating object layer entities
12:26:55.558 [FXGL Background Thread 2 ] DEBUG GameWorld            - Clearing removable entities
12:26:55.558 [FXGL Background Thread 2 ] DEBUG GameWorld            - Setting level: com.almasb.fxgl.entity.level.Level@4b19e698
12:26:55.574 [FXGL Background Thread 2 ] DEBUG FXGLAssetLoaderServi - Loading from file system: file:/C:/Users/mattu/Desktop/FXGLGames-master/FXGLGames-master/Mario/target/classes/assets/textures/background/forest.png
12:26:55.588 [FXGL Background Thread 2 ] INFO  FXGLApplication      - Game initialization took: 0,094 sec
12:26:55.589 [JavaFX Application Thread] DEBUG Input                - Clearing active input actions
12:26:55.594 [JavaFX Application Thread] DEBUG GameApplicationServi - Removing overlay from MainLoadingScene and adding to GameScene
12:26:55.594 [JavaFX Application Thread] DEBUG PrimaryStageWindow   - MainLoadingScene -> GameScene
12:26:58.022 [FXGL Background Thread 3 ] DEBUG Engine               - Logging environment variables
12:26:58.022 [FXGL Background Thread 3 ] DEBUG Engine               - achievements: []
12:26:58.023 [FXGL Background Thread 3 ] DEBUG Engine               - actualHeight: 320.0
12:26:58.023 [FXGL Background Thread 3 ] DEBUG Engine               - actualHeightProperty: ReadOnlyDoubleProperty [value: 320.0]
12:26:58.023 [FXGL Background Thread 3 ] DEBUG Engine               - actualWidth: 1120.0
12:26:58.023 [FXGL Background Thread 3 ] DEBUG Engine               - actualWidthProperty: ReadOnlyDoubleProperty [value: 1120.0]
12:26:58.023 [FXGL Background Thread 3 ] DEBUG Engine               - appIcon: fxgl_icon.png
12:26:58.023 [FXGL Background Thread 3 ] DEBUG Engine               - applicationMode: DEVELOPER
12:26:58.023 [FXGL Background Thread 3 ] DEBUG Engine               - cSSList: [fxgl_dark.css]
12:26:58.023 [FXGL Background Thread 3 ] DEBUG Engine               - collisionDetectionStrategy: BRUTE_FORCE
12:26:58.023 [FXGL Background Thread 3 ] DEBUG Engine               - configClass: Optional.empty
12:26:58.023 [FXGL Background Thread 3 ] DEBUG Engine               - credits: []
12:26:58.024 [FXGL Background Thread 3 ] DEBUG Engine               - defaultCursor: CursorInfo(imageName=fxgl_default_cursor.png, hotspotX=7.0, hotspotY=6.0)
12:26:58.024 [FXGL Background Thread 3 ] DEBUG Engine               - devBBoxColorProperty: ObjectProperty [value: 0xff0000ff]
12:26:58.024 [FXGL Background Thread 3 ] DEBUG Engine               - devEnableDebugCameraProperty: BooleanProperty [value: false]
12:26:58.024 [FXGL Background Thread 3 ] DEBUG Engine               - devSensorColorProperty: ObjectProperty [value: 0xffff00ff]
12:26:58.024 [FXGL Background Thread 3 ] DEBUG Engine               - devShowBBoxProperty: BooleanProperty [value: false]
12:26:58.024 [FXGL Background Thread 3 ] DEBUG Engine               - devShowPositionProperty: BooleanProperty [value: false]
12:26:58.024 [FXGL Background Thread 3 ] DEBUG Engine               - enabledMenuItems: []
12:26:58.024 [FXGL Background Thread 3 ] DEBUG Engine               - engineServices: [class com.almasb.fxgl.app.services.FXGLAssetLoaderService, class com.almasb.fxgl.app.FXGLApplication$GameApplicationService, class com.almasb.fxgl.app.services.FXGLDialogService, class com.almasb.fxgl.app.services.IOTaskExecutorService, class com.almasb.fxgl.io.FileSystemService, class com.almasb.fxgl.localization.LocalizationService, class com.almasb.fxgl.app.services.SystemBundleService, class com.almasb.fxgl.profile.SaveLoadService, class com.almasb.fxgl.ui.FXGLUIFactoryServiceProvider, class com.almasb.fxgl.ui.FXGLDialogFactoryServiceProvider, class com.almasb.fxgl.audio.AudioPlayer, class com.almasb.fxgl.notification.impl.NotificationServiceProvider, class com.almasb.fxgl.achievement.AchievementService, class com.almasb.fxgl.cutscene.CutsceneService, class com.almasb.fxgl.minigames.MiniGameService, class com.almasb.fxgl.net.NetService, class com.almasb.fxgl.app.services.UpdaterService, class com.almasb.fxgl.dev.DevService]
12:26:58.024 [FXGL Background Thread 3 ] DEBUG Engine               - fontGame: Abel-Regular.ttf
12:26:58.024 [FXGL Background Thread 3 ] DEBUG Engine               - fontMono: TerminalLandMono-Regular.otf
12:26:58.024 [FXGL Background Thread 3 ] DEBUG Engine               - fontText: Courier-Prime.ttf
12:26:58.024 [FXGL Background Thread 3 ] DEBUG Engine               - fontUI: VarelaRound-Regular.ttf
12:26:58.024 [FXGL Background Thread 3 ] DEBUG Engine               - fullScreen: BooleanProperty [value: false]
12:26:58.025 [FXGL Background Thread 3 ] DEBUG Engine               - gameDifficulty: MEDIUM
12:26:58.025 [FXGL Background Thread 3 ] DEBUG Engine               - gameDifficultyProperty: ObjectProperty [value: MEDIUM]
12:26:58.025 [FXGL Background Thread 3 ] DEBUG Engine               - globalMusicVolume: 0.5
12:26:58.025 [FXGL Background Thread 3 ] DEBUG Engine               - globalMusicVolumeProperty: DoubleProperty [value: 0.25]
12:26:58.025 [FXGL Background Thread 3 ] DEBUG Engine               - globalSoundVolume: 0.5
12:26:58.025 [FXGL Background Thread 3 ] DEBUG Engine               - globalSoundVolumeProperty: DoubleProperty [value: 0.5]
12:26:58.025 [FXGL Background Thread 3 ] DEBUG Engine               - height: 320
12:26:58.025 [FXGL Background Thread 3 ] DEBUG Engine               - is3D: false
12:26:58.025 [FXGL Background Thread 3 ] DEBUG Engine               - isAndroid: false
12:26:58.025 [FXGL Background Thread 3 ] DEBUG Engine               - isBrowser: false
12:26:58.025 [FXGL Background Thread 3 ] DEBUG Engine               - isClickFeedbackEnabled: false
12:26:58.025 [FXGL Background Thread 3 ] DEBUG Engine               - isCloseConfirmation: false
12:26:58.025 [FXGL Background Thread 3 ] DEBUG Engine               - isDesktop: true
12:26:58.025 [FXGL Background Thread 3 ] DEBUG Engine               - isDeveloperMenuEnabled: false
12:26:58.025 [FXGL Background Thread 3 ] DEBUG Engine               - isEmbedded: false
12:26:58.026 [FXGL Background Thread 3 ] DEBUG Engine               - isEntityPreloadEnabled: true
12:26:58.026 [FXGL Background Thread 3 ] DEBUG Engine               - isExperimentalTiledLargeMap: false
12:26:58.026 [FXGL Background Thread 3 ] DEBUG Engine               - isFileSystemWriteAllowed: true
12:26:58.026 [FXGL Background Thread 3 ] DEBUG Engine               - isFullScreenAllowed: false
12:26:58.026 [FXGL Background Thread 3 ] DEBUG Engine               - isFullScreenFromStart: false
12:26:58.026 [FXGL Background Thread 3 ] DEBUG Engine               - isGameMenuEnabled: true
12:26:58.026 [FXGL Background Thread 3 ] DEBUG Engine               - isIOS: false
12:26:58.026 [FXGL Background Thread 3 ] DEBUG Engine               - isIntroEnabled: false
12:26:58.026 [FXGL Background Thread 3 ] DEBUG Engine               - isLinux: false
12:26:58.026 [FXGL Background Thread 3 ] DEBUG Engine               - isMac: false
12:26:58.026 [FXGL Background Thread 3 ] DEBUG Engine               - isMainMenuEnabled: false
12:26:58.026 [FXGL Background Thread 3 ] DEBUG Engine               - isManualResizeEnabled: false
12:26:58.026 [FXGL Background Thread 3 ] DEBUG Engine               - isMobile: false
12:26:58.026 [FXGL Background Thread 3 ] DEBUG Engine               - isNative: false
12:26:58.026 [FXGL Background Thread 3 ] DEBUG Engine               - isPauseMusicWhenMinimized: true
12:26:58.026 [FXGL Background Thread 3 ] DEBUG Engine               - isPreserveResizeRatio: false
12:26:58.027 [FXGL Background Thread 3 ] DEBUG Engine               - isProfilingEnabled: false
12:26:58.027 [FXGL Background Thread 3 ] DEBUG Engine               - isScaleAffectedOnResize: true
12:26:58.027 [FXGL Background Thread 3 ] DEBUG Engine               - isSingleStep: false
12:26:58.027 [FXGL Background Thread 3 ] DEBUG Engine               - isUserProfileEnabled: false
12:26:58.027 [FXGL Background Thread 3 ] DEBUG Engine               - isWindows: true
12:26:58.027 [FXGL Background Thread 3 ] DEBUG Engine               - language: ObjectProperty [value: ENGLISH]
12:26:58.027 [FXGL Background Thread 3 ] DEBUG Engine               - menuKey: ESCAPE
12:26:58.027 [FXGL Background Thread 3 ] DEBUG Engine               - mouseSensitivity: 0.2
12:26:58.027 [FXGL Background Thread 3 ] DEBUG Engine               - notificationViewClass: class com.almasb.fxgl.notification.view.XboxNotificationView
12:26:58.027 [FXGL Background Thread 3 ] DEBUG Engine               - pixelsPerMeter: 50.0
12:26:58.027 [FXGL Background Thread 3 ] DEBUG Engine               - platform: WINDOWS
12:26:58.027 [FXGL Background Thread 3 ] DEBUG Engine               - prefHeightProperty: ReadOnlyDoubleProperty [value: 320.0]
12:26:58.027 [FXGL Background Thread 3 ] DEBUG Engine               - prefWidthProperty: ReadOnlyDoubleProperty [value: 1120.0]
12:26:58.027 [FXGL Background Thread 3 ] DEBUG Engine               - profileDir: profiles/
12:26:58.027 [FXGL Background Thread 3 ] DEBUG Engine               - profileName: StringProperty [value: DEFAULT]
12:26:58.027 [FXGL Background Thread 3 ] DEBUG Engine               - randomSeed: -1
12:26:58.028 [FXGL Background Thread 3 ] DEBUG Engine               - runtimeInfo: RuntimeInfo(platform=WINDOWS, version=17+dev-SNAPSHOT, build=22.04.2022 11.52)
12:26:58.028 [FXGL Background Thread 3 ] DEBUG Engine               - saveFileExt: sav
12:26:58.028 [FXGL Background Thread 3 ] DEBUG Engine               - scaledHeightProp$fxgl: DoubleProperty [bound, value: 320.0]
12:26:58.028 [FXGL Background Thread 3 ] DEBUG Engine               - scaledWidthProp$fxgl: DoubleProperty [bound, value: 1120.0]
12:26:58.028 [FXGL Background Thread 3 ] DEBUG Engine               - sceneFactory: com.pioneer10.model.PlatformerApp$1@126183fb
12:26:58.028 [FXGL Background Thread 3 ] DEBUG Engine               - secondsIn24h: 60
12:26:58.028 [FXGL Background Thread 3 ] DEBUG Engine               - soundMenuBack: menu/back.wav
12:26:58.028 [FXGL Background Thread 3 ] DEBUG Engine               - soundMenuPress: menu/press.wav
12:26:58.028 [FXGL Background Thread 3 ] DEBUG Engine               - soundMenuSelect: menu/select.wav
12:26:58.028 [FXGL Background Thread 3 ] DEBUG Engine               - soundNotification: core/notification.wav
12:26:58.028 [FXGL Background Thread 3 ] DEBUG Engine               - stageStyle: DECORATED
12:26:58.028 [FXGL Background Thread 3 ] DEBUG Engine               - supportedLanguages: [ENGLISH, FRENCH, GERMAN, HUNGARIAN, RUSSIAN]
12:26:58.028 [FXGL Background Thread 3 ] DEBUG Engine               - ticksPerSecond: -1
12:26:58.028 [FXGL Background Thread 3 ] DEBUG Engine               - title: Untitled
12:26:58.028 [FXGL Background Thread 3 ] DEBUG Engine               - urlGithub: https://github.com/AlmasB/FXGL
12:26:58.029 [FXGL Background Thread 3 ] DEBUG Engine               - urlLeaderboard: http://fxgl-top.herokuapp.com/
12:26:58.029 [FXGL Background Thread 3 ] DEBUG Engine               - urlPOM: https://raw.githubusercontent.com/AlmasB/FXGL/release/README.md
12:26:58.029 [FXGL Background Thread 3 ] DEBUG Engine               - userAppClass: class com.pioneer10.model.PlatformerApp
12:26:58.029 [FXGL Background Thread 3 ] DEBUG Engine               - version: 0.0
12:26:58.029 [FXGL Background Thread 3 ] DEBUG Engine               - versionCheckDays: 7
12:26:58.029 [FXGL Background Thread 3 ] DEBUG Engine               - width: 1120
12:26:58.029 [FXGL Background Thread 3 ] DEBUG Engine               - Logging services
12:26:58.029 [FXGL Background Thread 3 ] DEBUG Engine               - class com.almasb.fxgl.app.services.FXGLAssetLoaderService
12:26:58.029 [FXGL Background Thread 3 ] DEBUG Engine               - class com.almasb.fxgl.app.FXGLApplication$GameApplicationService
12:26:58.029 [FXGL Background Thread 3 ] DEBUG Engine               - class com.almasb.fxgl.app.services.FXGLDialogService
12:26:58.029 [FXGL Background Thread 3 ] DEBUG Engine               - class com.almasb.fxgl.app.services.IOTaskExecutorService
12:26:58.029 [FXGL Background Thread 3 ] DEBUG Engine               - class com.almasb.fxgl.io.FileSystemService
12:26:58.029 [FXGL Background Thread 3 ] DEBUG Engine               - class com.almasb.fxgl.localization.LocalizationService
12:26:58.029 [FXGL Background Thread 3 ] DEBUG Engine               - class com.almasb.fxgl.app.services.SystemBundleService
12:26:58.029 [FXGL Background Thread 3 ] DEBUG Engine               - class com.almasb.fxgl.profile.SaveLoadService
12:26:58.029 [FXGL Background Thread 3 ] DEBUG Engine               - class com.almasb.fxgl.ui.FXGLUIFactoryServiceProvider
12:26:58.029 [FXGL Background Thread 3 ] DEBUG Engine               - class com.almasb.fxgl.ui.FXGLDialogFactoryServiceProvider
12:26:58.029 [FXGL Background Thread 3 ] DEBUG Engine               - class com.almasb.fxgl.audio.AudioPlayer
12:26:58.029 [FXGL Background Thread 3 ] DEBUG Engine               - class com.almasb.fxgl.notification.impl.NotificationServiceProvider
12:26:58.030 [FXGL Background Thread 3 ] DEBUG Engine               - class com.almasb.fxgl.achievement.AchievementService
12:26:58.030 [FXGL Background Thread 3 ] DEBUG Engine               - class com.almasb.fxgl.cutscene.CutsceneService
12:26:58.030 [FXGL Background Thread 3 ] DEBUG Engine               - class com.almasb.fxgl.minigames.MiniGameService
12:26:58.030 [FXGL Background Thread 3 ] DEBUG Engine               - class com.almasb.fxgl.net.NetService
12:26:58.030 [FXGL Background Thread 3 ] DEBUG Engine               - class com.almasb.fxgl.app.services.UpdaterService
12:26:58.030 [FXGL Background Thread 3 ] DEBUG Engine               - class com.almasb.fxgl.dev.DevService
12:27:02.332 [JavaFX Application Thread] DEBUG FXGLApplication      - Exiting FXGL
12:27:02.332 [JavaFX Application Thread] DEBUG LoopRunner           - Stopping loop
12:27:02.332 [JavaFX Application Thread] DEBUG SystemBundleService  - Saving FXGL system data
12:27:02.334 [JavaFX Application Thread] DEBUG FileSystemAccess     - Writing to: C:\Users\mattu\Desktop\FXGLGames-master\FXGLGames-master\Mario\system\fxgl.bundle
12:27:02.335 [JavaFX Application Thread] DEBUG Async                - Shutting down background threads
12:27:02.335 [JavaFX Application Thread] DEBUG PrimaryStageWindow   - Closing main window
12:27:02.361 [JavaFX Application Thread] DEBUG Logger               - Closing Logger
