18:45:10.871 [main                     ] DEBUG Logger               - Configured Logger
18:45:10.942 [main                     ] DEBUG GameApplication      - Logging settings
Title: Pioneer-10
Terra
Version: 0.0
Width: 1200
Height: 640
Fullscreen: false
Intro: false
Profiling: false
Single step:false
App Mode: DEVELOPER
Menu Key: ESCAPE
Stage Style: DECORATED
Scene Factory: class com.almasb.fxgl.app.scene.SceneFactory

18:45:11.601 [JavaFX Application Thread] DEBUG FXGLApplication      - Initializing FXGL
18:45:11.615 [JavaFX Application Thread] INFO  Engine               - FXGL-17+dev-SNAPSHOT (22.04.2022 11.52) on WINDOWS (J:18.0.1 FX:18)
18:45:11.615 [JavaFX Application Thread] DEBUG Engine               - JRE Vendor Name: Oracle Corporation
18:45:11.616 [JavaFX Application Thread] DEBUG Engine               - Running on OS: Windows 10 version 10.0
18:45:11.616 [JavaFX Application Thread] DEBUG Engine               - Architecture: amd64
18:45:11.617 [JavaFX Application Thread] INFO  Engine               - Source code and latest versions at: https://github.com/AlmasB/FXGL
18:45:11.617 [JavaFX Application Thread] INFO  Engine               -       Ask questions and discuss at: https://github.com/AlmasB/FXGL/discussions
18:45:11.618 [JavaFX Application Thread] INFO  Engine               -              Join the FXGL chat at: https://gitter.im/AlmasB/FXGL
18:45:11.810 [JavaFX Application Thread] DEBUG PrimaryStageWindow   - Creating a JavaFX scene
18:45:11.923 [JavaFX Application Thread] DEBUG PrimaryStageWindow   - Target settings size: 1200.0 x 640.0
18:45:11.925 [JavaFX Application Thread] DEBUG PrimaryStageWindow   - Scaled scene size:    1200.0 x 640.0
18:45:11.926 [JavaFX Application Thread] DEBUG PrimaryStageWindow   - Scaled ratio: (1.0, 1.0)
18:45:11.931 [JavaFX Application Thread] DEBUG PrimaryStageWindow   - Set initial scene to FXGLStartupScene
18:45:11.950 [JavaFX Application Thread] DEBUG PrimaryStageWindow   - Opening main window
18:45:12.119 [JavaFX Application Thread] DEBUG PrimaryStageWindow   - Window border size: (16.0, 39.0)
18:45:12.119 [JavaFX Application Thread] DEBUG PrimaryStageWindow   - Scaled size: 1200.0 x 640.0
18:45:12.120 [JavaFX Application Thread] DEBUG PrimaryStageWindow   - Scaled ratio: (1.0, 1.0)
18:45:12.120 [JavaFX Application Thread] DEBUG PrimaryStageWindow   - Scene size: 1200.0 x 640.0
18:45:12.121 [JavaFX Application Thread] DEBUG PrimaryStageWindow   - Stage size: 1216.0 x 679.0
18:45:12.152 [FXGL Background Thread 1 ] DEBUG Engine               - Initializing environment variables
18:45:12.303 [FXGL Background Thread 1 ] DEBUG FXGLAssetLoaderServi - User app class for loading assets: class com.pioneer10.model.LivTerra
18:45:12.303 [FXGL Background Thread 1 ] DEBUG GameApplicationServi - Applying CSS: fxgl_dark.css
18:45:12.305 [FXGL Background Thread 1 ] DEBUG FXGLAssetLoaderServi - Loading from file system: jar:file:///C:/Users/Manuel/.m2/repository/com/github/almasb/fxgl/17+dev-SNAPSHOT/fxgl-17+dev-20220422.115207-44.jar!/fxglassets/ui/css/fxgl_dark.css
18:45:12.462 [FXGL Background Thread 1 ] DEBUG GameApplicationServi - Initializing application scenes
18:45:12.639 [FXGL Background Thread 1 ] DEBUG GameWorld            - Game world initialized
18:45:12.797 [FXGL Background Thread 1 ] DEBUG PhysicsWorld         - Physics world initialized: appHeight=640, physics.ppm=50,0
18:45:12.797 [FXGL Background Thread 1 ] DEBUG PhysicsWorld         - Using strategy: BRUTE_FORCE
18:45:12.805 [FXGL Background Thread 1 ] DEBUG GameScene            - Game scene initialized: 1200x640
18:45:12.831 [FXGL Background Thread 1 ] DEBUG FXGL.DefaultMenu     - createMenuBodyGameMenu()
18:45:12.859 [FXGL Background Thread 1 ] DEBUG FXGL.DefaultMenu     - createOptionsMenu()
18:45:12.909 [FXGL Background Thread 1 ] DEBUG FXGLAssetLoaderServi - Loading from file system: jar:file:///C:/Users/Manuel/.m2/repository/com/github/almasb/fxgl/17+dev-SNAPSHOT/fxgl-17+dev-20220422.115207-44.jar!/fxglassets/textures/particles/smoke.png
18:45:13.124 [FXGL Background Thread 1 ] DEBUG FXGLAssetLoaderServi - Loading from file system: jar:file:///C:/Users/Manuel/.m2/repository/com/github/almasb/fxgl/17+dev-SNAPSHOT/fxgl-17+dev-20220422.115207-44.jar!/fxglassets/textures/particles/trace_horizontal.png
18:45:13.214 [FXGL Background Thread 1 ] DEBUG GameApplicationServi - Application scenes initialized
18:45:13.239 [FXGL Background Thread 1 ] DEBUG SystemBundleService  - Loading FXGL system data
18:45:13.247 [FXGL Background Thread 1 ] DEBUG FileSystemAccess     - Reading from: C:\javafx-FXGL\pioneer-10\system\fxgl.bundle
18:45:13.289 [FXGL Background Thread 1 ] DEBUG SystemBundleService  - Bundle FXGL: {}
18:45:13.289 [FXGL Background Thread 1 ] DEBUG UpdaterService       - Checking for updates
18:45:13.299 [FXGL Background Thread 1 ] DEBUG FXGLApplication      - Loading default localization
18:45:13.300 [FXGL Background Thread 1 ] DEBUG FXGLAssetLoaderServi - Loading from file system: jar:file:///C:/Users/Manuel/.m2/repository/com/github/almasb/fxgl/17+dev-SNAPSHOT/fxgl-17+dev-20220422.115207-44.jar!/fxglassets/languages/english.lang
18:45:13.329 [FXGL Background Thread 1 ] INFO  FXGLApplication      - FXGL initialization took: 1,177 sec
18:45:13.346 [JavaFX Application Thread] DEBUG Input                - Registered new binding: Left - A
18:45:13.347 [JavaFX Application Thread] DEBUG Input                - Registered new binding: Right - D
18:45:13.347 [JavaFX Application Thread] DEBUG Input                - Registered new binding: Jump - Space
18:45:13.347 [JavaFX Application Thread] DEBUG FXGLAssetLoaderServi - Loading from file system: jar:file:///C:/Users/Manuel/.m2/repository/com/github/almasb/fxgl/17+dev-SNAPSHOT/fxgl-17+dev-20220422.115207-44.jar!/fxglassets/textures/fxgl_icon.png
18:45:13.449 [JavaFX Application Thread] DEBUG FXGLAssetLoaderServi - Loading from file system: jar:file:///C:/Users/Manuel/.m2/repository/com/github/almasb/fxgl/17+dev-SNAPSHOT/fxgl-17+dev-20220422.115207-44.jar!/fxglassets/textures/fxgl_default_cursor.png
18:45:13.456 [JavaFX Application Thread] DEBUG Input                - Registered new binding: Screenshot - CTRL+8
18:45:13.460 [JavaFX Application Thread] DEBUG Input                - Registered new binding: System info dump - CTRL+9
18:45:13.461 [JavaFX Application Thread] DEBUG Input                - Registered new binding: Restart - CTRL+R
18:45:13.462 [JavaFX Application Thread] DEBUG Input                - Registered new binding: Toggle Debug Camera - CTRL+7
18:45:13.475 [JavaFX Application Thread] DEBUG LoopRunner           - Starting loop
18:45:13.475 [JavaFX Application Thread] DEBUG LoopRunner           - Initializing JavaFX AnimationTimerLoop
18:45:13.479 [JavaFX Application Thread] DEBUG GameApplicationServi - Starting new game
18:45:13.481 [JavaFX Application Thread] DEBUG Input                - Clearing active input actions
18:45:13.502 [JavaFX Application Thread] DEBUG GameApplicationServi - Removing overlay from FXGLStartupScene and adding to FXGLLoadingScene
18:45:13.503 [JavaFX Application Thread] DEBUG PrimaryStageWindow   - FXGLStartupScene -> FXGLLoadingScene
18:45:13.503 [JavaFX Application Thread] DEBUG GameApplicationServi - Clearing previous game
18:45:13.504 [JavaFX Application Thread] DEBUG GameScene            - Clearing game scene
18:45:13.504 [JavaFX Application Thread] DEBUG GameWorld            - Clearing game world
18:45:13.504 [JavaFX Application Thread] DEBUG PhysicsWorld         - Clearing physics world
18:45:13.593 [FXGL Background Thread 1 ] DEBUG FXGLApplication      - Initializing game
18:45:13.611 [FXGL Background Thread 4 ] DEBUG FXGLApplication      - Loading fonts
18:45:13.612 [FXGL Background Thread 4 ] DEBUG FXGLAssetLoaderServi - Loading from file system: jar:file:///C:/Users/Manuel/.m2/repository/com/github/almasb/fxgl/17+dev-SNAPSHOT/fxgl-17+dev-20220422.115207-44.jar!/fxglassets/ui/fonts/VarelaRound-Regular.ttf
18:45:13.735 [FXGL Background Thread 1 ] WARN  TMXLevelLoader       - TiledMap generated from 1.8.4. Supported version: 1.4.2. Some features may not be parsed fully.
18:45:13.816 [FXGL Background Thread 1 ] DEBUG TMXLevelLoader       - Parsed TiledMap: file:/C:/javafx-FXGL/pioneer-10/target/classes/assets/levels/Terra/MappaTerra.tmx
18:45:13.818 [FXGL Background Thread 1 ] DEBUG TMXLevelLoader       - Creating tile layer entities
18:45:13.820 [FXGL Background Thread 1 ] DEBUG TilesetLoader        - Loading view for layer Livello tile 1
18:45:13.830 [FXGL Background Thread 1 ] DEBUG TilesetLoader        - Created buffer with size 4800.0x640.0
18:45:13.903 [FXGL Background Thread 1 ] WARN  TilesetLoader        - Diagonally flipped tiles are not currently supported
18:45:13.949 [FXGL Background Thread 1 ] WARN  TilesetLoader        - Diagonally flipped tiles are not currently supported
18:45:13.950 [FXGL Background Thread 1 ] WARN  TilesetLoader        - Diagonally flipped tiles are not currently supported
18:45:14.054 [FXGL Background Thread 1 ] WARN  TilesetLoader        - Diagonally flipped tiles are not currently supported
18:45:14.068 [FXGL Background Thread 1 ] WARN  TilesetLoader        - Diagonally flipped tiles are not currently supported
18:45:14.070 [FXGL Background Thread 1 ] DEBUG TilesetLoader        - Loading view for layer Livello tile 2
18:45:14.082 [FXGL Background Thread 1 ] DEBUG TilesetLoader        - Created buffer with size 4800.0x640.0
18:45:14.085 [FXGL Background Thread 1 ] DEBUG TilesetLoader        - Loading view for layer Livello tile 3
18:45:14.097 [FXGL Background Thread 1 ] DEBUG TilesetLoader        - Created buffer with size 4800.0x640.0
18:45:14.098 [FXGL Background Thread 1 ] DEBUG TMXLevelLoader       - Creating object layer entities
18:45:14.348 [FXGL Background Thread 1 ] WARN  TMXLevelLoader       - Parse error
java.lang.IllegalArgumentException: No EntityFactory has a method annotated @Spawns(cuore)
	at com.almasb.fxgl.entity@17+dev-SNAPSHOT/com.almasb.fxgl.entity.GameWorld.create(GameWorld.kt:413)
	at com.almasb.fxgl.entity@17+dev-SNAPSHOT/com.almasb.fxgl.entity.level.tiled.TMXLevelLoader.createObjectLayerEntities(TMXLevelLoader.kt:154)
	at com.almasb.fxgl.entity@17+dev-SNAPSHOT/com.almasb.fxgl.entity.level.tiled.TMXLevelLoader.load(TMXLevelLoader.kt:60)
	at com.almasb.fxgl.all@17+dev-SNAPSHOT/com.almasb.fxgl.app.services.FXGLAssetLoaderService.loadLevel(FXGLAssetLoaderService.kt:446)
	at com.almasb.fxgl.all@17+dev-SNAPSHOT/com.almasb.fxgl.dsl.FXGL$Companion.setLevelFromMap(FXGL.kt:634)
	at com.almasb.fxgl.all@17+dev-SNAPSHOT/com.almasb.fxgl.dsl.FXGL.setLevelFromMap(FXGL.kt)
	at mario.main/com.pioneer10.model.LivTerra.initGame(LivTerra.java:35)
	at com.almasb.fxgl.all@17+dev-SNAPSHOT/com.almasb.fxgl.app.FXGLApplication$InitAppTask.initGame(FXGLApplication.kt:339)
	at com.almasb.fxgl.all@17+dev-SNAPSHOT/com.almasb.fxgl.app.FXGLApplication$InitAppTask.call(FXGLApplication.kt:319)
	at com.almasb.fxgl.all@17+dev-SNAPSHOT/com.almasb.fxgl.app.FXGLApplication$InitAppTask.call(FXGLApplication.kt:311)
	at javafx.graphics@18/javafx.concurrent.Task$TaskCallable.call(Task.java:1426)
	at java.base/java.util.concurrent.FutureTask.run(FutureTask.java:264)
	at java.base/java.util.concurrent.Executors$RunnableAdapter.call(Executors.java:539)
	at java.base/java.util.concurrent.FutureTask.run(FutureTask.java:264)
	at java.base/java.util.concurrent.ThreadPoolExecutor.runWorker(ThreadPoolExecutor.java:1136)
	at java.base/java.util.concurrent.ThreadPoolExecutor$Worker.run(ThreadPoolExecutor.java:635)
	at java.base/java.lang.Thread.run(Thread.java:833)

18:45:14.350 [JavaFX Application Thread] DEBUG LoopRunner           - Stopping loop
18:45:14.352 [JavaFX Application Thread] FATAL FXGLApplication      - Uncaught Exception:
java.lang.RuntimeException: Initialization failed
	at com.almasb.fxgl.all@17+dev-SNAPSHOT/com.almasb.fxgl.app.FXGLApplication$InitAppTask.failed(FXGLApplication.kt:343)
	at javafx.graphics@18/javafx.concurrent.Task.setState(Task.java:710)
	at javafx.graphics@18/javafx.concurrent.Task$TaskCallable.lambda$call$2(Task.java:1456)
	at javafx.graphics@18/com.sun.javafx.application.PlatformImpl.lambda$runLater$10(PlatformImpl.java:457)
	at java.base/java.security.AccessController.doPrivileged(AccessController.java:399)
	at javafx.graphics@18/com.sun.javafx.application.PlatformImpl.lambda$runLater$11(PlatformImpl.java:456)
	at javafx.graphics@18/com.sun.glass.ui.InvokeLaterDispatcher$Future.run(InvokeLaterDispatcher.java:96)
	at javafx.graphics@18/com.sun.glass.ui.win.WinApplication._runLoop(Native Method)
	at javafx.graphics@18/com.sun.glass.ui.win.WinApplication.lambda$runLoop$3(WinApplication.java:184)
	at java.base/java.lang.Thread.run(Thread.java:833)
Caused by: com.almasb.fxgl.entity.level.LevelLoadingException: No EntityFactory has a method annotated @Spawns(cuore)
	at com.almasb.fxgl.entity@17+dev-SNAPSHOT/com.almasb.fxgl.entity.level.tiled.TMXLevelLoader.load(TMXLevelLoader.kt:78)
	at com.almasb.fxgl.all@17+dev-SNAPSHOT/com.almasb.fxgl.app.services.FXGLAssetLoaderService.loadLevel(FXGLAssetLoaderService.kt:446)
	at com.almasb.fxgl.all@17+dev-SNAPSHOT/com.almasb.fxgl.dsl.FXGL$Companion.setLevelFromMap(FXGL.kt:634)
	at com.almasb.fxgl.all@17+dev-SNAPSHOT/com.almasb.fxgl.dsl.FXGL.setLevelFromMap(FXGL.kt)
	at mario.main/com.pioneer10.model.LivTerra.initGame(LivTerra.java:35)
	at com.almasb.fxgl.all@17+dev-SNAPSHOT/com.almasb.fxgl.app.FXGLApplication$InitAppTask.initGame(FXGLApplication.kt:339)
	at com.almasb.fxgl.all@17+dev-SNAPSHOT/com.almasb.fxgl.app.FXGLApplication$InitAppTask.call(FXGLApplication.kt:319)
	at com.almasb.fxgl.all@17+dev-SNAPSHOT/com.almasb.fxgl.app.FXGLApplication$InitAppTask.call(FXGLApplication.kt:311)
	at javafx.graphics@18/javafx.concurrent.Task$TaskCallable.call(Task.java:1426)
	at java.base/java.util.concurrent.FutureTask.run(FutureTask.java:264)
	at java.base/java.util.concurrent.Executors$RunnableAdapter.call(Executors.java:539)
	at java.base/java.util.concurrent.FutureTask.run(FutureTask.java:264)
	at java.base/java.util.concurrent.ThreadPoolExecutor.runWorker(ThreadPoolExecutor.java:1136)
	at java.base/java.util.concurrent.ThreadPoolExecutor$Worker.run(ThreadPoolExecutor.java:635)
	... 1 more
Caused by: java.lang.IllegalArgumentException: No EntityFactory has a method annotated @Spawns(cuore)
	at com.almasb.fxgl.entity@17+dev-SNAPSHOT/com.almasb.fxgl.entity.GameWorld.create(GameWorld.kt:413)
	at com.almasb.fxgl.entity@17+dev-SNAPSHOT/com.almasb.fxgl.entity.level.tiled.TMXLevelLoader.createObjectLayerEntities(TMXLevelLoader.kt:154)
	at com.almasb.fxgl.entity@17+dev-SNAPSHOT/com.almasb.fxgl.entity.level.tiled.TMXLevelLoader.load(TMXLevelLoader.kt:60)
	... 14 more

18:45:14.352 [JavaFX Application Thread] FATAL FXGLApplication      - Application will now exit
18:45:14.396 [JavaFX Application Thread] DEBUG PrimaryStageWindow   - Push state: ErrorSubScene
18:45:14.396 [JavaFX Application Thread] DEBUG Input                - Clearing active input actions
18:45:14.406 [JavaFX Application Thread] DEBUG GameApplicationServi - Removing overlay from FXGLLoadingScene and adding to ErrorSubScene
18:45:14.407 [JavaFX Application Thread] DEBUG PrimaryStageWindow   - FXGLLoadingScene -> ErrorSubScene
18:45:14.492 [FXGL Background Thread 4 ] DEBUG FXGLAssetLoaderServi - Loading from file system: jar:file:///C:/Users/Manuel/.m2/repository/com/github/almasb/fxgl/17+dev-SNAPSHOT/fxgl-17+dev-20220422.115207-44.jar!/fxglassets/ui/fonts/Abel-Regular.ttf
18:45:14.509 [FXGL Background Thread 4 ] DEBUG FXGLAssetLoaderServi - Loading from file system: jar:file:///C:/Users/Manuel/.m2/repository/com/github/almasb/fxgl/17+dev-SNAPSHOT/fxgl-17+dev-20220422.115207-44.jar!/fxglassets/ui/fonts/TerminalLandMono-Regular.otf
18:45:14.525 [FXGL Background Thread 4 ] DEBUG FXGLAssetLoaderServi - Loading from file system: jar:file:///C:/Users/Manuel/.m2/repository/com/github/almasb/fxgl/17+dev-SNAPSHOT/fxgl-17+dev-20220422.115207-44.jar!/fxglassets/ui/fonts/Courier-Prime.ttf
18:45:14.818 [JavaFX Application Thread] DEBUG FXGLApplication      - Registering font factories with UI factory
18:45:15.739 [FXGL Background Thread 2 ] INFO  UpdaterService       - Your current version:  17+dev-SNAPSHOT
18:45:15.740 [FXGL Background Thread 2 ] INFO  UpdaterService       - Latest stable version: 17.1
18:45:16.298 [FXGL Background Thread 3 ] DEBUG Engine               - Logging environment variables
18:45:16.299 [FXGL Background Thread 3 ] DEBUG Engine               - achievements: []
18:45:16.299 [FXGL Background Thread 3 ] DEBUG Engine               - actualHeight: 640.0
18:45:16.299 [FXGL Background Thread 3 ] DEBUG Engine               - actualHeightProperty: ReadOnlyDoubleProperty [value: 640.0]
18:45:16.299 [FXGL Background Thread 3 ] DEBUG Engine               - actualWidth: 1200.0
18:45:16.300 [FXGL Background Thread 3 ] DEBUG Engine               - actualWidthProperty: ReadOnlyDoubleProperty [value: 1200.0]
18:45:16.300 [FXGL Background Thread 3 ] DEBUG Engine               - appIcon: fxgl_icon.png
18:45:16.300 [FXGL Background Thread 3 ] DEBUG Engine               - applicationMode: DEVELOPER
18:45:16.300 [FXGL Background Thread 3 ] DEBUG Engine               - cSSList: [fxgl_dark.css]
18:45:16.300 [FXGL Background Thread 3 ] DEBUG Engine               - collisionDetectionStrategy: BRUTE_FORCE
18:45:16.300 [FXGL Background Thread 3 ] DEBUG Engine               - configClass: Optional.empty
18:45:16.300 [FXGL Background Thread 3 ] DEBUG Engine               - credits: []
18:45:16.301 [FXGL Background Thread 3 ] DEBUG Engine               - defaultCursor: CursorInfo(imageName=fxgl_default_cursor.png, hotspotX=7.0, hotspotY=6.0)
18:45:16.301 [FXGL Background Thread 3 ] DEBUG Engine               - devBBoxColorProperty: ObjectProperty [value: 0xff0000ff]
18:45:16.302 [FXGL Background Thread 3 ] DEBUG Engine               - devEnableDebugCameraProperty: BooleanProperty [value: false]
18:45:16.302 [FXGL Background Thread 3 ] DEBUG Engine               - devSensorColorProperty: ObjectProperty [value: 0xffff00ff]
18:45:16.302 [FXGL Background Thread 3 ] DEBUG Engine               - devShowBBoxProperty: BooleanProperty [value: false]
18:45:16.302 [FXGL Background Thread 3 ] DEBUG Engine               - devShowPositionProperty: BooleanProperty [value: false]
18:45:16.302 [FXGL Background Thread 3 ] DEBUG Engine               - enabledMenuItems: []
18:45:16.303 [FXGL Background Thread 3 ] DEBUG Engine               - engineServices: [class com.almasb.fxgl.app.services.FXGLAssetLoaderService, class com.almasb.fxgl.app.FXGLApplication$GameApplicationService, class com.almasb.fxgl.app.services.FXGLDialogService, class com.almasb.fxgl.app.services.IOTaskExecutorService, class com.almasb.fxgl.io.FileSystemService, class com.almasb.fxgl.localization.LocalizationService, class com.almasb.fxgl.app.services.SystemBundleService, class com.almasb.fxgl.profile.SaveLoadService, class com.almasb.fxgl.ui.FXGLUIFactoryServiceProvider, class com.almasb.fxgl.ui.FXGLDialogFactoryServiceProvider, class com.almasb.fxgl.audio.AudioPlayer, class com.almasb.fxgl.notification.impl.NotificationServiceProvider, class com.almasb.fxgl.achievement.AchievementService, class com.almasb.fxgl.cutscene.CutsceneService, class com.almasb.fxgl.minigames.MiniGameService, class com.almasb.fxgl.net.NetService, class com.almasb.fxgl.app.services.UpdaterService, class com.almasb.fxgl.dev.DevService]
18:45:16.303 [FXGL Background Thread 3 ] DEBUG Engine               - fontGame: Abel-Regular.ttf
18:45:16.303 [FXGL Background Thread 3 ] DEBUG Engine               - fontMono: TerminalLandMono-Regular.otf
18:45:16.303 [FXGL Background Thread 3 ] DEBUG Engine               - fontText: Courier-Prime.ttf
18:45:16.303 [FXGL Background Thread 3 ] DEBUG Engine               - fontUI: VarelaRound-Regular.ttf
18:45:16.303 [FXGL Background Thread 3 ] DEBUG Engine               - fullScreen: BooleanProperty [value: false]
18:45:16.303 [FXGL Background Thread 3 ] DEBUG Engine               - gameDifficulty: MEDIUM
18:45:16.303 [FXGL Background Thread 3 ] DEBUG Engine               - gameDifficultyProperty: ObjectProperty [value: MEDIUM]
18:45:16.303 [FXGL Background Thread 3 ] DEBUG Engine               - globalMusicVolume: 0.5
18:45:16.303 [FXGL Background Thread 3 ] DEBUG Engine               - globalMusicVolumeProperty: DoubleProperty [value: 0.5]
18:45:16.304 [FXGL Background Thread 3 ] DEBUG Engine               - globalSoundVolume: 0.5
18:45:16.304 [FXGL Background Thread 3 ] DEBUG Engine               - globalSoundVolumeProperty: DoubleProperty [value: 0.5]
18:45:16.304 [FXGL Background Thread 3 ] DEBUG Engine               - height: 640
18:45:16.304 [FXGL Background Thread 3 ] DEBUG Engine               - is3D: false
18:45:16.304 [FXGL Background Thread 3 ] DEBUG Engine               - isAndroid: false
18:45:16.304 [FXGL Background Thread 3 ] DEBUG Engine               - isBrowser: false
18:45:16.304 [FXGL Background Thread 3 ] DEBUG Engine               - isClickFeedbackEnabled: false
18:45:16.304 [FXGL Background Thread 3 ] DEBUG Engine               - isCloseConfirmation: false
18:45:16.304 [FXGL Background Thread 3 ] DEBUG Engine               - isDesktop: true
18:45:16.305 [FXGL Background Thread 3 ] DEBUG Engine               - isDeveloperMenuEnabled: false
18:45:16.305 [FXGL Background Thread 3 ] DEBUG Engine               - isEmbedded: false
18:45:16.305 [FXGL Background Thread 3 ] DEBUG Engine               - isEntityPreloadEnabled: true
18:45:16.305 [FXGL Background Thread 3 ] DEBUG Engine               - isExperimentalTiledLargeMap: false
18:45:16.305 [FXGL Background Thread 3 ] DEBUG Engine               - isFileSystemWriteAllowed: true
18:45:16.305 [FXGL Background Thread 3 ] DEBUG Engine               - isFullScreenAllowed: false
18:45:16.305 [FXGL Background Thread 3 ] DEBUG Engine               - isFullScreenFromStart: false
18:45:16.305 [FXGL Background Thread 3 ] DEBUG Engine               - isGameMenuEnabled: true
18:45:16.305 [FXGL Background Thread 3 ] DEBUG Engine               - isIOS: false
18:45:16.305 [FXGL Background Thread 3 ] DEBUG Engine               - isIntroEnabled: false
18:45:16.305 [FXGL Background Thread 3 ] DEBUG Engine               - isLinux: false
18:45:16.306 [FXGL Background Thread 3 ] DEBUG Engine               - isMac: false
18:45:16.306 [FXGL Background Thread 3 ] DEBUG Engine               - isMainMenuEnabled: false
18:45:16.306 [FXGL Background Thread 3 ] DEBUG Engine               - isManualResizeEnabled: false
18:45:16.306 [FXGL Background Thread 3 ] DEBUG Engine               - isMobile: false
18:45:16.306 [FXGL Background Thread 3 ] DEBUG Engine               - isNative: false
18:45:16.306 [FXGL Background Thread 3 ] DEBUG Engine               - isPauseMusicWhenMinimized: true
18:45:16.306 [FXGL Background Thread 3 ] DEBUG Engine               - isPreserveResizeRatio: false
18:45:16.306 [FXGL Background Thread 3 ] DEBUG Engine               - isProfilingEnabled: false
18:45:16.306 [FXGL Background Thread 3 ] DEBUG Engine               - isScaleAffectedOnResize: true
18:45:16.307 [FXGL Background Thread 3 ] DEBUG Engine               - isSingleStep: false
18:45:16.307 [FXGL Background Thread 3 ] DEBUG Engine               - isUserProfileEnabled: false
18:45:16.307 [FXGL Background Thread 3 ] DEBUG Engine               - isWindows: true
18:45:16.307 [FXGL Background Thread 3 ] DEBUG Engine               - language: ObjectProperty [value: ENGLISH]
18:45:16.307 [FXGL Background Thread 3 ] DEBUG Engine               - menuKey: ESCAPE
18:45:16.308 [FXGL Background Thread 3 ] DEBUG Engine               - mouseSensitivity: 0.2
18:45:16.308 [FXGL Background Thread 3 ] DEBUG Engine               - notificationViewClass: class com.almasb.fxgl.notification.view.XboxNotificationView
18:45:16.309 [FXGL Background Thread 3 ] DEBUG Engine               - pixelsPerMeter: 50.0
18:45:16.309 [FXGL Background Thread 3 ] DEBUG Engine               - platform: WINDOWS
18:45:16.310 [FXGL Background Thread 3 ] DEBUG Engine               - prefHeightProperty: ReadOnlyDoubleProperty [value: 640.0]
18:45:16.310 [FXGL Background Thread 3 ] DEBUG Engine               - prefWidthProperty: ReadOnlyDoubleProperty [value: 1200.0]
18:45:16.310 [FXGL Background Thread 3 ] DEBUG Engine               - profileDir: profiles/
18:45:16.310 [FXGL Background Thread 3 ] DEBUG Engine               - profileName: StringProperty [value: DEFAULT]
18:45:16.310 [FXGL Background Thread 3 ] DEBUG Engine               - randomSeed: -1
18:45:16.311 [FXGL Background Thread 3 ] DEBUG Engine               - runtimeInfo: RuntimeInfo(platform=WINDOWS, version=17+dev-SNAPSHOT, build=22.04.2022 11.52)
18:45:16.311 [FXGL Background Thread 3 ] DEBUG Engine               - saveFileExt: sav
18:45:16.311 [FXGL Background Thread 3 ] DEBUG Engine               - scaledHeightProp$fxgl: DoubleProperty [bound, value: 640.0]
18:45:16.312 [FXGL Background Thread 3 ] DEBUG Engine               - scaledWidthProp$fxgl: DoubleProperty [bound, value: 1200.0]
18:45:16.312 [FXGL Background Thread 3 ] DEBUG Engine               - sceneFactory: com.almasb.fxgl.app.scene.SceneFactory@4c5945e3
18:45:16.312 [FXGL Background Thread 3 ] DEBUG Engine               - secondsIn24h: 60
18:45:16.312 [FXGL Background Thread 3 ] DEBUG Engine               - soundMenuBack: menu/back.wav
18:45:16.312 [FXGL Background Thread 3 ] DEBUG Engine               - soundMenuPress: menu/press.wav
18:45:16.312 [FXGL Background Thread 3 ] DEBUG Engine               - soundMenuSelect: menu/select.wav
18:45:16.312 [FXGL Background Thread 3 ] DEBUG Engine               - soundNotification: core/notification.wav
18:45:16.312 [FXGL Background Thread 3 ] DEBUG Engine               - stageStyle: DECORATED
18:45:16.312 [FXGL Background Thread 3 ] DEBUG Engine               - supportedLanguages: [ENGLISH, FRENCH, GERMAN, HUNGARIAN, RUSSIAN]
18:45:16.312 [FXGL Background Thread 3 ] DEBUG Engine               - ticksPerSecond: -1
18:45:16.313 [FXGL Background Thread 3 ] DEBUG Engine               - title: Pioneer-10
Terra
18:45:16.314 [FXGL Background Thread 3 ] DEBUG Engine               - urlGithub: https://github.com/AlmasB/FXGL
18:45:16.314 [FXGL Background Thread 3 ] DEBUG Engine               - urlLeaderboard: http://fxgl-top.herokuapp.com/
18:45:16.314 [FXGL Background Thread 3 ] DEBUG Engine               - urlPOM: https://raw.githubusercontent.com/AlmasB/FXGL/release/README.md
18:45:16.314 [FXGL Background Thread 3 ] DEBUG Engine               - userAppClass: class com.pioneer10.model.LivTerra
18:45:16.314 [FXGL Background Thread 3 ] DEBUG Engine               - version: 0.0
18:45:16.314 [FXGL Background Thread 3 ] DEBUG Engine               - versionCheckDays: 7
18:45:16.314 [FXGL Background Thread 3 ] DEBUG Engine               - width: 1200
18:45:16.314 [FXGL Background Thread 3 ] DEBUG Engine               - Logging services
18:45:16.314 [FXGL Background Thread 3 ] DEBUG Engine               - class com.almasb.fxgl.app.services.FXGLAssetLoaderService
18:45:16.314 [FXGL Background Thread 3 ] DEBUG Engine               - class com.almasb.fxgl.app.FXGLApplication$GameApplicationService
18:45:16.314 [FXGL Background Thread 3 ] DEBUG Engine               - class com.almasb.fxgl.app.services.FXGLDialogService
18:45:16.314 [FXGL Background Thread 3 ] DEBUG Engine               - class com.almasb.fxgl.app.services.IOTaskExecutorService
18:45:16.314 [FXGL Background Thread 3 ] DEBUG Engine               - class com.almasb.fxgl.io.FileSystemService
18:45:16.314 [FXGL Background Thread 3 ] DEBUG Engine               - class com.almasb.fxgl.localization.LocalizationService
18:45:16.314 [FXGL Background Thread 3 ] DEBUG Engine               - class com.almasb.fxgl.app.services.SystemBundleService
18:45:16.314 [FXGL Background Thread 3 ] DEBUG Engine               - class com.almasb.fxgl.profile.SaveLoadService
18:45:16.314 [FXGL Background Thread 3 ] DEBUG Engine               - class com.almasb.fxgl.ui.FXGLUIFactoryServiceProvider
18:45:16.315 [FXGL Background Thread 3 ] DEBUG Engine               - class com.almasb.fxgl.ui.FXGLDialogFactoryServiceProvider
18:45:16.315 [FXGL Background Thread 3 ] DEBUG Engine               - class com.almasb.fxgl.audio.AudioPlayer
18:45:16.315 [FXGL Background Thread 3 ] DEBUG Engine               - class com.almasb.fxgl.notification.impl.NotificationServiceProvider
18:45:16.315 [FXGL Background Thread 3 ] DEBUG Engine               - class com.almasb.fxgl.achievement.AchievementService
18:45:16.315 [FXGL Background Thread 3 ] DEBUG Engine               - class com.almasb.fxgl.cutscene.CutsceneService
18:45:16.315 [FXGL Background Thread 3 ] DEBUG Engine               - class com.almasb.fxgl.minigames.MiniGameService
18:45:16.315 [FXGL Background Thread 3 ] DEBUG Engine               - class com.almasb.fxgl.net.NetService
18:45:16.315 [FXGL Background Thread 3 ] DEBUG Engine               - class com.almasb.fxgl.app.services.UpdaterService
18:45:16.315 [FXGL Background Thread 3 ] DEBUG Engine               - class com.almasb.fxgl.dev.DevService
18:45:21.543 [JavaFX Application Thread] DEBUG FXGLApplication      - Exiting FXGL
18:45:21.543 [JavaFX Application Thread] DEBUG Async                - Shutting down background threads
18:45:21.544 [JavaFX Application Thread] DEBUG PrimaryStageWindow   - Closing main window
18:45:21.644 [JavaFX Application Thread] DEBUG Logger               - Closing Logger
