16:09:51.203 [main                     ] DEBUG Logger               - Configured Logger
16:09:51.222 [main                     ] DEBUG GameApplication      - Logging settings
Title: Untitled
Version: 0.0
Width: 1120
Height: 320
Fullscreen: false
Intro: false
Profiling: false
Single step:false
App Mode: DEVELOPER
Menu Key: ESCAPE
Stage Style: DECORATED
Scene Factory: class com.pioneer10.model.PlatformerApp$1

16:09:51.593 [JavaFX Application Thread] DEBUG FXGLApplication      - Initializing FXGL
16:09:51.597 [JavaFX Application Thread] INFO  Engine               - FXGL-17+dev-SNAPSHOT (22.04.2022 11.52) on WINDOWS (J:17.0.1 FX:18)
16:09:51.597 [JavaFX Application Thread] DEBUG Engine               - JRE Vendor Name: Oracle Corporation
16:09:51.597 [JavaFX Application Thread] DEBUG Engine               - Running on OS: Windows 10 version 10.0
16:09:51.597 [JavaFX Application Thread] DEBUG Engine               - Architecture: amd64
16:09:51.597 [JavaFX Application Thread] INFO  Engine               - Source code and latest versions at: https://github.com/AlmasB/FXGL
16:09:51.597 [JavaFX Application Thread] INFO  Engine               -       Ask questions and discuss at: https://github.com/AlmasB/FXGL/discussions
16:09:51.598 [JavaFX Application Thread] INFO  Engine               -              Join the FXGL chat at: https://gitter.im/AlmasB/FXGL
16:09:51.652 [JavaFX Application Thread] DEBUG PrimaryStageWindow   - Creating a JavaFX scene
16:09:51.678 [JavaFX Application Thread] DEBUG PrimaryStageWindow   - Target settings size: 1120.0 x 320.0
16:09:51.678 [JavaFX Application Thread] DEBUG PrimaryStageWindow   - Scaled scene size:    1120.0 x 320.0
16:09:51.679 [JavaFX Application Thread] DEBUG PrimaryStageWindow   - Scaled ratio: (1.0, 1.0)
16:09:51.679 [JavaFX Application Thread] DEBUG PrimaryStageWindow   - Set initial scene to FXGLStartupScene
16:09:51.684 [JavaFX Application Thread] DEBUG PrimaryStageWindow   - Opening main window
16:09:51.780 [JavaFX Application Thread] DEBUG PrimaryStageWindow   - Window border size: (16.0, 39.0)
16:09:51.781 [JavaFX Application Thread] DEBUG PrimaryStageWindow   - Scaled size: 1120.0 x 320.0
16:09:51.781 [JavaFX Application Thread] DEBUG PrimaryStageWindow   - Scaled ratio: (1.0, 1.0)
16:09:51.781 [JavaFX Application Thread] DEBUG PrimaryStageWindow   - Scene size: 1120.0 x 320.0
16:09:51.781 [JavaFX Application Thread] DEBUG PrimaryStageWindow   - Stage size: 1136.0 x 359.0
16:09:51.786 [FXGL Background Thread 1 ] DEBUG Engine               - Initializing environment variables
16:09:51.804 [FXGL Background Thread 1 ] DEBUG FXGLAssetLoaderServi - User app class for loading assets: class com.pioneer10.model.PlatformerApp
16:09:51.804 [FXGL Background Thread 1 ] DEBUG GameApplicationServi - Applying CSS: fxgl_dark.css
16:09:51.805 [FXGL Background Thread 1 ] DEBUG FXGLAssetLoaderServi - Loading from file system: jar:file:///C:/Users/mattu/.m2/repository/com/github/almasb/fxgl/17+dev-SNAPSHOT/fxgl-17+dev-20220422.115207-44.jar!/fxglassets/ui/css/fxgl_dark.css
16:09:51.839 [FXGL Background Thread 1 ] DEBUG GameApplicationServi - Initializing application scenes
16:09:51.870 [FXGL Background Thread 1 ] DEBUG FXGLAssetLoaderServi - Loading from file system: file:/D:/FERMI-FEDE/4BIF_2021-2022/Informatica/Giochi/Pioneer-10/target/classes/assets/textures/player.png
16:09:51.883 [FXGL Background Thread 1 ] DEBUG GameWorld            - Game world initialized
16:09:51.918 [FXGL Background Thread 1 ] DEBUG PhysicsWorld         - Physics world initialized: appHeight=320, physics.ppm=50,0
16:09:51.919 [FXGL Background Thread 1 ] DEBUG PhysicsWorld         - Using strategy: BRUTE_FORCE
16:09:51.921 [FXGL Background Thread 1 ] DEBUG GameScene            - Game scene initialized: 1120x320
16:09:51.930 [FXGL Background Thread 1 ] WARN  FXGL.DefaultMenu     - FXGLDefaultMenu is not designed for resolutions < 800x600
16:09:51.930 [FXGL Background Thread 1 ] DEBUG FXGL.DefaultMenu     - createMenuBodyGameMenu()
16:09:51.941 [FXGL Background Thread 1 ] DEBUG FXGL.DefaultMenu     - createOptionsMenu()
16:09:51.947 [FXGL Background Thread 1 ] DEBUG FXGLAssetLoaderServi - Loading from file system: jar:file:///C:/Users/mattu/.m2/repository/com/github/almasb/fxgl/17+dev-SNAPSHOT/fxgl-17+dev-20220422.115207-44.jar!/fxglassets/textures/particles/smoke.png
16:09:51.988 [FXGL Background Thread 1 ] DEBUG FXGLAssetLoaderServi - Loading from file system: jar:file:///C:/Users/mattu/.m2/repository/com/github/almasb/fxgl/17+dev-SNAPSHOT/fxgl-17+dev-20220422.115207-44.jar!/fxglassets/textures/particles/trace_horizontal.png
16:09:52.006 [FXGL Background Thread 1 ] DEBUG GameApplicationServi - Application scenes initialized
16:09:52.015 [FXGL Background Thread 1 ] DEBUG SystemBundleService  - Loading FXGL system data
16:09:52.018 [FXGL Background Thread 1 ] DEBUG FileSystemAccess     - Reading from: D:\FERMI-FEDE\4BIF_2021-2022\Informatica\Giochi\Pioneer-10\system\fxgl.bundle
16:09:52.022 [FXGL Background Thread 1 ] DEBUG SystemBundleService  - Bundle FXGL: {}
16:09:52.022 [FXGL Background Thread 1 ] DEBUG UpdaterService       - Checking for updates
16:09:52.026 [FXGL Background Thread 4 ] DEBUG FXGLApplication      - Loading fonts
16:09:52.026 [FXGL Background Thread 1 ] DEBUG FXGLApplication      - Loading default localization
16:09:52.027 [FXGL Background Thread 4 ] DEBUG FXGLAssetLoaderServi - Loading from file system: jar:file:///C:/Users/mattu/.m2/repository/com/github/almasb/fxgl/17+dev-SNAPSHOT/fxgl-17+dev-20220422.115207-44.jar!/fxglassets/ui/fonts/VarelaRound-Regular.ttf
16:09:52.027 [FXGL Background Thread 1 ] DEBUG FXGLAssetLoaderServi - Loading from file system: jar:file:///C:/Users/mattu/.m2/repository/com/github/almasb/fxgl/17+dev-SNAPSHOT/fxgl-17+dev-20220422.115207-44.jar!/fxglassets/languages/english.lang
16:09:52.040 [FXGL Background Thread 1 ] INFO  FXGLApplication      - FXGL initialization took: 0,254 sec
16:09:52.048 [JavaFX Application Thread] DEBUG Input                - Registered new binding: Left - A
16:09:52.048 [JavaFX Application Thread] DEBUG Input                - Registered new binding: Right - D
16:09:52.048 [JavaFX Application Thread] DEBUG Input                - Registered new binding: Jump - Space
16:09:52.049 [JavaFX Application Thread] DEBUG FXGLAssetLoaderServi - Loading from file system: jar:file:///C:/Users/mattu/.m2/repository/com/github/almasb/fxgl/17+dev-SNAPSHOT/fxgl-17+dev-20220422.115207-44.jar!/fxglassets/textures/fxgl_icon.png
16:09:52.064 [JavaFX Application Thread] DEBUG FXGLAssetLoaderServi - Loading from file system: jar:file:///C:/Users/mattu/.m2/repository/com/github/almasb/fxgl/17+dev-SNAPSHOT/fxgl-17+dev-20220422.115207-44.jar!/fxglassets/textures/fxgl_default_cursor.png
16:09:52.065 [FXGL Background Thread 4 ] DEBUG FXGLAssetLoaderServi - Loading from file system: jar:file:///C:/Users/mattu/.m2/repository/com/github/almasb/fxgl/17+dev-SNAPSHOT/fxgl-17+dev-20220422.115207-44.jar!/fxglassets/ui/fonts/Abel-Regular.ttf
16:09:52.065 [JavaFX Application Thread] DEBUG Input                - Registered new binding: Screenshot - CTRL+8
16:09:52.065 [JavaFX Application Thread] DEBUG Input                - Registered new binding: System info dump - CTRL+9
16:09:52.066 [JavaFX Application Thread] DEBUG Input                - Registered new binding: Restart - CTRL+R
16:09:52.066 [JavaFX Application Thread] DEBUG Input                - Registered new binding: Toggle Debug Camera - CTRL+7
16:09:52.067 [FXGL Background Thread 4 ] DEBUG FXGLAssetLoaderServi - Loading from file system: jar:file:///C:/Users/mattu/.m2/repository/com/github/almasb/fxgl/17+dev-SNAPSHOT/fxgl-17+dev-20220422.115207-44.jar!/fxglassets/ui/fonts/TerminalLandMono-Regular.otf
16:09:52.067 [JavaFX Application Thread] DEBUG LoopRunner           - Starting loop
16:09:52.067 [JavaFX Application Thread] DEBUG LoopRunner           - Initializing JavaFX AnimationTimerLoop
16:09:52.068 [JavaFX Application Thread] DEBUG GameApplicationServi - Starting new game
16:09:52.068 [JavaFX Application Thread] DEBUG Input                - Clearing active input actions
16:09:52.069 [FXGL Background Thread 4 ] DEBUG FXGLAssetLoaderServi - Loading from file system: jar:file:///C:/Users/mattu/.m2/repository/com/github/almasb/fxgl/17+dev-SNAPSHOT/fxgl-17+dev-20220422.115207-44.jar!/fxglassets/ui/fonts/Courier-Prime.ttf
16:09:52.080 [JavaFX Application Thread] DEBUG GameApplicationServi - Removing overlay from FXGLStartupScene and adding to MainLoadingScene
16:09:52.081 [JavaFX Application Thread] DEBUG PrimaryStageWindow   - FXGLStartupScene -> MainLoadingScene
16:09:52.081 [JavaFX Application Thread] DEBUG GameApplicationServi - Clearing previous game
16:09:52.081 [JavaFX Application Thread] DEBUG GameScene            - Clearing game scene
16:09:52.082 [JavaFX Application Thread] DEBUG GameWorld            - Clearing game world
16:09:52.082 [JavaFX Application Thread] DEBUG PhysicsWorld         - Clearing physics world
16:09:52.084 [FXGL Background Thread 4 ] DEBUG FXGLApplication      - Initializing game
16:09:52.083 [JavaFX Application Thread] DEBUG FXGLApplication      - Registering font factories with UI factory
16:09:52.120 [FXGL Background Thread 4 ] WARN  TMXLevelLoader       - TiledMap generated from 1.8.4. Supported version: 1.4.2. Some features may not be parsed fully.
16:09:52.127 [FXGL Background Thread 4 ] DEBUG TMXLevelLoader       - Parsed TiledMap: file:/D:/FERMI-FEDE/4BIF_2021-2022/Informatica/Giochi/Pioneer-10/target/classes/assets/levels/tmx/level1.tmx
16:09:52.128 [FXGL Background Thread 4 ] DEBUG TMXLevelLoader       - Creating tile layer entities
16:09:52.129 [FXGL Background Thread 4 ] DEBUG TilesetLoader        - Loading view for layer Livello tile 1
16:09:52.129 [FXGL Background Thread 4 ] DEBUG TilesetLoader        - Created buffer with size 1120.0x320.0
16:09:52.140 [FXGL Background Thread 4 ] DEBUG TMXLevelLoader       - Creating object layer entities
16:09:52.155 [FXGL Background Thread 4 ] DEBUG GameWorld            - Clearing removable entities
16:09:52.155 [FXGL Background Thread 4 ] DEBUG GameWorld            - Setting level: com.almasb.fxgl.entity.level.Level@7c645b26
16:09:52.167 [FXGL Background Thread 4 ] DEBUG FXGLAssetLoaderServi - Loading from file system: file:/D:/FERMI-FEDE/4BIF_2021-2022/Informatica/Giochi/Pioneer-10/target/classes/assets/textures/background/forest.png
16:09:52.178 [FXGL Background Thread 4 ] INFO  FXGLApplication      - Game initialization took: 0,094 sec
16:09:52.178 [JavaFX Application Thread] DEBUG Input                - Clearing active input actions
16:09:52.183 [JavaFX Application Thread] DEBUG GameApplicationServi - Removing overlay from MainLoadingScene and adding to GameScene
16:09:52.184 [JavaFX Application Thread] DEBUG PrimaryStageWindow   - MainLoadingScene -> GameScene
16:09:52.351 [FXGL Background Thread 2 ] INFO  UpdaterService       - Your current version:  17+dev-SNAPSHOT
16:09:52.351 [FXGL Background Thread 2 ] INFO  UpdaterService       - Latest stable version: 17.1
16:09:53.395 [JavaFX Application Thread] DEBUG FXGLApplication      - Exiting FXGL
16:09:53.395 [JavaFX Application Thread] DEBUG LoopRunner           - Stopping loop
16:09:53.395 [JavaFX Application Thread] DEBUG SystemBundleService  - Saving FXGL system data
16:09:53.396 [JavaFX Application Thread] DEBUG FileSystemAccess     - Writing to: D:\FERMI-FEDE\4BIF_2021-2022\Informatica\Giochi\Pioneer-10\system\fxgl.bundle
16:09:53.397 [JavaFX Application Thread] DEBUG Async                - Shutting down background threads
16:09:53.398 [JavaFX Application Thread] DEBUG PrimaryStageWindow   - Closing main window
16:09:53.403 [JavaFX Application Thread] DEBUG Logger               - Closing Logger
