11:42:56.915 [main                     ] DEBUG Logger               - Configured Logger
11:42:56.993 [main                     ] DEBUG GameApplication      - Logging settings
Title: Pioneer-10
Terra
Version: 0.0
Width: 1200
Height: 640
Fullscreen: false
Intro: false
Profiling: false
Single step:false
App Mode: DEVELOPER
Menu Key: ESCAPE
Stage Style: DECORATED
Scene Factory: class com.almasb.fxgl.app.scene.SceneFactory

11:42:57.676 [JavaFX Application Thread] DEBUG FXGLApplication      - Initializing FXGL
11:42:57.688 [JavaFX Application Thread] INFO  Engine               - FXGL-17+dev-SNAPSHOT (22.04.2022 11.52) on WINDOWS (J:17 FX:18)
11:42:57.689 [JavaFX Application Thread] DEBUG Engine               - JRE Vendor Name: Oracle Corporation
11:42:57.689 [JavaFX Application Thread] DEBUG Engine               - Running on OS: Windows 10 version 10.0
11:42:57.690 [JavaFX Application Thread] DEBUG Engine               - Architecture: amd64
11:42:57.690 [JavaFX Application Thread] INFO  Engine               - Source code and latest versions at: https://github.com/AlmasB/FXGL
11:42:57.690 [JavaFX Application Thread] INFO  Engine               -       Ask questions and discuss at: https://github.com/AlmasB/FXGL/discussions
11:42:57.690 [JavaFX Application Thread] INFO  Engine               -              Join the FXGL chat at: https://gitter.im/AlmasB/FXGL
11:42:57.857 [JavaFX Application Thread] DEBUG PrimaryStageWindow   - Creating a JavaFX scene
11:42:57.939 [JavaFX Application Thread] DEBUG PrimaryStageWindow   - Target settings size: 1200.0 x 640.0
11:42:57.941 [JavaFX Application Thread] DEBUG PrimaryStageWindow   - Scaled scene size:    1200.0 x 640.0
11:42:57.942 [JavaFX Application Thread] DEBUG PrimaryStageWindow   - Scaled ratio: (1.0, 1.0)
11:42:57.944 [JavaFX Application Thread] DEBUG PrimaryStageWindow   - Set initial scene to FXGLStartupScene
11:42:57.961 [JavaFX Application Thread] DEBUG PrimaryStageWindow   - Opening main window
11:42:58.149 [JavaFX Application Thread] DEBUG PrimaryStageWindow   - Window border size: (14.4000244140625, 37.5999755859375)
11:42:58.151 [JavaFX Application Thread] DEBUG PrimaryStageWindow   - Scaled size: 1200.0 x 640.0
11:42:58.152 [JavaFX Application Thread] DEBUG PrimaryStageWindow   - Scaled ratio: (1.0, 1.0)
11:42:58.154 [JavaFX Application Thread] DEBUG PrimaryStageWindow   - Scene size: 1200.0 x 640.0
11:42:58.155 [JavaFX Application Thread] DEBUG PrimaryStageWindow   - Stage size: 1214.4000244140625 x 677.5999755859375
11:42:58.177 [FXGL Background Thread 1 ] DEBUG Engine               - Initializing environment variables
11:42:58.270 [FXGL Background Thread 1 ] DEBUG FXGLAssetLoaderServi - User app class for loading assets: class com.pioneer10.model.LivTerra
11:42:58.271 [FXGL Background Thread 1 ] DEBUG GameApplicationServi - Applying CSS: fxgl_dark.css
11:42:58.274 [FXGL Background Thread 1 ] DEBUG FXGLAssetLoaderServi - Loading from file system: jar:file:///C:/Users/mattu/.m2/repository/com/github/almasb/fxgl/17+dev-SNAPSHOT/fxgl-17+dev-20220422.115207-44.jar!/fxglassets/ui/css/fxgl_dark.css
11:42:58.386 [FXGL Background Thread 1 ] DEBUG GameApplicationServi - Initializing application scenes
11:42:58.488 [FXGL Background Thread 1 ] DEBUG GameWorld            - Game world initialized
11:42:58.631 [FXGL Background Thread 1 ] DEBUG PhysicsWorld         - Physics world initialized: appHeight=640, physics.ppm=50,0
11:42:58.632 [FXGL Background Thread 1 ] DEBUG PhysicsWorld         - Using strategy: BRUTE_FORCE
11:42:58.641 [FXGL Background Thread 1 ] DEBUG GameScene            - Game scene initialized: 1200x640
11:42:58.677 [FXGL Background Thread 1 ] DEBUG FXGL.DefaultMenu     - createMenuBodyGameMenu()
11:42:58.719 [FXGL Background Thread 1 ] DEBUG FXGL.DefaultMenu     - createOptionsMenu()
11:42:58.759 [FXGL Background Thread 1 ] DEBUG FXGLAssetLoaderServi - Loading from file system: jar:file:///C:/Users/mattu/.m2/repository/com/github/almasb/fxgl/17+dev-SNAPSHOT/fxgl-17+dev-20220422.115207-44.jar!/fxglassets/textures/particles/smoke.png
11:42:58.919 [FXGL Background Thread 1 ] DEBUG FXGLAssetLoaderServi - Loading from file system: jar:file:///C:/Users/mattu/.m2/repository/com/github/almasb/fxgl/17+dev-SNAPSHOT/fxgl-17+dev-20220422.115207-44.jar!/fxglassets/textures/particles/trace_horizontal.png
11:42:58.980 [FXGL Background Thread 1 ] DEBUG GameApplicationServi - Application scenes initialized
11:42:59.006 [FXGL Background Thread 1 ] DEBUG SystemBundleService  - Loading FXGL system data
11:42:59.018 [FXGL Background Thread 1 ] DEBUG FileSystemAccess     - Reading from: D:\FERMI-FEDE\4BIF_2021-2022\Informatica\gioco\system\fxgl.bundle
11:42:59.034 [FXGL Background Thread 1 ] DEBUG SystemBundleService  - Bundle FXGL: {}
11:42:59.034 [FXGL Background Thread 1 ] DEBUG UpdaterService       - Checking for updates
11:42:59.049 [FXGL Background Thread 4 ] DEBUG FXGLApplication      - Loading fonts
11:42:59.051 [FXGL Background Thread 4 ] DEBUG FXGLAssetLoaderServi - Loading from file system: jar:file:///C:/Users/mattu/.m2/repository/com/github/almasb/fxgl/17+dev-SNAPSHOT/fxgl-17+dev-20220422.115207-44.jar!/fxglassets/ui/fonts/VarelaRound-Regular.ttf
11:42:59.050 [FXGL Background Thread 1 ] DEBUG FXGLApplication      - Loading default localization
11:42:59.053 [FXGL Background Thread 1 ] DEBUG FXGLAssetLoaderServi - Loading from file system: jar:file:///C:/Users/mattu/.m2/repository/com/github/almasb/fxgl/17+dev-SNAPSHOT/fxgl-17+dev-20220422.115207-44.jar!/fxglassets/languages/english.lang
11:42:59.101 [FXGL Background Thread 1 ] INFO  FXGLApplication      - FXGL initialization took: 0,923 sec
11:42:59.129 [JavaFX Application Thread] DEBUG Input                - Registered new binding: Left - A
11:42:59.130 [JavaFX Application Thread] DEBUG Input                - Registered new binding: Right - D
11:42:59.131 [JavaFX Application Thread] DEBUG Input                - Registered new binding: Jump - Space
11:42:59.132 [JavaFX Application Thread] DEBUG FXGLAssetLoaderServi - Loading from file system: file:/D:/FERMI-FEDE/4BIF_2021-2022/Informatica/gioco/target/classes/assets/music/Minecraft.mp3
11:42:59.213 [FXGL Background Thread 4 ] DEBUG FXGLAssetLoaderServi - Loading from file system: jar:file:///C:/Users/mattu/.m2/repository/com/github/almasb/fxgl/17+dev-SNAPSHOT/fxgl-17+dev-20220422.115207-44.jar!/fxglassets/ui/fonts/Abel-Regular.ttf
11:42:59.221 [FXGL Background Thread 4 ] DEBUG FXGLAssetLoaderServi - Loading from file system: jar:file:///C:/Users/mattu/.m2/repository/com/github/almasb/fxgl/17+dev-SNAPSHOT/fxgl-17+dev-20220422.115207-44.jar!/fxglassets/ui/fonts/TerminalLandMono-Regular.otf
11:42:59.235 [FXGL Background Thread 4 ] DEBUG FXGLAssetLoaderServi - Loading from file system: jar:file:///C:/Users/mattu/.m2/repository/com/github/almasb/fxgl/17+dev-SNAPSHOT/fxgl-17+dev-20220422.115207-44.jar!/fxglassets/ui/fonts/Courier-Prime.ttf
11:42:59.468 [JavaFX Application Thread] DEBUG AudioPlayer          - Playing music com.almasb.fxgl.audio.Music@7172e5ec
11:42:59.469 [JavaFX Application Thread] DEBUG FXGLAssetLoaderServi - Loading from file system: jar:file:///C:/Users/mattu/.m2/repository/com/github/almasb/fxgl/17+dev-SNAPSHOT/fxgl-17+dev-20220422.115207-44.jar!/fxglassets/textures/fxgl_icon.png
11:42:59.504 [JavaFX Application Thread] DEBUG FXGLAssetLoaderServi - Loading from file system: jar:file:///C:/Users/mattu/.m2/repository/com/github/almasb/fxgl/17+dev-SNAPSHOT/fxgl-17+dev-20220422.115207-44.jar!/fxglassets/textures/fxgl_default_cursor.png
11:42:59.509 [JavaFX Application Thread] DEBUG Input                - Registered new binding: Screenshot - CTRL+8
11:42:59.511 [JavaFX Application Thread] DEBUG Input                - Registered new binding: System info dump - CTRL+9
11:42:59.512 [JavaFX Application Thread] DEBUG Input                - Registered new binding: Restart - CTRL+R
11:42:59.514 [JavaFX Application Thread] DEBUG Input                - Registered new binding: Toggle Debug Camera - CTRL+7
11:42:59.519 [JavaFX Application Thread] DEBUG LoopRunner           - Starting loop
11:42:59.519 [JavaFX Application Thread] DEBUG LoopRunner           - Initializing JavaFX AnimationTimerLoop
11:42:59.523 [JavaFX Application Thread] DEBUG GameApplicationServi - Starting new game
11:42:59.525 [JavaFX Application Thread] DEBUG Input                - Clearing active input actions
11:42:59.562 [JavaFX Application Thread] DEBUG GameApplicationServi - Removing overlay from FXGLStartupScene and adding to FXGLLoadingScene
11:42:59.566 [JavaFX Application Thread] DEBUG PrimaryStageWindow   - FXGLStartupScene -> FXGLLoadingScene
11:42:59.567 [JavaFX Application Thread] DEBUG GameApplicationServi - Clearing previous game
11:42:59.567 [JavaFX Application Thread] DEBUG GameScene            - Clearing game scene
11:42:59.568 [JavaFX Application Thread] DEBUG GameWorld            - Clearing game world
11:42:59.568 [JavaFX Application Thread] DEBUG PhysicsWorld         - Clearing physics world
11:42:59.572 [FXGL Background Thread 4 ] DEBUG FXGLApplication      - Initializing game
11:42:59.578 [JavaFX Application Thread] DEBUG FXGLApplication      - Registering font factories with UI factory
11:42:59.673 [FXGL Background Thread 4 ] WARN  TMXLevelLoader       - TiledMap generated from 1.8.4. Supported version: 1.4.2. Some features may not be parsed fully.
11:42:59.738 [FXGL Background Thread 4 ] DEBUG TMXLevelLoader       - Parsed TiledMap: file:/D:/FERMI-FEDE/4BIF_2021-2022/Informatica/gioco/target/classes/assets/levels/Terra/MappaTerra.tmx
11:42:59.741 [FXGL Background Thread 4 ] DEBUG TMXLevelLoader       - Creating tile layer entities
11:42:59.745 [FXGL Background Thread 4 ] DEBUG TilesetLoader        - Loading view for layer Livello tile 1
11:42:59.754 [FXGL Background Thread 4 ] DEBUG TilesetLoader        - Created buffer with size 4800.0x640.0
11:42:59.862 [FXGL Background Thread 4 ] WARN  TilesetLoader        - Diagonally flipped tiles are not currently supported
11:42:59.883 [FXGL Background Thread 4 ] WARN  TilesetLoader        - Diagonally flipped tiles are not currently supported
11:42:59.887 [FXGL Background Thread 4 ] WARN  TilesetLoader        - Diagonally flipped tiles are not currently supported
11:42:59.968 [FXGL Background Thread 4 ] WARN  TilesetLoader        - Diagonally flipped tiles are not currently supported
11:42:59.986 [FXGL Background Thread 4 ] WARN  TilesetLoader        - Diagonally flipped tiles are not currently supported
11:42:59.989 [FXGL Background Thread 4 ] DEBUG TilesetLoader        - Loading view for layer Livello tile 2
11:42:59.999 [FXGL Background Thread 4 ] DEBUG TilesetLoader        - Created buffer with size 4800.0x640.0
11:43:00.004 [FXGL Background Thread 4 ] DEBUG TilesetLoader        - Loading view for layer Livello tile 3
11:43:00.011 [FXGL Background Thread 2 ] INFO  UpdaterService       - Your current version:  17+dev-SNAPSHOT
11:43:00.012 [FXGL Background Thread 2 ] INFO  UpdaterService       - Latest stable version: 17.1
11:43:00.018 [FXGL Background Thread 4 ] DEBUG TilesetLoader        - Created buffer with size 4800.0x640.0
11:43:00.021 [FXGL Background Thread 4 ] DEBUG TMXLevelLoader       - Creating object layer entities
11:43:00.290 [FXGL Background Thread 4 ] DEBUG GameWorld            - Clearing removable entities
11:43:00.291 [FXGL Background Thread 4 ] DEBUG GameWorld            - Setting level: com.almasb.fxgl.entity.level.Level@12f893af
11:43:00.391 [FXGL Background Thread 4 ] INFO  FXGLApplication      - Game initialization took: 0,819 sec
11:43:00.395 [JavaFX Application Thread] DEBUG Input                - Clearing active input actions
11:43:00.413 [JavaFX Application Thread] DEBUG GameApplicationServi - Removing overlay from FXGLLoadingScene and adding to GameScene
11:43:00.414 [JavaFX Application Thread] DEBUG PrimaryStageWindow   - FXGLLoadingScene -> GameScene
11:43:02.045 [FXGL Background Thread 3 ] DEBUG Engine               - Logging environment variables
11:43:02.047 [FXGL Background Thread 3 ] DEBUG Engine               - achievements: []
11:43:02.048 [FXGL Background Thread 3 ] DEBUG Engine               - actualHeight: 640.0
11:43:02.048 [FXGL Background Thread 3 ] DEBUG Engine               - actualHeightProperty: ReadOnlyDoubleProperty [value: 640.0]
11:43:02.048 [FXGL Background Thread 3 ] DEBUG Engine               - actualWidth: 1200.0
11:43:02.049 [FXGL Background Thread 3 ] DEBUG Engine               - actualWidthProperty: ReadOnlyDoubleProperty [value: 1200.0]
11:43:02.049 [FXGL Background Thread 3 ] DEBUG Engine               - appIcon: fxgl_icon.png
11:43:02.049 [FXGL Background Thread 3 ] DEBUG Engine               - applicationMode: DEVELOPER
11:43:02.050 [FXGL Background Thread 3 ] DEBUG Engine               - cSSList: [fxgl_dark.css]
11:43:02.050 [FXGL Background Thread 3 ] DEBUG Engine               - collisionDetectionStrategy: BRUTE_FORCE
11:43:02.051 [FXGL Background Thread 3 ] DEBUG Engine               - configClass: Optional.empty
11:43:02.051 [FXGL Background Thread 3 ] DEBUG Engine               - credits: []
11:43:02.052 [FXGL Background Thread 3 ] DEBUG Engine               - defaultCursor: CursorInfo(imageName=fxgl_default_cursor.png, hotspotX=7.0, hotspotY=6.0)
11:43:02.053 [FXGL Background Thread 3 ] DEBUG Engine               - devBBoxColorProperty: ObjectProperty [value: 0xff0000ff]
11:43:02.053 [FXGL Background Thread 3 ] DEBUG Engine               - devEnableDebugCameraProperty: BooleanProperty [value: false]
11:43:02.053 [FXGL Background Thread 3 ] DEBUG Engine               - devSensorColorProperty: ObjectProperty [value: 0xffff00ff]
11:43:02.053 [FXGL Background Thread 3 ] DEBUG Engine               - devShowBBoxProperty: BooleanProperty [value: false]
11:43:02.054 [FXGL Background Thread 3 ] DEBUG Engine               - devShowPositionProperty: BooleanProperty [value: false]
11:43:02.054 [FXGL Background Thread 3 ] DEBUG Engine               - enabledMenuItems: []
11:43:02.055 [FXGL Background Thread 3 ] DEBUG Engine               - engineServices: [class com.almasb.fxgl.app.services.FXGLAssetLoaderService, class com.almasb.fxgl.app.FXGLApplication$GameApplicationService, class com.almasb.fxgl.app.services.FXGLDialogService, class com.almasb.fxgl.app.services.IOTaskExecutorService, class com.almasb.fxgl.io.FileSystemService, class com.almasb.fxgl.localization.LocalizationService, class com.almasb.fxgl.app.services.SystemBundleService, class com.almasb.fxgl.profile.SaveLoadService, class com.almasb.fxgl.ui.FXGLUIFactoryServiceProvider, class com.almasb.fxgl.ui.FXGLDialogFactoryServiceProvider, class com.almasb.fxgl.audio.AudioPlayer, class com.almasb.fxgl.notification.impl.NotificationServiceProvider, class com.almasb.fxgl.achievement.AchievementService, class com.almasb.fxgl.cutscene.CutsceneService, class com.almasb.fxgl.minigames.MiniGameService, class com.almasb.fxgl.net.NetService, class com.almasb.fxgl.app.services.UpdaterService, class com.almasb.fxgl.dev.DevService]
11:43:02.055 [FXGL Background Thread 3 ] DEBUG Engine               - fontGame: Abel-Regular.ttf
11:43:02.055 [FXGL Background Thread 3 ] DEBUG Engine               - fontMono: TerminalLandMono-Regular.otf
11:43:02.055 [FXGL Background Thread 3 ] DEBUG Engine               - fontText: Courier-Prime.ttf
11:43:02.055 [FXGL Background Thread 3 ] DEBUG Engine               - fontUI: VarelaRound-Regular.ttf
11:43:02.055 [FXGL Background Thread 3 ] DEBUG Engine               - fullScreen: BooleanProperty [value: false]
11:43:02.056 [FXGL Background Thread 3 ] DEBUG Engine               - gameDifficulty: MEDIUM
11:43:02.056 [FXGL Background Thread 3 ] DEBUG Engine               - gameDifficultyProperty: ObjectProperty [value: MEDIUM]
11:43:02.056 [FXGL Background Thread 3 ] DEBUG Engine               - globalMusicVolume: 0.5
11:43:02.059 [FXGL Background Thread 3 ] DEBUG Engine               - globalMusicVolumeProperty: DoubleProperty [value: 0.25]
11:43:02.059 [FXGL Background Thread 3 ] DEBUG Engine               - globalSoundVolume: 0.5
11:43:02.059 [FXGL Background Thread 3 ] DEBUG Engine               - globalSoundVolumeProperty: DoubleProperty [value: 0.5]
11:43:02.060 [FXGL Background Thread 3 ] DEBUG Engine               - height: 640
11:43:02.061 [FXGL Background Thread 3 ] DEBUG Engine               - is3D: false
11:43:02.061 [FXGL Background Thread 3 ] DEBUG Engine               - isAndroid: false
11:43:02.061 [FXGL Background Thread 3 ] DEBUG Engine               - isBrowser: false
11:43:02.062 [FXGL Background Thread 3 ] DEBUG Engine               - isClickFeedbackEnabled: false
11:43:02.063 [FXGL Background Thread 3 ] DEBUG Engine               - isCloseConfirmation: false
11:43:02.063 [FXGL Background Thread 3 ] DEBUG Engine               - isDesktop: true
11:43:02.064 [FXGL Background Thread 3 ] DEBUG Engine               - isDeveloperMenuEnabled: false
11:43:02.064 [FXGL Background Thread 3 ] DEBUG Engine               - isEmbedded: false
11:43:02.064 [FXGL Background Thread 3 ] DEBUG Engine               - isEntityPreloadEnabled: true
11:43:02.065 [FXGL Background Thread 3 ] DEBUG Engine               - isExperimentalTiledLargeMap: false
11:43:02.065 [FXGL Background Thread 3 ] DEBUG Engine               - isFileSystemWriteAllowed: true
11:43:02.065 [FXGL Background Thread 3 ] DEBUG Engine               - isFullScreenAllowed: false
11:43:02.065 [FXGL Background Thread 3 ] DEBUG Engine               - isFullScreenFromStart: false
11:43:02.065 [FXGL Background Thread 3 ] DEBUG Engine               - isGameMenuEnabled: true
11:43:02.065 [FXGL Background Thread 3 ] DEBUG Engine               - isIOS: false
11:43:02.065 [FXGL Background Thread 3 ] DEBUG Engine               - isIntroEnabled: false
11:43:02.065 [FXGL Background Thread 3 ] DEBUG Engine               - isLinux: false
11:43:02.066 [FXGL Background Thread 3 ] DEBUG Engine               - isMac: false
11:43:02.066 [FXGL Background Thread 3 ] DEBUG Engine               - isMainMenuEnabled: false
11:43:02.066 [FXGL Background Thread 3 ] DEBUG Engine               - isManualResizeEnabled: false
11:43:02.066 [FXGL Background Thread 3 ] DEBUG Engine               - isMobile: false
11:43:02.066 [FXGL Background Thread 3 ] DEBUG Engine               - isNative: false
11:43:02.066 [FXGL Background Thread 3 ] DEBUG Engine               - isPauseMusicWhenMinimized: true
11:43:02.066 [FXGL Background Thread 3 ] DEBUG Engine               - isPreserveResizeRatio: false
11:43:02.066 [FXGL Background Thread 3 ] DEBUG Engine               - isProfilingEnabled: false
11:43:02.067 [FXGL Background Thread 3 ] DEBUG Engine               - isScaleAffectedOnResize: true
11:43:02.067 [FXGL Background Thread 3 ] DEBUG Engine               - isSingleStep: false
11:43:02.067 [FXGL Background Thread 3 ] DEBUG Engine               - isUserProfileEnabled: false
11:43:02.068 [FXGL Background Thread 3 ] DEBUG Engine               - isWindows: true
11:43:02.068 [FXGL Background Thread 3 ] DEBUG Engine               - language: ObjectProperty [value: ENGLISH]
11:43:02.068 [FXGL Background Thread 3 ] DEBUG Engine               - menuKey: ESCAPE
11:43:02.069 [FXGL Background Thread 3 ] DEBUG Engine               - mouseSensitivity: 0.2
11:43:02.069 [FXGL Background Thread 3 ] DEBUG Engine               - notificationViewClass: class com.almasb.fxgl.notification.view.XboxNotificationView
11:43:02.070 [FXGL Background Thread 3 ] DEBUG Engine               - pixelsPerMeter: 50.0
11:43:02.070 [FXGL Background Thread 3 ] DEBUG Engine               - platform: WINDOWS
11:43:02.070 [FXGL Background Thread 3 ] DEBUG Engine               - prefHeightProperty: ReadOnlyDoubleProperty [value: 640.0]
11:43:02.071 [FXGL Background Thread 3 ] DEBUG Engine               - prefWidthProperty: ReadOnlyDoubleProperty [value: 1200.0]
11:43:02.071 [FXGL Background Thread 3 ] DEBUG Engine               - profileDir: profiles/
11:43:02.072 [FXGL Background Thread 3 ] DEBUG Engine               - profileName: StringProperty [value: DEFAULT]
11:43:02.072 [FXGL Background Thread 3 ] DEBUG Engine               - randomSeed: -1
11:43:02.075 [FXGL Background Thread 3 ] DEBUG Engine               - runtimeInfo: RuntimeInfo(platform=WINDOWS, version=17+dev-SNAPSHOT, build=22.04.2022 11.52)
11:43:02.076 [FXGL Background Thread 3 ] DEBUG Engine               - saveFileExt: sav
11:43:02.077 [FXGL Background Thread 3 ] DEBUG Engine               - scaledHeightProp$fxgl: DoubleProperty [bound, value: 640.0]
11:43:02.077 [FXGL Background Thread 3 ] DEBUG Engine               - scaledWidthProp$fxgl: DoubleProperty [bound, value: 1200.0]
11:43:02.079 [FXGL Background Thread 3 ] DEBUG Engine               - sceneFactory: com.almasb.fxgl.app.scene.SceneFactory@78575f12
11:43:02.079 [FXGL Background Thread 3 ] DEBUG Engine               - secondsIn24h: 60
11:43:02.080 [FXGL Background Thread 3 ] DEBUG Engine               - soundMenuBack: menu/back.wav
11:43:02.081 [FXGL Background Thread 3 ] DEBUG Engine               - soundMenuPress: menu/press.wav
11:43:02.081 [FXGL Background Thread 3 ] DEBUG Engine               - soundMenuSelect: menu/select.wav
11:43:02.082 [FXGL Background Thread 3 ] DEBUG Engine               - soundNotification: core/notification.wav
11:43:02.082 [FXGL Background Thread 3 ] DEBUG Engine               - stageStyle: DECORATED
11:43:02.083 [FXGL Background Thread 3 ] DEBUG Engine               - supportedLanguages: [ENGLISH, FRENCH, GERMAN, HUNGARIAN, RUSSIAN]
11:43:02.083 [FXGL Background Thread 3 ] DEBUG Engine               - ticksPerSecond: -1
11:43:02.083 [FXGL Background Thread 3 ] DEBUG Engine               - title: Pioneer-10
Terra
11:43:02.084 [FXGL Background Thread 3 ] DEBUG Engine               - urlGithub: https://github.com/AlmasB/FXGL
11:43:02.084 [FXGL Background Thread 3 ] DEBUG Engine               - urlLeaderboard: http://fxgl-top.herokuapp.com/
11:43:02.084 [FXGL Background Thread 3 ] DEBUG Engine               - urlPOM: https://raw.githubusercontent.com/AlmasB/FXGL/release/README.md
11:43:02.084 [FXGL Background Thread 3 ] DEBUG Engine               - userAppClass: class com.pioneer10.model.LivTerra
11:43:02.084 [FXGL Background Thread 3 ] DEBUG Engine               - version: 0.0
11:43:02.085 [FXGL Background Thread 3 ] DEBUG Engine               - versionCheckDays: 7
11:43:02.085 [FXGL Background Thread 3 ] DEBUG Engine               - width: 1200
11:43:02.085 [FXGL Background Thread 3 ] DEBUG Engine               - Logging services
11:43:02.085 [FXGL Background Thread 3 ] DEBUG Engine               - class com.almasb.fxgl.app.services.FXGLAssetLoaderService
11:43:02.085 [FXGL Background Thread 3 ] DEBUG Engine               - class com.almasb.fxgl.app.FXGLApplication$GameApplicationService
11:43:02.085 [FXGL Background Thread 3 ] DEBUG Engine               - class com.almasb.fxgl.app.services.FXGLDialogService
11:43:02.085 [FXGL Background Thread 3 ] DEBUG Engine               - class com.almasb.fxgl.app.services.IOTaskExecutorService
11:43:02.085 [FXGL Background Thread 3 ] DEBUG Engine               - class com.almasb.fxgl.io.FileSystemService
11:43:02.085 [FXGL Background Thread 3 ] DEBUG Engine               - class com.almasb.fxgl.localization.LocalizationService
11:43:02.086 [FXGL Background Thread 3 ] DEBUG Engine               - class com.almasb.fxgl.app.services.SystemBundleService
11:43:02.086 [FXGL Background Thread 3 ] DEBUG Engine               - class com.almasb.fxgl.profile.SaveLoadService
11:43:02.086 [FXGL Background Thread 3 ] DEBUG Engine               - class com.almasb.fxgl.ui.FXGLUIFactoryServiceProvider
11:43:02.086 [FXGL Background Thread 3 ] DEBUG Engine               - class com.almasb.fxgl.ui.FXGLDialogFactoryServiceProvider
11:43:02.086 [FXGL Background Thread 3 ] DEBUG Engine               - class com.almasb.fxgl.audio.AudioPlayer
11:43:02.086 [FXGL Background Thread 3 ] DEBUG Engine               - class com.almasb.fxgl.notification.impl.NotificationServiceProvider
11:43:02.086 [FXGL Background Thread 3 ] DEBUG Engine               - class com.almasb.fxgl.achievement.AchievementService
11:43:02.086 [FXGL Background Thread 3 ] DEBUG Engine               - class com.almasb.fxgl.cutscene.CutsceneService
11:43:02.086 [FXGL Background Thread 3 ] DEBUG Engine               - class com.almasb.fxgl.minigames.MiniGameService
11:43:02.087 [FXGL Background Thread 3 ] DEBUG Engine               - class com.almasb.fxgl.net.NetService
11:43:02.087 [FXGL Background Thread 3 ] DEBUG Engine               - class com.almasb.fxgl.app.services.UpdaterService
11:43:02.087 [FXGL Background Thread 3 ] DEBUG Engine               - class com.almasb.fxgl.dev.DevService
11:43:03.801 [JavaFX Application Thread] DEBUG FXGLApplication      - Exiting FXGL
11:43:03.801 [JavaFX Application Thread] DEBUG LoopRunner           - Stopping loop
11:43:03.801 [JavaFX Application Thread] DEBUG SystemBundleService  - Saving FXGL system data
11:43:03.805 [JavaFX Application Thread] DEBUG FileSystemAccess     - Writing to: D:\FERMI-FEDE\4BIF_2021-2022\Informatica\gioco\system\fxgl.bundle
11:43:03.809 [JavaFX Application Thread] DEBUG Async                - Shutting down background threads
11:43:03.810 [JavaFX Application Thread] DEBUG PrimaryStageWindow   - Closing main window
11:43:03.832 [JavaFX Application Thread] DEBUG Logger               - Closing Logger
