20:03:24.559 [main                     ] DEBUG Logger               - Configured Logger
20:03:24.577 [main                     ] DEBUG GameApplication      - Logging settings
Title: Pioneer-10
Giove
Version: 0.0
Width: 1440
Height: 800
Fullscreen: false
Intro: false
Profiling: false
Single step:false
App Mode: DEVELOPER
Menu Key: ESCAPE
Stage Style: DECORATED
Scene Factory: class com.almasb.fxgl.app.scene.SceneFactory

20:03:24.989 [JavaFX Application Thread] DEBUG FXGLApplication      - Initializing FXGL
20:03:24.993 [JavaFX Application Thread] INFO  Engine               - FXGL-17+dev-SNAPSHOT (22.04.2022 11.52) on WINDOWS (J:18 FX:18)
20:03:24.993 [JavaFX Application Thread] DEBUG Engine               - JRE Vendor Name: Oracle Corporation
20:03:24.993 [JavaFX Application Thread] DEBUG Engine               - Running on OS: Windows 10 version 10.0
20:03:24.993 [JavaFX Application Thread] DEBUG Engine               - Architecture: amd64
20:03:24.993 [JavaFX Application Thread] INFO  Engine               - Source code and latest versions at: https://github.com/AlmasB/FXGL
20:03:24.993 [JavaFX Application Thread] INFO  Engine               -       Ask questions and discuss at: https://github.com/AlmasB/FXGL/discussions
20:03:24.993 [JavaFX Application Thread] INFO  Engine               -              Join the FXGL chat at: https://gitter.im/AlmasB/FXGL
20:03:25.046 [JavaFX Application Thread] DEBUG PrimaryStageWindow   - Creating a JavaFX scene
20:03:25.073 [JavaFX Application Thread] DEBUG PrimaryStageWindow   - Target settings size: 1440.0 x 800.0
20:03:25.073 [JavaFX Application Thread] DEBUG PrimaryStageWindow   - Scaled scene size:    1440.0 x 800.0
20:03:25.073 [JavaFX Application Thread] DEBUG PrimaryStageWindow   - Scaled ratio: (1.0, 1.0)
20:03:25.073 [JavaFX Application Thread] DEBUG PrimaryStageWindow   - Set initial scene to FXGLStartupScene
20:03:25.077 [JavaFX Application Thread] DEBUG PrimaryStageWindow   - Opening main window
20:03:25.210 [JavaFX Application Thread] DEBUG PrimaryStageWindow   - Window border size: (16.0, 39.0)
20:03:25.210 [JavaFX Application Thread] DEBUG PrimaryStageWindow   - Scaled size: 1440.0 x 800.0
20:03:25.210 [JavaFX Application Thread] DEBUG PrimaryStageWindow   - Scaled ratio: (1.0, 1.0)
20:03:25.210 [JavaFX Application Thread] DEBUG PrimaryStageWindow   - Scene size: 1440.0 x 800.0
20:03:25.211 [JavaFX Application Thread] DEBUG PrimaryStageWindow   - Stage size: 1456.0 x 839.0
20:03:25.215 [FXGL Background Thread 1 ] DEBUG Engine               - Initializing environment variables
20:03:25.254 [FXGL Background Thread 1 ] DEBUG FXGLAssetLoaderServi - User app class for loading assets: class com.pioneer10.model.LivGiove
20:03:25.254 [FXGL Background Thread 1 ] DEBUG GameApplicationServi - Applying CSS: fxgl_dark.css
20:03:25.255 [FXGL Background Thread 1 ] DEBUG FXGLAssetLoaderServi - Loading from file system: jar:file:///C:/Users/mattu/.m2/repository/com/github/almasb/fxgl/17+dev-SNAPSHOT/fxgl-17+dev-20220422.115207-44.jar!/fxglassets/ui/css/fxgl_dark.css
20:03:25.290 [FXGL Background Thread 1 ] DEBUG GameApplicationServi - Initializing application scenes
20:03:25.320 [FXGL Background Thread 1 ] DEBUG GameWorld            - Game world initialized
20:03:25.364 [FXGL Background Thread 1 ] DEBUG PhysicsWorld         - Physics world initialized: appHeight=800, physics.ppm=50,0
20:03:25.365 [FXGL Background Thread 1 ] DEBUG PhysicsWorld         - Using strategy: BRUTE_FORCE
20:03:25.370 [FXGL Background Thread 1 ] DEBUG GameScene            - Game scene initialized: 1440x800
20:03:25.382 [FXGL Background Thread 1 ] DEBUG FXGL.DefaultMenu     - createMenuBodyGameMenu()
20:03:25.397 [FXGL Background Thread 1 ] DEBUG FXGL.DefaultMenu     - createOptionsMenu()
20:03:25.413 [FXGL Background Thread 1 ] DEBUG FXGLAssetLoaderServi - Loading from file system: jar:file:///C:/Users/mattu/.m2/repository/com/github/almasb/fxgl/17+dev-SNAPSHOT/fxgl-17+dev-20220422.115207-44.jar!/fxglassets/textures/particles/smoke.png
20:03:25.467 [FXGL Background Thread 1 ] DEBUG FXGLAssetLoaderServi - Loading from file system: jar:file:///C:/Users/mattu/.m2/repository/com/github/almasb/fxgl/17+dev-SNAPSHOT/fxgl-17+dev-20220422.115207-44.jar!/fxglassets/textures/particles/trace_horizontal.png
20:03:25.484 [FXGL Background Thread 1 ] DEBUG GameApplicationServi - Application scenes initialized
20:03:25.491 [FXGL Background Thread 1 ] DEBUG SystemBundleService  - Loading FXGL system data
20:03:25.493 [FXGL Background Thread 1 ] DEBUG FileSystemAccess     - Reading from: D:\FERMI-FEDE\4BIF_2021-2022\Informatica\Giochi\Pioneer-10\system\fxgl.bundle
20:03:25.500 [FXGL Background Thread 1 ] DEBUG SystemBundleService  - Bundle FXGL: {}
20:03:25.500 [FXGL Background Thread 1 ] DEBUG UpdaterService       - Checking for updates
20:03:25.503 [FXGL Background Thread 4 ] DEBUG FXGLApplication      - Loading fonts
20:03:25.504 [FXGL Background Thread 1 ] DEBUG FXGLApplication      - Loading default localization
20:03:25.504 [FXGL Background Thread 4 ] DEBUG FXGLAssetLoaderServi - Loading from file system: jar:file:///C:/Users/mattu/.m2/repository/com/github/almasb/fxgl/17+dev-SNAPSHOT/fxgl-17+dev-20220422.115207-44.jar!/fxglassets/ui/fonts/VarelaRound-Regular.ttf
20:03:25.504 [FXGL Background Thread 1 ] DEBUG FXGLAssetLoaderServi - Loading from file system: jar:file:///C:/Users/mattu/.m2/repository/com/github/almasb/fxgl/17+dev-SNAPSHOT/fxgl-17+dev-20220422.115207-44.jar!/fxglassets/languages/english.lang
20:03:25.515 [FXGL Background Thread 1 ] INFO  FXGLApplication      - FXGL initialization took: 0,300 sec
20:03:25.521 [JavaFX Application Thread] DEBUG Input                - Registered new binding: Left - A
20:03:25.522 [JavaFX Application Thread] DEBUG Input                - Registered new binding: Right - D
20:03:25.522 [JavaFX Application Thread] DEBUG Input                - Registered new binding: Jump - Space
20:03:25.522 [JavaFX Application Thread] DEBUG FXGLAssetLoaderServi - Loading from file system: jar:file:///C:/Users/mattu/.m2/repository/com/github/almasb/fxgl/17+dev-SNAPSHOT/fxgl-17+dev-20220422.115207-44.jar!/fxglassets/textures/fxgl_icon.png
20:03:25.534 [JavaFX Application Thread] DEBUG FXGLAssetLoaderServi - Loading from file system: jar:file:///C:/Users/mattu/.m2/repository/com/github/almasb/fxgl/17+dev-SNAPSHOT/fxgl-17+dev-20220422.115207-44.jar!/fxglassets/textures/fxgl_default_cursor.png
20:03:25.535 [JavaFX Application Thread] DEBUG Input                - Registered new binding: Screenshot - CTRL+8
20:03:25.535 [JavaFX Application Thread] DEBUG Input                - Registered new binding: System info dump - CTRL+9
20:03:25.536 [JavaFX Application Thread] DEBUG Input                - Registered new binding: Restart - CTRL+R
20:03:25.536 [JavaFX Application Thread] DEBUG Input                - Registered new binding: Toggle Debug Camera - CTRL+7
20:03:25.537 [FXGL Background Thread 4 ] DEBUG FXGLAssetLoaderServi - Loading from file system: jar:file:///C:/Users/mattu/.m2/repository/com/github/almasb/fxgl/17+dev-SNAPSHOT/fxgl-17+dev-20220422.115207-44.jar!/fxglassets/ui/fonts/Abel-Regular.ttf
20:03:25.537 [JavaFX Application Thread] DEBUG LoopRunner           - Starting loop
20:03:25.537 [JavaFX Application Thread] DEBUG LoopRunner           - Initializing JavaFX AnimationTimerLoop
20:03:25.538 [JavaFX Application Thread] DEBUG GameApplicationServi - Starting new game
20:03:25.538 [FXGL Background Thread 4 ] DEBUG FXGLAssetLoaderServi - Loading from file system: jar:file:///C:/Users/mattu/.m2/repository/com/github/almasb/fxgl/17+dev-SNAPSHOT/fxgl-17+dev-20220422.115207-44.jar!/fxglassets/ui/fonts/TerminalLandMono-Regular.otf
20:03:25.538 [JavaFX Application Thread] DEBUG Input                - Clearing active input actions
20:03:25.540 [FXGL Background Thread 4 ] DEBUG FXGLAssetLoaderServi - Loading from file system: jar:file:///C:/Users/mattu/.m2/repository/com/github/almasb/fxgl/17+dev-SNAPSHOT/fxgl-17+dev-20220422.115207-44.jar!/fxglassets/ui/fonts/Courier-Prime.ttf
20:03:25.546 [JavaFX Application Thread] DEBUG GameApplicationServi - Removing overlay from FXGLStartupScene and adding to FXGLLoadingScene
20:03:25.547 [JavaFX Application Thread] DEBUG PrimaryStageWindow   - FXGLStartupScene -> FXGLLoadingScene
20:03:25.547 [JavaFX Application Thread] DEBUG GameApplicationServi - Clearing previous game
20:03:25.547 [JavaFX Application Thread] DEBUG GameScene            - Clearing game scene
20:03:25.547 [JavaFX Application Thread] DEBUG GameWorld            - Clearing game world
20:03:25.547 [JavaFX Application Thread] DEBUG PhysicsWorld         - Clearing physics world
20:03:25.548 [FXGL Background Thread 4 ] DEBUG FXGLApplication      - Initializing game
20:03:25.571 [JavaFX Application Thread] DEBUG FXGLApplication      - Registering font factories with UI factory
20:03:25.574 [FXGL Background Thread 4 ] WARN  TMXLevelLoader       - TiledMap generated from 1.8.4. Supported version: 1.4.2. Some features may not be parsed fully.
20:03:25.600 [FXGL Background Thread 4 ] DEBUG TMXLevelLoader       - Parsed TiledMap: file:/D:/FERMI-FEDE/4BIF_2021-2022/Informatica/Giochi/Pioneer-10/target/classes/assets/levels/Giove/Giove.tmx
20:03:25.600 [FXGL Background Thread 4 ] DEBUG TMXLevelLoader       - Creating tile layer entities
20:03:25.602 [FXGL Background Thread 4 ] DEBUG TilesetLoader        - Loading view for layer Livello tile 1
20:03:25.606 [FXGL Background Thread 4 ] DEBUG TilesetLoader        - Created buffer with size 5760.0x800.0
20:03:25.621 [FXGL Background Thread 4 ] DEBUG TMXLevelLoader       - Creating object layer entities
20:03:25.775 [FXGL Background Thread 4 ] DEBUG GameWorld            - Clearing removable entities
20:03:25.775 [FXGL Background Thread 4 ] DEBUG GameWorld            - Setting level: com.almasb.fxgl.entity.level.Level@3b53a244
20:03:25.785 [FXGL Background Thread 2 ] INFO  UpdaterService       - Your current version:  17+dev-SNAPSHOT
20:03:25.785 [FXGL Background Thread 2 ] INFO  UpdaterService       - Latest stable version: 17.1
20:03:25.836 [FXGL Background Thread 4 ] INFO  FXGLApplication      - Game initialization took: 0,288 sec
20:03:25.844 [JavaFX Application Thread] DEBUG Input                - Clearing active input actions
20:03:25.853 [JavaFX Application Thread] DEBUG GameApplicationServi - Removing overlay from FXGLLoadingScene and adding to GameScene
20:03:25.853 [JavaFX Application Thread] DEBUG PrimaryStageWindow   - FXGLLoadingScene -> GameScene
20:03:28.504 [FXGL Background Thread 3 ] DEBUG Engine               - Logging environment variables
20:03:28.504 [FXGL Background Thread 3 ] DEBUG Engine               - achievements: []
20:03:28.504 [FXGL Background Thread 3 ] DEBUG Engine               - actualHeight: 800.0
20:03:28.504 [FXGL Background Thread 3 ] DEBUG Engine               - actualHeightProperty: ReadOnlyDoubleProperty [value: 800.0]
20:03:28.504 [FXGL Background Thread 3 ] DEBUG Engine               - actualWidth: 1440.0
20:03:28.504 [FXGL Background Thread 3 ] DEBUG Engine               - actualWidthProperty: ReadOnlyDoubleProperty [value: 1440.0]
20:03:28.504 [FXGL Background Thread 3 ] DEBUG Engine               - appIcon: fxgl_icon.png
20:03:28.504 [FXGL Background Thread 3 ] DEBUG Engine               - applicationMode: DEVELOPER
20:03:28.504 [FXGL Background Thread 3 ] DEBUG Engine               - cSSList: [fxgl_dark.css]
20:03:28.504 [FXGL Background Thread 3 ] DEBUG Engine               - collisionDetectionStrategy: BRUTE_FORCE
20:03:28.504 [FXGL Background Thread 3 ] DEBUG Engine               - configClass: Optional.empty
20:03:28.504 [FXGL Background Thread 3 ] DEBUG Engine               - credits: []
20:03:28.505 [FXGL Background Thread 3 ] DEBUG Engine               - defaultCursor: CursorInfo(imageName=fxgl_default_cursor.png, hotspotX=7.0, hotspotY=6.0)
20:03:28.505 [FXGL Background Thread 3 ] DEBUG Engine               - devBBoxColorProperty: ObjectProperty [value: 0xff0000ff]
20:03:28.505 [FXGL Background Thread 3 ] DEBUG Engine               - devEnableDebugCameraProperty: BooleanProperty [value: false]
20:03:28.505 [FXGL Background Thread 3 ] DEBUG Engine               - devSensorColorProperty: ObjectProperty [value: 0xffff00ff]
20:03:28.505 [FXGL Background Thread 3 ] DEBUG Engine               - devShowBBoxProperty: BooleanProperty [value: false]
20:03:28.505 [FXGL Background Thread 3 ] DEBUG Engine               - devShowPositionProperty: BooleanProperty [value: false]
20:03:28.505 [FXGL Background Thread 3 ] DEBUG Engine               - enabledMenuItems: []
20:03:28.505 [FXGL Background Thread 3 ] DEBUG Engine               - engineServices: [class com.almasb.fxgl.app.services.FXGLAssetLoaderService, class com.almasb.fxgl.app.FXGLApplication$GameApplicationService, class com.almasb.fxgl.app.services.FXGLDialogService, class com.almasb.fxgl.app.services.IOTaskExecutorService, class com.almasb.fxgl.io.FileSystemService, class com.almasb.fxgl.localization.LocalizationService, class com.almasb.fxgl.app.services.SystemBundleService, class com.almasb.fxgl.profile.SaveLoadService, class com.almasb.fxgl.ui.FXGLUIFactoryServiceProvider, class com.almasb.fxgl.ui.FXGLDialogFactoryServiceProvider, class com.almasb.fxgl.audio.AudioPlayer, class com.almasb.fxgl.notification.impl.NotificationServiceProvider, class com.almasb.fxgl.achievement.AchievementService, class com.almasb.fxgl.cutscene.CutsceneService, class com.almasb.fxgl.minigames.MiniGameService, class com.almasb.fxgl.net.NetService, class com.almasb.fxgl.app.services.UpdaterService, class com.almasb.fxgl.dev.DevService]
20:03:28.505 [FXGL Background Thread 3 ] DEBUG Engine               - fontGame: Abel-Regular.ttf
20:03:28.505 [FXGL Background Thread 3 ] DEBUG Engine               - fontMono: TerminalLandMono-Regular.otf
20:03:28.505 [FXGL Background Thread 3 ] DEBUG Engine               - fontText: Courier-Prime.ttf
20:03:28.505 [FXGL Background Thread 3 ] DEBUG Engine               - fontUI: VarelaRound-Regular.ttf
20:03:28.505 [FXGL Background Thread 3 ] DEBUG Engine               - fullScreen: BooleanProperty [value: false]
20:03:28.505 [FXGL Background Thread 3 ] DEBUG Engine               - gameDifficulty: MEDIUM
20:03:28.505 [FXGL Background Thread 3 ] DEBUG Engine               - gameDifficultyProperty: ObjectProperty [value: MEDIUM]
20:03:28.506 [FXGL Background Thread 3 ] DEBUG Engine               - globalMusicVolume: 0.5
20:03:28.506 [FXGL Background Thread 3 ] DEBUG Engine               - globalMusicVolumeProperty: DoubleProperty [value: 0.5]
20:03:28.506 [FXGL Background Thread 3 ] DEBUG Engine               - globalSoundVolume: 0.5
20:03:28.506 [FXGL Background Thread 3 ] DEBUG Engine               - globalSoundVolumeProperty: DoubleProperty [value: 0.5]
20:03:28.506 [FXGL Background Thread 3 ] DEBUG Engine               - height: 800
20:03:28.506 [FXGL Background Thread 3 ] DEBUG Engine               - is3D: false
20:03:28.506 [FXGL Background Thread 3 ] DEBUG Engine               - isAndroid: false
20:03:28.506 [FXGL Background Thread 3 ] DEBUG Engine               - isBrowser: false
20:03:28.506 [FXGL Background Thread 3 ] DEBUG Engine               - isClickFeedbackEnabled: false
20:03:28.506 [FXGL Background Thread 3 ] DEBUG Engine               - isCloseConfirmation: false
20:03:28.506 [FXGL Background Thread 3 ] DEBUG Engine               - isDesktop: true
20:03:28.506 [FXGL Background Thread 3 ] DEBUG Engine               - isDeveloperMenuEnabled: false
20:03:28.506 [FXGL Background Thread 3 ] DEBUG Engine               - isEmbedded: false
20:03:28.506 [FXGL Background Thread 3 ] DEBUG Engine               - isEntityPreloadEnabled: true
20:03:28.506 [FXGL Background Thread 3 ] DEBUG Engine               - isExperimentalTiledLargeMap: false
20:03:28.506 [FXGL Background Thread 3 ] DEBUG Engine               - isFileSystemWriteAllowed: true
20:03:28.506 [FXGL Background Thread 3 ] DEBUG Engine               - isFullScreenAllowed: false
20:03:28.506 [FXGL Background Thread 3 ] DEBUG Engine               - isFullScreenFromStart: false
20:03:28.506 [FXGL Background Thread 3 ] DEBUG Engine               - isGameMenuEnabled: true
20:03:28.506 [FXGL Background Thread 3 ] DEBUG Engine               - isIOS: false
20:03:28.506 [FXGL Background Thread 3 ] DEBUG Engine               - isIntroEnabled: false
20:03:28.506 [FXGL Background Thread 3 ] DEBUG Engine               - isLinux: false
20:03:28.506 [FXGL Background Thread 3 ] DEBUG Engine               - isMac: false
20:03:28.506 [FXGL Background Thread 3 ] DEBUG Engine               - isMainMenuEnabled: false
20:03:28.506 [FXGL Background Thread 3 ] DEBUG Engine               - isManualResizeEnabled: false
20:03:28.506 [FXGL Background Thread 3 ] DEBUG Engine               - isMobile: false
20:03:28.506 [FXGL Background Thread 3 ] DEBUG Engine               - isNative: false
20:03:28.506 [FXGL Background Thread 3 ] DEBUG Engine               - isPauseMusicWhenMinimized: true
20:03:28.507 [FXGL Background Thread 3 ] DEBUG Engine               - isPreserveResizeRatio: false
20:03:28.507 [FXGL Background Thread 3 ] DEBUG Engine               - isProfilingEnabled: false
20:03:28.507 [FXGL Background Thread 3 ] DEBUG Engine               - isScaleAffectedOnResize: true
20:03:28.507 [FXGL Background Thread 3 ] DEBUG Engine               - isSingleStep: false
20:03:28.507 [FXGL Background Thread 3 ] DEBUG Engine               - isUserProfileEnabled: false
20:03:28.507 [FXGL Background Thread 3 ] DEBUG Engine               - isWindows: true
20:03:28.507 [FXGL Background Thread 3 ] DEBUG Engine               - language: ObjectProperty [value: ENGLISH]
20:03:28.507 [FXGL Background Thread 3 ] DEBUG Engine               - menuKey: ESCAPE
20:03:28.507 [FXGL Background Thread 3 ] DEBUG Engine               - mouseSensitivity: 0.2
20:03:28.507 [FXGL Background Thread 3 ] DEBUG Engine               - notificationViewClass: class com.almasb.fxgl.notification.view.XboxNotificationView
20:03:28.507 [FXGL Background Thread 3 ] DEBUG Engine               - pixelsPerMeter: 50.0
20:03:28.507 [FXGL Background Thread 3 ] DEBUG Engine               - platform: WINDOWS
20:03:28.507 [FXGL Background Thread 3 ] DEBUG Engine               - prefHeightProperty: ReadOnlyDoubleProperty [value: 800.0]
20:03:28.507 [FXGL Background Thread 3 ] DEBUG Engine               - prefWidthProperty: ReadOnlyDoubleProperty [value: 1440.0]
20:03:28.507 [FXGL Background Thread 3 ] DEBUG Engine               - profileDir: profiles/
20:03:28.507 [FXGL Background Thread 3 ] DEBUG Engine               - profileName: StringProperty [value: DEFAULT]
20:03:28.507 [FXGL Background Thread 3 ] DEBUG Engine               - randomSeed: -1
20:03:28.507 [FXGL Background Thread 3 ] DEBUG Engine               - runtimeInfo: RuntimeInfo(platform=WINDOWS, version=17+dev-SNAPSHOT, build=22.04.2022 11.52)
20:03:28.507 [FXGL Background Thread 3 ] DEBUG Engine               - saveFileExt: sav
20:03:28.507 [FXGL Background Thread 3 ] DEBUG Engine               - scaledHeightProp$fxgl: DoubleProperty [bound, value: 800.0]
20:03:28.507 [FXGL Background Thread 3 ] DEBUG Engine               - scaledWidthProp$fxgl: DoubleProperty [bound, value: 1440.0]
20:03:28.507 [FXGL Background Thread 3 ] DEBUG Engine               - sceneFactory: com.almasb.fxgl.app.scene.SceneFactory@6df8a88c
20:03:28.507 [FXGL Background Thread 3 ] DEBUG Engine               - secondsIn24h: 60
20:03:28.507 [FXGL Background Thread 3 ] DEBUG Engine               - soundMenuBack: menu/back.wav
20:03:28.507 [FXGL Background Thread 3 ] DEBUG Engine               - soundMenuPress: menu/press.wav
20:03:28.507 [FXGL Background Thread 3 ] DEBUG Engine               - soundMenuSelect: menu/select.wav
20:03:28.507 [FXGL Background Thread 3 ] DEBUG Engine               - soundNotification: core/notification.wav
20:03:28.507 [FXGL Background Thread 3 ] DEBUG Engine               - stageStyle: DECORATED
20:03:28.507 [FXGL Background Thread 3 ] DEBUG Engine               - supportedLanguages: [ENGLISH, FRENCH, GERMAN, HUNGARIAN, RUSSIAN]
20:03:28.507 [FXGL Background Thread 3 ] DEBUG Engine               - ticksPerSecond: -1
20:03:28.508 [FXGL Background Thread 3 ] DEBUG Engine               - title: Pioneer-10
Giove
20:03:28.508 [FXGL Background Thread 3 ] DEBUG Engine               - urlGithub: https://github.com/AlmasB/FXGL
20:03:28.508 [FXGL Background Thread 3 ] DEBUG Engine               - urlLeaderboard: http://fxgl-top.herokuapp.com/
20:03:28.508 [FXGL Background Thread 3 ] DEBUG Engine               - urlPOM: https://raw.githubusercontent.com/AlmasB/FXGL/release/README.md
20:03:28.508 [FXGL Background Thread 3 ] DEBUG Engine               - userAppClass: class com.pioneer10.model.LivGiove
20:03:28.508 [FXGL Background Thread 3 ] DEBUG Engine               - version: 0.0
20:03:28.508 [FXGL Background Thread 3 ] DEBUG Engine               - versionCheckDays: 7
20:03:28.508 [FXGL Background Thread 3 ] DEBUG Engine               - width: 1440
20:03:28.508 [FXGL Background Thread 3 ] DEBUG Engine               - Logging services
20:03:28.508 [FXGL Background Thread 3 ] DEBUG Engine               - class com.almasb.fxgl.app.services.FXGLAssetLoaderService
20:03:28.508 [FXGL Background Thread 3 ] DEBUG Engine               - class com.almasb.fxgl.app.FXGLApplication$GameApplicationService
20:03:28.508 [FXGL Background Thread 3 ] DEBUG Engine               - class com.almasb.fxgl.app.services.FXGLDialogService
20:03:28.508 [FXGL Background Thread 3 ] DEBUG Engine               - class com.almasb.fxgl.app.services.IOTaskExecutorService
20:03:28.508 [FXGL Background Thread 3 ] DEBUG Engine               - class com.almasb.fxgl.io.FileSystemService
20:03:28.508 [FXGL Background Thread 3 ] DEBUG Engine               - class com.almasb.fxgl.localization.LocalizationService
20:03:28.508 [FXGL Background Thread 3 ] DEBUG Engine               - class com.almasb.fxgl.app.services.SystemBundleService
20:03:28.508 [FXGL Background Thread 3 ] DEBUG Engine               - class com.almasb.fxgl.profile.SaveLoadService
20:03:28.508 [FXGL Background Thread 3 ] DEBUG Engine               - class com.almasb.fxgl.ui.FXGLUIFactoryServiceProvider
20:03:28.508 [FXGL Background Thread 3 ] DEBUG Engine               - class com.almasb.fxgl.ui.FXGLDialogFactoryServiceProvider
20:03:28.508 [FXGL Background Thread 3 ] DEBUG Engine               - class com.almasb.fxgl.audio.AudioPlayer
20:03:28.508 [FXGL Background Thread 3 ] DEBUG Engine               - class com.almasb.fxgl.notification.impl.NotificationServiceProvider
20:03:28.508 [FXGL Background Thread 3 ] DEBUG Engine               - class com.almasb.fxgl.achievement.AchievementService
20:03:28.508 [FXGL Background Thread 3 ] DEBUG Engine               - class com.almasb.fxgl.cutscene.CutsceneService
20:03:28.508 [FXGL Background Thread 3 ] DEBUG Engine               - class com.almasb.fxgl.minigames.MiniGameService
20:03:28.508 [FXGL Background Thread 3 ] DEBUG Engine               - class com.almasb.fxgl.net.NetService
20:03:28.508 [FXGL Background Thread 3 ] DEBUG Engine               - class com.almasb.fxgl.app.services.UpdaterService
20:03:28.508 [FXGL Background Thread 3 ] DEBUG Engine               - class com.almasb.fxgl.dev.DevService
20:03:43.718 [JavaFX Application Thread] DEBUG FXGLApplication      - Exiting FXGL
20:03:43.718 [JavaFX Application Thread] DEBUG LoopRunner           - Stopping loop
20:03:43.718 [JavaFX Application Thread] DEBUG SystemBundleService  - Saving FXGL system data
20:03:43.719 [JavaFX Application Thread] DEBUG FileSystemAccess     - Writing to: D:\FERMI-FEDE\4BIF_2021-2022\Informatica\Giochi\Pioneer-10\system\fxgl.bundle
20:03:43.721 [JavaFX Application Thread] DEBUG Async                - Shutting down background threads
20:03:43.721 [JavaFX Application Thread] DEBUG PrimaryStageWindow   - Closing main window
20:03:43.730 [JavaFX Application Thread] DEBUG Logger               - Closing Logger
