21:30:55.261 [main                     ] DEBUG Logger               - Configured Logger
21:30:55.277 [main                     ] DEBUG GameApplication      - Logging settings
Title: Untitled
Version: 0.0
Width: 1200
Height: 640
Fullscreen: false
Intro: false
Profiling: false
Single step:false
App Mode: DEVELOPER
Menu Key: ESCAPE
Stage Style: DECORATED
Scene Factory: class com.almasb.fxgl.app.scene.SceneFactory

21:30:55.668 [JavaFX Application Thread] DEBUG FXGLApplication      - Initializing FXGL
21:30:55.672 [JavaFX Application Thread] INFO  Engine               - FXGL-17+dev-SNAPSHOT (22.04.2022 11.52) on WINDOWS (J:18.0.1 FX:18)
21:30:55.672 [JavaFX Application Thread] DEBUG Engine               - JRE Vendor Name: Oracle Corporation
21:30:55.672 [JavaFX Application Thread] DEBUG Engine               - Running on OS: Windows 10 version 10.0
21:30:55.672 [JavaFX Application Thread] DEBUG Engine               - Architecture: amd64
21:30:55.672 [JavaFX Application Thread] INFO  Engine               - Source code and latest versions at: https://github.com/AlmasB/FXGL
21:30:55.672 [JavaFX Application Thread] INFO  Engine               -       Ask questions and discuss at: https://github.com/AlmasB/FXGL/discussions
21:30:55.673 [JavaFX Application Thread] INFO  Engine               -              Join the FXGL chat at: https://gitter.im/AlmasB/FXGL
21:30:55.726 [JavaFX Application Thread] DEBUG PrimaryStageWindow   - Creating a JavaFX scene
21:30:55.753 [JavaFX Application Thread] DEBUG PrimaryStageWindow   - Target settings size: 1200.0 x 640.0
21:30:55.753 [JavaFX Application Thread] DEBUG PrimaryStageWindow   - Scaled scene size:    1200.0 x 640.0
21:30:55.754 [JavaFX Application Thread] DEBUG PrimaryStageWindow   - Scaled ratio: (1.0, 1.0)
21:30:55.755 [JavaFX Application Thread] DEBUG PrimaryStageWindow   - Set initial scene to FXGLStartupScene
21:30:55.759 [JavaFX Application Thread] DEBUG PrimaryStageWindow   - Opening main window
21:30:55.868 [JavaFX Application Thread] DEBUG PrimaryStageWindow   - Window border size: (16.0, 39.0)
21:30:55.868 [JavaFX Application Thread] DEBUG PrimaryStageWindow   - Scaled size: 1200.0 x 640.0
21:30:55.869 [JavaFX Application Thread] DEBUG PrimaryStageWindow   - Scaled ratio: (1.0, 1.0)
21:30:55.869 [JavaFX Application Thread] DEBUG PrimaryStageWindow   - Scene size: 1200.0 x 640.0
21:30:55.869 [JavaFX Application Thread] DEBUG PrimaryStageWindow   - Stage size: 1216.0 x 679.0
21:30:55.873 [FXGL Background Thread 1 ] DEBUG Engine               - Initializing environment variables
21:30:55.904 [FXGL Background Thread 1 ] DEBUG FXGLAssetLoaderServi - User app class for loading assets: class com.pioneer10.model.LivGiove
21:30:55.904 [FXGL Background Thread 1 ] DEBUG GameApplicationServi - Applying CSS: fxgl_dark.css
21:30:55.905 [FXGL Background Thread 1 ] DEBUG FXGLAssetLoaderServi - Loading from file system: jar:file:///C:/Users/mattu/.m2/repository/com/github/almasb/fxgl/17+dev-SNAPSHOT/fxgl-17+dev-20220422.115207-44.jar!/fxglassets/ui/css/fxgl_dark.css
21:30:55.935 [FXGL Background Thread 1 ] DEBUG GameApplicationServi - Initializing application scenes
21:30:55.959 [FXGL Background Thread 1 ] DEBUG GameWorld            - Game world initialized
21:30:56.000 [FXGL Background Thread 1 ] DEBUG PhysicsWorld         - Physics world initialized: appHeight=640, physics.ppm=50,0
21:30:56.000 [FXGL Background Thread 1 ] DEBUG PhysicsWorld         - Using strategy: BRUTE_FORCE
21:30:56.003 [FXGL Background Thread 1 ] DEBUG GameScene            - Game scene initialized: 1200x640
21:30:56.010 [FXGL Background Thread 1 ] DEBUG FXGL.DefaultMenu     - createMenuBodyGameMenu()
21:30:56.019 [FXGL Background Thread 1 ] DEBUG FXGL.DefaultMenu     - createOptionsMenu()
21:30:56.031 [FXGL Background Thread 1 ] DEBUG FXGLAssetLoaderServi - Loading from file system: jar:file:///C:/Users/mattu/.m2/repository/com/github/almasb/fxgl/17+dev-SNAPSHOT/fxgl-17+dev-20220422.115207-44.jar!/fxglassets/textures/particles/smoke.png
21:30:56.084 [FXGL Background Thread 1 ] DEBUG FXGLAssetLoaderServi - Loading from file system: jar:file:///C:/Users/mattu/.m2/repository/com/github/almasb/fxgl/17+dev-SNAPSHOT/fxgl-17+dev-20220422.115207-44.jar!/fxglassets/textures/particles/trace_horizontal.png
21:30:56.101 [FXGL Background Thread 1 ] DEBUG GameApplicationServi - Application scenes initialized
21:30:56.108 [FXGL Background Thread 1 ] DEBUG SystemBundleService  - Loading FXGL system data
21:30:56.111 [FXGL Background Thread 1 ] DEBUG FileSystemAccess     - Reading from: D:\FERMI-FEDE\4BIF_2021-2022\Informatica\Giochi\Pioneer-10\system\fxgl.bundle
21:30:56.117 [FXGL Background Thread 1 ] DEBUG SystemBundleService  - Bundle FXGL: {}
21:30:56.117 [FXGL Background Thread 1 ] DEBUG UpdaterService       - Checking for updates
21:30:56.119 [FXGL Background Thread 4 ] DEBUG FXGLApplication      - Loading fonts
21:30:56.119 [FXGL Background Thread 1 ] DEBUG FXGLApplication      - Loading default localization
21:30:56.119 [FXGL Background Thread 4 ] DEBUG FXGLAssetLoaderServi - Loading from file system: jar:file:///C:/Users/mattu/.m2/repository/com/github/almasb/fxgl/17+dev-SNAPSHOT/fxgl-17+dev-20220422.115207-44.jar!/fxglassets/ui/fonts/VarelaRound-Regular.ttf
21:30:56.120 [FXGL Background Thread 1 ] DEBUG FXGLAssetLoaderServi - Loading from file system: jar:file:///C:/Users/mattu/.m2/repository/com/github/almasb/fxgl/17+dev-SNAPSHOT/fxgl-17+dev-20220422.115207-44.jar!/fxglassets/languages/english.lang
21:30:56.130 [FXGL Background Thread 1 ] INFO  FXGLApplication      - FXGL initialization took: 0,257 sec
21:30:56.136 [JavaFX Application Thread] DEBUG Input                - Registered new binding: Left - A
21:30:56.137 [JavaFX Application Thread] DEBUG Input                - Registered new binding: Right - D
21:30:56.137 [JavaFX Application Thread] DEBUG Input                - Registered new binding: Jump - Space
21:30:56.137 [JavaFX Application Thread] DEBUG FXGLAssetLoaderServi - Loading from file system: jar:file:///C:/Users/mattu/.m2/repository/com/github/almasb/fxgl/17+dev-SNAPSHOT/fxgl-17+dev-20220422.115207-44.jar!/fxglassets/textures/fxgl_icon.png
21:30:56.147 [JavaFX Application Thread] DEBUG FXGLAssetLoaderServi - Loading from file system: jar:file:///C:/Users/mattu/.m2/repository/com/github/almasb/fxgl/17+dev-SNAPSHOT/fxgl-17+dev-20220422.115207-44.jar!/fxglassets/textures/fxgl_default_cursor.png
21:30:56.148 [JavaFX Application Thread] DEBUG Input                - Registered new binding: Screenshot - CTRL+8
21:30:56.149 [JavaFX Application Thread] DEBUG Input                - Registered new binding: System info dump - CTRL+9
21:30:56.149 [JavaFX Application Thread] DEBUG Input                - Registered new binding: Restart - CTRL+R
21:30:56.149 [JavaFX Application Thread] DEBUG Input                - Registered new binding: Toggle Debug Camera - CTRL+7
21:30:56.150 [FXGL Background Thread 4 ] DEBUG FXGLAssetLoaderServi - Loading from file system: jar:file:///C:/Users/mattu/.m2/repository/com/github/almasb/fxgl/17+dev-SNAPSHOT/fxgl-17+dev-20220422.115207-44.jar!/fxglassets/ui/fonts/Abel-Regular.ttf
21:30:56.151 [JavaFX Application Thread] DEBUG LoopRunner           - Starting loop
21:30:56.151 [JavaFX Application Thread] DEBUG LoopRunner           - Initializing JavaFX AnimationTimerLoop
21:30:56.152 [JavaFX Application Thread] DEBUG GameApplicationServi - Starting new game
21:30:56.152 [FXGL Background Thread 4 ] DEBUG FXGLAssetLoaderServi - Loading from file system: jar:file:///C:/Users/mattu/.m2/repository/com/github/almasb/fxgl/17+dev-SNAPSHOT/fxgl-17+dev-20220422.115207-44.jar!/fxglassets/ui/fonts/TerminalLandMono-Regular.otf
21:30:56.152 [JavaFX Application Thread] DEBUG Input                - Clearing active input actions
21:30:56.154 [FXGL Background Thread 4 ] DEBUG FXGLAssetLoaderServi - Loading from file system: jar:file:///C:/Users/mattu/.m2/repository/com/github/almasb/fxgl/17+dev-SNAPSHOT/fxgl-17+dev-20220422.115207-44.jar!/fxglassets/ui/fonts/Courier-Prime.ttf
21:30:56.159 [JavaFX Application Thread] DEBUG GameApplicationServi - Removing overlay from FXGLStartupScene and adding to FXGLLoadingScene
21:30:56.159 [JavaFX Application Thread] DEBUG PrimaryStageWindow   - FXGLStartupScene -> FXGLLoadingScene
21:30:56.160 [JavaFX Application Thread] DEBUG GameApplicationServi - Clearing previous game
21:30:56.160 [JavaFX Application Thread] DEBUG GameScene            - Clearing game scene
21:30:56.160 [JavaFX Application Thread] DEBUG GameWorld            - Clearing game world
21:30:56.160 [JavaFX Application Thread] DEBUG PhysicsWorld         - Clearing physics world
21:30:56.161 [FXGL Background Thread 4 ] DEBUG FXGLApplication      - Initializing game
21:30:56.162 [JavaFX Application Thread] DEBUG FXGLApplication      - Registering font factories with UI factory
21:30:56.185 [FXGL Background Thread 4 ] WARN  TMXLevelLoader       - TiledMap generated from 1.8.4. Supported version: 1.4.2. Some features may not be parsed fully.
21:30:56.198 [FXGL Background Thread 4 ] DEBUG TMXLevelLoader       - Parsed TiledMap: file:/D:/FERMI-FEDE/4BIF_2021-2022/Informatica/Giochi/Pioneer-10/target/classes/assets/levels/Terra/MappaTerra.tmx
21:30:56.199 [FXGL Background Thread 4 ] DEBUG TMXLevelLoader       - Creating tile layer entities
21:30:56.200 [FXGL Background Thread 4 ] DEBUG TilesetLoader        - Loading view for layer Livello tile 1
21:30:56.209 [FXGL Background Thread 4 ] DEBUG TilesetLoader        - Created buffer with size 4800.0x640.0
21:30:56.226 [FXGL Background Thread 4 ] WARN  TilesetLoader        - Diagonally flipped tiles are not currently supported
21:30:56.230 [FXGL Background Thread 4 ] WARN  TilesetLoader        - Diagonally flipped tiles are not currently supported
21:30:56.230 [FXGL Background Thread 4 ] WARN  TilesetLoader        - Diagonally flipped tiles are not currently supported
21:30:56.243 [FXGL Background Thread 4 ] WARN  TilesetLoader        - Diagonally flipped tiles are not currently supported
21:30:56.249 [FXGL Background Thread 4 ] WARN  TilesetLoader        - Diagonally flipped tiles are not currently supported
21:30:56.250 [FXGL Background Thread 4 ] DEBUG TMXLevelLoader       - Creating object layer entities
21:30:56.270 [FXGL Background Thread 4 ] DEBUG GameWorld            - Clearing removable entities
21:30:56.270 [FXGL Background Thread 4 ] DEBUG GameWorld            - Setting level: com.almasb.fxgl.entity.level.Level@1fb4bc08
21:30:56.321 [FXGL Background Thread 4 ] INFO  FXGLApplication      - Game initialization took: 0,159 sec
21:30:56.327 [JavaFX Application Thread] DEBUG Input                - Clearing active input actions
21:30:56.333 [JavaFX Application Thread] DEBUG GameApplicationServi - Removing overlay from FXGLLoadingScene and adding to GameScene
21:30:56.333 [JavaFX Application Thread] DEBUG PrimaryStageWindow   - FXGLLoadingScene -> GameScene
21:30:56.523 [FXGL Background Thread 2 ] INFO  UpdaterService       - Your current version:  17+dev-SNAPSHOT
21:30:56.524 [FXGL Background Thread 2 ] INFO  UpdaterService       - Latest stable version: 17.1
21:30:58.543 [JavaFX Application Thread] DEBUG LoopRunner           - Stopping loop
21:30:58.544 [JavaFX Application Thread] FATAL FXGLApplication      - Uncaught Exception:
java.lang.IllegalArgumentException: Component PlayerControlComponent not found!
	at com.almasb.fxgl.entity@17+dev-SNAPSHOT/com.almasb.fxgl.entity.Entity.getComponent(Entity.java:366)
	at mario.main/com.pioneer10.model.LivGiove$2.onAction(LivGiove.java:57)
	at com.almasb.fxgl.core@17+dev-SNAPSHOT/com.almasb.fxgl.input.UserAction.action$fxgl_core(UserAction.kt:38)
	at com.almasb.fxgl.core@17+dev-SNAPSHOT/com.almasb.fxgl.input.Input.update(Input.kt:271)
	at com.almasb.fxgl.scene@17+dev-SNAPSHOT/com.almasb.fxgl.scene.Scene.update(Scene.kt:103)
	at com.almasb.fxgl.all@17+dev-SNAPSHOT/com.almasb.fxgl.app.MainWindow$update$1.invoke(MainWindow.kt:115)
	at com.almasb.fxgl.all@17+dev-SNAPSHOT/com.almasb.fxgl.app.MainWindow$update$1.invoke(MainWindow.kt:115)
	at com.almasb.fxgl.core@17+dev-SNAPSHOT/com.almasb.fxgl.core.fsm.StateMachine.runOnActiveStates(StateMachine.kt:69)
	at com.almasb.fxgl.all@17+dev-SNAPSHOT/com.almasb.fxgl.app.MainWindow.update(MainWindow.kt:115)
	at com.almasb.fxgl.all@17+dev-SNAPSHOT/com.almasb.fxgl.app.FXGLApplication$GameApplicationService.onUpdate(FXGLApplication.kt:426)
	at com.almasb.fxgl.all@17+dev-SNAPSHOT/com.almasb.fxgl.app.Engine.loop(Engine.kt:134)
	at com.almasb.fxgl.all@17+dev-SNAPSHOT/com.almasb.fxgl.app.Engine.access$loop(Engine.kt:24)
	at com.almasb.fxgl.all@17+dev-SNAPSHOT/com.almasb.fxgl.app.Engine$loop$1.invoke(Engine.kt:28)
	at com.almasb.fxgl.all@17+dev-SNAPSHOT/com.almasb.fxgl.app.Engine$loop$1.invoke(Engine.kt:28)
	at com.almasb.fxgl.all@17+dev-SNAPSHOT/com.almasb.fxgl.app.LoopRunner.frame(LoopRunner.kt:103)
	at com.almasb.fxgl.all@17+dev-SNAPSHOT/com.almasb.fxgl.app.LoopRunner.access$frame(LoopRunner.kt:23)
	at com.almasb.fxgl.all@17+dev-SNAPSHOT/com.almasb.fxgl.app.LoopRunner$impl$2$1.onTick(LoopRunner.kt:57)
	at com.almasb.fxgl.all@17+dev-SNAPSHOT/com.almasb.fxgl.app.AnimationTimerLoop$timer$1.handle(LoopRunner.kt:137)
	at javafx.graphics@18/javafx.animation.AnimationTimer$AnimationTimerReceiver.lambda$handle$0(AnimationTimer.java:58)
	at java.base/java.security.AccessController.doPrivileged(AccessController.java:399)
	at javafx.graphics@18/javafx.animation.AnimationTimer$AnimationTimerReceiver.handle(AnimationTimer.java:57)
	at javafx.graphics@18/com.sun.scenario.animation.AbstractPrimaryTimer.timePulseImpl(AbstractPrimaryTimer.java:356)
	at javafx.graphics@18/com.sun.scenario.animation.AbstractPrimaryTimer$MainLoop.run(AbstractPrimaryTimer.java:266)
	at javafx.graphics@18/com.sun.javafx.tk.quantum.QuantumToolkit.pulse(QuantumToolkit.java:571)
	at javafx.graphics@18/com.sun.javafx.tk.quantum.QuantumToolkit.pulse(QuantumToolkit.java:555)
	at javafx.graphics@18/com.sun.javafx.tk.quantum.QuantumToolkit.pulseFromQueue(QuantumToolkit.java:548)
	at javafx.graphics@18/com.sun.javafx.tk.quantum.QuantumToolkit.lambda$runToolkit$11(QuantumToolkit.java:352)
	at javafx.graphics@18/com.sun.glass.ui.InvokeLaterDispatcher$Future.run(InvokeLaterDispatcher.java:96)
	at javafx.graphics@18/com.sun.glass.ui.win.WinApplication._runLoop(Native Method)
	at javafx.graphics@18/com.sun.glass.ui.win.WinApplication.lambda$runLoop$3(WinApplication.java:184)
	at java.base/java.lang.Thread.run(Thread.java:833)

21:30:58.544 [JavaFX Application Thread] FATAL FXGLApplication      - Application will now exit
21:30:58.555 [JavaFX Application Thread] DEBUG PrimaryStageWindow   - Push state: ErrorSubScene
21:30:58.555 [JavaFX Application Thread] DEBUG Input                - Clearing active input actions
21:30:59.119 [FXGL Background Thread 3 ] DEBUG Engine               - Logging environment variables
21:30:59.119 [FXGL Background Thread 3 ] DEBUG Engine               - achievements: []
21:30:59.119 [FXGL Background Thread 3 ] DEBUG Engine               - actualHeight: 640.0
21:30:59.119 [FXGL Background Thread 3 ] DEBUG Engine               - actualHeightProperty: ReadOnlyDoubleProperty [value: 640.0]
21:30:59.119 [FXGL Background Thread 3 ] DEBUG Engine               - actualWidth: 1200.0
21:30:59.119 [FXGL Background Thread 3 ] DEBUG Engine               - actualWidthProperty: ReadOnlyDoubleProperty [value: 1200.0]
21:30:59.119 [FXGL Background Thread 3 ] DEBUG Engine               - appIcon: fxgl_icon.png
21:30:59.119 [FXGL Background Thread 3 ] DEBUG Engine               - applicationMode: DEVELOPER
21:30:59.119 [FXGL Background Thread 3 ] DEBUG Engine               - cSSList: [fxgl_dark.css]
21:30:59.119 [FXGL Background Thread 3 ] DEBUG Engine               - collisionDetectionStrategy: BRUTE_FORCE
21:30:59.119 [FXGL Background Thread 3 ] DEBUG Engine               - configClass: Optional.empty
21:30:59.119 [FXGL Background Thread 3 ] DEBUG Engine               - credits: []
21:30:59.120 [FXGL Background Thread 3 ] DEBUG Engine               - defaultCursor: CursorInfo(imageName=fxgl_default_cursor.png, hotspotX=7.0, hotspotY=6.0)
21:30:59.120 [FXGL Background Thread 3 ] DEBUG Engine               - devBBoxColorProperty: ObjectProperty [value: 0xff0000ff]
21:30:59.120 [FXGL Background Thread 3 ] DEBUG Engine               - devEnableDebugCameraProperty: BooleanProperty [value: false]
21:30:59.120 [FXGL Background Thread 3 ] DEBUG Engine               - devSensorColorProperty: ObjectProperty [value: 0xffff00ff]
21:30:59.120 [FXGL Background Thread 3 ] DEBUG Engine               - devShowBBoxProperty: BooleanProperty [value: false]
21:30:59.120 [FXGL Background Thread 3 ] DEBUG Engine               - devShowPositionProperty: BooleanProperty [value: false]
21:30:59.120 [FXGL Background Thread 3 ] DEBUG Engine               - enabledMenuItems: []
21:30:59.120 [FXGL Background Thread 3 ] DEBUG Engine               - engineServices: [class com.almasb.fxgl.app.services.FXGLAssetLoaderService, class com.almasb.fxgl.app.FXGLApplication$GameApplicationService, class com.almasb.fxgl.app.services.FXGLDialogService, class com.almasb.fxgl.app.services.IOTaskExecutorService, class com.almasb.fxgl.io.FileSystemService, class com.almasb.fxgl.localization.LocalizationService, class com.almasb.fxgl.app.services.SystemBundleService, class com.almasb.fxgl.profile.SaveLoadService, class com.almasb.fxgl.ui.FXGLUIFactoryServiceProvider, class com.almasb.fxgl.ui.FXGLDialogFactoryServiceProvider, class com.almasb.fxgl.audio.AudioPlayer, class com.almasb.fxgl.notification.impl.NotificationServiceProvider, class com.almasb.fxgl.achievement.AchievementService, class com.almasb.fxgl.cutscene.CutsceneService, class com.almasb.fxgl.minigames.MiniGameService, class com.almasb.fxgl.net.NetService, class com.almasb.fxgl.app.services.UpdaterService, class com.almasb.fxgl.dev.DevService]
21:30:59.120 [FXGL Background Thread 3 ] DEBUG Engine               - fontGame: Abel-Regular.ttf
21:30:59.120 [FXGL Background Thread 3 ] DEBUG Engine               - fontMono: TerminalLandMono-Regular.otf
21:30:59.120 [FXGL Background Thread 3 ] DEBUG Engine               - fontText: Courier-Prime.ttf
21:30:59.120 [FXGL Background Thread 3 ] DEBUG Engine               - fontUI: VarelaRound-Regular.ttf
21:30:59.120 [FXGL Background Thread 3 ] DEBUG Engine               - fullScreen: BooleanProperty [value: false]
21:30:59.120 [FXGL Background Thread 3 ] DEBUG Engine               - gameDifficulty: MEDIUM
21:30:59.120 [FXGL Background Thread 3 ] DEBUG Engine               - gameDifficultyProperty: ObjectProperty [value: MEDIUM]
21:30:59.120 [FXGL Background Thread 3 ] DEBUG Engine               - globalMusicVolume: 0.5
21:30:59.120 [FXGL Background Thread 3 ] DEBUG Engine               - globalMusicVolumeProperty: DoubleProperty [value: 0.5]
21:30:59.120 [FXGL Background Thread 3 ] DEBUG Engine               - globalSoundVolume: 0.5
21:30:59.120 [FXGL Background Thread 3 ] DEBUG Engine               - globalSoundVolumeProperty: DoubleProperty [value: 0.5]
21:30:59.120 [FXGL Background Thread 3 ] DEBUG Engine               - height: 640
21:30:59.120 [FXGL Background Thread 3 ] DEBUG Engine               - is3D: false
21:30:59.120 [FXGL Background Thread 3 ] DEBUG Engine               - isAndroid: false
21:30:59.120 [FXGL Background Thread 3 ] DEBUG Engine               - isBrowser: false
21:30:59.120 [FXGL Background Thread 3 ] DEBUG Engine               - isClickFeedbackEnabled: false
21:30:59.120 [FXGL Background Thread 3 ] DEBUG Engine               - isCloseConfirmation: false
21:30:59.120 [FXGL Background Thread 3 ] DEBUG Engine               - isDesktop: true
21:30:59.120 [FXGL Background Thread 3 ] DEBUG Engine               - isDeveloperMenuEnabled: false
21:30:59.120 [FXGL Background Thread 3 ] DEBUG Engine               - isEmbedded: false
21:30:59.121 [FXGL Background Thread 3 ] DEBUG Engine               - isEntityPreloadEnabled: true
21:30:59.121 [FXGL Background Thread 3 ] DEBUG Engine               - isExperimentalTiledLargeMap: false
21:30:59.121 [FXGL Background Thread 3 ] DEBUG Engine               - isFileSystemWriteAllowed: true
21:30:59.121 [FXGL Background Thread 3 ] DEBUG Engine               - isFullScreenAllowed: false
21:30:59.121 [FXGL Background Thread 3 ] DEBUG Engine               - isFullScreenFromStart: false
21:30:59.121 [FXGL Background Thread 3 ] DEBUG Engine               - isGameMenuEnabled: true
21:30:59.121 [FXGL Background Thread 3 ] DEBUG Engine               - isIOS: false
21:30:59.121 [FXGL Background Thread 3 ] DEBUG Engine               - isIntroEnabled: false
21:30:59.121 [FXGL Background Thread 3 ] DEBUG Engine               - isLinux: false
21:30:59.121 [FXGL Background Thread 3 ] DEBUG Engine               - isMac: false
21:30:59.121 [FXGL Background Thread 3 ] DEBUG Engine               - isMainMenuEnabled: false
21:30:59.121 [FXGL Background Thread 3 ] DEBUG Engine               - isManualResizeEnabled: false
21:30:59.121 [FXGL Background Thread 3 ] DEBUG Engine               - isMobile: false
21:30:59.121 [FXGL Background Thread 3 ] DEBUG Engine               - isNative: false
21:30:59.121 [FXGL Background Thread 3 ] DEBUG Engine               - isPauseMusicWhenMinimized: true
21:30:59.121 [FXGL Background Thread 3 ] DEBUG Engine               - isPreserveResizeRatio: false
21:30:59.121 [FXGL Background Thread 3 ] DEBUG Engine               - isProfilingEnabled: false
21:30:59.121 [FXGL Background Thread 3 ] DEBUG Engine               - isScaleAffectedOnResize: true
21:30:59.121 [FXGL Background Thread 3 ] DEBUG Engine               - isSingleStep: false
21:30:59.121 [FXGL Background Thread 3 ] DEBUG Engine               - isUserProfileEnabled: false
21:30:59.121 [FXGL Background Thread 3 ] DEBUG Engine               - isWindows: true
21:30:59.121 [FXGL Background Thread 3 ] DEBUG Engine               - language: ObjectProperty [value: ENGLISH]
21:30:59.121 [FXGL Background Thread 3 ] DEBUG Engine               - menuKey: ESCAPE
21:30:59.121 [FXGL Background Thread 3 ] DEBUG Engine               - mouseSensitivity: 0.2
21:30:59.121 [FXGL Background Thread 3 ] DEBUG Engine               - notificationViewClass: class com.almasb.fxgl.notification.view.XboxNotificationView
21:30:59.121 [FXGL Background Thread 3 ] DEBUG Engine               - pixelsPerMeter: 50.0
21:30:59.121 [FXGL Background Thread 3 ] DEBUG Engine               - platform: WINDOWS
21:30:59.121 [FXGL Background Thread 3 ] DEBUG Engine               - prefHeightProperty: ReadOnlyDoubleProperty [value: 640.0]
21:30:59.121 [FXGL Background Thread 3 ] DEBUG Engine               - prefWidthProperty: ReadOnlyDoubleProperty [value: 1200.0]
21:30:59.121 [FXGL Background Thread 3 ] DEBUG Engine               - profileDir: profiles/
21:30:59.121 [FXGL Background Thread 3 ] DEBUG Engine               - profileName: StringProperty [value: DEFAULT]
21:30:59.121 [FXGL Background Thread 3 ] DEBUG Engine               - randomSeed: -1
21:30:59.122 [FXGL Background Thread 3 ] DEBUG Engine               - runtimeInfo: RuntimeInfo(platform=WINDOWS, version=17+dev-SNAPSHOT, build=22.04.2022 11.52)
21:30:59.122 [FXGL Background Thread 3 ] DEBUG Engine               - saveFileExt: sav
21:30:59.122 [FXGL Background Thread 3 ] DEBUG Engine               - scaledHeightProp$fxgl: DoubleProperty [bound, value: 640.0]
21:30:59.122 [FXGL Background Thread 3 ] DEBUG Engine               - scaledWidthProp$fxgl: DoubleProperty [bound, value: 1200.0]
21:30:59.122 [FXGL Background Thread 3 ] DEBUG Engine               - sceneFactory: com.almasb.fxgl.app.scene.SceneFactory@41e0e411
21:30:59.122 [FXGL Background Thread 3 ] DEBUG Engine               - secondsIn24h: 60
21:30:59.122 [FXGL Background Thread 3 ] DEBUG Engine               - soundMenuBack: menu/back.wav
21:30:59.122 [FXGL Background Thread 3 ] DEBUG Engine               - soundMenuPress: menu/press.wav
21:30:59.122 [FXGL Background Thread 3 ] DEBUG Engine               - soundMenuSelect: menu/select.wav
21:30:59.122 [FXGL Background Thread 3 ] DEBUG Engine               - soundNotification: core/notification.wav
21:30:59.122 [FXGL Background Thread 3 ] DEBUG Engine               - stageStyle: DECORATED
21:30:59.122 [FXGL Background Thread 3 ] DEBUG Engine               - supportedLanguages: [ENGLISH, FRENCH, GERMAN, HUNGARIAN, RUSSIAN]
21:30:59.122 [FXGL Background Thread 3 ] DEBUG Engine               - ticksPerSecond: -1
21:30:59.123 [FXGL Background Thread 3 ] DEBUG Engine               - title: Untitled
21:30:59.123 [FXGL Background Thread 3 ] DEBUG Engine               - urlGithub: https://github.com/AlmasB/FXGL
21:30:59.123 [FXGL Background Thread 3 ] DEBUG Engine               - urlLeaderboard: http://fxgl-top.herokuapp.com/
21:30:59.123 [FXGL Background Thread 3 ] DEBUG Engine               - urlPOM: https://raw.githubusercontent.com/AlmasB/FXGL/release/README.md
21:30:59.123 [FXGL Background Thread 3 ] DEBUG Engine               - userAppClass: class com.pioneer10.model.LivGiove
21:30:59.123 [FXGL Background Thread 3 ] DEBUG Engine               - version: 0.0
21:30:59.123 [FXGL Background Thread 3 ] DEBUG Engine               - versionCheckDays: 7
21:30:59.123 [FXGL Background Thread 3 ] DEBUG Engine               - width: 1200
21:30:59.123 [FXGL Background Thread 3 ] DEBUG Engine               - Logging services
21:30:59.123 [FXGL Background Thread 3 ] DEBUG Engine               - class com.almasb.fxgl.app.services.FXGLAssetLoaderService
21:30:59.123 [FXGL Background Thread 3 ] DEBUG Engine               - class com.almasb.fxgl.app.FXGLApplication$GameApplicationService
21:30:59.123 [FXGL Background Thread 3 ] DEBUG Engine               - class com.almasb.fxgl.app.services.FXGLDialogService
21:30:59.123 [FXGL Background Thread 3 ] DEBUG Engine               - class com.almasb.fxgl.app.services.IOTaskExecutorService
21:30:59.123 [FXGL Background Thread 3 ] DEBUG Engine               - class com.almasb.fxgl.io.FileSystemService
21:30:59.123 [FXGL Background Thread 3 ] DEBUG Engine               - class com.almasb.fxgl.localization.LocalizationService
21:30:59.123 [FXGL Background Thread 3 ] DEBUG Engine               - class com.almasb.fxgl.app.services.SystemBundleService
21:30:59.123 [FXGL Background Thread 3 ] DEBUG Engine               - class com.almasb.fxgl.profile.SaveLoadService
21:30:59.123 [FXGL Background Thread 3 ] DEBUG Engine               - class com.almasb.fxgl.ui.FXGLUIFactoryServiceProvider
21:30:59.123 [FXGL Background Thread 3 ] DEBUG Engine               - class com.almasb.fxgl.ui.FXGLDialogFactoryServiceProvider
21:30:59.123 [FXGL Background Thread 3 ] DEBUG Engine               - class com.almasb.fxgl.audio.AudioPlayer
21:30:59.123 [FXGL Background Thread 3 ] DEBUG Engine               - class com.almasb.fxgl.notification.impl.NotificationServiceProvider
21:30:59.123 [FXGL Background Thread 3 ] DEBUG Engine               - class com.almasb.fxgl.achievement.AchievementService
21:30:59.123 [FXGL Background Thread 3 ] DEBUG Engine               - class com.almasb.fxgl.cutscene.CutsceneService
21:30:59.123 [FXGL Background Thread 3 ] DEBUG Engine               - class com.almasb.fxgl.minigames.MiniGameService
21:30:59.123 [FXGL Background Thread 3 ] DEBUG Engine               - class com.almasb.fxgl.net.NetService
21:30:59.123 [FXGL Background Thread 3 ] DEBUG Engine               - class com.almasb.fxgl.app.services.UpdaterService
21:30:59.123 [FXGL Background Thread 3 ] DEBUG Engine               - class com.almasb.fxgl.dev.DevService
21:31:06.510 [JavaFX Application Thread] DEBUG FXGLApplication      - Exiting FXGL
21:31:06.510 [JavaFX Application Thread] DEBUG Async                - Shutting down background threads
21:31:06.510 [JavaFX Application Thread] DEBUG PrimaryStageWindow   - Closing main window
21:31:06.518 [JavaFX Application Thread] DEBUG Logger               - Closing Logger
