11:35:57.483 [main                     ] DEBUG Logger               - Configured Logger
11:35:57.546 [main                     ] DEBUG GameApplication      - Logging settings
Title: Pioneer-10
Terra
Version: 0.0
Width: 1200
Height: 640
Fullscreen: false
Intro: false
Profiling: false
Single step:false
App Mode: DEVELOPER
Menu Key: ESCAPE
Stage Style: DECORATED
Scene Factory: class com.almasb.fxgl.app.scene.SceneFactory

11:35:58.240 [JavaFX Application Thread] DEBUG FXGLApplication      - Initializing FXGL
11:35:58.256 [JavaFX Application Thread] INFO  Engine               - FXGL-17+dev-SNAPSHOT (22.04.2022 11.52) on WINDOWS (J:17 FX:18)
11:35:58.256 [JavaFX Application Thread] DEBUG Engine               - JRE Vendor Name: Oracle Corporation
11:35:58.257 [JavaFX Application Thread] DEBUG Engine               - Running on OS: Windows 10 version 10.0
11:35:58.257 [JavaFX Application Thread] DEBUG Engine               - Architecture: amd64
11:35:58.258 [JavaFX Application Thread] INFO  Engine               - Source code and latest versions at: https://github.com/AlmasB/FXGL
11:35:58.258 [JavaFX Application Thread] INFO  Engine               -       Ask questions and discuss at: https://github.com/AlmasB/FXGL/discussions
11:35:58.258 [JavaFX Application Thread] INFO  Engine               -              Join the FXGL chat at: https://gitter.im/AlmasB/FXGL
11:35:58.418 [JavaFX Application Thread] DEBUG PrimaryStageWindow   - Creating a JavaFX scene
11:35:58.500 [JavaFX Application Thread] DEBUG PrimaryStageWindow   - Target settings size: 1200.0 x 640.0
11:35:58.501 [JavaFX Application Thread] DEBUG PrimaryStageWindow   - Scaled scene size:    1200.0 x 640.0
11:35:58.501 [JavaFX Application Thread] DEBUG PrimaryStageWindow   - Scaled ratio: (1.0, 1.0)
11:35:58.504 [JavaFX Application Thread] DEBUG PrimaryStageWindow   - Set initial scene to FXGLStartupScene
11:35:58.520 [JavaFX Application Thread] DEBUG PrimaryStageWindow   - Opening main window
11:35:58.709 [JavaFX Application Thread] DEBUG PrimaryStageWindow   - Window border size: (14.4000244140625, 37.5999755859375)
11:35:58.710 [JavaFX Application Thread] DEBUG PrimaryStageWindow   - Scaled size: 1200.0 x 640.0
11:35:58.712 [JavaFX Application Thread] DEBUG PrimaryStageWindow   - Scaled ratio: (1.0, 1.0)
11:35:58.713 [JavaFX Application Thread] DEBUG PrimaryStageWindow   - Scene size: 1200.0 x 640.0
11:35:58.715 [JavaFX Application Thread] DEBUG PrimaryStageWindow   - Stage size: 1214.4000244140625 x 677.5999755859375
11:35:58.737 [FXGL Background Thread 1 ] DEBUG Engine               - Initializing environment variables
11:35:58.823 [FXGL Background Thread 1 ] DEBUG FXGLAssetLoaderServi - User app class for loading assets: class com.pioneer10.model.LivTerra
11:35:58.824 [FXGL Background Thread 1 ] DEBUG GameApplicationServi - Applying CSS: fxgl_dark.css
11:35:58.828 [FXGL Background Thread 1 ] DEBUG FXGLAssetLoaderServi - Loading from file system: jar:file:///C:/Users/mattu/.m2/repository/com/github/almasb/fxgl/17+dev-SNAPSHOT/fxgl-17+dev-20220422.115207-44.jar!/fxglassets/ui/css/fxgl_dark.css
11:35:58.942 [FXGL Background Thread 1 ] DEBUG GameApplicationServi - Initializing application scenes
11:35:59.043 [FXGL Background Thread 1 ] DEBUG GameWorld            - Game world initialized
11:35:59.171 [FXGL Background Thread 1 ] DEBUG PhysicsWorld         - Physics world initialized: appHeight=640, physics.ppm=50,0
11:35:59.172 [FXGL Background Thread 1 ] DEBUG PhysicsWorld         - Using strategy: BRUTE_FORCE
11:35:59.185 [FXGL Background Thread 1 ] DEBUG GameScene            - Game scene initialized: 1200x640
11:35:59.219 [FXGL Background Thread 1 ] DEBUG FXGL.DefaultMenu     - createMenuBodyGameMenu()
11:35:59.251 [FXGL Background Thread 1 ] DEBUG FXGL.DefaultMenu     - createOptionsMenu()
11:35:59.282 [FXGL Background Thread 1 ] DEBUG FXGLAssetLoaderServi - Loading from file system: jar:file:///C:/Users/mattu/.m2/repository/com/github/almasb/fxgl/17+dev-SNAPSHOT/fxgl-17+dev-20220422.115207-44.jar!/fxglassets/textures/particles/smoke.png
11:35:59.437 [FXGL Background Thread 1 ] DEBUG FXGLAssetLoaderServi - Loading from file system: jar:file:///C:/Users/mattu/.m2/repository/com/github/almasb/fxgl/17+dev-SNAPSHOT/fxgl-17+dev-20220422.115207-44.jar!/fxglassets/textures/particles/trace_horizontal.png
11:35:59.484 [FXGL Background Thread 1 ] DEBUG GameApplicationServi - Application scenes initialized
11:35:59.508 [FXGL Background Thread 1 ] DEBUG SystemBundleService  - Loading FXGL system data
11:35:59.518 [FXGL Background Thread 1 ] DEBUG FileSystemAccess     - Reading from: D:\FERMI-FEDE\4BIF_2021-2022\Informatica\gioco\system\fxgl.bundle
11:35:59.528 [FXGL Background Thread 1 ] DEBUG SystemBundleService  - Bundle FXGL: {}
11:35:59.528 [FXGL Background Thread 1 ] DEBUG UpdaterService       - Checking for updates
11:35:59.537 [FXGL Background Thread 4 ] DEBUG FXGLApplication      - Loading fonts
11:35:59.538 [FXGL Background Thread 4 ] DEBUG FXGLAssetLoaderServi - Loading from file system: jar:file:///C:/Users/mattu/.m2/repository/com/github/almasb/fxgl/17+dev-SNAPSHOT/fxgl-17+dev-20220422.115207-44.jar!/fxglassets/ui/fonts/VarelaRound-Regular.ttf
11:35:59.538 [FXGL Background Thread 1 ] DEBUG FXGLApplication      - Loading default localization
11:35:59.540 [FXGL Background Thread 1 ] DEBUG FXGLAssetLoaderServi - Loading from file system: jar:file:///C:/Users/mattu/.m2/repository/com/github/almasb/fxgl/17+dev-SNAPSHOT/fxgl-17+dev-20220422.115207-44.jar!/fxglassets/languages/english.lang
11:35:59.582 [FXGL Background Thread 1 ] INFO  FXGLApplication      - FXGL initialization took: 0,843 sec
11:35:59.609 [JavaFX Application Thread] DEBUG Input                - Registered new binding: Left - A
11:35:59.610 [JavaFX Application Thread] DEBUG Input                - Registered new binding: Right - D
11:35:59.611 [JavaFX Application Thread] DEBUG Input                - Registered new binding: Jump - Space
11:35:59.612 [JavaFX Application Thread] DEBUG FXGLAssetLoaderServi - Loading from file system: file:/D:/FERMI-FEDE/4BIF_2021-2022/Informatica/gioco/target/classes/assets/music/Minecraft.mp3
11:35:59.673 [FXGL Background Thread 4 ] DEBUG FXGLAssetLoaderServi - Loading from file system: jar:file:///C:/Users/mattu/.m2/repository/com/github/almasb/fxgl/17+dev-SNAPSHOT/fxgl-17+dev-20220422.115207-44.jar!/fxglassets/ui/fonts/Abel-Regular.ttf
11:35:59.682 [FXGL Background Thread 4 ] DEBUG FXGLAssetLoaderServi - Loading from file system: jar:file:///C:/Users/mattu/.m2/repository/com/github/almasb/fxgl/17+dev-SNAPSHOT/fxgl-17+dev-20220422.115207-44.jar!/fxglassets/ui/fonts/TerminalLandMono-Regular.otf
11:35:59.690 [FXGL Background Thread 4 ] DEBUG FXGLAssetLoaderServi - Loading from file system: jar:file:///C:/Users/mattu/.m2/repository/com/github/almasb/fxgl/17+dev-SNAPSHOT/fxgl-17+dev-20220422.115207-44.jar!/fxglassets/ui/fonts/Courier-Prime.ttf
11:35:59.900 [JavaFX Application Thread] DEBUG AudioPlayer          - Playing music com.almasb.fxgl.audio.Music@656dcc14
11:35:59.901 [JavaFX Application Thread] DEBUG FXGLAssetLoaderServi - Loading from file system: jar:file:///C:/Users/mattu/.m2/repository/com/github/almasb/fxgl/17+dev-SNAPSHOT/fxgl-17+dev-20220422.115207-44.jar!/fxglassets/textures/fxgl_icon.png
11:35:59.936 [JavaFX Application Thread] DEBUG FXGLAssetLoaderServi - Loading from file system: jar:file:///C:/Users/mattu/.m2/repository/com/github/almasb/fxgl/17+dev-SNAPSHOT/fxgl-17+dev-20220422.115207-44.jar!/fxglassets/textures/fxgl_default_cursor.png
11:35:59.941 [JavaFX Application Thread] DEBUG Input                - Registered new binding: Screenshot - CTRL+8
11:35:59.942 [JavaFX Application Thread] DEBUG Input                - Registered new binding: System info dump - CTRL+9
11:35:59.943 [JavaFX Application Thread] DEBUG Input                - Registered new binding: Restart - CTRL+R
11:35:59.945 [JavaFX Application Thread] DEBUG Input                - Registered new binding: Toggle Debug Camera - CTRL+7
11:35:59.950 [JavaFX Application Thread] DEBUG LoopRunner           - Starting loop
11:35:59.951 [JavaFX Application Thread] DEBUG LoopRunner           - Initializing JavaFX AnimationTimerLoop
11:35:59.956 [JavaFX Application Thread] DEBUG GameApplicationServi - Starting new game
11:35:59.958 [JavaFX Application Thread] DEBUG Input                - Clearing active input actions
11:35:59.997 [JavaFX Application Thread] DEBUG GameApplicationServi - Removing overlay from FXGLStartupScene and adding to FXGLLoadingScene
11:35:59.998 [JavaFX Application Thread] DEBUG PrimaryStageWindow   - FXGLStartupScene -> FXGLLoadingScene
11:35:59.999 [JavaFX Application Thread] DEBUG GameApplicationServi - Clearing previous game
11:35:59.999 [JavaFX Application Thread] DEBUG GameScene            - Clearing game scene
11:35:59.999 [JavaFX Application Thread] DEBUG GameWorld            - Clearing game world
11:36:00.000 [JavaFX Application Thread] DEBUG PhysicsWorld         - Clearing physics world
11:36:00.005 [FXGL Background Thread 4 ] DEBUG FXGLApplication      - Initializing game
11:36:00.012 [JavaFX Application Thread] DEBUG FXGLApplication      - Registering font factories with UI factory
11:36:00.105 [FXGL Background Thread 4 ] WARN  TMXLevelLoader       - TiledMap generated from 1.8.4. Supported version: 1.4.2. Some features may not be parsed fully.
11:36:00.174 [FXGL Background Thread 4 ] DEBUG TMXLevelLoader       - Parsed TiledMap: file:/D:/FERMI-FEDE/4BIF_2021-2022/Informatica/gioco/target/classes/assets/levels/Terra/MappaTerra.tmx
11:36:00.176 [FXGL Background Thread 4 ] DEBUG TMXLevelLoader       - Creating tile layer entities
11:36:00.180 [FXGL Background Thread 4 ] DEBUG TilesetLoader        - Loading view for layer Livello tile 1
11:36:00.189 [FXGL Background Thread 4 ] DEBUG TilesetLoader        - Created buffer with size 4800.0x640.0
11:36:00.298 [FXGL Background Thread 4 ] WARN  TilesetLoader        - Diagonally flipped tiles are not currently supported
11:36:00.313 [FXGL Background Thread 4 ] WARN  TilesetLoader        - Diagonally flipped tiles are not currently supported
11:36:00.315 [FXGL Background Thread 4 ] WARN  TilesetLoader        - Diagonally flipped tiles are not currently supported
11:36:00.428 [FXGL Background Thread 4 ] WARN  TilesetLoader        - Diagonally flipped tiles are not currently supported
11:36:00.445 [FXGL Background Thread 4 ] WARN  TilesetLoader        - Diagonally flipped tiles are not currently supported
11:36:00.449 [FXGL Background Thread 4 ] DEBUG TilesetLoader        - Loading view for layer Livello tile 2
11:36:00.460 [FXGL Background Thread 4 ] DEBUG TilesetLoader        - Created buffer with size 4800.0x640.0
11:36:00.464 [FXGL Background Thread 4 ] DEBUG TilesetLoader        - Loading view for layer Livello tile 3
11:36:00.473 [FXGL Background Thread 4 ] DEBUG TilesetLoader        - Created buffer with size 4800.0x640.0
11:36:00.475 [FXGL Background Thread 4 ] DEBUG TMXLevelLoader       - Creating object layer entities
11:36:00.492 [FXGL Background Thread 2 ] INFO  UpdaterService       - Your current version:  17+dev-SNAPSHOT
11:36:00.493 [FXGL Background Thread 2 ] INFO  UpdaterService       - Latest stable version: 17.1
11:36:00.736 [FXGL Background Thread 4 ] DEBUG GameWorld            - Clearing removable entities
11:36:00.738 [FXGL Background Thread 4 ] DEBUG GameWorld            - Setting level: com.almasb.fxgl.entity.level.Level@16c2f27
11:36:00.853 [JavaFX Application Thread] DEBUG LoopRunner           - Stopping loop
11:36:00.856 [JavaFX Application Thread] FATAL FXGLApplication      - Uncaught Exception:
java.lang.RuntimeException: Initialization failed
	at com.almasb.fxgl.all@17+dev-SNAPSHOT/com.almasb.fxgl.app.FXGLApplication$InitAppTask.failed(FXGLApplication.kt:343)
	at javafx.graphics@18/javafx.concurrent.Task.setState(Task.java:710)
	at javafx.graphics@18/javafx.concurrent.Task$TaskCallable.lambda$call$2(Task.java:1456)
	at javafx.graphics@18/com.sun.javafx.application.PlatformImpl.lambda$runLater$10(PlatformImpl.java:457)
	at java.base/java.security.AccessController.doPrivileged(AccessController.java:399)
	at javafx.graphics@18/com.sun.javafx.application.PlatformImpl.lambda$runLater$11(PlatformImpl.java:456)
	at javafx.graphics@18/com.sun.glass.ui.InvokeLaterDispatcher$Future.run(InvokeLaterDispatcher.java:96)
	at javafx.graphics@18/com.sun.glass.ui.win.WinApplication._runLoop(Native Method)
	at javafx.graphics@18/com.sun.glass.ui.win.WinApplication.lambda$runLoop$3(WinApplication.java:184)
	at java.base/java.lang.Thread.run(Thread.java:833)
Caused by: java.lang.RuntimeException: A bound value cannot be set.
	at javafx.base@18/javafx.beans.property.DoublePropertyBase.set(DoublePropertyBase.java:144)
	at javafx.base@18/javafx.beans.property.DoubleProperty.setValue(DoubleProperty.java:78)
	at com.almasb.fxgl.entity@17+dev-SNAPSHOT/com.almasb.fxgl.entity.components.TransformComponent.setX(TransformComponent.kt:60)
	at com.almasb.fxgl.entity@17+dev-SNAPSHOT/com.almasb.fxgl.entity.Entity.setX(Entity.java:677)
	at mario.main/com.pioneer10.model.LivTerra.initGame(LivTerra.java:54)
	at com.almasb.fxgl.all@17+dev-SNAPSHOT/com.almasb.fxgl.app.FXGLApplication$InitAppTask.initGame(FXGLApplication.kt:339)
	at com.almasb.fxgl.all@17+dev-SNAPSHOT/com.almasb.fxgl.app.FXGLApplication$InitAppTask.call(FXGLApplication.kt:319)
	at com.almasb.fxgl.all@17+dev-SNAPSHOT/com.almasb.fxgl.app.FXGLApplication$InitAppTask.call(FXGLApplication.kt:311)
	at javafx.graphics@18/javafx.concurrent.Task$TaskCallable.call(Task.java:1426)
	at java.base/java.util.concurrent.FutureTask.run(FutureTask.java:264)
	at java.base/java.util.concurrent.Executors$RunnableAdapter.call(Executors.java:539)
	at java.base/java.util.concurrent.FutureTask.run(FutureTask.java:264)
	at java.base/java.util.concurrent.ThreadPoolExecutor.runWorker(ThreadPoolExecutor.java:1136)
	at java.base/java.util.concurrent.ThreadPoolExecutor$Worker.run(ThreadPoolExecutor.java:635)
	... 1 more

11:36:00.856 [JavaFX Application Thread] FATAL FXGLApplication      - Application will now exit
11:36:00.891 [JavaFX Application Thread] DEBUG PrimaryStageWindow   - Push state: ErrorSubScene
11:36:00.891 [JavaFX Application Thread] DEBUG Input                - Clearing active input actions
11:36:00.903 [JavaFX Application Thread] DEBUG GameApplicationServi - Removing overlay from FXGLLoadingScene and adding to ErrorSubScene
11:36:00.904 [JavaFX Application Thread] DEBUG PrimaryStageWindow   - FXGLLoadingScene -> ErrorSubScene
11:36:02.535 [FXGL Background Thread 3 ] DEBUG Engine               - Logging environment variables
11:36:02.536 [FXGL Background Thread 3 ] DEBUG Engine               - achievements: []
11:36:02.537 [FXGL Background Thread 3 ] DEBUG Engine               - actualHeight: 640.0
11:36:02.537 [FXGL Background Thread 3 ] DEBUG Engine               - actualHeightProperty: ReadOnlyDoubleProperty [value: 640.0]
11:36:02.538 [FXGL Background Thread 3 ] DEBUG Engine               - actualWidth: 1200.0
11:36:02.538 [FXGL Background Thread 3 ] DEBUG Engine               - actualWidthProperty: ReadOnlyDoubleProperty [value: 1200.0]
11:36:02.539 [FXGL Background Thread 3 ] DEBUG Engine               - appIcon: fxgl_icon.png
11:36:02.539 [FXGL Background Thread 3 ] DEBUG Engine               - applicationMode: DEVELOPER
11:36:02.539 [FXGL Background Thread 3 ] DEBUG Engine               - cSSList: [fxgl_dark.css]
11:36:02.539 [FXGL Background Thread 3 ] DEBUG Engine               - collisionDetectionStrategy: BRUTE_FORCE
11:36:02.540 [FXGL Background Thread 3 ] DEBUG Engine               - configClass: Optional.empty
11:36:02.540 [FXGL Background Thread 3 ] DEBUG Engine               - credits: []
11:36:02.541 [FXGL Background Thread 3 ] DEBUG Engine               - defaultCursor: CursorInfo(imageName=fxgl_default_cursor.png, hotspotX=7.0, hotspotY=6.0)
11:36:02.542 [FXGL Background Thread 3 ] DEBUG Engine               - devBBoxColorProperty: ObjectProperty [value: 0xff0000ff]
11:36:02.542 [FXGL Background Thread 3 ] DEBUG Engine               - devEnableDebugCameraProperty: BooleanProperty [value: false]
11:36:02.543 [FXGL Background Thread 3 ] DEBUG Engine               - devSensorColorProperty: ObjectProperty [value: 0xffff00ff]
11:36:02.543 [FXGL Background Thread 3 ] DEBUG Engine               - devShowBBoxProperty: BooleanProperty [value: false]
11:36:02.543 [FXGL Background Thread 3 ] DEBUG Engine               - devShowPositionProperty: BooleanProperty [value: false]
11:36:02.543 [FXGL Background Thread 3 ] DEBUG Engine               - enabledMenuItems: []
11:36:02.544 [FXGL Background Thread 3 ] DEBUG Engine               - engineServices: [class com.almasb.fxgl.app.services.FXGLAssetLoaderService, class com.almasb.fxgl.app.FXGLApplication$GameApplicationService, class com.almasb.fxgl.app.services.FXGLDialogService, class com.almasb.fxgl.app.services.IOTaskExecutorService, class com.almasb.fxgl.io.FileSystemService, class com.almasb.fxgl.localization.LocalizationService, class com.almasb.fxgl.app.services.SystemBundleService, class com.almasb.fxgl.profile.SaveLoadService, class com.almasb.fxgl.ui.FXGLUIFactoryServiceProvider, class com.almasb.fxgl.ui.FXGLDialogFactoryServiceProvider, class com.almasb.fxgl.audio.AudioPlayer, class com.almasb.fxgl.notification.impl.NotificationServiceProvider, class com.almasb.fxgl.achievement.AchievementService, class com.almasb.fxgl.cutscene.CutsceneService, class com.almasb.fxgl.minigames.MiniGameService, class com.almasb.fxgl.net.NetService, class com.almasb.fxgl.app.services.UpdaterService, class com.almasb.fxgl.dev.DevService]
11:36:02.544 [FXGL Background Thread 3 ] DEBUG Engine               - fontGame: Abel-Regular.ttf
11:36:02.544 [FXGL Background Thread 3 ] DEBUG Engine               - fontMono: TerminalLandMono-Regular.otf
11:36:02.544 [FXGL Background Thread 3 ] DEBUG Engine               - fontText: Courier-Prime.ttf
11:36:02.544 [FXGL Background Thread 3 ] DEBUG Engine               - fontUI: VarelaRound-Regular.ttf
11:36:02.544 [FXGL Background Thread 3 ] DEBUG Engine               - fullScreen: BooleanProperty [value: false]
11:36:02.545 [FXGL Background Thread 3 ] DEBUG Engine               - gameDifficulty: MEDIUM
11:36:02.545 [FXGL Background Thread 3 ] DEBUG Engine               - gameDifficultyProperty: ObjectProperty [value: MEDIUM]
11:36:02.545 [FXGL Background Thread 3 ] DEBUG Engine               - globalMusicVolume: 0.5
11:36:02.545 [FXGL Background Thread 3 ] DEBUG Engine               - globalMusicVolumeProperty: DoubleProperty [value: 0.25]
11:36:02.545 [FXGL Background Thread 3 ] DEBUG Engine               - globalSoundVolume: 0.5
11:36:02.546 [FXGL Background Thread 3 ] DEBUG Engine               - globalSoundVolumeProperty: DoubleProperty [value: 0.5]
11:36:02.546 [FXGL Background Thread 3 ] DEBUG Engine               - height: 640
11:36:02.546 [FXGL Background Thread 3 ] DEBUG Engine               - is3D: false
11:36:02.546 [FXGL Background Thread 3 ] DEBUG Engine               - isAndroid: false
11:36:02.547 [FXGL Background Thread 3 ] DEBUG Engine               - isBrowser: false
11:36:02.547 [FXGL Background Thread 3 ] DEBUG Engine               - isClickFeedbackEnabled: false
11:36:02.547 [FXGL Background Thread 3 ] DEBUG Engine               - isCloseConfirmation: false
11:36:02.548 [FXGL Background Thread 3 ] DEBUG Engine               - isDesktop: true
11:36:02.548 [FXGL Background Thread 3 ] DEBUG Engine               - isDeveloperMenuEnabled: false
11:36:02.548 [FXGL Background Thread 3 ] DEBUG Engine               - isEmbedded: false
11:36:02.548 [FXGL Background Thread 3 ] DEBUG Engine               - isEntityPreloadEnabled: true
11:36:02.549 [FXGL Background Thread 3 ] DEBUG Engine               - isExperimentalTiledLargeMap: false
11:36:02.549 [FXGL Background Thread 3 ] DEBUG Engine               - isFileSystemWriteAllowed: true
11:36:02.549 [FXGL Background Thread 3 ] DEBUG Engine               - isFullScreenAllowed: false
11:36:02.550 [FXGL Background Thread 3 ] DEBUG Engine               - isFullScreenFromStart: false
11:36:02.550 [FXGL Background Thread 3 ] DEBUG Engine               - isGameMenuEnabled: true
11:36:02.550 [FXGL Background Thread 3 ] DEBUG Engine               - isIOS: false
11:36:02.550 [FXGL Background Thread 3 ] DEBUG Engine               - isIntroEnabled: false
11:36:02.551 [FXGL Background Thread 3 ] DEBUG Engine               - isLinux: false
11:36:02.551 [FXGL Background Thread 3 ] DEBUG Engine               - isMac: false
11:36:02.551 [FXGL Background Thread 3 ] DEBUG Engine               - isMainMenuEnabled: false
11:36:02.551 [FXGL Background Thread 3 ] DEBUG Engine               - isManualResizeEnabled: false
11:36:02.552 [FXGL Background Thread 3 ] DEBUG Engine               - isMobile: false
11:36:02.552 [FXGL Background Thread 3 ] DEBUG Engine               - isNative: false
11:36:02.552 [FXGL Background Thread 3 ] DEBUG Engine               - isPauseMusicWhenMinimized: true
11:36:02.552 [FXGL Background Thread 3 ] DEBUG Engine               - isPreserveResizeRatio: false
11:36:02.552 [FXGL Background Thread 3 ] DEBUG Engine               - isProfilingEnabled: false
11:36:02.552 [FXGL Background Thread 3 ] DEBUG Engine               - isScaleAffectedOnResize: true
11:36:02.553 [FXGL Background Thread 3 ] DEBUG Engine               - isSingleStep: false
11:36:02.553 [FXGL Background Thread 3 ] DEBUG Engine               - isUserProfileEnabled: false
11:36:02.553 [FXGL Background Thread 3 ] DEBUG Engine               - isWindows: true
11:36:02.553 [FXGL Background Thread 3 ] DEBUG Engine               - language: ObjectProperty [value: ENGLISH]
11:36:02.553 [FXGL Background Thread 3 ] DEBUG Engine               - menuKey: ESCAPE
11:36:02.553 [FXGL Background Thread 3 ] DEBUG Engine               - mouseSensitivity: 0.2
11:36:02.554 [FXGL Background Thread 3 ] DEBUG Engine               - notificationViewClass: class com.almasb.fxgl.notification.view.XboxNotificationView
11:36:02.554 [FXGL Background Thread 3 ] DEBUG Engine               - pixelsPerMeter: 50.0
11:36:02.554 [FXGL Background Thread 3 ] DEBUG Engine               - platform: WINDOWS
11:36:02.554 [FXGL Background Thread 3 ] DEBUG Engine               - prefHeightProperty: ReadOnlyDoubleProperty [value: 640.0]
11:36:02.554 [FXGL Background Thread 3 ] DEBUG Engine               - prefWidthProperty: ReadOnlyDoubleProperty [value: 1200.0]
11:36:02.555 [FXGL Background Thread 3 ] DEBUG Engine               - profileDir: profiles/
11:36:02.555 [FXGL Background Thread 3 ] DEBUG Engine               - profileName: StringProperty [value: DEFAULT]
11:36:02.555 [FXGL Background Thread 3 ] DEBUG Engine               - randomSeed: -1
11:36:02.556 [FXGL Background Thread 3 ] DEBUG Engine               - runtimeInfo: RuntimeInfo(platform=WINDOWS, version=17+dev-SNAPSHOT, build=22.04.2022 11.52)
11:36:02.556 [FXGL Background Thread 3 ] DEBUG Engine               - saveFileExt: sav
11:36:02.556 [FXGL Background Thread 3 ] DEBUG Engine               - scaledHeightProp$fxgl: DoubleProperty [bound, value: 640.0]
11:36:02.556 [FXGL Background Thread 3 ] DEBUG Engine               - scaledWidthProp$fxgl: DoubleProperty [bound, value: 1200.0]
11:36:02.556 [FXGL Background Thread 3 ] DEBUG Engine               - sceneFactory: com.almasb.fxgl.app.scene.SceneFactory@3c9bc3fd
11:36:02.557 [FXGL Background Thread 3 ] DEBUG Engine               - secondsIn24h: 60
11:36:02.557 [FXGL Background Thread 3 ] DEBUG Engine               - soundMenuBack: menu/back.wav
11:36:02.557 [FXGL Background Thread 3 ] DEBUG Engine               - soundMenuPress: menu/press.wav
11:36:02.557 [FXGL Background Thread 3 ] DEBUG Engine               - soundMenuSelect: menu/select.wav
11:36:02.557 [FXGL Background Thread 3 ] DEBUG Engine               - soundNotification: core/notification.wav
11:36:02.557 [FXGL Background Thread 3 ] DEBUG Engine               - stageStyle: DECORATED
11:36:02.557 [FXGL Background Thread 3 ] DEBUG Engine               - supportedLanguages: [ENGLISH, FRENCH, GERMAN, HUNGARIAN, RUSSIAN]
11:36:02.558 [FXGL Background Thread 3 ] DEBUG Engine               - ticksPerSecond: -1
11:36:02.558 [FXGL Background Thread 3 ] DEBUG Engine               - title: Pioneer-10
Terra
11:36:02.558 [FXGL Background Thread 3 ] DEBUG Engine               - urlGithub: https://github.com/AlmasB/FXGL
11:36:02.558 [FXGL Background Thread 3 ] DEBUG Engine               - urlLeaderboard: http://fxgl-top.herokuapp.com/
11:36:02.558 [FXGL Background Thread 3 ] DEBUG Engine               - urlPOM: https://raw.githubusercontent.com/AlmasB/FXGL/release/README.md
11:36:02.558 [FXGL Background Thread 3 ] DEBUG Engine               - userAppClass: class com.pioneer10.model.LivTerra
11:36:02.558 [FXGL Background Thread 3 ] DEBUG Engine               - version: 0.0
11:36:02.558 [FXGL Background Thread 3 ] DEBUG Engine               - versionCheckDays: 7
11:36:02.558 [FXGL Background Thread 3 ] DEBUG Engine               - width: 1200
11:36:02.559 [FXGL Background Thread 3 ] DEBUG Engine               - Logging services
11:36:02.559 [FXGL Background Thread 3 ] DEBUG Engine               - class com.almasb.fxgl.app.services.FXGLAssetLoaderService
11:36:02.559 [FXGL Background Thread 3 ] DEBUG Engine               - class com.almasb.fxgl.app.FXGLApplication$GameApplicationService
11:36:02.559 [FXGL Background Thread 3 ] DEBUG Engine               - class com.almasb.fxgl.app.services.FXGLDialogService
11:36:02.559 [FXGL Background Thread 3 ] DEBUG Engine               - class com.almasb.fxgl.app.services.IOTaskExecutorService
11:36:02.559 [FXGL Background Thread 3 ] DEBUG Engine               - class com.almasb.fxgl.io.FileSystemService
11:36:02.559 [FXGL Background Thread 3 ] DEBUG Engine               - class com.almasb.fxgl.localization.LocalizationService
11:36:02.559 [FXGL Background Thread 3 ] DEBUG Engine               - class com.almasb.fxgl.app.services.SystemBundleService
11:36:02.560 [FXGL Background Thread 3 ] DEBUG Engine               - class com.almasb.fxgl.profile.SaveLoadService
11:36:02.560 [FXGL Background Thread 3 ] DEBUG Engine               - class com.almasb.fxgl.ui.FXGLUIFactoryServiceProvider
11:36:02.560 [FXGL Background Thread 3 ] DEBUG Engine               - class com.almasb.fxgl.ui.FXGLDialogFactoryServiceProvider
11:36:02.560 [FXGL Background Thread 3 ] DEBUG Engine               - class com.almasb.fxgl.audio.AudioPlayer
11:36:02.560 [FXGL Background Thread 3 ] DEBUG Engine               - class com.almasb.fxgl.notification.impl.NotificationServiceProvider
11:36:02.561 [FXGL Background Thread 3 ] DEBUG Engine               - class com.almasb.fxgl.achievement.AchievementService
11:36:02.561 [FXGL Background Thread 3 ] DEBUG Engine               - class com.almasb.fxgl.cutscene.CutsceneService
11:36:02.561 [FXGL Background Thread 3 ] DEBUG Engine               - class com.almasb.fxgl.minigames.MiniGameService
11:36:02.562 [FXGL Background Thread 3 ] DEBUG Engine               - class com.almasb.fxgl.net.NetService
11:36:02.562 [FXGL Background Thread 3 ] DEBUG Engine               - class com.almasb.fxgl.app.services.UpdaterService
11:36:02.563 [FXGL Background Thread 3 ] DEBUG Engine               - class com.almasb.fxgl.dev.DevService
11:36:03.564 [JavaFX Application Thread] DEBUG FXGLApplication      - Exiting FXGL
11:36:03.564 [JavaFX Application Thread] DEBUG Async                - Shutting down background threads
11:36:03.565 [JavaFX Application Thread] DEBUG PrimaryStageWindow   - Closing main window
11:36:03.609 [JavaFX Application Thread] DEBUG Logger               - Closing Logger
