11:31:27.176 [main                     ] DEBUG Logger               - Configured Logger
11:31:27.192 [main                     ] DEBUG GameApplication      - Logging settings
Title: Pioneer-10
Marte
Version: 0.0
Width: 1200
Height: 640
Fullscreen: false
Intro: false
Profiling: false
Single step:false
App Mode: DEVELOPER
Menu Key: ESCAPE
Stage Style: DECORATED
Scene Factory: class com.almasb.fxgl.app.scene.SceneFactory

11:31:27.578 [JavaFX Application Thread] DEBUG FXGLApplication      - Initializing FXGL
11:31:27.582 [JavaFX Application Thread] INFO  Engine               - FXGL-17+dev-SNAPSHOT (22.04.2022 11.52) on WINDOWS (J:18 FX:18)
11:31:27.582 [JavaFX Application Thread] DEBUG Engine               - JRE Vendor Name: Oracle Corporation
11:31:27.583 [JavaFX Application Thread] DEBUG Engine               - Running on OS: Windows 10 version 10.0
11:31:27.583 [JavaFX Application Thread] DEBUG Engine               - Architecture: amd64
11:31:27.583 [JavaFX Application Thread] INFO  Engine               - Source code and latest versions at: https://github.com/AlmasB/FXGL
11:31:27.583 [JavaFX Application Thread] INFO  Engine               -       Ask questions and discuss at: https://github.com/AlmasB/FXGL/discussions
11:31:27.583 [JavaFX Application Thread] INFO  Engine               -              Join the FXGL chat at: https://gitter.im/AlmasB/FXGL
11:31:27.634 [JavaFX Application Thread] DEBUG PrimaryStageWindow   - Creating a JavaFX scene
11:31:27.660 [JavaFX Application Thread] DEBUG PrimaryStageWindow   - Target settings size: 1200.0 x 640.0
11:31:27.660 [JavaFX Application Thread] DEBUG PrimaryStageWindow   - Scaled scene size:    1200.0 x 640.0
11:31:27.660 [JavaFX Application Thread] DEBUG PrimaryStageWindow   - Scaled ratio: (1.0, 1.0)
11:31:27.661 [JavaFX Application Thread] DEBUG PrimaryStageWindow   - Set initial scene to FXGLStartupScene
11:31:27.665 [JavaFX Application Thread] DEBUG PrimaryStageWindow   - Opening main window
11:31:27.763 [JavaFX Application Thread] DEBUG PrimaryStageWindow   - Window border size: (16.0, 39.0)
11:31:27.763 [JavaFX Application Thread] DEBUG PrimaryStageWindow   - Scaled size: 1200.0 x 640.0
11:31:27.763 [JavaFX Application Thread] DEBUG PrimaryStageWindow   - Scaled ratio: (1.0, 1.0)
11:31:27.763 [JavaFX Application Thread] DEBUG PrimaryStageWindow   - Scene size: 1200.0 x 640.0
11:31:27.763 [JavaFX Application Thread] DEBUG PrimaryStageWindow   - Stage size: 1216.0 x 679.0
11:31:27.767 [FXGL Background Thread 1 ] DEBUG Engine               - Initializing environment variables
11:31:27.795 [FXGL Background Thread 1 ] DEBUG FXGLAssetLoaderServi - User app class for loading assets: class com.pioneer10.model.LivNettuno
11:31:27.795 [FXGL Background Thread 1 ] DEBUG GameApplicationServi - Applying CSS: fxgl_dark.css
11:31:27.796 [FXGL Background Thread 1 ] DEBUG FXGLAssetLoaderServi - Loading from file system: jar:file:///C:/Users/mattu/.m2/repository/com/github/almasb/fxgl/17+dev-SNAPSHOT/fxgl-17+dev-20220422.115207-44.jar!/fxglassets/ui/css/fxgl_dark.css
11:31:27.827 [FXGL Background Thread 1 ] DEBUG GameApplicationServi - Initializing application scenes
11:31:27.850 [FXGL Background Thread 1 ] DEBUG GameWorld            - Game world initialized
11:31:27.888 [FXGL Background Thread 1 ] DEBUG PhysicsWorld         - Physics world initialized: appHeight=640, physics.ppm=50,0
11:31:27.888 [FXGL Background Thread 1 ] DEBUG PhysicsWorld         - Using strategy: BRUTE_FORCE
11:31:27.890 [FXGL Background Thread 1 ] DEBUG GameScene            - Game scene initialized: 1200x640
11:31:27.898 [FXGL Background Thread 1 ] DEBUG FXGL.DefaultMenu     - createMenuBodyGameMenu()
11:31:27.905 [FXGL Background Thread 1 ] DEBUG FXGL.DefaultMenu     - createOptionsMenu()
11:31:27.914 [FXGL Background Thread 1 ] DEBUG FXGLAssetLoaderServi - Loading from file system: jar:file:///C:/Users/mattu/.m2/repository/com/github/almasb/fxgl/17+dev-SNAPSHOT/fxgl-17+dev-20220422.115207-44.jar!/fxglassets/textures/particles/smoke.png
11:31:27.968 [FXGL Background Thread 1 ] DEBUG FXGLAssetLoaderServi - Loading from file system: jar:file:///C:/Users/mattu/.m2/repository/com/github/almasb/fxgl/17+dev-SNAPSHOT/fxgl-17+dev-20220422.115207-44.jar!/fxglassets/textures/particles/trace_horizontal.png
11:31:27.987 [FXGL Background Thread 1 ] DEBUG GameApplicationServi - Application scenes initialized
11:31:27.994 [FXGL Background Thread 1 ] DEBUG SystemBundleService  - Loading FXGL system data
11:31:27.996 [FXGL Background Thread 1 ] DEBUG FileSystemAccess     - Reading from: D:\FERMI-FEDE\4BIF_2021-2022\Informatica\Giochi\Pioneer-10\system\fxgl.bundle
11:31:28.001 [FXGL Background Thread 1 ] DEBUG SystemBundleService  - Bundle FXGL: {}
11:31:28.002 [FXGL Background Thread 1 ] DEBUG UpdaterService       - Checking for updates
11:31:28.004 [FXGL Background Thread 4 ] DEBUG FXGLApplication      - Loading fonts
11:31:28.004 [FXGL Background Thread 1 ] DEBUG FXGLApplication      - Loading default localization
11:31:28.004 [FXGL Background Thread 4 ] DEBUG FXGLAssetLoaderServi - Loading from file system: jar:file:///C:/Users/mattu/.m2/repository/com/github/almasb/fxgl/17+dev-SNAPSHOT/fxgl-17+dev-20220422.115207-44.jar!/fxglassets/ui/fonts/VarelaRound-Regular.ttf
11:31:28.004 [FXGL Background Thread 1 ] DEBUG FXGLAssetLoaderServi - Loading from file system: jar:file:///C:/Users/mattu/.m2/repository/com/github/almasb/fxgl/17+dev-SNAPSHOT/fxgl-17+dev-20220422.115207-44.jar!/fxglassets/languages/english.lang
11:31:28.016 [FXGL Background Thread 1 ] INFO  FXGLApplication      - FXGL initialization took: 0,248 sec
11:31:28.021 [JavaFX Application Thread] DEBUG Input                - Registered new binding: Left - A
11:31:28.021 [JavaFX Application Thread] DEBUG Input                - Registered new binding: Right - D
11:31:28.021 [JavaFX Application Thread] DEBUG Input                - Registered new binding: Jump - Space
11:31:28.022 [JavaFX Application Thread] DEBUG FXGLAssetLoaderServi - Loading from file system: jar:file:///C:/Users/mattu/.m2/repository/com/github/almasb/fxgl/17+dev-SNAPSHOT/fxgl-17+dev-20220422.115207-44.jar!/fxglassets/textures/fxgl_icon.png
11:31:28.035 [JavaFX Application Thread] DEBUG FXGLAssetLoaderServi - Loading from file system: jar:file:///C:/Users/mattu/.m2/repository/com/github/almasb/fxgl/17+dev-SNAPSHOT/fxgl-17+dev-20220422.115207-44.jar!/fxglassets/textures/fxgl_default_cursor.png
11:31:28.036 [JavaFX Application Thread] DEBUG Input                - Registered new binding: Screenshot - CTRL+8
11:31:28.037 [JavaFX Application Thread] DEBUG Input                - Registered new binding: System info dump - CTRL+9
11:31:28.037 [JavaFX Application Thread] DEBUG Input                - Registered new binding: Restart - CTRL+R
11:31:28.037 [JavaFX Application Thread] DEBUG Input                - Registered new binding: Toggle Debug Camera - CTRL+7
11:31:28.038 [FXGL Background Thread 4 ] DEBUG FXGLAssetLoaderServi - Loading from file system: jar:file:///C:/Users/mattu/.m2/repository/com/github/almasb/fxgl/17+dev-SNAPSHOT/fxgl-17+dev-20220422.115207-44.jar!/fxglassets/ui/fonts/Abel-Regular.ttf
11:31:28.039 [JavaFX Application Thread] DEBUG LoopRunner           - Starting loop
11:31:28.039 [JavaFX Application Thread] DEBUG LoopRunner           - Initializing JavaFX AnimationTimerLoop
11:31:28.039 [JavaFX Application Thread] DEBUG GameApplicationServi - Starting new game
11:31:28.040 [JavaFX Application Thread] DEBUG Input                - Clearing active input actions
11:31:28.040 [FXGL Background Thread 4 ] DEBUG FXGLAssetLoaderServi - Loading from file system: jar:file:///C:/Users/mattu/.m2/repository/com/github/almasb/fxgl/17+dev-SNAPSHOT/fxgl-17+dev-20220422.115207-44.jar!/fxglassets/ui/fonts/TerminalLandMono-Regular.otf
11:31:28.042 [FXGL Background Thread 4 ] DEBUG FXGLAssetLoaderServi - Loading from file system: jar:file:///C:/Users/mattu/.m2/repository/com/github/almasb/fxgl/17+dev-SNAPSHOT/fxgl-17+dev-20220422.115207-44.jar!/fxglassets/ui/fonts/Courier-Prime.ttf
11:31:28.050 [JavaFX Application Thread] DEBUG GameApplicationServi - Removing overlay from FXGLStartupScene and adding to FXGLLoadingScene
11:31:28.050 [JavaFX Application Thread] DEBUG PrimaryStageWindow   - FXGLStartupScene -> FXGLLoadingScene
11:31:28.051 [JavaFX Application Thread] DEBUG GameApplicationServi - Clearing previous game
11:31:28.051 [JavaFX Application Thread] DEBUG GameScene            - Clearing game scene
11:31:28.051 [JavaFX Application Thread] DEBUG GameWorld            - Clearing game world
11:31:28.051 [JavaFX Application Thread] DEBUG PhysicsWorld         - Clearing physics world
11:31:28.052 [JavaFX Application Thread] DEBUG FXGLApplication      - Registering font factories with UI factory
11:31:28.052 [FXGL Background Thread 4 ] DEBUG FXGLApplication      - Initializing game
11:31:28.087 [FXGL Background Thread 4 ] WARN  TMXLevelLoader       - TiledMap generated from 1.8.4. Supported version: 1.4.2. Some features may not be parsed fully.
11:31:28.116 [FXGL Background Thread 4 ] DEBUG TMXLevelLoader       - Parsed TiledMap: file:/D:/FERMI-FEDE/4BIF_2021-2022/Informatica/Giochi/Pioneer-10/target/classes/assets/levels/Nettuno/Nettuno.tmx
11:31:28.116 [FXGL Background Thread 4 ] DEBUG TMXLevelLoader       - Creating tile layer entities
11:31:28.117 [FXGL Background Thread 4 ] DEBUG TilesetLoader        - Loading view for layer Livello tile 2
11:31:28.121 [FXGL Background Thread 4 ] DEBUG TilesetLoader        - Created buffer with size 5760.0x640.0
11:31:28.160 [FXGL Background Thread 4 ] DEBUG TilesetLoader        - Loading view for layer Livello tile 1
11:31:28.165 [FXGL Background Thread 4 ] DEBUG TilesetLoader        - Created buffer with size 5760.0x640.0
11:31:28.179 [FXGL Background Thread 4 ] DEBUG TMXLevelLoader       - Creating object layer entities
11:31:28.210 [FXGL Background Thread 4 ] DEBUG GameWorld            - Clearing removable entities
11:31:28.210 [FXGL Background Thread 4 ] DEBUG GameWorld            - Setting level: com.almasb.fxgl.entity.level.Level@50ebd4ed
11:31:28.217 [FXGL Background Thread 4 ] INFO  FXGLApplication      - Game initialization took: 0,165 sec
11:31:28.225 [JavaFX Application Thread] DEBUG Input                - Clearing active input actions
11:31:28.231 [JavaFX Application Thread] DEBUG GameApplicationServi - Removing overlay from FXGLLoadingScene and adding to GameScene
11:31:28.231 [JavaFX Application Thread] DEBUG PrimaryStageWindow   - FXGLLoadingScene -> GameScene
11:31:28.277 [FXGL Background Thread 2 ] INFO  UpdaterService       - Your current version:  17+dev-SNAPSHOT
11:31:28.277 [FXGL Background Thread 2 ] INFO  UpdaterService       - Latest stable version: 17.1
11:31:31.004 [FXGL Background Thread 3 ] DEBUG Engine               - Logging environment variables
11:31:31.004 [FXGL Background Thread 3 ] DEBUG Engine               - achievements: []
11:31:31.004 [FXGL Background Thread 3 ] DEBUG Engine               - actualHeight: 640.0
11:31:31.004 [FXGL Background Thread 3 ] DEBUG Engine               - actualHeightProperty: ReadOnlyDoubleProperty [value: 640.0]
11:31:31.004 [FXGL Background Thread 3 ] DEBUG Engine               - actualWidth: 1200.0
11:31:31.004 [FXGL Background Thread 3 ] DEBUG Engine               - actualWidthProperty: ReadOnlyDoubleProperty [value: 1200.0]
11:31:31.004 [FXGL Background Thread 3 ] DEBUG Engine               - appIcon: fxgl_icon.png
11:31:31.004 [FXGL Background Thread 3 ] DEBUG Engine               - applicationMode: DEVELOPER
11:31:31.005 [FXGL Background Thread 3 ] DEBUG Engine               - cSSList: [fxgl_dark.css]
11:31:31.005 [FXGL Background Thread 3 ] DEBUG Engine               - collisionDetectionStrategy: BRUTE_FORCE
11:31:31.005 [FXGL Background Thread 3 ] DEBUG Engine               - configClass: Optional.empty
11:31:31.005 [FXGL Background Thread 3 ] DEBUG Engine               - credits: []
11:31:31.006 [FXGL Background Thread 3 ] DEBUG Engine               - defaultCursor: CursorInfo(imageName=fxgl_default_cursor.png, hotspotX=7.0, hotspotY=6.0)
11:31:31.006 [FXGL Background Thread 3 ] DEBUG Engine               - devBBoxColorProperty: ObjectProperty [value: 0xff0000ff]
11:31:31.006 [FXGL Background Thread 3 ] DEBUG Engine               - devEnableDebugCameraProperty: BooleanProperty [value: false]
11:31:31.006 [FXGL Background Thread 3 ] DEBUG Engine               - devSensorColorProperty: ObjectProperty [value: 0xffff00ff]
11:31:31.006 [FXGL Background Thread 3 ] DEBUG Engine               - devShowBBoxProperty: BooleanProperty [value: false]
11:31:31.006 [FXGL Background Thread 3 ] DEBUG Engine               - devShowPositionProperty: BooleanProperty [value: false]
11:31:31.006 [FXGL Background Thread 3 ] DEBUG Engine               - enabledMenuItems: []
11:31:31.006 [FXGL Background Thread 3 ] DEBUG Engine               - engineServices: [class com.almasb.fxgl.app.services.FXGLAssetLoaderService, class com.almasb.fxgl.app.FXGLApplication$GameApplicationService, class com.almasb.fxgl.app.services.FXGLDialogService, class com.almasb.fxgl.app.services.IOTaskExecutorService, class com.almasb.fxgl.io.FileSystemService, class com.almasb.fxgl.localization.LocalizationService, class com.almasb.fxgl.app.services.SystemBundleService, class com.almasb.fxgl.profile.SaveLoadService, class com.almasb.fxgl.ui.FXGLUIFactoryServiceProvider, class com.almasb.fxgl.ui.FXGLDialogFactoryServiceProvider, class com.almasb.fxgl.audio.AudioPlayer, class com.almasb.fxgl.notification.impl.NotificationServiceProvider, class com.almasb.fxgl.achievement.AchievementService, class com.almasb.fxgl.cutscene.CutsceneService, class com.almasb.fxgl.minigames.MiniGameService, class com.almasb.fxgl.net.NetService, class com.almasb.fxgl.app.services.UpdaterService, class com.almasb.fxgl.dev.DevService]
11:31:31.006 [FXGL Background Thread 3 ] DEBUG Engine               - fontGame: Abel-Regular.ttf
11:31:31.006 [FXGL Background Thread 3 ] DEBUG Engine               - fontMono: TerminalLandMono-Regular.otf
11:31:31.006 [FXGL Background Thread 3 ] DEBUG Engine               - fontText: Courier-Prime.ttf
11:31:31.006 [FXGL Background Thread 3 ] DEBUG Engine               - fontUI: VarelaRound-Regular.ttf
11:31:31.006 [FXGL Background Thread 3 ] DEBUG Engine               - fullScreen: BooleanProperty [value: false]
11:31:31.006 [FXGL Background Thread 3 ] DEBUG Engine               - gameDifficulty: MEDIUM
11:31:31.006 [FXGL Background Thread 3 ] DEBUG Engine               - gameDifficultyProperty: ObjectProperty [value: MEDIUM]
11:31:31.006 [FXGL Background Thread 3 ] DEBUG Engine               - globalMusicVolume: 0.5
11:31:31.006 [FXGL Background Thread 3 ] DEBUG Engine               - globalMusicVolumeProperty: DoubleProperty [value: 0.5]
11:31:31.006 [FXGL Background Thread 3 ] DEBUG Engine               - globalSoundVolume: 0.5
11:31:31.006 [FXGL Background Thread 3 ] DEBUG Engine               - globalSoundVolumeProperty: DoubleProperty [value: 0.5]
11:31:31.006 [FXGL Background Thread 3 ] DEBUG Engine               - height: 640
11:31:31.007 [FXGL Background Thread 3 ] DEBUG Engine               - is3D: false
11:31:31.007 [FXGL Background Thread 3 ] DEBUG Engine               - isAndroid: false
11:31:31.007 [FXGL Background Thread 3 ] DEBUG Engine               - isBrowser: false
11:31:31.007 [FXGL Background Thread 3 ] DEBUG Engine               - isClickFeedbackEnabled: false
11:31:31.007 [FXGL Background Thread 3 ] DEBUG Engine               - isCloseConfirmation: false
11:31:31.007 [FXGL Background Thread 3 ] DEBUG Engine               - isDesktop: true
11:31:31.007 [FXGL Background Thread 3 ] DEBUG Engine               - isDeveloperMenuEnabled: false
11:31:31.007 [FXGL Background Thread 3 ] DEBUG Engine               - isEmbedded: false
11:31:31.007 [FXGL Background Thread 3 ] DEBUG Engine               - isEntityPreloadEnabled: true
11:31:31.007 [FXGL Background Thread 3 ] DEBUG Engine               - isExperimentalTiledLargeMap: false
11:31:31.007 [FXGL Background Thread 3 ] DEBUG Engine               - isFileSystemWriteAllowed: true
11:31:31.007 [FXGL Background Thread 3 ] DEBUG Engine               - isFullScreenAllowed: false
11:31:31.007 [FXGL Background Thread 3 ] DEBUG Engine               - isFullScreenFromStart: false
11:31:31.007 [FXGL Background Thread 3 ] DEBUG Engine               - isGameMenuEnabled: true
11:31:31.007 [FXGL Background Thread 3 ] DEBUG Engine               - isIOS: false
11:31:31.007 [FXGL Background Thread 3 ] DEBUG Engine               - isIntroEnabled: false
11:31:31.007 [FXGL Background Thread 3 ] DEBUG Engine               - isLinux: false
11:31:31.007 [FXGL Background Thread 3 ] DEBUG Engine               - isMac: false
11:31:31.007 [FXGL Background Thread 3 ] DEBUG Engine               - isMainMenuEnabled: false
11:31:31.007 [FXGL Background Thread 3 ] DEBUG Engine               - isManualResizeEnabled: false
11:31:31.007 [FXGL Background Thread 3 ] DEBUG Engine               - isMobile: false
11:31:31.007 [FXGL Background Thread 3 ] DEBUG Engine               - isNative: false
11:31:31.007 [FXGL Background Thread 3 ] DEBUG Engine               - isPauseMusicWhenMinimized: true
11:31:31.007 [FXGL Background Thread 3 ] DEBUG Engine               - isPreserveResizeRatio: false
11:31:31.007 [FXGL Background Thread 3 ] DEBUG Engine               - isProfilingEnabled: false
11:31:31.007 [FXGL Background Thread 3 ] DEBUG Engine               - isScaleAffectedOnResize: true
11:31:31.007 [FXGL Background Thread 3 ] DEBUG Engine               - isSingleStep: false
11:31:31.007 [FXGL Background Thread 3 ] DEBUG Engine               - isUserProfileEnabled: false
11:31:31.007 [FXGL Background Thread 3 ] DEBUG Engine               - isWindows: true
11:31:31.007 [FXGL Background Thread 3 ] DEBUG Engine               - language: ObjectProperty [value: ENGLISH]
11:31:31.007 [FXGL Background Thread 3 ] DEBUG Engine               - menuKey: ESCAPE
11:31:31.007 [FXGL Background Thread 3 ] DEBUG Engine               - mouseSensitivity: 0.2
11:31:31.007 [FXGL Background Thread 3 ] DEBUG Engine               - notificationViewClass: class com.almasb.fxgl.notification.view.XboxNotificationView
11:31:31.007 [FXGL Background Thread 3 ] DEBUG Engine               - pixelsPerMeter: 50.0
11:31:31.007 [FXGL Background Thread 3 ] DEBUG Engine               - platform: WINDOWS
11:31:31.007 [FXGL Background Thread 3 ] DEBUG Engine               - prefHeightProperty: ReadOnlyDoubleProperty [value: 640.0]
11:31:31.007 [FXGL Background Thread 3 ] DEBUG Engine               - prefWidthProperty: ReadOnlyDoubleProperty [value: 1200.0]
11:31:31.007 [FXGL Background Thread 3 ] DEBUG Engine               - profileDir: profiles/
11:31:31.008 [FXGL Background Thread 3 ] DEBUG Engine               - profileName: StringProperty [value: DEFAULT]
11:31:31.008 [FXGL Background Thread 3 ] DEBUG Engine               - randomSeed: -1
11:31:31.008 [FXGL Background Thread 3 ] DEBUG Engine               - runtimeInfo: RuntimeInfo(platform=WINDOWS, version=17+dev-SNAPSHOT, build=22.04.2022 11.52)
11:31:31.008 [FXGL Background Thread 3 ] DEBUG Engine               - saveFileExt: sav
11:31:31.008 [FXGL Background Thread 3 ] DEBUG Engine               - scaledHeightProp$fxgl: DoubleProperty [bound, value: 640.0]
11:31:31.008 [FXGL Background Thread 3 ] DEBUG Engine               - scaledWidthProp$fxgl: DoubleProperty [bound, value: 1200.0]
11:31:31.008 [FXGL Background Thread 3 ] DEBUG Engine               - sceneFactory: com.almasb.fxgl.app.scene.SceneFactory@21cfcfe8
11:31:31.008 [FXGL Background Thread 3 ] DEBUG Engine               - secondsIn24h: 60
11:31:31.008 [FXGL Background Thread 3 ] DEBUG Engine               - soundMenuBack: menu/back.wav
11:31:31.008 [FXGL Background Thread 3 ] DEBUG Engine               - soundMenuPress: menu/press.wav
11:31:31.008 [FXGL Background Thread 3 ] DEBUG Engine               - soundMenuSelect: menu/select.wav
11:31:31.008 [FXGL Background Thread 3 ] DEBUG Engine               - soundNotification: core/notification.wav
11:31:31.008 [FXGL Background Thread 3 ] DEBUG Engine               - stageStyle: DECORATED
11:31:31.008 [FXGL Background Thread 3 ] DEBUG Engine               - supportedLanguages: [ENGLISH, FRENCH, GERMAN, HUNGARIAN, RUSSIAN]
11:31:31.008 [FXGL Background Thread 3 ] DEBUG Engine               - ticksPerSecond: -1
11:31:31.008 [FXGL Background Thread 3 ] DEBUG Engine               - title: Pioneer-10
Marte
11:31:31.008 [FXGL Background Thread 3 ] DEBUG Engine               - urlGithub: https://github.com/AlmasB/FXGL
11:31:31.008 [FXGL Background Thread 3 ] DEBUG Engine               - urlLeaderboard: http://fxgl-top.herokuapp.com/
11:31:31.008 [FXGL Background Thread 3 ] DEBUG Engine               - urlPOM: https://raw.githubusercontent.com/AlmasB/FXGL/release/README.md
11:31:31.008 [FXGL Background Thread 3 ] DEBUG Engine               - userAppClass: class com.pioneer10.model.LivNettuno
11:31:31.008 [FXGL Background Thread 3 ] DEBUG Engine               - version: 0.0
11:31:31.008 [FXGL Background Thread 3 ] DEBUG Engine               - versionCheckDays: 7
11:31:31.008 [FXGL Background Thread 3 ] DEBUG Engine               - width: 1200
11:31:31.008 [FXGL Background Thread 3 ] DEBUG Engine               - Logging services
11:31:31.008 [FXGL Background Thread 3 ] DEBUG Engine               - class com.almasb.fxgl.app.services.FXGLAssetLoaderService
11:31:31.008 [FXGL Background Thread 3 ] DEBUG Engine               - class com.almasb.fxgl.app.FXGLApplication$GameApplicationService
11:31:31.008 [FXGL Background Thread 3 ] DEBUG Engine               - class com.almasb.fxgl.app.services.FXGLDialogService
11:31:31.008 [FXGL Background Thread 3 ] DEBUG Engine               - class com.almasb.fxgl.app.services.IOTaskExecutorService
11:31:31.008 [FXGL Background Thread 3 ] DEBUG Engine               - class com.almasb.fxgl.io.FileSystemService
11:31:31.008 [FXGL Background Thread 3 ] DEBUG Engine               - class com.almasb.fxgl.localization.LocalizationService
11:31:31.008 [FXGL Background Thread 3 ] DEBUG Engine               - class com.almasb.fxgl.app.services.SystemBundleService
11:31:31.008 [FXGL Background Thread 3 ] DEBUG Engine               - class com.almasb.fxgl.profile.SaveLoadService
11:31:31.008 [FXGL Background Thread 3 ] DEBUG Engine               - class com.almasb.fxgl.ui.FXGLUIFactoryServiceProvider
11:31:31.008 [FXGL Background Thread 3 ] DEBUG Engine               - class com.almasb.fxgl.ui.FXGLDialogFactoryServiceProvider
11:31:31.008 [FXGL Background Thread 3 ] DEBUG Engine               - class com.almasb.fxgl.audio.AudioPlayer
11:31:31.008 [FXGL Background Thread 3 ] DEBUG Engine               - class com.almasb.fxgl.notification.impl.NotificationServiceProvider
11:31:31.008 [FXGL Background Thread 3 ] DEBUG Engine               - class com.almasb.fxgl.achievement.AchievementService
11:31:31.008 [FXGL Background Thread 3 ] DEBUG Engine               - class com.almasb.fxgl.cutscene.CutsceneService
11:31:31.009 [FXGL Background Thread 3 ] DEBUG Engine               - class com.almasb.fxgl.minigames.MiniGameService
11:31:31.009 [FXGL Background Thread 3 ] DEBUG Engine               - class com.almasb.fxgl.net.NetService
11:31:31.009 [FXGL Background Thread 3 ] DEBUG Engine               - class com.almasb.fxgl.app.services.UpdaterService
11:31:31.009 [FXGL Background Thread 3 ] DEBUG Engine               - class com.almasb.fxgl.dev.DevService
11:31:45.588 [JavaFX Application Thread] DEBUG PrimaryStageWindow   - Push state: DialogSubScene
11:31:45.589 [JavaFX Application Thread] DEBUG Input                - Clearing active input actions
11:31:45.590 [JavaFX Application Thread] DEBUG GameApplicationServi - Removing overlay from GameScene and adding to DialogSubScene
11:31:45.590 [JavaFX Application Thread] DEBUG PrimaryStageWindow   - GameScene -> DialogSubScene
11:31:46.686 [JavaFX Application Thread] DEBUG PrimaryStageWindow   - Pop state: DialogSubScene
11:31:46.686 [JavaFX Application Thread] DEBUG Input                - Clearing active input actions
11:31:46.687 [JavaFX Application Thread] DEBUG GameApplicationServi - Removing overlay from DialogSubScene and adding to GameScene
11:31:46.687 [JavaFX Application Thread] DEBUG PrimaryStageWindow   - GameScene <- DialogSubScene
11:31:46.692 [JavaFX Application Thread] DEBUG PrimaryStageWindow   - Push state: DialogSubScene
11:31:46.692 [JavaFX Application Thread] DEBUG Input                - Clearing active input actions
11:31:46.692 [JavaFX Application Thread] DEBUG GameApplicationServi - Removing overlay from GameScene and adding to DialogSubScene
11:31:46.692 [JavaFX Application Thread] DEBUG PrimaryStageWindow   - GameScene -> DialogSubScene
11:31:47.727 [JavaFX Application Thread] DEBUG PrimaryStageWindow   - Pop state: DialogSubScene
11:31:47.727 [JavaFX Application Thread] DEBUG Input                - Clearing active input actions
11:31:47.728 [JavaFX Application Thread] DEBUG GameApplicationServi - Removing overlay from DialogSubScene and adding to GameScene
11:31:47.728 [JavaFX Application Thread] DEBUG PrimaryStageWindow   - GameScene <- DialogSubScene
11:31:47.732 [JavaFX Application Thread] DEBUG PrimaryStageWindow   - Push state: DialogSubScene
11:31:47.732 [JavaFX Application Thread] DEBUG Input                - Clearing active input actions
11:31:47.732 [JavaFX Application Thread] DEBUG GameApplicationServi - Removing overlay from GameScene and adding to DialogSubScene
11:31:47.732 [JavaFX Application Thread] DEBUG PrimaryStageWindow   - GameScene -> DialogSubScene
11:31:48.702 [JavaFX Application Thread] DEBUG PrimaryStageWindow   - Pop state: DialogSubScene
11:31:48.702 [JavaFX Application Thread] DEBUG Input                - Clearing active input actions
11:31:48.703 [JavaFX Application Thread] DEBUG GameApplicationServi - Removing overlay from DialogSubScene and adding to GameScene
11:31:48.703 [JavaFX Application Thread] DEBUG PrimaryStageWindow   - GameScene <- DialogSubScene
11:31:48.708 [JavaFX Application Thread] DEBUG PrimaryStageWindow   - Push state: DialogSubScene
11:31:48.708 [JavaFX Application Thread] DEBUG Input                - Clearing active input actions
11:31:48.708 [JavaFX Application Thread] DEBUG GameApplicationServi - Removing overlay from GameScene and adding to DialogSubScene
11:31:48.708 [JavaFX Application Thread] DEBUG PrimaryStageWindow   - GameScene -> DialogSubScene
11:31:48.882 [JavaFX Application Thread] DEBUG PrimaryStageWindow   - Pop state: DialogSubScene
11:31:48.882 [JavaFX Application Thread] DEBUG Input                - Clearing active input actions
11:31:48.882 [JavaFX Application Thread] DEBUG GameApplicationServi - Removing overlay from DialogSubScene and adding to GameScene
11:31:48.882 [JavaFX Application Thread] DEBUG PrimaryStageWindow   - GameScene <- DialogSubScene
11:31:48.884 [JavaFX Application Thread] DEBUG PrimaryStageWindow   - Push state: DialogSubScene
11:31:48.884 [JavaFX Application Thread] DEBUG Input                - Clearing active input actions
11:31:48.884 [JavaFX Application Thread] DEBUG GameApplicationServi - Removing overlay from GameScene and adding to DialogSubScene
11:31:48.884 [JavaFX Application Thread] DEBUG PrimaryStageWindow   - GameScene -> DialogSubScene
11:31:49.062 [JavaFX Application Thread] DEBUG PrimaryStageWindow   - Pop state: DialogSubScene
11:31:49.062 [JavaFX Application Thread] DEBUG Input                - Clearing active input actions
11:31:49.063 [JavaFX Application Thread] DEBUG GameApplicationServi - Removing overlay from DialogSubScene and adding to GameScene
11:31:49.063 [JavaFX Application Thread] DEBUG PrimaryStageWindow   - GameScene <- DialogSubScene
11:31:49.076 [JavaFX Application Thread] DEBUG PrimaryStageWindow   - Push state: DialogSubScene
11:31:49.076 [JavaFX Application Thread] DEBUG Input                - Clearing active input actions
11:31:49.076 [JavaFX Application Thread] DEBUG GameApplicationServi - Removing overlay from GameScene and adding to DialogSubScene
11:31:49.076 [JavaFX Application Thread] DEBUG PrimaryStageWindow   - GameScene -> DialogSubScene
11:31:49.244 [JavaFX Application Thread] DEBUG PrimaryStageWindow   - Pop state: DialogSubScene
11:31:49.244 [JavaFX Application Thread] DEBUG Input                - Clearing active input actions
11:31:49.244 [JavaFX Application Thread] DEBUG GameApplicationServi - Removing overlay from DialogSubScene and adding to GameScene
11:31:49.244 [JavaFX Application Thread] DEBUG PrimaryStageWindow   - GameScene <- DialogSubScene
11:31:49.252 [JavaFX Application Thread] DEBUG PrimaryStageWindow   - Push state: DialogSubScene
11:31:49.252 [JavaFX Application Thread] DEBUG Input                - Clearing active input actions
11:31:49.252 [JavaFX Application Thread] DEBUG GameApplicationServi - Removing overlay from GameScene and adding to DialogSubScene
11:31:49.252 [JavaFX Application Thread] DEBUG PrimaryStageWindow   - GameScene -> DialogSubScene
11:31:50.150 [JavaFX Application Thread] DEBUG FXGLApplication      - Exiting FXGL
11:31:50.150 [JavaFX Application Thread] DEBUG LoopRunner           - Stopping loop
11:31:50.150 [JavaFX Application Thread] DEBUG SystemBundleService  - Saving FXGL system data
11:31:50.151 [JavaFX Application Thread] DEBUG FileSystemAccess     - Writing to: D:\FERMI-FEDE\4BIF_2021-2022\Informatica\Giochi\Pioneer-10\system\fxgl.bundle
11:31:50.153 [JavaFX Application Thread] DEBUG Async                - Shutting down background threads
11:31:50.153 [JavaFX Application Thread] DEBUG PrimaryStageWindow   - Closing main window
11:31:50.159 [JavaFX Application Thread] DEBUG Logger               - Closing Logger
