21:53:03.381 [main                     ] DEBUG Logger               - Configured Logger
21:53:03.400 [main                     ] DEBUG GameApplication      - Logging settings
Title: Untitled
Version: 0.0
Width: 1120
Height: 320
Fullscreen: false
Intro: false
Profiling: false
Single step:false
App Mode: DEVELOPER
Menu Key: ESCAPE
Stage Style: DECORATED
Scene Factory: class com.pioneer10.model.PlatformerApp$1

21:53:03.829 [JavaFX Application Thread] DEBUG FXGLApplication      - Initializing FXGL
21:53:03.833 [JavaFX Application Thread] INFO  Engine               - FXGL-17+dev-SNAPSHOT (22.04.2022 11.52) on WINDOWS (J:17.0.1 FX:18)
21:53:03.833 [JavaFX Application Thread] DEBUG Engine               - JRE Vendor Name: Oracle Corporation
21:53:03.833 [JavaFX Application Thread] DEBUG Engine               - Running on OS: Windows 10 version 10.0
21:53:03.834 [JavaFX Application Thread] DEBUG Engine               - Architecture: amd64
21:53:03.834 [JavaFX Application Thread] INFO  Engine               - Source code and latest versions at: https://github.com/AlmasB/FXGL
21:53:03.834 [JavaFX Application Thread] INFO  Engine               -       Ask questions and discuss at: https://github.com/AlmasB/FXGL/discussions
21:53:03.834 [JavaFX Application Thread] INFO  Engine               -              Join the FXGL chat at: https://gitter.im/AlmasB/FXGL
21:53:03.894 [JavaFX Application Thread] DEBUG PrimaryStageWindow   - Creating a JavaFX scene
21:53:03.924 [JavaFX Application Thread] DEBUG PrimaryStageWindow   - Target settings size: 1120.0 x 320.0
21:53:03.924 [JavaFX Application Thread] DEBUG PrimaryStageWindow   - Scaled scene size:    1120.0 x 320.0
21:53:03.924 [JavaFX Application Thread] DEBUG PrimaryStageWindow   - Scaled ratio: (1.0, 1.0)
21:53:03.925 [JavaFX Application Thread] DEBUG PrimaryStageWindow   - Set initial scene to FXGLStartupScene
21:53:03.929 [JavaFX Application Thread] DEBUG PrimaryStageWindow   - Opening main window
21:53:04.060 [JavaFX Application Thread] DEBUG PrimaryStageWindow   - Window border size: (16.0, 39.0)
21:53:04.060 [JavaFX Application Thread] DEBUG PrimaryStageWindow   - Scaled size: 1120.0 x 320.0
21:53:04.061 [JavaFX Application Thread] DEBUG PrimaryStageWindow   - Scaled ratio: (1.0, 1.0)
21:53:04.061 [JavaFX Application Thread] DEBUG PrimaryStageWindow   - Scene size: 1120.0 x 320.0
21:53:04.061 [JavaFX Application Thread] DEBUG PrimaryStageWindow   - Stage size: 1136.0 x 359.0
21:53:04.066 [FXGL Background Thread 1 ] DEBUG Engine               - Initializing environment variables
21:53:04.097 [FXGL Background Thread 1 ] DEBUG FXGLAssetLoaderServi - User app class for loading assets: class com.pioneer10.model.PlatformerApp
21:53:04.097 [FXGL Background Thread 1 ] DEBUG GameApplicationServi - Applying CSS: fxgl_dark.css
21:53:04.098 [FXGL Background Thread 1 ] DEBUG FXGLAssetLoaderServi - Loading from file system: jar:file:///C:/Users/mattu/.m2/repository/com/github/almasb/fxgl/17+dev-SNAPSHOT/fxgl-17+dev-20220422.115207-44.jar!/fxglassets/ui/css/fxgl_dark.css
21:53:04.136 [FXGL Background Thread 1 ] DEBUG GameApplicationServi - Initializing application scenes
21:53:04.178 [FXGL Background Thread 1 ] DEBUG FXGLAssetLoaderServi - Loading from file system: file:/C:/Users/mattu/Desktop/FXGLGames-master/FXGLGames-master/Mario/target/classes/assets/textures/player.png
21:53:04.194 [FXGL Background Thread 1 ] DEBUG GameWorld            - Game world initialized
21:53:04.231 [FXGL Background Thread 1 ] DEBUG PhysicsWorld         - Physics world initialized: appHeight=320, physics.ppm=50,0
21:53:04.232 [FXGL Background Thread 1 ] DEBUG PhysicsWorld         - Using strategy: BRUTE_FORCE
21:53:04.236 [FXGL Background Thread 1 ] DEBUG GameScene            - Game scene initialized: 1120x320
21:53:04.246 [FXGL Background Thread 1 ] WARN  FXGL.DefaultMenu     - FXGLDefaultMenu is not designed for resolutions < 800x600
21:53:04.246 [FXGL Background Thread 1 ] DEBUG FXGL.DefaultMenu     - createMenuBodyGameMenu()
21:53:04.262 [FXGL Background Thread 1 ] DEBUG FXGL.DefaultMenu     - createOptionsMenu()
21:53:04.272 [FXGL Background Thread 1 ] DEBUG FXGLAssetLoaderServi - Loading from file system: jar:file:///C:/Users/mattu/.m2/repository/com/github/almasb/fxgl/17+dev-SNAPSHOT/fxgl-17+dev-20220422.115207-44.jar!/fxglassets/textures/particles/smoke.png
21:53:04.316 [FXGL Background Thread 1 ] DEBUG FXGLAssetLoaderServi - Loading from file system: jar:file:///C:/Users/mattu/.m2/repository/com/github/almasb/fxgl/17+dev-SNAPSHOT/fxgl-17+dev-20220422.115207-44.jar!/fxglassets/textures/particles/trace_horizontal.png
21:53:04.334 [FXGL Background Thread 1 ] DEBUG GameApplicationServi - Application scenes initialized
21:53:04.344 [FXGL Background Thread 1 ] DEBUG SystemBundleService  - Loading FXGL system data
21:53:04.348 [FXGL Background Thread 1 ] DEBUG FileSystemAccess     - Reading from: C:\Users\mattu\Desktop\FXGLGames-master\FXGLGames-master\Mario\system\fxgl.bundle
21:53:04.353 [FXGL Background Thread 1 ] DEBUG SystemBundleService  - Bundle FXGL: {}
21:53:04.353 [FXGL Background Thread 1 ] DEBUG UpdaterService       - Checking for updates
21:53:04.356 [FXGL Background Thread 4 ] DEBUG FXGLApplication      - Loading fonts
21:53:04.356 [FXGL Background Thread 1 ] DEBUG FXGLApplication      - Loading default localization
21:53:04.357 [FXGL Background Thread 4 ] DEBUG FXGLAssetLoaderServi - Loading from file system: jar:file:///C:/Users/mattu/.m2/repository/com/github/almasb/fxgl/17+dev-SNAPSHOT/fxgl-17+dev-20220422.115207-44.jar!/fxglassets/ui/fonts/VarelaRound-Regular.ttf
21:53:04.357 [FXGL Background Thread 1 ] DEBUG FXGLAssetLoaderServi - Loading from file system: jar:file:///C:/Users/mattu/.m2/repository/com/github/almasb/fxgl/17+dev-SNAPSHOT/fxgl-17+dev-20220422.115207-44.jar!/fxglassets/languages/english.lang
21:53:04.367 [FXGL Background Thread 1 ] INFO  FXGLApplication      - FXGL initialization took: 0,301 sec
21:53:04.373 [JavaFX Application Thread] DEBUG Input                - Registered new binding: Left - A
21:53:04.374 [JavaFX Application Thread] DEBUG Input                - Registered new binding: Right - D
21:53:04.374 [JavaFX Application Thread] DEBUG Input                - Registered new binding: Jump - W
21:53:04.374 [JavaFX Application Thread] DEBUG Input                - Registered new binding: Use - E
21:53:04.375 [JavaFX Application Thread] DEBUG FXGLAssetLoaderServi - Loading from file system: file:/C:/Users/mattu/Desktop/FXGLGames-master/FXGLGames-master/Mario/target/classes/assets/music/BGM_dash_runner.wav
21:53:04.393 [FXGL Background Thread 4 ] DEBUG FXGLAssetLoaderServi - Loading from file system: jar:file:///C:/Users/mattu/.m2/repository/com/github/almasb/fxgl/17+dev-SNAPSHOT/fxgl-17+dev-20220422.115207-44.jar!/fxglassets/ui/fonts/Abel-Regular.ttf
21:53:04.395 [FXGL Background Thread 4 ] DEBUG FXGLAssetLoaderServi - Loading from file system: jar:file:///C:/Users/mattu/.m2/repository/com/github/almasb/fxgl/17+dev-SNAPSHOT/fxgl-17+dev-20220422.115207-44.jar!/fxglassets/ui/fonts/TerminalLandMono-Regular.otf
21:53:04.397 [FXGL Background Thread 4 ] DEBUG FXGLAssetLoaderServi - Loading from file system: jar:file:///C:/Users/mattu/.m2/repository/com/github/almasb/fxgl/17+dev-SNAPSHOT/fxgl-17+dev-20220422.115207-44.jar!/fxglassets/ui/fonts/Courier-Prime.ttf
21:53:04.680 [FXGL Background Thread 2 ] INFO  UpdaterService       - Your current version:  17+dev-SNAPSHOT
21:53:04.681 [FXGL Background Thread 2 ] INFO  UpdaterService       - Latest stable version: 17.1
21:53:04.837 [JavaFX Application Thread] DEBUG AudioPlayer          - Playing music com.almasb.fxgl.audio.Music@5e249fa3
21:53:04.837 [JavaFX Application Thread] DEBUG FXGLAssetLoaderServi - Loading from file system: jar:file:///C:/Users/mattu/.m2/repository/com/github/almasb/fxgl/17+dev-SNAPSHOT/fxgl-17+dev-20220422.115207-44.jar!/fxglassets/textures/fxgl_icon.png
21:53:04.847 [JavaFX Application Thread] DEBUG FXGLAssetLoaderServi - Loading from file system: jar:file:///C:/Users/mattu/.m2/repository/com/github/almasb/fxgl/17+dev-SNAPSHOT/fxgl-17+dev-20220422.115207-44.jar!/fxglassets/textures/fxgl_default_cursor.png
21:53:04.849 [JavaFX Application Thread] DEBUG Input                - Registered new binding: Screenshot - CTRL+8
21:53:04.849 [JavaFX Application Thread] DEBUG Input                - Registered new binding: System info dump - CTRL+9
21:53:04.849 [JavaFX Application Thread] DEBUG Input                - Registered new binding: Restart - CTRL+R
21:53:04.849 [JavaFX Application Thread] DEBUG Input                - Registered new binding: Toggle Debug Camera - CTRL+7
21:53:04.851 [JavaFX Application Thread] DEBUG LoopRunner           - Starting loop
21:53:04.851 [JavaFX Application Thread] DEBUG LoopRunner           - Initializing JavaFX AnimationTimerLoop
21:53:04.851 [JavaFX Application Thread] DEBUG GameApplicationServi - Starting new game
21:53:04.852 [JavaFX Application Thread] DEBUG Input                - Clearing active input actions
21:53:04.858 [JavaFX Application Thread] DEBUG GameApplicationServi - Removing overlay from FXGLStartupScene and adding to MainLoadingScene
21:53:04.858 [JavaFX Application Thread] DEBUG PrimaryStageWindow   - FXGLStartupScene -> MainLoadingScene
21:53:04.858 [JavaFX Application Thread] DEBUG GameApplicationServi - Clearing previous game
21:53:04.858 [JavaFX Application Thread] DEBUG GameScene            - Clearing game scene
21:53:04.858 [JavaFX Application Thread] DEBUG GameWorld            - Clearing game world
21:53:04.858 [JavaFX Application Thread] DEBUG PhysicsWorld         - Clearing physics world
21:53:04.859 [FXGL Background Thread 2 ] DEBUG FXGLApplication      - Initializing game
21:53:04.860 [JavaFX Application Thread] DEBUG FXGLApplication      - Registering font factories with UI factory
21:53:04.878 [FXGL Background Thread 2 ] WARN  TMXLevelLoader       - TiledMap generated from 1.8.4. Supported version: 1.4.2. Some features may not be parsed fully.
21:53:04.884 [FXGL Background Thread 2 ] DEBUG TMXLevelLoader       - Parsed TiledMap: file:/C:/Users/mattu/Desktop/FXGLGames-master/FXGLGames-master/Mario/target/classes/assets/levels/tmx/level1.tmx
21:53:04.885 [FXGL Background Thread 2 ] DEBUG TMXLevelLoader       - Creating tile layer entities
21:53:04.886 [FXGL Background Thread 2 ] DEBUG TilesetLoader        - Loading view for layer Livello tile 1
21:53:04.887 [FXGL Background Thread 2 ] DEBUG TilesetLoader        - Created buffer with size 1120.0x320.0
21:53:04.894 [FXGL Background Thread 2 ] DEBUG TMXLevelLoader       - Creating object layer entities
21:53:04.907 [FXGL Background Thread 2 ] DEBUG GameWorld            - Clearing removable entities
21:53:04.908 [FXGL Background Thread 2 ] DEBUG GameWorld            - Setting level: com.almasb.fxgl.entity.level.Level@22dbe988
21:53:04.921 [FXGL Background Thread 2 ] DEBUG FXGLAssetLoaderServi - Loading from file system: file:/C:/Users/mattu/Desktop/FXGLGames-master/FXGLGames-master/Mario/target/classes/assets/textures/background/forest.png
21:53:04.932 [FXGL Background Thread 2 ] INFO  FXGLApplication      - Game initialization took: 0,073 sec
21:53:04.943 [JavaFX Application Thread] DEBUG Input                - Clearing active input actions
21:53:04.947 [JavaFX Application Thread] DEBUG GameApplicationServi - Removing overlay from MainLoadingScene and adding to GameScene
21:53:04.947 [JavaFX Application Thread] DEBUG PrimaryStageWindow   - MainLoadingScene -> GameScene
21:53:07.356 [FXGL Background Thread 3 ] DEBUG Engine               - Logging environment variables
21:53:07.356 [FXGL Background Thread 3 ] DEBUG Engine               - achievements: []
21:53:07.356 [FXGL Background Thread 3 ] DEBUG Engine               - actualHeight: 320.0
21:53:07.356 [FXGL Background Thread 3 ] DEBUG Engine               - actualHeightProperty: ReadOnlyDoubleProperty [value: 320.0]
21:53:07.356 [FXGL Background Thread 3 ] DEBUG Engine               - actualWidth: 1120.0
21:53:07.356 [FXGL Background Thread 3 ] DEBUG Engine               - actualWidthProperty: ReadOnlyDoubleProperty [value: 1120.0]
21:53:07.356 [FXGL Background Thread 3 ] DEBUG Engine               - appIcon: fxgl_icon.png
21:53:07.356 [FXGL Background Thread 3 ] DEBUG Engine               - applicationMode: DEVELOPER
21:53:07.356 [FXGL Background Thread 3 ] DEBUG Engine               - cSSList: [fxgl_dark.css]
21:53:07.356 [FXGL Background Thread 3 ] DEBUG Engine               - collisionDetectionStrategy: BRUTE_FORCE
21:53:07.357 [FXGL Background Thread 3 ] DEBUG Engine               - configClass: Optional.empty
21:53:07.357 [FXGL Background Thread 3 ] DEBUG Engine               - credits: []
21:53:07.357 [FXGL Background Thread 3 ] DEBUG Engine               - defaultCursor: CursorInfo(imageName=fxgl_default_cursor.png, hotspotX=7.0, hotspotY=6.0)
21:53:07.357 [FXGL Background Thread 3 ] DEBUG Engine               - devBBoxColorProperty: ObjectProperty [value: 0xff0000ff]
21:53:07.357 [FXGL Background Thread 3 ] DEBUG Engine               - devEnableDebugCameraProperty: BooleanProperty [value: false]
21:53:07.357 [FXGL Background Thread 3 ] DEBUG Engine               - devSensorColorProperty: ObjectProperty [value: 0xffff00ff]
21:53:07.358 [FXGL Background Thread 3 ] DEBUG Engine               - devShowBBoxProperty: BooleanProperty [value: false]
21:53:07.358 [FXGL Background Thread 3 ] DEBUG Engine               - devShowPositionProperty: BooleanProperty [value: false]
21:53:07.358 [FXGL Background Thread 3 ] DEBUG Engine               - enabledMenuItems: []
21:53:07.358 [FXGL Background Thread 3 ] DEBUG Engine               - engineServices: [class com.almasb.fxgl.app.services.FXGLAssetLoaderService, class com.almasb.fxgl.app.FXGLApplication$GameApplicationService, class com.almasb.fxgl.app.services.FXGLDialogService, class com.almasb.fxgl.app.services.IOTaskExecutorService, class com.almasb.fxgl.io.FileSystemService, class com.almasb.fxgl.localization.LocalizationService, class com.almasb.fxgl.app.services.SystemBundleService, class com.almasb.fxgl.profile.SaveLoadService, class com.almasb.fxgl.ui.FXGLUIFactoryServiceProvider, class com.almasb.fxgl.ui.FXGLDialogFactoryServiceProvider, class com.almasb.fxgl.audio.AudioPlayer, class com.almasb.fxgl.notification.impl.NotificationServiceProvider, class com.almasb.fxgl.achievement.AchievementService, class com.almasb.fxgl.cutscene.CutsceneService, class com.almasb.fxgl.minigames.MiniGameService, class com.almasb.fxgl.net.NetService, class com.almasb.fxgl.app.services.UpdaterService, class com.almasb.fxgl.dev.DevService]
21:53:07.358 [FXGL Background Thread 3 ] DEBUG Engine               - fontGame: Abel-Regular.ttf
21:53:07.358 [FXGL Background Thread 3 ] DEBUG Engine               - fontMono: TerminalLandMono-Regular.otf
21:53:07.358 [FXGL Background Thread 3 ] DEBUG Engine               - fontText: Courier-Prime.ttf
21:53:07.358 [FXGL Background Thread 3 ] DEBUG Engine               - fontUI: VarelaRound-Regular.ttf
21:53:07.358 [FXGL Background Thread 3 ] DEBUG Engine               - fullScreen: BooleanProperty [value: false]
21:53:07.358 [FXGL Background Thread 3 ] DEBUG Engine               - gameDifficulty: MEDIUM
21:53:07.358 [FXGL Background Thread 3 ] DEBUG Engine               - gameDifficultyProperty: ObjectProperty [value: MEDIUM]
21:53:07.359 [FXGL Background Thread 3 ] DEBUG Engine               - globalMusicVolume: 0.5
21:53:07.359 [FXGL Background Thread 3 ] DEBUG Engine               - globalMusicVolumeProperty: DoubleProperty [value: 0.25]
21:53:07.359 [FXGL Background Thread 3 ] DEBUG Engine               - globalSoundVolume: 0.5
21:53:07.359 [FXGL Background Thread 3 ] DEBUG Engine               - globalSoundVolumeProperty: DoubleProperty [value: 0.5]
21:53:07.359 [FXGL Background Thread 3 ] DEBUG Engine               - height: 320
21:53:07.359 [FXGL Background Thread 3 ] DEBUG Engine               - is3D: false
21:53:07.359 [FXGL Background Thread 3 ] DEBUG Engine               - isAndroid: false
21:53:07.359 [FXGL Background Thread 3 ] DEBUG Engine               - isBrowser: false
21:53:07.359 [FXGL Background Thread 3 ] DEBUG Engine               - isClickFeedbackEnabled: false
21:53:07.359 [FXGL Background Thread 3 ] DEBUG Engine               - isCloseConfirmation: false
21:53:07.359 [FXGL Background Thread 3 ] DEBUG Engine               - isDesktop: true
21:53:07.359 [FXGL Background Thread 3 ] DEBUG Engine               - isDeveloperMenuEnabled: false
21:53:07.359 [FXGL Background Thread 3 ] DEBUG Engine               - isEmbedded: false
21:53:07.359 [FXGL Background Thread 3 ] DEBUG Engine               - isEntityPreloadEnabled: true
21:53:07.359 [FXGL Background Thread 3 ] DEBUG Engine               - isExperimentalTiledLargeMap: false
21:53:07.359 [FXGL Background Thread 3 ] DEBUG Engine               - isFileSystemWriteAllowed: true
21:53:07.359 [FXGL Background Thread 3 ] DEBUG Engine               - isFullScreenAllowed: false
21:53:07.360 [FXGL Background Thread 3 ] DEBUG Engine               - isFullScreenFromStart: false
21:53:07.360 [FXGL Background Thread 3 ] DEBUG Engine               - isGameMenuEnabled: true
21:53:07.360 [FXGL Background Thread 3 ] DEBUG Engine               - isIOS: false
21:53:07.360 [FXGL Background Thread 3 ] DEBUG Engine               - isIntroEnabled: false
21:53:07.360 [FXGL Background Thread 3 ] DEBUG Engine               - isLinux: false
21:53:07.360 [FXGL Background Thread 3 ] DEBUG Engine               - isMac: false
21:53:07.360 [FXGL Background Thread 3 ] DEBUG Engine               - isMainMenuEnabled: false
21:53:07.360 [FXGL Background Thread 3 ] DEBUG Engine               - isManualResizeEnabled: false
21:53:07.360 [FXGL Background Thread 3 ] DEBUG Engine               - isMobile: false
21:53:07.360 [FXGL Background Thread 3 ] DEBUG Engine               - isNative: false
21:53:07.360 [FXGL Background Thread 3 ] DEBUG Engine               - isPauseMusicWhenMinimized: true
21:53:07.360 [FXGL Background Thread 3 ] DEBUG Engine               - isPreserveResizeRatio: false
21:53:07.360 [FXGL Background Thread 3 ] DEBUG Engine               - isProfilingEnabled: false
21:53:07.360 [FXGL Background Thread 3 ] DEBUG Engine               - isScaleAffectedOnResize: true
21:53:07.360 [FXGL Background Thread 3 ] DEBUG Engine               - isSingleStep: false
21:53:07.360 [FXGL Background Thread 3 ] DEBUG Engine               - isUserProfileEnabled: false
21:53:07.360 [FXGL Background Thread 3 ] DEBUG Engine               - isWindows: true
21:53:07.360 [FXGL Background Thread 3 ] DEBUG Engine               - language: ObjectProperty [value: ENGLISH]
21:53:07.360 [FXGL Background Thread 3 ] DEBUG Engine               - menuKey: ESCAPE
21:53:07.361 [FXGL Background Thread 3 ] DEBUG Engine               - mouseSensitivity: 0.2
21:53:07.361 [FXGL Background Thread 3 ] DEBUG Engine               - notificationViewClass: class com.almasb.fxgl.notification.view.XboxNotificationView
21:53:07.361 [FXGL Background Thread 3 ] DEBUG Engine               - pixelsPerMeter: 50.0
21:53:07.361 [FXGL Background Thread 3 ] DEBUG Engine               - platform: WINDOWS
21:53:07.361 [FXGL Background Thread 3 ] DEBUG Engine               - prefHeightProperty: ReadOnlyDoubleProperty [value: 320.0]
21:53:07.361 [FXGL Background Thread 3 ] DEBUG Engine               - prefWidthProperty: ReadOnlyDoubleProperty [value: 1120.0]
21:53:07.361 [FXGL Background Thread 3 ] DEBUG Engine               - profileDir: profiles/
21:53:07.361 [FXGL Background Thread 3 ] DEBUG Engine               - profileName: StringProperty [value: DEFAULT]
21:53:07.361 [FXGL Background Thread 3 ] DEBUG Engine               - randomSeed: -1
21:53:07.361 [FXGL Background Thread 3 ] DEBUG Engine               - runtimeInfo: RuntimeInfo(platform=WINDOWS, version=17+dev-SNAPSHOT, build=22.04.2022 11.52)
21:53:07.361 [FXGL Background Thread 3 ] DEBUG Engine               - saveFileExt: sav
21:53:07.362 [FXGL Background Thread 3 ] DEBUG Engine               - scaledHeightProp$fxgl: DoubleProperty [bound, value: 320.0]
21:53:07.362 [FXGL Background Thread 3 ] DEBUG Engine               - scaledWidthProp$fxgl: DoubleProperty [bound, value: 1120.0]
21:53:07.362 [FXGL Background Thread 3 ] DEBUG Engine               - sceneFactory: com.pioneer10.model.PlatformerApp$1@4d077b7
21:53:07.362 [FXGL Background Thread 3 ] DEBUG Engine               - secondsIn24h: 60
21:53:07.362 [FXGL Background Thread 3 ] DEBUG Engine               - soundMenuBack: menu/back.wav
21:53:07.362 [FXGL Background Thread 3 ] DEBUG Engine               - soundMenuPress: menu/press.wav
21:53:07.362 [FXGL Background Thread 3 ] DEBUG Engine               - soundMenuSelect: menu/select.wav
21:53:07.362 [FXGL Background Thread 3 ] DEBUG Engine               - soundNotification: core/notification.wav
21:53:07.362 [FXGL Background Thread 3 ] DEBUG Engine               - stageStyle: DECORATED
21:53:07.362 [FXGL Background Thread 3 ] DEBUG Engine               - supportedLanguages: [ENGLISH, FRENCH, GERMAN, HUNGARIAN, RUSSIAN]
21:53:07.362 [FXGL Background Thread 3 ] DEBUG Engine               - ticksPerSecond: -1
21:53:07.362 [FXGL Background Thread 3 ] DEBUG Engine               - title: Untitled
21:53:07.362 [FXGL Background Thread 3 ] DEBUG Engine               - urlGithub: https://github.com/AlmasB/FXGL
21:53:07.362 [FXGL Background Thread 3 ] DEBUG Engine               - urlLeaderboard: http://fxgl-top.herokuapp.com/
21:53:07.362 [FXGL Background Thread 3 ] DEBUG Engine               - urlPOM: https://raw.githubusercontent.com/AlmasB/FXGL/release/README.md
21:53:07.362 [FXGL Background Thread 3 ] DEBUG Engine               - userAppClass: class com.pioneer10.model.PlatformerApp
21:53:07.362 [FXGL Background Thread 3 ] DEBUG Engine               - version: 0.0
21:53:07.363 [FXGL Background Thread 3 ] DEBUG Engine               - versionCheckDays: 7
21:53:07.363 [FXGL Background Thread 3 ] DEBUG Engine               - width: 1120
21:53:07.363 [FXGL Background Thread 3 ] DEBUG Engine               - Logging services
21:53:07.363 [FXGL Background Thread 3 ] DEBUG Engine               - class com.almasb.fxgl.app.services.FXGLAssetLoaderService
21:53:07.363 [FXGL Background Thread 3 ] DEBUG Engine               - class com.almasb.fxgl.app.FXGLApplication$GameApplicationService
21:53:07.363 [FXGL Background Thread 3 ] DEBUG Engine               - class com.almasb.fxgl.app.services.FXGLDialogService
21:53:07.363 [FXGL Background Thread 3 ] DEBUG Engine               - class com.almasb.fxgl.app.services.IOTaskExecutorService
21:53:07.363 [FXGL Background Thread 3 ] DEBUG Engine               - class com.almasb.fxgl.io.FileSystemService
21:53:07.363 [FXGL Background Thread 3 ] DEBUG Engine               - class com.almasb.fxgl.localization.LocalizationService
21:53:07.363 [FXGL Background Thread 3 ] DEBUG Engine               - class com.almasb.fxgl.app.services.SystemBundleService
21:53:07.363 [FXGL Background Thread 3 ] DEBUG Engine               - class com.almasb.fxgl.profile.SaveLoadService
21:53:07.363 [FXGL Background Thread 3 ] DEBUG Engine               - class com.almasb.fxgl.ui.FXGLUIFactoryServiceProvider
21:53:07.363 [FXGL Background Thread 3 ] DEBUG Engine               - class com.almasb.fxgl.ui.FXGLDialogFactoryServiceProvider
21:53:07.363 [FXGL Background Thread 3 ] DEBUG Engine               - class com.almasb.fxgl.audio.AudioPlayer
21:53:07.363 [FXGL Background Thread 3 ] DEBUG Engine               - class com.almasb.fxgl.notification.impl.NotificationServiceProvider
21:53:07.363 [FXGL Background Thread 3 ] DEBUG Engine               - class com.almasb.fxgl.achievement.AchievementService
21:53:07.363 [FXGL Background Thread 3 ] DEBUG Engine               - class com.almasb.fxgl.cutscene.CutsceneService
21:53:07.363 [FXGL Background Thread 3 ] DEBUG Engine               - class com.almasb.fxgl.minigames.MiniGameService
21:53:07.363 [FXGL Background Thread 3 ] DEBUG Engine               - class com.almasb.fxgl.net.NetService
21:53:07.363 [FXGL Background Thread 3 ] DEBUG Engine               - class com.almasb.fxgl.app.services.UpdaterService
21:53:07.364 [FXGL Background Thread 3 ] DEBUG Engine               - class com.almasb.fxgl.dev.DevService
21:53:36.122 [JavaFX Application Thread] DEBUG FXGLApplication      - Exiting FXGL
21:53:36.122 [JavaFX Application Thread] DEBUG LoopRunner           - Stopping loop
21:53:36.123 [JavaFX Application Thread] DEBUG SystemBundleService  - Saving FXGL system data
21:53:36.124 [JavaFX Application Thread] DEBUG FileSystemAccess     - Writing to: C:\Users\mattu\Desktop\FXGLGames-master\FXGLGames-master\Mario\system\fxgl.bundle
21:53:36.125 [JavaFX Application Thread] DEBUG Async                - Shutting down background threads
21:53:36.126 [JavaFX Application Thread] DEBUG PrimaryStageWindow   - Closing main window
21:53:36.133 [JavaFX Application Thread] DEBUG Logger               - Closing Logger
