11:14:26.288 [main                     ] DEBUG Logger               - Configured Logger
11:14:26.350 [main                     ] DEBUG GameApplication      - Logging settings
Title: Pioneer-10
Terra
Version: 0.0
Width: 1200
Height: 640
Fullscreen: false
Intro: false
Profiling: false
Single step:false
App Mode: DEVELOPER
Menu Key: ESCAPE
Stage Style: DECORATED
Scene Factory: class com.almasb.fxgl.app.scene.SceneFactory

11:14:26.938 [JavaFX Application Thread] DEBUG FXGLApplication      - Initializing FXGL
11:14:26.960 [JavaFX Application Thread] INFO  Engine               - FXGL-17+dev-SNAPSHOT (22.04.2022 11.52) on WINDOWS (J:18.0.1 FX:18)
11:14:26.960 [JavaFX Application Thread] DEBUG Engine               - JRE Vendor Name: Oracle Corporation
11:14:26.961 [JavaFX Application Thread] DEBUG Engine               - Running on OS: Windows 10 version 10.0
11:14:26.961 [JavaFX Application Thread] DEBUG Engine               - Architecture: amd64
11:14:26.961 [JavaFX Application Thread] INFO  Engine               - Source code and latest versions at: https://github.com/AlmasB/FXGL
11:14:26.962 [JavaFX Application Thread] INFO  Engine               -       Ask questions and discuss at: https://github.com/AlmasB/FXGL/discussions
11:14:26.962 [JavaFX Application Thread] INFO  Engine               -              Join the FXGL chat at: https://gitter.im/AlmasB/FXGL
11:14:27.146 [JavaFX Application Thread] DEBUG PrimaryStageWindow   - Creating a JavaFX scene
11:14:27.231 [JavaFX Application Thread] DEBUG PrimaryStageWindow   - Target settings size: 1200.0 x 640.0
11:14:27.232 [JavaFX Application Thread] DEBUG PrimaryStageWindow   - Scaled scene size:    1200.0 x 640.0
11:14:27.233 [JavaFX Application Thread] DEBUG PrimaryStageWindow   - Scaled ratio: (1.0, 1.0)
11:14:27.235 [JavaFX Application Thread] DEBUG PrimaryStageWindow   - Set initial scene to FXGLStartupScene
11:14:27.249 [JavaFX Application Thread] DEBUG PrimaryStageWindow   - Opening main window
11:14:27.407 [JavaFX Application Thread] DEBUG PrimaryStageWindow   - Window border size: (16.0, 39.0)
11:14:27.408 [JavaFX Application Thread] DEBUG PrimaryStageWindow   - Scaled size: 1200.0 x 640.0
11:14:27.409 [JavaFX Application Thread] DEBUG PrimaryStageWindow   - Scaled ratio: (1.0, 1.0)
11:14:27.409 [JavaFX Application Thread] DEBUG PrimaryStageWindow   - Scene size: 1200.0 x 640.0
11:14:27.410 [JavaFX Application Thread] DEBUG PrimaryStageWindow   - Stage size: 1216.0 x 679.0
11:14:27.491 [FXGL Background Thread 1 ] DEBUG Engine               - Initializing environment variables
11:14:27.607 [FXGL Background Thread 1 ] DEBUG FXGLAssetLoaderServi - User app class for loading assets: class com.pioneer10.model.LivTerra
11:14:27.607 [FXGL Background Thread 1 ] DEBUG GameApplicationServi - Applying CSS: fxgl_dark.css
11:14:27.610 [FXGL Background Thread 1 ] DEBUG FXGLAssetLoaderServi - Loading from file system: jar:file:///C:/Users/Manuel/.m2/repository/com/github/almasb/fxgl/17+dev-SNAPSHOT/fxgl-17+dev-20220422.115207-44.jar!/fxglassets/ui/css/fxgl_dark.css
11:14:27.742 [FXGL Background Thread 1 ] DEBUG GameApplicationServi - Initializing application scenes
11:14:27.891 [FXGL Background Thread 1 ] DEBUG GameWorld            - Game world initialized
11:14:28.000 [FXGL Background Thread 1 ] DEBUG PhysicsWorld         - Physics world initialized: appHeight=640, physics.ppm=50,0
11:14:28.001 [FXGL Background Thread 1 ] DEBUG PhysicsWorld         - Using strategy: BRUTE_FORCE
11:14:28.008 [FXGL Background Thread 1 ] DEBUG GameScene            - Game scene initialized: 1200x640
11:14:28.031 [FXGL Background Thread 1 ] DEBUG FXGL.DefaultMenu     - createMenuBodyGameMenu()
11:14:28.053 [FXGL Background Thread 1 ] DEBUG FXGL.DefaultMenu     - createOptionsMenu()
11:14:28.073 [FXGL Background Thread 1 ] DEBUG FXGLAssetLoaderServi - Loading from file system: jar:file:///C:/Users/Manuel/.m2/repository/com/github/almasb/fxgl/17+dev-SNAPSHOT/fxgl-17+dev-20220422.115207-44.jar!/fxglassets/textures/particles/smoke.png
11:14:28.247 [FXGL Background Thread 1 ] DEBUG FXGLAssetLoaderServi - Loading from file system: jar:file:///C:/Users/Manuel/.m2/repository/com/github/almasb/fxgl/17+dev-SNAPSHOT/fxgl-17+dev-20220422.115207-44.jar!/fxglassets/textures/particles/trace_horizontal.png
11:14:28.318 [FXGL Background Thread 1 ] DEBUG GameApplicationServi - Application scenes initialized
11:14:28.342 [FXGL Background Thread 1 ] DEBUG SystemBundleService  - Loading FXGL system data
11:14:28.350 [FXGL Background Thread 1 ] DEBUG FileSystemAccess     - Reading from: C:\javafx-FXGL\pioneer-10\system\fxgl.bundle
11:14:28.366 [FXGL Background Thread 1 ] DEBUG SystemBundleService  - Bundle FXGL: {}
11:14:28.367 [FXGL Background Thread 1 ] DEBUG UpdaterService       - Checking for updates
11:14:28.374 [FXGL Background Thread 4 ] DEBUG FXGLApplication      - Loading fonts
11:14:28.375 [FXGL Background Thread 1 ] DEBUG FXGLApplication      - Loading default localization
11:14:28.380 [FXGL Background Thread 1 ] DEBUG FXGLAssetLoaderServi - Loading from file system: jar:file:///C:/Users/Manuel/.m2/repository/com/github/almasb/fxgl/17+dev-SNAPSHOT/fxgl-17+dev-20220422.115207-44.jar!/fxglassets/languages/english.lang
11:14:28.383 [FXGL Background Thread 4 ] DEBUG FXGLAssetLoaderServi - Loading from file system: jar:file:///C:/Users/Manuel/.m2/repository/com/github/almasb/fxgl/17+dev-SNAPSHOT/fxgl-17+dev-20220422.115207-44.jar!/fxglassets/ui/fonts/VarelaRound-Regular.ttf
11:14:28.429 [FXGL Background Thread 1 ] INFO  FXGLApplication      - FXGL initialization took: 0,939 sec
11:14:28.486 [JavaFX Application Thread] DEBUG Input                - Registered new binding: Left - A
11:14:28.486 [JavaFX Application Thread] DEBUG Input                - Registered new binding: Right - D
11:14:28.487 [JavaFX Application Thread] DEBUG Input                - Registered new binding: Jump - Space
11:14:28.487 [JavaFX Application Thread] DEBUG FXGLAssetLoaderServi - Loading from file system: file:/C:/javafx-FXGL/pioneer-10/target/classes/assets/music/Minecraft.mp3
11:14:28.759 [JavaFX Application Thread] DEBUG AudioPlayer          - Playing music com.almasb.fxgl.audio.Music@72e3d40c
11:14:28.760 [JavaFX Application Thread] DEBUG FXGLAssetLoaderServi - Loading from file system: jar:file:///C:/Users/Manuel/.m2/repository/com/github/almasb/fxgl/17+dev-SNAPSHOT/fxgl-17+dev-20220422.115207-44.jar!/fxglassets/textures/fxgl_icon.png
11:14:28.818 [JavaFX Application Thread] DEBUG FXGLAssetLoaderServi - Loading from file system: jar:file:///C:/Users/Manuel/.m2/repository/com/github/almasb/fxgl/17+dev-SNAPSHOT/fxgl-17+dev-20220422.115207-44.jar!/fxglassets/textures/fxgl_default_cursor.png
11:14:28.819 [FXGL Background Thread 4 ] DEBUG FXGLAssetLoaderServi - Loading from file system: jar:file:///C:/Users/Manuel/.m2/repository/com/github/almasb/fxgl/17+dev-SNAPSHOT/fxgl-17+dev-20220422.115207-44.jar!/fxglassets/ui/fonts/Abel-Regular.ttf
11:14:28.823 [JavaFX Application Thread] DEBUG Input                - Registered new binding: Screenshot - CTRL+8
11:14:28.823 [JavaFX Application Thread] DEBUG Input                - Registered new binding: System info dump - CTRL+9
11:14:28.824 [JavaFX Application Thread] DEBUG Input                - Registered new binding: Restart - CTRL+R
11:14:28.825 [JavaFX Application Thread] DEBUG Input                - Registered new binding: Toggle Debug Camera - CTRL+7
11:14:28.828 [JavaFX Application Thread] DEBUG LoopRunner           - Starting loop
11:14:28.828 [JavaFX Application Thread] DEBUG LoopRunner           - Initializing JavaFX AnimationTimerLoop
11:14:28.830 [JavaFX Application Thread] DEBUG GameApplicationServi - Starting new game
11:14:28.831 [JavaFX Application Thread] DEBUG Input                - Clearing active input actions
11:14:28.841 [FXGL Background Thread 4 ] DEBUG FXGLAssetLoaderServi - Loading from file system: jar:file:///C:/Users/Manuel/.m2/repository/com/github/almasb/fxgl/17+dev-SNAPSHOT/fxgl-17+dev-20220422.115207-44.jar!/fxglassets/ui/fonts/TerminalLandMono-Regular.otf
11:14:28.856 [JavaFX Application Thread] DEBUG GameApplicationServi - Removing overlay from FXGLStartupScene and adding to FXGLLoadingScene
11:14:28.857 [JavaFX Application Thread] DEBUG PrimaryStageWindow   - FXGLStartupScene -> FXGLLoadingScene
11:14:28.857 [JavaFX Application Thread] DEBUG GameApplicationServi - Clearing previous game
11:14:28.857 [JavaFX Application Thread] DEBUG GameScene            - Clearing game scene
11:14:28.858 [JavaFX Application Thread] DEBUG GameWorld            - Clearing game world
11:14:28.859 [FXGL Background Thread 4 ] DEBUG FXGLAssetLoaderServi - Loading from file system: jar:file:///C:/Users/Manuel/.m2/repository/com/github/almasb/fxgl/17+dev-SNAPSHOT/fxgl-17+dev-20220422.115207-44.jar!/fxglassets/ui/fonts/Courier-Prime.ttf
11:14:28.859 [JavaFX Application Thread] DEBUG PhysicsWorld         - Clearing physics world
11:14:28.862 [FXGL Background Thread 1 ] DEBUG FXGLApplication      - Initializing game
11:14:28.963 [JavaFX Application Thread] DEBUG FXGLApplication      - Registering font factories with UI factory
11:14:28.969 [FXGL Background Thread 1 ] WARN  TMXLevelLoader       - TiledMap generated from 1.8.4. Supported version: 1.4.2. Some features may not be parsed fully.
11:14:29.054 [FXGL Background Thread 1 ] DEBUG TMXLevelLoader       - Parsed TiledMap: file:/C:/javafx-FXGL/pioneer-10/target/classes/assets/levels/Terra/MappaTerra.tmx
11:14:29.056 [FXGL Background Thread 1 ] DEBUG TMXLevelLoader       - Creating tile layer entities
11:14:29.059 [FXGL Background Thread 1 ] DEBUG TilesetLoader        - Loading view for layer Livello tile 1
11:14:29.070 [FXGL Background Thread 1 ] DEBUG TilesetLoader        - Created buffer with size 4800.0x640.0
11:14:29.137 [FXGL Background Thread 1 ] WARN  TilesetLoader        - Diagonally flipped tiles are not currently supported
11:14:29.184 [FXGL Background Thread 1 ] WARN  TilesetLoader        - Diagonally flipped tiles are not currently supported
11:14:29.185 [FXGL Background Thread 1 ] WARN  TilesetLoader        - Diagonally flipped tiles are not currently supported
11:14:29.333 [FXGL Background Thread 1 ] WARN  TilesetLoader        - Diagonally flipped tiles are not currently supported
11:14:29.345 [FXGL Background Thread 1 ] WARN  TilesetLoader        - Diagonally flipped tiles are not currently supported
11:14:29.348 [FXGL Background Thread 1 ] DEBUG TilesetLoader        - Loading view for layer Livello tile 2
11:14:29.349 [FXGL Background Thread 1 ] DEBUG TilesetLoader        - Created buffer with size 4800.0x640.0
11:14:29.352 [FXGL Background Thread 1 ] DEBUG TilesetLoader        - Loading view for layer Livello tile 3
11:14:29.358 [FXGL Background Thread 1 ] DEBUG TilesetLoader        - Created buffer with size 4800.0x640.0
11:14:29.360 [FXGL Background Thread 1 ] DEBUG TMXLevelLoader       - Creating object layer entities
11:14:29.775 [FXGL Background Thread 1 ] DEBUG GameWorld            - Clearing removable entities
11:14:29.776 [FXGL Background Thread 1 ] DEBUG GameWorld            - Setting level: com.almasb.fxgl.entity.level.Level@8ab9acb
11:14:29.889 [FXGL Background Thread 2 ] INFO  UpdaterService       - Your current version:  17+dev-SNAPSHOT
11:14:29.889 [FXGL Background Thread 2 ] INFO  UpdaterService       - Latest stable version: 17.1
11:14:29.920 [FXGL Background Thread 1 ] INFO  FXGLApplication      - Game initialization took: 1,058 sec
11:14:30.281 [JavaFX Application Thread] DEBUG Input                - Clearing active input actions
11:14:30.306 [JavaFX Application Thread] DEBUG GameApplicationServi - Removing overlay from FXGLLoadingScene and adding to GameScene
11:14:30.307 [JavaFX Application Thread] DEBUG PrimaryStageWindow   - FXGLLoadingScene -> GameScene
11:14:31.373 [FXGL Background Thread 3 ] DEBUG Engine               - Logging environment variables
11:14:31.374 [FXGL Background Thread 3 ] DEBUG Engine               - achievements: []
11:14:31.374 [FXGL Background Thread 3 ] DEBUG Engine               - actualHeight: 640.0
11:14:31.374 [FXGL Background Thread 3 ] DEBUG Engine               - actualHeightProperty: ReadOnlyDoubleProperty [value: 640.0]
11:14:31.374 [FXGL Background Thread 3 ] DEBUG Engine               - actualWidth: 1200.0
11:14:31.375 [FXGL Background Thread 3 ] DEBUG Engine               - actualWidthProperty: ReadOnlyDoubleProperty [value: 1200.0]
11:14:31.375 [FXGL Background Thread 3 ] DEBUG Engine               - appIcon: fxgl_icon.png
11:14:31.376 [FXGL Background Thread 3 ] DEBUG Engine               - applicationMode: DEVELOPER
11:14:31.376 [FXGL Background Thread 3 ] DEBUG Engine               - cSSList: [fxgl_dark.css]
11:14:31.376 [FXGL Background Thread 3 ] DEBUG Engine               - collisionDetectionStrategy: BRUTE_FORCE
11:14:31.376 [FXGL Background Thread 3 ] DEBUG Engine               - configClass: Optional.empty
11:14:31.377 [FXGL Background Thread 3 ] DEBUG Engine               - credits: []
11:14:31.377 [FXGL Background Thread 3 ] DEBUG Engine               - defaultCursor: CursorInfo(imageName=fxgl_default_cursor.png, hotspotX=7.0, hotspotY=6.0)
11:14:31.378 [FXGL Background Thread 3 ] DEBUG Engine               - devBBoxColorProperty: ObjectProperty [value: 0xff0000ff]
11:14:31.378 [FXGL Background Thread 3 ] DEBUG Engine               - devEnableDebugCameraProperty: BooleanProperty [value: false]
11:14:31.378 [FXGL Background Thread 3 ] DEBUG Engine               - devSensorColorProperty: ObjectProperty [value: 0xffff00ff]
11:14:31.378 [FXGL Background Thread 3 ] DEBUG Engine               - devShowBBoxProperty: BooleanProperty [value: false]
11:14:31.378 [FXGL Background Thread 3 ] DEBUG Engine               - devShowPositionProperty: BooleanProperty [value: false]
11:14:31.378 [FXGL Background Thread 3 ] DEBUG Engine               - enabledMenuItems: []
11:14:31.378 [FXGL Background Thread 3 ] DEBUG Engine               - engineServices: [class com.almasb.fxgl.app.services.FXGLAssetLoaderService, class com.almasb.fxgl.app.FXGLApplication$GameApplicationService, class com.almasb.fxgl.app.services.FXGLDialogService, class com.almasb.fxgl.app.services.IOTaskExecutorService, class com.almasb.fxgl.io.FileSystemService, class com.almasb.fxgl.localization.LocalizationService, class com.almasb.fxgl.app.services.SystemBundleService, class com.almasb.fxgl.profile.SaveLoadService, class com.almasb.fxgl.ui.FXGLUIFactoryServiceProvider, class com.almasb.fxgl.ui.FXGLDialogFactoryServiceProvider, class com.almasb.fxgl.audio.AudioPlayer, class com.almasb.fxgl.notification.impl.NotificationServiceProvider, class com.almasb.fxgl.achievement.AchievementService, class com.almasb.fxgl.cutscene.CutsceneService, class com.almasb.fxgl.minigames.MiniGameService, class com.almasb.fxgl.net.NetService, class com.almasb.fxgl.app.services.UpdaterService, class com.almasb.fxgl.dev.DevService]
11:14:31.379 [FXGL Background Thread 3 ] DEBUG Engine               - fontGame: Abel-Regular.ttf
11:14:31.379 [FXGL Background Thread 3 ] DEBUG Engine               - fontMono: TerminalLandMono-Regular.otf
11:14:31.379 [FXGL Background Thread 3 ] DEBUG Engine               - fontText: Courier-Prime.ttf
11:14:31.379 [FXGL Background Thread 3 ] DEBUG Engine               - fontUI: VarelaRound-Regular.ttf
11:14:31.379 [FXGL Background Thread 3 ] DEBUG Engine               - fullScreen: BooleanProperty [value: false]
11:14:31.379 [FXGL Background Thread 3 ] DEBUG Engine               - gameDifficulty: MEDIUM
11:14:31.379 [FXGL Background Thread 3 ] DEBUG Engine               - gameDifficultyProperty: ObjectProperty [value: MEDIUM]
11:14:31.379 [FXGL Background Thread 3 ] DEBUG Engine               - globalMusicVolume: 0.5
11:14:31.379 [FXGL Background Thread 3 ] DEBUG Engine               - globalMusicVolumeProperty: DoubleProperty [value: 0.25]
11:14:31.379 [FXGL Background Thread 3 ] DEBUG Engine               - globalSoundVolume: 0.5
11:14:31.380 [FXGL Background Thread 3 ] DEBUG Engine               - globalSoundVolumeProperty: DoubleProperty [value: 0.5]
11:14:31.380 [FXGL Background Thread 3 ] DEBUG Engine               - height: 640
11:14:31.380 [FXGL Background Thread 3 ] DEBUG Engine               - is3D: false
11:14:31.380 [FXGL Background Thread 3 ] DEBUG Engine               - isAndroid: false
11:14:31.380 [FXGL Background Thread 3 ] DEBUG Engine               - isBrowser: false
11:14:31.380 [FXGL Background Thread 3 ] DEBUG Engine               - isClickFeedbackEnabled: false
11:14:31.380 [FXGL Background Thread 3 ] DEBUG Engine               - isCloseConfirmation: false
11:14:31.380 [FXGL Background Thread 3 ] DEBUG Engine               - isDesktop: true
11:14:31.380 [FXGL Background Thread 3 ] DEBUG Engine               - isDeveloperMenuEnabled: false
11:14:31.381 [FXGL Background Thread 3 ] DEBUG Engine               - isEmbedded: false
11:14:31.381 [FXGL Background Thread 3 ] DEBUG Engine               - isEntityPreloadEnabled: true
11:14:31.381 [FXGL Background Thread 3 ] DEBUG Engine               - isExperimentalTiledLargeMap: false
11:14:31.381 [FXGL Background Thread 3 ] DEBUG Engine               - isFileSystemWriteAllowed: true
11:14:31.381 [FXGL Background Thread 3 ] DEBUG Engine               - isFullScreenAllowed: false
11:14:31.381 [FXGL Background Thread 3 ] DEBUG Engine               - isFullScreenFromStart: false
11:14:31.381 [FXGL Background Thread 3 ] DEBUG Engine               - isGameMenuEnabled: true
11:14:31.381 [FXGL Background Thread 3 ] DEBUG Engine               - isIOS: false
11:14:31.381 [FXGL Background Thread 3 ] DEBUG Engine               - isIntroEnabled: false
11:14:31.381 [FXGL Background Thread 3 ] DEBUG Engine               - isLinux: false
11:14:31.381 [FXGL Background Thread 3 ] DEBUG Engine               - isMac: false
11:14:31.381 [FXGL Background Thread 3 ] DEBUG Engine               - isMainMenuEnabled: false
11:14:31.382 [FXGL Background Thread 3 ] DEBUG Engine               - isManualResizeEnabled: false
11:14:31.383 [FXGL Background Thread 3 ] DEBUG Engine               - isMobile: false
11:14:31.383 [FXGL Background Thread 3 ] DEBUG Engine               - isNative: false
11:14:31.383 [FXGL Background Thread 3 ] DEBUG Engine               - isPauseMusicWhenMinimized: true
11:14:31.384 [FXGL Background Thread 3 ] DEBUG Engine               - isPreserveResizeRatio: false
11:14:31.384 [FXGL Background Thread 3 ] DEBUG Engine               - isProfilingEnabled: false
11:14:31.384 [FXGL Background Thread 3 ] DEBUG Engine               - isScaleAffectedOnResize: true
11:14:31.384 [FXGL Background Thread 3 ] DEBUG Engine               - isSingleStep: false
11:14:31.385 [FXGL Background Thread 3 ] DEBUG Engine               - isUserProfileEnabled: false
11:14:31.385 [FXGL Background Thread 3 ] DEBUG Engine               - isWindows: true
11:14:31.385 [FXGL Background Thread 3 ] DEBUG Engine               - language: ObjectProperty [value: ENGLISH]
11:14:31.385 [FXGL Background Thread 3 ] DEBUG Engine               - menuKey: ESCAPE
11:14:31.385 [FXGL Background Thread 3 ] DEBUG Engine               - mouseSensitivity: 0.2
11:14:31.385 [FXGL Background Thread 3 ] DEBUG Engine               - notificationViewClass: class com.almasb.fxgl.notification.view.XboxNotificationView
11:14:31.386 [FXGL Background Thread 3 ] DEBUG Engine               - pixelsPerMeter: 50.0
11:14:31.386 [FXGL Background Thread 3 ] DEBUG Engine               - platform: WINDOWS
11:14:31.388 [FXGL Background Thread 3 ] DEBUG Engine               - prefHeightProperty: ReadOnlyDoubleProperty [value: 640.0]
11:14:31.388 [FXGL Background Thread 3 ] DEBUG Engine               - prefWidthProperty: ReadOnlyDoubleProperty [value: 1200.0]
11:14:31.388 [FXGL Background Thread 3 ] DEBUG Engine               - profileDir: profiles/
11:14:31.388 [FXGL Background Thread 3 ] DEBUG Engine               - profileName: StringProperty [value: DEFAULT]
11:14:31.388 [FXGL Background Thread 3 ] DEBUG Engine               - randomSeed: -1
11:14:31.389 [FXGL Background Thread 3 ] DEBUG Engine               - runtimeInfo: RuntimeInfo(platform=WINDOWS, version=17+dev-SNAPSHOT, build=22.04.2022 11.52)
11:14:31.389 [FXGL Background Thread 3 ] DEBUG Engine               - saveFileExt: sav
11:14:31.389 [FXGL Background Thread 3 ] DEBUG Engine               - scaledHeightProp$fxgl: DoubleProperty [bound, value: 640.0]
11:14:31.389 [FXGL Background Thread 3 ] DEBUG Engine               - scaledWidthProp$fxgl: DoubleProperty [bound, value: 1200.0]
11:14:31.389 [FXGL Background Thread 3 ] DEBUG Engine               - sceneFactory: com.almasb.fxgl.app.scene.SceneFactory@4db6b38
11:14:31.389 [FXGL Background Thread 3 ] DEBUG Engine               - secondsIn24h: 60
11:14:31.389 [FXGL Background Thread 3 ] DEBUG Engine               - soundMenuBack: menu/back.wav
11:14:31.390 [FXGL Background Thread 3 ] DEBUG Engine               - soundMenuPress: menu/press.wav
11:14:31.390 [FXGL Background Thread 3 ] DEBUG Engine               - soundMenuSelect: menu/select.wav
11:14:31.390 [FXGL Background Thread 3 ] DEBUG Engine               - soundNotification: core/notification.wav
11:14:31.390 [FXGL Background Thread 3 ] DEBUG Engine               - stageStyle: DECORATED
11:14:31.390 [FXGL Background Thread 3 ] DEBUG Engine               - supportedLanguages: [ENGLISH, FRENCH, GERMAN, HUNGARIAN, RUSSIAN]
11:14:31.390 [FXGL Background Thread 3 ] DEBUG Engine               - ticksPerSecond: -1
11:14:31.390 [FXGL Background Thread 3 ] DEBUG Engine               - title: Pioneer-10
Terra
11:14:31.390 [FXGL Background Thread 3 ] DEBUG Engine               - urlGithub: https://github.com/AlmasB/FXGL
11:14:31.390 [FXGL Background Thread 3 ] DEBUG Engine               - urlLeaderboard: http://fxgl-top.herokuapp.com/
11:14:31.390 [FXGL Background Thread 3 ] DEBUG Engine               - urlPOM: https://raw.githubusercontent.com/AlmasB/FXGL/release/README.md
11:14:31.390 [FXGL Background Thread 3 ] DEBUG Engine               - userAppClass: class com.pioneer10.model.LivTerra
11:14:31.391 [FXGL Background Thread 3 ] DEBUG Engine               - version: 0.0
11:14:31.391 [FXGL Background Thread 3 ] DEBUG Engine               - versionCheckDays: 7
11:14:31.391 [FXGL Background Thread 3 ] DEBUG Engine               - width: 1200
11:14:31.391 [FXGL Background Thread 3 ] DEBUG Engine               - Logging services
11:14:31.391 [FXGL Background Thread 3 ] DEBUG Engine               - class com.almasb.fxgl.app.services.FXGLAssetLoaderService
11:14:31.391 [FXGL Background Thread 3 ] DEBUG Engine               - class com.almasb.fxgl.app.FXGLApplication$GameApplicationService
11:14:31.391 [FXGL Background Thread 3 ] DEBUG Engine               - class com.almasb.fxgl.app.services.FXGLDialogService
11:14:31.391 [FXGL Background Thread 3 ] DEBUG Engine               - class com.almasb.fxgl.app.services.IOTaskExecutorService
11:14:31.391 [FXGL Background Thread 3 ] DEBUG Engine               - class com.almasb.fxgl.io.FileSystemService
11:14:31.391 [FXGL Background Thread 3 ] DEBUG Engine               - class com.almasb.fxgl.localization.LocalizationService
11:14:31.391 [FXGL Background Thread 3 ] DEBUG Engine               - class com.almasb.fxgl.app.services.SystemBundleService
11:14:31.391 [FXGL Background Thread 3 ] DEBUG Engine               - class com.almasb.fxgl.profile.SaveLoadService
11:14:31.391 [FXGL Background Thread 3 ] DEBUG Engine               - class com.almasb.fxgl.ui.FXGLUIFactoryServiceProvider
11:14:31.391 [FXGL Background Thread 3 ] DEBUG Engine               - class com.almasb.fxgl.ui.FXGLDialogFactoryServiceProvider
11:14:31.392 [FXGL Background Thread 3 ] DEBUG Engine               - class com.almasb.fxgl.audio.AudioPlayer
11:14:31.392 [FXGL Background Thread 3 ] DEBUG Engine               - class com.almasb.fxgl.notification.impl.NotificationServiceProvider
11:14:31.392 [FXGL Background Thread 3 ] DEBUG Engine               - class com.almasb.fxgl.achievement.AchievementService
11:14:31.392 [FXGL Background Thread 3 ] DEBUG Engine               - class com.almasb.fxgl.cutscene.CutsceneService
11:14:31.392 [FXGL Background Thread 3 ] DEBUG Engine               - class com.almasb.fxgl.minigames.MiniGameService
11:14:31.392 [FXGL Background Thread 3 ] DEBUG Engine               - class com.almasb.fxgl.net.NetService
11:14:31.393 [FXGL Background Thread 3 ] DEBUG Engine               - class com.almasb.fxgl.app.services.UpdaterService
11:14:31.393 [FXGL Background Thread 3 ] DEBUG Engine               - class com.almasb.fxgl.dev.DevService
11:14:35.481 [JavaFX Application Thread] DEBUG FXGLApplication      - Exiting FXGL
11:14:35.481 [JavaFX Application Thread] DEBUG LoopRunner           - Stopping loop
11:14:35.482 [JavaFX Application Thread] DEBUG SystemBundleService  - Saving FXGL system data
11:14:35.490 [JavaFX Application Thread] DEBUG FileSystemAccess     - Writing to: C:\javafx-FXGL\pioneer-10\system\fxgl.bundle
11:14:35.496 [JavaFX Application Thread] DEBUG Async                - Shutting down background threads
11:14:35.497 [JavaFX Application Thread] DEBUG PrimaryStageWindow   - Closing main window
11:14:35.511 [JavaFX Application Thread] DEBUG Logger               - Closing Logger
