14:50:20.060 [main                     ] DEBUG Logger               - Configured Logger
14:50:20.210 [main                     ] DEBUG GameApplication      - Logging settings
Title: Untitled
Version: 0.0
Width: 960
Height: 640
Fullscreen: false
Intro: false
Profiling: false
Single step:false
App Mode: DEVELOPER
Menu Key: ESCAPE
Stage Style: DECORATED
Scene Factory: class com.almasb.fxgl.app.scene.SceneFactory

14:50:21.075 [JavaFX Application Thread] DEBUG FXGLApplication      - Initializing FXGL
14:50:21.099 [JavaFX Application Thread] INFO  Engine               - FXGL-17+dev-SNAPSHOT (22.04.2022 11.52) on WINDOWS (J:18.0.1 FX:18)
14:50:21.101 [JavaFX Application Thread] DEBUG Engine               - JRE Vendor Name: Oracle Corporation
14:50:21.102 [JavaFX Application Thread] DEBUG Engine               - Running on OS: Windows 10 version 10.0
14:50:21.102 [JavaFX Application Thread] DEBUG Engine               - Architecture: amd64
14:50:21.102 [JavaFX Application Thread] INFO  Engine               - Source code and latest versions at: https://github.com/AlmasB/FXGL
14:50:21.103 [JavaFX Application Thread] INFO  Engine               -       Ask questions and discuss at: https://github.com/AlmasB/FXGL/discussions
14:50:21.103 [JavaFX Application Thread] INFO  Engine               -              Join the FXGL chat at: https://gitter.im/AlmasB/FXGL
14:50:21.380 [JavaFX Application Thread] DEBUG PrimaryStageWindow   - Creating a JavaFX scene
14:50:21.499 [JavaFX Application Thread] DEBUG PrimaryStageWindow   - Target settings size: 960.0 x 640.0
14:50:21.500 [JavaFX Application Thread] DEBUG PrimaryStageWindow   - Scaled scene size:    960.0 x 640.0
14:50:21.501 [JavaFX Application Thread] DEBUG PrimaryStageWindow   - Scaled ratio: (1.0, 1.0)
14:50:21.503 [JavaFX Application Thread] DEBUG PrimaryStageWindow   - Set initial scene to FXGLStartupScene
14:50:21.521 [JavaFX Application Thread] DEBUG PrimaryStageWindow   - Opening main window
14:50:21.748 [JavaFX Application Thread] DEBUG PrimaryStageWindow   - Window border size: (16.0, 39.0)
14:50:21.749 [JavaFX Application Thread] DEBUG PrimaryStageWindow   - Scaled size: 960.0 x 640.0
14:50:21.749 [JavaFX Application Thread] DEBUG PrimaryStageWindow   - Scaled ratio: (1.0, 1.0)
14:50:21.750 [JavaFX Application Thread] DEBUG PrimaryStageWindow   - Scene size: 960.0 x 640.0
14:50:21.751 [JavaFX Application Thread] DEBUG PrimaryStageWindow   - Stage size: 976.0 x 679.0
14:50:21.930 [FXGL Background Thread 1 ] DEBUG Engine               - Initializing environment variables
14:50:22.093 [FXGL Background Thread 1 ] DEBUG FXGLAssetLoaderServi - User app class for loading assets: class com.pioneer10.model.MarioAppTarocco
14:50:22.093 [FXGL Background Thread 1 ] DEBUG GameApplicationServi - Applying CSS: fxgl_dark.css
14:50:22.095 [FXGL Background Thread 1 ] DEBUG FXGLAssetLoaderServi - Loading from file system: jar:file:///C:/Users/Manuel/.m2/repository/com/github/almasb/fxgl/17+dev-SNAPSHOT/fxgl-17+dev-20220422.115207-44.jar!/fxglassets/ui/css/fxgl_dark.css
14:50:22.219 [FXGL Background Thread 1 ] DEBUG GameApplicationServi - Initializing application scenes
14:50:22.447 [FXGL Background Thread 1 ] DEBUG GameWorld            - Game world initialized
14:50:22.624 [FXGL Background Thread 1 ] DEBUG PhysicsWorld         - Physics world initialized: appHeight=640, physics.ppm=50,0
14:50:22.627 [FXGL Background Thread 1 ] DEBUG PhysicsWorld         - Using strategy: BRUTE_FORCE
14:50:22.637 [FXGL Background Thread 1 ] DEBUG GameScene            - Game scene initialized: 960x640
14:50:22.664 [FXGL Background Thread 1 ] DEBUG FXGL.DefaultMenu     - createMenuBodyGameMenu()
14:50:22.695 [FXGL Background Thread 1 ] DEBUG FXGL.DefaultMenu     - createOptionsMenu()
14:50:22.725 [FXGL Background Thread 1 ] DEBUG FXGLAssetLoaderServi - Loading from file system: jar:file:///C:/Users/Manuel/.m2/repository/com/github/almasb/fxgl/17+dev-SNAPSHOT/fxgl-17+dev-20220422.115207-44.jar!/fxglassets/textures/particles/smoke.png
14:50:22.967 [FXGL Background Thread 1 ] DEBUG FXGLAssetLoaderServi - Loading from file system: jar:file:///C:/Users/Manuel/.m2/repository/com/github/almasb/fxgl/17+dev-SNAPSHOT/fxgl-17+dev-20220422.115207-44.jar!/fxglassets/textures/particles/trace_horizontal.png
14:50:23.052 [FXGL Background Thread 1 ] DEBUG GameApplicationServi - Application scenes initialized
14:50:23.079 [FXGL Background Thread 1 ] DEBUG SystemBundleService  - Loading FXGL system data
14:50:23.089 [FXGL Background Thread 1 ] DEBUG FileSystemAccess     - Reading from: C:\javafx-FXGL\pioneer-10\system\fxgl.bundle
14:50:23.120 [FXGL Background Thread 1 ] DEBUG SystemBundleService  - Bundle FXGL: {}
14:50:23.120 [FXGL Background Thread 1 ] DEBUG UpdaterService       - Checking for updates
14:50:23.129 [FXGL Background Thread 1 ] DEBUG FXGLApplication      - Loading default localization
14:50:23.130 [FXGL Background Thread 1 ] DEBUG FXGLAssetLoaderServi - Loading from file system: jar:file:///C:/Users/Manuel/.m2/repository/com/github/almasb/fxgl/17+dev-SNAPSHOT/fxgl-17+dev-20220422.115207-44.jar!/fxglassets/languages/english.lang
14:50:23.164 [FXGL Background Thread 1 ] INFO  FXGLApplication      - FXGL initialization took: 1,233 sec
14:50:23.182 [JavaFX Application Thread] DEBUG Input                - Registered new binding: Left - A
14:50:23.182 [JavaFX Application Thread] DEBUG Input                - Registered new binding: Right - D
14:50:23.184 [JavaFX Application Thread] DEBUG Input                - Registered new binding: Jump - W
14:50:23.184 [JavaFX Application Thread] DEBUG FXGLAssetLoaderServi - Loading from file system: jar:file:///C:/Users/Manuel/.m2/repository/com/github/almasb/fxgl/17+dev-SNAPSHOT/fxgl-17+dev-20220422.115207-44.jar!/fxglassets/textures/fxgl_icon.png
14:50:23.223 [JavaFX Application Thread] DEBUG FXGLAssetLoaderServi - Loading from file system: jar:file:///C:/Users/Manuel/.m2/repository/com/github/almasb/fxgl/17+dev-SNAPSHOT/fxgl-17+dev-20220422.115207-44.jar!/fxglassets/textures/fxgl_default_cursor.png
14:50:23.227 [JavaFX Application Thread] DEBUG Input                - Registered new binding: Screenshot - CTRL+8
14:50:23.228 [JavaFX Application Thread] DEBUG Input                - Registered new binding: System info dump - CTRL+9
14:50:23.229 [JavaFX Application Thread] DEBUG Input                - Registered new binding: Restart - CTRL+R
14:50:23.230 [JavaFX Application Thread] DEBUG Input                - Registered new binding: Toggle Debug Camera - CTRL+7
14:50:23.236 [JavaFX Application Thread] DEBUG LoopRunner           - Starting loop
14:50:23.236 [JavaFX Application Thread] DEBUG LoopRunner           - Initializing JavaFX AnimationTimerLoop
14:50:23.238 [JavaFX Application Thread] DEBUG GameApplicationServi - Starting new game
14:50:23.239 [JavaFX Application Thread] DEBUG Input                - Clearing active input actions
14:50:23.265 [JavaFX Application Thread] DEBUG GameApplicationServi - Removing overlay from FXGLStartupScene and adding to FXGLLoadingScene
14:50:23.266 [JavaFX Application Thread] DEBUG PrimaryStageWindow   - FXGLStartupScene -> FXGLLoadingScene
14:50:23.266 [JavaFX Application Thread] DEBUG GameApplicationServi - Clearing previous game
14:50:23.266 [JavaFX Application Thread] DEBUG GameScene            - Clearing game scene
14:50:23.266 [JavaFX Application Thread] DEBUG GameWorld            - Clearing game world
14:50:23.266 [JavaFX Application Thread] DEBUG PhysicsWorld         - Clearing physics world
14:50:23.268 [FXGL Background Thread 1 ] DEBUG FXGLApplication      - Initializing game
14:50:23.408 [FXGL Background Thread 1 ] WARN  TMXLevelLoader       - TiledMap generated from 1.8.4. Supported version: 1.4.2. Some features may not be parsed fully.
14:50:23.434 [FXGL Background Thread 4 ] DEBUG FXGLApplication      - Loading fonts
14:50:23.457 [FXGL Background Thread 4 ] DEBUG FXGLAssetLoaderServi - Loading from file system: jar:file:///C:/Users/Manuel/.m2/repository/com/github/almasb/fxgl/17+dev-SNAPSHOT/fxgl-17+dev-20220422.115207-44.jar!/fxglassets/ui/fonts/VarelaRound-Regular.ttf
14:50:23.540 [FXGL Background Thread 1 ] DEBUG TMXLevelLoader       - Parsed TiledMap: file:/C:/javafx-FXGL/pioneer-10/target/classes/assets/levels/Terra/MappaTerra.tmx
14:50:23.543 [FXGL Background Thread 1 ] DEBUG TMXLevelLoader       - Creating tile layer entities
14:50:23.546 [FXGL Background Thread 1 ] DEBUG TilesetLoader        - Loading view for layer Livello tile 1
14:50:23.558 [FXGL Background Thread 1 ] DEBUG TilesetLoader        - Created buffer with size 4800.0x640.0
14:50:23.651 [FXGL Background Thread 1 ] WARN  TilesetLoader        - Diagonally flipped tiles are not currently supported
14:50:23.667 [FXGL Background Thread 1 ] WARN  TilesetLoader        - Diagonally flipped tiles are not currently supported
14:50:23.668 [FXGL Background Thread 1 ] WARN  TilesetLoader        - Diagonally flipped tiles are not currently supported
14:50:23.801 [FXGL Background Thread 1 ] WARN  TilesetLoader        - Diagonally flipped tiles are not currently supported
14:50:23.834 [FXGL Background Thread 1 ] WARN  TilesetLoader        - Diagonally flipped tiles are not currently supported
14:50:23.841 [FXGL Background Thread 1 ] DEBUG TMXLevelLoader       - Creating object layer entities
14:50:24.060 [FXGL Background Thread 1 ] DEBUG GameWorld            - Clearing removable entities
14:50:24.061 [FXGL Background Thread 1 ] DEBUG GameWorld            - Setting level: com.almasb.fxgl.entity.level.Level@30ab3b1f
14:50:24.152 [FXGL Background Thread 1 ] INFO  FXGLApplication      - Game initialization took: 0,884 sec
14:50:24.152 [JavaFX Application Thread] DEBUG Input                - Clearing active input actions
14:50:24.172 [JavaFX Application Thread] DEBUG GameApplicationServi - Removing overlay from FXGLLoadingScene and adding to GameScene
14:50:24.172 [JavaFX Application Thread] DEBUG PrimaryStageWindow   - FXGLLoadingScene -> GameScene
14:50:24.298 [FXGL Background Thread 4 ] DEBUG FXGLAssetLoaderServi - Loading from file system: jar:file:///C:/Users/Manuel/.m2/repository/com/github/almasb/fxgl/17+dev-SNAPSHOT/fxgl-17+dev-20220422.115207-44.jar!/fxglassets/ui/fonts/Abel-Regular.ttf
14:50:24.319 [FXGL Background Thread 4 ] DEBUG FXGLAssetLoaderServi - Loading from file system: jar:file:///C:/Users/Manuel/.m2/repository/com/github/almasb/fxgl/17+dev-SNAPSHOT/fxgl-17+dev-20220422.115207-44.jar!/fxglassets/ui/fonts/TerminalLandMono-Regular.otf
14:50:24.338 [FXGL Background Thread 4 ] DEBUG FXGLAssetLoaderServi - Loading from file system: jar:file:///C:/Users/Manuel/.m2/repository/com/github/almasb/fxgl/17+dev-SNAPSHOT/fxgl-17+dev-20220422.115207-44.jar!/fxglassets/ui/fonts/Courier-Prime.ttf
14:50:24.366 [JavaFX Application Thread] DEBUG FXGLApplication      - Registering font factories with UI factory
14:50:25.216 [FXGL Background Thread 2 ] INFO  UpdaterService       - Your current version:  17+dev-SNAPSHOT
14:50:25.217 [FXGL Background Thread 2 ] INFO  UpdaterService       - Latest stable version: 17.1
14:50:26.151 [FXGL Background Thread 3 ] DEBUG Engine               - Logging environment variables
14:50:26.152 [FXGL Background Thread 3 ] DEBUG Engine               - achievements: []
14:50:26.152 [FXGL Background Thread 3 ] DEBUG Engine               - actualHeight: 640.0
14:50:26.152 [FXGL Background Thread 3 ] DEBUG Engine               - actualHeightProperty: ReadOnlyDoubleProperty [value: 640.0]
14:50:26.153 [FXGL Background Thread 3 ] DEBUG Engine               - actualWidth: 960.0
14:50:26.153 [FXGL Background Thread 3 ] DEBUG Engine               - actualWidthProperty: ReadOnlyDoubleProperty [value: 960.0]
14:50:26.153 [FXGL Background Thread 3 ] DEBUG Engine               - appIcon: fxgl_icon.png
14:50:26.153 [FXGL Background Thread 3 ] DEBUG Engine               - applicationMode: DEVELOPER
14:50:26.153 [FXGL Background Thread 3 ] DEBUG Engine               - cSSList: [fxgl_dark.css]
14:50:26.153 [FXGL Background Thread 3 ] DEBUG Engine               - collisionDetectionStrategy: BRUTE_FORCE
14:50:26.153 [FXGL Background Thread 3 ] DEBUG Engine               - configClass: Optional.empty
14:50:26.153 [FXGL Background Thread 3 ] DEBUG Engine               - credits: []
14:50:26.154 [FXGL Background Thread 3 ] DEBUG Engine               - defaultCursor: CursorInfo(imageName=fxgl_default_cursor.png, hotspotX=7.0, hotspotY=6.0)
14:50:26.154 [FXGL Background Thread 3 ] DEBUG Engine               - devBBoxColorProperty: ObjectProperty [value: 0xff0000ff]
14:50:26.155 [FXGL Background Thread 3 ] DEBUG Engine               - devEnableDebugCameraProperty: BooleanProperty [value: false]
14:50:26.155 [FXGL Background Thread 3 ] DEBUG Engine               - devSensorColorProperty: ObjectProperty [value: 0xffff00ff]
14:50:26.155 [FXGL Background Thread 3 ] DEBUG Engine               - devShowBBoxProperty: BooleanProperty [value: false]
14:50:26.155 [FXGL Background Thread 3 ] DEBUG Engine               - devShowPositionProperty: BooleanProperty [value: false]
14:50:26.155 [FXGL Background Thread 3 ] DEBUG Engine               - enabledMenuItems: []
14:50:26.155 [FXGL Background Thread 3 ] DEBUG Engine               - engineServices: [class com.almasb.fxgl.app.services.FXGLAssetLoaderService, class com.almasb.fxgl.app.FXGLApplication$GameApplicationService, class com.almasb.fxgl.app.services.FXGLDialogService, class com.almasb.fxgl.app.services.IOTaskExecutorService, class com.almasb.fxgl.io.FileSystemService, class com.almasb.fxgl.localization.LocalizationService, class com.almasb.fxgl.app.services.SystemBundleService, class com.almasb.fxgl.profile.SaveLoadService, class com.almasb.fxgl.ui.FXGLUIFactoryServiceProvider, class com.almasb.fxgl.ui.FXGLDialogFactoryServiceProvider, class com.almasb.fxgl.audio.AudioPlayer, class com.almasb.fxgl.notification.impl.NotificationServiceProvider, class com.almasb.fxgl.achievement.AchievementService, class com.almasb.fxgl.cutscene.CutsceneService, class com.almasb.fxgl.minigames.MiniGameService, class com.almasb.fxgl.net.NetService, class com.almasb.fxgl.app.services.UpdaterService, class com.almasb.fxgl.dev.DevService]
14:50:26.155 [FXGL Background Thread 3 ] DEBUG Engine               - fontGame: Abel-Regular.ttf
14:50:26.155 [FXGL Background Thread 3 ] DEBUG Engine               - fontMono: TerminalLandMono-Regular.otf
14:50:26.155 [FXGL Background Thread 3 ] DEBUG Engine               - fontText: Courier-Prime.ttf
14:50:26.155 [FXGL Background Thread 3 ] DEBUG Engine               - fontUI: VarelaRound-Regular.ttf
14:50:26.156 [FXGL Background Thread 3 ] DEBUG Engine               - fullScreen: BooleanProperty [value: false]
14:50:26.156 [FXGL Background Thread 3 ] DEBUG Engine               - gameDifficulty: MEDIUM
14:50:26.156 [FXGL Background Thread 3 ] DEBUG Engine               - gameDifficultyProperty: ObjectProperty [value: MEDIUM]
14:50:26.156 [FXGL Background Thread 3 ] DEBUG Engine               - globalMusicVolume: 0.5
14:50:26.156 [FXGL Background Thread 3 ] DEBUG Engine               - globalMusicVolumeProperty: DoubleProperty [value: 0.5]
14:50:26.156 [FXGL Background Thread 3 ] DEBUG Engine               - globalSoundVolume: 0.5
14:50:26.156 [FXGL Background Thread 3 ] DEBUG Engine               - globalSoundVolumeProperty: DoubleProperty [value: 0.5]
14:50:26.156 [FXGL Background Thread 3 ] DEBUG Engine               - height: 640
14:50:26.156 [FXGL Background Thread 3 ] DEBUG Engine               - is3D: false
14:50:26.156 [FXGL Background Thread 3 ] DEBUG Engine               - isAndroid: false
14:50:26.157 [FXGL Background Thread 3 ] DEBUG Engine               - isBrowser: false
14:50:26.157 [FXGL Background Thread 3 ] DEBUG Engine               - isClickFeedbackEnabled: false
14:50:26.157 [FXGL Background Thread 3 ] DEBUG Engine               - isCloseConfirmation: false
14:50:26.157 [FXGL Background Thread 3 ] DEBUG Engine               - isDesktop: true
14:50:26.157 [FXGL Background Thread 3 ] DEBUG Engine               - isDeveloperMenuEnabled: false
14:50:26.157 [FXGL Background Thread 3 ] DEBUG Engine               - isEmbedded: false
14:50:26.157 [FXGL Background Thread 3 ] DEBUG Engine               - isEntityPreloadEnabled: true
14:50:26.158 [FXGL Background Thread 3 ] DEBUG Engine               - isExperimentalTiledLargeMap: false
14:50:26.158 [FXGL Background Thread 3 ] DEBUG Engine               - isFileSystemWriteAllowed: true
14:50:26.158 [FXGL Background Thread 3 ] DEBUG Engine               - isFullScreenAllowed: false
14:50:26.158 [FXGL Background Thread 3 ] DEBUG Engine               - isFullScreenFromStart: false
14:50:26.158 [FXGL Background Thread 3 ] DEBUG Engine               - isGameMenuEnabled: true
14:50:26.158 [FXGL Background Thread 3 ] DEBUG Engine               - isIOS: false
14:50:26.158 [FXGL Background Thread 3 ] DEBUG Engine               - isIntroEnabled: false
14:50:26.158 [FXGL Background Thread 3 ] DEBUG Engine               - isLinux: false
14:50:26.158 [FXGL Background Thread 3 ] DEBUG Engine               - isMac: false
14:50:26.161 [FXGL Background Thread 3 ] DEBUG Engine               - isMainMenuEnabled: false
14:50:26.161 [FXGL Background Thread 3 ] DEBUG Engine               - isManualResizeEnabled: false
14:50:26.161 [FXGL Background Thread 3 ] DEBUG Engine               - isMobile: false
14:50:26.161 [FXGL Background Thread 3 ] DEBUG Engine               - isNative: false
14:50:26.161 [FXGL Background Thread 3 ] DEBUG Engine               - isPauseMusicWhenMinimized: true
14:50:26.161 [FXGL Background Thread 3 ] DEBUG Engine               - isPreserveResizeRatio: false
14:50:26.162 [FXGL Background Thread 3 ] DEBUG Engine               - isProfilingEnabled: false
14:50:26.162 [FXGL Background Thread 3 ] DEBUG Engine               - isScaleAffectedOnResize: true
14:50:26.162 [FXGL Background Thread 3 ] DEBUG Engine               - isSingleStep: false
14:50:26.162 [FXGL Background Thread 3 ] DEBUG Engine               - isUserProfileEnabled: false
14:50:26.162 [FXGL Background Thread 3 ] DEBUG Engine               - isWindows: true
14:50:26.163 [FXGL Background Thread 3 ] DEBUG Engine               - language: ObjectProperty [value: ENGLISH]
14:50:26.163 [FXGL Background Thread 3 ] DEBUG Engine               - menuKey: ESCAPE
14:50:26.164 [FXGL Background Thread 3 ] DEBUG Engine               - mouseSensitivity: 0.2
14:50:26.164 [FXGL Background Thread 3 ] DEBUG Engine               - notificationViewClass: class com.almasb.fxgl.notification.view.XboxNotificationView
14:50:26.165 [FXGL Background Thread 3 ] DEBUG Engine               - pixelsPerMeter: 50.0
14:50:26.165 [FXGL Background Thread 3 ] DEBUG Engine               - platform: WINDOWS
14:50:26.165 [FXGL Background Thread 3 ] DEBUG Engine               - prefHeightProperty: ReadOnlyDoubleProperty [value: 640.0]
14:50:26.166 [FXGL Background Thread 3 ] DEBUG Engine               - prefWidthProperty: ReadOnlyDoubleProperty [value: 960.0]
14:50:26.166 [FXGL Background Thread 3 ] DEBUG Engine               - profileDir: profiles/
14:50:26.167 [FXGL Background Thread 3 ] DEBUG Engine               - profileName: StringProperty [value: DEFAULT]
14:50:26.167 [FXGL Background Thread 3 ] DEBUG Engine               - randomSeed: -1
14:50:26.168 [FXGL Background Thread 3 ] DEBUG Engine               - runtimeInfo: RuntimeInfo(platform=WINDOWS, version=17+dev-SNAPSHOT, build=22.04.2022 11.52)
14:50:26.168 [FXGL Background Thread 3 ] DEBUG Engine               - saveFileExt: sav
14:50:26.168 [FXGL Background Thread 3 ] DEBUG Engine               - scaledHeightProp$fxgl: DoubleProperty [bound, value: 640.0]
14:50:26.168 [FXGL Background Thread 3 ] DEBUG Engine               - scaledWidthProp$fxgl: DoubleProperty [bound, value: 960.0]
14:50:26.168 [FXGL Background Thread 3 ] DEBUG Engine               - sceneFactory: com.almasb.fxgl.app.scene.SceneFactory@28741e7a
14:50:26.169 [FXGL Background Thread 3 ] DEBUG Engine               - secondsIn24h: 60
14:50:26.169 [FXGL Background Thread 3 ] DEBUG Engine               - soundMenuBack: menu/back.wav
14:50:26.169 [FXGL Background Thread 3 ] DEBUG Engine               - soundMenuPress: menu/press.wav
14:50:26.169 [FXGL Background Thread 3 ] DEBUG Engine               - soundMenuSelect: menu/select.wav
14:50:26.169 [FXGL Background Thread 3 ] DEBUG Engine               - soundNotification: core/notification.wav
14:50:26.169 [FXGL Background Thread 3 ] DEBUG Engine               - stageStyle: DECORATED
14:50:26.169 [FXGL Background Thread 3 ] DEBUG Engine               - supportedLanguages: [ENGLISH, FRENCH, GERMAN, HUNGARIAN, RUSSIAN]
14:50:26.169 [FXGL Background Thread 3 ] DEBUG Engine               - ticksPerSecond: -1
14:50:26.169 [FXGL Background Thread 3 ] DEBUG Engine               - title: Untitled
14:50:26.169 [FXGL Background Thread 3 ] DEBUG Engine               - urlGithub: https://github.com/AlmasB/FXGL
14:50:26.170 [FXGL Background Thread 3 ] DEBUG Engine               - urlLeaderboard: http://fxgl-top.herokuapp.com/
14:50:26.170 [FXGL Background Thread 3 ] DEBUG Engine               - urlPOM: https://raw.githubusercontent.com/AlmasB/FXGL/release/README.md
14:50:26.170 [FXGL Background Thread 3 ] DEBUG Engine               - userAppClass: class com.pioneer10.model.MarioAppTarocco
14:50:26.170 [FXGL Background Thread 3 ] DEBUG Engine               - version: 0.0
14:50:26.171 [FXGL Background Thread 3 ] DEBUG Engine               - versionCheckDays: 7
14:50:26.171 [FXGL Background Thread 3 ] DEBUG Engine               - width: 960
14:50:26.171 [FXGL Background Thread 3 ] DEBUG Engine               - Logging services
14:50:26.171 [FXGL Background Thread 3 ] DEBUG Engine               - class com.almasb.fxgl.app.services.FXGLAssetLoaderService
14:50:26.171 [FXGL Background Thread 3 ] DEBUG Engine               - class com.almasb.fxgl.app.FXGLApplication$GameApplicationService
14:50:26.171 [FXGL Background Thread 3 ] DEBUG Engine               - class com.almasb.fxgl.app.services.FXGLDialogService
14:50:26.171 [FXGL Background Thread 3 ] DEBUG Engine               - class com.almasb.fxgl.app.services.IOTaskExecutorService
14:50:26.171 [FXGL Background Thread 3 ] DEBUG Engine               - class com.almasb.fxgl.io.FileSystemService
14:50:26.171 [FXGL Background Thread 3 ] DEBUG Engine               - class com.almasb.fxgl.localization.LocalizationService
14:50:26.171 [FXGL Background Thread 3 ] DEBUG Engine               - class com.almasb.fxgl.app.services.SystemBundleService
14:50:26.171 [FXGL Background Thread 3 ] DEBUG Engine               - class com.almasb.fxgl.profile.SaveLoadService
14:50:26.171 [FXGL Background Thread 3 ] DEBUG Engine               - class com.almasb.fxgl.ui.FXGLUIFactoryServiceProvider
14:50:26.172 [FXGL Background Thread 3 ] DEBUG Engine               - class com.almasb.fxgl.ui.FXGLDialogFactoryServiceProvider
14:50:26.172 [FXGL Background Thread 3 ] DEBUG Engine               - class com.almasb.fxgl.audio.AudioPlayer
14:50:26.172 [FXGL Background Thread 3 ] DEBUG Engine               - class com.almasb.fxgl.notification.impl.NotificationServiceProvider
14:50:26.172 [FXGL Background Thread 3 ] DEBUG Engine               - class com.almasb.fxgl.achievement.AchievementService
14:50:26.172 [FXGL Background Thread 3 ] DEBUG Engine               - class com.almasb.fxgl.cutscene.CutsceneService
14:50:26.172 [FXGL Background Thread 3 ] DEBUG Engine               - class com.almasb.fxgl.minigames.MiniGameService
14:50:26.172 [FXGL Background Thread 3 ] DEBUG Engine               - class com.almasb.fxgl.net.NetService
14:50:26.173 [FXGL Background Thread 3 ] DEBUG Engine               - class com.almasb.fxgl.app.services.UpdaterService
14:50:26.173 [FXGL Background Thread 3 ] DEBUG Engine               - class com.almasb.fxgl.dev.DevService
14:50:35.923 [JavaFX Application Thread] DEBUG FXGLApplication      - Exiting FXGL
14:50:35.923 [JavaFX Application Thread] DEBUG LoopRunner           - Stopping loop
14:50:35.923 [JavaFX Application Thread] DEBUG SystemBundleService  - Saving FXGL system data
14:50:35.928 [JavaFX Application Thread] DEBUG FileSystemAccess     - Writing to: C:\javafx-FXGL\pioneer-10\system\fxgl.bundle
14:50:35.933 [JavaFX Application Thread] DEBUG Async                - Shutting down background threads
14:50:35.933 [JavaFX Application Thread] DEBUG PrimaryStageWindow   - Closing main window
14:50:35.979 [JavaFX Application Thread] DEBUG Logger               - Closing Logger
