11:16:07.686 [main                     ] DEBUG Logger               - Configured Logger
11:16:07.740 [main                     ] DEBUG GameApplication      - Logging settings
Title: Pioneer-10
Terra
Version: 0.0
Width: 1200
Height: 640
Fullscreen: false
Intro: false
Profiling: false
Single step:false
App Mode: DEVELOPER
Menu Key: ESCAPE
Stage Style: DECORATED
Scene Factory: class com.almasb.fxgl.app.scene.SceneFactory

11:16:08.288 [JavaFX Application Thread] DEBUG FXGLApplication      - Initializing FXGL
11:16:08.307 [JavaFX Application Thread] INFO  Engine               - FXGL-17+dev-SNAPSHOT (22.04.2022 11.52) on WINDOWS (J:18.0.1 FX:18)
11:16:08.307 [JavaFX Application Thread] DEBUG Engine               - JRE Vendor Name: Oracle Corporation
11:16:08.307 [JavaFX Application Thread] DEBUG Engine               - Running on OS: Windows 10 version 10.0
11:16:08.308 [JavaFX Application Thread] DEBUG Engine               - Architecture: amd64
11:16:08.308 [JavaFX Application Thread] INFO  Engine               - Source code and latest versions at: https://github.com/AlmasB/FXGL
11:16:08.308 [JavaFX Application Thread] INFO  Engine               -       Ask questions and discuss at: https://github.com/AlmasB/FXGL/discussions
11:16:08.309 [JavaFX Application Thread] INFO  Engine               -              Join the FXGL chat at: https://gitter.im/AlmasB/FXGL
11:16:08.493 [JavaFX Application Thread] DEBUG PrimaryStageWindow   - Creating a JavaFX scene
11:16:08.577 [JavaFX Application Thread] DEBUG PrimaryStageWindow   - Target settings size: 1200.0 x 640.0
11:16:08.577 [JavaFX Application Thread] DEBUG PrimaryStageWindow   - Scaled scene size:    1200.0 x 640.0
11:16:08.578 [JavaFX Application Thread] DEBUG PrimaryStageWindow   - Scaled ratio: (1.0, 1.0)
11:16:08.580 [JavaFX Application Thread] DEBUG PrimaryStageWindow   - Set initial scene to FXGLStartupScene
11:16:08.594 [JavaFX Application Thread] DEBUG PrimaryStageWindow   - Opening main window
11:16:08.748 [JavaFX Application Thread] DEBUG PrimaryStageWindow   - Window border size: (16.0, 39.0)
11:16:08.748 [JavaFX Application Thread] DEBUG PrimaryStageWindow   - Scaled size: 1200.0 x 640.0
11:16:08.749 [JavaFX Application Thread] DEBUG PrimaryStageWindow   - Scaled ratio: (1.0, 1.0)
11:16:08.750 [JavaFX Application Thread] DEBUG PrimaryStageWindow   - Scene size: 1200.0 x 640.0
11:16:08.750 [JavaFX Application Thread] DEBUG PrimaryStageWindow   - Stage size: 1216.0 x 679.0
11:16:08.800 [FXGL Background Thread 1 ] DEBUG Engine               - Initializing environment variables
11:16:08.915 [FXGL Background Thread 1 ] DEBUG FXGLAssetLoaderServi - User app class for loading assets: class com.pioneer10.model.LivTerra
11:16:08.916 [FXGL Background Thread 1 ] DEBUG GameApplicationServi - Applying CSS: fxgl_dark.css
11:16:08.920 [FXGL Background Thread 1 ] DEBUG FXGLAssetLoaderServi - Loading from file system: jar:file:///C:/Users/Manuel/.m2/repository/com/github/almasb/fxgl/17+dev-SNAPSHOT/fxgl-17+dev-20220422.115207-44.jar!/fxglassets/ui/css/fxgl_dark.css
11:16:09.048 [FXGL Background Thread 1 ] DEBUG GameApplicationServi - Initializing application scenes
11:16:09.152 [FXGL Background Thread 1 ] DEBUG GameWorld            - Game world initialized
11:16:09.270 [FXGL Background Thread 1 ] DEBUG PhysicsWorld         - Physics world initialized: appHeight=640, physics.ppm=50,0
11:16:09.271 [FXGL Background Thread 1 ] DEBUG PhysicsWorld         - Using strategy: BRUTE_FORCE
11:16:09.278 [FXGL Background Thread 1 ] DEBUG GameScene            - Game scene initialized: 1200x640
11:16:09.301 [FXGL Background Thread 1 ] DEBUG FXGL.DefaultMenu     - createMenuBodyGameMenu()
11:16:09.328 [FXGL Background Thread 1 ] DEBUG FXGL.DefaultMenu     - createOptionsMenu()
11:16:09.351 [FXGL Background Thread 1 ] DEBUG FXGLAssetLoaderServi - Loading from file system: jar:file:///C:/Users/Manuel/.m2/repository/com/github/almasb/fxgl/17+dev-SNAPSHOT/fxgl-17+dev-20220422.115207-44.jar!/fxglassets/textures/particles/smoke.png
11:16:09.546 [FXGL Background Thread 1 ] DEBUG FXGLAssetLoaderServi - Loading from file system: jar:file:///C:/Users/Manuel/.m2/repository/com/github/almasb/fxgl/17+dev-SNAPSHOT/fxgl-17+dev-20220422.115207-44.jar!/fxglassets/textures/particles/trace_horizontal.png
11:16:09.618 [FXGL Background Thread 1 ] DEBUG GameApplicationServi - Application scenes initialized
11:16:09.641 [FXGL Background Thread 1 ] DEBUG SystemBundleService  - Loading FXGL system data
11:16:09.649 [FXGL Background Thread 1 ] DEBUG FileSystemAccess     - Reading from: C:\javafx-FXGL\pioneer-10\system\fxgl.bundle
11:16:09.664 [FXGL Background Thread 1 ] DEBUG SystemBundleService  - Bundle FXGL: {}
11:16:09.664 [FXGL Background Thread 1 ] DEBUG UpdaterService       - Checking for updates
11:16:09.673 [FXGL Background Thread 1 ] DEBUG FXGLApplication      - Loading default localization
11:16:09.674 [FXGL Background Thread 1 ] DEBUG FXGLAssetLoaderServi - Loading from file system: jar:file:///C:/Users/Manuel/.m2/repository/com/github/almasb/fxgl/17+dev-SNAPSHOT/fxgl-17+dev-20220422.115207-44.jar!/fxglassets/languages/english.lang
11:16:09.673 [FXGL Background Thread 4 ] DEBUG FXGLApplication      - Loading fonts
11:16:09.677 [FXGL Background Thread 4 ] DEBUG FXGLAssetLoaderServi - Loading from file system: jar:file:///C:/Users/Manuel/.m2/repository/com/github/almasb/fxgl/17+dev-SNAPSHOT/fxgl-17+dev-20220422.115207-44.jar!/fxglassets/ui/fonts/VarelaRound-Regular.ttf
11:16:09.712 [FXGL Background Thread 1 ] INFO  FXGLApplication      - FXGL initialization took: 0,913 sec
11:16:09.731 [JavaFX Application Thread] DEBUG Input                - Registered new binding: Left - A
11:16:09.731 [JavaFX Application Thread] DEBUG Input                - Registered new binding: Right - D
11:16:09.732 [JavaFX Application Thread] DEBUG Input                - Registered new binding: Jump - Space
11:16:09.732 [JavaFX Application Thread] DEBUG FXGLAssetLoaderServi - Loading from file system: file:/C:/javafx-FXGL/pioneer-10/target/classes/assets/music/Minecraft.mp3
11:16:09.934 [FXGL Background Thread 4 ] DEBUG FXGLAssetLoaderServi - Loading from file system: jar:file:///C:/Users/Manuel/.m2/repository/com/github/almasb/fxgl/17+dev-SNAPSHOT/fxgl-17+dev-20220422.115207-44.jar!/fxglassets/ui/fonts/Abel-Regular.ttf
11:16:09.955 [FXGL Background Thread 4 ] DEBUG FXGLAssetLoaderServi - Loading from file system: jar:file:///C:/Users/Manuel/.m2/repository/com/github/almasb/fxgl/17+dev-SNAPSHOT/fxgl-17+dev-20220422.115207-44.jar!/fxglassets/ui/fonts/TerminalLandMono-Regular.otf
11:16:09.983 [FXGL Background Thread 4 ] DEBUG FXGLAssetLoaderServi - Loading from file system: jar:file:///C:/Users/Manuel/.m2/repository/com/github/almasb/fxgl/17+dev-SNAPSHOT/fxgl-17+dev-20220422.115207-44.jar!/fxglassets/ui/fonts/Courier-Prime.ttf
11:16:10.049 [JavaFX Application Thread] DEBUG AudioPlayer          - Playing music com.almasb.fxgl.audio.Music@66ce0fc0
11:16:10.052 [JavaFX Application Thread] DEBUG FXGLAssetLoaderServi - Loading from file system: jar:file:///C:/Users/Manuel/.m2/repository/com/github/almasb/fxgl/17+dev-SNAPSHOT/fxgl-17+dev-20220422.115207-44.jar!/fxglassets/textures/fxgl_icon.png
11:16:10.098 [JavaFX Application Thread] DEBUG FXGLAssetLoaderServi - Loading from file system: jar:file:///C:/Users/Manuel/.m2/repository/com/github/almasb/fxgl/17+dev-SNAPSHOT/fxgl-17+dev-20220422.115207-44.jar!/fxglassets/textures/fxgl_default_cursor.png
11:16:10.128 [JavaFX Application Thread] DEBUG Input                - Registered new binding: Screenshot - CTRL+8
11:16:10.135 [JavaFX Application Thread] DEBUG Input                - Registered new binding: System info dump - CTRL+9
11:16:10.136 [JavaFX Application Thread] DEBUG Input                - Registered new binding: Restart - CTRL+R
11:16:10.137 [JavaFX Application Thread] DEBUG Input                - Registered new binding: Toggle Debug Camera - CTRL+7
11:16:10.140 [JavaFX Application Thread] DEBUG LoopRunner           - Starting loop
11:16:10.140 [JavaFX Application Thread] DEBUG LoopRunner           - Initializing JavaFX AnimationTimerLoop
11:16:10.143 [JavaFX Application Thread] DEBUG GameApplicationServi - Starting new game
11:16:10.144 [JavaFX Application Thread] DEBUG Input                - Clearing active input actions
11:16:10.197 [JavaFX Application Thread] DEBUG GameApplicationServi - Removing overlay from FXGLStartupScene and adding to FXGLLoadingScene
11:16:10.198 [JavaFX Application Thread] DEBUG PrimaryStageWindow   - FXGLStartupScene -> FXGLLoadingScene
11:16:10.198 [JavaFX Application Thread] DEBUG GameApplicationServi - Clearing previous game
11:16:10.198 [JavaFX Application Thread] DEBUG GameScene            - Clearing game scene
11:16:10.198 [JavaFX Application Thread] DEBUG GameWorld            - Clearing game world
11:16:10.199 [JavaFX Application Thread] DEBUG PhysicsWorld         - Clearing physics world
11:16:10.201 [FXGL Background Thread 4 ] DEBUG FXGLApplication      - Initializing game
11:16:10.201 [JavaFX Application Thread] DEBUG FXGLApplication      - Registering font factories with UI factory
11:16:10.342 [FXGL Background Thread 4 ] WARN  TMXLevelLoader       - TiledMap generated from 1.8.4. Supported version: 1.4.2. Some features may not be parsed fully.
11:16:10.401 [FXGL Background Thread 4 ] DEBUG TMXLevelLoader       - Parsed TiledMap: file:/C:/javafx-FXGL/pioneer-10/target/classes/assets/levels/Terra/MappaTerra.tmx
11:16:10.403 [FXGL Background Thread 4 ] DEBUG TMXLevelLoader       - Creating tile layer entities
11:16:10.405 [FXGL Background Thread 4 ] DEBUG TilesetLoader        - Loading view for layer Livello tile 1
11:16:10.414 [FXGL Background Thread 4 ] DEBUG TilesetLoader        - Created buffer with size 4800.0x640.0
11:16:10.497 [FXGL Background Thread 4 ] WARN  TilesetLoader        - Diagonally flipped tiles are not currently supported
11:16:10.533 [FXGL Background Thread 4 ] WARN  TilesetLoader        - Diagonally flipped tiles are not currently supported
11:16:10.534 [FXGL Background Thread 4 ] WARN  TilesetLoader        - Diagonally flipped tiles are not currently supported
11:16:10.659 [FXGL Background Thread 4 ] WARN  TilesetLoader        - Diagonally flipped tiles are not currently supported
11:16:10.672 [FXGL Background Thread 4 ] WARN  TilesetLoader        - Diagonally flipped tiles are not currently supported
11:16:10.675 [FXGL Background Thread 4 ] DEBUG TilesetLoader        - Loading view for layer Livello tile 2
11:16:10.685 [FXGL Background Thread 4 ] DEBUG TilesetLoader        - Created buffer with size 4800.0x640.0
11:16:10.689 [FXGL Background Thread 4 ] DEBUG TilesetLoader        - Loading view for layer Livello tile 3
11:16:10.700 [FXGL Background Thread 4 ] DEBUG TilesetLoader        - Created buffer with size 4800.0x640.0
11:16:10.702 [FXGL Background Thread 4 ] DEBUG TMXLevelLoader       - Creating object layer entities
11:16:10.714 [FXGL Background Thread 2 ] INFO  UpdaterService       - Your current version:  17+dev-SNAPSHOT
11:16:10.714 [FXGL Background Thread 2 ] INFO  UpdaterService       - Latest stable version: 17.1
11:16:11.136 [FXGL Background Thread 4 ] DEBUG GameWorld            - Clearing removable entities
11:16:11.137 [FXGL Background Thread 4 ] DEBUG GameWorld            - Setting level: com.almasb.fxgl.entity.level.Level@743aeecb
11:16:11.265 [FXGL Background Thread 4 ] INFO  FXGLApplication      - Game initialization took: 1,065 sec
11:16:11.519 [JavaFX Application Thread] DEBUG Input                - Clearing active input actions
11:16:11.544 [JavaFX Application Thread] DEBUG GameApplicationServi - Removing overlay from FXGLLoadingScene and adding to GameScene
11:16:11.544 [JavaFX Application Thread] DEBUG PrimaryStageWindow   - FXGLLoadingScene -> GameScene
11:16:12.670 [FXGL Background Thread 3 ] DEBUG Engine               - Logging environment variables
11:16:12.671 [FXGL Background Thread 3 ] DEBUG Engine               - achievements: []
11:16:12.671 [FXGL Background Thread 3 ] DEBUG Engine               - actualHeight: 640.0
11:16:12.672 [FXGL Background Thread 3 ] DEBUG Engine               - actualHeightProperty: ReadOnlyDoubleProperty [value: 640.0]
11:16:12.672 [FXGL Background Thread 3 ] DEBUG Engine               - actualWidth: 1200.0
11:16:12.672 [FXGL Background Thread 3 ] DEBUG Engine               - actualWidthProperty: ReadOnlyDoubleProperty [value: 1200.0]
11:16:12.672 [FXGL Background Thread 3 ] DEBUG Engine               - appIcon: fxgl_icon.png
11:16:12.672 [FXGL Background Thread 3 ] DEBUG Engine               - applicationMode: DEVELOPER
11:16:12.672 [FXGL Background Thread 3 ] DEBUG Engine               - cSSList: [fxgl_dark.css]
11:16:12.672 [FXGL Background Thread 3 ] DEBUG Engine               - collisionDetectionStrategy: BRUTE_FORCE
11:16:12.672 [FXGL Background Thread 3 ] DEBUG Engine               - configClass: Optional.empty
11:16:12.673 [FXGL Background Thread 3 ] DEBUG Engine               - credits: []
11:16:12.674 [FXGL Background Thread 3 ] DEBUG Engine               - defaultCursor: CursorInfo(imageName=fxgl_default_cursor.png, hotspotX=7.0, hotspotY=6.0)
11:16:12.674 [FXGL Background Thread 3 ] DEBUG Engine               - devBBoxColorProperty: ObjectProperty [value: 0xff0000ff]
11:16:12.675 [FXGL Background Thread 3 ] DEBUG Engine               - devEnableDebugCameraProperty: BooleanProperty [value: false]
11:16:12.675 [FXGL Background Thread 3 ] DEBUG Engine               - devSensorColorProperty: ObjectProperty [value: 0xffff00ff]
11:16:12.675 [FXGL Background Thread 3 ] DEBUG Engine               - devShowBBoxProperty: BooleanProperty [value: false]
11:16:12.675 [FXGL Background Thread 3 ] DEBUG Engine               - devShowPositionProperty: BooleanProperty [value: false]
11:16:12.675 [FXGL Background Thread 3 ] DEBUG Engine               - enabledMenuItems: []
11:16:12.675 [FXGL Background Thread 3 ] DEBUG Engine               - engineServices: [class com.almasb.fxgl.app.services.FXGLAssetLoaderService, class com.almasb.fxgl.app.FXGLApplication$GameApplicationService, class com.almasb.fxgl.app.services.FXGLDialogService, class com.almasb.fxgl.app.services.IOTaskExecutorService, class com.almasb.fxgl.io.FileSystemService, class com.almasb.fxgl.localization.LocalizationService, class com.almasb.fxgl.app.services.SystemBundleService, class com.almasb.fxgl.profile.SaveLoadService, class com.almasb.fxgl.ui.FXGLUIFactoryServiceProvider, class com.almasb.fxgl.ui.FXGLDialogFactoryServiceProvider, class com.almasb.fxgl.audio.AudioPlayer, class com.almasb.fxgl.notification.impl.NotificationServiceProvider, class com.almasb.fxgl.achievement.AchievementService, class com.almasb.fxgl.cutscene.CutsceneService, class com.almasb.fxgl.minigames.MiniGameService, class com.almasb.fxgl.net.NetService, class com.almasb.fxgl.app.services.UpdaterService, class com.almasb.fxgl.dev.DevService]
11:16:12.676 [FXGL Background Thread 3 ] DEBUG Engine               - fontGame: Abel-Regular.ttf
11:16:12.676 [FXGL Background Thread 3 ] DEBUG Engine               - fontMono: TerminalLandMono-Regular.otf
11:16:12.676 [FXGL Background Thread 3 ] DEBUG Engine               - fontText: Courier-Prime.ttf
11:16:12.676 [FXGL Background Thread 3 ] DEBUG Engine               - fontUI: VarelaRound-Regular.ttf
11:16:12.676 [FXGL Background Thread 3 ] DEBUG Engine               - fullScreen: BooleanProperty [value: false]
11:16:12.676 [FXGL Background Thread 3 ] DEBUG Engine               - gameDifficulty: MEDIUM
11:16:12.676 [FXGL Background Thread 3 ] DEBUG Engine               - gameDifficultyProperty: ObjectProperty [value: MEDIUM]
11:16:12.676 [FXGL Background Thread 3 ] DEBUG Engine               - globalMusicVolume: 0.5
11:16:12.676 [FXGL Background Thread 3 ] DEBUG Engine               - globalMusicVolumeProperty: DoubleProperty [value: 0.25]
11:16:12.677 [FXGL Background Thread 3 ] DEBUG Engine               - globalSoundVolume: 0.5
11:16:12.677 [FXGL Background Thread 3 ] DEBUG Engine               - globalSoundVolumeProperty: DoubleProperty [value: 0.5]
11:16:12.677 [FXGL Background Thread 3 ] DEBUG Engine               - height: 640
11:16:12.677 [FXGL Background Thread 3 ] DEBUG Engine               - is3D: false
11:16:12.677 [FXGL Background Thread 3 ] DEBUG Engine               - isAndroid: false
11:16:12.677 [FXGL Background Thread 3 ] DEBUG Engine               - isBrowser: false
11:16:12.677 [FXGL Background Thread 3 ] DEBUG Engine               - isClickFeedbackEnabled: false
11:16:12.677 [FXGL Background Thread 3 ] DEBUG Engine               - isCloseConfirmation: false
11:16:12.678 [FXGL Background Thread 3 ] DEBUG Engine               - isDesktop: true
11:16:12.678 [FXGL Background Thread 3 ] DEBUG Engine               - isDeveloperMenuEnabled: false
11:16:12.678 [FXGL Background Thread 3 ] DEBUG Engine               - isEmbedded: false
11:16:12.678 [FXGL Background Thread 3 ] DEBUG Engine               - isEntityPreloadEnabled: true
11:16:12.678 [FXGL Background Thread 3 ] DEBUG Engine               - isExperimentalTiledLargeMap: false
11:16:12.678 [FXGL Background Thread 3 ] DEBUG Engine               - isFileSystemWriteAllowed: true
11:16:12.678 [FXGL Background Thread 3 ] DEBUG Engine               - isFullScreenAllowed: false
11:16:12.678 [FXGL Background Thread 3 ] DEBUG Engine               - isFullScreenFromStart: false
11:16:12.678 [FXGL Background Thread 3 ] DEBUG Engine               - isGameMenuEnabled: true
11:16:12.678 [FXGL Background Thread 3 ] DEBUG Engine               - isIOS: false
11:16:12.678 [FXGL Background Thread 3 ] DEBUG Engine               - isIntroEnabled: false
11:16:12.678 [FXGL Background Thread 3 ] DEBUG Engine               - isLinux: false
11:16:12.679 [FXGL Background Thread 3 ] DEBUG Engine               - isMac: false
11:16:12.679 [FXGL Background Thread 3 ] DEBUG Engine               - isMainMenuEnabled: false
11:16:12.679 [FXGL Background Thread 3 ] DEBUG Engine               - isManualResizeEnabled: false
11:16:12.679 [FXGL Background Thread 3 ] DEBUG Engine               - isMobile: false
11:16:12.679 [FXGL Background Thread 3 ] DEBUG Engine               - isNative: false
11:16:12.679 [FXGL Background Thread 3 ] DEBUG Engine               - isPauseMusicWhenMinimized: true
11:16:12.679 [FXGL Background Thread 3 ] DEBUG Engine               - isPreserveResizeRatio: false
11:16:12.679 [FXGL Background Thread 3 ] DEBUG Engine               - isProfilingEnabled: false
11:16:12.679 [FXGL Background Thread 3 ] DEBUG Engine               - isScaleAffectedOnResize: true
11:16:12.679 [FXGL Background Thread 3 ] DEBUG Engine               - isSingleStep: false
11:16:12.679 [FXGL Background Thread 3 ] DEBUG Engine               - isUserProfileEnabled: false
11:16:12.680 [FXGL Background Thread 3 ] DEBUG Engine               - isWindows: true
11:16:12.680 [FXGL Background Thread 3 ] DEBUG Engine               - language: ObjectProperty [value: ENGLISH]
11:16:12.680 [FXGL Background Thread 3 ] DEBUG Engine               - menuKey: ESCAPE
11:16:12.680 [FXGL Background Thread 3 ] DEBUG Engine               - mouseSensitivity: 0.2
11:16:12.680 [FXGL Background Thread 3 ] DEBUG Engine               - notificationViewClass: class com.almasb.fxgl.notification.view.XboxNotificationView
11:16:12.680 [FXGL Background Thread 3 ] DEBUG Engine               - pixelsPerMeter: 50.0
11:16:12.680 [FXGL Background Thread 3 ] DEBUG Engine               - platform: WINDOWS
11:16:12.680 [FXGL Background Thread 3 ] DEBUG Engine               - prefHeightProperty: ReadOnlyDoubleProperty [value: 640.0]
11:16:12.681 [FXGL Background Thread 3 ] DEBUG Engine               - prefWidthProperty: ReadOnlyDoubleProperty [value: 1200.0]
11:16:12.681 [FXGL Background Thread 3 ] DEBUG Engine               - profileDir: profiles/
11:16:12.681 [FXGL Background Thread 3 ] DEBUG Engine               - profileName: StringProperty [value: DEFAULT]
11:16:12.681 [FXGL Background Thread 3 ] DEBUG Engine               - randomSeed: -1
11:16:12.682 [FXGL Background Thread 3 ] DEBUG Engine               - runtimeInfo: RuntimeInfo(platform=WINDOWS, version=17+dev-SNAPSHOT, build=22.04.2022 11.52)
11:16:12.682 [FXGL Background Thread 3 ] DEBUG Engine               - saveFileExt: sav
11:16:12.682 [FXGL Background Thread 3 ] DEBUG Engine               - scaledHeightProp$fxgl: DoubleProperty [bound, value: 640.0]
11:16:12.683 [FXGL Background Thread 3 ] DEBUG Engine               - scaledWidthProp$fxgl: DoubleProperty [bound, value: 1200.0]
11:16:12.684 [FXGL Background Thread 3 ] DEBUG Engine               - sceneFactory: com.almasb.fxgl.app.scene.SceneFactory@4db6b38
11:16:12.684 [FXGL Background Thread 3 ] DEBUG Engine               - secondsIn24h: 60
11:16:12.684 [FXGL Background Thread 3 ] DEBUG Engine               - soundMenuBack: menu/back.wav
11:16:12.685 [FXGL Background Thread 3 ] DEBUG Engine               - soundMenuPress: menu/press.wav
11:16:12.685 [FXGL Background Thread 3 ] DEBUG Engine               - soundMenuSelect: menu/select.wav
11:16:12.685 [FXGL Background Thread 3 ] DEBUG Engine               - soundNotification: core/notification.wav
11:16:12.685 [FXGL Background Thread 3 ] DEBUG Engine               - stageStyle: DECORATED
11:16:12.685 [FXGL Background Thread 3 ] DEBUG Engine               - supportedLanguages: [ENGLISH, FRENCH, GERMAN, HUNGARIAN, RUSSIAN]
11:16:12.685 [FXGL Background Thread 3 ] DEBUG Engine               - ticksPerSecond: -1
11:16:12.685 [FXGL Background Thread 3 ] DEBUG Engine               - title: Pioneer-10
Terra
11:16:12.685 [FXGL Background Thread 3 ] DEBUG Engine               - urlGithub: https://github.com/AlmasB/FXGL
11:16:12.685 [FXGL Background Thread 3 ] DEBUG Engine               - urlLeaderboard: http://fxgl-top.herokuapp.com/
11:16:12.685 [FXGL Background Thread 3 ] DEBUG Engine               - urlPOM: https://raw.githubusercontent.com/AlmasB/FXGL/release/README.md
11:16:12.685 [FXGL Background Thread 3 ] DEBUG Engine               - userAppClass: class com.pioneer10.model.LivTerra
11:16:12.686 [FXGL Background Thread 3 ] DEBUG Engine               - version: 0.0
11:16:12.686 [FXGL Background Thread 3 ] DEBUG Engine               - versionCheckDays: 7
11:16:12.686 [FXGL Background Thread 3 ] DEBUG Engine               - width: 1200
11:16:12.686 [FXGL Background Thread 3 ] DEBUG Engine               - Logging services
11:16:12.686 [FXGL Background Thread 3 ] DEBUG Engine               - class com.almasb.fxgl.app.services.FXGLAssetLoaderService
11:16:12.686 [FXGL Background Thread 3 ] DEBUG Engine               - class com.almasb.fxgl.app.FXGLApplication$GameApplicationService
11:16:12.686 [FXGL Background Thread 3 ] DEBUG Engine               - class com.almasb.fxgl.app.services.FXGLDialogService
11:16:12.686 [FXGL Background Thread 3 ] DEBUG Engine               - class com.almasb.fxgl.app.services.IOTaskExecutorService
11:16:12.686 [FXGL Background Thread 3 ] DEBUG Engine               - class com.almasb.fxgl.io.FileSystemService
11:16:12.686 [FXGL Background Thread 3 ] DEBUG Engine               - class com.almasb.fxgl.localization.LocalizationService
11:16:12.686 [FXGL Background Thread 3 ] DEBUG Engine               - class com.almasb.fxgl.app.services.SystemBundleService
11:16:12.687 [FXGL Background Thread 3 ] DEBUG Engine               - class com.almasb.fxgl.profile.SaveLoadService
11:16:12.687 [FXGL Background Thread 3 ] DEBUG Engine               - class com.almasb.fxgl.ui.FXGLUIFactoryServiceProvider
11:16:12.687 [FXGL Background Thread 3 ] DEBUG Engine               - class com.almasb.fxgl.ui.FXGLDialogFactoryServiceProvider
11:16:12.687 [FXGL Background Thread 3 ] DEBUG Engine               - class com.almasb.fxgl.audio.AudioPlayer
11:16:12.687 [FXGL Background Thread 3 ] DEBUG Engine               - class com.almasb.fxgl.notification.impl.NotificationServiceProvider
11:16:12.687 [FXGL Background Thread 3 ] DEBUG Engine               - class com.almasb.fxgl.achievement.AchievementService
11:16:12.687 [FXGL Background Thread 3 ] DEBUG Engine               - class com.almasb.fxgl.cutscene.CutsceneService
11:16:12.687 [FXGL Background Thread 3 ] DEBUG Engine               - class com.almasb.fxgl.minigames.MiniGameService
11:16:12.687 [FXGL Background Thread 3 ] DEBUG Engine               - class com.almasb.fxgl.net.NetService
11:16:12.687 [FXGL Background Thread 3 ] DEBUG Engine               - class com.almasb.fxgl.app.services.UpdaterService
11:16:12.687 [FXGL Background Thread 3 ] DEBUG Engine               - class com.almasb.fxgl.dev.DevService
11:16:18.157 [JavaFX Application Thread] DEBUG FXGLApplication      - Exiting FXGL
11:16:18.157 [JavaFX Application Thread] DEBUG LoopRunner           - Stopping loop
11:16:18.158 [JavaFX Application Thread] DEBUG SystemBundleService  - Saving FXGL system data
11:16:18.165 [JavaFX Application Thread] DEBUG FileSystemAccess     - Writing to: C:\javafx-FXGL\pioneer-10\system\fxgl.bundle
11:16:18.173 [JavaFX Application Thread] DEBUG Async                - Shutting down background threads
11:16:18.174 [JavaFX Application Thread] DEBUG PrimaryStageWindow   - Closing main window
11:16:18.199 [JavaFX Application Thread] DEBUG Logger               - Closing Logger
