11:40:14.282 [main                     ] DEBUG Logger               - Configured Logger
11:40:14.376 [main                     ] DEBUG GameApplication      - Logging settings
Title: Pioneer-10
Terra
Version: 0.0
Width: 1200
Height: 640
Fullscreen: false
Intro: false
Profiling: false
Single step:false
App Mode: DEVELOPER
Menu Key: ESCAPE
Stage Style: DECORATED
Scene Factory: class com.almasb.fxgl.app.scene.SceneFactory

11:40:15.073 [JavaFX Application Thread] DEBUG FXGLApplication      - Initializing FXGL
11:40:15.086 [JavaFX Application Thread] INFO  Engine               - FXGL-17+dev-SNAPSHOT (22.04.2022 11.52) on WINDOWS (J:17 FX:18)
11:40:15.087 [JavaFX Application Thread] DEBUG Engine               - JRE Vendor Name: Oracle Corporation
11:40:15.088 [JavaFX Application Thread] DEBUG Engine               - Running on OS: Windows 10 version 10.0
11:40:15.088 [JavaFX Application Thread] DEBUG Engine               - Architecture: amd64
11:40:15.088 [JavaFX Application Thread] INFO  Engine               - Source code and latest versions at: https://github.com/AlmasB/FXGL
11:40:15.089 [JavaFX Application Thread] INFO  Engine               -       Ask questions and discuss at: https://github.com/AlmasB/FXGL/discussions
11:40:15.089 [JavaFX Application Thread] INFO  Engine               -              Join the FXGL chat at: https://gitter.im/AlmasB/FXGL
11:40:15.260 [JavaFX Application Thread] DEBUG PrimaryStageWindow   - Creating a JavaFX scene
11:40:15.342 [JavaFX Application Thread] DEBUG PrimaryStageWindow   - Target settings size: 1200.0 x 640.0
11:40:15.343 [JavaFX Application Thread] DEBUG PrimaryStageWindow   - Scaled scene size:    1200.0 x 640.0
11:40:15.344 [JavaFX Application Thread] DEBUG PrimaryStageWindow   - Scaled ratio: (1.0, 1.0)
11:40:15.346 [JavaFX Application Thread] DEBUG PrimaryStageWindow   - Set initial scene to FXGLStartupScene
11:40:15.364 [JavaFX Application Thread] DEBUG PrimaryStageWindow   - Opening main window
11:40:15.550 [JavaFX Application Thread] DEBUG PrimaryStageWindow   - Window border size: (14.4000244140625, 37.5999755859375)
11:40:15.551 [JavaFX Application Thread] DEBUG PrimaryStageWindow   - Scaled size: 1200.0 x 640.0
11:40:15.553 [JavaFX Application Thread] DEBUG PrimaryStageWindow   - Scaled ratio: (1.0, 1.0)
11:40:15.555 [JavaFX Application Thread] DEBUG PrimaryStageWindow   - Scene size: 1200.0 x 640.0
11:40:15.557 [JavaFX Application Thread] DEBUG PrimaryStageWindow   - Stage size: 1214.4000244140625 x 677.5999755859375
11:40:15.578 [FXGL Background Thread 1 ] DEBUG Engine               - Initializing environment variables
11:40:15.657 [FXGL Background Thread 1 ] DEBUG FXGLAssetLoaderServi - User app class for loading assets: class com.pioneer10.model.LivTerra
11:40:15.657 [FXGL Background Thread 1 ] DEBUG GameApplicationServi - Applying CSS: fxgl_dark.css
11:40:15.660 [FXGL Background Thread 1 ] DEBUG FXGLAssetLoaderServi - Loading from file system: jar:file:///C:/Users/mattu/.m2/repository/com/github/almasb/fxgl/17+dev-SNAPSHOT/fxgl-17+dev-20220422.115207-44.jar!/fxglassets/ui/css/fxgl_dark.css
11:40:15.764 [FXGL Background Thread 1 ] DEBUG GameApplicationServi - Initializing application scenes
11:40:15.862 [FXGL Background Thread 1 ] DEBUG GameWorld            - Game world initialized
11:40:16.010 [FXGL Background Thread 1 ] DEBUG PhysicsWorld         - Physics world initialized: appHeight=640, physics.ppm=50,0
11:40:16.011 [FXGL Background Thread 1 ] DEBUG PhysicsWorld         - Using strategy: BRUTE_FORCE
11:40:16.028 [FXGL Background Thread 1 ] DEBUG GameScene            - Game scene initialized: 1200x640
11:40:16.062 [FXGL Background Thread 1 ] DEBUG FXGL.DefaultMenu     - createMenuBodyGameMenu()
11:40:16.093 [FXGL Background Thread 1 ] DEBUG FXGL.DefaultMenu     - createOptionsMenu()
11:40:16.123 [FXGL Background Thread 1 ] DEBUG FXGLAssetLoaderServi - Loading from file system: jar:file:///C:/Users/mattu/.m2/repository/com/github/almasb/fxgl/17+dev-SNAPSHOT/fxgl-17+dev-20220422.115207-44.jar!/fxglassets/textures/particles/smoke.png
11:40:16.299 [FXGL Background Thread 1 ] DEBUG FXGLAssetLoaderServi - Loading from file system: jar:file:///C:/Users/mattu/.m2/repository/com/github/almasb/fxgl/17+dev-SNAPSHOT/fxgl-17+dev-20220422.115207-44.jar!/fxglassets/textures/particles/trace_horizontal.png
11:40:16.375 [FXGL Background Thread 1 ] DEBUG GameApplicationServi - Application scenes initialized
11:40:16.398 [FXGL Background Thread 1 ] DEBUG SystemBundleService  - Loading FXGL system data
11:40:16.406 [FXGL Background Thread 1 ] DEBUG FileSystemAccess     - Reading from: D:\FERMI-FEDE\4BIF_2021-2022\Informatica\gioco\system\fxgl.bundle
11:40:16.418 [FXGL Background Thread 1 ] DEBUG SystemBundleService  - Bundle FXGL: {}
11:40:16.419 [FXGL Background Thread 1 ] DEBUG UpdaterService       - Checking for updates
11:40:16.428 [FXGL Background Thread 4 ] DEBUG FXGLApplication      - Loading fonts
11:40:16.429 [FXGL Background Thread 1 ] DEBUG FXGLApplication      - Loading default localization
11:40:16.430 [FXGL Background Thread 4 ] DEBUG FXGLAssetLoaderServi - Loading from file system: jar:file:///C:/Users/mattu/.m2/repository/com/github/almasb/fxgl/17+dev-SNAPSHOT/fxgl-17+dev-20220422.115207-44.jar!/fxglassets/ui/fonts/VarelaRound-Regular.ttf
11:40:16.431 [FXGL Background Thread 1 ] DEBUG FXGLAssetLoaderServi - Loading from file system: jar:file:///C:/Users/mattu/.m2/repository/com/github/almasb/fxgl/17+dev-SNAPSHOT/fxgl-17+dev-20220422.115207-44.jar!/fxglassets/languages/english.lang
11:40:16.473 [FXGL Background Thread 1 ] INFO  FXGLApplication      - FXGL initialization took: 0,894 sec
11:40:16.494 [JavaFX Application Thread] DEBUG Input                - Registered new binding: Left - A
11:40:16.495 [JavaFX Application Thread] DEBUG Input                - Registered new binding: Right - D
11:40:16.496 [JavaFX Application Thread] DEBUG Input                - Registered new binding: Jump - Space
11:40:16.498 [JavaFX Application Thread] DEBUG FXGLAssetLoaderServi - Loading from file system: file:/D:/FERMI-FEDE/4BIF_2021-2022/Informatica/gioco/target/classes/assets/music/Minecraft.mp3
11:40:16.569 [FXGL Background Thread 4 ] DEBUG FXGLAssetLoaderServi - Loading from file system: jar:file:///C:/Users/mattu/.m2/repository/com/github/almasb/fxgl/17+dev-SNAPSHOT/fxgl-17+dev-20220422.115207-44.jar!/fxglassets/ui/fonts/Abel-Regular.ttf
11:40:16.577 [FXGL Background Thread 4 ] DEBUG FXGLAssetLoaderServi - Loading from file system: jar:file:///C:/Users/mattu/.m2/repository/com/github/almasb/fxgl/17+dev-SNAPSHOT/fxgl-17+dev-20220422.115207-44.jar!/fxglassets/ui/fonts/TerminalLandMono-Regular.otf
11:40:16.587 [FXGL Background Thread 4 ] DEBUG FXGLAssetLoaderServi - Loading from file system: jar:file:///C:/Users/mattu/.m2/repository/com/github/almasb/fxgl/17+dev-SNAPSHOT/fxgl-17+dev-20220422.115207-44.jar!/fxglassets/ui/fonts/Courier-Prime.ttf
11:40:16.788 [JavaFX Application Thread] DEBUG AudioPlayer          - Playing music com.almasb.fxgl.audio.Music@3b54294e
11:40:16.789 [JavaFX Application Thread] DEBUG FXGLAssetLoaderServi - Loading from file system: jar:file:///C:/Users/mattu/.m2/repository/com/github/almasb/fxgl/17+dev-SNAPSHOT/fxgl-17+dev-20220422.115207-44.jar!/fxglassets/textures/fxgl_icon.png
11:40:16.847 [JavaFX Application Thread] DEBUG FXGLAssetLoaderServi - Loading from file system: jar:file:///C:/Users/mattu/.m2/repository/com/github/almasb/fxgl/17+dev-SNAPSHOT/fxgl-17+dev-20220422.115207-44.jar!/fxglassets/textures/fxgl_default_cursor.png
11:40:16.853 [JavaFX Application Thread] DEBUG Input                - Registered new binding: Screenshot - CTRL+8
11:40:16.855 [JavaFX Application Thread] DEBUG Input                - Registered new binding: System info dump - CTRL+9
11:40:16.856 [JavaFX Application Thread] DEBUG Input                - Registered new binding: Restart - CTRL+R
11:40:16.857 [JavaFX Application Thread] DEBUG Input                - Registered new binding: Toggle Debug Camera - CTRL+7
11:40:16.863 [JavaFX Application Thread] DEBUG LoopRunner           - Starting loop
11:40:16.864 [JavaFX Application Thread] DEBUG LoopRunner           - Initializing JavaFX AnimationTimerLoop
11:40:16.877 [JavaFX Application Thread] DEBUG GameApplicationServi - Starting new game
11:40:16.880 [JavaFX Application Thread] DEBUG Input                - Clearing active input actions
11:40:16.908 [JavaFX Application Thread] DEBUG GameApplicationServi - Removing overlay from FXGLStartupScene and adding to FXGLLoadingScene
11:40:16.910 [JavaFX Application Thread] DEBUG PrimaryStageWindow   - FXGLStartupScene -> FXGLLoadingScene
11:40:16.911 [JavaFX Application Thread] DEBUG GameApplicationServi - Clearing previous game
11:40:16.911 [JavaFX Application Thread] DEBUG GameScene            - Clearing game scene
11:40:16.911 [JavaFX Application Thread] DEBUG GameWorld            - Clearing game world
11:40:16.912 [JavaFX Application Thread] DEBUG PhysicsWorld         - Clearing physics world
11:40:16.916 [FXGL Background Thread 4 ] DEBUG FXGLApplication      - Initializing game
11:40:16.993 [FXGL Background Thread 4 ] WARN  TMXLevelLoader       - TiledMap generated from 1.8.4. Supported version: 1.4.2. Some features may not be parsed fully.
11:40:17.054 [FXGL Background Thread 4 ] DEBUG TMXLevelLoader       - Parsed TiledMap: file:/D:/FERMI-FEDE/4BIF_2021-2022/Informatica/gioco/target/classes/assets/levels/Terra/MappaTerra.tmx
11:40:17.056 [FXGL Background Thread 4 ] DEBUG TMXLevelLoader       - Creating tile layer entities
11:40:17.060 [FXGL Background Thread 4 ] DEBUG TilesetLoader        - Loading view for layer Livello tile 1
11:40:17.072 [FXGL Background Thread 4 ] DEBUG TilesetLoader        - Created buffer with size 4800.0x640.0
11:40:17.180 [FXGL Background Thread 4 ] WARN  TilesetLoader        - Diagonally flipped tiles are not currently supported
11:40:17.207 [FXGL Background Thread 4 ] WARN  TilesetLoader        - Diagonally flipped tiles are not currently supported
11:40:17.209 [FXGL Background Thread 4 ] WARN  TilesetLoader        - Diagonally flipped tiles are not currently supported
11:40:17.284 [FXGL Background Thread 2 ] INFO  UpdaterService       - Your current version:  17+dev-SNAPSHOT
11:40:17.285 [FXGL Background Thread 2 ] INFO  UpdaterService       - Latest stable version: 17.1
11:40:17.286 [FXGL Background Thread 4 ] WARN  TilesetLoader        - Diagonally flipped tiles are not currently supported
11:40:17.301 [FXGL Background Thread 4 ] WARN  TilesetLoader        - Diagonally flipped tiles are not currently supported
11:40:17.304 [FXGL Background Thread 4 ] DEBUG TilesetLoader        - Loading view for layer Livello tile 2
11:40:17.316 [FXGL Background Thread 4 ] DEBUG TilesetLoader        - Created buffer with size 4800.0x640.0
11:40:17.320 [FXGL Background Thread 4 ] DEBUG TilesetLoader        - Loading view for layer Livello tile 3
11:40:17.329 [FXGL Background Thread 4 ] DEBUG TilesetLoader        - Created buffer with size 4800.0x640.0
11:40:17.330 [FXGL Background Thread 4 ] DEBUG TMXLevelLoader       - Creating object layer entities
11:40:17.588 [FXGL Background Thread 4 ] DEBUG GameWorld            - Clearing removable entities
11:40:17.589 [FXGL Background Thread 4 ] DEBUG GameWorld            - Setting level: com.almasb.fxgl.entity.level.Level@1257536a
11:40:17.706 [FXGL Background Thread 4 ] INFO  FXGLApplication      - Game initialization took: 0,789 sec
11:40:17.713 [JavaFX Application Thread] DEBUG Input                - Clearing active input actions
11:40:17.729 [JavaFX Application Thread] DEBUG GameApplicationServi - Removing overlay from FXGLLoadingScene and adding to GameScene
11:40:17.730 [JavaFX Application Thread] DEBUG PrimaryStageWindow   - FXGLLoadingScene -> GameScene
11:40:19.424 [FXGL Background Thread 3 ] DEBUG Engine               - Logging environment variables
11:40:19.426 [FXGL Background Thread 3 ] DEBUG Engine               - achievements: []
11:40:19.426 [FXGL Background Thread 3 ] DEBUG Engine               - actualHeight: 640.0
11:40:19.427 [FXGL Background Thread 3 ] DEBUG Engine               - actualHeightProperty: ReadOnlyDoubleProperty [value: 640.0]
11:40:19.427 [FXGL Background Thread 3 ] DEBUG Engine               - actualWidth: 1200.0
11:40:19.428 [FXGL Background Thread 3 ] DEBUG Engine               - actualWidthProperty: ReadOnlyDoubleProperty [value: 1200.0]
11:40:19.428 [FXGL Background Thread 3 ] DEBUG Engine               - appIcon: fxgl_icon.png
11:40:19.428 [FXGL Background Thread 3 ] DEBUG Engine               - applicationMode: DEVELOPER
11:40:19.429 [FXGL Background Thread 3 ] DEBUG Engine               - cSSList: [fxgl_dark.css]
11:40:19.429 [FXGL Background Thread 3 ] DEBUG Engine               - collisionDetectionStrategy: BRUTE_FORCE
11:40:19.430 [FXGL Background Thread 3 ] DEBUG Engine               - configClass: Optional.empty
11:40:19.430 [FXGL Background Thread 3 ] DEBUG Engine               - credits: []
11:40:19.432 [FXGL Background Thread 3 ] DEBUG Engine               - defaultCursor: CursorInfo(imageName=fxgl_default_cursor.png, hotspotX=7.0, hotspotY=6.0)
11:40:19.433 [FXGL Background Thread 3 ] DEBUG Engine               - devBBoxColorProperty: ObjectProperty [value: 0xff0000ff]
11:40:19.433 [FXGL Background Thread 3 ] DEBUG Engine               - devEnableDebugCameraProperty: BooleanProperty [value: false]
11:40:19.434 [FXGL Background Thread 3 ] DEBUG Engine               - devSensorColorProperty: ObjectProperty [value: 0xffff00ff]
11:40:19.434 [FXGL Background Thread 3 ] DEBUG Engine               - devShowBBoxProperty: BooleanProperty [value: false]
11:40:19.434 [FXGL Background Thread 3 ] DEBUG Engine               - devShowPositionProperty: BooleanProperty [value: false]
11:40:19.435 [FXGL Background Thread 3 ] DEBUG Engine               - enabledMenuItems: []
11:40:19.435 [FXGL Background Thread 3 ] DEBUG Engine               - engineServices: [class com.almasb.fxgl.app.services.FXGLAssetLoaderService, class com.almasb.fxgl.app.FXGLApplication$GameApplicationService, class com.almasb.fxgl.app.services.FXGLDialogService, class com.almasb.fxgl.app.services.IOTaskExecutorService, class com.almasb.fxgl.io.FileSystemService, class com.almasb.fxgl.localization.LocalizationService, class com.almasb.fxgl.app.services.SystemBundleService, class com.almasb.fxgl.profile.SaveLoadService, class com.almasb.fxgl.ui.FXGLUIFactoryServiceProvider, class com.almasb.fxgl.ui.FXGLDialogFactoryServiceProvider, class com.almasb.fxgl.audio.AudioPlayer, class com.almasb.fxgl.notification.impl.NotificationServiceProvider, class com.almasb.fxgl.achievement.AchievementService, class com.almasb.fxgl.cutscene.CutsceneService, class com.almasb.fxgl.minigames.MiniGameService, class com.almasb.fxgl.net.NetService, class com.almasb.fxgl.app.services.UpdaterService, class com.almasb.fxgl.dev.DevService]
11:40:19.435 [FXGL Background Thread 3 ] DEBUG Engine               - fontGame: Abel-Regular.ttf
11:40:19.436 [FXGL Background Thread 3 ] DEBUG Engine               - fontMono: TerminalLandMono-Regular.otf
11:40:19.436 [FXGL Background Thread 3 ] DEBUG Engine               - fontText: Courier-Prime.ttf
11:40:19.436 [FXGL Background Thread 3 ] DEBUG Engine               - fontUI: VarelaRound-Regular.ttf
11:40:19.437 [FXGL Background Thread 3 ] DEBUG Engine               - fullScreen: BooleanProperty [value: false]
11:40:19.437 [FXGL Background Thread 3 ] DEBUG Engine               - gameDifficulty: MEDIUM
11:40:19.437 [FXGL Background Thread 3 ] DEBUG Engine               - gameDifficultyProperty: ObjectProperty [value: MEDIUM]
11:40:19.437 [FXGL Background Thread 3 ] DEBUG Engine               - globalMusicVolume: 0.5
11:40:19.438 [FXGL Background Thread 3 ] DEBUG Engine               - globalMusicVolumeProperty: DoubleProperty [value: 0.25]
11:40:19.438 [FXGL Background Thread 3 ] DEBUG Engine               - globalSoundVolume: 0.5
11:40:19.438 [FXGL Background Thread 3 ] DEBUG Engine               - globalSoundVolumeProperty: DoubleProperty [value: 0.5]
11:40:19.438 [FXGL Background Thread 3 ] DEBUG Engine               - height: 640
11:40:19.438 [FXGL Background Thread 3 ] DEBUG Engine               - is3D: false
11:40:19.438 [FXGL Background Thread 3 ] DEBUG Engine               - isAndroid: false
11:40:19.439 [FXGL Background Thread 3 ] DEBUG Engine               - isBrowser: false
11:40:19.439 [FXGL Background Thread 3 ] DEBUG Engine               - isClickFeedbackEnabled: false
11:40:19.439 [FXGL Background Thread 3 ] DEBUG Engine               - isCloseConfirmation: false
11:40:19.439 [FXGL Background Thread 3 ] DEBUG Engine               - isDesktop: true
11:40:19.439 [FXGL Background Thread 3 ] DEBUG Engine               - isDeveloperMenuEnabled: false
11:40:19.439 [FXGL Background Thread 3 ] DEBUG Engine               - isEmbedded: false
11:40:19.439 [FXGL Background Thread 3 ] DEBUG Engine               - isEntityPreloadEnabled: true
11:40:19.440 [FXGL Background Thread 3 ] DEBUG Engine               - isExperimentalTiledLargeMap: false
11:40:19.440 [FXGL Background Thread 3 ] DEBUG Engine               - isFileSystemWriteAllowed: true
11:40:19.440 [FXGL Background Thread 3 ] DEBUG Engine               - isFullScreenAllowed: false
11:40:19.440 [FXGL Background Thread 3 ] DEBUG Engine               - isFullScreenFromStart: false
11:40:19.440 [FXGL Background Thread 3 ] DEBUG Engine               - isGameMenuEnabled: true
11:40:19.440 [FXGL Background Thread 3 ] DEBUG Engine               - isIOS: false
11:40:19.440 [FXGL Background Thread 3 ] DEBUG Engine               - isIntroEnabled: false
11:40:19.440 [FXGL Background Thread 3 ] DEBUG Engine               - isLinux: false
11:40:19.441 [FXGL Background Thread 3 ] DEBUG Engine               - isMac: false
11:40:19.441 [FXGL Background Thread 3 ] DEBUG Engine               - isMainMenuEnabled: false
11:40:19.442 [FXGL Background Thread 3 ] DEBUG Engine               - isManualResizeEnabled: false
11:40:19.442 [FXGL Background Thread 3 ] DEBUG Engine               - isMobile: false
11:40:19.442 [FXGL Background Thread 3 ] DEBUG Engine               - isNative: false
11:40:19.443 [FXGL Background Thread 3 ] DEBUG Engine               - isPauseMusicWhenMinimized: true
11:40:19.443 [FXGL Background Thread 3 ] DEBUG Engine               - isPreserveResizeRatio: false
11:40:19.443 [FXGL Background Thread 3 ] DEBUG Engine               - isProfilingEnabled: false
11:40:19.444 [FXGL Background Thread 3 ] DEBUG Engine               - isScaleAffectedOnResize: true
11:40:19.444 [FXGL Background Thread 3 ] DEBUG Engine               - isSingleStep: false
11:40:19.444 [FXGL Background Thread 3 ] DEBUG Engine               - isUserProfileEnabled: false
11:40:19.444 [FXGL Background Thread 3 ] DEBUG Engine               - isWindows: true
11:40:19.445 [FXGL Background Thread 3 ] DEBUG Engine               - language: ObjectProperty [value: ENGLISH]
11:40:19.445 [FXGL Background Thread 3 ] DEBUG Engine               - menuKey: ESCAPE
11:40:19.445 [FXGL Background Thread 3 ] DEBUG Engine               - mouseSensitivity: 0.2
11:40:19.446 [FXGL Background Thread 3 ] DEBUG Engine               - notificationViewClass: class com.almasb.fxgl.notification.view.XboxNotificationView
11:40:19.446 [FXGL Background Thread 3 ] DEBUG Engine               - pixelsPerMeter: 50.0
11:40:19.446 [FXGL Background Thread 3 ] DEBUG Engine               - platform: WINDOWS
11:40:19.447 [FXGL Background Thread 3 ] DEBUG Engine               - prefHeightProperty: ReadOnlyDoubleProperty [value: 640.0]
11:40:19.447 [FXGL Background Thread 3 ] DEBUG Engine               - prefWidthProperty: ReadOnlyDoubleProperty [value: 1200.0]
11:40:19.448 [FXGL Background Thread 3 ] DEBUG Engine               - profileDir: profiles/
11:40:19.449 [FXGL Background Thread 3 ] DEBUG Engine               - profileName: StringProperty [value: DEFAULT]
11:40:19.449 [FXGL Background Thread 3 ] DEBUG Engine               - randomSeed: -1
11:40:19.450 [FXGL Background Thread 3 ] DEBUG Engine               - runtimeInfo: RuntimeInfo(platform=WINDOWS, version=17+dev-SNAPSHOT, build=22.04.2022 11.52)
11:40:19.451 [FXGL Background Thread 3 ] DEBUG Engine               - saveFileExt: sav
11:40:19.451 [FXGL Background Thread 3 ] DEBUG Engine               - scaledHeightProp$fxgl: DoubleProperty [bound, value: 640.0]
11:40:19.452 [FXGL Background Thread 3 ] DEBUG Engine               - scaledWidthProp$fxgl: DoubleProperty [bound, value: 1200.0]
11:40:19.452 [FXGL Background Thread 3 ] DEBUG Engine               - sceneFactory: com.almasb.fxgl.app.scene.SceneFactory@1e9b56b6
11:40:19.452 [FXGL Background Thread 3 ] DEBUG Engine               - secondsIn24h: 60
11:40:19.453 [FXGL Background Thread 3 ] DEBUG Engine               - soundMenuBack: menu/back.wav
11:40:19.453 [FXGL Background Thread 3 ] DEBUG Engine               - soundMenuPress: menu/press.wav
11:40:19.453 [FXGL Background Thread 3 ] DEBUG Engine               - soundMenuSelect: menu/select.wav
11:40:19.454 [FXGL Background Thread 3 ] DEBUG Engine               - soundNotification: core/notification.wav
11:40:19.454 [FXGL Background Thread 3 ] DEBUG Engine               - stageStyle: DECORATED
11:40:19.454 [FXGL Background Thread 3 ] DEBUG Engine               - supportedLanguages: [ENGLISH, FRENCH, GERMAN, HUNGARIAN, RUSSIAN]
11:40:19.454 [FXGL Background Thread 3 ] DEBUG Engine               - ticksPerSecond: -1
11:40:19.454 [FXGL Background Thread 3 ] DEBUG Engine               - title: Pioneer-10
Terra
11:40:19.455 [FXGL Background Thread 3 ] DEBUG Engine               - urlGithub: https://github.com/AlmasB/FXGL
11:40:19.455 [FXGL Background Thread 3 ] DEBUG Engine               - urlLeaderboard: http://fxgl-top.herokuapp.com/
11:40:19.455 [FXGL Background Thread 3 ] DEBUG Engine               - urlPOM: https://raw.githubusercontent.com/AlmasB/FXGL/release/README.md
11:40:19.456 [FXGL Background Thread 3 ] DEBUG Engine               - userAppClass: class com.pioneer10.model.LivTerra
11:40:19.456 [FXGL Background Thread 3 ] DEBUG Engine               - version: 0.0
11:40:19.456 [FXGL Background Thread 3 ] DEBUG Engine               - versionCheckDays: 7
11:40:19.456 [FXGL Background Thread 3 ] DEBUG Engine               - width: 1200
11:40:19.456 [FXGL Background Thread 3 ] DEBUG Engine               - Logging services
11:40:19.457 [FXGL Background Thread 3 ] DEBUG Engine               - class com.almasb.fxgl.app.services.FXGLAssetLoaderService
11:40:19.457 [FXGL Background Thread 3 ] DEBUG Engine               - class com.almasb.fxgl.app.FXGLApplication$GameApplicationService
11:40:19.457 [FXGL Background Thread 3 ] DEBUG Engine               - class com.almasb.fxgl.app.services.FXGLDialogService
11:40:19.457 [FXGL Background Thread 3 ] DEBUG Engine               - class com.almasb.fxgl.app.services.IOTaskExecutorService
11:40:19.458 [FXGL Background Thread 3 ] DEBUG Engine               - class com.almasb.fxgl.io.FileSystemService
11:40:19.458 [FXGL Background Thread 3 ] DEBUG Engine               - class com.almasb.fxgl.localization.LocalizationService
11:40:19.458 [FXGL Background Thread 3 ] DEBUG Engine               - class com.almasb.fxgl.app.services.SystemBundleService
11:40:19.458 [FXGL Background Thread 3 ] DEBUG Engine               - class com.almasb.fxgl.profile.SaveLoadService
11:40:19.459 [FXGL Background Thread 3 ] DEBUG Engine               - class com.almasb.fxgl.ui.FXGLUIFactoryServiceProvider
11:40:19.459 [FXGL Background Thread 3 ] DEBUG Engine               - class com.almasb.fxgl.ui.FXGLDialogFactoryServiceProvider
11:40:19.459 [FXGL Background Thread 3 ] DEBUG Engine               - class com.almasb.fxgl.audio.AudioPlayer
11:40:19.459 [FXGL Background Thread 3 ] DEBUG Engine               - class com.almasb.fxgl.notification.impl.NotificationServiceProvider
11:40:19.459 [FXGL Background Thread 3 ] DEBUG Engine               - class com.almasb.fxgl.achievement.AchievementService
11:40:19.460 [FXGL Background Thread 3 ] DEBUG Engine               - class com.almasb.fxgl.cutscene.CutsceneService
11:40:19.460 [FXGL Background Thread 3 ] DEBUG Engine               - class com.almasb.fxgl.minigames.MiniGameService
11:40:19.460 [FXGL Background Thread 3 ] DEBUG Engine               - class com.almasb.fxgl.net.NetService
11:40:19.460 [FXGL Background Thread 3 ] DEBUG Engine               - class com.almasb.fxgl.app.services.UpdaterService
11:40:19.461 [FXGL Background Thread 3 ] DEBUG Engine               - class com.almasb.fxgl.dev.DevService
11:40:31.552 [JavaFX Application Thread] DEBUG PrimaryStageWindow   - Push state: DialogSubScene
11:40:31.552 [JavaFX Application Thread] DEBUG Input                - Clearing active input actions
11:40:31.560 [JavaFX Application Thread] DEBUG GameApplicationServi - Removing overlay from GameScene and adding to DialogSubScene
11:40:31.563 [JavaFX Application Thread] DEBUG PrimaryStageWindow   - GameScene -> DialogSubScene
11:40:33.158 [JavaFX Application Thread] DEBUG PrimaryStageWindow   - Pop state: DialogSubScene
11:40:33.158 [JavaFX Application Thread] DEBUG Input                - Clearing active input actions
11:40:33.160 [JavaFX Application Thread] DEBUG GameApplicationServi - Removing overlay from DialogSubScene and adding to GameScene
11:40:33.160 [JavaFX Application Thread] DEBUG PrimaryStageWindow   - GameScene <- DialogSubScene
11:40:33.165 [JavaFX Application Thread] DEBUG PrimaryStageWindow   - Push state: DialogSubScene
11:40:33.165 [JavaFX Application Thread] DEBUG Input                - Clearing active input actions
11:40:33.167 [JavaFX Application Thread] DEBUG GameApplicationServi - Removing overlay from GameScene and adding to DialogSubScene
11:40:33.168 [JavaFX Application Thread] DEBUG PrimaryStageWindow   - GameScene -> DialogSubScene
11:40:34.925 [JavaFX Application Thread] DEBUG FXGLApplication      - Exiting FXGL
11:40:34.925 [JavaFX Application Thread] DEBUG LoopRunner           - Stopping loop
11:40:34.926 [JavaFX Application Thread] DEBUG SystemBundleService  - Saving FXGL system data
11:40:34.930 [JavaFX Application Thread] DEBUG FileSystemAccess     - Writing to: D:\FERMI-FEDE\4BIF_2021-2022\Informatica\gioco\system\fxgl.bundle
11:40:34.935 [JavaFX Application Thread] DEBUG Async                - Shutting down background threads
11:40:34.935 [JavaFX Application Thread] DEBUG PrimaryStageWindow   - Closing main window
11:40:34.973 [JavaFX Application Thread] DEBUG Logger               - Closing Logger
