23:54:15.051 [main                     ] DEBUG Logger               - Configured Logger
23:54:15.119 [main                     ] DEBUG GameApplication      - Logging settings
Title: Untitled
Version: 0.0
Width: 960
Height: 640
Fullscreen: false
Intro: false
Profiling: false
Single step:false
App Mode: DEVELOPER
Menu Key: ESCAPE
Stage Style: DECORATED
Scene Factory: class com.almasb.fxgl.app.scene.SceneFactory

23:54:15.736 [JavaFX Application Thread] DEBUG FXGLApplication      - Initializing FXGL
23:54:15.757 [JavaFX Application Thread] INFO  Engine               - FXGL-17+dev-SNAPSHOT (22.04.2022 11.52) on WINDOWS (J:18.0.1 FX:18)
23:54:15.758 [JavaFX Application Thread] DEBUG Engine               - JRE Vendor Name: Oracle Corporation
23:54:15.758 [JavaFX Application Thread] DEBUG Engine               - Running on OS: Windows 10 version 10.0
23:54:15.759 [JavaFX Application Thread] DEBUG Engine               - Architecture: amd64
23:54:15.759 [JavaFX Application Thread] INFO  Engine               - Source code and latest versions at: https://github.com/AlmasB/FXGL
23:54:15.759 [JavaFX Application Thread] INFO  Engine               -       Ask questions and discuss at: https://github.com/AlmasB/FXGL/discussions
23:54:15.760 [JavaFX Application Thread] INFO  Engine               -              Join the FXGL chat at: https://gitter.im/AlmasB/FXGL
23:54:15.957 [JavaFX Application Thread] DEBUG PrimaryStageWindow   - Creating a JavaFX scene
23:54:16.046 [JavaFX Application Thread] DEBUG PrimaryStageWindow   - Target settings size: 960.0 x 640.0
23:54:16.047 [JavaFX Application Thread] DEBUG PrimaryStageWindow   - Scaled scene size:    960.0 x 640.0
23:54:16.048 [JavaFX Application Thread] DEBUG PrimaryStageWindow   - Scaled ratio: (1.0, 1.0)
23:54:16.050 [JavaFX Application Thread] DEBUG PrimaryStageWindow   - Set initial scene to FXGLStartupScene
23:54:16.065 [JavaFX Application Thread] DEBUG PrimaryStageWindow   - Opening main window
23:54:16.232 [JavaFX Application Thread] DEBUG PrimaryStageWindow   - Window border size: (16.0, 39.0)
23:54:16.234 [JavaFX Application Thread] DEBUG PrimaryStageWindow   - Scaled size: 960.0 x 640.0
23:54:16.234 [JavaFX Application Thread] DEBUG PrimaryStageWindow   - Scaled ratio: (1.0, 1.0)
23:54:16.235 [JavaFX Application Thread] DEBUG PrimaryStageWindow   - Scene size: 960.0 x 640.0
23:54:16.236 [JavaFX Application Thread] DEBUG PrimaryStageWindow   - Stage size: 976.0 x 679.0
23:54:16.314 [FXGL Background Thread 1 ] DEBUG Engine               - Initializing environment variables
23:54:16.465 [FXGL Background Thread 1 ] DEBUG FXGLAssetLoaderServi - User app class for loading assets: class com.pioneer10.model.MarioAppTarocco
23:54:16.465 [FXGL Background Thread 1 ] DEBUG GameApplicationServi - Applying CSS: fxgl_dark.css
23:54:16.467 [FXGL Background Thread 1 ] DEBUG FXGLAssetLoaderServi - Loading from file system: jar:file:///C:/Users/Manuel/.m2/repository/com/github/almasb/fxgl/17+dev-SNAPSHOT/fxgl-17+dev-20220422.115207-44.jar!/fxglassets/ui/css/fxgl_dark.css
23:54:16.600 [FXGL Background Thread 1 ] DEBUG GameApplicationServi - Initializing application scenes
23:54:16.764 [FXGL Background Thread 1 ] DEBUG GameWorld            - Game world initialized
23:54:16.904 [FXGL Background Thread 1 ] DEBUG PhysicsWorld         - Physics world initialized: appHeight=640, physics.ppm=50,0
23:54:16.905 [FXGL Background Thread 1 ] DEBUG PhysicsWorld         - Using strategy: BRUTE_FORCE
23:54:16.913 [FXGL Background Thread 1 ] DEBUG GameScene            - Game scene initialized: 960x640
23:54:16.935 [FXGL Background Thread 1 ] DEBUG FXGL.DefaultMenu     - createMenuBodyGameMenu()
23:54:16.965 [FXGL Background Thread 1 ] DEBUG FXGL.DefaultMenu     - createOptionsMenu()
23:54:16.993 [FXGL Background Thread 1 ] DEBUG FXGLAssetLoaderServi - Loading from file system: jar:file:///C:/Users/Manuel/.m2/repository/com/github/almasb/fxgl/17+dev-SNAPSHOT/fxgl-17+dev-20220422.115207-44.jar!/fxglassets/textures/particles/smoke.png
23:54:17.218 [FXGL Background Thread 1 ] DEBUG FXGLAssetLoaderServi - Loading from file system: jar:file:///C:/Users/Manuel/.m2/repository/com/github/almasb/fxgl/17+dev-SNAPSHOT/fxgl-17+dev-20220422.115207-44.jar!/fxglassets/textures/particles/trace_horizontal.png
23:54:17.281 [FXGL Background Thread 1 ] DEBUG GameApplicationServi - Application scenes initialized
23:54:17.317 [FXGL Background Thread 1 ] DEBUG SystemBundleService  - Loading FXGL system data
23:54:17.325 [FXGL Background Thread 1 ] DEBUG FileSystemAccess     - Reading from: C:\javafx-FXGL\pioneer-10\system\fxgl.bundle
23:54:17.343 [FXGL Background Thread 1 ] DEBUG SystemBundleService  - Bundle FXGL: {}
23:54:17.343 [FXGL Background Thread 1 ] DEBUG UpdaterService       - Checking for updates
23:54:17.355 [FXGL Background Thread 1 ] DEBUG FXGLApplication      - Loading default localization
23:54:17.356 [FXGL Background Thread 1 ] DEBUG FXGLAssetLoaderServi - Loading from file system: jar:file:///C:/Users/Manuel/.m2/repository/com/github/almasb/fxgl/17+dev-SNAPSHOT/fxgl-17+dev-20220422.115207-44.jar!/fxglassets/languages/english.lang
23:54:17.387 [FXGL Background Thread 1 ] INFO  FXGLApplication      - FXGL initialization took: 1,073 sec
23:54:17.395 [FXGL Background Thread 4 ] DEBUG FXGLApplication      - Loading fonts
23:54:17.396 [FXGL Background Thread 4 ] DEBUG FXGLAssetLoaderServi - Loading from file system: jar:file:///C:/Users/Manuel/.m2/repository/com/github/almasb/fxgl/17+dev-SNAPSHOT/fxgl-17+dev-20220422.115207-44.jar!/fxglassets/ui/fonts/VarelaRound-Regular.ttf
23:54:17.407 [JavaFX Application Thread] DEBUG Input                - Registered new binding: Left - A
23:54:17.407 [JavaFX Application Thread] DEBUG Input                - Registered new binding: Right - D
23:54:17.407 [JavaFX Application Thread] DEBUG Input                - Registered new binding: Jump - W
23:54:17.408 [JavaFX Application Thread] DEBUG FXGLAssetLoaderServi - Loading from file system: jar:file:///C:/Users/Manuel/.m2/repository/com/github/almasb/fxgl/17+dev-SNAPSHOT/fxgl-17+dev-20220422.115207-44.jar!/fxglassets/textures/fxgl_icon.png
23:54:17.476 [JavaFX Application Thread] DEBUG FXGLAssetLoaderServi - Loading from file system: jar:file:///C:/Users/Manuel/.m2/repository/com/github/almasb/fxgl/17+dev-SNAPSHOT/fxgl-17+dev-20220422.115207-44.jar!/fxglassets/textures/fxgl_default_cursor.png
23:54:17.479 [JavaFX Application Thread] DEBUG Input                - Registered new binding: Screenshot - CTRL+8
23:54:17.480 [JavaFX Application Thread] DEBUG Input                - Registered new binding: System info dump - CTRL+9
23:54:17.481 [JavaFX Application Thread] DEBUG Input                - Registered new binding: Restart - CTRL+R
23:54:17.482 [JavaFX Application Thread] DEBUG Input                - Registered new binding: Toggle Debug Camera - CTRL+7
23:54:17.485 [JavaFX Application Thread] DEBUG LoopRunner           - Starting loop
23:54:17.485 [JavaFX Application Thread] DEBUG LoopRunner           - Initializing JavaFX AnimationTimerLoop
23:54:17.487 [JavaFX Application Thread] DEBUG GameApplicationServi - Starting new game
23:54:17.489 [JavaFX Application Thread] DEBUG Input                - Clearing active input actions
23:54:17.507 [JavaFX Application Thread] DEBUG GameApplicationServi - Removing overlay from FXGLStartupScene and adding to FXGLLoadingScene
23:54:17.507 [JavaFX Application Thread] DEBUG PrimaryStageWindow   - FXGLStartupScene -> FXGLLoadingScene
23:54:17.508 [JavaFX Application Thread] DEBUG GameApplicationServi - Clearing previous game
23:54:17.508 [JavaFX Application Thread] DEBUG GameScene            - Clearing game scene
23:54:17.508 [JavaFX Application Thread] DEBUG GameWorld            - Clearing game world
23:54:17.508 [JavaFX Application Thread] DEBUG PhysicsWorld         - Clearing physics world
23:54:17.510 [FXGL Background Thread 1 ] DEBUG FXGLApplication      - Initializing game
23:54:17.698 [FXGL Background Thread 1 ] WARN  TMXLevelLoader       - TiledMap generated from 1.8.4. Supported version: 1.4.2. Some features may not be parsed fully.
23:54:17.792 [FXGL Background Thread 1 ] WARN  TMXLevelLoader       - Parse error
javax.xml.stream.XMLStreamException: ParseError at [row,col]:[85,5]
Message: The element type "objectgroup" must be terminated by the matching end-tag "</objectgroup>".
	at java.xml/com.sun.org.apache.xerces.internal.impl.XMLStreamReaderImpl.next(XMLStreamReaderImpl.java:652)
	at java.xml/com.sun.xml.internal.stream.XMLEventReaderImpl.nextEvent(XMLEventReaderImpl.java:83)
	at com.almasb.fxgl.entity@17+dev-SNAPSHOT/com.almasb.fxgl.entity.level.tiled.TMXLevelLoader.parse(TMXLevelLoader.kt:191)
	at com.almasb.fxgl.entity@17+dev-SNAPSHOT/com.almasb.fxgl.entity.level.tiled.TMXLevelLoader.load(TMXLevelLoader.kt:52)
	at com.almasb.fxgl.all@17+dev-SNAPSHOT/com.almasb.fxgl.app.services.FXGLAssetLoaderService.loadLevel(FXGLAssetLoaderService.kt:446)
	at com.almasb.fxgl.all@17+dev-SNAPSHOT/com.almasb.fxgl.dsl.FXGL$Companion.setLevelFromMap(FXGL.kt:634)
	at com.almasb.fxgl.all@17+dev-SNAPSHOT/com.almasb.fxgl.dsl.FXGL.setLevelFromMap(FXGL.kt)
	at mario.main/com.pioneer10.model.MarioAppTarocco.initGame(MarioAppTarocco.java:87)
	at com.almasb.fxgl.all@17+dev-SNAPSHOT/com.almasb.fxgl.app.FXGLApplication$InitAppTask.initGame(FXGLApplication.kt:339)
	at com.almasb.fxgl.all@17+dev-SNAPSHOT/com.almasb.fxgl.app.FXGLApplication$InitAppTask.call(FXGLApplication.kt:319)
	at com.almasb.fxgl.all@17+dev-SNAPSHOT/com.almasb.fxgl.app.FXGLApplication$InitAppTask.call(FXGLApplication.kt:311)
	at javafx.graphics@18/javafx.concurrent.Task$TaskCallable.call(Task.java:1426)
	at java.base/java.util.concurrent.FutureTask.run(FutureTask.java:264)
	at java.base/java.util.concurrent.Executors$RunnableAdapter.call(Executors.java:539)
	at java.base/java.util.concurrent.FutureTask.run(FutureTask.java:264)
	at java.base/java.util.concurrent.ThreadPoolExecutor.runWorker(ThreadPoolExecutor.java:1136)
	at java.base/java.util.concurrent.ThreadPoolExecutor$Worker.run(ThreadPoolExecutor.java:635)
	at java.base/java.lang.Thread.run(Thread.java:833)

23:54:17.842 [JavaFX Application Thread] DEBUG LoopRunner           - Stopping loop
23:54:17.844 [JavaFX Application Thread] FATAL FXGLApplication      - Uncaught Exception:
java.lang.RuntimeException: Initialization failed
	at com.almasb.fxgl.all@17+dev-SNAPSHOT/com.almasb.fxgl.app.FXGLApplication$InitAppTask.failed(FXGLApplication.kt:343)
	at javafx.graphics@18/javafx.concurrent.Task.setState(Task.java:710)
	at javafx.graphics@18/javafx.concurrent.Task$TaskCallable.lambda$call$2(Task.java:1456)
	at javafx.graphics@18/com.sun.javafx.application.PlatformImpl.lambda$runLater$10(PlatformImpl.java:457)
	at java.base/java.security.AccessController.doPrivileged(AccessController.java:399)
	at javafx.graphics@18/com.sun.javafx.application.PlatformImpl.lambda$runLater$11(PlatformImpl.java:456)
	at javafx.graphics@18/com.sun.glass.ui.InvokeLaterDispatcher$Future.run(InvokeLaterDispatcher.java:96)
	at javafx.graphics@18/com.sun.glass.ui.win.WinApplication._runLoop(Native Method)
	at javafx.graphics@18/com.sun.glass.ui.win.WinApplication.lambda$runLoop$3(WinApplication.java:184)
	at java.base/java.lang.Thread.run(Thread.java:833)
Caused by: com.almasb.fxgl.entity.level.LevelLoadingException: ParseError at [row,col]:[85,5]
Message: The element type "objectgroup" must be terminated by the matching end-tag "</objectgroup>".
	at com.almasb.fxgl.entity@17+dev-SNAPSHOT/com.almasb.fxgl.entity.level.tiled.TMXLevelLoader.load(TMXLevelLoader.kt:78)
	at com.almasb.fxgl.all@17+dev-SNAPSHOT/com.almasb.fxgl.app.services.FXGLAssetLoaderService.loadLevel(FXGLAssetLoaderService.kt:446)
	at com.almasb.fxgl.all@17+dev-SNAPSHOT/com.almasb.fxgl.dsl.FXGL$Companion.setLevelFromMap(FXGL.kt:634)
	at com.almasb.fxgl.all@17+dev-SNAPSHOT/com.almasb.fxgl.dsl.FXGL.setLevelFromMap(FXGL.kt)
	at mario.main/com.pioneer10.model.MarioAppTarocco.initGame(MarioAppTarocco.java:87)
	at com.almasb.fxgl.all@17+dev-SNAPSHOT/com.almasb.fxgl.app.FXGLApplication$InitAppTask.initGame(FXGLApplication.kt:339)
	at com.almasb.fxgl.all@17+dev-SNAPSHOT/com.almasb.fxgl.app.FXGLApplication$InitAppTask.call(FXGLApplication.kt:319)
	at com.almasb.fxgl.all@17+dev-SNAPSHOT/com.almasb.fxgl.app.FXGLApplication$InitAppTask.call(FXGLApplication.kt:311)
	at javafx.graphics@18/javafx.concurrent.Task$TaskCallable.call(Task.java:1426)
	at java.base/java.util.concurrent.FutureTask.run(FutureTask.java:264)
	at java.base/java.util.concurrent.Executors$RunnableAdapter.call(Executors.java:539)
	at java.base/java.util.concurrent.FutureTask.run(FutureTask.java:264)
	at java.base/java.util.concurrent.ThreadPoolExecutor.runWorker(ThreadPoolExecutor.java:1136)
	at java.base/java.util.concurrent.ThreadPoolExecutor$Worker.run(ThreadPoolExecutor.java:635)
	... 1 more
Caused by: javax.xml.stream.XMLStreamException: ParseError at [row,col]:[85,5]
Message: The element type "objectgroup" must be terminated by the matching end-tag "</objectgroup>".
	at java.xml/com.sun.org.apache.xerces.internal.impl.XMLStreamReaderImpl.next(XMLStreamReaderImpl.java:652)
	at java.xml/com.sun.xml.internal.stream.XMLEventReaderImpl.nextEvent(XMLEventReaderImpl.java:83)
	at com.almasb.fxgl.entity@17+dev-SNAPSHOT/com.almasb.fxgl.entity.level.tiled.TMXLevelLoader.parse(TMXLevelLoader.kt:191)
	at com.almasb.fxgl.entity@17+dev-SNAPSHOT/com.almasb.fxgl.entity.level.tiled.TMXLevelLoader.load(TMXLevelLoader.kt:52)
	... 14 more

23:54:17.844 [JavaFX Application Thread] FATAL FXGLApplication      - Application will now exit
23:54:17.924 [JavaFX Application Thread] DEBUG PrimaryStageWindow   - Push state: ErrorSubScene
23:54:17.924 [JavaFX Application Thread] DEBUG Input                - Clearing active input actions
23:54:17.932 [JavaFX Application Thread] DEBUG GameApplicationServi - Removing overlay from FXGLLoadingScene and adding to ErrorSubScene
23:54:17.933 [JavaFX Application Thread] DEBUG PrimaryStageWindow   - FXGLLoadingScene -> ErrorSubScene
23:54:18.351 [FXGL Background Thread 4 ] DEBUG FXGLAssetLoaderServi - Loading from file system: jar:file:///C:/Users/Manuel/.m2/repository/com/github/almasb/fxgl/17+dev-SNAPSHOT/fxgl-17+dev-20220422.115207-44.jar!/fxglassets/ui/fonts/Abel-Regular.ttf
23:54:18.367 [FXGL Background Thread 4 ] DEBUG FXGLAssetLoaderServi - Loading from file system: jar:file:///C:/Users/Manuel/.m2/repository/com/github/almasb/fxgl/17+dev-SNAPSHOT/fxgl-17+dev-20220422.115207-44.jar!/fxglassets/ui/fonts/TerminalLandMono-Regular.otf
23:54:18.385 [FXGL Background Thread 4 ] DEBUG FXGLAssetLoaderServi - Loading from file system: jar:file:///C:/Users/Manuel/.m2/repository/com/github/almasb/fxgl/17+dev-SNAPSHOT/fxgl-17+dev-20220422.115207-44.jar!/fxglassets/ui/fonts/Courier-Prime.ttf
23:54:18.510 [JavaFX Application Thread] DEBUG FXGLApplication      - Registering font factories with UI factory
23:54:18.975 [FXGL Background Thread 2 ] INFO  UpdaterService       - Your current version:  17+dev-SNAPSHOT
23:54:18.976 [FXGL Background Thread 2 ] INFO  UpdaterService       - Latest stable version: 17.1
23:54:20.352 [FXGL Background Thread 3 ] DEBUG Engine               - Logging environment variables
23:54:20.355 [FXGL Background Thread 3 ] DEBUG Engine               - achievements: []
23:54:20.356 [FXGL Background Thread 3 ] DEBUG Engine               - actualHeight: 640.0
23:54:20.357 [FXGL Background Thread 3 ] DEBUG Engine               - actualHeightProperty: ReadOnlyDoubleProperty [value: 640.0]
23:54:20.357 [FXGL Background Thread 3 ] DEBUG Engine               - actualWidth: 960.0
23:54:20.357 [FXGL Background Thread 3 ] DEBUG Engine               - actualWidthProperty: ReadOnlyDoubleProperty [value: 960.0]
23:54:20.357 [FXGL Background Thread 3 ] DEBUG Engine               - appIcon: fxgl_icon.png
23:54:20.358 [FXGL Background Thread 3 ] DEBUG Engine               - applicationMode: DEVELOPER
23:54:20.358 [FXGL Background Thread 3 ] DEBUG Engine               - cSSList: [fxgl_dark.css]
23:54:20.358 [FXGL Background Thread 3 ] DEBUG Engine               - collisionDetectionStrategy: BRUTE_FORCE
23:54:20.358 [FXGL Background Thread 3 ] DEBUG Engine               - configClass: Optional.empty
23:54:20.358 [FXGL Background Thread 3 ] DEBUG Engine               - credits: []
23:54:20.359 [FXGL Background Thread 3 ] DEBUG Engine               - defaultCursor: CursorInfo(imageName=fxgl_default_cursor.png, hotspotX=7.0, hotspotY=6.0)
23:54:20.359 [FXGL Background Thread 3 ] DEBUG Engine               - devBBoxColorProperty: ObjectProperty [value: 0xff0000ff]
23:54:20.359 [FXGL Background Thread 3 ] DEBUG Engine               - devEnableDebugCameraProperty: BooleanProperty [value: false]
23:54:20.359 [FXGL Background Thread 3 ] DEBUG Engine               - devSensorColorProperty: ObjectProperty [value: 0xffff00ff]
23:54:20.359 [FXGL Background Thread 3 ] DEBUG Engine               - devShowBBoxProperty: BooleanProperty [value: false]
23:54:20.359 [FXGL Background Thread 3 ] DEBUG Engine               - devShowPositionProperty: BooleanProperty [value: false]
23:54:20.360 [FXGL Background Thread 3 ] DEBUG Engine               - enabledMenuItems: []
23:54:20.360 [FXGL Background Thread 3 ] DEBUG Engine               - engineServices: [class com.almasb.fxgl.app.services.FXGLAssetLoaderService, class com.almasb.fxgl.app.FXGLApplication$GameApplicationService, class com.almasb.fxgl.app.services.FXGLDialogService, class com.almasb.fxgl.app.services.IOTaskExecutorService, class com.almasb.fxgl.io.FileSystemService, class com.almasb.fxgl.localization.LocalizationService, class com.almasb.fxgl.app.services.SystemBundleService, class com.almasb.fxgl.profile.SaveLoadService, class com.almasb.fxgl.ui.FXGLUIFactoryServiceProvider, class com.almasb.fxgl.ui.FXGLDialogFactoryServiceProvider, class com.almasb.fxgl.audio.AudioPlayer, class com.almasb.fxgl.notification.impl.NotificationServiceProvider, class com.almasb.fxgl.achievement.AchievementService, class com.almasb.fxgl.cutscene.CutsceneService, class com.almasb.fxgl.minigames.MiniGameService, class com.almasb.fxgl.net.NetService, class com.almasb.fxgl.app.services.UpdaterService, class com.almasb.fxgl.dev.DevService]
23:54:20.360 [FXGL Background Thread 3 ] DEBUG Engine               - fontGame: Abel-Regular.ttf
23:54:20.360 [FXGL Background Thread 3 ] DEBUG Engine               - fontMono: TerminalLandMono-Regular.otf
23:54:20.360 [FXGL Background Thread 3 ] DEBUG Engine               - fontText: Courier-Prime.ttf
23:54:20.360 [FXGL Background Thread 3 ] DEBUG Engine               - fontUI: VarelaRound-Regular.ttf
23:54:20.360 [FXGL Background Thread 3 ] DEBUG Engine               - fullScreen: BooleanProperty [value: false]
23:54:20.361 [FXGL Background Thread 3 ] DEBUG Engine               - gameDifficulty: MEDIUM
23:54:20.361 [FXGL Background Thread 3 ] DEBUG Engine               - gameDifficultyProperty: ObjectProperty [value: MEDIUM]
23:54:20.361 [FXGL Background Thread 3 ] DEBUG Engine               - globalMusicVolume: 0.5
23:54:20.361 [FXGL Background Thread 3 ] DEBUG Engine               - globalMusicVolumeProperty: DoubleProperty [value: 0.5]
23:54:20.361 [FXGL Background Thread 3 ] DEBUG Engine               - globalSoundVolume: 0.5
23:54:20.361 [FXGL Background Thread 3 ] DEBUG Engine               - globalSoundVolumeProperty: DoubleProperty [value: 0.5]
23:54:20.362 [FXGL Background Thread 3 ] DEBUG Engine               - height: 640
23:54:20.362 [FXGL Background Thread 3 ] DEBUG Engine               - is3D: false
23:54:20.362 [FXGL Background Thread 3 ] DEBUG Engine               - isAndroid: false
23:54:20.362 [FXGL Background Thread 3 ] DEBUG Engine               - isBrowser: false
23:54:20.362 [FXGL Background Thread 3 ] DEBUG Engine               - isClickFeedbackEnabled: false
23:54:20.362 [FXGL Background Thread 3 ] DEBUG Engine               - isCloseConfirmation: false
23:54:20.362 [FXGL Background Thread 3 ] DEBUG Engine               - isDesktop: true
23:54:20.362 [FXGL Background Thread 3 ] DEBUG Engine               - isDeveloperMenuEnabled: false
23:54:20.362 [FXGL Background Thread 3 ] DEBUG Engine               - isEmbedded: false
23:54:20.362 [FXGL Background Thread 3 ] DEBUG Engine               - isEntityPreloadEnabled: true
23:54:20.362 [FXGL Background Thread 3 ] DEBUG Engine               - isExperimentalTiledLargeMap: false
23:54:20.363 [FXGL Background Thread 3 ] DEBUG Engine               - isFileSystemWriteAllowed: true
23:54:20.363 [FXGL Background Thread 3 ] DEBUG Engine               - isFullScreenAllowed: false
23:54:20.363 [FXGL Background Thread 3 ] DEBUG Engine               - isFullScreenFromStart: false
23:54:20.363 [FXGL Background Thread 3 ] DEBUG Engine               - isGameMenuEnabled: true
23:54:20.363 [FXGL Background Thread 3 ] DEBUG Engine               - isIOS: false
23:54:20.363 [FXGL Background Thread 3 ] DEBUG Engine               - isIntroEnabled: false
23:54:20.363 [FXGL Background Thread 3 ] DEBUG Engine               - isLinux: false
23:54:20.364 [FXGL Background Thread 3 ] DEBUG Engine               - isMac: false
23:54:20.364 [FXGL Background Thread 3 ] DEBUG Engine               - isMainMenuEnabled: false
23:54:20.364 [FXGL Background Thread 3 ] DEBUG Engine               - isManualResizeEnabled: false
23:54:20.364 [FXGL Background Thread 3 ] DEBUG Engine               - isMobile: false
23:54:20.364 [FXGL Background Thread 3 ] DEBUG Engine               - isNative: false
23:54:20.364 [FXGL Background Thread 3 ] DEBUG Engine               - isPauseMusicWhenMinimized: true
23:54:20.364 [FXGL Background Thread 3 ] DEBUG Engine               - isPreserveResizeRatio: false
23:54:20.365 [FXGL Background Thread 3 ] DEBUG Engine               - isProfilingEnabled: false
23:54:20.365 [FXGL Background Thread 3 ] DEBUG Engine               - isScaleAffectedOnResize: true
23:54:20.365 [FXGL Background Thread 3 ] DEBUG Engine               - isSingleStep: false
23:54:20.365 [FXGL Background Thread 3 ] DEBUG Engine               - isUserProfileEnabled: false
23:54:20.365 [FXGL Background Thread 3 ] DEBUG Engine               - isWindows: true
23:54:20.365 [FXGL Background Thread 3 ] DEBUG Engine               - language: ObjectProperty [value: ENGLISH]
23:54:20.365 [FXGL Background Thread 3 ] DEBUG Engine               - menuKey: ESCAPE
23:54:20.365 [FXGL Background Thread 3 ] DEBUG Engine               - mouseSensitivity: 0.2
23:54:20.365 [FXGL Background Thread 3 ] DEBUG Engine               - notificationViewClass: class com.almasb.fxgl.notification.view.XboxNotificationView
23:54:20.365 [FXGL Background Thread 3 ] DEBUG Engine               - pixelsPerMeter: 50.0
23:54:20.366 [FXGL Background Thread 3 ] DEBUG Engine               - platform: WINDOWS
23:54:20.366 [FXGL Background Thread 3 ] DEBUG Engine               - prefHeightProperty: ReadOnlyDoubleProperty [value: 640.0]
23:54:20.366 [FXGL Background Thread 3 ] DEBUG Engine               - prefWidthProperty: ReadOnlyDoubleProperty [value: 960.0]
23:54:20.367 [FXGL Background Thread 3 ] DEBUG Engine               - profileDir: profiles/
23:54:20.367 [FXGL Background Thread 3 ] DEBUG Engine               - profileName: StringProperty [value: DEFAULT]
23:54:20.367 [FXGL Background Thread 3 ] DEBUG Engine               - randomSeed: -1
23:54:20.367 [FXGL Background Thread 3 ] DEBUG Engine               - runtimeInfo: RuntimeInfo(platform=WINDOWS, version=17+dev-SNAPSHOT, build=22.04.2022 11.52)
23:54:20.368 [FXGL Background Thread 3 ] DEBUG Engine               - saveFileExt: sav
23:54:20.368 [FXGL Background Thread 3 ] DEBUG Engine               - scaledHeightProp$fxgl: DoubleProperty [bound, value: 640.0]
23:54:20.368 [FXGL Background Thread 3 ] DEBUG Engine               - scaledWidthProp$fxgl: DoubleProperty [bound, value: 960.0]
23:54:20.368 [FXGL Background Thread 3 ] DEBUG Engine               - sceneFactory: com.almasb.fxgl.app.scene.SceneFactory@28f4caf
23:54:20.368 [FXGL Background Thread 3 ] DEBUG Engine               - secondsIn24h: 60
23:54:20.368 [FXGL Background Thread 3 ] DEBUG Engine               - soundMenuBack: menu/back.wav
23:54:20.368 [FXGL Background Thread 3 ] DEBUG Engine               - soundMenuPress: menu/press.wav
23:54:20.368 [FXGL Background Thread 3 ] DEBUG Engine               - soundMenuSelect: menu/select.wav
23:54:20.368 [FXGL Background Thread 3 ] DEBUG Engine               - soundNotification: core/notification.wav
23:54:20.369 [FXGL Background Thread 3 ] DEBUG Engine               - stageStyle: DECORATED
23:54:20.369 [FXGL Background Thread 3 ] DEBUG Engine               - supportedLanguages: [ENGLISH, FRENCH, GERMAN, HUNGARIAN, RUSSIAN]
23:54:20.369 [FXGL Background Thread 3 ] DEBUG Engine               - ticksPerSecond: -1
23:54:20.369 [FXGL Background Thread 3 ] DEBUG Engine               - title: Untitled
23:54:20.369 [FXGL Background Thread 3 ] DEBUG Engine               - urlGithub: https://github.com/AlmasB/FXGL
23:54:20.369 [FXGL Background Thread 3 ] DEBUG Engine               - urlLeaderboard: http://fxgl-top.herokuapp.com/
23:54:20.369 [FXGL Background Thread 3 ] DEBUG Engine               - urlPOM: https://raw.githubusercontent.com/AlmasB/FXGL/release/README.md
23:54:20.370 [FXGL Background Thread 3 ] DEBUG Engine               - userAppClass: class com.pioneer10.model.MarioAppTarocco
23:54:20.370 [FXGL Background Thread 3 ] DEBUG Engine               - version: 0.0
23:54:20.370 [FXGL Background Thread 3 ] DEBUG Engine               - versionCheckDays: 7
23:54:20.370 [FXGL Background Thread 3 ] DEBUG Engine               - width: 960
23:54:20.371 [FXGL Background Thread 3 ] DEBUG Engine               - Logging services
23:54:20.371 [FXGL Background Thread 3 ] DEBUG Engine               - class com.almasb.fxgl.app.services.FXGLAssetLoaderService
23:54:20.372 [FXGL Background Thread 3 ] DEBUG Engine               - class com.almasb.fxgl.app.FXGLApplication$GameApplicationService
23:54:20.372 [FXGL Background Thread 3 ] DEBUG Engine               - class com.almasb.fxgl.app.services.FXGLDialogService
23:54:20.372 [FXGL Background Thread 3 ] DEBUG Engine               - class com.almasb.fxgl.app.services.IOTaskExecutorService
23:54:20.373 [FXGL Background Thread 3 ] DEBUG Engine               - class com.almasb.fxgl.io.FileSystemService
23:54:20.373 [FXGL Background Thread 3 ] DEBUG Engine               - class com.almasb.fxgl.localization.LocalizationService
23:54:20.373 [FXGL Background Thread 3 ] DEBUG Engine               - class com.almasb.fxgl.app.services.SystemBundleService
23:54:20.373 [FXGL Background Thread 3 ] DEBUG Engine               - class com.almasb.fxgl.profile.SaveLoadService
23:54:20.374 [FXGL Background Thread 3 ] DEBUG Engine               - class com.almasb.fxgl.ui.FXGLUIFactoryServiceProvider
23:54:20.374 [FXGL Background Thread 3 ] DEBUG Engine               - class com.almasb.fxgl.ui.FXGLDialogFactoryServiceProvider
23:54:20.374 [FXGL Background Thread 3 ] DEBUG Engine               - class com.almasb.fxgl.audio.AudioPlayer
23:54:20.374 [FXGL Background Thread 3 ] DEBUG Engine               - class com.almasb.fxgl.notification.impl.NotificationServiceProvider
23:54:20.374 [FXGL Background Thread 3 ] DEBUG Engine               - class com.almasb.fxgl.achievement.AchievementService
23:54:20.374 [FXGL Background Thread 3 ] DEBUG Engine               - class com.almasb.fxgl.cutscene.CutsceneService
23:54:20.374 [FXGL Background Thread 3 ] DEBUG Engine               - class com.almasb.fxgl.minigames.MiniGameService
23:54:20.374 [FXGL Background Thread 3 ] DEBUG Engine               - class com.almasb.fxgl.net.NetService
23:54:20.374 [FXGL Background Thread 3 ] DEBUG Engine               - class com.almasb.fxgl.app.services.UpdaterService
23:54:20.375 [FXGL Background Thread 3 ] DEBUG Engine               - class com.almasb.fxgl.dev.DevService
23:54:54.708 [JavaFX Application Thread] DEBUG FXGLApplication      - Exiting FXGL
23:54:54.709 [JavaFX Application Thread] DEBUG Async                - Shutting down background threads
23:54:54.709 [JavaFX Application Thread] DEBUG PrimaryStageWindow   - Closing main window
23:54:54.787 [JavaFX Application Thread] DEBUG Logger               - Closing Logger
