21:56:50.574 [main                     ] DEBUG Logger               - Configured Logger
21:56:50.595 [main                     ] DEBUG GameApplication      - Logging settings
Title: Untitled
Version: 0.0
Width: 1120
Height: 320
Fullscreen: false
Intro: false
Profiling: false
Single step:false
App Mode: DEVELOPER
Menu Key: ESCAPE
Stage Style: DECORATED
Scene Factory: class com.pioneer10.model.PlatformerApp$1

21:56:51.011 [JavaFX Application Thread] DEBUG FXGLApplication      - Initializing FXGL
21:56:51.015 [JavaFX Application Thread] INFO  Engine               - FXGL-17+dev-SNAPSHOT (22.04.2022 11.52) on WINDOWS (J:17.0.1 FX:18)
21:56:51.015 [JavaFX Application Thread] DEBUG Engine               - JRE Vendor Name: Oracle Corporation
21:56:51.015 [JavaFX Application Thread] DEBUG Engine               - Running on OS: Windows 10 version 10.0
21:56:51.015 [JavaFX Application Thread] DEBUG Engine               - Architecture: amd64
21:56:51.015 [JavaFX Application Thread] INFO  Engine               - Source code and latest versions at: https://github.com/AlmasB/FXGL
21:56:51.015 [JavaFX Application Thread] INFO  Engine               -       Ask questions and discuss at: https://github.com/AlmasB/FXGL/discussions
21:56:51.015 [JavaFX Application Thread] INFO  Engine               -              Join the FXGL chat at: https://gitter.im/AlmasB/FXGL
21:56:51.068 [JavaFX Application Thread] DEBUG PrimaryStageWindow   - Creating a JavaFX scene
21:56:51.095 [JavaFX Application Thread] DEBUG PrimaryStageWindow   - Target settings size: 1120.0 x 320.0
21:56:51.095 [JavaFX Application Thread] DEBUG PrimaryStageWindow   - Scaled scene size:    1120.0 x 320.0
21:56:51.095 [JavaFX Application Thread] DEBUG PrimaryStageWindow   - Scaled ratio: (1.0, 1.0)
21:56:51.096 [JavaFX Application Thread] DEBUG PrimaryStageWindow   - Set initial scene to FXGLStartupScene
21:56:51.099 [JavaFX Application Thread] DEBUG PrimaryStageWindow   - Opening main window
21:56:51.231 [JavaFX Application Thread] DEBUG PrimaryStageWindow   - Window border size: (16.0, 39.0)
21:56:51.231 [JavaFX Application Thread] DEBUG PrimaryStageWindow   - Scaled size: 1120.0 x 320.0
21:56:51.232 [JavaFX Application Thread] DEBUG PrimaryStageWindow   - Scaled ratio: (1.0, 1.0)
21:56:51.232 [JavaFX Application Thread] DEBUG PrimaryStageWindow   - Scene size: 1120.0 x 320.0
21:56:51.232 [JavaFX Application Thread] DEBUG PrimaryStageWindow   - Stage size: 1136.0 x 359.0
21:56:51.238 [FXGL Background Thread 1 ] DEBUG Engine               - Initializing environment variables
21:56:51.259 [FXGL Background Thread 1 ] DEBUG FXGLAssetLoaderServi - User app class for loading assets: class com.pioneer10.model.PlatformerApp
21:56:51.259 [FXGL Background Thread 1 ] DEBUG GameApplicationServi - Applying CSS: fxgl_dark.css
21:56:51.260 [FXGL Background Thread 1 ] DEBUG FXGLAssetLoaderServi - Loading from file system: jar:file:///C:/Users/mattu/.m2/repository/com/github/almasb/fxgl/17+dev-SNAPSHOT/fxgl-17+dev-20220422.115207-44.jar!/fxglassets/ui/css/fxgl_dark.css
21:56:51.309 [FXGL Background Thread 1 ] DEBUG GameApplicationServi - Initializing application scenes
21:56:51.356 [FXGL Background Thread 1 ] DEBUG FXGLAssetLoaderServi - Loading from file system: file:/C:/Users/mattu/Desktop/FXGLGames-master/FXGLGames-master/Mario/target/classes/assets/textures/player.png
21:56:51.374 [FXGL Background Thread 1 ] DEBUG GameWorld            - Game world initialized
21:56:51.420 [FXGL Background Thread 1 ] DEBUG PhysicsWorld         - Physics world initialized: appHeight=320, physics.ppm=50,0
21:56:51.420 [FXGL Background Thread 1 ] DEBUG PhysicsWorld         - Using strategy: BRUTE_FORCE
21:56:51.426 [FXGL Background Thread 1 ] DEBUG GameScene            - Game scene initialized: 1120x320
21:56:51.436 [FXGL Background Thread 1 ] WARN  FXGL.DefaultMenu     - FXGLDefaultMenu is not designed for resolutions < 800x600
21:56:51.437 [FXGL Background Thread 1 ] DEBUG FXGL.DefaultMenu     - createMenuBodyGameMenu()
21:56:51.452 [FXGL Background Thread 1 ] DEBUG FXGL.DefaultMenu     - createOptionsMenu()
21:56:51.465 [FXGL Background Thread 1 ] DEBUG FXGLAssetLoaderServi - Loading from file system: jar:file:///C:/Users/mattu/.m2/repository/com/github/almasb/fxgl/17+dev-SNAPSHOT/fxgl-17+dev-20220422.115207-44.jar!/fxglassets/textures/particles/smoke.png
21:56:51.517 [FXGL Background Thread 1 ] DEBUG FXGLAssetLoaderServi - Loading from file system: jar:file:///C:/Users/mattu/.m2/repository/com/github/almasb/fxgl/17+dev-SNAPSHOT/fxgl-17+dev-20220422.115207-44.jar!/fxglassets/textures/particles/trace_horizontal.png
21:56:51.538 [FXGL Background Thread 1 ] DEBUG GameApplicationServi - Application scenes initialized
21:56:51.548 [FXGL Background Thread 1 ] DEBUG SystemBundleService  - Loading FXGL system data
21:56:51.552 [FXGL Background Thread 1 ] DEBUG FileSystemAccess     - Reading from: C:\Users\mattu\Desktop\FXGLGames-master\FXGLGames-master\Mario\system\fxgl.bundle
21:56:51.556 [FXGL Background Thread 1 ] DEBUG SystemBundleService  - Bundle FXGL: {}
21:56:51.557 [FXGL Background Thread 1 ] DEBUG UpdaterService       - Checking for updates
21:56:51.559 [FXGL Background Thread 4 ] DEBUG FXGLApplication      - Loading fonts
21:56:51.559 [FXGL Background Thread 1 ] DEBUG FXGLApplication      - Loading default localization
21:56:51.560 [FXGL Background Thread 4 ] DEBUG FXGLAssetLoaderServi - Loading from file system: jar:file:///C:/Users/mattu/.m2/repository/com/github/almasb/fxgl/17+dev-SNAPSHOT/fxgl-17+dev-20220422.115207-44.jar!/fxglassets/ui/fonts/VarelaRound-Regular.ttf
21:56:51.560 [FXGL Background Thread 1 ] DEBUG FXGLAssetLoaderServi - Loading from file system: jar:file:///C:/Users/mattu/.m2/repository/com/github/almasb/fxgl/17+dev-SNAPSHOT/fxgl-17+dev-20220422.115207-44.jar!/fxglassets/languages/english.lang
21:56:51.571 [FXGL Background Thread 1 ] INFO  FXGLApplication      - FXGL initialization took: 0,333 sec
21:56:51.577 [JavaFX Application Thread] DEBUG Input                - Registered new binding: Left - A
21:56:51.577 [JavaFX Application Thread] DEBUG Input                - Registered new binding: Right - D
21:56:51.578 [JavaFX Application Thread] DEBUG Input                - Registered new binding: Jump - W
21:56:51.578 [JavaFX Application Thread] DEBUG Input                - Registered new binding: Use - E
21:56:51.578 [JavaFX Application Thread] DEBUG FXGLAssetLoaderServi - Loading from file system: file:/C:/Users/mattu/Desktop/FXGLGames-master/FXGLGames-master/Mario/target/classes/assets/music/BGM_dash_runner.wav
21:56:51.594 [FXGL Background Thread 4 ] DEBUG FXGLAssetLoaderServi - Loading from file system: jar:file:///C:/Users/mattu/.m2/repository/com/github/almasb/fxgl/17+dev-SNAPSHOT/fxgl-17+dev-20220422.115207-44.jar!/fxglassets/ui/fonts/Abel-Regular.ttf
21:56:51.596 [FXGL Background Thread 4 ] DEBUG FXGLAssetLoaderServi - Loading from file system: jar:file:///C:/Users/mattu/.m2/repository/com/github/almasb/fxgl/17+dev-SNAPSHOT/fxgl-17+dev-20220422.115207-44.jar!/fxglassets/ui/fonts/TerminalLandMono-Regular.otf
21:56:51.598 [FXGL Background Thread 4 ] DEBUG FXGLAssetLoaderServi - Loading from file system: jar:file:///C:/Users/mattu/.m2/repository/com/github/almasb/fxgl/17+dev-SNAPSHOT/fxgl-17+dev-20220422.115207-44.jar!/fxglassets/ui/fonts/Courier-Prime.ttf
21:56:51.822 [FXGL Background Thread 2 ] INFO  UpdaterService       - Your current version:  17+dev-SNAPSHOT
21:56:51.822 [FXGL Background Thread 2 ] INFO  UpdaterService       - Latest stable version: 17.1
21:56:52.067 [JavaFX Application Thread] DEBUG AudioPlayer          - Playing music com.almasb.fxgl.audio.Music@79fee6b5
21:56:52.068 [JavaFX Application Thread] DEBUG FXGLAssetLoaderServi - Loading from file system: jar:file:///C:/Users/mattu/.m2/repository/com/github/almasb/fxgl/17+dev-SNAPSHOT/fxgl-17+dev-20220422.115207-44.jar!/fxglassets/textures/fxgl_icon.png
21:56:52.081 [JavaFX Application Thread] DEBUG FXGLAssetLoaderServi - Loading from file system: jar:file:///C:/Users/mattu/.m2/repository/com/github/almasb/fxgl/17+dev-SNAPSHOT/fxgl-17+dev-20220422.115207-44.jar!/fxglassets/textures/fxgl_default_cursor.png
21:56:52.082 [JavaFX Application Thread] DEBUG Input                - Registered new binding: Screenshot - CTRL+8
21:56:52.082 [JavaFX Application Thread] DEBUG Input                - Registered new binding: System info dump - CTRL+9
21:56:52.082 [JavaFX Application Thread] DEBUG Input                - Registered new binding: Restart - CTRL+R
21:56:52.083 [JavaFX Application Thread] DEBUG Input                - Registered new binding: Toggle Debug Camera - CTRL+7
21:56:52.084 [JavaFX Application Thread] DEBUG LoopRunner           - Starting loop
21:56:52.085 [JavaFX Application Thread] DEBUG LoopRunner           - Initializing JavaFX AnimationTimerLoop
21:56:52.085 [JavaFX Application Thread] DEBUG GameApplicationServi - Starting new game
21:56:52.086 [JavaFX Application Thread] DEBUG Input                - Clearing active input actions
21:56:52.093 [JavaFX Application Thread] DEBUG GameApplicationServi - Removing overlay from FXGLStartupScene and adding to MainLoadingScene
21:56:52.093 [JavaFX Application Thread] DEBUG PrimaryStageWindow   - FXGLStartupScene -> MainLoadingScene
21:56:52.094 [JavaFX Application Thread] DEBUG GameApplicationServi - Clearing previous game
21:56:52.094 [JavaFX Application Thread] DEBUG GameScene            - Clearing game scene
21:56:52.094 [JavaFX Application Thread] DEBUG GameWorld            - Clearing game world
21:56:52.094 [JavaFX Application Thread] DEBUG PhysicsWorld         - Clearing physics world
21:56:52.094 [FXGL Background Thread 2 ] DEBUG FXGLApplication      - Initializing game
21:56:52.095 [JavaFX Application Thread] DEBUG FXGLApplication      - Registering font factories with UI factory
21:56:52.116 [FXGL Background Thread 2 ] WARN  TMXLevelLoader       - TiledMap generated from 1.8.4. Supported version: 1.4.2. Some features may not be parsed fully.
21:56:52.123 [FXGL Background Thread 2 ] DEBUG TMXLevelLoader       - Parsed TiledMap: file:/C:/Users/mattu/Desktop/FXGLGames-master/FXGLGames-master/Mario/target/classes/assets/levels/tmx/level1.tmx
21:56:52.125 [FXGL Background Thread 2 ] DEBUG TMXLevelLoader       - Creating tile layer entities
21:56:52.126 [FXGL Background Thread 2 ] DEBUG TilesetLoader        - Loading view for layer Livello tile 1
21:56:52.127 [FXGL Background Thread 2 ] DEBUG TilesetLoader        - Created buffer with size 1120.0x320.0
21:56:52.132 [FXGL Background Thread 2 ] DEBUG TMXLevelLoader       - Creating object layer entities
21:56:52.149 [FXGL Background Thread 2 ] DEBUG GameWorld            - Clearing removable entities
21:56:52.150 [FXGL Background Thread 2 ] DEBUG GameWorld            - Setting level: com.almasb.fxgl.entity.level.Level@50e18273
21:56:52.162 [FXGL Background Thread 2 ] DEBUG FXGLAssetLoaderServi - Loading from file system: file:/C:/Users/mattu/Desktop/FXGLGames-master/FXGLGames-master/Mario/target/classes/assets/textures/background/forest.png
21:56:52.174 [FXGL Background Thread 2 ] INFO  FXGLApplication      - Game initialization took: 0,079 sec
21:56:52.204 [JavaFX Application Thread] DEBUG FXGLApplication      - Exiting FXGL
21:56:52.204 [JavaFX Application Thread] DEBUG LoopRunner           - Stopping loop
21:56:52.204 [JavaFX Application Thread] DEBUG SystemBundleService  - Saving FXGL system data
21:56:52.206 [JavaFX Application Thread] DEBUG FileSystemAccess     - Writing to: C:\Users\mattu\Desktop\FXGLGames-master\FXGLGames-master\Mario\system\fxgl.bundle
21:56:52.207 [JavaFX Application Thread] DEBUG Async                - Shutting down background threads
21:56:52.207 [JavaFX Application Thread] DEBUG PrimaryStageWindow   - Closing main window
21:56:52.213 [JavaFX Application Thread] DEBUG Logger               - Closing Logger
