16:07:12.783 [main                     ] DEBUG Logger               - Configured Logger
16:07:12.800 [main                     ] DEBUG GameApplication      - Logging settings
Title: Untitled
Version: 0.0
Width: 1120
Height: 320
Fullscreen: false
Intro: false
Profiling: false
Single step:false
App Mode: DEVELOPER
Menu Key: ESCAPE
Stage Style: DECORATED
Scene Factory: class com.pioneer10.model.PlatformerApp$1

16:07:13.231 [JavaFX Application Thread] DEBUG FXGLApplication      - Initializing FXGL
16:07:13.234 [JavaFX Application Thread] INFO  Engine               - FXGL-17+dev-SNAPSHOT (22.04.2022 11.52) on WINDOWS (J:17.0.1 FX:18)
16:07:13.234 [JavaFX Application Thread] DEBUG Engine               - JRE Vendor Name: Oracle Corporation
16:07:13.234 [JavaFX Application Thread] DEBUG Engine               - Running on OS: Windows 10 version 10.0
16:07:13.235 [JavaFX Application Thread] DEBUG Engine               - Architecture: amd64
16:07:13.235 [JavaFX Application Thread] INFO  Engine               - Source code and latest versions at: https://github.com/AlmasB/FXGL
16:07:13.235 [JavaFX Application Thread] INFO  Engine               -       Ask questions and discuss at: https://github.com/AlmasB/FXGL/discussions
16:07:13.235 [JavaFX Application Thread] INFO  Engine               -              Join the FXGL chat at: https://gitter.im/AlmasB/FXGL
16:07:13.295 [JavaFX Application Thread] DEBUG PrimaryStageWindow   - Creating a JavaFX scene
16:07:13.325 [JavaFX Application Thread] DEBUG PrimaryStageWindow   - Target settings size: 1120.0 x 320.0
16:07:13.325 [JavaFX Application Thread] DEBUG PrimaryStageWindow   - Scaled scene size:    1120.0 x 320.0
16:07:13.325 [JavaFX Application Thread] DEBUG PrimaryStageWindow   - Scaled ratio: (1.0, 1.0)
16:07:13.326 [JavaFX Application Thread] DEBUG PrimaryStageWindow   - Set initial scene to FXGLStartupScene
16:07:13.330 [JavaFX Application Thread] DEBUG PrimaryStageWindow   - Opening main window
16:07:13.429 [JavaFX Application Thread] DEBUG PrimaryStageWindow   - Window border size: (16.0, 39.0)
16:07:13.430 [JavaFX Application Thread] DEBUG PrimaryStageWindow   - Scaled size: 1120.0 x 320.0
16:07:13.430 [JavaFX Application Thread] DEBUG PrimaryStageWindow   - Scaled ratio: (1.0, 1.0)
16:07:13.430 [JavaFX Application Thread] DEBUG PrimaryStageWindow   - Scene size: 1120.0 x 320.0
16:07:13.430 [JavaFX Application Thread] DEBUG PrimaryStageWindow   - Stage size: 1136.0 x 359.0
16:07:13.435 [FXGL Background Thread 1 ] DEBUG Engine               - Initializing environment variables
16:07:13.456 [FXGL Background Thread 1 ] DEBUG FXGLAssetLoaderServi - User app class for loading assets: class com.pioneer10.model.PlatformerApp
16:07:13.456 [FXGL Background Thread 1 ] DEBUG GameApplicationServi - Applying CSS: fxgl_dark.css
16:07:13.457 [FXGL Background Thread 1 ] DEBUG FXGLAssetLoaderServi - Loading from file system: jar:file:///C:/Users/mattu/.m2/repository/com/github/almasb/fxgl/17+dev-SNAPSHOT/fxgl-17+dev-20220422.115207-44.jar!/fxglassets/ui/css/fxgl_dark.css
16:07:13.490 [FXGL Background Thread 1 ] DEBUG GameApplicationServi - Initializing application scenes
16:07:13.522 [FXGL Background Thread 1 ] DEBUG FXGLAssetLoaderServi - Loading from file system: file:/D:/FERMI-FEDE/4BIF_2021-2022/Informatica/Giochi/Pioneer-10/target/classes/assets/textures/player.png
16:07:13.536 [FXGL Background Thread 1 ] DEBUG GameWorld            - Game world initialized
16:07:13.575 [FXGL Background Thread 1 ] DEBUG PhysicsWorld         - Physics world initialized: appHeight=320, physics.ppm=50,0
16:07:13.575 [FXGL Background Thread 1 ] DEBUG PhysicsWorld         - Using strategy: BRUTE_FORCE
16:07:13.578 [FXGL Background Thread 1 ] DEBUG GameScene            - Game scene initialized: 1120x320
16:07:13.583 [FXGL Background Thread 1 ] WARN  FXGL.DefaultMenu     - FXGLDefaultMenu is not designed for resolutions < 800x600
16:07:13.584 [FXGL Background Thread 1 ] DEBUG FXGL.DefaultMenu     - createMenuBodyGameMenu()
16:07:13.597 [FXGL Background Thread 1 ] DEBUG FXGL.DefaultMenu     - createOptionsMenu()
16:07:13.605 [FXGL Background Thread 1 ] DEBUG FXGLAssetLoaderServi - Loading from file system: jar:file:///C:/Users/mattu/.m2/repository/com/github/almasb/fxgl/17+dev-SNAPSHOT/fxgl-17+dev-20220422.115207-44.jar!/fxglassets/textures/particles/smoke.png
16:07:13.645 [FXGL Background Thread 1 ] DEBUG FXGLAssetLoaderServi - Loading from file system: jar:file:///C:/Users/mattu/.m2/repository/com/github/almasb/fxgl/17+dev-SNAPSHOT/fxgl-17+dev-20220422.115207-44.jar!/fxglassets/textures/particles/trace_horizontal.png
16:07:13.663 [FXGL Background Thread 1 ] DEBUG GameApplicationServi - Application scenes initialized
16:07:13.673 [FXGL Background Thread 1 ] DEBUG SystemBundleService  - Loading FXGL system data
16:07:13.676 [FXGL Background Thread 1 ] DEBUG FileSystemAccess     - Reading from: D:\FERMI-FEDE\4BIF_2021-2022\Informatica\Giochi\Pioneer-10\system\fxgl.bundle
16:07:13.680 [FXGL Background Thread 1 ] DEBUG SystemBundleService  - Bundle FXGL: {}
16:07:13.680 [FXGL Background Thread 1 ] DEBUG UpdaterService       - Checking for updates
16:07:13.683 [FXGL Background Thread 4 ] DEBUG FXGLApplication      - Loading fonts
16:07:13.683 [FXGL Background Thread 1 ] DEBUG FXGLApplication      - Loading default localization
16:07:13.683 [FXGL Background Thread 4 ] DEBUG FXGLAssetLoaderServi - Loading from file system: jar:file:///C:/Users/mattu/.m2/repository/com/github/almasb/fxgl/17+dev-SNAPSHOT/fxgl-17+dev-20220422.115207-44.jar!/fxglassets/ui/fonts/VarelaRound-Regular.ttf
16:07:13.683 [FXGL Background Thread 1 ] DEBUG FXGLAssetLoaderServi - Loading from file system: jar:file:///C:/Users/mattu/.m2/repository/com/github/almasb/fxgl/17+dev-SNAPSHOT/fxgl-17+dev-20220422.115207-44.jar!/fxglassets/languages/english.lang
16:07:13.703 [FXGL Background Thread 1 ] INFO  FXGLApplication      - FXGL initialization took: 0,268 sec
16:07:13.711 [JavaFX Application Thread] DEBUG Input                - Registered new binding: Left - A
16:07:13.711 [JavaFX Application Thread] DEBUG Input                - Registered new binding: Right - D
16:07:13.711 [JavaFX Application Thread] DEBUG Input                - Registered new binding: Jump - Space
16:07:13.711 [JavaFX Application Thread] DEBUG FXGLAssetLoaderServi - Loading from file system: jar:file:///C:/Users/mattu/.m2/repository/com/github/almasb/fxgl/17+dev-SNAPSHOT/fxgl-17+dev-20220422.115207-44.jar!/fxglassets/textures/fxgl_icon.png
16:07:13.724 [JavaFX Application Thread] DEBUG FXGLAssetLoaderServi - Loading from file system: jar:file:///C:/Users/mattu/.m2/repository/com/github/almasb/fxgl/17+dev-SNAPSHOT/fxgl-17+dev-20220422.115207-44.jar!/fxglassets/textures/fxgl_default_cursor.png
16:07:13.725 [FXGL Background Thread 4 ] DEBUG FXGLAssetLoaderServi - Loading from file system: jar:file:///C:/Users/mattu/.m2/repository/com/github/almasb/fxgl/17+dev-SNAPSHOT/fxgl-17+dev-20220422.115207-44.jar!/fxglassets/ui/fonts/Abel-Regular.ttf
16:07:13.726 [JavaFX Application Thread] DEBUG Input                - Registered new binding: Screenshot - CTRL+8
16:07:13.726 [JavaFX Application Thread] DEBUG Input                - Registered new binding: System info dump - CTRL+9
16:07:13.726 [JavaFX Application Thread] DEBUG Input                - Registered new binding: Restart - CTRL+R
16:07:13.727 [FXGL Background Thread 4 ] DEBUG FXGLAssetLoaderServi - Loading from file system: jar:file:///C:/Users/mattu/.m2/repository/com/github/almasb/fxgl/17+dev-SNAPSHOT/fxgl-17+dev-20220422.115207-44.jar!/fxglassets/ui/fonts/TerminalLandMono-Regular.otf
16:07:13.727 [JavaFX Application Thread] DEBUG Input                - Registered new binding: Toggle Debug Camera - CTRL+7
16:07:13.729 [JavaFX Application Thread] DEBUG LoopRunner           - Starting loop
16:07:13.729 [FXGL Background Thread 4 ] DEBUG FXGLAssetLoaderServi - Loading from file system: jar:file:///C:/Users/mattu/.m2/repository/com/github/almasb/fxgl/17+dev-SNAPSHOT/fxgl-17+dev-20220422.115207-44.jar!/fxglassets/ui/fonts/Courier-Prime.ttf
16:07:13.729 [JavaFX Application Thread] DEBUG LoopRunner           - Initializing JavaFX AnimationTimerLoop
16:07:13.730 [JavaFX Application Thread] DEBUG GameApplicationServi - Starting new game
16:07:13.730 [JavaFX Application Thread] DEBUG Input                - Clearing active input actions
16:07:13.740 [JavaFX Application Thread] DEBUG GameApplicationServi - Removing overlay from FXGLStartupScene and adding to MainLoadingScene
16:07:13.740 [JavaFX Application Thread] DEBUG PrimaryStageWindow   - FXGLStartupScene -> MainLoadingScene
16:07:13.741 [JavaFX Application Thread] DEBUG GameApplicationServi - Clearing previous game
16:07:13.741 [JavaFX Application Thread] DEBUG GameScene            - Clearing game scene
16:07:13.741 [JavaFX Application Thread] DEBUG GameWorld            - Clearing game world
16:07:13.741 [JavaFX Application Thread] DEBUG PhysicsWorld         - Clearing physics world
16:07:13.742 [JavaFX Application Thread] DEBUG FXGLApplication      - Registering font factories with UI factory
16:07:13.742 [FXGL Background Thread 4 ] DEBUG FXGLApplication      - Initializing game
16:07:13.781 [FXGL Background Thread 4 ] WARN  TMXLevelLoader       - TiledMap generated from 1.8.4. Supported version: 1.4.2. Some features may not be parsed fully.
16:07:13.789 [FXGL Background Thread 4 ] DEBUG TMXLevelLoader       - Parsed TiledMap: file:/D:/FERMI-FEDE/4BIF_2021-2022/Informatica/Giochi/Pioneer-10/target/classes/assets/levels/tmx/level1.tmx
16:07:13.790 [FXGL Background Thread 4 ] DEBUG TMXLevelLoader       - Creating tile layer entities
16:07:13.791 [FXGL Background Thread 4 ] DEBUG TilesetLoader        - Loading view for layer Livello tile 1
16:07:13.791 [FXGL Background Thread 4 ] DEBUG TilesetLoader        - Created buffer with size 1120.0x320.0
16:07:13.797 [FXGL Background Thread 4 ] DEBUG TMXLevelLoader       - Creating object layer entities
16:07:13.812 [FXGL Background Thread 4 ] DEBUG GameWorld            - Clearing removable entities
16:07:13.812 [FXGL Background Thread 4 ] DEBUG GameWorld            - Setting level: com.almasb.fxgl.entity.level.Level@5ae0bbc0
16:07:13.829 [FXGL Background Thread 4 ] DEBUG FXGLAssetLoaderServi - Loading from file system: file:/D:/FERMI-FEDE/4BIF_2021-2022/Informatica/Giochi/Pioneer-10/target/classes/assets/textures/background/forest.png
16:07:13.839 [FXGL Background Thread 4 ] INFO  FXGLApplication      - Game initialization took: 0,097 sec
16:07:13.839 [JavaFX Application Thread] DEBUG Input                - Clearing active input actions
16:07:13.845 [JavaFX Application Thread] DEBUG GameApplicationServi - Removing overlay from MainLoadingScene and adding to GameScene
16:07:13.845 [JavaFX Application Thread] DEBUG PrimaryStageWindow   - MainLoadingScene -> GameScene
16:07:14.317 [FXGL Background Thread 2 ] INFO  UpdaterService       - Your current version:  17+dev-SNAPSHOT
16:07:14.317 [FXGL Background Thread 2 ] INFO  UpdaterService       - Latest stable version: 17.1
16:07:16.682 [FXGL Background Thread 3 ] DEBUG Engine               - Logging environment variables
16:07:16.682 [FXGL Background Thread 3 ] DEBUG Engine               - achievements: []
16:07:16.683 [FXGL Background Thread 3 ] DEBUG Engine               - actualHeight: 320.0
16:07:16.683 [FXGL Background Thread 3 ] DEBUG Engine               - actualHeightProperty: ReadOnlyDoubleProperty [value: 320.0]
16:07:16.683 [FXGL Background Thread 3 ] DEBUG Engine               - actualWidth: 1120.0
16:07:16.683 [FXGL Background Thread 3 ] DEBUG Engine               - actualWidthProperty: ReadOnlyDoubleProperty [value: 1120.0]
16:07:16.683 [FXGL Background Thread 3 ] DEBUG Engine               - appIcon: fxgl_icon.png
16:07:16.683 [FXGL Background Thread 3 ] DEBUG Engine               - applicationMode: DEVELOPER
16:07:16.683 [FXGL Background Thread 3 ] DEBUG Engine               - cSSList: [fxgl_dark.css]
16:07:16.683 [FXGL Background Thread 3 ] DEBUG Engine               - collisionDetectionStrategy: BRUTE_FORCE
16:07:16.683 [FXGL Background Thread 3 ] DEBUG Engine               - configClass: Optional.empty
16:07:16.683 [FXGL Background Thread 3 ] DEBUG Engine               - credits: []
16:07:16.683 [FXGL Background Thread 3 ] DEBUG Engine               - defaultCursor: CursorInfo(imageName=fxgl_default_cursor.png, hotspotX=7.0, hotspotY=6.0)
16:07:16.684 [FXGL Background Thread 3 ] DEBUG Engine               - devBBoxColorProperty: ObjectProperty [value: 0xff0000ff]
16:07:16.684 [FXGL Background Thread 3 ] DEBUG Engine               - devEnableDebugCameraProperty: BooleanProperty [value: false]
16:07:16.684 [FXGL Background Thread 3 ] DEBUG Engine               - devSensorColorProperty: ObjectProperty [value: 0xffff00ff]
16:07:16.684 [FXGL Background Thread 3 ] DEBUG Engine               - devShowBBoxProperty: BooleanProperty [value: false]
16:07:16.684 [FXGL Background Thread 3 ] DEBUG Engine               - devShowPositionProperty: BooleanProperty [value: false]
16:07:16.684 [FXGL Background Thread 3 ] DEBUG Engine               - enabledMenuItems: []
16:07:16.684 [FXGL Background Thread 3 ] DEBUG Engine               - engineServices: [class com.almasb.fxgl.app.services.FXGLAssetLoaderService, class com.almasb.fxgl.app.FXGLApplication$GameApplicationService, class com.almasb.fxgl.app.services.FXGLDialogService, class com.almasb.fxgl.app.services.IOTaskExecutorService, class com.almasb.fxgl.io.FileSystemService, class com.almasb.fxgl.localization.LocalizationService, class com.almasb.fxgl.app.services.SystemBundleService, class com.almasb.fxgl.profile.SaveLoadService, class com.almasb.fxgl.ui.FXGLUIFactoryServiceProvider, class com.almasb.fxgl.ui.FXGLDialogFactoryServiceProvider, class com.almasb.fxgl.audio.AudioPlayer, class com.almasb.fxgl.notification.impl.NotificationServiceProvider, class com.almasb.fxgl.achievement.AchievementService, class com.almasb.fxgl.cutscene.CutsceneService, class com.almasb.fxgl.minigames.MiniGameService, class com.almasb.fxgl.net.NetService, class com.almasb.fxgl.app.services.UpdaterService, class com.almasb.fxgl.dev.DevService]
16:07:16.684 [FXGL Background Thread 3 ] DEBUG Engine               - fontGame: Abel-Regular.ttf
16:07:16.684 [FXGL Background Thread 3 ] DEBUG Engine               - fontMono: TerminalLandMono-Regular.otf
16:07:16.684 [FXGL Background Thread 3 ] DEBUG Engine               - fontText: Courier-Prime.ttf
16:07:16.684 [FXGL Background Thread 3 ] DEBUG Engine               - fontUI: VarelaRound-Regular.ttf
16:07:16.684 [FXGL Background Thread 3 ] DEBUG Engine               - fullScreen: BooleanProperty [value: false]
16:07:16.684 [FXGL Background Thread 3 ] DEBUG Engine               - gameDifficulty: MEDIUM
16:07:16.685 [FXGL Background Thread 3 ] DEBUG Engine               - gameDifficultyProperty: ObjectProperty [value: MEDIUM]
16:07:16.685 [FXGL Background Thread 3 ] DEBUG Engine               - globalMusicVolume: 0.5
16:07:16.685 [FXGL Background Thread 3 ] DEBUG Engine               - globalMusicVolumeProperty: DoubleProperty [value: 0.5]
16:07:16.685 [FXGL Background Thread 3 ] DEBUG Engine               - globalSoundVolume: 0.5
16:07:16.685 [FXGL Background Thread 3 ] DEBUG Engine               - globalSoundVolumeProperty: DoubleProperty [value: 0.5]
16:07:16.685 [FXGL Background Thread 3 ] DEBUG Engine               - height: 320
16:07:16.685 [FXGL Background Thread 3 ] DEBUG Engine               - is3D: false
16:07:16.685 [FXGL Background Thread 3 ] DEBUG Engine               - isAndroid: false
16:07:16.685 [FXGL Background Thread 3 ] DEBUG Engine               - isBrowser: false
16:07:16.685 [FXGL Background Thread 3 ] DEBUG Engine               - isClickFeedbackEnabled: false
16:07:16.685 [FXGL Background Thread 3 ] DEBUG Engine               - isCloseConfirmation: false
16:07:16.685 [FXGL Background Thread 3 ] DEBUG Engine               - isDesktop: true
16:07:16.685 [FXGL Background Thread 3 ] DEBUG Engine               - isDeveloperMenuEnabled: false
16:07:16.685 [FXGL Background Thread 3 ] DEBUG Engine               - isEmbedded: false
16:07:16.685 [FXGL Background Thread 3 ] DEBUG Engine               - isEntityPreloadEnabled: true
16:07:16.686 [FXGL Background Thread 3 ] DEBUG Engine               - isExperimentalTiledLargeMap: false
16:07:16.686 [FXGL Background Thread 3 ] DEBUG Engine               - isFileSystemWriteAllowed: true
16:07:16.686 [FXGL Background Thread 3 ] DEBUG Engine               - isFullScreenAllowed: false
16:07:16.686 [FXGL Background Thread 3 ] DEBUG Engine               - isFullScreenFromStart: false
16:07:16.686 [FXGL Background Thread 3 ] DEBUG Engine               - isGameMenuEnabled: true
16:07:16.686 [FXGL Background Thread 3 ] DEBUG Engine               - isIOS: false
16:07:16.686 [FXGL Background Thread 3 ] DEBUG Engine               - isIntroEnabled: false
16:07:16.686 [FXGL Background Thread 3 ] DEBUG Engine               - isLinux: false
16:07:16.686 [FXGL Background Thread 3 ] DEBUG Engine               - isMac: false
16:07:16.686 [FXGL Background Thread 3 ] DEBUG Engine               - isMainMenuEnabled: false
16:07:16.686 [FXGL Background Thread 3 ] DEBUG Engine               - isManualResizeEnabled: false
16:07:16.686 [FXGL Background Thread 3 ] DEBUG Engine               - isMobile: false
16:07:16.686 [FXGL Background Thread 3 ] DEBUG Engine               - isNative: false
16:07:16.686 [FXGL Background Thread 3 ] DEBUG Engine               - isPauseMusicWhenMinimized: true
16:07:16.687 [FXGL Background Thread 3 ] DEBUG Engine               - isPreserveResizeRatio: false
16:07:16.687 [FXGL Background Thread 3 ] DEBUG Engine               - isProfilingEnabled: false
16:07:16.687 [FXGL Background Thread 3 ] DEBUG Engine               - isScaleAffectedOnResize: true
16:07:16.687 [FXGL Background Thread 3 ] DEBUG Engine               - isSingleStep: false
16:07:16.687 [FXGL Background Thread 3 ] DEBUG Engine               - isUserProfileEnabled: false
16:07:16.687 [FXGL Background Thread 3 ] DEBUG Engine               - isWindows: true
16:07:16.687 [FXGL Background Thread 3 ] DEBUG Engine               - language: ObjectProperty [value: ENGLISH]
16:07:16.687 [FXGL Background Thread 3 ] DEBUG Engine               - menuKey: ESCAPE
16:07:16.687 [FXGL Background Thread 3 ] DEBUG Engine               - mouseSensitivity: 0.2
16:07:16.687 [FXGL Background Thread 3 ] DEBUG Engine               - notificationViewClass: class com.almasb.fxgl.notification.view.XboxNotificationView
16:07:16.687 [FXGL Background Thread 3 ] DEBUG Engine               - pixelsPerMeter: 50.0
16:07:16.687 [FXGL Background Thread 3 ] DEBUG Engine               - platform: WINDOWS
16:07:16.687 [FXGL Background Thread 3 ] DEBUG Engine               - prefHeightProperty: ReadOnlyDoubleProperty [value: 320.0]
16:07:16.687 [FXGL Background Thread 3 ] DEBUG Engine               - prefWidthProperty: ReadOnlyDoubleProperty [value: 1120.0]
16:07:16.687 [FXGL Background Thread 3 ] DEBUG Engine               - profileDir: profiles/
16:07:16.688 [FXGL Background Thread 3 ] DEBUG Engine               - profileName: StringProperty [value: DEFAULT]
16:07:16.688 [FXGL Background Thread 3 ] DEBUG Engine               - randomSeed: -1
16:07:16.688 [FXGL Background Thread 3 ] DEBUG Engine               - runtimeInfo: RuntimeInfo(platform=WINDOWS, version=17+dev-SNAPSHOT, build=22.04.2022 11.52)
16:07:16.688 [FXGL Background Thread 3 ] DEBUG Engine               - saveFileExt: sav
16:07:16.688 [FXGL Background Thread 3 ] DEBUG Engine               - scaledHeightProp$fxgl: DoubleProperty [bound, value: 320.0]
16:07:16.688 [FXGL Background Thread 3 ] DEBUG Engine               - scaledWidthProp$fxgl: DoubleProperty [bound, value: 1120.0]
16:07:16.688 [FXGL Background Thread 3 ] DEBUG Engine               - sceneFactory: com.pioneer10.model.PlatformerApp$1@f38b341
16:07:16.688 [FXGL Background Thread 3 ] DEBUG Engine               - secondsIn24h: 60
16:07:16.688 [FXGL Background Thread 3 ] DEBUG Engine               - soundMenuBack: menu/back.wav
16:07:16.688 [FXGL Background Thread 3 ] DEBUG Engine               - soundMenuPress: menu/press.wav
16:07:16.688 [FXGL Background Thread 3 ] DEBUG Engine               - soundMenuSelect: menu/select.wav
16:07:16.688 [FXGL Background Thread 3 ] DEBUG Engine               - soundNotification: core/notification.wav
16:07:16.688 [FXGL Background Thread 3 ] DEBUG Engine               - stageStyle: DECORATED
16:07:16.688 [FXGL Background Thread 3 ] DEBUG Engine               - supportedLanguages: [ENGLISH, FRENCH, GERMAN, HUNGARIAN, RUSSIAN]
16:07:16.688 [FXGL Background Thread 3 ] DEBUG Engine               - ticksPerSecond: -1
16:07:16.688 [FXGL Background Thread 3 ] DEBUG Engine               - title: Untitled
16:07:16.688 [FXGL Background Thread 3 ] DEBUG Engine               - urlGithub: https://github.com/AlmasB/FXGL
16:07:16.689 [FXGL Background Thread 3 ] DEBUG Engine               - urlLeaderboard: http://fxgl-top.herokuapp.com/
16:07:16.689 [FXGL Background Thread 3 ] DEBUG Engine               - urlPOM: https://raw.githubusercontent.com/AlmasB/FXGL/release/README.md
16:07:16.689 [FXGL Background Thread 3 ] DEBUG Engine               - userAppClass: class com.pioneer10.model.PlatformerApp
16:07:16.689 [FXGL Background Thread 3 ] DEBUG Engine               - version: 0.0
16:07:16.689 [FXGL Background Thread 3 ] DEBUG Engine               - versionCheckDays: 7
16:07:16.689 [FXGL Background Thread 3 ] DEBUG Engine               - width: 1120
16:07:16.689 [FXGL Background Thread 3 ] DEBUG Engine               - Logging services
16:07:16.689 [FXGL Background Thread 3 ] DEBUG Engine               - class com.almasb.fxgl.app.services.FXGLAssetLoaderService
16:07:16.689 [FXGL Background Thread 3 ] DEBUG Engine               - class com.almasb.fxgl.app.FXGLApplication$GameApplicationService
16:07:16.689 [FXGL Background Thread 3 ] DEBUG Engine               - class com.almasb.fxgl.app.services.FXGLDialogService
16:07:16.689 [FXGL Background Thread 3 ] DEBUG Engine               - class com.almasb.fxgl.app.services.IOTaskExecutorService
16:07:16.689 [FXGL Background Thread 3 ] DEBUG Engine               - class com.almasb.fxgl.io.FileSystemService
16:07:16.689 [FXGL Background Thread 3 ] DEBUG Engine               - class com.almasb.fxgl.localization.LocalizationService
16:07:16.689 [FXGL Background Thread 3 ] DEBUG Engine               - class com.almasb.fxgl.app.services.SystemBundleService
16:07:16.690 [FXGL Background Thread 3 ] DEBUG Engine               - class com.almasb.fxgl.profile.SaveLoadService
16:07:16.690 [FXGL Background Thread 3 ] DEBUG Engine               - class com.almasb.fxgl.ui.FXGLUIFactoryServiceProvider
16:07:16.690 [FXGL Background Thread 3 ] DEBUG Engine               - class com.almasb.fxgl.ui.FXGLDialogFactoryServiceProvider
16:07:16.690 [FXGL Background Thread 3 ] DEBUG Engine               - class com.almasb.fxgl.audio.AudioPlayer
16:07:16.690 [FXGL Background Thread 3 ] DEBUG Engine               - class com.almasb.fxgl.notification.impl.NotificationServiceProvider
16:07:16.690 [FXGL Background Thread 3 ] DEBUG Engine               - class com.almasb.fxgl.achievement.AchievementService
16:07:16.690 [FXGL Background Thread 3 ] DEBUG Engine               - class com.almasb.fxgl.cutscene.CutsceneService
16:07:16.690 [FXGL Background Thread 3 ] DEBUG Engine               - class com.almasb.fxgl.minigames.MiniGameService
16:07:16.690 [FXGL Background Thread 3 ] DEBUG Engine               - class com.almasb.fxgl.net.NetService
16:07:16.690 [FXGL Background Thread 3 ] DEBUG Engine               - class com.almasb.fxgl.app.services.UpdaterService
16:07:16.690 [FXGL Background Thread 3 ] DEBUG Engine               - class com.almasb.fxgl.dev.DevService
16:07:22.231 [JavaFX Application Thread] DEBUG FXGLApplication      - Exiting FXGL
16:07:22.231 [JavaFX Application Thread] DEBUG LoopRunner           - Stopping loop
16:07:22.231 [JavaFX Application Thread] DEBUG SystemBundleService  - Saving FXGL system data
16:07:22.232 [JavaFX Application Thread] DEBUG FileSystemAccess     - Writing to: D:\FERMI-FEDE\4BIF_2021-2022\Informatica\Giochi\Pioneer-10\system\fxgl.bundle
16:07:22.233 [JavaFX Application Thread] DEBUG Async                - Shutting down background threads
16:07:22.233 [JavaFX Application Thread] DEBUG PrimaryStageWindow   - Closing main window
16:07:22.239 [JavaFX Application Thread] DEBUG Logger               - Closing Logger
