17:35:57.769 [main                     ] DEBUG Logger               - Configured Logger
17:35:57.820 [main                     ] DEBUG GameApplication      - Logging settings
Title: Pioneer-10
Giove
Version: 0.0
Width: 1200
Height: 800
Fullscreen: false
Intro: false
Profiling: false
Single step:false
App Mode: DEVELOPER
Menu Key: ESCAPE
Stage Style: DECORATED
Scene Factory: class com.almasb.fxgl.app.scene.SceneFactory

17:35:58.270 [JavaFX Application Thread] DEBUG FXGLApplication      - Initializing FXGL
17:35:58.281 [JavaFX Application Thread] INFO  Engine               - FXGL-17+dev-SNAPSHOT (22.04.2022 11.52) on WINDOWS (J:17 FX:18)
17:35:58.282 [JavaFX Application Thread] DEBUG Engine               - JRE Vendor Name: Oracle Corporation
17:35:58.282 [JavaFX Application Thread] DEBUG Engine               - Running on OS: Windows 10 version 10.0
17:35:58.282 [JavaFX Application Thread] DEBUG Engine               - Architecture: amd64
17:35:58.283 [JavaFX Application Thread] INFO  Engine               - Source code and latest versions at: https://github.com/AlmasB/FXGL
17:35:58.283 [JavaFX Application Thread] INFO  Engine               -       Ask questions and discuss at: https://github.com/AlmasB/FXGL/discussions
17:35:58.283 [JavaFX Application Thread] INFO  Engine               -              Join the FXGL chat at: https://gitter.im/AlmasB/FXGL
17:35:58.409 [JavaFX Application Thread] DEBUG PrimaryStageWindow   - Creating a JavaFX scene
17:35:58.464 [JavaFX Application Thread] DEBUG PrimaryStageWindow   - Target settings size: 1200.0 x 800.0
17:35:58.465 [JavaFX Application Thread] DEBUG PrimaryStageWindow   - Scaled scene size:    1200.0 x 800.0
17:35:58.465 [JavaFX Application Thread] DEBUG PrimaryStageWindow   - Scaled ratio: (1.0, 1.0)
17:35:58.466 [JavaFX Application Thread] DEBUG PrimaryStageWindow   - Set initial scene to FXGLStartupScene
17:35:58.475 [JavaFX Application Thread] DEBUG PrimaryStageWindow   - Opening main window
17:35:58.577 [JavaFX Application Thread] DEBUG PrimaryStageWindow   - Window border size: (14.4000244140625, 37.5999755859375)
17:35:58.578 [JavaFX Application Thread] DEBUG PrimaryStageWindow   - Scaled size: 1200.0 x 800.0
17:35:58.578 [JavaFX Application Thread] DEBUG PrimaryStageWindow   - Scaled ratio: (1.0, 1.0)
17:35:58.579 [JavaFX Application Thread] DEBUG PrimaryStageWindow   - Scene size: 1200.0 x 800.0
17:35:58.580 [JavaFX Application Thread] DEBUG PrimaryStageWindow   - Stage size: 1214.4000244140625 x 837.5999755859375
17:35:58.590 [FXGL Background Thread 1 ] DEBUG Engine               - Initializing environment variables
17:35:58.641 [FXGL Background Thread 1 ] DEBUG FXGLAssetLoaderServi - User app class for loading assets: class com.pioneer10.model.LivGiove
17:35:58.641 [FXGL Background Thread 1 ] DEBUG GameApplicationServi - Applying CSS: fxgl_dark.css
17:35:58.643 [FXGL Background Thread 1 ] DEBUG FXGLAssetLoaderServi - Loading from file system: jar:file:///C:/Users/mattu/.m2/repository/com/github/almasb/fxgl/17+dev-SNAPSHOT/fxgl-17+dev-20220422.115207-44.jar!/fxglassets/ui/css/fxgl_dark.css
17:35:58.720 [FXGL Background Thread 1 ] DEBUG GameApplicationServi - Initializing application scenes
17:35:58.773 [FXGL Background Thread 1 ] DEBUG GameWorld            - Game world initialized
17:35:58.884 [FXGL Background Thread 1 ] DEBUG PhysicsWorld         - Physics world initialized: appHeight=800, physics.ppm=50,0
17:35:58.884 [FXGL Background Thread 1 ] DEBUG PhysicsWorld         - Using strategy: BRUTE_FORCE
17:35:58.894 [FXGL Background Thread 1 ] DEBUG GameScene            - Game scene initialized: 1200x800
17:35:58.919 [FXGL Background Thread 1 ] DEBUG FXGL.DefaultMenu     - createMenuBodyGameMenu()
17:35:58.947 [FXGL Background Thread 1 ] DEBUG FXGL.DefaultMenu     - createOptionsMenu()
17:35:58.966 [FXGL Background Thread 1 ] DEBUG FXGLAssetLoaderServi - Loading from file system: jar:file:///C:/Users/mattu/.m2/repository/com/github/almasb/fxgl/17+dev-SNAPSHOT/fxgl-17+dev-20220422.115207-44.jar!/fxglassets/textures/particles/smoke.png
17:35:59.077 [FXGL Background Thread 1 ] DEBUG FXGLAssetLoaderServi - Loading from file system: jar:file:///C:/Users/mattu/.m2/repository/com/github/almasb/fxgl/17+dev-SNAPSHOT/fxgl-17+dev-20220422.115207-44.jar!/fxglassets/textures/particles/trace_horizontal.png
17:35:59.119 [FXGL Background Thread 1 ] DEBUG GameApplicationServi - Application scenes initialized
17:35:59.135 [FXGL Background Thread 1 ] DEBUG SystemBundleService  - Loading FXGL system data
17:35:59.142 [FXGL Background Thread 1 ] DEBUG FileSystemAccess     - Reading from: D:\FERMI-FEDE\4BIF_2021-2022\Informatica\gioco\system\fxgl.bundle
17:35:59.149 [FXGL Background Thread 1 ] DEBUG SystemBundleService  - Bundle FXGL: {}
17:35:59.150 [FXGL Background Thread 1 ] DEBUG UpdaterService       - Checking for updates
17:35:59.159 [FXGL Background Thread 1 ] DEBUG FXGLApplication      - Loading default localization
17:35:59.160 [FXGL Background Thread 1 ] DEBUG FXGLAssetLoaderServi - Loading from file system: jar:file:///C:/Users/mattu/.m2/repository/com/github/almasb/fxgl/17+dev-SNAPSHOT/fxgl-17+dev-20220422.115207-44.jar!/fxglassets/languages/english.lang
17:35:59.163 [FXGL Background Thread 4 ] DEBUG FXGLApplication      - Loading fonts
17:35:59.164 [FXGL Background Thread 4 ] DEBUG FXGLAssetLoaderServi - Loading from file system: jar:file:///C:/Users/mattu/.m2/repository/com/github/almasb/fxgl/17+dev-SNAPSHOT/fxgl-17+dev-20220422.115207-44.jar!/fxglassets/ui/fonts/VarelaRound-Regular.ttf
17:35:59.187 [FXGL Background Thread 1 ] INFO  FXGLApplication      - FXGL initialization took: 0,596 sec
17:35:59.204 [JavaFX Application Thread] DEBUG Input                - Registered new binding: Left - A
17:35:59.205 [JavaFX Application Thread] DEBUG Input                - Registered new binding: Right - D
17:35:59.206 [JavaFX Application Thread] DEBUG Input                - Registered new binding: Jump - Space
17:35:59.206 [JavaFX Application Thread] DEBUG FXGLAssetLoaderServi - Loading from file system: jar:file:///C:/Users/mattu/.m2/repository/com/github/almasb/fxgl/17+dev-SNAPSHOT/fxgl-17+dev-20220422.115207-44.jar!/fxglassets/textures/fxgl_icon.png
17:35:59.248 [JavaFX Application Thread] DEBUG FXGLAssetLoaderServi - Loading from file system: jar:file:///C:/Users/mattu/.m2/repository/com/github/almasb/fxgl/17+dev-SNAPSHOT/fxgl-17+dev-20220422.115207-44.jar!/fxglassets/textures/fxgl_default_cursor.png
17:35:59.252 [JavaFX Application Thread] DEBUG Input                - Registered new binding: Screenshot - CTRL+8
17:35:59.254 [JavaFX Application Thread] DEBUG Input                - Registered new binding: System info dump - CTRL+9
17:35:59.255 [JavaFX Application Thread] DEBUG Input                - Registered new binding: Restart - CTRL+R
17:35:59.256 [JavaFX Application Thread] DEBUG Input                - Registered new binding: Toggle Debug Camera - CTRL+7
17:35:59.259 [JavaFX Application Thread] DEBUG LoopRunner           - Starting loop
17:35:59.260 [JavaFX Application Thread] DEBUG LoopRunner           - Initializing JavaFX AnimationTimerLoop
17:35:59.262 [JavaFX Application Thread] DEBUG GameApplicationServi - Starting new game
17:35:59.262 [JavaFX Application Thread] DEBUG Input                - Clearing active input actions
17:35:59.282 [JavaFX Application Thread] DEBUG GameApplicationServi - Removing overlay from FXGLStartupScene and adding to FXGLLoadingScene
17:35:59.283 [JavaFX Application Thread] DEBUG PrimaryStageWindow   - FXGLStartupScene -> FXGLLoadingScene
17:35:59.283 [JavaFX Application Thread] DEBUG GameApplicationServi - Clearing previous game
17:35:59.283 [JavaFX Application Thread] DEBUG GameScene            - Clearing game scene
17:35:59.283 [JavaFX Application Thread] DEBUG GameWorld            - Clearing game world
17:35:59.284 [JavaFX Application Thread] DEBUG PhysicsWorld         - Clearing physics world
17:35:59.286 [FXGL Background Thread 1 ] DEBUG FXGLApplication      - Initializing game
17:35:59.373 [FXGL Background Thread 1 ] WARN  TMXLevelLoader       - TiledMap generated from 1.8.4. Supported version: 1.4.2. Some features may not be parsed fully.
17:35:59.436 [FXGL Background Thread 1 ] DEBUG TMXLevelLoader       - Parsed TiledMap: file:/D:/FERMI-FEDE/4BIF_2021-2022/Informatica/gioco/target/classes/assets/levels/Giove/Giove.tmx
17:35:59.438 [FXGL Background Thread 1 ] DEBUG TMXLevelLoader       - Creating tile layer entities
17:35:59.442 [FXGL Background Thread 1 ] DEBUG TilesetLoader        - Loading view for layer Livello tile 1
17:35:59.453 [FXGL Background Thread 1 ] DEBUG TilesetLoader        - Created buffer with size 5760.0x800.0
17:35:59.507 [FXGL Background Thread 1 ] DEBUG TMXLevelLoader       - Creating object layer entities
17:35:59.620 [FXGL Background Thread 4 ] DEBUG FXGLAssetLoaderServi - Loading from file system: jar:file:///C:/Users/mattu/.m2/repository/com/github/almasb/fxgl/17+dev-SNAPSHOT/fxgl-17+dev-20220422.115207-44.jar!/fxglassets/ui/fonts/Abel-Regular.ttf
17:35:59.628 [FXGL Background Thread 4 ] DEBUG FXGLAssetLoaderServi - Loading from file system: jar:file:///C:/Users/mattu/.m2/repository/com/github/almasb/fxgl/17+dev-SNAPSHOT/fxgl-17+dev-20220422.115207-44.jar!/fxglassets/ui/fonts/TerminalLandMono-Regular.otf
17:35:59.633 [FXGL Background Thread 4 ] DEBUG FXGLAssetLoaderServi - Loading from file system: jar:file:///C:/Users/mattu/.m2/repository/com/github/almasb/fxgl/17+dev-SNAPSHOT/fxgl-17+dev-20220422.115207-44.jar!/fxglassets/ui/fonts/Courier-Prime.ttf
17:35:59.644 [JavaFX Application Thread] DEBUG FXGLApplication      - Registering font factories with UI factory
17:36:00.016 [FXGL Background Thread 1 ] DEBUG GameWorld            - Clearing removable entities
17:36:00.017 [FXGL Background Thread 1 ] DEBUG GameWorld            - Setting level: com.almasb.fxgl.entity.level.Level@117de288
17:36:00.125 [FXGL Background Thread 1 ] INFO  FXGLApplication      - Game initialization took: 0,838 sec
17:36:00.126 [JavaFX Application Thread] DEBUG Input                - Clearing active input actions
17:36:00.144 [JavaFX Application Thread] DEBUG GameApplicationServi - Removing overlay from FXGLLoadingScene and adding to GameScene
17:36:00.145 [JavaFX Application Thread] DEBUG PrimaryStageWindow   - FXGLLoadingScene -> GameScene
17:36:00.292 [FXGL Background Thread 2 ] INFO  UpdaterService       - Your current version:  17+dev-SNAPSHOT
17:36:00.293 [FXGL Background Thread 2 ] INFO  UpdaterService       - Latest stable version: 17.1
17:36:02.156 [FXGL Background Thread 3 ] DEBUG Engine               - Logging environment variables
17:36:02.156 [FXGL Background Thread 3 ] DEBUG Engine               - achievements: []
17:36:02.157 [FXGL Background Thread 3 ] DEBUG Engine               - actualHeight: 800.0
17:36:02.157 [FXGL Background Thread 3 ] DEBUG Engine               - actualHeightProperty: ReadOnlyDoubleProperty [value: 800.0]
17:36:02.157 [FXGL Background Thread 3 ] DEBUG Engine               - actualWidth: 1200.0
17:36:02.157 [FXGL Background Thread 3 ] DEBUG Engine               - actualWidthProperty: ReadOnlyDoubleProperty [value: 1200.0]
17:36:02.157 [FXGL Background Thread 3 ] DEBUG Engine               - appIcon: fxgl_icon.png
17:36:02.157 [FXGL Background Thread 3 ] DEBUG Engine               - applicationMode: DEVELOPER
17:36:02.157 [FXGL Background Thread 3 ] DEBUG Engine               - cSSList: [fxgl_dark.css]
17:36:02.157 [FXGL Background Thread 3 ] DEBUG Engine               - collisionDetectionStrategy: BRUTE_FORCE
17:36:02.158 [FXGL Background Thread 3 ] DEBUG Engine               - configClass: Optional.empty
17:36:02.158 [FXGL Background Thread 3 ] DEBUG Engine               - credits: []
17:36:02.158 [FXGL Background Thread 3 ] DEBUG Engine               - defaultCursor: CursorInfo(imageName=fxgl_default_cursor.png, hotspotX=7.0, hotspotY=6.0)
17:36:02.159 [FXGL Background Thread 3 ] DEBUG Engine               - devBBoxColorProperty: ObjectProperty [value: 0xff0000ff]
17:36:02.159 [FXGL Background Thread 3 ] DEBUG Engine               - devEnableDebugCameraProperty: BooleanProperty [value: false]
17:36:02.159 [FXGL Background Thread 3 ] DEBUG Engine               - devSensorColorProperty: ObjectProperty [value: 0xffff00ff]
17:36:02.159 [FXGL Background Thread 3 ] DEBUG Engine               - devShowBBoxProperty: BooleanProperty [value: false]
17:36:02.159 [FXGL Background Thread 3 ] DEBUG Engine               - devShowPositionProperty: BooleanProperty [value: false]
17:36:02.159 [FXGL Background Thread 3 ] DEBUG Engine               - enabledMenuItems: []
17:36:02.160 [FXGL Background Thread 3 ] DEBUG Engine               - engineServices: [class com.almasb.fxgl.app.services.FXGLAssetLoaderService, class com.almasb.fxgl.app.FXGLApplication$GameApplicationService, class com.almasb.fxgl.app.services.FXGLDialogService, class com.almasb.fxgl.app.services.IOTaskExecutorService, class com.almasb.fxgl.io.FileSystemService, class com.almasb.fxgl.localization.LocalizationService, class com.almasb.fxgl.app.services.SystemBundleService, class com.almasb.fxgl.profile.SaveLoadService, class com.almasb.fxgl.ui.FXGLUIFactoryServiceProvider, class com.almasb.fxgl.ui.FXGLDialogFactoryServiceProvider, class com.almasb.fxgl.audio.AudioPlayer, class com.almasb.fxgl.notification.impl.NotificationServiceProvider, class com.almasb.fxgl.achievement.AchievementService, class com.almasb.fxgl.cutscene.CutsceneService, class com.almasb.fxgl.minigames.MiniGameService, class com.almasb.fxgl.net.NetService, class com.almasb.fxgl.app.services.UpdaterService, class com.almasb.fxgl.dev.DevService]
17:36:02.160 [FXGL Background Thread 3 ] DEBUG Engine               - fontGame: Abel-Regular.ttf
17:36:02.160 [FXGL Background Thread 3 ] DEBUG Engine               - fontMono: TerminalLandMono-Regular.otf
17:36:02.160 [FXGL Background Thread 3 ] DEBUG Engine               - fontText: Courier-Prime.ttf
17:36:02.160 [FXGL Background Thread 3 ] DEBUG Engine               - fontUI: VarelaRound-Regular.ttf
17:36:02.160 [FXGL Background Thread 3 ] DEBUG Engine               - fullScreen: BooleanProperty [value: false]
17:36:02.160 [FXGL Background Thread 3 ] DEBUG Engine               - gameDifficulty: MEDIUM
17:36:02.160 [FXGL Background Thread 3 ] DEBUG Engine               - gameDifficultyProperty: ObjectProperty [value: MEDIUM]
17:36:02.161 [FXGL Background Thread 3 ] DEBUG Engine               - globalMusicVolume: 0.5
17:36:02.161 [FXGL Background Thread 3 ] DEBUG Engine               - globalMusicVolumeProperty: DoubleProperty [value: 0.5]
17:36:02.161 [FXGL Background Thread 3 ] DEBUG Engine               - globalSoundVolume: 0.5
17:36:02.161 [FXGL Background Thread 3 ] DEBUG Engine               - globalSoundVolumeProperty: DoubleProperty [value: 0.5]
17:36:02.161 [FXGL Background Thread 3 ] DEBUG Engine               - height: 800
17:36:02.161 [FXGL Background Thread 3 ] DEBUG Engine               - is3D: false
17:36:02.161 [FXGL Background Thread 3 ] DEBUG Engine               - isAndroid: false
17:36:02.161 [FXGL Background Thread 3 ] DEBUG Engine               - isBrowser: false
17:36:02.161 [FXGL Background Thread 3 ] DEBUG Engine               - isClickFeedbackEnabled: false
17:36:02.162 [FXGL Background Thread 3 ] DEBUG Engine               - isCloseConfirmation: false
17:36:02.162 [FXGL Background Thread 3 ] DEBUG Engine               - isDesktop: true
17:36:02.162 [FXGL Background Thread 3 ] DEBUG Engine               - isDeveloperMenuEnabled: false
17:36:02.162 [FXGL Background Thread 3 ] DEBUG Engine               - isEmbedded: false
17:36:02.162 [FXGL Background Thread 3 ] DEBUG Engine               - isEntityPreloadEnabled: true
17:36:02.162 [FXGL Background Thread 3 ] DEBUG Engine               - isExperimentalTiledLargeMap: false
17:36:02.162 [FXGL Background Thread 3 ] DEBUG Engine               - isFileSystemWriteAllowed: true
17:36:02.162 [FXGL Background Thread 3 ] DEBUG Engine               - isFullScreenAllowed: false
17:36:02.162 [FXGL Background Thread 3 ] DEBUG Engine               - isFullScreenFromStart: false
17:36:02.163 [FXGL Background Thread 3 ] DEBUG Engine               - isGameMenuEnabled: true
17:36:02.163 [FXGL Background Thread 3 ] DEBUG Engine               - isIOS: false
17:36:02.163 [FXGL Background Thread 3 ] DEBUG Engine               - isIntroEnabled: false
17:36:02.163 [FXGL Background Thread 3 ] DEBUG Engine               - isLinux: false
17:36:02.163 [FXGL Background Thread 3 ] DEBUG Engine               - isMac: false
17:36:02.163 [FXGL Background Thread 3 ] DEBUG Engine               - isMainMenuEnabled: false
17:36:02.163 [FXGL Background Thread 3 ] DEBUG Engine               - isManualResizeEnabled: false
17:36:02.163 [FXGL Background Thread 3 ] DEBUG Engine               - isMobile: false
17:36:02.163 [FXGL Background Thread 3 ] DEBUG Engine               - isNative: false
17:36:02.163 [FXGL Background Thread 3 ] DEBUG Engine               - isPauseMusicWhenMinimized: true
17:36:02.164 [FXGL Background Thread 3 ] DEBUG Engine               - isPreserveResizeRatio: false
17:36:02.164 [FXGL Background Thread 3 ] DEBUG Engine               - isProfilingEnabled: false
17:36:02.164 [FXGL Background Thread 3 ] DEBUG Engine               - isScaleAffectedOnResize: true
17:36:02.164 [FXGL Background Thread 3 ] DEBUG Engine               - isSingleStep: false
17:36:02.164 [FXGL Background Thread 3 ] DEBUG Engine               - isUserProfileEnabled: false
17:36:02.164 [FXGL Background Thread 3 ] DEBUG Engine               - isWindows: true
17:36:02.164 [FXGL Background Thread 3 ] DEBUG Engine               - language: ObjectProperty [value: ENGLISH]
17:36:02.164 [FXGL Background Thread 3 ] DEBUG Engine               - menuKey: ESCAPE
17:36:02.164 [FXGL Background Thread 3 ] DEBUG Engine               - mouseSensitivity: 0.2
17:36:02.164 [FXGL Background Thread 3 ] DEBUG Engine               - notificationViewClass: class com.almasb.fxgl.notification.view.XboxNotificationView
17:36:02.165 [FXGL Background Thread 3 ] DEBUG Engine               - pixelsPerMeter: 50.0
17:36:02.165 [FXGL Background Thread 3 ] DEBUG Engine               - platform: WINDOWS
17:36:02.165 [FXGL Background Thread 3 ] DEBUG Engine               - prefHeightProperty: ReadOnlyDoubleProperty [value: 800.0]
17:36:02.165 [FXGL Background Thread 3 ] DEBUG Engine               - prefWidthProperty: ReadOnlyDoubleProperty [value: 1200.0]
17:36:02.165 [FXGL Background Thread 3 ] DEBUG Engine               - profileDir: profiles/
17:36:02.165 [FXGL Background Thread 3 ] DEBUG Engine               - profileName: StringProperty [value: DEFAULT]
17:36:02.165 [FXGL Background Thread 3 ] DEBUG Engine               - randomSeed: -1
17:36:02.166 [FXGL Background Thread 3 ] DEBUG Engine               - runtimeInfo: RuntimeInfo(platform=WINDOWS, version=17+dev-SNAPSHOT, build=22.04.2022 11.52)
17:36:02.166 [FXGL Background Thread 3 ] DEBUG Engine               - saveFileExt: sav
17:36:02.166 [FXGL Background Thread 3 ] DEBUG Engine               - scaledHeightProp$fxgl: DoubleProperty [bound, value: 800.0]
17:36:02.166 [FXGL Background Thread 3 ] DEBUG Engine               - scaledWidthProp$fxgl: DoubleProperty [bound, value: 1200.0]
17:36:02.166 [FXGL Background Thread 3 ] DEBUG Engine               - sceneFactory: com.almasb.fxgl.app.scene.SceneFactory@14f8a52f
17:36:02.166 [FXGL Background Thread 3 ] DEBUG Engine               - secondsIn24h: 60
17:36:02.166 [FXGL Background Thread 3 ] DEBUG Engine               - soundMenuBack: menu/back.wav
17:36:02.166 [FXGL Background Thread 3 ] DEBUG Engine               - soundMenuPress: menu/press.wav
17:36:02.166 [FXGL Background Thread 3 ] DEBUG Engine               - soundMenuSelect: menu/select.wav
17:36:02.167 [FXGL Background Thread 3 ] DEBUG Engine               - soundNotification: core/notification.wav
17:36:02.167 [FXGL Background Thread 3 ] DEBUG Engine               - stageStyle: DECORATED
17:36:02.167 [FXGL Background Thread 3 ] DEBUG Engine               - supportedLanguages: [ENGLISH, FRENCH, GERMAN, HUNGARIAN, RUSSIAN]
17:36:02.167 [FXGL Background Thread 3 ] DEBUG Engine               - ticksPerSecond: -1
17:36:02.167 [FXGL Background Thread 3 ] DEBUG Engine               - title: Pioneer-10
Giove
17:36:02.167 [FXGL Background Thread 3 ] DEBUG Engine               - urlGithub: https://github.com/AlmasB/FXGL
17:36:02.167 [FXGL Background Thread 3 ] DEBUG Engine               - urlLeaderboard: http://fxgl-top.herokuapp.com/
17:36:02.167 [FXGL Background Thread 3 ] DEBUG Engine               - urlPOM: https://raw.githubusercontent.com/AlmasB/FXGL/release/README.md
17:36:02.167 [FXGL Background Thread 3 ] DEBUG Engine               - userAppClass: class com.pioneer10.model.LivGiove
17:36:02.167 [FXGL Background Thread 3 ] DEBUG Engine               - version: 0.0
17:36:02.167 [FXGL Background Thread 3 ] DEBUG Engine               - versionCheckDays: 7
17:36:02.168 [FXGL Background Thread 3 ] DEBUG Engine               - width: 1200
17:36:02.168 [FXGL Background Thread 3 ] DEBUG Engine               - Logging services
17:36:02.168 [FXGL Background Thread 3 ] DEBUG Engine               - class com.almasb.fxgl.app.services.FXGLAssetLoaderService
17:36:02.168 [FXGL Background Thread 3 ] DEBUG Engine               - class com.almasb.fxgl.app.FXGLApplication$GameApplicationService
17:36:02.168 [FXGL Background Thread 3 ] DEBUG Engine               - class com.almasb.fxgl.app.services.FXGLDialogService
17:36:02.168 [FXGL Background Thread 3 ] DEBUG Engine               - class com.almasb.fxgl.app.services.IOTaskExecutorService
17:36:02.168 [FXGL Background Thread 3 ] DEBUG Engine               - class com.almasb.fxgl.io.FileSystemService
17:36:02.168 [FXGL Background Thread 3 ] DEBUG Engine               - class com.almasb.fxgl.localization.LocalizationService
17:36:02.168 [FXGL Background Thread 3 ] DEBUG Engine               - class com.almasb.fxgl.app.services.SystemBundleService
17:36:02.168 [FXGL Background Thread 3 ] DEBUG Engine               - class com.almasb.fxgl.profile.SaveLoadService
17:36:02.168 [FXGL Background Thread 3 ] DEBUG Engine               - class com.almasb.fxgl.ui.FXGLUIFactoryServiceProvider
17:36:02.169 [FXGL Background Thread 3 ] DEBUG Engine               - class com.almasb.fxgl.ui.FXGLDialogFactoryServiceProvider
17:36:02.169 [FXGL Background Thread 3 ] DEBUG Engine               - class com.almasb.fxgl.audio.AudioPlayer
17:36:02.169 [FXGL Background Thread 3 ] DEBUG Engine               - class com.almasb.fxgl.notification.impl.NotificationServiceProvider
17:36:02.169 [FXGL Background Thread 3 ] DEBUG Engine               - class com.almasb.fxgl.achievement.AchievementService
17:36:02.169 [FXGL Background Thread 3 ] DEBUG Engine               - class com.almasb.fxgl.cutscene.CutsceneService
17:36:02.169 [FXGL Background Thread 3 ] DEBUG Engine               - class com.almasb.fxgl.minigames.MiniGameService
17:36:02.169 [FXGL Background Thread 3 ] DEBUG Engine               - class com.almasb.fxgl.net.NetService
17:36:02.169 [FXGL Background Thread 3 ] DEBUG Engine               - class com.almasb.fxgl.app.services.UpdaterService
17:36:02.169 [FXGL Background Thread 3 ] DEBUG Engine               - class com.almasb.fxgl.dev.DevService
17:36:10.292 [JavaFX Application Thread] WARN  GameWorld            - Attempted to remove entity which is not active
17:36:27.140 [JavaFX Application Thread] WARN  GameWorld            - Attempted to remove entity which is not active
17:37:19.145 [JavaFX Application Thread] DEBUG FXGLApplication      - Exiting FXGL
17:37:19.146 [JavaFX Application Thread] DEBUG LoopRunner           - Stopping loop
17:37:19.146 [JavaFX Application Thread] DEBUG SystemBundleService  - Saving FXGL system data
17:37:19.148 [JavaFX Application Thread] DEBUG FileSystemAccess     - Writing to: D:\FERMI-FEDE\4BIF_2021-2022\Informatica\gioco\system\fxgl.bundle
17:37:19.150 [JavaFX Application Thread] DEBUG Async                - Shutting down background threads
17:37:19.150 [JavaFX Application Thread] DEBUG PrimaryStageWindow   - Closing main window
17:37:19.160 [JavaFX Application Thread] DEBUG Logger               - Closing Logger
