17:51:43.798 [main                     ] DEBUG Logger               - Configured Logger
17:51:43.861 [main                     ] DEBUG GameApplication      - Logging settings
Title: Pioneer-10
Terra
Version: 0.0
Width: 1200
Height: 640
Fullscreen: false
Intro: false
Profiling: false
Single step:false
App Mode: DEVELOPER
Menu Key: ESCAPE
Stage Style: DECORATED
Scene Factory: class com.almasb.fxgl.app.scene.SceneFactory

17:51:44.296 [JavaFX Application Thread] DEBUG FXGLApplication      - Initializing FXGL
17:51:44.305 [JavaFX Application Thread] INFO  Engine               - FXGL-17+dev-SNAPSHOT (22.04.2022 11.52) on WINDOWS (J:17 FX:18)
17:51:44.305 [JavaFX Application Thread] DEBUG Engine               - JRE Vendor Name: Oracle Corporation
17:51:44.306 [JavaFX Application Thread] DEBUG Engine               - Running on OS: Windows 10 version 10.0
17:51:44.306 [JavaFX Application Thread] DEBUG Engine               - Architecture: amd64
17:51:44.306 [JavaFX Application Thread] INFO  Engine               - Source code and latest versions at: https://github.com/AlmasB/FXGL
17:51:44.306 [JavaFX Application Thread] INFO  Engine               -       Ask questions and discuss at: https://github.com/AlmasB/FXGL/discussions
17:51:44.307 [JavaFX Application Thread] INFO  Engine               -              Join the FXGL chat at: https://gitter.im/AlmasB/FXGL
17:51:44.430 [JavaFX Application Thread] DEBUG PrimaryStageWindow   - Creating a JavaFX scene
17:51:44.491 [JavaFX Application Thread] DEBUG PrimaryStageWindow   - Target settings size: 1200.0 x 640.0
17:51:44.491 [JavaFX Application Thread] DEBUG PrimaryStageWindow   - Scaled scene size:    1200.0 x 640.0
17:51:44.491 [JavaFX Application Thread] DEBUG PrimaryStageWindow   - Scaled ratio: (1.0, 1.0)
17:51:44.493 [JavaFX Application Thread] DEBUG PrimaryStageWindow   - Set initial scene to FXGLStartupScene
17:51:44.501 [JavaFX Application Thread] DEBUG PrimaryStageWindow   - Opening main window
17:51:44.610 [JavaFX Application Thread] DEBUG PrimaryStageWindow   - Window border size: (14.4000244140625, 37.5999755859375)
17:51:44.611 [JavaFX Application Thread] DEBUG PrimaryStageWindow   - Scaled size: 1200.0 x 640.0
17:51:44.612 [JavaFX Application Thread] DEBUG PrimaryStageWindow   - Scaled ratio: (1.0, 1.0)
17:51:44.612 [JavaFX Application Thread] DEBUG PrimaryStageWindow   - Scene size: 1200.0 x 640.0
17:51:44.613 [JavaFX Application Thread] DEBUG PrimaryStageWindow   - Stage size: 1214.4000244140625 x 677.5999755859375
17:51:44.627 [FXGL Background Thread 1 ] DEBUG Engine               - Initializing environment variables
17:51:44.678 [FXGL Background Thread 1 ] DEBUG FXGLAssetLoaderServi - User app class for loading assets: class com.pioneer10.model.LivTerra
17:51:44.678 [FXGL Background Thread 1 ] DEBUG GameApplicationServi - Applying CSS: fxgl_dark.css
17:51:44.680 [FXGL Background Thread 1 ] DEBUG FXGLAssetLoaderServi - Loading from file system: jar:file:///C:/Users/mattu/.m2/repository/com/github/almasb/fxgl/17+dev-SNAPSHOT/fxgl-17+dev-20220422.115207-44.jar!/fxglassets/ui/css/fxgl_dark.css
17:51:44.750 [FXGL Background Thread 1 ] DEBUG GameApplicationServi - Initializing application scenes
17:51:44.795 [FXGL Background Thread 1 ] DEBUG GameWorld            - Game world initialized
17:51:44.894 [FXGL Background Thread 1 ] DEBUG PhysicsWorld         - Physics world initialized: appHeight=640, physics.ppm=50,0
17:51:44.895 [FXGL Background Thread 1 ] DEBUG PhysicsWorld         - Using strategy: BRUTE_FORCE
17:51:44.904 [FXGL Background Thread 1 ] DEBUG GameScene            - Game scene initialized: 1200x640
17:51:44.930 [FXGL Background Thread 1 ] DEBUG FXGL.DefaultMenu     - createMenuBodyGameMenu()
17:51:44.964 [FXGL Background Thread 1 ] DEBUG FXGL.DefaultMenu     - createOptionsMenu()
17:51:44.988 [FXGL Background Thread 1 ] DEBUG FXGLAssetLoaderServi - Loading from file system: jar:file:///C:/Users/mattu/.m2/repository/com/github/almasb/fxgl/17+dev-SNAPSHOT/fxgl-17+dev-20220422.115207-44.jar!/fxglassets/textures/particles/smoke.png
17:51:45.139 [FXGL Background Thread 1 ] DEBUG FXGLAssetLoaderServi - Loading from file system: jar:file:///C:/Users/mattu/.m2/repository/com/github/almasb/fxgl/17+dev-SNAPSHOT/fxgl-17+dev-20220422.115207-44.jar!/fxglassets/textures/particles/trace_horizontal.png
17:51:45.180 [FXGL Background Thread 1 ] DEBUG GameApplicationServi - Application scenes initialized
17:51:45.201 [FXGL Background Thread 1 ] DEBUG SystemBundleService  - Loading FXGL system data
17:51:45.209 [FXGL Background Thread 1 ] DEBUG FileSystemAccess     - Reading from: D:\FERMI-FEDE\4BIF_2021-2022\Informatica\gioco\system\fxgl.bundle
17:51:45.219 [FXGL Background Thread 1 ] DEBUG SystemBundleService  - Bundle FXGL: {}
17:51:45.219 [FXGL Background Thread 1 ] DEBUG UpdaterService       - Checking for updates
17:51:45.229 [FXGL Background Thread 1 ] DEBUG FXGLApplication      - Loading default localization
17:51:45.230 [FXGL Background Thread 1 ] DEBUG FXGLAssetLoaderServi - Loading from file system: jar:file:///C:/Users/mattu/.m2/repository/com/github/almasb/fxgl/17+dev-SNAPSHOT/fxgl-17+dev-20220422.115207-44.jar!/fxglassets/languages/english.lang
17:51:45.257 [FXGL Background Thread 1 ] INFO  FXGLApplication      - FXGL initialization took: 0,630 sec
17:51:45.274 [JavaFX Application Thread] DEBUG Input                - Registered new binding: Left - A
17:51:45.275 [JavaFX Application Thread] DEBUG Input                - Registered new binding: Right - D
17:51:45.275 [JavaFX Application Thread] DEBUG Input                - Registered new binding: Jump - Space
17:51:45.276 [JavaFX Application Thread] DEBUG FXGLAssetLoaderServi - Loading from file system: file:/D:/FERMI-FEDE/4BIF_2021-2022/Informatica/gioco/target/classes/assets/music/Minecraft.mp3
17:51:45.329 [FXGL Background Thread 4 ] DEBUG FXGLApplication      - Loading fonts
17:51:45.334 [FXGL Background Thread 4 ] DEBUG FXGLAssetLoaderServi - Loading from file system: jar:file:///C:/Users/mattu/.m2/repository/com/github/almasb/fxgl/17+dev-SNAPSHOT/fxgl-17+dev-20220422.115207-44.jar!/fxglassets/ui/fonts/VarelaRound-Regular.ttf
17:51:45.444 [FXGL Background Thread 4 ] DEBUG FXGLAssetLoaderServi - Loading from file system: jar:file:///C:/Users/mattu/.m2/repository/com/github/almasb/fxgl/17+dev-SNAPSHOT/fxgl-17+dev-20220422.115207-44.jar!/fxglassets/ui/fonts/Abel-Regular.ttf
17:51:45.450 [FXGL Background Thread 4 ] DEBUG FXGLAssetLoaderServi - Loading from file system: jar:file:///C:/Users/mattu/.m2/repository/com/github/almasb/fxgl/17+dev-SNAPSHOT/fxgl-17+dev-20220422.115207-44.jar!/fxglassets/ui/fonts/TerminalLandMono-Regular.otf
17:51:45.458 [FXGL Background Thread 4 ] DEBUG FXGLAssetLoaderServi - Loading from file system: jar:file:///C:/Users/mattu/.m2/repository/com/github/almasb/fxgl/17+dev-SNAPSHOT/fxgl-17+dev-20220422.115207-44.jar!/fxglassets/ui/fonts/Courier-Prime.ttf
17:51:45.575 [JavaFX Application Thread] DEBUG AudioPlayer          - Playing music com.almasb.fxgl.audio.Music@680cf38c
17:51:45.576 [JavaFX Application Thread] DEBUG FXGLAssetLoaderServi - Loading from file system: jar:file:///C:/Users/mattu/.m2/repository/com/github/almasb/fxgl/17+dev-SNAPSHOT/fxgl-17+dev-20220422.115207-44.jar!/fxglassets/textures/fxgl_icon.png
17:51:45.615 [JavaFX Application Thread] DEBUG FXGLAssetLoaderServi - Loading from file system: jar:file:///C:/Users/mattu/.m2/repository/com/github/almasb/fxgl/17+dev-SNAPSHOT/fxgl-17+dev-20220422.115207-44.jar!/fxglassets/textures/fxgl_default_cursor.png
17:51:45.618 [JavaFX Application Thread] DEBUG Input                - Registered new binding: Screenshot - CTRL+8
17:51:45.619 [JavaFX Application Thread] DEBUG Input                - Registered new binding: System info dump - CTRL+9
17:51:45.620 [JavaFX Application Thread] DEBUG Input                - Registered new binding: Restart - CTRL+R
17:51:45.621 [JavaFX Application Thread] DEBUG Input                - Registered new binding: Toggle Debug Camera - CTRL+7
17:51:45.625 [JavaFX Application Thread] DEBUG LoopRunner           - Starting loop
17:51:45.625 [JavaFX Application Thread] DEBUG LoopRunner           - Initializing JavaFX AnimationTimerLoop
17:51:45.627 [JavaFX Application Thread] DEBUG GameApplicationServi - Starting new game
17:51:45.629 [JavaFX Application Thread] DEBUG Input                - Clearing active input actions
17:51:45.644 [JavaFX Application Thread] DEBUG GameApplicationServi - Removing overlay from FXGLStartupScene and adding to FXGLLoadingScene
17:51:45.644 [JavaFX Application Thread] DEBUG PrimaryStageWindow   - FXGLStartupScene -> FXGLLoadingScene
17:51:45.645 [JavaFX Application Thread] DEBUG GameApplicationServi - Clearing previous game
17:51:45.645 [JavaFX Application Thread] DEBUG GameScene            - Clearing game scene
17:51:45.645 [JavaFX Application Thread] DEBUG GameWorld            - Clearing game world
17:51:45.645 [JavaFX Application Thread] DEBUG PhysicsWorld         - Clearing physics world
17:51:45.648 [FXGL Background Thread 4 ] DEBUG FXGLApplication      - Initializing game
17:51:45.649 [JavaFX Application Thread] DEBUG FXGLApplication      - Registering font factories with UI factory
17:51:45.715 [FXGL Background Thread 4 ] WARN  TMXLevelLoader       - TiledMap generated from 1.8.4. Supported version: 1.4.2. Some features may not be parsed fully.
17:51:45.762 [FXGL Background Thread 4 ] DEBUG TMXLevelLoader       - Parsed TiledMap: file:/D:/FERMI-FEDE/4BIF_2021-2022/Informatica/gioco/target/classes/assets/levels/Terra/MappaTerra.tmx
17:51:45.763 [FXGL Background Thread 4 ] DEBUG TMXLevelLoader       - Creating tile layer entities
17:51:45.766 [FXGL Background Thread 4 ] DEBUG TilesetLoader        - Loading view for layer Livello tile 1
17:51:45.771 [FXGL Background Thread 4 ] DEBUG TilesetLoader        - Created buffer with size 4800.0x640.0
17:51:45.842 [FXGL Background Thread 4 ] WARN  TilesetLoader        - Diagonally flipped tiles are not currently supported
17:51:45.859 [FXGL Background Thread 4 ] WARN  TilesetLoader        - Diagonally flipped tiles are not currently supported
17:51:45.860 [FXGL Background Thread 4 ] WARN  TilesetLoader        - Diagonally flipped tiles are not currently supported
17:51:45.930 [FXGL Background Thread 4 ] WARN  TilesetLoader        - Diagonally flipped tiles are not currently supported
17:51:45.942 [FXGL Background Thread 4 ] WARN  TilesetLoader        - Diagonally flipped tiles are not currently supported
17:51:45.944 [FXGL Background Thread 4 ] DEBUG TilesetLoader        - Loading view for layer Livello tile 2
17:51:45.951 [FXGL Background Thread 4 ] DEBUG TilesetLoader        - Created buffer with size 4800.0x640.0
17:51:45.954 [FXGL Background Thread 4 ] DEBUG TilesetLoader        - Loading view for layer Livello tile 3
17:51:45.962 [FXGL Background Thread 4 ] DEBUG TilesetLoader        - Created buffer with size 4800.0x640.0
17:51:45.963 [FXGL Background Thread 4 ] DEBUG TMXLevelLoader       - Creating object layer entities
17:51:46.003 [FXGL Background Thread 2 ] INFO  UpdaterService       - Your current version:  17+dev-SNAPSHOT
17:51:46.003 [FXGL Background Thread 2 ] INFO  UpdaterService       - Latest stable version: 17.1
17:51:46.204 [FXGL Background Thread 4 ] DEBUG GameWorld            - Clearing removable entities
17:51:46.205 [FXGL Background Thread 4 ] DEBUG GameWorld            - Setting level: com.almasb.fxgl.entity.level.Level@5a91117c
17:51:46.301 [FXGL Background Thread 4 ] INFO  FXGLApplication      - Game initialization took: 0,652 sec
17:51:46.303 [JavaFX Application Thread] DEBUG Input                - Clearing active input actions
17:51:46.322 [JavaFX Application Thread] DEBUG GameApplicationServi - Removing overlay from FXGLLoadingScene and adding to GameScene
17:51:46.322 [JavaFX Application Thread] DEBUG PrimaryStageWindow   - FXGLLoadingScene -> GameScene
17:51:48.227 [FXGL Background Thread 3 ] DEBUG Engine               - Logging environment variables
17:51:48.228 [FXGL Background Thread 3 ] DEBUG Engine               - achievements: []
17:51:48.228 [FXGL Background Thread 3 ] DEBUG Engine               - actualHeight: 640.0
17:51:48.228 [FXGL Background Thread 3 ] DEBUG Engine               - actualHeightProperty: ReadOnlyDoubleProperty [value: 640.0]
17:51:48.229 [FXGL Background Thread 3 ] DEBUG Engine               - actualWidth: 1200.0
17:51:48.229 [FXGL Background Thread 3 ] DEBUG Engine               - actualWidthProperty: ReadOnlyDoubleProperty [value: 1200.0]
17:51:48.229 [FXGL Background Thread 3 ] DEBUG Engine               - appIcon: fxgl_icon.png
17:51:48.229 [FXGL Background Thread 3 ] DEBUG Engine               - applicationMode: DEVELOPER
17:51:48.229 [FXGL Background Thread 3 ] DEBUG Engine               - cSSList: [fxgl_dark.css]
17:51:48.230 [FXGL Background Thread 3 ] DEBUG Engine               - collisionDetectionStrategy: BRUTE_FORCE
17:51:48.230 [FXGL Background Thread 3 ] DEBUG Engine               - configClass: Optional.empty
17:51:48.230 [FXGL Background Thread 3 ] DEBUG Engine               - credits: []
17:51:48.231 [FXGL Background Thread 3 ] DEBUG Engine               - defaultCursor: CursorInfo(imageName=fxgl_default_cursor.png, hotspotX=7.0, hotspotY=6.0)
17:51:48.231 [FXGL Background Thread 3 ] DEBUG Engine               - devBBoxColorProperty: ObjectProperty [value: 0xff0000ff]
17:51:48.231 [FXGL Background Thread 3 ] DEBUG Engine               - devEnableDebugCameraProperty: BooleanProperty [value: false]
17:51:48.231 [FXGL Background Thread 3 ] DEBUG Engine               - devSensorColorProperty: ObjectProperty [value: 0xffff00ff]
17:51:48.232 [FXGL Background Thread 3 ] DEBUG Engine               - devShowBBoxProperty: BooleanProperty [value: false]
17:51:48.232 [FXGL Background Thread 3 ] DEBUG Engine               - devShowPositionProperty: BooleanProperty [value: false]
17:51:48.232 [FXGL Background Thread 3 ] DEBUG Engine               - enabledMenuItems: []
17:51:48.232 [FXGL Background Thread 3 ] DEBUG Engine               - engineServices: [class com.almasb.fxgl.app.services.FXGLAssetLoaderService, class com.almasb.fxgl.app.FXGLApplication$GameApplicationService, class com.almasb.fxgl.app.services.FXGLDialogService, class com.almasb.fxgl.app.services.IOTaskExecutorService, class com.almasb.fxgl.io.FileSystemService, class com.almasb.fxgl.localization.LocalizationService, class com.almasb.fxgl.app.services.SystemBundleService, class com.almasb.fxgl.profile.SaveLoadService, class com.almasb.fxgl.ui.FXGLUIFactoryServiceProvider, class com.almasb.fxgl.ui.FXGLDialogFactoryServiceProvider, class com.almasb.fxgl.audio.AudioPlayer, class com.almasb.fxgl.notification.impl.NotificationServiceProvider, class com.almasb.fxgl.achievement.AchievementService, class com.almasb.fxgl.cutscene.CutsceneService, class com.almasb.fxgl.minigames.MiniGameService, class com.almasb.fxgl.net.NetService, class com.almasb.fxgl.app.services.UpdaterService, class com.almasb.fxgl.dev.DevService]
17:51:48.233 [FXGL Background Thread 3 ] DEBUG Engine               - fontGame: Abel-Regular.ttf
17:51:48.233 [FXGL Background Thread 3 ] DEBUG Engine               - fontMono: TerminalLandMono-Regular.otf
17:51:48.233 [FXGL Background Thread 3 ] DEBUG Engine               - fontText: Courier-Prime.ttf
17:51:48.233 [FXGL Background Thread 3 ] DEBUG Engine               - fontUI: VarelaRound-Regular.ttf
17:51:48.233 [FXGL Background Thread 3 ] DEBUG Engine               - fullScreen: BooleanProperty [value: false]
17:51:48.234 [FXGL Background Thread 3 ] DEBUG Engine               - gameDifficulty: MEDIUM
17:51:48.234 [FXGL Background Thread 3 ] DEBUG Engine               - gameDifficultyProperty: ObjectProperty [value: MEDIUM]
17:51:48.234 [FXGL Background Thread 3 ] DEBUG Engine               - globalMusicVolume: 0.5
17:51:48.234 [FXGL Background Thread 3 ] DEBUG Engine               - globalMusicVolumeProperty: DoubleProperty [value: 0.25]
17:51:48.234 [FXGL Background Thread 3 ] DEBUG Engine               - globalSoundVolume: 0.5
17:51:48.235 [FXGL Background Thread 3 ] DEBUG Engine               - globalSoundVolumeProperty: DoubleProperty [value: 0.5]
17:51:48.235 [FXGL Background Thread 3 ] DEBUG Engine               - height: 640
17:51:48.235 [FXGL Background Thread 3 ] DEBUG Engine               - is3D: false
17:51:48.235 [FXGL Background Thread 3 ] DEBUG Engine               - isAndroid: false
17:51:48.235 [FXGL Background Thread 3 ] DEBUG Engine               - isBrowser: false
17:51:48.236 [FXGL Background Thread 3 ] DEBUG Engine               - isClickFeedbackEnabled: false
17:51:48.236 [FXGL Background Thread 3 ] DEBUG Engine               - isCloseConfirmation: false
17:51:48.236 [FXGL Background Thread 3 ] DEBUG Engine               - isDesktop: true
17:51:48.236 [FXGL Background Thread 3 ] DEBUG Engine               - isDeveloperMenuEnabled: false
17:51:48.236 [FXGL Background Thread 3 ] DEBUG Engine               - isEmbedded: false
17:51:48.236 [FXGL Background Thread 3 ] DEBUG Engine               - isEntityPreloadEnabled: true
17:51:48.236 [FXGL Background Thread 3 ] DEBUG Engine               - isExperimentalTiledLargeMap: false
17:51:48.236 [FXGL Background Thread 3 ] DEBUG Engine               - isFileSystemWriteAllowed: true
17:51:48.237 [FXGL Background Thread 3 ] DEBUG Engine               - isFullScreenAllowed: false
17:51:48.237 [FXGL Background Thread 3 ] DEBUG Engine               - isFullScreenFromStart: false
17:51:48.237 [FXGL Background Thread 3 ] DEBUG Engine               - isGameMenuEnabled: true
17:51:48.237 [FXGL Background Thread 3 ] DEBUG Engine               - isIOS: false
17:51:48.237 [FXGL Background Thread 3 ] DEBUG Engine               - isIntroEnabled: false
17:51:48.237 [FXGL Background Thread 3 ] DEBUG Engine               - isLinux: false
17:51:48.237 [FXGL Background Thread 3 ] DEBUG Engine               - isMac: false
17:51:48.237 [FXGL Background Thread 3 ] DEBUG Engine               - isMainMenuEnabled: false
17:51:48.238 [FXGL Background Thread 3 ] DEBUG Engine               - isManualResizeEnabled: false
17:51:48.238 [FXGL Background Thread 3 ] DEBUG Engine               - isMobile: false
17:51:48.238 [FXGL Background Thread 3 ] DEBUG Engine               - isNative: false
17:51:48.238 [FXGL Background Thread 3 ] DEBUG Engine               - isPauseMusicWhenMinimized: true
17:51:48.238 [FXGL Background Thread 3 ] DEBUG Engine               - isPreserveResizeRatio: false
17:51:48.238 [FXGL Background Thread 3 ] DEBUG Engine               - isProfilingEnabled: false
17:51:48.238 [FXGL Background Thread 3 ] DEBUG Engine               - isScaleAffectedOnResize: true
17:51:48.238 [FXGL Background Thread 3 ] DEBUG Engine               - isSingleStep: false
17:51:48.238 [FXGL Background Thread 3 ] DEBUG Engine               - isUserProfileEnabled: false
17:51:48.238 [FXGL Background Thread 3 ] DEBUG Engine               - isWindows: true
17:51:48.239 [FXGL Background Thread 3 ] DEBUG Engine               - language: ObjectProperty [value: ENGLISH]
17:51:48.239 [FXGL Background Thread 3 ] DEBUG Engine               - menuKey: ESCAPE
17:51:48.239 [FXGL Background Thread 3 ] DEBUG Engine               - mouseSensitivity: 0.2
17:51:48.239 [FXGL Background Thread 3 ] DEBUG Engine               - notificationViewClass: class com.almasb.fxgl.notification.view.XboxNotificationView
17:51:48.239 [FXGL Background Thread 3 ] DEBUG Engine               - pixelsPerMeter: 50.0
17:51:48.239 [FXGL Background Thread 3 ] DEBUG Engine               - platform: WINDOWS
17:51:48.239 [FXGL Background Thread 3 ] DEBUG Engine               - prefHeightProperty: ReadOnlyDoubleProperty [value: 640.0]
17:51:48.239 [FXGL Background Thread 3 ] DEBUG Engine               - prefWidthProperty: ReadOnlyDoubleProperty [value: 1200.0]
17:51:48.240 [FXGL Background Thread 3 ] DEBUG Engine               - profileDir: profiles/
17:51:48.240 [FXGL Background Thread 3 ] DEBUG Engine               - profileName: StringProperty [value: DEFAULT]
17:51:48.240 [FXGL Background Thread 3 ] DEBUG Engine               - randomSeed: -1
17:51:48.240 [FXGL Background Thread 3 ] DEBUG Engine               - runtimeInfo: RuntimeInfo(platform=WINDOWS, version=17+dev-SNAPSHOT, build=22.04.2022 11.52)
17:51:48.241 [FXGL Background Thread 3 ] DEBUG Engine               - saveFileExt: sav
17:51:48.241 [FXGL Background Thread 3 ] DEBUG Engine               - scaledHeightProp$fxgl: DoubleProperty [bound, value: 640.0]
17:51:48.241 [FXGL Background Thread 3 ] DEBUG Engine               - scaledWidthProp$fxgl: DoubleProperty [bound, value: 1200.0]
17:51:48.241 [FXGL Background Thread 3 ] DEBUG Engine               - sceneFactory: com.almasb.fxgl.app.scene.SceneFactory@14f8a52f
17:51:48.242 [FXGL Background Thread 3 ] DEBUG Engine               - secondsIn24h: 60
17:51:48.242 [FXGL Background Thread 3 ] DEBUG Engine               - soundMenuBack: menu/back.wav
17:51:48.242 [FXGL Background Thread 3 ] DEBUG Engine               - soundMenuPress: menu/press.wav
17:51:48.242 [FXGL Background Thread 3 ] DEBUG Engine               - soundMenuSelect: menu/select.wav
17:51:48.242 [FXGL Background Thread 3 ] DEBUG Engine               - soundNotification: core/notification.wav
17:51:48.243 [FXGL Background Thread 3 ] DEBUG Engine               - stageStyle: DECORATED
17:51:48.243 [FXGL Background Thread 3 ] DEBUG Engine               - supportedLanguages: [ENGLISH, FRENCH, GERMAN, HUNGARIAN, RUSSIAN]
17:51:48.243 [FXGL Background Thread 3 ] DEBUG Engine               - ticksPerSecond: -1
17:51:48.243 [FXGL Background Thread 3 ] DEBUG Engine               - title: Pioneer-10
Terra
17:51:48.243 [FXGL Background Thread 3 ] DEBUG Engine               - urlGithub: https://github.com/AlmasB/FXGL
17:51:48.243 [FXGL Background Thread 3 ] DEBUG Engine               - urlLeaderboard: http://fxgl-top.herokuapp.com/
17:51:48.243 [FXGL Background Thread 3 ] DEBUG Engine               - urlPOM: https://raw.githubusercontent.com/AlmasB/FXGL/release/README.md
17:51:48.244 [FXGL Background Thread 3 ] DEBUG Engine               - userAppClass: class com.pioneer10.model.LivTerra
17:51:48.244 [FXGL Background Thread 3 ] DEBUG Engine               - version: 0.0
17:51:48.244 [FXGL Background Thread 3 ] DEBUG Engine               - versionCheckDays: 7
17:51:48.244 [FXGL Background Thread 3 ] DEBUG Engine               - width: 1200
17:51:48.244 [FXGL Background Thread 3 ] DEBUG Engine               - Logging services
17:51:48.244 [FXGL Background Thread 3 ] DEBUG Engine               - class com.almasb.fxgl.app.services.FXGLAssetLoaderService
17:51:48.244 [FXGL Background Thread 3 ] DEBUG Engine               - class com.almasb.fxgl.app.FXGLApplication$GameApplicationService
17:51:48.244 [FXGL Background Thread 3 ] DEBUG Engine               - class com.almasb.fxgl.app.services.FXGLDialogService
17:51:48.244 [FXGL Background Thread 3 ] DEBUG Engine               - class com.almasb.fxgl.app.services.IOTaskExecutorService
17:51:48.245 [FXGL Background Thread 3 ] DEBUG Engine               - class com.almasb.fxgl.io.FileSystemService
17:51:48.245 [FXGL Background Thread 3 ] DEBUG Engine               - class com.almasb.fxgl.localization.LocalizationService
17:51:48.245 [FXGL Background Thread 3 ] DEBUG Engine               - class com.almasb.fxgl.app.services.SystemBundleService
17:51:48.245 [FXGL Background Thread 3 ] DEBUG Engine               - class com.almasb.fxgl.profile.SaveLoadService
17:51:48.245 [FXGL Background Thread 3 ] DEBUG Engine               - class com.almasb.fxgl.ui.FXGLUIFactoryServiceProvider
17:51:48.245 [FXGL Background Thread 3 ] DEBUG Engine               - class com.almasb.fxgl.ui.FXGLDialogFactoryServiceProvider
17:51:48.245 [FXGL Background Thread 3 ] DEBUG Engine               - class com.almasb.fxgl.audio.AudioPlayer
17:51:48.245 [FXGL Background Thread 3 ] DEBUG Engine               - class com.almasb.fxgl.notification.impl.NotificationServiceProvider
17:51:48.245 [FXGL Background Thread 3 ] DEBUG Engine               - class com.almasb.fxgl.achievement.AchievementService
17:51:48.246 [FXGL Background Thread 3 ] DEBUG Engine               - class com.almasb.fxgl.cutscene.CutsceneService
17:51:48.246 [FXGL Background Thread 3 ] DEBUG Engine               - class com.almasb.fxgl.minigames.MiniGameService
17:51:48.246 [FXGL Background Thread 3 ] DEBUG Engine               - class com.almasb.fxgl.net.NetService
17:51:48.246 [FXGL Background Thread 3 ] DEBUG Engine               - class com.almasb.fxgl.app.services.UpdaterService
17:51:48.246 [FXGL Background Thread 3 ] DEBUG Engine               - class com.almasb.fxgl.dev.DevService
17:52:11.083 [JavaFX Application Thread] DEBUG PrimaryStageWindow   - Push state: DialogSubScene
17:52:11.083 [JavaFX Application Thread] DEBUG Input                - Clearing active input actions
17:52:11.086 [JavaFX Application Thread] DEBUG GameApplicationServi - Removing overlay from GameScene and adding to DialogSubScene
17:52:11.087 [JavaFX Application Thread] DEBUG PrimaryStageWindow   - GameScene -> DialogSubScene
17:52:12.560 [JavaFX Application Thread] DEBUG PrimaryStageWindow   - Pop state: DialogSubScene
17:52:12.560 [JavaFX Application Thread] DEBUG Input                - Clearing active input actions
17:52:12.561 [JavaFX Application Thread] DEBUG GameApplicationServi - Removing overlay from DialogSubScene and adding to GameScene
17:52:12.561 [JavaFX Application Thread] DEBUG PrimaryStageWindow   - GameScene <- DialogSubScene
17:52:12.570 [JavaFX Application Thread] DEBUG PrimaryStageWindow   - Push state: DialogSubScene
17:52:12.570 [JavaFX Application Thread] DEBUG Input                - Clearing active input actions
17:52:12.571 [JavaFX Application Thread] DEBUG GameApplicationServi - Removing overlay from GameScene and adding to DialogSubScene
17:52:12.571 [JavaFX Application Thread] DEBUG PrimaryStageWindow   - GameScene -> DialogSubScene
17:52:14.472 [JavaFX Application Thread] DEBUG FXGLApplication      - Exiting FXGL
17:52:14.473 [JavaFX Application Thread] DEBUG LoopRunner           - Stopping loop
17:52:14.473 [JavaFX Application Thread] DEBUG SystemBundleService  - Saving FXGL system data
17:52:14.475 [JavaFX Application Thread] DEBUG FileSystemAccess     - Writing to: D:\FERMI-FEDE\4BIF_2021-2022\Informatica\gioco\system\fxgl.bundle
17:52:14.477 [JavaFX Application Thread] DEBUG Async                - Shutting down background threads
17:52:14.478 [JavaFX Application Thread] DEBUG PrimaryStageWindow   - Closing main window
17:52:14.491 [JavaFX Application Thread] DEBUG Logger               - Closing Logger
